[0.596s] DEBUG:colcon:Command line arguments: ['/usr/bin/colcon', 'build']
[0.597s] DEBUG:colcon:Parsed command line arguments: Namespace(log_base=None, log_level=None, verb_name='build', build_base='build', install_base='install', merge_install=False, symlink_install=False, test_result_base=None, continue_on_error=False, executor='parallel', parallel_workers=6, event_handlers=None, ignore_user_meta=False, metas=['./colcon.meta'], base_paths=['.'], packages_ignore=None, packages_ignore_regex=None, paths=None, packages_up_to=None, packages_up_to_regex=None, packages_above=None, packages_above_and_dependencies=None, packages_above_depth=None, packages_select_by_dep=None, packages_skip_by_dep=None, packages_skip_up_to=None, packages_select_build_failed=False, packages_skip_build_finished=False, packages_select_test_failures=False, packages_skip_test_passed=False, packages_select=None, packages_skip=None, packages_select_regex=None, packages_skip_regex=None, packages_start=None, packages_end=None, cmake_args=None, cmake_target=None, cmake_target_skip_unavailable=False, cmake_clean_cache=False, cmake_clean_first=False, cmake_force_configure=False, ament_cmake_args=None, catkin_cmake_args=None, catkin_skip_building_tests=False, verb_parser=<colcon_defaults.argument_parser.defaults.DefaultArgumentsDecorator object at 0xffff8bef2680>, verb_extension=<colcon_core.verb.build.BuildVerb object at 0xffff8bef2200>, main=<bound method BuildVerb.main of <colcon_core.verb.build.BuildVerb object at 0xffff8bef2200>>)
[0.740s] Level 1:colcon.colcon_core.package_discovery:discover_packages(colcon_meta) check parameters
[0.740s] Level 1:colcon.colcon_core.package_discovery:discover_packages(recursive) check parameters
[0.741s] Level 1:colcon.colcon_core.package_discovery:discover_packages(ignore) check parameters
[0.741s] Level 1:colcon.colcon_core.package_discovery:discover_packages(path) check parameters
[0.741s] Level 1:colcon.colcon_core.package_discovery:discover_packages(colcon_meta) discover
[0.741s] Level 1:colcon.colcon_core.package_discovery:discover_packages(recursive) discover
[0.741s] INFO:colcon.colcon_core.package_discovery:Crawling recursively for packages in '/workspaces/drone_home-dev/drone-home/ros2_ws'
[0.741s] Level 1:colcon.colcon_core.package_identification:_identify(.) by extensions ['ignore', 'ignore_ament_install']
[0.742s] Level 1:colcon.colcon_core.package_identification:_identify(.) by extension 'ignore'
[0.742s] Level 1:colcon.colcon_core.package_identification:_identify(.) by extension 'ignore_ament_install'
[0.742s] Level 1:colcon.colcon_core.package_identification:_identify(.) by extensions ['colcon_pkg']
[0.742s] Level 1:colcon.colcon_core.package_identification:_identify(.) by extension 'colcon_pkg'
[0.742s] Level 1:colcon.colcon_core.package_identification:_identify(.) by extensions ['colcon_meta']
[0.742s] Level 1:colcon.colcon_core.package_identification:_identify(.) by extension 'colcon_meta'
[0.742s] Level 1:colcon.colcon_core.package_identification:_identify(.) by extensions ['ros']
[0.743s] Level 1:colcon.colcon_core.package_identification:_identify(.) by extension 'ros'
[0.789s] Level 1:colcon.colcon_core.package_identification:_identify(.) by extensions ['cmake', 'python']
[0.789s] Level 1:colcon.colcon_core.package_identification:_identify(.) by extension 'cmake'
[0.790s] Level 1:colcon.colcon_core.package_identification:_identify(.) by extension 'python'
[0.790s] Level 1:colcon.colcon_core.package_identification:_identify(.) by extensions ['python_setup_py']
[0.790s] Level 1:colcon.colcon_core.package_identification:_identify(.) by extension 'python_setup_py'
[0.790s] Level 1:colcon.colcon_core.package_identification:_identify(build) by extensions ['ignore', 'ignore_ament_install']
[0.790s] Level 1:colcon.colcon_core.package_identification:_identify(build) by extension 'ignore'
[0.791s] Level 1:colcon.colcon_core.package_identification:_identify(build) ignored
[0.791s] Level 1:colcon.colcon_core.package_identification:_identify(custom_messages) by extensions ['ignore', 'ignore_ament_install']
[0.791s] Level 1:colcon.colcon_core.package_identification:_identify(custom_messages) by extension 'ignore'
[0.791s] Level 1:colcon.colcon_core.package_identification:_identify(custom_messages) by extension 'ignore_ament_install'
[0.792s] Level 1:colcon.colcon_core.package_identification:_identify(custom_messages) by extensions ['colcon_pkg']
[0.792s] Level 1:colcon.colcon_core.package_identification:_identify(custom_messages) by extension 'colcon_pkg'
[0.792s] Level 1:colcon.colcon_core.package_identification:_identify(custom_messages) by extensions ['colcon_meta']
[0.792s] Level 1:colcon.colcon_core.package_identification:_identify(custom_messages) by extension 'colcon_meta'
[0.792s] Level 1:colcon.colcon_core.package_identification:_identify(custom_messages) by extensions ['ros']
[0.792s] Level 1:colcon.colcon_core.package_identification:_identify(custom_messages) by extension 'ros'
[0.816s] DEBUG:colcon.colcon_core.package_identification:Package 'custom_messages' with type 'ros.ament_cmake' and name 'custom_messages'
[0.816s] Level 1:colcon.colcon_core.package_identification:_identify(install) by extensions ['ignore', 'ignore_ament_install']
[0.816s] Level 1:colcon.colcon_core.package_identification:_identify(install) by extension 'ignore'
[0.817s] Level 1:colcon.colcon_core.package_identification:_identify(install) ignored
[0.817s] Level 1:colcon.colcon_core.package_identification:_identify(launch) by extensions ['ignore', 'ignore_ament_install']
[0.817s] Level 1:colcon.colcon_core.package_identification:_identify(launch) by extension 'ignore'
[0.817s] Level 1:colcon.colcon_core.package_identification:_identify(launch) by extension 'ignore_ament_install'
[0.818s] Level 1:colcon.colcon_core.package_identification:_identify(launch) by extensions ['colcon_pkg']
[0.818s] Level 1:colcon.colcon_core.package_identification:_identify(launch) by extension 'colcon_pkg'
[0.818s] Level 1:colcon.colcon_core.package_identification:_identify(launch) by extensions ['colcon_meta']
[0.818s] Level 1:colcon.colcon_core.package_identification:_identify(launch) by extension 'colcon_meta'
[0.818s] Level 1:colcon.colcon_core.package_identification:_identify(launch) by extensions ['ros']
[0.818s] Level 1:colcon.colcon_core.package_identification:_identify(launch) by extension 'ros'
[0.818s] Level 1:colcon.colcon_core.package_identification:_identify(launch) by extensions ['cmake', 'python']
[0.818s] Level 1:colcon.colcon_core.package_identification:_identify(launch) by extension 'cmake'
[0.818s] Level 1:colcon.colcon_core.package_identification:_identify(launch) by extension 'python'
[0.819s] Level 1:colcon.colcon_core.package_identification:_identify(launch) by extensions ['python_setup_py']
[0.819s] Level 1:colcon.colcon_core.package_identification:_identify(launch) by extension 'python_setup_py'
[0.819s] Level 1:colcon.colcon_core.package_identification:_identify(launch/__pycache__) by extensions ['ignore', 'ignore_ament_install']
[0.819s] Level 1:colcon.colcon_core.package_identification:_identify(launch/__pycache__) by extension 'ignore'
[0.819s] Level 1:colcon.colcon_core.package_identification:_identify(launch/__pycache__) by extension 'ignore_ament_install'
[0.819s] Level 1:colcon.colcon_core.package_identification:_identify(launch/__pycache__) by extensions ['colcon_pkg']
[0.819s] Level 1:colcon.colcon_core.package_identification:_identify(launch/__pycache__) by extension 'colcon_pkg'
[0.819s] Level 1:colcon.colcon_core.package_identification:_identify(launch/__pycache__) by extensions ['colcon_meta']
[0.820s] Level 1:colcon.colcon_core.package_identification:_identify(launch/__pycache__) by extension 'colcon_meta'
[0.820s] Level 1:colcon.colcon_core.package_identification:_identify(launch/__pycache__) by extensions ['ros']
[0.820s] Level 1:colcon.colcon_core.package_identification:_identify(launch/__pycache__) by extension 'ros'
[0.820s] Level 1:colcon.colcon_core.package_identification:_identify(launch/__pycache__) by extensions ['cmake', 'python']
[0.820s] Level 1:colcon.colcon_core.package_identification:_identify(launch/__pycache__) by extension 'cmake'
[0.820s] Level 1:colcon.colcon_core.package_identification:_identify(launch/__pycache__) by extension 'python'
[0.820s] Level 1:colcon.colcon_core.package_identification:_identify(launch/__pycache__) by extensions ['python_setup_py']
[0.820s] Level 1:colcon.colcon_core.package_identification:_identify(launch/__pycache__) by extension 'python_setup_py'
[0.821s] Level 1:colcon.colcon_core.package_identification:_identify(log) by extensions ['ignore', 'ignore_ament_install']
[0.821s] Level 1:colcon.colcon_core.package_identification:_identify(log) by extension 'ignore'
[0.821s] Level 1:colcon.colcon_core.package_identification:_identify(log) ignored
[0.822s] Level 1:colcon.colcon_core.package_identification:_identify(logs) by extensions ['ignore', 'ignore_ament_install']
[0.822s] Level 1:colcon.colcon_core.package_identification:_identify(logs) by extension 'ignore'
[0.822s] Level 1:colcon.colcon_core.package_identification:_identify(logs) by extension 'ignore_ament_install'
[0.822s] Level 1:colcon.colcon_core.package_identification:_identify(logs) by extensions ['colcon_pkg']
[0.822s] Level 1:colcon.colcon_core.package_identification:_identify(logs) by extension 'colcon_pkg'
[0.822s] Level 1:colcon.colcon_core.package_identification:_identify(logs) by extensions ['colcon_meta']
[0.823s] Level 1:colcon.colcon_core.package_identification:_identify(logs) by extension 'colcon_meta'
[0.823s] Level 1:colcon.colcon_core.package_identification:_identify(logs) by extensions ['ros']
[0.823s] Level 1:colcon.colcon_core.package_identification:_identify(logs) by extension 'ros'
[0.823s] Level 1:colcon.colcon_core.package_identification:_identify(logs) by extensions ['cmake', 'python']
[0.823s] Level 1:colcon.colcon_core.package_identification:_identify(logs) by extension 'cmake'
[0.823s] Level 1:colcon.colcon_core.package_identification:_identify(logs) by extension 'python'
[0.823s] Level 1:colcon.colcon_core.package_identification:_identify(logs) by extensions ['python_setup_py']
[0.823s] Level 1:colcon.colcon_core.package_identification:_identify(logs) by extension 'python_setup_py'
[0.824s] Level 1:colcon.colcon_core.package_identification:_identify(src) by extensions ['ignore', 'ignore_ament_install']
[0.824s] Level 1:colcon.colcon_core.package_identification:_identify(src) by extension 'ignore'
[0.824s] Level 1:colcon.colcon_core.package_identification:_identify(src) by extension 'ignore_ament_install'
[0.824s] Level 1:colcon.colcon_core.package_identification:_identify(src) by extensions ['colcon_pkg']
[0.824s] Level 1:colcon.colcon_core.package_identification:_identify(src) by extension 'colcon_pkg'
[0.824s] Level 1:colcon.colcon_core.package_identification:_identify(src) by extensions ['colcon_meta']
[0.824s] Level 1:colcon.colcon_core.package_identification:_identify(src) by extension 'colcon_meta'
[0.824s] Level 1:colcon.colcon_core.package_identification:_identify(src) by extensions ['ros']
[0.824s] Level 1:colcon.colcon_core.package_identification:_identify(src) by extension 'ros'
[0.825s] Level 1:colcon.colcon_core.package_identification:_identify(src) by extensions ['cmake', 'python']
[0.825s] Level 1:colcon.colcon_core.package_identification:_identify(src) by extension 'cmake'
[0.825s] Level 1:colcon.colcon_core.package_identification:_identify(src) by extension 'python'
[0.825s] Level 1:colcon.colcon_core.package_identification:_identify(src) by extensions ['python_setup_py']
[0.825s] Level 1:colcon.colcon_core.package_identification:_identify(src) by extension 'python_setup_py'
[0.825s] Level 1:colcon.colcon_core.package_identification:_identify(src/drone_home) by extensions ['ignore', 'ignore_ament_install']
[0.825s] Level 1:colcon.colcon_core.package_identification:_identify(src/drone_home) by extension 'ignore'
[0.825s] Level 1:colcon.colcon_core.package_identification:_identify(src/drone_home) by extension 'ignore_ament_install'
[0.826s] Level 1:colcon.colcon_core.package_identification:_identify(src/drone_home) by extensions ['colcon_pkg']
[0.826s] Level 1:colcon.colcon_core.package_identification:_identify(src/drone_home) by extension 'colcon_pkg'
[0.826s] Level 1:colcon.colcon_core.package_identification:_identify(src/drone_home) by extensions ['colcon_meta']
[0.826s] Level 1:colcon.colcon_core.package_identification:_identify(src/drone_home) by extension 'colcon_meta'
[0.826s] Level 1:colcon.colcon_core.package_identification:_identify(src/drone_home) by extensions ['ros']
[0.826s] Level 1:colcon.colcon_core.package_identification:_identify(src/drone_home) by extension 'ros'
[0.827s] DEBUG:colcon.colcon_core.package_identification:Package 'src/drone_home' with type 'ros.ament_python' and name 'drone_home'
[0.828s] Level 1:colcon.colcon_core.package_discovery:discover_packages(recursive) using defaults
[0.828s] Level 1:colcon.colcon_core.package_discovery:discover_packages(ignore) discover
[0.828s] Level 1:colcon.colcon_core.package_discovery:discover_packages(ignore) using defaults
[0.828s] Level 1:colcon.colcon_core.package_discovery:discover_packages(path) discover
[0.828s] Level 1:colcon.colcon_core.package_discovery:discover_packages(path) using defaults
[0.890s] Level 5:colcon.colcon_core.verb:set package 'custom_messages' build argument 'cmake_args' from command line to 'None'
[0.891s] Level 5:colcon.colcon_core.verb:set package 'custom_messages' build argument 'cmake_target' from command line to 'None'
[0.891s] Level 5:colcon.colcon_core.verb:set package 'custom_messages' build argument 'cmake_target_skip_unavailable' from command line to 'False'
[0.891s] Level 5:colcon.colcon_core.verb:set package 'custom_messages' build argument 'cmake_clean_cache' from command line to 'False'
[0.891s] Level 5:colcon.colcon_core.verb:set package 'custom_messages' build argument 'cmake_clean_first' from command line to 'False'
[0.891s] Level 5:colcon.colcon_core.verb:set package 'custom_messages' build argument 'cmake_force_configure' from command line to 'False'
[0.891s] Level 5:colcon.colcon_core.verb:set package 'custom_messages' build argument 'ament_cmake_args' from command line to 'None'
[0.891s] Level 5:colcon.colcon_core.verb:set package 'custom_messages' build argument 'catkin_cmake_args' from command line to 'None'
[0.891s] Level 5:colcon.colcon_core.verb:set package 'custom_messages' build argument 'catkin_skip_building_tests' from command line to 'False'
[0.891s] DEBUG:colcon.colcon_core.verb:Building package 'custom_messages' with the following arguments: {'ament_cmake_args': None, 'build_base': '/workspaces/drone_home-dev/drone-home/ros2_ws/build/custom_messages', 'catkin_cmake_args': None, 'catkin_skip_building_tests': False, 'cmake_args': None, 'cmake_clean_cache': False, 'cmake_clean_first': False, 'cmake_force_configure': False, 'cmake_target': None, 'cmake_target_skip_unavailable': False, 'install_base': '/workspaces/drone_home-dev/drone-home/ros2_ws/install/custom_messages', 'merge_install': False, 'path': '/workspaces/drone_home-dev/drone-home/ros2_ws/custom_messages', 'symlink_install': False, 'test_result_base': None}
[0.892s] Level 5:colcon.colcon_core.verb:set package 'drone_home' build argument 'cmake_args' from command line to 'None'
[0.892s] Level 5:colcon.colcon_core.verb:set package 'drone_home' build argument 'cmake_target' from command line to 'None'
[0.892s] Level 5:colcon.colcon_core.verb:set package 'drone_home' build argument 'cmake_target_skip_unavailable' from command line to 'False'
[0.892s] Level 5:colcon.colcon_core.verb:set package 'drone_home' build argument 'cmake_clean_cache' from command line to 'False'
[0.892s] Level 5:colcon.colcon_core.verb:set package 'drone_home' build argument 'cmake_clean_first' from command line to 'False'
[0.892s] Level 5:colcon.colcon_core.verb:set package 'drone_home' build argument 'cmake_force_configure' from command line to 'False'
[0.892s] Level 5:colcon.colcon_core.verb:set package 'drone_home' build argument 'ament_cmake_args' from command line to 'None'
[0.892s] Level 5:colcon.colcon_core.verb:set package 'drone_home' build argument 'catkin_cmake_args' from command line to 'None'
[0.892s] Level 5:colcon.colcon_core.verb:set package 'drone_home' build argument 'catkin_skip_building_tests' from command line to 'False'
[0.893s] DEBUG:colcon.colcon_core.verb:Building package 'drone_home' with the following arguments: {'ament_cmake_args': None, 'build_base': '/workspaces/drone_home-dev/drone-home/ros2_ws/build/drone_home', 'catkin_cmake_args': None, 'catkin_skip_building_tests': False, 'cmake_args': None, 'cmake_clean_cache': False, 'cmake_clean_first': False, 'cmake_force_configure': False, 'cmake_target': None, 'cmake_target_skip_unavailable': False, 'install_base': '/workspaces/drone_home-dev/drone-home/ros2_ws/install/drone_home', 'merge_install': False, 'path': '/workspaces/drone_home-dev/drone-home/ros2_ws/src/drone_home', 'symlink_install': False, 'test_result_base': None}
[0.893s] INFO:colcon.colcon_core.executor:Executing jobs using 'parallel' executor
[0.896s] DEBUG:colcon.colcon_parallel_executor.executor.parallel:run_until_complete
[0.897s] INFO:colcon.colcon_ros.task.ament_cmake.build:Building ROS package in '/workspaces/drone_home-dev/drone-home/ros2_ws/custom_messages' with build type 'ament_cmake'
[0.897s] INFO:colcon.colcon_cmake.task.cmake.build:Building CMake package in '/workspaces/drone_home-dev/drone-home/ros2_ws/custom_messages'
[0.907s] INFO:colcon.colcon_core.plugin_system:Skipping extension 'colcon_core.shell.bat': Not used on non-Windows systems
[0.907s] INFO:colcon.colcon_core.shell:Skip shell extension 'powershell' for command environment: Not usable outside of PowerShell
[0.907s] DEBUG:colcon.colcon_core.shell:Skip shell extension 'dsv' for command environment
[0.933s] INFO:colcon.colcon_ros.task.ament_python.build:Building ROS package in '/workspaces/drone_home-dev/drone-home/ros2_ws/src/drone_home' with build type 'ament_python'
[0.934s] Level 1:colcon.colcon_core.shell:create_environment_hook('drone_home', 'ament_prefix_path')
[0.934s] INFO:colcon.colcon_core.shell:Creating environment hook '/workspaces/drone_home-dev/drone-home/ros2_ws/install/drone_home/share/drone_home/hook/ament_prefix_path.ps1'
[0.938s] INFO:colcon.colcon_core.shell:Creating environment descriptor '/workspaces/drone_home-dev/drone-home/ros2_ws/install/drone_home/share/drone_home/hook/ament_prefix_path.dsv'
[0.940s] INFO:colcon.colcon_core.shell:Creating environment hook '/workspaces/drone_home-dev/drone-home/ros2_ws/install/drone_home/share/drone_home/hook/ament_prefix_path.sh'
[0.942s] INFO:colcon.colcon_core.shell:Skip shell extension 'powershell' for command environment: Not usable outside of PowerShell
[0.942s] DEBUG:colcon.colcon_core.shell:Skip shell extension 'dsv' for command environment
[0.976s] DEBUG:colcon.colcon_core.event_handler.log_command:Invoking command in '/workspaces/drone_home-dev/drone-home/ros2_ws/build/custom_messages': CMAKE_PREFIX_PATH=${CMAKE_PREFIX_PATH}:/workspaces/drone_home-dev/drone-home/ros2_ws/install/drone_home:/opt/ros/humble /usr/local/bin/cmake --build /workspaces/drone_home-dev/drone-home/ros2_ws/build/custom_messages -- -j6 -l6
[1.993s] INFO:colcon.colcon_core.task.python.build:Building Python package in '/workspaces/drone_home-dev/drone-home/ros2_ws/src/drone_home'
[1.994s] INFO:colcon.colcon_core.shell:Skip shell extension 'powershell' for command environment: Not usable outside of PowerShell
[1.994s] DEBUG:colcon.colcon_core.shell:Skip shell extension 'dsv' for command environment
[2.449s] DEBUG:colcon.colcon_core.event_handler.log_command:Invoked command in '/workspaces/drone_home-dev/drone-home/ros2_ws/build/custom_messages' returned '0': CMAKE_PREFIX_PATH=${CMAKE_PREFIX_PATH}:/workspaces/drone_home-dev/drone-home/ros2_ws/install/drone_home:/opt/ros/humble /usr/local/bin/cmake --build /workspaces/drone_home-dev/drone-home/ros2_ws/build/custom_messages -- -j6 -l6
[2.664s] DEBUG:colcon.colcon_core.event_handler.log_command:Invoking command in '/workspaces/drone_home-dev/drone-home/ros2_ws/build/custom_messages': CMAKE_PREFIX_PATH=${CMAKE_PREFIX_PATH}:/workspaces/drone_home-dev/drone-home/ros2_ws/install/drone_home:/opt/ros/humble /usr/local/bin/cmake --install /workspaces/drone_home-dev/drone-home/ros2_ws/build/custom_messages
[3.010s] Level 1:colcon.colcon_core.environment:create_environment_scripts_only(custom_messages)
[3.012s] DEBUG:colcon.colcon_core.event_handler.log_command:Invoked command in '/workspaces/drone_home-dev/drone-home/ros2_ws/build/custom_messages' returned '0': CMAKE_PREFIX_PATH=${CMAKE_PREFIX_PATH}:/workspaces/drone_home-dev/drone-home/ros2_ws/install/drone_home:/opt/ros/humble /usr/local/bin/cmake --install /workspaces/drone_home-dev/drone-home/ros2_ws/build/custom_messages
[3.042s] Level 1:colcon.colcon_core.environment:checking '/workspaces/drone_home-dev/drone-home/ros2_ws/install/custom_messages' for CMake module files
[3.044s] Level 1:colcon.colcon_core.environment:checking '/workspaces/drone_home-dev/drone-home/ros2_ws/install/custom_messages' for CMake config files
[3.045s] Level 1:colcon.colcon_core.shell:create_environment_hook('custom_messages', 'cmake_prefix_path')
[3.046s] INFO:colcon.colcon_core.shell:Creating environment hook '/workspaces/drone_home-dev/drone-home/ros2_ws/install/custom_messages/share/custom_messages/hook/cmake_prefix_path.ps1'
[3.048s] INFO:colcon.colcon_core.shell:Creating environment descriptor '/workspaces/drone_home-dev/drone-home/ros2_ws/install/custom_messages/share/custom_messages/hook/cmake_prefix_path.dsv'
[3.050s] INFO:colcon.colcon_core.shell:Creating environment hook '/workspaces/drone_home-dev/drone-home/ros2_ws/install/custom_messages/share/custom_messages/hook/cmake_prefix_path.sh'
[3.052s] Level 1:colcon.colcon_core.environment:checking '/workspaces/drone_home-dev/drone-home/ros2_ws/install/custom_messages/lib'
[3.053s] Level 1:colcon.colcon_core.shell:create_environment_hook('custom_messages', 'ld_library_path_lib')
[3.054s] INFO:colcon.colcon_core.shell:Creating environment hook '/workspaces/drone_home-dev/drone-home/ros2_ws/install/custom_messages/share/custom_messages/hook/ld_library_path_lib.ps1'
[3.056s] INFO:colcon.colcon_core.shell:Creating environment descriptor '/workspaces/drone_home-dev/drone-home/ros2_ws/install/custom_messages/share/custom_messages/hook/ld_library_path_lib.dsv'
[3.057s] INFO:colcon.colcon_core.shell:Creating environment hook '/workspaces/drone_home-dev/drone-home/ros2_ws/install/custom_messages/share/custom_messages/hook/ld_library_path_lib.sh'
[3.059s] Level 1:colcon.colcon_core.environment:checking '/workspaces/drone_home-dev/drone-home/ros2_ws/install/custom_messages/bin'
[3.059s] Level 1:colcon.colcon_core.environment:checking '/workspaces/drone_home-dev/drone-home/ros2_ws/install/custom_messages/lib/pkgconfig/custom_messages.pc'
[3.060s] Level 1:colcon.colcon_core.environment:checking '/workspaces/drone_home-dev/drone-home/ros2_ws/install/custom_messages/lib/python3.10/site-packages'
[3.061s] Level 1:colcon.colcon_core.environment:checking '/workspaces/drone_home-dev/drone-home/ros2_ws/install/custom_messages/bin'
[3.062s] INFO:colcon.colcon_core.shell:Creating package script '/workspaces/drone_home-dev/drone-home/ros2_ws/install/custom_messages/share/custom_messages/package.ps1'
[3.064s] INFO:colcon.colcon_core.shell:Creating package descriptor '/workspaces/drone_home-dev/drone-home/ros2_ws/install/custom_messages/share/custom_messages/package.dsv'
[3.066s] INFO:colcon.colcon_core.shell:Creating package script '/workspaces/drone_home-dev/drone-home/ros2_ws/install/custom_messages/share/custom_messages/package.sh'
[3.069s] INFO:colcon.colcon_core.shell:Creating package script '/workspaces/drone_home-dev/drone-home/ros2_ws/install/custom_messages/share/custom_messages/package.bash'
[3.072s] INFO:colcon.colcon_core.shell:Creating package script '/workspaces/drone_home-dev/drone-home/ros2_ws/install/custom_messages/share/custom_messages/package.zsh'
[3.074s] Level 1:colcon.colcon_core.environment:create_file_with_runtime_dependencies(/workspaces/drone_home-dev/drone-home/ros2_ws/install/custom_messages/share/colcon-core/packages/custom_messages)
[3.076s] Level 1:colcon.colcon_core.environment:create_environment_scripts_only(custom_messages)
[3.077s] Level 1:colcon.colcon_core.environment:checking '/workspaces/drone_home-dev/drone-home/ros2_ws/install/custom_messages' for CMake module files
[3.079s] Level 1:colcon.colcon_core.environment:checking '/workspaces/drone_home-dev/drone-home/ros2_ws/install/custom_messages' for CMake config files
[3.079s] Level 1:colcon.colcon_core.shell:create_environment_hook('custom_messages', 'cmake_prefix_path')
[3.080s] INFO:colcon.colcon_core.shell:Creating environment hook '/workspaces/drone_home-dev/drone-home/ros2_ws/install/custom_messages/share/custom_messages/hook/cmake_prefix_path.ps1'
[3.081s] INFO:colcon.colcon_core.shell:Creating environment descriptor '/workspaces/drone_home-dev/drone-home/ros2_ws/install/custom_messages/share/custom_messages/hook/cmake_prefix_path.dsv'
[3.083s] INFO:colcon.colcon_core.shell:Creating environment hook '/workspaces/drone_home-dev/drone-home/ros2_ws/install/custom_messages/share/custom_messages/hook/cmake_prefix_path.sh'
[3.084s] Level 1:colcon.colcon_core.environment:checking '/workspaces/drone_home-dev/drone-home/ros2_ws/install/custom_messages/lib'
[3.084s] Level 1:colcon.colcon_core.shell:create_environment_hook('custom_messages', 'ld_library_path_lib')
[3.085s] INFO:colcon.colcon_core.shell:Creating environment hook '/workspaces/drone_home-dev/drone-home/ros2_ws/install/custom_messages/share/custom_messages/hook/ld_library_path_lib.ps1'
[3.086s] INFO:colcon.colcon_core.shell:Creating environment descriptor '/workspaces/drone_home-dev/drone-home/ros2_ws/install/custom_messages/share/custom_messages/hook/ld_library_path_lib.dsv'
[3.087s] INFO:colcon.colcon_core.shell:Creating environment hook '/workspaces/drone_home-dev/drone-home/ros2_ws/install/custom_messages/share/custom_messages/hook/ld_library_path_lib.sh'
[3.088s] Level 1:colcon.colcon_core.environment:checking '/workspaces/drone_home-dev/drone-home/ros2_ws/install/custom_messages/bin'
[3.089s] Level 1:colcon.colcon_core.environment:checking '/workspaces/drone_home-dev/drone-home/ros2_ws/install/custom_messages/lib/pkgconfig/custom_messages.pc'
[3.090s] Level 1:colcon.colcon_core.environment:checking '/workspaces/drone_home-dev/drone-home/ros2_ws/install/custom_messages/lib/python3.10/site-packages'
[3.090s] Level 1:colcon.colcon_core.environment:checking '/workspaces/drone_home-dev/drone-home/ros2_ws/install/custom_messages/bin'
[3.092s] INFO:colcon.colcon_core.shell:Creating package script '/workspaces/drone_home-dev/drone-home/ros2_ws/install/custom_messages/share/custom_messages/package.ps1'
[3.094s] INFO:colcon.colcon_core.shell:Creating package descriptor '/workspaces/drone_home-dev/drone-home/ros2_ws/install/custom_messages/share/custom_messages/package.dsv'
[3.095s] INFO:colcon.colcon_core.shell:Creating package script '/workspaces/drone_home-dev/drone-home/ros2_ws/install/custom_messages/share/custom_messages/package.sh'
[3.096s] INFO:colcon.colcon_core.shell:Creating package script '/workspaces/drone_home-dev/drone-home/ros2_ws/install/custom_messages/share/custom_messages/package.bash'
[3.098s] INFO:colcon.colcon_core.shell:Creating package script '/workspaces/drone_home-dev/drone-home/ros2_ws/install/custom_messages/share/custom_messages/package.zsh'
[3.099s] Level 1:colcon.colcon_core.environment:create_file_with_runtime_dependencies(/workspaces/drone_home-dev/drone-home/ros2_ws/install/custom_messages/share/colcon-core/packages/custom_messages)
[3.891s] DEBUG:colcon.colcon_core.event_handler.log_command:Invoking command in '/workspaces/drone_home-dev/drone-home/ros2_ws/src/drone_home': PYTHONPATH=/workspaces/drone_home-dev/drone-home/ros2_ws/build/drone_home/prefix_override:/usr/lib/python3/dist-packages/colcon_core/task/python/colcon_distutils_commands:/workspaces/drone_home-dev/drone-home/ros2_ws/install/drone_home/lib/python3.10/site-packages:${PYTHONPATH} /usr/bin/python3 -W ignore:setup.py install is deprecated -W ignore:easy_install command is deprecated setup.py egg_info --egg-base ../../build/drone_home build --build-base /workspaces/drone_home-dev/drone-home/ros2_ws/build/drone_home/build install --record /workspaces/drone_home-dev/drone-home/ros2_ws/build/drone_home/install.log --single-version-externally-managed install_data
[5.452s] Level 1:colcon.colcon_core.environment:checking '/workspaces/drone_home-dev/drone-home/ros2_ws/install/drone_home' for CMake module files
[5.454s] Level 1:colcon.colcon_core.environment:checking '/workspaces/drone_home-dev/drone-home/ros2_ws/install/drone_home' for CMake config files
[5.455s] Level 1:colcon.colcon_core.environment:checking '/workspaces/drone_home-dev/drone-home/ros2_ws/install/drone_home/lib'
[5.456s] Level 1:colcon.colcon_core.environment:checking '/workspaces/drone_home-dev/drone-home/ros2_ws/install/drone_home/bin'
[5.456s] Level 1:colcon.colcon_core.environment:checking '/workspaces/drone_home-dev/drone-home/ros2_ws/install/drone_home/lib/pkgconfig/drone_home.pc'
[5.456s] Level 1:colcon.colcon_core.environment:checking '/workspaces/drone_home-dev/drone-home/ros2_ws/install/drone_home/lib/python3.10/site-packages'
[5.457s] Level 1:colcon.colcon_core.shell:create_environment_hook('drone_home', 'pythonpath')
[5.458s] INFO:colcon.colcon_core.shell:Creating environment hook '/workspaces/drone_home-dev/drone-home/ros2_ws/install/drone_home/share/drone_home/hook/pythonpath.ps1'
[5.459s] INFO:colcon.colcon_core.shell:Creating environment descriptor '/workspaces/drone_home-dev/drone-home/ros2_ws/install/drone_home/share/drone_home/hook/pythonpath.dsv'
[5.461s] INFO:colcon.colcon_core.shell:Creating environment hook '/workspaces/drone_home-dev/drone-home/ros2_ws/install/drone_home/share/drone_home/hook/pythonpath.sh'
[5.461s] DEBUG:colcon.colcon_core.event_handler.log_command:Invoked command in '/workspaces/drone_home-dev/drone-home/ros2_ws/src/drone_home' returned '0': PYTHONPATH=/workspaces/drone_home-dev/drone-home/ros2_ws/build/drone_home/prefix_override:/usr/lib/python3/dist-packages/colcon_core/task/python/colcon_distutils_commands:/workspaces/drone_home-dev/drone-home/ros2_ws/install/drone_home/lib/python3.10/site-packages:${PYTHONPATH} /usr/bin/python3 -W ignore:setup.py install is deprecated -W ignore:easy_install command is deprecated setup.py egg_info --egg-base ../../build/drone_home build --build-base /workspaces/drone_home-dev/drone-home/ros2_ws/build/drone_home/build install --record /workspaces/drone_home-dev/drone-home/ros2_ws/build/drone_home/install.log --single-version-externally-managed install_data
[5.463s] Level 1:colcon.colcon_core.environment:checking '/workspaces/drone_home-dev/drone-home/ros2_ws/install/drone_home/bin'
[5.463s] Level 1:colcon.colcon_core.environment:create_environment_scripts_only(drone_home)
[5.464s] INFO:colcon.colcon_core.shell:Creating package script '/workspaces/drone_home-dev/drone-home/ros2_ws/install/drone_home/share/drone_home/package.ps1'
[5.466s] INFO:colcon.colcon_core.shell:Creating package descriptor '/workspaces/drone_home-dev/drone-home/ros2_ws/install/drone_home/share/drone_home/package.dsv'
[5.467s] INFO:colcon.colcon_core.shell:Creating package script '/workspaces/drone_home-dev/drone-home/ros2_ws/install/drone_home/share/drone_home/package.sh'
[5.468s] INFO:colcon.colcon_core.shell:Creating package script '/workspaces/drone_home-dev/drone-home/ros2_ws/install/drone_home/share/drone_home/package.bash'
[5.469s] INFO:colcon.colcon_core.shell:Creating package script '/workspaces/drone_home-dev/drone-home/ros2_ws/install/drone_home/share/drone_home/package.zsh'
[5.470s] Level 1:colcon.colcon_core.environment:create_file_with_runtime_dependencies(/workspaces/drone_home-dev/drone-home/ros2_ws/install/drone_home/share/colcon-core/packages/drone_home)
[5.473s] DEBUG:colcon.colcon_parallel_executor.executor.parallel:closing loop
[5.473s] DEBUG:colcon.colcon_parallel_executor.executor.parallel:loop closed
[5.474s] DEBUG:colcon.colcon_parallel_executor.executor.parallel:run_until_complete finished with '0'
[5.474s] DEBUG:colcon.colcon_core.event_reactor:joining thread
[5.499s] INFO:colcon.colcon_core.plugin_system:Skipping extension 'colcon_notification.desktop_notification.notify_send': Could not find 'notify-send'
[5.499s] INFO:colcon.colcon_core.plugin_system:Skipping extension 'colcon_notification.desktop_notification.terminal_notifier': Not used on non-Darwin systems
[5.500s] INFO:colcon.colcon_core.plugin_system:Skipping extension 'colcon_notification.desktop_notification.win32': Not used on non-Windows systems
[5.500s] INFO:colcon.colcon_notification.desktop_notification:Sending desktop notification using 'notify2'
[5.500s] DEBUG:colcon.colcon_notification.desktop_notification.notify2:Failed to initialize notify2: org.freedesktop.DBus.Error.NotSupported: Unable to autolaunch a dbus-daemon without a $DISPLAY for X11
[5.500s] DEBUG:colcon.colcon_core.event_reactor:joined thread
[5.501s] INFO:colcon.colcon_core.shell:Creating prefix script '/workspaces/drone_home-dev/drone-home/ros2_ws/install/local_setup.ps1'
[5.504s] INFO:colcon.colcon_core.shell:Creating prefix util module '/workspaces/drone_home-dev/drone-home/ros2_ws/install/_local_setup_util_ps1.py'
[5.507s] INFO:colcon.colcon_core.shell:Creating prefix chain script '/workspaces/drone_home-dev/drone-home/ros2_ws/install/setup.ps1'
[5.510s] INFO:colcon.colcon_core.shell:Creating prefix script '/workspaces/drone_home-dev/drone-home/ros2_ws/install/local_setup.sh'
[5.512s] INFO:colcon.colcon_core.shell:Creating prefix util module '/workspaces/drone_home-dev/drone-home/ros2_ws/install/_local_setup_util_sh.py'
[5.513s] INFO:colcon.colcon_core.shell:Creating prefix chain script '/workspaces/drone_home-dev/drone-home/ros2_ws/install/setup.sh'
[5.516s] INFO:colcon.colcon_core.shell:Creating prefix script '/workspaces/drone_home-dev/drone-home/ros2_ws/install/local_setup.bash'
[5.517s] INFO:colcon.colcon_core.shell:Creating prefix chain script '/workspaces/drone_home-dev/drone-home/ros2_ws/install/setup.bash'
[5.519s] INFO:colcon.colcon_core.shell:Creating prefix script '/workspaces/drone_home-dev/drone-home/ros2_ws/install/local_setup.zsh'
[5.521s] INFO:colcon.colcon_core.shell:Creating prefix chain script '/workspaces/drone_home-dev/drone-home/ros2_ws/install/setup.zsh'
