[1.373s] Invoking command in '/home/pi/drone-home/ros2_ws/src/drone_home': DEBUGINFOD_URLS=https://debuginfod.ubuntu.com PYTHONPATH=/home/pi/drone-home/ros2_ws/build/drone_home/prefix_override:/usr/lib/python3/dist-packages/colcon_core/task/python/colcon_distutils_commands:/home/pi/drone-home/ros2_ws/install/drone_home/lib/python3.12/site-packages:${PYTHONPATH} /usr/bin/python3 -W ignore:setup.py install is deprecated setup.py egg_info --egg-base ../../build/drone_home build --build-base /home/pi/drone-home/ros2_ws/build/drone_home/build install --record /home/pi/drone-home/ros2_ws/build/drone_home/install.log --single-version-externally-managed install_data
[1.763s] running egg_info
[1.791s] writing ../../build/drone_home/drone_home.egg-info/PKG-INFO
[1.797s] writing dependency_links to ../../build/drone_home/drone_home.egg-info/dependency_links.txt
[1.910s] writing entry points to ../../build/drone_home/drone_home.egg-info/entry_points.txt
[1.912s] writing requirements to ../../build/drone_home/drone_home.egg-info/requires.txt
[1.912s] writing top-level names to ../../build/drone_home/drone_home.egg-info/top_level.txt
[1.971s] reading manifest file '../../build/drone_home/drone_home.egg-info/SOURCES.txt'
[1.972s] writing manifest file '../../build/drone_home/drone_home.egg-info/SOURCES.txt'
[1.973s] running build
[1.973s] running build_py
[1.973s] copying drone_home/markers.py -> /home/pi/drone-home/ros2_ws/build/drone_home/build/lib/drone_home
[1.974s] running install
[1.983s] running install_lib
[2.011s] copying /home/pi/drone-home/ros2_ws/build/drone_home/build/lib/drone_home/markers.py -> /home/pi/drone-home/ros2_ws/install/drone_home/lib/python3.12/site-packages/drone_home
[2.012s] byte-compiling /home/pi/drone-home/ros2_ws/install/drone_home/lib/python3.12/site-packages/drone_home/markers.py to markers.cpython-312.pyc
[2.013s] running install_data
[2.014s] running install_egg_info
[2.044s] removing '/home/pi/drone-home/ros2_ws/install/drone_home/lib/python3.12/site-packages/drone_home-0.0.0-py3.12.egg-info' (and everything under it)
[2.044s] Copying ../../build/drone_home/drone_home.egg-info to /home/pi/drone-home/ros2_ws/install/drone_home/lib/python3.12/site-packages/drone_home-0.0.0-py3.12.egg-info
[2.046s] running install_scripts
[2.237s] Installing controller script to /home/pi/drone-home/ros2_ws/install/drone_home/lib/drone_home
[2.271s] Installing drive_hardware script to /home/pi/drone-home/ros2_ws/install/drone_home/lib/drone_home
[2.371s] Installing drive_publisher script to /home/pi/drone-home/ros2_ws/install/drone_home/lib/drone_home
[2.371s] Installing imu_publisher script to /home/pi/drone-home/ros2_ws/install/drone_home/lib/drone_home
[2.371s] Installing visualization script to /home/pi/drone-home/ros2_ws/install/drone_home/lib/drone_home
[2.372s] writing list of installed files to '/home/pi/drone-home/ros2_ws/build/drone_home/install.log'
[2.462s] Invoked command in '/home/pi/drone-home/ros2_ws/src/drone_home' returned '0': DEBUGINFOD_URLS=https://debuginfod.ubuntu.com PYTHONPATH=/home/pi/drone-home/ros2_ws/build/drone_home/prefix_override:/usr/lib/python3/dist-packages/colcon_core/task/python/colcon_distutils_commands:/home/pi/drone-home/ros2_ws/install/drone_home/lib/python3.12/site-packages:${PYTHONPATH} /usr/bin/python3 -W ignore:setup.py install is deprecated setup.py egg_info --egg-base ../../build/drone_home build --build-base /home/pi/drone-home/ros2_ws/build/drone_home/build install --record /home/pi/drone-home/ros2_ws/build/drone_home/install.log --single-version-externally-managed install_data
