[1.963s] Invoking command in '/home/pi/drone-home/ros2_ws/src/drone_home': DEBUGINFOD_URLS=https://debuginfod.ubuntu.com PYTHONPATH=/home/pi/drone-home/ros2_ws/build/drone_home/prefix_override:/usr/lib/python3/dist-packages/colcon_core/task/python/colcon_distutils_commands:/home/pi/drone-home/ros2_ws/install/drone_home/lib/python3.12/site-packages:${PYTHONPATH} /usr/bin/python3 -W ignore:setup.py install is deprecated setup.py egg_info --egg-base ../../build/drone_home build --build-base /home/pi/drone-home/ros2_ws/build/drone_home/build install --record /home/pi/drone-home/ros2_ws/build/drone_home/install.log --single-version-externally-managed install_data
[2.507s] running egg_info
[2.543s] writing ../../build/drone_home/drone_home.egg-info/PKG-INFO
[2.544s] writing dependency_links to ../../build/drone_home/drone_home.egg-info/dependency_links.txt
[2.593s] writing entry points to ../../build/drone_home/drone_home.egg-info/entry_points.txt
[2.650s] writing requirements to ../../build/drone_home/drone_home.egg-info/requires.txt
[2.833s] writing top-level names to ../../build/drone_home/drone_home.egg-info/top_level.txt
[2.908s] reading manifest file '../../build/drone_home/drone_home.egg-info/SOURCES.txt'
[2.909s] writing manifest file '../../build/drone_home/drone_home.egg-info/SOURCES.txt'
[2.909s] running build
[2.910s] running build_py
[2.910s] running install
[2.921s] running install_lib
[2.957s] running install_data
[2.957s] running install_egg_info
[2.999s] removing '/home/pi/drone-home/ros2_ws/install/drone_home/lib/python3.12/site-packages/drone_home-0.0.0-py3.12.egg-info' (and everything under it)
[3.002s] Copying ../../build/drone_home/drone_home.egg-info to /home/pi/drone-home/ros2_ws/install/drone_home/lib/python3.12/site-packages/drone_home-0.0.0-py3.12.egg-info
[3.002s] running install_scripts
[3.263s] Installing controller script to /home/pi/drone-home/ros2_ws/install/drone_home/lib/drone_home
[3.263s] Installing drive_hardware script to /home/pi/drone-home/ros2_ws/install/drone_home/lib/drone_home
[3.263s] Installing drive_publisher script to /home/pi/drone-home/ros2_ws/install/drone_home/lib/drone_home
[3.263s] Installing imu_publisher script to /home/pi/drone-home/ros2_ws/install/drone_home/lib/drone_home
[3.264s] writing list of installed files to '/home/pi/drone-home/ros2_ws/build/drone_home/install.log'
[3.443s] Invoked command in '/home/pi/drone-home/ros2_ws/src/drone_home' returned '0': DEBUGINFOD_URLS=https://debuginfod.ubuntu.com PYTHONPATH=/home/pi/drone-home/ros2_ws/build/drone_home/prefix_override:/usr/lib/python3/dist-packages/colcon_core/task/python/colcon_distutils_commands:/home/pi/drone-home/ros2_ws/install/drone_home/lib/python3.12/site-packages:${PYTHONPATH} /usr/bin/python3 -W ignore:setup.py install is deprecated setup.py egg_info --egg-base ../../build/drone_home build --build-base /home/pi/drone-home/ros2_ws/build/drone_home/build install --record /home/pi/drone-home/ros2_ws/build/drone_home/install.log --single-version-externally-managed install_data
