[1.733s] Invoking command in '/home/pi/drone-home/ros2_ws/src/drone_home': DEBUGINFOD_URLS=https://debuginfod.ubuntu.com PYTHONPATH=/home/pi/drone-home/ros2_ws/build/drone_home/prefix_override:/usr/lib/python3/dist-packages/colcon_core/task/python/colcon_distutils_commands:/home/pi/drone-home/ros2_ws/install/drone_home/lib/python3.12/site-packages:${PYTHONPATH} /usr/bin/python3 -W ignore:setup.py install is deprecated setup.py egg_info --egg-base ../../build/drone_home build --build-base /home/pi/drone-home/ros2_ws/build/drone_home/build install --record /home/pi/drone-home/ros2_ws/build/drone_home/install.log --single-version-externally-managed install_data
[2.110s] running egg_info
[2.136s] writing ../../build/drone_home/drone_home.egg-info/PKG-INFO
[2.137s] writing dependency_links to ../../build/drone_home/drone_home.egg-info/dependency_links.txt
[2.137s] writing entry points to ../../build/drone_home/drone_home.egg-info/entry_points.txt
[2.137s] writing requirements to ../../build/drone_home/drone_home.egg-info/requires.txt
[2.137s] writing top-level names to ../../build/drone_home/drone_home.egg-info/top_level.txt
[2.193s] reading manifest file '../../build/drone_home/drone_home.egg-info/SOURCES.txt'
[2.195s] writing manifest file '../../build/drone_home/drone_home.egg-info/SOURCES.txt'
[2.196s] running build
[2.196s] running build_py
[2.196s] copying drone_home/servo.py -> /home/pi/drone-home/ros2_ws/build/drone_home/build/lib/drone_home
[2.196s] copying drone_home/ackermann_drive.py -> /home/pi/drone-home/ros2_ws/build/drone_home/build/lib/drone_home
[2.196s] running install
[2.206s] running install_lib
[2.234s] copying /home/pi/drone-home/ros2_ws/build/drone_home/build/lib/drone_home/servo.py -> /home/pi/drone-home/ros2_ws/install/drone_home/lib/python3.12/site-packages/drone_home
[2.234s] copying /home/pi/drone-home/ros2_ws/build/drone_home/build/lib/drone_home/ackermann_drive.py -> /home/pi/drone-home/ros2_ws/install/drone_home/lib/python3.12/site-packages/drone_home
[2.235s] byte-compiling /home/pi/drone-home/ros2_ws/install/drone_home/lib/python3.12/site-packages/drone_home/servo.py to servo.cpython-312.pyc
[2.237s] byte-compiling /home/pi/drone-home/ros2_ws/install/drone_home/lib/python3.12/site-packages/drone_home/ackermann_drive.py to ackermann_drive.cpython-312.pyc
[2.237s] running install_data
[2.238s] running install_egg_info
[2.267s] removing '/home/pi/drone-home/ros2_ws/install/drone_home/lib/python3.12/site-packages/drone_home-0.0.0-py3.12.egg-info' (and everything under it)
[2.267s] Copying ../../build/drone_home/drone_home.egg-info to /home/pi/drone-home/ros2_ws/install/drone_home/lib/python3.12/site-packages/drone_home-0.0.0-py3.12.egg-info
[2.269s] running install_scripts
[2.458s] Installing drive_publisher script to /home/pi/drone-home/ros2_ws/install/drone_home/lib/drone_home
[2.458s] Installing imu_publisher script to /home/pi/drone-home/ros2_ws/install/drone_home/lib/drone_home
[2.459s] writing list of installed files to '/home/pi/drone-home/ros2_ws/build/drone_home/install.log'
[2.542s] Invoked command in '/home/pi/drone-home/ros2_ws/src/drone_home' returned '0': DEBUGINFOD_URLS=https://debuginfod.ubuntu.com PYTHONPATH=/home/pi/drone-home/ros2_ws/build/drone_home/prefix_override:/usr/lib/python3/dist-packages/colcon_core/task/python/colcon_distutils_commands:/home/pi/drone-home/ros2_ws/install/drone_home/lib/python3.12/site-packages:${PYTHONPATH} /usr/bin/python3 -W ignore:setup.py install is deprecated setup.py egg_info --egg-base ../../build/drone_home build --build-base /home/pi/drone-home/ros2_ws/build/drone_home/build install --record /home/pi/drone-home/ros2_ws/build/drone_home/install.log --single-version-externally-managed install_data
