/workspaces/drone_home-dev/drone-home/ros2_ws/install/drone_home/lib/python3.10/site-packages/drone_home/__init__.py
/workspaces/drone_home-dev/drone-home/ros2_ws/install/drone_home/lib/python3.10/site-packages/drone_home/gps_publisher.py
/workspaces/drone_home-dev/drone-home/ros2_ws/install/drone_home/lib/python3.10/site-packages/drone_home/servo.py
/workspaces/drone_home-dev/drone-home/ros2_ws/install/drone_home/lib/python3.10/site-packages/drone_home/imu_publisher.py
/workspaces/drone_home-dev/drone-home/ros2_ws/install/drone_home/lib/python3.10/site-packages/drone_home/motor.py
/workspaces/drone_home-dev/drone-home/ros2_ws/install/drone_home/lib/python3.10/site-packages/drone_home/servo_jetson.py
/workspaces/drone_home-dev/drone-home/ros2_ws/install/drone_home/lib/python3.10/site-packages/drone_home/pwm_publisher.py
/workspaces/drone_home-dev/drone-home/ros2_ws/install/drone_home/lib/python3.10/site-packages/drone_home/ackermann_drive.py
/workspaces/drone_home-dev/drone-home/ros2_ws/install/drone_home/lib/python3.10/site-packages/drone_home/geo_tools.py
/workspaces/drone_home-dev/drone-home/ros2_ws/install/drone_home/lib/python3.10/site-packages/drone_home/controller.py
/workspaces/drone_home-dev/drone-home/ros2_ws/install/drone_home/lib/python3.10/site-packages/drone_home/markers.py
/workspaces/drone_home-dev/drone-home/ros2_ws/install/drone_home/lib/python3.10/site-packages/drone_home/joy_to_ackermann.py
/workspaces/drone_home-dev/drone-home/ros2_ws/install/drone_home/lib/python3.10/site-packages/drone_home/__pycache__/__init__.cpython-310.pyc
/workspaces/drone_home-dev/drone-home/ros2_ws/install/drone_home/lib/python3.10/site-packages/drone_home/__pycache__/gps_publisher.cpython-310.pyc
/workspaces/drone_home-dev/drone-home/ros2_ws/install/drone_home/lib/python3.10/site-packages/drone_home/__pycache__/servo.cpython-310.pyc
/workspaces/drone_home-dev/drone-home/ros2_ws/install/drone_home/lib/python3.10/site-packages/drone_home/__pycache__/imu_publisher.cpython-310.pyc
/workspaces/drone_home-dev/drone-home/ros2_ws/install/drone_home/lib/python3.10/site-packages/drone_home/__pycache__/motor.cpython-310.pyc
/workspaces/drone_home-dev/drone-home/ros2_ws/install/drone_home/lib/python3.10/site-packages/drone_home/__pycache__/servo_jetson.cpython-310.pyc
/workspaces/drone_home-dev/drone-home/ros2_ws/install/drone_home/lib/python3.10/site-packages/drone_home/__pycache__/pwm_publisher.cpython-310.pyc
/workspaces/drone_home-dev/drone-home/ros2_ws/install/drone_home/lib/python3.10/site-packages/drone_home/__pycache__/ackermann_drive.cpython-310.pyc
/workspaces/drone_home-dev/drone-home/ros2_ws/install/drone_home/lib/python3.10/site-packages/drone_home/__pycache__/geo_tools.cpython-310.pyc
/workspaces/drone_home-dev/drone-home/ros2_ws/install/drone_home/lib/python3.10/site-packages/drone_home/__pycache__/controller.cpython-310.pyc
/workspaces/drone_home-dev/drone-home/ros2_ws/install/drone_home/lib/python3.10/site-packages/drone_home/__pycache__/markers.cpython-310.pyc
/workspaces/drone_home-dev/drone-home/ros2_ws/install/drone_home/lib/python3.10/site-packages/drone_home/__pycache__/joy_to_ackermann.cpython-310.pyc
/workspaces/drone_home-dev/drone-home/ros2_ws/install/drone_home/share/ament_index/resource_index/packages/drone_home
/workspaces/drone_home-dev/drone-home/ros2_ws/install/drone_home/share/drone_home/package.xml
/workspaces/drone_home-dev/drone-home/ros2_ws/install/drone_home/lib/python3.10/site-packages/drone_home-0.0.0-py3.10.egg-info/entry_points.txt
/workspaces/drone_home-dev/drone-home/ros2_ws/install/drone_home/lib/python3.10/site-packages/drone_home-0.0.0-py3.10.egg-info/requires.txt
/workspaces/drone_home-dev/drone-home/ros2_ws/install/drone_home/lib/python3.10/site-packages/drone_home-0.0.0-py3.10.egg-info/top_level.txt
/workspaces/drone_home-dev/drone-home/ros2_ws/install/drone_home/lib/python3.10/site-packages/drone_home-0.0.0-py3.10.egg-info/SOURCES.txt
/workspaces/drone_home-dev/drone-home/ros2_ws/install/drone_home/lib/python3.10/site-packages/drone_home-0.0.0-py3.10.egg-info/PKG-INFO
/workspaces/drone_home-dev/drone-home/ros2_ws/install/drone_home/lib/python3.10/site-packages/drone_home-0.0.0-py3.10.egg-info/zip-safe
/workspaces/drone_home-dev/drone-home/ros2_ws/install/drone_home/lib/python3.10/site-packages/drone_home-0.0.0-py3.10.egg-info/dependency_links.txt
/workspaces/drone_home-dev/drone-home/ros2_ws/install/drone_home/lib/drone_home/controller
/workspaces/drone_home-dev/drone-home/ros2_ws/install/drone_home/lib/drone_home/drive_hardware
/workspaces/drone_home-dev/drone-home/ros2_ws/install/drone_home/lib/drone_home/drive_publisher
/workspaces/drone_home-dev/drone-home/ros2_ws/install/drone_home/lib/drone_home/gps_publisher
/workspaces/drone_home-dev/drone-home/ros2_ws/install/drone_home/lib/drone_home/imu_publisher
/workspaces/drone_home-dev/drone-home/ros2_ws/install/drone_home/lib/drone_home/pwm_publisher
/workspaces/drone_home-dev/drone-home/ros2_ws/install/drone_home/lib/drone_home/visualization
