[1.858s] Invoking command in '/home/pi/drone-home/ros2_ws/src/drone_home': DEBUGINFOD_URLS=https://debuginfod.ubuntu.com PYTHONPATH=/home/pi/drone-home/ros2_ws/build/drone_home/prefix_override:/usr/lib/python3/dist-packages/colcon_core/task/python/colcon_distutils_commands:/home/pi/drone-home/ros2_ws/install/drone_home/lib/python3.12/site-packages:${PYTHONPATH} /usr/bin/python3 -W ignore:setup.py install is deprecated setup.py egg_info --egg-base ../../build/drone_home build --build-base /home/pi/drone-home/ros2_ws/build/drone_home/build install --record /home/pi/drone-home/ros2_ws/build/drone_home/install.log --single-version-externally-managed install_data
[2.236s] running egg_info
[2.263s] writing ../../build/drone_home/drone_home.egg-info/PKG-INFO
[2.264s] writing dependency_links to ../../build/drone_home/drone_home.egg-info/dependency_links.txt
[2.268s] writing entry points to ../../build/drone_home/drone_home.egg-info/entry_points.txt
[2.270s] writing requirements to ../../build/drone_home/drone_home.egg-info/requires.txt
[2.273s] writing top-level names to ../../build/drone_home/drone_home.egg-info/top_level.txt
[2.333s] reading manifest file '../../build/drone_home/drone_home.egg-info/SOURCES.txt'
[2.336s] writing manifest file '../../build/drone_home/drone_home.egg-info/SOURCES.txt'
[2.336s] running build
[2.336s] running build_py
[2.337s] copying drone_home/controller.py -> /home/pi/drone-home/ros2_ws/build/drone_home/build/lib/drone_home
[2.337s] running install
[2.347s] running install_lib
[2.375s] copying /home/pi/drone-home/ros2_ws/build/drone_home/build/lib/drone_home/controller.py -> /home/pi/drone-home/ros2_ws/install/drone_home/lib/python3.12/site-packages/drone_home
[2.376s] byte-compiling /home/pi/drone-home/ros2_ws/install/drone_home/lib/python3.12/site-packages/drone_home/controller.py to controller.cpython-312.pyc
[2.403s]   File "/home/pi/drone-home/ros2_ws/install/drone_home/lib/python3.12/site-packages/drone_home/controller.py", line 62
[2.404s]     self.get_logger().info((f"Distance: {distance:.2f} meters")
[2.404s]                           ^
[2.404s] SyntaxError: '(' was never closed
[2.404s] 
[2.404s] running install_data
[2.404s] running install_egg_info
[2.437s] removing '/home/pi/drone-home/ros2_ws/install/drone_home/lib/python3.12/site-packages/drone_home-0.0.0-py3.12.egg-info' (and everything under it)
[2.438s] Copying ../../build/drone_home/drone_home.egg-info to /home/pi/drone-home/ros2_ws/install/drone_home/lib/python3.12/site-packages/drone_home-0.0.0-py3.12.egg-info
[2.439s] running install_scripts
[2.625s] Installing controller script to /home/pi/drone-home/ros2_ws/install/drone_home/lib/drone_home
[2.625s] Installing drive_hardware script to /home/pi/drone-home/ros2_ws/install/drone_home/lib/drone_home
[2.625s] Installing drive_publisher script to /home/pi/drone-home/ros2_ws/install/drone_home/lib/drone_home
[2.625s] Installing imu_publisher script to /home/pi/drone-home/ros2_ws/install/drone_home/lib/drone_home
[2.626s] writing list of installed files to '/home/pi/drone-home/ros2_ws/build/drone_home/install.log'
[2.710s] Invoked command in '/home/pi/drone-home/ros2_ws/src/drone_home' returned '0': DEBUGINFOD_URLS=https://debuginfod.ubuntu.com PYTHONPATH=/home/pi/drone-home/ros2_ws/build/drone_home/prefix_override:/usr/lib/python3/dist-packages/colcon_core/task/python/colcon_distutils_commands:/home/pi/drone-home/ros2_ws/install/drone_home/lib/python3.12/site-packages:${PYTHONPATH} /usr/bin/python3 -W ignore:setup.py install is deprecated setup.py egg_info --egg-base ../../build/drone_home build --build-base /home/pi/drone-home/ros2_ws/build/drone_home/build install --record /home/pi/drone-home/ros2_ws/build/drone_home/install.log --single-version-externally-managed install_data
