[0.000000] (-) TimerEvent: {}
[0.001146] (drone_home) JobQueued: {'identifier': 'drone_home', 'dependencies': OrderedDict()}
[0.001488] (drone_home) JobStarted: {'identifier': 'drone_home'}
[0.099247] (-) TimerEvent: {}
[0.199778] (-) TimerEvent: {}
[0.300338] (-) TimerEvent: {}
[0.400933] (-) TimerEvent: {}
[0.501635] (-) TimerEvent: {}
[0.602355] (-) TimerEvent: {}
[0.703088] (-) TimerEvent: {}
[0.803830] (-) TimerEvent: {}
[0.904554] (-) TimerEvent: {}
[1.005114] (-) TimerEvent: {}
[1.105702] (-) TimerEvent: {}
[1.206440] (-) TimerEvent: {}
[1.307159] (-) TimerEvent: {}
[1.407774] (-) TimerEvent: {}
[1.508461] (-) TimerEvent: {}
[1.609050] (-) TimerEvent: {}
[1.709770] (-) TimerEvent: {}
[1.810413] (-) TimerEvent: {}
[1.911196] (-) TimerEvent: {}
[2.011939] (-) TimerEvent: {}
[2.112653] (-) TimerEvent: {}
[2.213389] (-) TimerEvent: {}
[2.314151] (-) TimerEvent: {}
[2.409656] (drone_home) Command: {'cmd': ['/usr/bin/python3', '-W', 'ignore:setup.py install is deprecated', 'setup.py', 'egg_info', '--egg-base', '../../build/drone_home', 'build', '--build-base', '/workspaces/isaac_ros-dev/drone-home/ros2_ws/build/drone_home/build', 'install', '--record', '/workspaces/isaac_ros-dev/drone-home/ros2_ws/build/drone_home/install.log', '--single-version-externally-managed', 'install_data'], 'cwd': '/workspaces/isaac_ros-dev/drone-home/ros2_ws/src/drone_home', 'env': {'LIBRARY_PATH': '/usr/local/cuda/lib64/stubs', 'PYTHONWARNINGS': 'ignore:::setuptools.command.install,ignore:::setuptools.command.easy_install,ignore:::pkg_resources,ignore:::setuptools.command.develop', 'NV_LIBCUBLAS_VERSION': '12.6.1.4-1', 'USER': 'jet', 'NV_CUDA_NSIGHT_COMPUTE_VERSION': '12.6.11-1', 'HOSTNAME': 'drone-home', 'SHLVL': '1', 'LD_LIBRARY_PATH': '/opt/ros/humble/opt/rviz_ogre_vendor/lib:/opt/ros/humble/lib/aarch64-linux-gnu:/opt/ros/humble/lib:/usr/lib/aarch64-linux-gnu/tegra/weston:/usr/lib/aarch64-linux-gnu/tegra-egl:/usr/local/cuda-12.6/targets/aarch64-linux/lib:/usr/lib/aarch64-linux-gnu/tegra:/opt/nvidia/vpi3/lib64:/usr/local/libcudss-linux-0.3.0.9_cuda12-archive/lib:/usr/local/nvidia/lib:/usr/local/nvidia/lib64:/usr/lib/aarch64-linux-gnu-host:/opt/tritonserver/lib', 'HOME': '/home/admin', 'OLDPWD': '/workspaces/isaac_ros-dev/drone-home', 'HOST_USER_GID': '1000', 'NV_LIBCUBLAS_DEV_VERSION': '12.6.1.4-1', 'ROS_PYTHON_VERSION': '3', 'NVIDIA_PVA_DEVICE': 'all', 'NV_LIBNPP_PACKAGE': 'libnpp-12-6=12.3.1.54-1', 'CUDA_VERSION': '12.6.11', 'ROS_DISTRO': 'humble', 'NV_LIBCUBLAS_PACKAGE_NAME': 'libcublas-12-6', 'NVIDIA_REQUIRE_CUDA': 'cuda>=12.6', '_': '/usr/bin/colcon', 'ROS_VERSION': '2', 'NV_LIBCUSPARSE_VERSION': '12.5.3.3-1', 'NVIDIA_DRIVER_CAPABILITIES': 'all', 'NV_CUDA_LIB_VERSION': '12.6.11-1', 'NV_NVML_DEV_VERSION': '12.6.68-1', 'USERNAME': 'admin', 'NV_LIBNPP_DEV_PACKAGE': 'libnpp-dev-12-6=12.3.1.54-1', 'TERM': 'xterm', 'ISAAC_ROS_WS': '/workspaces/isaac_ros-dev', 'NV_CUDA_CUDART_VERSION': '12.6.68-1', 'ROS_LOCALHOST_ONLY': '0', 'PATH': '/opt/ros/humble/bin:/opt/ros/humble/vcstool/scripts:/usr/local/nvidia/bin:/usr/local/cuda/bin:/usr/src/tensorrt/bin:/usr/local/nvidia/bin:/usr/local/cuda/bin:/usr/local/sbin:/usr/local/bin:/usr/sbin:/usr/bin:/sbin:/bin', 'NV_LIBCUBLAS_DEV_PACKAGE_NAME': 'libcublas-dev-12-6', 'NV_LIBCUBLAS_PACKAGE': 'libcublas-12-6=12.6.1.4-1', 'HOST_USER_UID': '1000', 'NVARCH': 'arm64', 'CUDSS_DIR': '/usr/local/libcudss-linux-0.3.0.9_cuda12-archive', 'NV_LIBCUSPARSE_DEV_VERSION': '12.5.3.3-1', 'NVIDIA_PRODUCT_NAME': 'CUDA', 'LANG': 'en_US.UTF-8', 'RMW_IMPLEMENTATION': 'rmw_fastrtps_cpp', 'NV_CUDA_CUDART_DEV_VERSION': '12.6.68-1', 'ROS_ROOT': '/opt/ros/humble', 'AMENT_PREFIX_PATH': '/opt/ros/humble', 'DEBIAN_FRONTEND': 'noninteractive', 'SHELL': '/bin/bash', 'TRT_INCLUDE_PATH': '/usr/include/aarch64-linux-gnu', 'NV_LIBCUBLAS_DEV_PACKAGE': 'libcublas-dev-12-6=12.6.1.4-1', 'NV_CUDA_NSIGHT_COMPUTE_DEV_PACKAGE': 'cuda-nsight-compute-12-6=12.6.11-1', 'NVIDIA_REQUIRE_JETPACK_HOST_MOUNTS': 'base-only', 'NV_NVTX_VERSION': '12.6.68-1', 'NV_LIBNPP_VERSION': '12.3.1.54-1', 'PWD': '/workspaces/isaac_ros-dev/drone-home/ros2_ws/build/drone_home', 'PYTHONPATH': '/workspaces/isaac_ros-dev/drone-home/ros2_ws/build/drone_home/prefix_override:/usr/lib/python3/dist-packages/colcon_core/task/python/colcon_distutils_commands:/workspaces/isaac_ros-dev/drone-home/ros2_ws/install/drone_home/lib/python3.10/site-packages:/opt/ros/humble/lib/python3.10/site-packages:/opt/ros/humble/local/lib/python3.10/dist-packages:/opt/ros/humble/vcstool:', 'NVIDIA_VISIBLE_DEVICES': 'void', 'COLCON': '1', 'NV_LIBNPP_DEV_VERSION': '12.3.1.54-1', 'CMAKE_PREFIX_PATH': '/usr/local/libcudss-linux-0.3.0.9_cuda12-archive:', 'TRT_LIB_PATH': '/usr/lib/aarch64-linux-gnu'}, 'shell': False}
[2.414239] (-) TimerEvent: {}
[2.514853] (-) TimerEvent: {}
[2.615403] (-) TimerEvent: {}
[2.715940] (-) TimerEvent: {}
[2.816485] (-) TimerEvent: {}
[2.917015] (-) TimerEvent: {}
[3.017593] (-) TimerEvent: {}
[3.118136] (-) TimerEvent: {}
[3.218657] (-) TimerEvent: {}
[3.319205] (-) TimerEvent: {}
[3.332489] (drone_home) StdoutLine: {'line': b'running egg_info\n'}
[3.371321] (drone_home) StdoutLine: {'line': b'writing ../../build/drone_home/drone_home.egg-info/PKG-INFO\n'}
[3.371997] (drone_home) StdoutLine: {'line': b'writing dependency_links to ../../build/drone_home/drone_home.egg-info/dependency_links.txt\n'}
[3.372239] (drone_home) StdoutLine: {'line': b'writing entry points to ../../build/drone_home/drone_home.egg-info/entry_points.txt\n'}
[3.372523] (drone_home) StdoutLine: {'line': b'writing requirements to ../../build/drone_home/drone_home.egg-info/requires.txt\n'}
[3.372745] (drone_home) StdoutLine: {'line': b'writing top-level names to ../../build/drone_home/drone_home.egg-info/top_level.txt\n'}
[3.419299] (-) TimerEvent: {}
[3.519760] (-) TimerEvent: {}
[3.530863] (drone_home) StderrLine: {'line': b"ERROR setuptools_scm._file_finders.git listing git files failed - pretending there aren't any\n"}
[3.619897] (-) TimerEvent: {}
[3.720415] (-) TimerEvent: {}
[3.765006] (drone_home) StdoutLine: {'line': b"reading manifest file '../../build/drone_home/drone_home.egg-info/SOURCES.txt'\n"}
[3.766972] (drone_home) StdoutLine: {'line': b"writing manifest file '../../build/drone_home/drone_home.egg-info/SOURCES.txt'\n"}
[3.767353] (drone_home) StdoutLine: {'line': b'running build\n'}
[3.767581] (drone_home) StdoutLine: {'line': b'running build_py\n'}
[3.769046] (drone_home) StdoutLine: {'line': b'running install\n'}
[3.779893] (drone_home) StdoutLine: {'line': b'running install_lib\n'}
[3.820517] (-) TimerEvent: {}
[3.824803] (drone_home) StdoutLine: {'line': b'running install_data\n'}
[3.825188] (drone_home) StdoutLine: {'line': b'running install_egg_info\n'}
[3.865248] (drone_home) StdoutLine: {'line': b"removing '/workspaces/isaac_ros-dev/drone-home/ros2_ws/install/drone_home/lib/python3.10/site-packages/drone_home-0.0.0-py3.10.egg-info' (and everything under it)\n"}
[3.866306] (drone_home) StdoutLine: {'line': b'Copying ../../build/drone_home/drone_home.egg-info to /workspaces/isaac_ros-dev/drone-home/ros2_ws/install/drone_home/lib/python3.10/site-packages/drone_home-0.0.0-py3.10.egg-info\n'}
[3.868322] (drone_home) StdoutLine: {'line': b'running install_scripts\n'}
[3.920632] (-) TimerEvent: {}
[4.015004] (drone_home) StdoutLine: {'line': b'Installing controller script to /workspaces/isaac_ros-dev/drone-home/ros2_ws/install/drone_home/lib/drone_home\n'}
[4.015472] (drone_home) StdoutLine: {'line': b'Installing drive_hardware script to /workspaces/isaac_ros-dev/drone-home/ros2_ws/install/drone_home/lib/drone_home\n'}
[4.015706] (drone_home) StdoutLine: {'line': b'Installing drive_publisher script to /workspaces/isaac_ros-dev/drone-home/ros2_ws/install/drone_home/lib/drone_home\n'}
[4.015946] (drone_home) StdoutLine: {'line': b'Installing gps_publisher script to /workspaces/isaac_ros-dev/drone-home/ros2_ws/install/drone_home/lib/drone_home\n'}
[4.016219] (drone_home) StdoutLine: {'line': b'Installing imu_publisher script to /workspaces/isaac_ros-dev/drone-home/ros2_ws/install/drone_home/lib/drone_home\n'}
[4.016488] (drone_home) StdoutLine: {'line': b'Installing visualization script to /workspaces/isaac_ros-dev/drone-home/ros2_ws/install/drone_home/lib/drone_home\n'}
[4.017395] (drone_home) StdoutLine: {'line': b"writing list of installed files to '/workspaces/isaac_ros-dev/drone-home/ros2_ws/build/drone_home/install.log'\n"}
[4.020722] (-) TimerEvent: {}
[4.121205] (-) TimerEvent: {}
[4.131123] (drone_home) CommandEnded: {'returncode': 0}
[4.168459] (drone_home) JobEnded: {'identifier': 'drone_home', 'rc': 0}
[4.171346] (-) EventReactorShutdown: {}
