[0.083s] Invoking command in '/workspaces/drone_home-dev/drone-home/ros2_ws/build/custom_messages': CMAKE_PREFIX_PATH=${CMAKE_PREFIX_PATH}:/workspaces/drone_home-dev/drone-home/ros2_ws/install/drone_home:/opt/ros/humble /usr/local/bin/cmake --build /workspaces/drone_home-dev/drone-home/ros2_ws/build/custom_messages -- -j6 -l6
[0.457s] [  3%] Built target custom_messages__cpp
[0.470s] [  3%] Built target ament_cmake_python_copy_custom_messages
[0.491s] [ 12%] Built target custom_messages__rosidl_generator_c
[0.522s] [ 22%] Built target custom_messages__rosidl_typesupport_cpp
[0.528s] [ 32%] Built target custom_messages__rosidl_typesupport_fastrtps_cpp
[0.539s] [ 41%] Built target custom_messages__rosidl_typesupport_introspection_cpp
[0.553s] [ 51%] Built target custom_messages__rosidl_typesupport_fastrtps_c
[0.560s] [ 61%] Built target custom_messages__rosidl_typesupport_introspection_c
[0.569s] [ 70%] Built target custom_messages__rosidl_typesupport_c
[0.601s] [ 70%] Built target custom_messages
[0.635s] [ 74%] Built target custom_messages__py
[0.683s] [ 80%] Built target custom_messages__rosidl_generator_py
[0.722s] [ 87%] Built target custom_messages__rosidl_typesupport_fastrtps_c__pyext
[0.732s] [ 93%] Built target custom_messages__rosidl_typesupport_introspection_c__pyext
[0.737s] [100%] Built target custom_messages__rosidl_typesupport_c__pyext
[1.217s] running egg_info
[1.257s] writing custom_messages.egg-info/PKG-INFO
[1.259s] writing dependency_links to custom_messages.egg-info/dependency_links.txt
[1.260s] writing top-level names to custom_messages.egg-info/top_level.txt
[1.393s] reading manifest file 'custom_messages.egg-info/SOURCES.txt'
[1.396s] writing manifest file 'custom_messages.egg-info/SOURCES.txt'
[1.498s] [100%] Built target ament_cmake_python_build_custom_messages_egg
[1.518s] Invoked command in '/workspaces/drone_home-dev/drone-home/ros2_ws/build/custom_messages' returned '0': CMAKE_PREFIX_PATH=${CMAKE_PREFIX_PATH}:/workspaces/drone_home-dev/drone-home/ros2_ws/install/drone_home:/opt/ros/humble /usr/local/bin/cmake --build /workspaces/drone_home-dev/drone-home/ros2_ws/build/custom_messages -- -j6 -l6
[1.710s] Invoking command in '/workspaces/drone_home-dev/drone-home/ros2_ws/build/custom_messages': CMAKE_PREFIX_PATH=${CMAKE_PREFIX_PATH}:/workspaces/drone_home-dev/drone-home/ros2_ws/install/drone_home:/opt/ros/humble /usr/local/bin/cmake --install /workspaces/drone_home-dev/drone-home/ros2_ws/build/custom_messages
[1.893s] -- Install configuration: ""
[1.894s] -- Up-to-date: /workspaces/drone_home-dev/drone-home/ros2_ws/install/custom_messages/share/ament_index/resource_index/rosidl_interfaces/custom_messages
[1.895s] -- Up-to-date: /workspaces/drone_home-dev/drone-home/ros2_ws/install/custom_messages/include/custom_messages/custom_messages
[1.895s] -- Up-to-date: /workspaces/drone_home-dev/drone-home/ros2_ws/install/custom_messages/include/custom_messages/custom_messages/msg
[1.895s] -- Up-to-date: /workspaces/drone_home-dev/drone-home/ros2_ws/install/custom_messages/include/custom_messages/custom_messages/msg/cv.h
[1.895s] -- Up-to-date: /workspaces/drone_home-dev/drone-home/ros2_ws/install/custom_messages/include/custom_messages/custom_messages/msg/detail
[1.896s] -- Up-to-date: /workspaces/drone_home-dev/drone-home/ros2_ws/install/custom_messages/include/custom_messages/custom_messages/msg/detail/cv__type_support.h
[1.896s] -- Up-to-date: /workspaces/drone_home-dev/drone-home/ros2_ws/install/custom_messages/include/custom_messages/custom_messages/msg/detail/cv__struct.h
[1.896s] -- Up-to-date: /workspaces/drone_home-dev/drone-home/ros2_ws/install/custom_messages/include/custom_messages/custom_messages/msg/detail/cv__functions.c
[1.897s] -- Up-to-date: /workspaces/drone_home-dev/drone-home/ros2_ws/install/custom_messages/include/custom_messages/custom_messages/msg/detail/cv__functions.h
[1.897s] -- Up-to-date: /workspaces/drone_home-dev/drone-home/ros2_ws/install/custom_messages/include/custom_messages/custom_messages/msg/rosidl_generator_c__visibility_control.h
[1.897s] -- Up-to-date: /workspaces/drone_home-dev/drone-home/ros2_ws/install/custom_messages/share/custom_messages/environment/library_path.sh
[1.897s] -- Up-to-date: /workspaces/drone_home-dev/drone-home/ros2_ws/install/custom_messages/share/custom_messages/environment/library_path.dsv
[1.898s] -- Up-to-date: /workspaces/drone_home-dev/drone-home/ros2_ws/install/custom_messages/lib/libcustom_messages__rosidl_generator_c.so
[1.898s] -- Up-to-date: /workspaces/drone_home-dev/drone-home/ros2_ws/install/custom_messages/include/custom_messages/custom_messages
[1.898s] -- Up-to-date: /workspaces/drone_home-dev/drone-home/ros2_ws/install/custom_messages/include/custom_messages/custom_messages/msg
[1.898s] -- Up-to-date: /workspaces/drone_home-dev/drone-home/ros2_ws/install/custom_messages/include/custom_messages/custom_messages/msg/detail
[1.898s] -- Up-to-date: /workspaces/drone_home-dev/drone-home/ros2_ws/install/custom_messages/include/custom_messages/custom_messages/msg/detail/cv__rosidl_typesupport_fastrtps_c.h
[1.898s] -- Up-to-date: /workspaces/drone_home-dev/drone-home/ros2_ws/install/custom_messages/include/custom_messages/custom_messages/msg/rosidl_typesupport_fastrtps_c__visibility_control.h
[1.899s] -- Up-to-date: /workspaces/drone_home-dev/drone-home/ros2_ws/install/custom_messages/lib/libcustom_messages__rosidl_typesupport_fastrtps_c.so
[1.900s] -- Up-to-date: /workspaces/drone_home-dev/drone-home/ros2_ws/install/custom_messages/include/custom_messages/custom_messages
[1.900s] -- Up-to-date: /workspaces/drone_home-dev/drone-home/ros2_ws/install/custom_messages/include/custom_messages/custom_messages/msg
[1.900s] -- Up-to-date: /workspaces/drone_home-dev/drone-home/ros2_ws/install/custom_messages/include/custom_messages/custom_messages/msg/detail
[1.900s] -- Up-to-date: /workspaces/drone_home-dev/drone-home/ros2_ws/install/custom_messages/include/custom_messages/custom_messages/msg/detail/cv__rosidl_typesupport_introspection_c.h
[1.900s] -- Up-to-date: /workspaces/drone_home-dev/drone-home/ros2_ws/install/custom_messages/include/custom_messages/custom_messages/msg/detail/cv__type_support.c
[1.900s] -- Up-to-date: /workspaces/drone_home-dev/drone-home/ros2_ws/install/custom_messages/include/custom_messages/custom_messages/msg/rosidl_typesupport_introspection_c__visibility_control.h
[1.901s] -- Up-to-date: /workspaces/drone_home-dev/drone-home/ros2_ws/install/custom_messages/lib/libcustom_messages__rosidl_typesupport_introspection_c.so
[1.901s] -- Up-to-date: /workspaces/drone_home-dev/drone-home/ros2_ws/install/custom_messages/lib/libcustom_messages__rosidl_typesupport_c.so
[1.901s] -- Up-to-date: /workspaces/drone_home-dev/drone-home/ros2_ws/install/custom_messages/include/custom_messages/custom_messages
[1.902s] -- Up-to-date: /workspaces/drone_home-dev/drone-home/ros2_ws/install/custom_messages/include/custom_messages/custom_messages/msg
[1.902s] -- Up-to-date: /workspaces/drone_home-dev/drone-home/ros2_ws/install/custom_messages/include/custom_messages/custom_messages/msg/detail
[1.902s] -- Up-to-date: /workspaces/drone_home-dev/drone-home/ros2_ws/install/custom_messages/include/custom_messages/custom_messages/msg/detail/cv__traits.hpp
[1.902s] -- Up-to-date: /workspaces/drone_home-dev/drone-home/ros2_ws/install/custom_messages/include/custom_messages/custom_messages/msg/detail/cv__struct.hpp
[1.902s] -- Up-to-date: /workspaces/drone_home-dev/drone-home/ros2_ws/install/custom_messages/include/custom_messages/custom_messages/msg/detail/cv__builder.hpp
[1.903s] -- Up-to-date: /workspaces/drone_home-dev/drone-home/ros2_ws/install/custom_messages/include/custom_messages/custom_messages/msg/detail/cv__type_support.hpp
[1.903s] -- Up-to-date: /workspaces/drone_home-dev/drone-home/ros2_ws/install/custom_messages/include/custom_messages/custom_messages/msg/cv.hpp
[1.903s] -- Up-to-date: /workspaces/drone_home-dev/drone-home/ros2_ws/install/custom_messages/include/custom_messages/custom_messages/msg/rosidl_generator_cpp__visibility_control.hpp
[1.904s] -- Up-to-date: /workspaces/drone_home-dev/drone-home/ros2_ws/install/custom_messages/include/custom_messages/custom_messages
[1.904s] -- Up-to-date: /workspaces/drone_home-dev/drone-home/ros2_ws/install/custom_messages/include/custom_messages/custom_messages/msg
[1.904s] -- Up-to-date: /workspaces/drone_home-dev/drone-home/ros2_ws/install/custom_messages/include/custom_messages/custom_messages/msg/detail
[1.904s] -- Up-to-date: /workspaces/drone_home-dev/drone-home/ros2_ws/install/custom_messages/include/custom_messages/custom_messages/msg/detail/dds_fastrtps
[1.904s] -- Up-to-date: /workspaces/drone_home-dev/drone-home/ros2_ws/install/custom_messages/include/custom_messages/custom_messages/msg/detail/cv__rosidl_typesupport_fastrtps_cpp.hpp
[1.905s] -- Up-to-date: /workspaces/drone_home-dev/drone-home/ros2_ws/install/custom_messages/include/custom_messages/custom_messages/msg/rosidl_typesupport_fastrtps_cpp__visibility_control.h
[1.905s] -- Up-to-date: /workspaces/drone_home-dev/drone-home/ros2_ws/install/custom_messages/lib/libcustom_messages__rosidl_typesupport_fastrtps_cpp.so
[1.905s] -- Up-to-date: /workspaces/drone_home-dev/drone-home/ros2_ws/install/custom_messages/include/custom_messages/custom_messages
[1.905s] -- Up-to-date: /workspaces/drone_home-dev/drone-home/ros2_ws/install/custom_messages/include/custom_messages/custom_messages/msg
[1.906s] -- Up-to-date: /workspaces/drone_home-dev/drone-home/ros2_ws/install/custom_messages/include/custom_messages/custom_messages/msg/detail
[1.906s] -- Up-to-date: /workspaces/drone_home-dev/drone-home/ros2_ws/install/custom_messages/include/custom_messages/custom_messages/msg/detail/cv__type_support.cpp
[1.906s] -- Up-to-date: /workspaces/drone_home-dev/drone-home/ros2_ws/install/custom_messages/include/custom_messages/custom_messages/msg/detail/cv__rosidl_typesupport_introspection_cpp.hpp
[1.906s] -- Up-to-date: /workspaces/drone_home-dev/drone-home/ros2_ws/install/custom_messages/lib/libcustom_messages__rosidl_typesupport_introspection_cpp.so
[1.906s] -- Up-to-date: /workspaces/drone_home-dev/drone-home/ros2_ws/install/custom_messages/lib/libcustom_messages__rosidl_typesupport_cpp.so
[1.906s] -- Up-to-date: /workspaces/drone_home-dev/drone-home/ros2_ws/install/custom_messages/share/custom_messages/environment/pythonpath.sh
[1.906s] -- Up-to-date: /workspaces/drone_home-dev/drone-home/ros2_ws/install/custom_messages/share/custom_messages/environment/pythonpath.dsv
[1.907s] -- Up-to-date: /workspaces/drone_home-dev/drone-home/ros2_ws/install/custom_messages/local/lib/python3.10/dist-packages/custom_messages-0.0.0-py3.10.egg-info
[1.907s] -- Installing: /workspaces/drone_home-dev/drone-home/ros2_ws/install/custom_messages/local/lib/python3.10/dist-packages/custom_messages-0.0.0-py3.10.egg-info/top_level.txt
[1.907s] -- Installing: /workspaces/drone_home-dev/drone-home/ros2_ws/install/custom_messages/local/lib/python3.10/dist-packages/custom_messages-0.0.0-py3.10.egg-info/SOURCES.txt
[1.907s] -- Installing: /workspaces/drone_home-dev/drone-home/ros2_ws/install/custom_messages/local/lib/python3.10/dist-packages/custom_messages-0.0.0-py3.10.egg-info/PKG-INFO
[1.907s] -- Installing: /workspaces/drone_home-dev/drone-home/ros2_ws/install/custom_messages/local/lib/python3.10/dist-packages/custom_messages-0.0.0-py3.10.egg-info/dependency_links.txt
[1.907s] -- Up-to-date: /workspaces/drone_home-dev/drone-home/ros2_ws/install/custom_messages/local/lib/python3.10/dist-packages/custom_messages
[1.907s] -- Up-to-date: /workspaces/drone_home-dev/drone-home/ros2_ws/install/custom_messages/local/lib/python3.10/dist-packages/custom_messages/_custom_messages_s.ep.rosidl_typesupport_c.c
[1.908s] -- Up-to-date: /workspaces/drone_home-dev/drone-home/ros2_ws/install/custom_messages/local/lib/python3.10/dist-packages/custom_messages/__init__.py
[1.908s] -- Up-to-date: /workspaces/drone_home-dev/drone-home/ros2_ws/install/custom_messages/local/lib/python3.10/dist-packages/custom_messages/_custom_messages_s.ep.rosidl_typesupport_introspection_c.c
[1.908s] -- Up-to-date: /workspaces/drone_home-dev/drone-home/ros2_ws/install/custom_messages/local/lib/python3.10/dist-packages/custom_messages/_custom_messages_s.ep.rosidl_typesupport_fastrtps_c.c
[1.908s] -- Up-to-date: /workspaces/drone_home-dev/drone-home/ros2_ws/install/custom_messages/local/lib/python3.10/dist-packages/custom_messages/libcustom_messages__rosidl_generator_py.so
[1.908s] -- Up-to-date: /workspaces/drone_home-dev/drone-home/ros2_ws/install/custom_messages/local/lib/python3.10/dist-packages/custom_messages/custom_messages_s__rosidl_typesupport_fastrtps_c.cpython-310-aarch64-linux-gnu.so
[1.908s] -- Up-to-date: /workspaces/drone_home-dev/drone-home/ros2_ws/install/custom_messages/local/lib/python3.10/dist-packages/custom_messages/msg
[1.908s] -- Up-to-date: /workspaces/drone_home-dev/drone-home/ros2_ws/install/custom_messages/local/lib/python3.10/dist-packages/custom_messages/msg/__init__.py
[1.908s] -- Up-to-date: /workspaces/drone_home-dev/drone-home/ros2_ws/install/custom_messages/local/lib/python3.10/dist-packages/custom_messages/msg/_cv_s.c
[1.909s] -- Up-to-date: /workspaces/drone_home-dev/drone-home/ros2_ws/install/custom_messages/local/lib/python3.10/dist-packages/custom_messages/msg/_cv.py
[1.909s] -- Up-to-date: /workspaces/drone_home-dev/drone-home/ros2_ws/install/custom_messages/local/lib/python3.10/dist-packages/custom_messages/custom_messages_s__rosidl_typesupport_c.cpython-310-aarch64-linux-gnu.so
[1.909s] -- Up-to-date: /workspaces/drone_home-dev/drone-home/ros2_ws/install/custom_messages/local/lib/python3.10/dist-packages/custom_messages/custom_messages_s__rosidl_typesupport_introspection_c.cpython-310-aarch64-linux-gnu.so
[1.987s] Listing '/workspaces/drone_home-dev/drone-home/ros2_ws/install/custom_messages/local/lib/python3.10/dist-packages/custom_messages'...
[1.987s] Listing '/workspaces/drone_home-dev/drone-home/ros2_ws/install/custom_messages/local/lib/python3.10/dist-packages/custom_messages/msg'...
[2.002s] -- Up-to-date: /workspaces/drone_home-dev/drone-home/ros2_ws/install/custom_messages/local/lib/python3.10/dist-packages/custom_messages/custom_messages_s__rosidl_typesupport_fastrtps_c.cpython-310-aarch64-linux-gnu.so
[2.006s] -- Up-to-date: /workspaces/drone_home-dev/drone-home/ros2_ws/install/custom_messages/local/lib/python3.10/dist-packages/custom_messages/custom_messages_s__rosidl_typesupport_introspection_c.cpython-310-aarch64-linux-gnu.so
[2.009s] -- Up-to-date: /workspaces/drone_home-dev/drone-home/ros2_ws/install/custom_messages/local/lib/python3.10/dist-packages/custom_messages/custom_messages_s__rosidl_typesupport_c.cpython-310-aarch64-linux-gnu.so
[2.011s] -- Up-to-date: /workspaces/drone_home-dev/drone-home/ros2_ws/install/custom_messages/lib/libcustom_messages__rosidl_generator_py.so
[2.012s] -- Up-to-date: /workspaces/drone_home-dev/drone-home/ros2_ws/install/custom_messages/share/custom_messages/msg/CV.idl
[2.017s] -- Up-to-date: /workspaces/drone_home-dev/drone-home/ros2_ws/install/custom_messages/share/custom_messages/msg/CV.msg
[2.017s] -- Up-to-date: /workspaces/drone_home-dev/drone-home/ros2_ws/install/custom_messages/share/ament_index/resource_index/package_run_dependencies/custom_messages
[2.017s] -- Up-to-date: /workspaces/drone_home-dev/drone-home/ros2_ws/install/custom_messages/share/ament_index/resource_index/parent_prefix_path/custom_messages
[2.019s] -- Up-to-date: /workspaces/drone_home-dev/drone-home/ros2_ws/install/custom_messages/share/custom_messages/environment/ament_prefix_path.sh
[2.020s] -- Up-to-date: /workspaces/drone_home-dev/drone-home/ros2_ws/install/custom_messages/share/custom_messages/environment/ament_prefix_path.dsv
[2.020s] -- Up-to-date: /workspaces/drone_home-dev/drone-home/ros2_ws/install/custom_messages/share/custom_messages/environment/path.sh
[2.020s] -- Up-to-date: /workspaces/drone_home-dev/drone-home/ros2_ws/install/custom_messages/share/custom_messages/environment/path.dsv
[2.021s] -- Up-to-date: /workspaces/drone_home-dev/drone-home/ros2_ws/install/custom_messages/share/custom_messages/local_setup.bash
[2.024s] -- Up-to-date: /workspaces/drone_home-dev/drone-home/ros2_ws/install/custom_messages/share/custom_messages/local_setup.sh
[2.025s] -- Up-to-date: /workspaces/drone_home-dev/drone-home/ros2_ws/install/custom_messages/share/custom_messages/local_setup.zsh
[2.029s] -- Up-to-date: /workspaces/drone_home-dev/drone-home/ros2_ws/install/custom_messages/share/custom_messages/local_setup.dsv
[2.031s] -- Installing: /workspaces/drone_home-dev/drone-home/ros2_ws/install/custom_messages/share/custom_messages/package.dsv
[2.032s] -- Up-to-date: /workspaces/drone_home-dev/drone-home/ros2_ws/install/custom_messages/share/ament_index/resource_index/packages/custom_messages
[2.033s] -- Up-to-date: /workspaces/drone_home-dev/drone-home/ros2_ws/install/custom_messages/share/custom_messages/cmake/export_custom_messages__rosidl_generator_cExport.cmake
[2.034s] -- Up-to-date: /workspaces/drone_home-dev/drone-home/ros2_ws/install/custom_messages/share/custom_messages/cmake/export_custom_messages__rosidl_generator_cExport-noconfig.cmake
[2.034s] -- Up-to-date: /workspaces/drone_home-dev/drone-home/ros2_ws/install/custom_messages/share/custom_messages/cmake/export_custom_messages__rosidl_typesupport_fastrtps_cExport.cmake
[2.034s] -- Up-to-date: /workspaces/drone_home-dev/drone-home/ros2_ws/install/custom_messages/share/custom_messages/cmake/export_custom_messages__rosidl_typesupport_fastrtps_cExport-noconfig.cmake
[2.035s] -- Up-to-date: /workspaces/drone_home-dev/drone-home/ros2_ws/install/custom_messages/share/custom_messages/cmake/custom_messages__rosidl_typesupport_introspection_cExport.cmake
[2.035s] -- Up-to-date: /workspaces/drone_home-dev/drone-home/ros2_ws/install/custom_messages/share/custom_messages/cmake/custom_messages__rosidl_typesupport_introspection_cExport-noconfig.cmake
[2.035s] -- Up-to-date: /workspaces/drone_home-dev/drone-home/ros2_ws/install/custom_messages/share/custom_messages/cmake/custom_messages__rosidl_typesupport_cExport.cmake
[2.035s] -- Up-to-date: /workspaces/drone_home-dev/drone-home/ros2_ws/install/custom_messages/share/custom_messages/cmake/custom_messages__rosidl_typesupport_cExport-noconfig.cmake
[2.036s] -- Up-to-date: /workspaces/drone_home-dev/drone-home/ros2_ws/install/custom_messages/share/custom_messages/cmake/export_custom_messages__rosidl_generator_cppExport.cmake
[2.036s] -- Up-to-date: /workspaces/drone_home-dev/drone-home/ros2_ws/install/custom_messages/share/custom_messages/cmake/export_custom_messages__rosidl_typesupport_fastrtps_cppExport.cmake
[2.037s] -- Up-to-date: /workspaces/drone_home-dev/drone-home/ros2_ws/install/custom_messages/share/custom_messages/cmake/export_custom_messages__rosidl_typesupport_fastrtps_cppExport-noconfig.cmake
[2.037s] -- Up-to-date: /workspaces/drone_home-dev/drone-home/ros2_ws/install/custom_messages/share/custom_messages/cmake/custom_messages__rosidl_typesupport_introspection_cppExport.cmake
[2.037s] -- Up-to-date: /workspaces/drone_home-dev/drone-home/ros2_ws/install/custom_messages/share/custom_messages/cmake/custom_messages__rosidl_typesupport_introspection_cppExport-noconfig.cmake
[2.038s] -- Up-to-date: /workspaces/drone_home-dev/drone-home/ros2_ws/install/custom_messages/share/custom_messages/cmake/custom_messages__rosidl_typesupport_cppExport.cmake
[2.038s] -- Up-to-date: /workspaces/drone_home-dev/drone-home/ros2_ws/install/custom_messages/share/custom_messages/cmake/custom_messages__rosidl_typesupport_cppExport-noconfig.cmake
[2.038s] -- Up-to-date: /workspaces/drone_home-dev/drone-home/ros2_ws/install/custom_messages/share/custom_messages/cmake/export_custom_messages__rosidl_generator_pyExport.cmake
[2.039s] -- Up-to-date: /workspaces/drone_home-dev/drone-home/ros2_ws/install/custom_messages/share/custom_messages/cmake/export_custom_messages__rosidl_generator_pyExport-noconfig.cmake
[2.039s] -- Up-to-date: /workspaces/drone_home-dev/drone-home/ros2_ws/install/custom_messages/share/custom_messages/cmake/rosidl_cmake-extras.cmake
[2.039s] -- Up-to-date: /workspaces/drone_home-dev/drone-home/ros2_ws/install/custom_messages/share/custom_messages/cmake/ament_cmake_export_include_directories-extras.cmake
[2.040s] -- Up-to-date: /workspaces/drone_home-dev/drone-home/ros2_ws/install/custom_messages/share/custom_messages/cmake/ament_cmake_export_libraries-extras.cmake
[2.040s] -- Up-to-date: /workspaces/drone_home-dev/drone-home/ros2_ws/install/custom_messages/share/custom_messages/cmake/ament_cmake_export_targets-extras.cmake
[2.040s] -- Up-to-date: /workspaces/drone_home-dev/drone-home/ros2_ws/install/custom_messages/share/custom_messages/cmake/rosidl_cmake_export_typesupport_targets-extras.cmake
[2.040s] -- Up-to-date: /workspaces/drone_home-dev/drone-home/ros2_ws/install/custom_messages/share/custom_messages/cmake/ament_cmake_export_dependencies-extras.cmake
[2.041s] -- Up-to-date: /workspaces/drone_home-dev/drone-home/ros2_ws/install/custom_messages/share/custom_messages/cmake/rosidl_cmake_export_typesupport_libraries-extras.cmake
[2.041s] -- Up-to-date: /workspaces/drone_home-dev/drone-home/ros2_ws/install/custom_messages/share/custom_messages/cmake/custom_messagesConfig.cmake
[2.041s] -- Up-to-date: /workspaces/drone_home-dev/drone-home/ros2_ws/install/custom_messages/share/custom_messages/cmake/custom_messagesConfig-version.cmake
[2.041s] -- Up-to-date: /workspaces/drone_home-dev/drone-home/ros2_ws/install/custom_messages/share/custom_messages/package.xml
[2.044s] Invoked command in '/workspaces/drone_home-dev/drone-home/ros2_ws/build/custom_messages' returned '0': CMAKE_PREFIX_PATH=${CMAKE_PREFIX_PATH}:/workspaces/drone_home-dev/drone-home/ros2_ws/install/drone_home:/opt/ros/humble /usr/local/bin/cmake --install /workspaces/drone_home-dev/drone-home/ros2_ws/build/custom_messages
