[1.482s] Invoking command in '/home/pi/git/drone-home/ros2_ws/src/drone_home': DEBUGINFOD_URLS=https://debuginfod.ubuntu.com PYTHONPATH=/home/pi/git/drone-home/ros2_ws/build/drone_home/prefix_override:/usr/lib/python3/dist-packages/colcon_core/task/python/colcon_distutils_commands:/home/pi/git/drone-home/ros2_ws/install/drone_home/lib/python3.12/site-packages:${PYTHONPATH} /usr/bin/python3 -W ignore:setup.py install is deprecated setup.py egg_info --egg-base ../../build/drone_home build --build-base /home/pi/git/drone-home/ros2_ws/build/drone_home/build install --record /home/pi/git/drone-home/ros2_ws/build/drone_home/install.log --single-version-externally-managed install_data
[1.848s] running egg_info
[1.873s] writing ../../build/drone_home/drone_home.egg-info/PKG-INFO
[1.874s] writing dependency_links to ../../build/drone_home/drone_home.egg-info/dependency_links.txt
[1.874s] writing entry points to ../../build/drone_home/drone_home.egg-info/entry_points.txt
[1.874s] writing requirements to ../../build/drone_home/drone_home.egg-info/requires.txt
[1.875s] writing top-level names to ../../build/drone_home/drone_home.egg-info/top_level.txt
[1.928s] reading manifest file '../../build/drone_home/drone_home.egg-info/SOURCES.txt'
[1.929s] writing manifest file '../../build/drone_home/drone_home.egg-info/SOURCES.txt'
[1.929s] running build
[1.929s] running build_py
[1.929s] running install
[1.939s] running install_lib
[1.966s] running install_data
[1.966s] running install_egg_info
[1.994s] removing '/home/pi/git/drone-home/ros2_ws/install/drone_home/lib/python3.12/site-packages/drone_home-0.0.0-py3.12.egg-info' (and everything under it)
[1.994s] Copying ../../build/drone_home/drone_home.egg-info to /home/pi/git/drone-home/ros2_ws/install/drone_home/lib/python3.12/site-packages/drone_home-0.0.0-py3.12.egg-info
[1.995s] running install_scripts
[2.175s] Installing imu_publisher script to /home/pi/git/drone-home/ros2_ws/install/drone_home/lib/drone_home
[2.175s] writing list of installed files to '/home/pi/git/drone-home/ros2_ws/build/drone_home/install.log'
[2.253s] Invoked command in '/home/pi/git/drone-home/ros2_ws/src/drone_home' returned '0': DEBUGINFOD_URLS=https://debuginfod.ubuntu.com PYTHONPATH=/home/pi/git/drone-home/ros2_ws/build/drone_home/prefix_override:/usr/lib/python3/dist-packages/colcon_core/task/python/colcon_distutils_commands:/home/pi/git/drone-home/ros2_ws/install/drone_home/lib/python3.12/site-packages:${PYTHONPATH} /usr/bin/python3 -W ignore:setup.py install is deprecated setup.py egg_info --egg-base ../../build/drone_home build --build-base /home/pi/git/drone-home/ros2_ws/build/drone_home/build install --record /home/pi/git/drone-home/ros2_ws/build/drone_home/install.log --single-version-externally-managed install_data
