[0.000000] (-) TimerEvent: {}
[0.001136] (drone_home) JobQueued: {'identifier': 'drone_home', 'dependencies': OrderedDict()}
[0.001472] (drone_home) JobStarted: {'identifier': 'drone_home'}
[0.099291] (-) TimerEvent: {}
[0.199816] (-) TimerEvent: {}
[0.300362] (-) TimerEvent: {}
[0.400897] (-) TimerEvent: {}
[0.501423] (-) TimerEvent: {}
[0.601952] (-) TimerEvent: {}
[0.702514] (-) TimerEvent: {}
[0.803074] (-) TimerEvent: {}
[0.903679] (-) TimerEvent: {}
[1.004226] (-) TimerEvent: {}
[1.104761] (-) TimerEvent: {}
[1.205307] (-) TimerEvent: {}
[1.305820] (-) TimerEvent: {}
[1.406352] (-) TimerEvent: {}
[1.506869] (-) TimerEvent: {}
[1.607385] (-) TimerEvent: {}
[1.707931] (-) TimerEvent: {}
[1.808518] (-) TimerEvent: {}
[1.909051] (-) TimerEvent: {}
[2.009585] (-) TimerEvent: {}
[2.110100] (-) TimerEvent: {}
[2.210631] (-) TimerEvent: {}
[2.311202] (-) TimerEvent: {}
[2.393314] (drone_home) Command: {'cmd': ['/usr/bin/python3', '-W', 'ignore:setup.py install is deprecated', 'setup.py', 'egg_info', '--egg-base', '../../build/drone_home', 'build', '--build-base', '/workspaces/isaac_ros-dev/drone-home/ros2_ws/build/drone_home/build', 'install', '--record', '/workspaces/isaac_ros-dev/drone-home/ros2_ws/build/drone_home/install.log', '--single-version-externally-managed', 'install_data'], 'cwd': '/workspaces/isaac_ros-dev/drone-home/ros2_ws/src/drone_home', 'env': {'LIBRARY_PATH': '/usr/local/cuda/lib64/stubs', 'PYTHONWARNINGS': 'ignore:::setuptools.command.install,ignore:::setuptools.command.easy_install,ignore:::pkg_resources,ignore:::setuptools.command.develop', 'NV_LIBCUBLAS_VERSION': '12.6.1.4-1', 'USER': 'jet', 'NV_CUDA_NSIGHT_COMPUTE_VERSION': '12.6.11-1', 'HOSTNAME': 'drone-home', 'SHLVL': '1', 'LD_LIBRARY_PATH': '/opt/ros/humble/opt/rviz_ogre_vendor/lib:/opt/ros/humble/lib/aarch64-linux-gnu:/opt/ros/humble/lib:/usr/lib/aarch64-linux-gnu/tegra/weston:/usr/lib/aarch64-linux-gnu/tegra-egl:/usr/local/cuda-12.6/targets/aarch64-linux/lib:/usr/lib/aarch64-linux-gnu/tegra:/opt/nvidia/vpi3/lib64:/usr/local/libcudss-linux-0.3.0.9_cuda12-archive/lib:/usr/local/nvidia/lib:/usr/local/nvidia/lib64:/usr/lib/aarch64-linux-gnu-host:/opt/tritonserver/lib', 'HOME': '/home/admin', 'OLDPWD': '/workspaces/isaac_ros-dev/drone-home/ros2_ws/src', 'HOST_USER_GID': '1000', 'NV_LIBCUBLAS_DEV_VERSION': '12.6.1.4-1', 'ROS_PYTHON_VERSION': '3', 'NVIDIA_PVA_DEVICE': 'all', 'NV_LIBNPP_PACKAGE': 'libnpp-12-6=12.3.1.54-1', 'CUDA_VERSION': '12.6.11', 'COLCON_PREFIX_PATH': '/workspaces/isaac_ros-dev/drone-home/ros2_ws/install', 'ROS_DISTRO': 'humble', 'NV_LIBCUBLAS_PACKAGE_NAME': 'libcublas-12-6', 'NVIDIA_REQUIRE_CUDA': 'cuda>=12.6', '_': '/usr/bin/colcon', 'ROS_VERSION': '2', 'NV_LIBCUSPARSE_VERSION': '12.5.3.3-1', 'NVIDIA_DRIVER_CAPABILITIES': 'all', 'NV_CUDA_LIB_VERSION': '12.6.11-1', 'NV_NVML_DEV_VERSION': '12.6.68-1', 'USERNAME': 'admin', 'NV_LIBNPP_DEV_PACKAGE': 'libnpp-dev-12-6=12.3.1.54-1', 'TERM': 'xterm', 'ISAAC_ROS_WS': '/workspaces/isaac_ros-dev', 'NV_CUDA_CUDART_VERSION': '12.6.68-1', 'ROS_LOCALHOST_ONLY': '0', 'PATH': '/opt/ros/humble/bin:/opt/ros/humble/vcstool/scripts:/usr/local/nvidia/bin:/usr/local/cuda/bin:/usr/src/tensorrt/bin:/usr/local/nvidia/bin:/usr/local/cuda/bin:/usr/local/sbin:/usr/local/bin:/usr/sbin:/usr/bin:/sbin:/bin', 'NV_LIBCUBLAS_DEV_PACKAGE_NAME': 'libcublas-dev-12-6', 'NV_LIBCUBLAS_PACKAGE': 'libcublas-12-6=12.6.1.4-1', 'HOST_USER_UID': '1000', 'NVARCH': 'arm64', 'CUDSS_DIR': '/usr/local/libcudss-linux-0.3.0.9_cuda12-archive', 'NV_LIBCUSPARSE_DEV_VERSION': '12.5.3.3-1', 'NVIDIA_PRODUCT_NAME': 'CUDA', 'LANG': 'en_US.UTF-8', 'RMW_IMPLEMENTATION': 'rmw_fastrtps_cpp', 'NV_CUDA_CUDART_DEV_VERSION': '12.6.68-1', 'ROS_ROOT': '/opt/ros/humble', 'AMENT_PREFIX_PATH': '/workspaces/isaac_ros-dev/drone-home/ros2_ws/install/drone_home:/opt/ros/humble', 'DEBIAN_FRONTEND': 'noninteractive', 'SHELL': '/bin/bash', 'TRT_INCLUDE_PATH': '/usr/include/aarch64-linux-gnu', 'NV_LIBCUBLAS_DEV_PACKAGE': 'libcublas-dev-12-6=12.6.1.4-1', 'NV_CUDA_NSIGHT_COMPUTE_DEV_PACKAGE': 'cuda-nsight-compute-12-6=12.6.11-1', 'NVIDIA_REQUIRE_JETPACK_HOST_MOUNTS': 'base-only', 'NV_NVTX_VERSION': '12.6.68-1', 'NV_LIBNPP_VERSION': '12.3.1.54-1', 'PWD': '/workspaces/isaac_ros-dev/drone-home/ros2_ws/build/drone_home', 'PYTHONPATH': '/workspaces/isaac_ros-dev/drone-home/ros2_ws/build/drone_home/prefix_override:/usr/lib/python3/dist-packages/colcon_core/task/python/colcon_distutils_commands:/workspaces/isaac_ros-dev/drone-home/ros2_ws/install/drone_home/lib/python3.10/site-packages:/workspaces/isaac_ros-dev/drone-home/ros2_ws/install/drone_home/lib/python3.10/site-packages:/opt/ros/humble/lib/python3.10/site-packages:/opt/ros/humble/local/lib/python3.10/dist-packages:/opt/ros/humble/vcstool:', 'NVIDIA_VISIBLE_DEVICES': 'void', 'COLCON': '1', 'NV_LIBNPP_DEV_VERSION': '12.3.1.54-1', 'CMAKE_PREFIX_PATH': '/usr/local/libcudss-linux-0.3.0.9_cuda12-archive:', 'TRT_LIB_PATH': '/usr/lib/aarch64-linux-gnu'}, 'shell': False}
[2.411329] (-) TimerEvent: {}
[2.511909] (-) TimerEvent: {}
[2.612447] (-) TimerEvent: {}
[2.712993] (-) TimerEvent: {}
[2.813527] (-) TimerEvent: {}
[2.914079] (-) TimerEvent: {}
[3.014653] (-) TimerEvent: {}
[3.115199] (-) TimerEvent: {}
[3.215835] (-) TimerEvent: {}
[3.306026] (drone_home) StdoutLine: {'line': b'running egg_info\n'}
[3.315904] (-) TimerEvent: {}
[3.344206] (drone_home) StdoutLine: {'line': b'writing ../../build/drone_home/drone_home.egg-info/PKG-INFO\n'}
[3.344768] (drone_home) StdoutLine: {'line': b'writing dependency_links to ../../build/drone_home/drone_home.egg-info/dependency_links.txt\n'}
[3.345272] (drone_home) StdoutLine: {'line': b'writing entry points to ../../build/drone_home/drone_home.egg-info/entry_points.txt\n'}
[3.345586] (drone_home) StdoutLine: {'line': b'writing requirements to ../../build/drone_home/drone_home.egg-info/requires.txt\n'}
[3.345845] (drone_home) StdoutLine: {'line': b'writing top-level names to ../../build/drone_home/drone_home.egg-info/top_level.txt\n'}
[3.416050] (-) TimerEvent: {}
[3.504760] (drone_home) StderrLine: {'line': b"ERROR setuptools_scm._file_finders.git listing git files failed - pretending there aren't any\n"}
[3.516141] (-) TimerEvent: {}
[3.616643] (-) TimerEvent: {}
[3.717397] (-) TimerEvent: {}
[3.734969] (drone_home) StdoutLine: {'line': b"reading manifest file '../../build/drone_home/drone_home.egg-info/SOURCES.txt'\n"}
[3.736999] (drone_home) StdoutLine: {'line': b"writing manifest file '../../build/drone_home/drone_home.egg-info/SOURCES.txt'\n"}
[3.737390] (drone_home) StdoutLine: {'line': b'running build\n'}
[3.737596] (drone_home) StdoutLine: {'line': b'running build_py\n'}
[3.739095] (drone_home) StdoutLine: {'line': b'running install\n'}
[3.749109] (drone_home) StdoutLine: {'line': b'running install_lib\n'}
[3.790125] (drone_home) StdoutLine: {'line': b'running install_data\n'}
[3.790763] (drone_home) StdoutLine: {'line': b'running install_egg_info\n'}
[3.817500] (-) TimerEvent: {}
[3.829119] (drone_home) StdoutLine: {'line': b"removing '/workspaces/isaac_ros-dev/drone-home/ros2_ws/install/drone_home/lib/python3.10/site-packages/drone_home-0.0.0-py3.10.egg-info' (and everything under it)\n"}
[3.829798] (drone_home) StdoutLine: {'line': b'Copying ../../build/drone_home/drone_home.egg-info to /workspaces/isaac_ros-dev/drone-home/ros2_ws/install/drone_home/lib/python3.10/site-packages/drone_home-0.0.0-py3.10.egg-info\n'}
[3.831756] (drone_home) StdoutLine: {'line': b'running install_scripts\n'}
[3.917683] (-) TimerEvent: {}
[3.975470] (drone_home) StdoutLine: {'line': b'Installing controller script to /workspaces/isaac_ros-dev/drone-home/ros2_ws/install/drone_home/lib/drone_home\n'}
[3.976130] (drone_home) StdoutLine: {'line': b'Installing drive_hardware script to /workspaces/isaac_ros-dev/drone-home/ros2_ws/install/drone_home/lib/drone_home\n'}
[3.976506] (drone_home) StdoutLine: {'line': b'Installing drive_publisher script to /workspaces/isaac_ros-dev/drone-home/ros2_ws/install/drone_home/lib/drone_home\n'}
[3.976820] (drone_home) StdoutLine: {'line': b'Installing gps_publisher script to /workspaces/isaac_ros-dev/drone-home/ros2_ws/install/drone_home/lib/drone_home\n'}
[3.977124] (drone_home) StdoutLine: {'line': b'Installing imu_publisher script to /workspaces/isaac_ros-dev/drone-home/ros2_ws/install/drone_home/lib/drone_home\n'}
[3.977424] (drone_home) StdoutLine: {'line': b'Installing visualization script to /workspaces/isaac_ros-dev/drone-home/ros2_ws/install/drone_home/lib/drone_home\n'}
[3.978147] (drone_home) StdoutLine: {'line': b"writing list of installed files to '/workspaces/isaac_ros-dev/drone-home/ros2_ws/build/drone_home/install.log'\n"}
[4.017834] (-) TimerEvent: {}
[4.091418] (drone_home) CommandEnded: {'returncode': 0}
[4.118703] (-) TimerEvent: {}
[4.132113] (drone_home) JobEnded: {'identifier': 'drone_home', 'rc': 0}
[4.134834] (-) EventReactorShutdown: {}
