[0.000000] (-) TimerEvent: {}
[0.000723] (Jetson.GPIO) JobQueued: {'identifier': 'Jetson.GPIO', 'dependencies': OrderedDict()}
[0.000800] (Torch) JobQueued: {'identifier': 'Torch', 'dependencies': OrderedDict()}
[0.000847] (drone_home) JobQueued: {'identifier': 'drone_home', 'dependencies': OrderedDict()}
[0.001377] (Jetson.GPIO) JobStarted: {'identifier': 'Jetson.GPIO'}
[0.013469] (Torch) JobStarted: {'identifier': 'Torch'}
[0.020849] (drone_home) JobStarted: {'identifier': 'drone_home'}
[0.099326] (-) TimerEvent: {}
[0.199860] (-) TimerEvent: {}
[0.300408] (-) TimerEvent: {}
[0.400985] (-) TimerEvent: {}
[0.501577] (-) TimerEvent: {}
[0.602343] (-) TimerEvent: {}
[0.703114] (-) TimerEvent: {}
[0.803713] (-) TimerEvent: {}
[0.883218] (Torch) JobProgress: {'identifier': 'Torch', 'progress': 'cmake'}
[0.883735] (Torch) Command: {'cmd': ['/usr/bin/cmake', '/workspaces/isaac_ros-dev/Docker/git/pytorch', '-DCMAKE_INSTALL_PREFIX=/workspaces/isaac_ros-dev/install/Torch'], 'cwd': '/workspaces/isaac_ros-dev/build/Torch', 'env': OrderedDict([('LIBRARY_PATH', '/usr/local/cuda/lib64/stubs'), ('PYTHONWARNINGS', 'ignore:::setuptools.command.install,ignore:::setuptools.command.easy_install,ignore:::pkg_resources,ignore:::setuptools.command.develop'), ('NV_LIBCUBLAS_VERSION', '12.6.1.4-1'), ('USER', 'jet'), ('NV_CUDA_NSIGHT_COMPUTE_VERSION', '12.6.11-1'), ('HOSTNAME', 'drone-home'), ('SHLVL', '2'), ('LD_LIBRARY_PATH', '/opt/ros/humble/opt/rviz_ogre_vendor/lib:/opt/ros/humble/lib/aarch64-linux-gnu:/opt/ros/humble/lib:/usr/local/cuda/lib64:/usr/lib/aarch64-linux-gnu/tegra/weston:/usr/lib/aarch64-linux-gnu/tegra-egl:/usr/local/cuda-12.6/targets/aarch64-linux/lib:/usr/lib/aarch64-linux-gnu/tegra:/opt/nvidia/vpi3/lib64:/usr/local/libcudss-linux-0.3.0.9_cuda12-archive/lib:/usr/local/nvidia/lib:/usr/local/nvidia/lib64:/usr/lib/aarch64-linux-gnu-host:/opt/tritonserver/lib'), ('HOME', '/home/admin'), ('OLDPWD', '/workspaces/isaac_ros-dev/drone-home'), ('HOST_USER_GID', '1000'), ('NV_LIBCUBLAS_DEV_VERSION', '12.6.1.4-1'), ('ROS_PYTHON_VERSION', '3'), ('NVIDIA_PVA_DEVICE', 'all'), ('NV_LIBNPP_PACKAGE', 'libnpp-12-6=12.3.1.54-1'), ('CUDA_VERSION', '12.6.11'), ('COLCON_PREFIX_PATH', '/workspaces/isaac_ros-dev/drone-home/ros2_ws/install'), ('ROS_DISTRO', 'humble'), ('NV_LIBCUBLAS_PACKAGE_NAME', 'libcublas-12-6'), ('NVIDIA_REQUIRE_CUDA', 'cuda>=12.6'), ('_', '/usr/bin/colcon'), ('ROS_VERSION', '2'), ('NV_LIBCUSPARSE_VERSION', '12.5.3.3-1'), ('NVIDIA_DRIVER_CAPABILITIES', 'all'), ('NV_CUDA_LIB_VERSION', '12.6.11-1'), ('NV_NVML_DEV_VERSION', '12.6.68-1'), ('USERNAME', 'admin'), ('NV_LIBNPP_DEV_PACKAGE', 'libnpp-dev-12-6=12.3.1.54-1'), ('TERM', 'xterm'), ('ISAAC_ROS_WS', '/workspaces/isaac_ros-dev'), ('NV_CUDA_CUDART_VERSION', '12.6.68-1'), ('ROS_LOCALHOST_ONLY', '0'), ('PATH', '/opt/ros/humble/bin:/opt/ros/humble/vcstool/scripts:/usr/local/cuda/bin:/usr/local/nvidia/bin:/usr/local/cuda/bin:/usr/src/tensorrt/bin:/usr/local/nvidia/bin:/usr/local/cuda/bin:/usr/local/sbin:/usr/local/bin:/usr/sbin:/usr/bin:/sbin:/bin'), ('NV_LIBCUBLAS_DEV_PACKAGE_NAME', 'libcublas-dev-12-6'), ('NV_LIBCUBLAS_PACKAGE', 'libcublas-12-6=12.6.1.4-1'), ('HOST_USER_UID', '1000'), ('NVARCH', 'arm64'), ('CUDSS_DIR', '/usr/local/libcudss-linux-0.3.0.9_cuda12-archive'), ('NV_LIBCUSPARSE_DEV_VERSION', '12.5.3.3-1'), ('NVIDIA_PRODUCT_NAME', 'CUDA'), ('LANG', 'en_US.UTF-8'), ('RMW_IMPLEMENTATION', 'rmw_fastrtps_cpp'), ('NV_CUDA_CUDART_DEV_VERSION', '12.6.68-1'), ('ROS_ROOT', '/opt/ros/humble'), ('AMENT_PREFIX_PATH', '/workspaces/isaac_ros-dev/drone-home/ros2_ws/install/drone_home:/opt/ros/humble'), ('DEBIAN_FRONTEND', 'noninteractive'), ('SHELL', '/bin/bash'), ('TRT_INCLUDE_PATH', '/usr/include/aarch64-linux-gnu'), ('NV_LIBCUBLAS_DEV_PACKAGE', 'libcublas-dev-12-6=12.6.1.4-1'), ('NV_CUDA_NSIGHT_COMPUTE_DEV_PACKAGE', 'cuda-nsight-compute-12-6=12.6.11-1'), ('NVIDIA_REQUIRE_JETPACK_HOST_MOUNTS', 'base-only'), ('NV_NVTX_VERSION', '12.6.68-1'), ('NV_LIBNPP_VERSION', '12.3.1.54-1'), ('PWD', '/workspaces/isaac_ros-dev/build/Torch'), ('PYTHONPATH', '/workspaces/isaac_ros-dev/drone-home/ros2_ws/install/drone_home/lib/python3.10/site-packages:/opt/ros/humble/lib/python3.10/site-packages:/opt/ros/humble/local/lib/python3.10/dist-packages:/opt/ros/humble/vcstool:'), ('NVIDIA_VISIBLE_DEVICES', 'void'), ('COLCON', '1'), ('NV_LIBNPP_DEV_VERSION', '12.3.1.54-1'), ('CMAKE_PREFIX_PATH', '/usr/local/libcudss-linux-0.3.0.9_cuda12-archive:'), ('TRT_LIB_PATH', '/usr/lib/aarch64-linux-gnu')]), 'shell': False}
[0.903860] (-) TimerEvent: {}
[1.004528] (-) TimerEvent: {}
[1.105144] (-) TimerEvent: {}
[1.154276] (Torch) StdoutLine: {'line': b'-- The CXX compiler identification is GNU 11.4.0\n'}
[1.205322] (-) TimerEvent: {}
[1.306003] (-) TimerEvent: {}
[1.306575] (Torch) StdoutLine: {'line': b'-- The C compiler identification is GNU 11.4.0\n'}
[1.324208] (Torch) StdoutLine: {'line': b'-- Detecting CXX compiler ABI info\n'}
[1.406160] (-) TimerEvent: {}
[1.482060] (Torch) StdoutLine: {'line': b'-- Detecting CXX compiler ABI info - done\n'}
[1.493043] (Torch) StdoutLine: {'line': b'-- Check for working CXX compiler: /usr/bin/c++ - skipped\n'}
[1.493888] (Torch) StdoutLine: {'line': b'-- Detecting CXX compile features\n'}
[1.495057] (Torch) StdoutLine: {'line': b'-- Detecting CXX compile features - done\n'}
[1.500856] (Torch) StdoutLine: {'line': b'-- Detecting C compiler ABI info\n'}
[1.506216] (-) TimerEvent: {}
[1.606739] (-) TimerEvent: {}
[1.631273] (Torch) StdoutLine: {'line': b'-- Detecting C compiler ABI info - done\n'}
[1.642108] (Torch) StdoutLine: {'line': b'-- Check for working C compiler: /usr/bin/cc - skipped\n'}
[1.642560] (Torch) StdoutLine: {'line': b'-- Detecting C compile features\n'}
[1.643212] (Torch) StdoutLine: {'line': b'-- Detecting C compile features - done\n'}
[1.647231] (Torch) StdoutLine: {'line': b'-- /usr/bin/c++ /workspaces/isaac_ros-dev/Docker/git/pytorch/torch/abi-check.cpp -o /workspaces/isaac_ros-dev/build/Torch/abi-check\n'}
[1.706894] (-) TimerEvent: {}
[1.807623] (-) TimerEvent: {}
[1.908249] (-) TimerEvent: {}
[2.008896] (-) TimerEvent: {}
[2.109497] (-) TimerEvent: {}
[2.210102] (-) TimerEvent: {}
[2.278462] (Torch) StdoutLine: {'line': b'-- Determined _GLIBCXX_USE_CXX11_ABI=1\n'}
[2.278904] (Torch) StdoutLine: {'line': b'-- Not forcing any particular BLAS to be found\n'}
[2.284355] (Torch) StdoutLine: {'line': b'-- Could not find ccache. Consider installing ccache to speed up compilation.\n'}
[2.285147] (Torch) StdoutLine: {'line': b'-- Build type not set - defaulting to Release\n'}
[2.288817] (Torch) StdoutLine: {'line': b'-- Performing Test C_HAS_AVX_1\n'}
[2.310237] (-) TimerEvent: {}
[2.342779] (Torch) StdoutLine: {'line': b'-- Performing Test C_HAS_AVX_1 - Failed\n'}
[2.343266] (Torch) StdoutLine: {'line': b'-- Performing Test C_HAS_AVX_2\n'}
[2.384541] (Torch) StdoutLine: {'line': b'-- Performing Test C_HAS_AVX_2 - Failed\n'}
[2.385039] (Torch) StdoutLine: {'line': b'-- Performing Test C_HAS_AVX_3\n'}
[2.410386] (-) TimerEvent: {}
[2.440431] (Torch) StdoutLine: {'line': b'-- Performing Test C_HAS_AVX_3 - Failed\n'}
[2.440962] (Torch) StdoutLine: {'line': b'-- Performing Test C_HAS_AVX2_1\n'}
[2.493784] (Torch) StdoutLine: {'line': b'-- Performing Test C_HAS_AVX2_1 - Failed\n'}
[2.494301] (Torch) StdoutLine: {'line': b'-- Performing Test C_HAS_AVX2_2\n'}
[2.503192] (Jetson.GPIO) Command: {'cmd': ['/usr/bin/python3', '-W', 'ignore:setup.py install is deprecated', 'setup.py', 'egg_info', '--egg-base', '../../../build/Jetson.GPIO', 'build', '--build-base', '/workspaces/isaac_ros-dev/build/Jetson.GPIO/build', 'install', '--record', '/workspaces/isaac_ros-dev/build/Jetson.GPIO/install.log', '--single-version-externally-managed'], 'cwd': '/workspaces/isaac_ros-dev/Docker/git/jetson-gpio', 'env': {'LIBRARY_PATH': '/usr/local/cuda/lib64/stubs', 'PYTHONWARNINGS': 'ignore:::setuptools.command.install,ignore:::setuptools.command.easy_install,ignore:::pkg_resources,ignore:::setuptools.command.develop', 'NV_LIBCUBLAS_VERSION': '12.6.1.4-1', 'USER': 'jet', 'NV_CUDA_NSIGHT_COMPUTE_VERSION': '12.6.11-1', 'HOSTNAME': 'drone-home', 'SHLVL': '2', 'LD_LIBRARY_PATH': '/opt/ros/humble/opt/rviz_ogre_vendor/lib:/opt/ros/humble/lib/aarch64-linux-gnu:/opt/ros/humble/lib:/usr/local/cuda/lib64:/usr/lib/aarch64-linux-gnu/tegra/weston:/usr/lib/aarch64-linux-gnu/tegra-egl:/usr/local/cuda-12.6/targets/aarch64-linux/lib:/usr/lib/aarch64-linux-gnu/tegra:/opt/nvidia/vpi3/lib64:/usr/local/libcudss-linux-0.3.0.9_cuda12-archive/lib:/usr/local/nvidia/lib:/usr/local/nvidia/lib64:/usr/lib/aarch64-linux-gnu-host:/opt/tritonserver/lib', 'HOME': '/home/admin', 'OLDPWD': '/workspaces/isaac_ros-dev/drone-home', 'HOST_USER_GID': '1000', 'NV_LIBCUBLAS_DEV_VERSION': '12.6.1.4-1', 'ROS_PYTHON_VERSION': '3', 'NVIDIA_PVA_DEVICE': 'all', 'NV_LIBNPP_PACKAGE': 'libnpp-12-6=12.3.1.54-1', 'CUDA_VERSION': '12.6.11', 'COLCON_PREFIX_PATH': '/workspaces/isaac_ros-dev/drone-home/ros2_ws/install', 'ROS_DISTRO': 'humble', 'NV_LIBCUBLAS_PACKAGE_NAME': 'libcublas-12-6', 'NVIDIA_REQUIRE_CUDA': 'cuda>=12.6', '_': '/usr/bin/colcon', 'ROS_VERSION': '2', 'NV_LIBCUSPARSE_VERSION': '12.5.3.3-1', 'NVIDIA_DRIVER_CAPABILITIES': 'all', 'NV_CUDA_LIB_VERSION': '12.6.11-1', 'NV_NVML_DEV_VERSION': '12.6.68-1', 'USERNAME': 'admin', 'NV_LIBNPP_DEV_PACKAGE': 'libnpp-dev-12-6=12.3.1.54-1', 'TERM': 'xterm', 'ISAAC_ROS_WS': '/workspaces/isaac_ros-dev', 'NV_CUDA_CUDART_VERSION': '12.6.68-1', 'ROS_LOCALHOST_ONLY': '0', 'PATH': '/opt/ros/humble/bin:/opt/ros/humble/vcstool/scripts:/usr/local/cuda/bin:/usr/local/nvidia/bin:/usr/local/cuda/bin:/usr/src/tensorrt/bin:/usr/local/nvidia/bin:/usr/local/cuda/bin:/usr/local/sbin:/usr/local/bin:/usr/sbin:/usr/bin:/sbin:/bin', 'NV_LIBCUBLAS_DEV_PACKAGE_NAME': 'libcublas-dev-12-6', 'NV_LIBCUBLAS_PACKAGE': 'libcublas-12-6=12.6.1.4-1', 'HOST_USER_UID': '1000', 'NVARCH': 'arm64', 'CUDSS_DIR': '/usr/local/libcudss-linux-0.3.0.9_cuda12-archive', 'NV_LIBCUSPARSE_DEV_VERSION': '12.5.3.3-1', 'NVIDIA_PRODUCT_NAME': 'CUDA', 'LANG': 'en_US.UTF-8', 'RMW_IMPLEMENTATION': 'rmw_fastrtps_cpp', 'NV_CUDA_CUDART_DEV_VERSION': '12.6.68-1', 'ROS_ROOT': '/opt/ros/humble', 'AMENT_PREFIX_PATH': '/workspaces/isaac_ros-dev/drone-home/ros2_ws/install/drone_home:/opt/ros/humble', 'DEBIAN_FRONTEND': 'noninteractive', 'SHELL': '/bin/bash', 'TRT_INCLUDE_PATH': '/usr/include/aarch64-linux-gnu', 'NV_LIBCUBLAS_DEV_PACKAGE': 'libcublas-dev-12-6=12.6.1.4-1', 'NV_CUDA_NSIGHT_COMPUTE_DEV_PACKAGE': 'cuda-nsight-compute-12-6=12.6.11-1', 'NVIDIA_REQUIRE_JETPACK_HOST_MOUNTS': 'base-only', 'NV_NVTX_VERSION': '12.6.68-1', 'NV_LIBNPP_VERSION': '12.3.1.54-1', 'PWD': '/workspaces/isaac_ros-dev/build/Jetson.GPIO', 'PYTHONPATH': '/workspaces/isaac_ros-dev/build/Jetson.GPIO/prefix_override:/usr/lib/python3/dist-packages/colcon_core/task/python/colcon_distutils_commands:/workspaces/isaac_ros-dev/install/Jetson.GPIO/lib/python3.10/site-packages:/workspaces/isaac_ros-dev/drone-home/ros2_ws/install/drone_home/lib/python3.10/site-packages:/opt/ros/humble/lib/python3.10/site-packages:/opt/ros/humble/local/lib/python3.10/dist-packages:/opt/ros/humble/vcstool:', 'NVIDIA_VISIBLE_DEVICES': 'void', 'COLCON': '1', 'NV_LIBNPP_DEV_VERSION': '12.3.1.54-1', 'CMAKE_PREFIX_PATH': '/usr/local/libcudss-linux-0.3.0.9_cuda12-archive:', 'TRT_LIB_PATH': '/usr/lib/aarch64-linux-gnu'}, 'shell': False}
[2.510503] (-) TimerEvent: {}
[2.545211] (Torch) StdoutLine: {'line': b'-- Performing Test C_HAS_AVX2_2 - Failed\n'}
[2.545905] (Torch) StdoutLine: {'line': b'-- Performing Test C_HAS_AVX2_3\n'}
[2.610661] (-) TimerEvent: {}
[2.615035] (Torch) StdoutLine: {'line': b'-- Performing Test C_HAS_AVX2_3 - Failed\n'}
[2.615669] (Torch) StdoutLine: {'line': b'-- Performing Test C_HAS_AVX512_1\n'}
[2.676475] (Torch) StdoutLine: {'line': b'-- Performing Test C_HAS_AVX512_1 - Failed\n'}
[2.678405] (Torch) StdoutLine: {'line': b'-- Performing Test C_HAS_AVX512_2\n'}
[2.710822] (-) TimerEvent: {}
[2.750200] (Torch) StdoutLine: {'line': b'-- Performing Test C_HAS_AVX512_2 - Failed\n'}
[2.750884] (Torch) StdoutLine: {'line': b'-- Performing Test C_HAS_AVX512_3\n'}
[2.811024] (-) TimerEvent: {}
[2.814796] (Torch) StdoutLine: {'line': b'-- Performing Test C_HAS_AVX512_3 - Failed\n'}
[2.815390] (Torch) StdoutLine: {'line': b'-- Performing Test CXX_HAS_AVX_1\n'}
[2.885021] (Torch) StdoutLine: {'line': b'-- Performing Test CXX_HAS_AVX_1 - Failed\n'}
[2.886657] (Torch) StdoutLine: {'line': b'-- Performing Test CXX_HAS_AVX_2\n'}
[2.911130] (-) TimerEvent: {}
[2.941535] (Torch) StdoutLine: {'line': b'-- Performing Test CXX_HAS_AVX_2 - Failed\n'}
[2.942688] (Torch) StdoutLine: {'line': b'-- Performing Test CXX_HAS_AVX_3\n'}
[3.002126] (Torch) StdoutLine: {'line': b'-- Performing Test CXX_HAS_AVX_3 - Failed\n'}
[3.003062] (Torch) StdoutLine: {'line': b'-- Performing Test CXX_HAS_AVX2_1\n'}
[3.011217] (-) TimerEvent: {}
[3.075454] (Torch) StdoutLine: {'line': b'-- Performing Test CXX_HAS_AVX2_1 - Failed\n'}
[3.076185] (Torch) StdoutLine: {'line': b'-- Performing Test CXX_HAS_AVX2_2\n'}
[3.111345] (-) TimerEvent: {}
[3.133425] (Torch) StdoutLine: {'line': b'-- Performing Test CXX_HAS_AVX2_2 - Failed\n'}
[3.134537] (Torch) StdoutLine: {'line': b'-- Performing Test CXX_HAS_AVX2_3\n'}
[3.191066] (Torch) StdoutLine: {'line': b'-- Performing Test CXX_HAS_AVX2_3 - Failed\n'}
[3.192091] (Torch) StdoutLine: {'line': b'-- Performing Test CXX_HAS_AVX512_1\n'}
[3.211495] (-) TimerEvent: {}
[3.250961] (Torch) StdoutLine: {'line': b'-- Performing Test CXX_HAS_AVX512_1 - Failed\n'}
[3.251449] (Torch) StdoutLine: {'line': b'-- Performing Test CXX_HAS_AVX512_2\n'}
[3.311635] (-) TimerEvent: {}
[3.321814] (Torch) StdoutLine: {'line': b'-- Performing Test CXX_HAS_AVX512_2 - Failed\n'}
[3.322281] (Torch) StdoutLine: {'line': b'-- Performing Test CXX_HAS_AVX512_3\n'}
[3.382269] (Torch) StdoutLine: {'line': b'-- Performing Test CXX_HAS_AVX512_3 - Failed\n'}
[3.383288] (Torch) StdoutLine: {'line': b'-- Performing Test CAFFE2_COMPILER_SUPPORTS_AVX512_EXTENSIONS\n'}
[3.411792] (-) TimerEvent: {}
[3.446590] (Jetson.GPIO) StdoutLine: {'line': b'running egg_info\n'}
[3.448225] (Jetson.GPIO) StdoutLine: {'line': b'creating ../../../build/Jetson.GPIO/Jetson.GPIO.egg-info\n'}
[3.451295] (Torch) StdoutLine: {'line': b'-- Performing Test CAFFE2_COMPILER_SUPPORTS_AVX512_EXTENSIONS - Failed\n'}
[3.452648] (Torch) StdoutLine: {'line': b'-- Performing Test COMPILER_SUPPORTS_HIDDEN_VISIBILITY\n'}
[3.490676] (Jetson.GPIO) StdoutLine: {'line': b'writing ../../../build/Jetson.GPIO/Jetson.GPIO.egg-info/PKG-INFO\n'}
[3.491338] (Jetson.GPIO) StdoutLine: {'line': b'writing dependency_links to ../../../build/Jetson.GPIO/Jetson.GPIO.egg-info/dependency_links.txt\n'}
[3.491941] (Jetson.GPIO) StdoutLine: {'line': b'writing top-level names to ../../../build/Jetson.GPIO/Jetson.GPIO.egg-info/top_level.txt\n'}
[3.492314] (Jetson.GPIO) StdoutLine: {'line': b"writing manifest file '../../../build/Jetson.GPIO/Jetson.GPIO.egg-info/SOURCES.txt'\n"}
[3.511985] (-) TimerEvent: {}
[3.541587] (drone_home) Command: {'cmd': ['/usr/bin/python3', '-W', 'ignore:setup.py install is deprecated', 'setup.py', 'egg_info', '--egg-base', '../../../../build/drone_home', 'build', '--build-base', '/workspaces/isaac_ros-dev/build/drone_home/build', 'install', '--record', '/workspaces/isaac_ros-dev/build/drone_home/install.log', '--single-version-externally-managed', 'install_data'], 'cwd': '/workspaces/isaac_ros-dev/drone-home/ros2_ws/src/drone_home', 'env': {'LIBRARY_PATH': '/usr/local/cuda/lib64/stubs', 'PYTHONWARNINGS': 'ignore:::setuptools.command.install,ignore:::setuptools.command.easy_install,ignore:::pkg_resources,ignore:::setuptools.command.develop', 'NV_LIBCUBLAS_VERSION': '12.6.1.4-1', 'USER': 'jet', 'NV_CUDA_NSIGHT_COMPUTE_VERSION': '12.6.11-1', 'HOSTNAME': 'drone-home', 'SHLVL': '2', 'LD_LIBRARY_PATH': '/opt/ros/humble/opt/rviz_ogre_vendor/lib:/opt/ros/humble/lib/aarch64-linux-gnu:/opt/ros/humble/lib:/usr/local/cuda/lib64:/usr/lib/aarch64-linux-gnu/tegra/weston:/usr/lib/aarch64-linux-gnu/tegra-egl:/usr/local/cuda-12.6/targets/aarch64-linux/lib:/usr/lib/aarch64-linux-gnu/tegra:/opt/nvidia/vpi3/lib64:/usr/local/libcudss-linux-0.3.0.9_cuda12-archive/lib:/usr/local/nvidia/lib:/usr/local/nvidia/lib64:/usr/lib/aarch64-linux-gnu-host:/opt/tritonserver/lib', 'HOME': '/home/admin', 'OLDPWD': '/workspaces/isaac_ros-dev/drone-home', 'HOST_USER_GID': '1000', 'NV_LIBCUBLAS_DEV_VERSION': '12.6.1.4-1', 'ROS_PYTHON_VERSION': '3', 'NVIDIA_PVA_DEVICE': 'all', 'NV_LIBNPP_PACKAGE': 'libnpp-12-6=12.3.1.54-1', 'CUDA_VERSION': '12.6.11', 'COLCON_PREFIX_PATH': '/workspaces/isaac_ros-dev/drone-home/ros2_ws/install', 'ROS_DISTRO': 'humble', 'NV_LIBCUBLAS_PACKAGE_NAME': 'libcublas-12-6', 'NVIDIA_REQUIRE_CUDA': 'cuda>=12.6', '_': '/usr/bin/colcon', 'ROS_VERSION': '2', 'NV_LIBCUSPARSE_VERSION': '12.5.3.3-1', 'NVIDIA_DRIVER_CAPABILITIES': 'all', 'NV_CUDA_LIB_VERSION': '12.6.11-1', 'NV_NVML_DEV_VERSION': '12.6.68-1', 'USERNAME': 'admin', 'NV_LIBNPP_DEV_PACKAGE': 'libnpp-dev-12-6=12.3.1.54-1', 'TERM': 'xterm', 'ISAAC_ROS_WS': '/workspaces/isaac_ros-dev', 'NV_CUDA_CUDART_VERSION': '12.6.68-1', 'ROS_LOCALHOST_ONLY': '0', 'PATH': '/opt/ros/humble/bin:/opt/ros/humble/vcstool/scripts:/usr/local/cuda/bin:/usr/local/nvidia/bin:/usr/local/cuda/bin:/usr/src/tensorrt/bin:/usr/local/nvidia/bin:/usr/local/cuda/bin:/usr/local/sbin:/usr/local/bin:/usr/sbin:/usr/bin:/sbin:/bin', 'NV_LIBCUBLAS_DEV_PACKAGE_NAME': 'libcublas-dev-12-6', 'NV_LIBCUBLAS_PACKAGE': 'libcublas-12-6=12.6.1.4-1', 'HOST_USER_UID': '1000', 'NVARCH': 'arm64', 'CUDSS_DIR': '/usr/local/libcudss-linux-0.3.0.9_cuda12-archive', 'NV_LIBCUSPARSE_DEV_VERSION': '12.5.3.3-1', 'NVIDIA_PRODUCT_NAME': 'CUDA', 'LANG': 'en_US.UTF-8', 'RMW_IMPLEMENTATION': 'rmw_fastrtps_cpp', 'NV_CUDA_CUDART_DEV_VERSION': '12.6.68-1', 'ROS_ROOT': '/opt/ros/humble', 'AMENT_PREFIX_PATH': '/workspaces/isaac_ros-dev/drone-home/ros2_ws/install/drone_home:/opt/ros/humble', 'DEBIAN_FRONTEND': 'noninteractive', 'SHELL': '/bin/bash', 'TRT_INCLUDE_PATH': '/usr/include/aarch64-linux-gnu', 'NV_LIBCUBLAS_DEV_PACKAGE': 'libcublas-dev-12-6=12.6.1.4-1', 'NV_CUDA_NSIGHT_COMPUTE_DEV_PACKAGE': 'cuda-nsight-compute-12-6=12.6.11-1', 'NVIDIA_REQUIRE_JETPACK_HOST_MOUNTS': 'base-only', 'NV_NVTX_VERSION': '12.6.68-1', 'NV_LIBNPP_VERSION': '12.3.1.54-1', 'PWD': '/workspaces/isaac_ros-dev/build/drone_home', 'PYTHONPATH': '/workspaces/isaac_ros-dev/build/drone_home/prefix_override:/usr/lib/python3/dist-packages/colcon_core/task/python/colcon_distutils_commands:/workspaces/isaac_ros-dev/install/drone_home/lib/python3.10/site-packages:/workspaces/isaac_ros-dev/drone-home/ros2_ws/install/drone_home/lib/python3.10/site-packages:/opt/ros/humble/lib/python3.10/site-packages:/opt/ros/humble/local/lib/python3.10/dist-packages:/opt/ros/humble/vcstool:', 'NVIDIA_VISIBLE_DEVICES': 'void', 'COLCON': '1', 'NV_LIBNPP_DEV_VERSION': '12.3.1.54-1', 'CMAKE_PREFIX_PATH': '/usr/local/libcudss-linux-0.3.0.9_cuda12-archive:', 'TRT_LIB_PATH': '/usr/lib/aarch64-linux-gnu'}, 'shell': False}
[3.612142] (-) TimerEvent: {}
[3.616319] (Torch) StdoutLine: {'line': b'-- Performing Test COMPILER_SUPPORTS_HIDDEN_VISIBILITY - Success\n'}
[3.619332] (Torch) StdoutLine: {'line': b'-- Performing Test COMPILER_SUPPORTS_HIDDEN_INLINE_VISIBILITY\n'}
[3.696752] (Jetson.GPIO) StdoutLine: {'line': b"reading manifest template 'MANIFEST.in'\n"}
[3.697335] (Jetson.GPIO) StderrLine: {'line': b"warning: no files found matching 'LICENCE.txt'\n"}
[3.697626] (Jetson.GPIO) StdoutLine: {'line': b"adding license file 'LICENSE.txt'\n"}
[3.699123] (Jetson.GPIO) StdoutLine: {'line': b"writing manifest file '../../../build/Jetson.GPIO/Jetson.GPIO.egg-info/SOURCES.txt'\n"}
[3.699415] (Jetson.GPIO) StdoutLine: {'line': b'running build\n'}
[3.699612] (Jetson.GPIO) StdoutLine: {'line': b'running build_py\n'}
[3.699941] (Jetson.GPIO) StdoutLine: {'line': b'creating /workspaces/isaac_ros-dev/build/Jetson.GPIO/build\n'}
[3.700141] (Jetson.GPIO) StdoutLine: {'line': b'creating /workspaces/isaac_ros-dev/build/Jetson.GPIO/build/lib\n'}
[3.700308] (Jetson.GPIO) StdoutLine: {'line': b'creating /workspaces/isaac_ros-dev/build/Jetson.GPIO/build/lib/Jetson\n'}
[3.700485] (Jetson.GPIO) StdoutLine: {'line': b'copying lib/python/Jetson/__init__.py -> /workspaces/isaac_ros-dev/build/Jetson.GPIO/build/lib/Jetson\n'}
[3.701308] (Jetson.GPIO) StdoutLine: {'line': b'creating /workspaces/isaac_ros-dev/build/Jetson.GPIO/build/lib/Jetson/GPIO\n'}
[3.701572] (Jetson.GPIO) StdoutLine: {'line': b'copying lib/python/Jetson/GPIO/gpio.py -> /workspaces/isaac_ros-dev/build/Jetson.GPIO/build/lib/Jetson/GPIO\n'}
[3.702331] (Jetson.GPIO) StdoutLine: {'line': b'copying lib/python/Jetson/GPIO/__init__.py -> /workspaces/isaac_ros-dev/build/Jetson.GPIO/build/lib/Jetson/GPIO\n'}
[3.702734] (Jetson.GPIO) StdoutLine: {'line': b'copying lib/python/Jetson/GPIO/gpio_pin_data.py -> /workspaces/isaac_ros-dev/build/Jetson.GPIO/build/lib/Jetson/GPIO\n'}
[3.703504] (Jetson.GPIO) StdoutLine: {'line': b'copying lib/python/Jetson/GPIO/gpio_cdev.py -> /workspaces/isaac_ros-dev/build/Jetson.GPIO/build/lib/Jetson/GPIO\n'}
[3.703926] (Jetson.GPIO) StdoutLine: {'line': b'copying lib/python/Jetson/GPIO/gpio_event.py -> /workspaces/isaac_ros-dev/build/Jetson.GPIO/build/lib/Jetson/GPIO\n'}
[3.704831] (Jetson.GPIO) StdoutLine: {'line': b'creating /workspaces/isaac_ros-dev/build/Jetson.GPIO/build/lib/RPi\n'}
[3.705044] (Jetson.GPIO) StdoutLine: {'line': b'copying lib/python/RPi/__init__.py -> /workspaces/isaac_ros-dev/build/Jetson.GPIO/build/lib/RPi\n'}
[3.705529] (Jetson.GPIO) StdoutLine: {'line': b'creating /workspaces/isaac_ros-dev/build/Jetson.GPIO/build/lib/RPi/GPIO\n'}
[3.705722] (Jetson.GPIO) StdoutLine: {'line': b'copying lib/python/RPi/GPIO/__init__.py -> /workspaces/isaac_ros-dev/build/Jetson.GPIO/build/lib/RPi/GPIO\n'}
[3.706767] (Jetson.GPIO) StdoutLine: {'line': b'copying lib/python/Jetson/GPIO/99-gpio.rules -> /workspaces/isaac_ros-dev/build/Jetson.GPIO/build/lib/Jetson/GPIO\n'}
[3.707610] (Jetson.GPIO) StdoutLine: {'line': b'running install\n'}
[3.712221] (-) TimerEvent: {}
[3.719782] (Jetson.GPIO) StdoutLine: {'line': b'running install_lib\n'}
[3.761769] (Jetson.GPIO) StdoutLine: {'line': b'creating /workspaces/isaac_ros-dev/install/Jetson.GPIO/lib/python3.10/site-packages/RPi\n'}
[3.762252] (Jetson.GPIO) StdoutLine: {'line': b'copying /workspaces/isaac_ros-dev/build/Jetson.GPIO/build/lib/RPi/__init__.py -> /workspaces/isaac_ros-dev/install/Jetson.GPIO/lib/python3.10/site-packages/RPi\n'}
[3.762446] (Jetson.GPIO) StdoutLine: {'line': b'creating /workspaces/isaac_ros-dev/install/Jetson.GPIO/lib/python3.10/site-packages/RPi/GPIO\n'}
[3.762609] (Jetson.GPIO) StdoutLine: {'line': b'copying /workspaces/isaac_ros-dev/build/Jetson.GPIO/build/lib/RPi/GPIO/__init__.py -> /workspaces/isaac_ros-dev/install/Jetson.GPIO/lib/python3.10/site-packages/RPi/GPIO\n'}
[3.762790] (Jetson.GPIO) StdoutLine: {'line': b'creating /workspaces/isaac_ros-dev/install/Jetson.GPIO/lib/python3.10/site-packages/Jetson\n'}
[3.762969] (Jetson.GPIO) StdoutLine: {'line': b'copying /workspaces/isaac_ros-dev/build/Jetson.GPIO/build/lib/Jetson/__init__.py -> /workspaces/isaac_ros-dev/install/Jetson.GPIO/lib/python3.10/site-packages/Jetson\n'}
[3.763285] (Jetson.GPIO) StdoutLine: {'line': b'creating /workspaces/isaac_ros-dev/install/Jetson.GPIO/lib/python3.10/site-packages/Jetson/GPIO\n'}
[3.763473] (Jetson.GPIO) StdoutLine: {'line': b'copying /workspaces/isaac_ros-dev/build/Jetson.GPIO/build/lib/Jetson/GPIO/gpio.py -> /workspaces/isaac_ros-dev/install/Jetson.GPIO/lib/python3.10/site-packages/Jetson/GPIO\n'}
[3.763797] (Jetson.GPIO) StdoutLine: {'line': b'copying /workspaces/isaac_ros-dev/build/Jetson.GPIO/build/lib/Jetson/GPIO/__init__.py -> /workspaces/isaac_ros-dev/install/Jetson.GPIO/lib/python3.10/site-packages/Jetson/GPIO\n'}
[3.764048] (Jetson.GPIO) StdoutLine: {'line': b'copying /workspaces/isaac_ros-dev/build/Jetson.GPIO/build/lib/Jetson/GPIO/99-gpio.rules -> /workspaces/isaac_ros-dev/install/Jetson.GPIO/lib/python3.10/site-packages/Jetson/GPIO\n'}
[3.764323] (Jetson.GPIO) StdoutLine: {'line': b'copying /workspaces/isaac_ros-dev/build/Jetson.GPIO/build/lib/Jetson/GPIO/gpio_pin_data.py -> /workspaces/isaac_ros-dev/install/Jetson.GPIO/lib/python3.10/site-packages/Jetson/GPIO\n'}
[3.764614] (Jetson.GPIO) StdoutLine: {'line': b'copying /workspaces/isaac_ros-dev/build/Jetson.GPIO/build/lib/Jetson/GPIO/gpio_cdev.py -> /workspaces/isaac_ros-dev/install/Jetson.GPIO/lib/python3.10/site-packages/Jetson/GPIO\n'}
[3.764886] (Jetson.GPIO) StdoutLine: {'line': b'copying /workspaces/isaac_ros-dev/build/Jetson.GPIO/build/lib/Jetson/GPIO/gpio_event.py -> /workspaces/isaac_ros-dev/install/Jetson.GPIO/lib/python3.10/site-packages/Jetson/GPIO\n'}
[3.766473] (Jetson.GPIO) StdoutLine: {'line': b'byte-compiling /workspaces/isaac_ros-dev/install/Jetson.GPIO/lib/python3.10/site-packages/RPi/__init__.py to __init__.cpython-310.pyc\n'}
[3.767047] (Jetson.GPIO) StdoutLine: {'line': b'byte-compiling /workspaces/isaac_ros-dev/install/Jetson.GPIO/lib/python3.10/site-packages/RPi/GPIO/__init__.py to __init__.cpython-310.pyc\n'}
[3.767525] (Jetson.GPIO) StdoutLine: {'line': b'byte-compiling /workspaces/isaac_ros-dev/install/Jetson.GPIO/lib/python3.10/site-packages/Jetson/__init__.py to __init__.cpython-310.pyc\n'}
[3.767945] (Jetson.GPIO) StdoutLine: {'line': b'byte-compiling /workspaces/isaac_ros-dev/install/Jetson.GPIO/lib/python3.10/site-packages/Jetson/GPIO/gpio.py to gpio.cpython-310.pyc\n'}
[3.773731] (Jetson.GPIO) StdoutLine: {'line': b'byte-compiling /workspaces/isaac_ros-dev/install/Jetson.GPIO/lib/python3.10/site-packages/Jetson/GPIO/__init__.py to __init__.cpython-310.pyc\n'}
[3.774183] (Jetson.GPIO) StdoutLine: {'line': b'byte-compiling /workspaces/isaac_ros-dev/install/Jetson.GPIO/lib/python3.10/site-packages/Jetson/GPIO/gpio_pin_data.py to gpio_pin_data.cpython-310.pyc\n'}
[3.782035] (Jetson.GPIO) StdoutLine: {'line': b'byte-compiling /workspaces/isaac_ros-dev/install/Jetson.GPIO/lib/python3.10/site-packages/Jetson/GPIO/gpio_cdev.py to gpio_cdev.cpython-310.pyc\n'}
[3.784303] (Jetson.GPIO) StdoutLine: {'line': b'byte-compiling /workspaces/isaac_ros-dev/install/Jetson.GPIO/lib/python3.10/site-packages/Jetson/GPIO/gpio_event.py to gpio_event.cpython-310.pyc\n'}
[3.787420] (Jetson.GPIO) StdoutLine: {'line': b'running install_egg_info\n'}
[3.791855] (Torch) StdoutLine: {'line': b'-- Performing Test COMPILER_SUPPORTS_HIDDEN_INLINE_VISIBILITY - Success\n'}
[3.794212] (Torch) StdoutLine: {'line': b'-- Performing Test COMPILER_SUPPORTS_RDYNAMIC\n'}
[3.812323] (-) TimerEvent: {}
[3.829493] (Jetson.GPIO) StdoutLine: {'line': b'Copying ../../../build/Jetson.GPIO/Jetson.GPIO.egg-info to /workspaces/isaac_ros-dev/install/Jetson.GPIO/lib/python3.10/site-packages/Jetson.GPIO-2.1.6-py3.10.egg-info\n'}
[3.830821] (Jetson.GPIO) StdoutLine: {'line': b'running install_scripts\n'}
[3.912485] (-) TimerEvent: {}
[3.954391] (Torch) StdoutLine: {'line': b'-- Performing Test COMPILER_SUPPORTS_RDYNAMIC - Success\n'}
[3.959127] (Torch) StdoutLine: {'line': b'-- Could not find hardware support for NEON on this machine.\n'}
[3.959397] (Torch) StdoutLine: {'line': b'-- No OMAP3 processor on this machine.\n'}
[3.959532] (Torch) StdoutLine: {'line': b'-- No OMAP4 processor on this machine.\n'}
[3.959975] (Torch) StdoutLine: {'line': b'-- Performing Test CXX_HAS_SVE256\n'}
[3.984761] (Jetson.GPIO) StdoutLine: {'line': b"writing list of installed files to '/workspaces/isaac_ros-dev/build/Jetson.GPIO/install.log'\n"}
[4.012638] (-) TimerEvent: {}
[4.108834] (Jetson.GPIO) CommandEnded: {'returncode': 0}
[4.112820] (-) TimerEvent: {}
[4.126740] (Torch) StdoutLine: {'line': b'-- Performing Test CXX_HAS_SVE256 - Success\n'}
[4.128089] (Torch) StdoutLine: {'line': b'-- SVE support detected.\n'}
[4.129560] (Torch) StdoutLine: {'line': b'-- Compiler supports SVE extension. Will build perfkernels.\n'}
[4.133514] (Jetson.GPIO) JobEnded: {'identifier': 'Jetson.GPIO', 'rc': 0}
[4.182932] (Torch) StdoutLine: {'line': b'-- Found CUDA: /usr/local/cuda (found version "12.6") \n'}
[4.212939] (-) TimerEvent: {}
[4.313540] (-) TimerEvent: {}
[4.414283] (-) TimerEvent: {}
[4.515021] (-) TimerEvent: {}
[4.525626] (drone_home) StdoutLine: {'line': b'running egg_info\n'}
[4.527099] (drone_home) StdoutLine: {'line': b'creating ../../../../build/drone_home/drone_home.egg-info\n'}
[4.566482] (drone_home) StdoutLine: {'line': b'writing ../../../../build/drone_home/drone_home.egg-info/PKG-INFO\n'}
[4.567026] (drone_home) StdoutLine: {'line': b'writing dependency_links to ../../../../build/drone_home/drone_home.egg-info/dependency_links.txt\n'}
[4.567501] (drone_home) StdoutLine: {'line': b'writing entry points to ../../../../build/drone_home/drone_home.egg-info/entry_points.txt\n'}
[4.567778] (drone_home) StdoutLine: {'line': b'writing requirements to ../../../../build/drone_home/drone_home.egg-info/requires.txt\n'}
[4.567975] (drone_home) StdoutLine: {'line': b'writing top-level names to ../../../../build/drone_home/drone_home.egg-info/top_level.txt\n'}
[4.568239] (drone_home) StdoutLine: {'line': b"writing manifest file '../../../../build/drone_home/drone_home.egg-info/SOURCES.txt'\n"}
[4.615164] (-) TimerEvent: {}
[4.715918] (-) TimerEvent: {}
[4.733342] (drone_home) StderrLine: {'line': b"ERROR setuptools_scm._file_finders.git listing git files failed - pretending there aren't any\n"}
[4.816078] (-) TimerEvent: {}
[4.916768] (-) TimerEvent: {}
[4.973809] (drone_home) StdoutLine: {'line': b"reading manifest file '../../../../build/drone_home/drone_home.egg-info/SOURCES.txt'\n"}
[4.975476] (drone_home) StdoutLine: {'line': b"writing manifest file '../../../../build/drone_home/drone_home.egg-info/SOURCES.txt'\n"}
[4.975858] (drone_home) StdoutLine: {'line': b'running build\n'}
[4.976173] (drone_home) StdoutLine: {'line': b'running build_py\n'}
[4.976491] (drone_home) StdoutLine: {'line': b'creating /workspaces/isaac_ros-dev/build/drone_home/build\n'}
[4.976794] (drone_home) StdoutLine: {'line': b'creating /workspaces/isaac_ros-dev/build/drone_home/build/lib\n'}
[4.977133] (drone_home) StdoutLine: {'line': b'creating /workspaces/isaac_ros-dev/build/drone_home/build/lib/drone_home\n'}
[4.977438] (drone_home) StdoutLine: {'line': b'copying drone_home/__init__.py -> /workspaces/isaac_ros-dev/build/drone_home/build/lib/drone_home\n'}
[4.977692] (drone_home) StdoutLine: {'line': b'copying drone_home/gps_publisher.py -> /workspaces/isaac_ros-dev/build/drone_home/build/lib/drone_home\n'}
[4.977975] (drone_home) StdoutLine: {'line': b'copying drone_home/servo.py -> /workspaces/isaac_ros-dev/build/drone_home/build/lib/drone_home\n'}
[4.978374] (drone_home) StdoutLine: {'line': b'copying drone_home/imu_publisher.py -> /workspaces/isaac_ros-dev/build/drone_home/build/lib/drone_home\n'}
[4.978824] (drone_home) StdoutLine: {'line': b'copying drone_home/motor.py -> /workspaces/isaac_ros-dev/build/drone_home/build/lib/drone_home\n'}
[4.979344] (drone_home) StdoutLine: {'line': b'copying drone_home/servo_jetson.py -> /workspaces/isaac_ros-dev/build/drone_home/build/lib/drone_home\n'}
[4.979781] (drone_home) StdoutLine: {'line': b'copying drone_home/pwm_publisher.py -> /workspaces/isaac_ros-dev/build/drone_home/build/lib/drone_home\n'}
[4.980172] (drone_home) StdoutLine: {'line': b'copying drone_home/ackermann_drive.py -> /workspaces/isaac_ros-dev/build/drone_home/build/lib/drone_home\n'}
[4.980696] (drone_home) StdoutLine: {'line': b'copying drone_home/geo_tools.py -> /workspaces/isaac_ros-dev/build/drone_home/build/lib/drone_home\n'}
[4.981131] (drone_home) StdoutLine: {'line': b'copying drone_home/controller.py -> /workspaces/isaac_ros-dev/build/drone_home/build/lib/drone_home\n'}
[4.981642] (drone_home) StdoutLine: {'line': b'copying drone_home/markers.py -> /workspaces/isaac_ros-dev/build/drone_home/build/lib/drone_home\n'}
[4.981977] (drone_home) StdoutLine: {'line': b'copying drone_home/joy_to_ackermann.py -> /workspaces/isaac_ros-dev/build/drone_home/build/lib/drone_home\n'}
[4.982697] (drone_home) StdoutLine: {'line': b'running install\n'}
[4.992972] (drone_home) StdoutLine: {'line': b'running install_lib\n'}
[5.016828] (-) TimerEvent: {}
[5.042879] (drone_home) StdoutLine: {'line': b'creating /workspaces/isaac_ros-dev/install/drone_home/lib/python3.10/site-packages/drone_home\n'}
[5.043519] (drone_home) StdoutLine: {'line': b'copying /workspaces/isaac_ros-dev/build/drone_home/build/lib/drone_home/__init__.py -> /workspaces/isaac_ros-dev/install/drone_home/lib/python3.10/site-packages/drone_home\n'}
[5.043863] (drone_home) StdoutLine: {'line': b'copying /workspaces/isaac_ros-dev/build/drone_home/build/lib/drone_home/gps_publisher.py -> /workspaces/isaac_ros-dev/install/drone_home/lib/python3.10/site-packages/drone_home\n'}
[5.044251] (drone_home) StdoutLine: {'line': b'copying /workspaces/isaac_ros-dev/build/drone_home/build/lib/drone_home/servo.py -> /workspaces/isaac_ros-dev/install/drone_home/lib/python3.10/site-packages/drone_home\n'}
[5.044554] (drone_home) StdoutLine: {'line': b'copying /workspaces/isaac_ros-dev/build/drone_home/build/lib/drone_home/imu_publisher.py -> /workspaces/isaac_ros-dev/install/drone_home/lib/python3.10/site-packages/drone_home\n'}
[5.044850] (drone_home) StdoutLine: {'line': b'copying /workspaces/isaac_ros-dev/build/drone_home/build/lib/drone_home/motor.py -> /workspaces/isaac_ros-dev/install/drone_home/lib/python3.10/site-packages/drone_home\n'}
[5.045200] (drone_home) StdoutLine: {'line': b'copying /workspaces/isaac_ros-dev/build/drone_home/build/lib/drone_home/servo_jetson.py -> /workspaces/isaac_ros-dev/install/drone_home/lib/python3.10/site-packages/drone_home\n'}
[5.045501] (drone_home) StdoutLine: {'line': b'copying /workspaces/isaac_ros-dev/build/drone_home/build/lib/drone_home/pwm_publisher.py -> /workspaces/isaac_ros-dev/install/drone_home/lib/python3.10/site-packages/drone_home\n'}
[5.045878] (drone_home) StdoutLine: {'line': b'copying /workspaces/isaac_ros-dev/build/drone_home/build/lib/drone_home/ackermann_drive.py -> /workspaces/isaac_ros-dev/install/drone_home/lib/python3.10/site-packages/drone_home\n'}
[5.046171] (drone_home) StdoutLine: {'line': b'copying /workspaces/isaac_ros-dev/build/drone_home/build/lib/drone_home/geo_tools.py -> /workspaces/isaac_ros-dev/install/drone_home/lib/python3.10/site-packages/drone_home\n'}
[5.046409] (drone_home) StdoutLine: {'line': b'copying /workspaces/isaac_ros-dev/build/drone_home/build/lib/drone_home/controller.py -> /workspaces/isaac_ros-dev/install/drone_home/lib/python3.10/site-packages/drone_home\n'}
[5.046731] (drone_home) StdoutLine: {'line': b'copying /workspaces/isaac_ros-dev/build/drone_home/build/lib/drone_home/markers.py -> /workspaces/isaac_ros-dev/install/drone_home/lib/python3.10/site-packages/drone_home\n'}
[5.047043] (drone_home) StdoutLine: {'line': b'copying /workspaces/isaac_ros-dev/build/drone_home/build/lib/drone_home/joy_to_ackermann.py -> /workspaces/isaac_ros-dev/install/drone_home/lib/python3.10/site-packages/drone_home\n'}
[5.048254] (drone_home) StdoutLine: {'line': b'byte-compiling /workspaces/isaac_ros-dev/install/drone_home/lib/python3.10/site-packages/drone_home/__init__.py to __init__.cpython-310.pyc\n'}
[5.048975] (drone_home) StdoutLine: {'line': b'byte-compiling /workspaces/isaac_ros-dev/install/drone_home/lib/python3.10/site-packages/drone_home/gps_publisher.py to gps_publisher.cpython-310.pyc\n'}
[5.051040] (drone_home) StdoutLine: {'line': b'byte-compiling /workspaces/isaac_ros-dev/install/drone_home/lib/python3.10/site-packages/drone_home/servo.py to servo.cpython-310.pyc\n'}
[5.052304] (drone_home) StdoutLine: {'line': b'byte-compiling /workspaces/isaac_ros-dev/install/drone_home/lib/python3.10/site-packages/drone_home/imu_publisher.py to imu_publisher.cpython-310.pyc\n'}
[5.054187] (drone_home) StdoutLine: {'line': b'byte-compiling /workspaces/isaac_ros-dev/install/drone_home/lib/python3.10/site-packages/drone_home/motor.py to motor.cpython-310.pyc\n'}
[5.055303] (drone_home) StdoutLine: {'line': b'byte-compiling /workspaces/isaac_ros-dev/install/drone_home/lib/python3.10/site-packages/drone_home/servo_jetson.py to servo_jetson.cpython-310.pyc\n'}
[5.057151] (drone_home) StdoutLine: {'line': b'byte-compiling /workspaces/isaac_ros-dev/install/drone_home/lib/python3.10/site-packages/drone_home/pwm_publisher.py to pwm_publisher.cpython-310.pyc\n'}
[5.058336] (drone_home) StdoutLine: {'line': b'byte-compiling /workspaces/isaac_ros-dev/install/drone_home/lib/python3.10/site-packages/drone_home/ackermann_drive.py to ackermann_drive.cpython-310.pyc\n'}
[5.059181] (drone_home) StdoutLine: {'line': b'byte-compiling /workspaces/isaac_ros-dev/install/drone_home/lib/python3.10/site-packages/drone_home/geo_tools.py to geo_tools.cpython-310.pyc\n'}
[5.060731] (drone_home) StdoutLine: {'line': b'byte-compiling /workspaces/isaac_ros-dev/install/drone_home/lib/python3.10/site-packages/drone_home/controller.py to controller.cpython-310.pyc\n'}
[5.063165] (drone_home) StdoutLine: {'line': b'byte-compiling /workspaces/isaac_ros-dev/install/drone_home/lib/python3.10/site-packages/drone_home/markers.py to markers.cpython-310.pyc\n'}
[5.064191] (drone_home) StdoutLine: {'line': b'byte-compiling /workspaces/isaac_ros-dev/install/drone_home/lib/python3.10/site-packages/drone_home/joy_to_ackermann.py to joy_to_ackermann.cpython-310.pyc\n'}
[5.065121] (drone_home) StdoutLine: {'line': b'running install_data\n'}
[5.065450] (drone_home) StdoutLine: {'line': b'creating /workspaces/isaac_ros-dev/install/drone_home/share/ament_index\n'}
[5.065755] (drone_home) StdoutLine: {'line': b'creating /workspaces/isaac_ros-dev/install/drone_home/share/ament_index/resource_index\n'}
[5.066082] (drone_home) StdoutLine: {'line': b'creating /workspaces/isaac_ros-dev/install/drone_home/share/ament_index/resource_index/packages\n'}
[5.066316] (drone_home) StdoutLine: {'line': b'copying resource/drone_home -> /workspaces/isaac_ros-dev/install/drone_home/share/ament_index/resource_index/packages\n'}
[5.066629] (drone_home) StdoutLine: {'line': b'copying package.xml -> /workspaces/isaac_ros-dev/install/drone_home/share/drone_home\n'}
[5.066859] (drone_home) StdoutLine: {'line': b'running install_egg_info\n'}
[5.110767] (drone_home) StdoutLine: {'line': b'Copying ../../../../build/drone_home/drone_home.egg-info to /workspaces/isaac_ros-dev/install/drone_home/lib/python3.10/site-packages/drone_home-0.0.0-py3.10.egg-info\n'}
[5.112484] (drone_home) StdoutLine: {'line': b'running install_scripts\n'}
[5.116925] (-) TimerEvent: {}
[5.217448] (-) TimerEvent: {}
[5.269154] (drone_home) StdoutLine: {'line': b'Installing controller script to /workspaces/isaac_ros-dev/install/drone_home/lib/drone_home\n'}
[5.269682] (drone_home) StdoutLine: {'line': b'Installing drive_hardware script to /workspaces/isaac_ros-dev/install/drone_home/lib/drone_home\n'}
[5.269918] (drone_home) StdoutLine: {'line': b'Installing drive_publisher script to /workspaces/isaac_ros-dev/install/drone_home/lib/drone_home\n'}
[5.270143] (drone_home) StdoutLine: {'line': b'Installing gps_publisher script to /workspaces/isaac_ros-dev/install/drone_home/lib/drone_home\n'}
[5.270378] (drone_home) StdoutLine: {'line': b'Installing imu_publisher script to /workspaces/isaac_ros-dev/install/drone_home/lib/drone_home\n'}
[5.270605] (drone_home) StdoutLine: {'line': b'Installing pwm_publisher script to /workspaces/isaac_ros-dev/install/drone_home/lib/drone_home\n'}
[5.270830] (drone_home) StdoutLine: {'line': b'Installing visualization script to /workspaces/isaac_ros-dev/install/drone_home/lib/drone_home\n'}
[5.271762] (drone_home) StdoutLine: {'line': b"writing list of installed files to '/workspaces/isaac_ros-dev/build/drone_home/install.log'\n"}
[5.317584] (-) TimerEvent: {}
[5.388180] (drone_home) CommandEnded: {'returncode': 0}
[5.401558] (drone_home) JobEnded: {'identifier': 'drone_home', 'rc': 0}
[5.417688] (-) TimerEvent: {}
[5.518195] (-) TimerEvent: {}
[5.619077] (-) TimerEvent: {}
[5.719657] (-) TimerEvent: {}
[5.820571] (-) TimerEvent: {}
[5.921142] (-) TimerEvent: {}
[6.022068] (-) TimerEvent: {}
[6.122688] (-) TimerEvent: {}
[6.223535] (-) TimerEvent: {}
[6.264905] (Torch) StdoutLine: {'line': b'-- The CUDA compiler identification is NVIDIA 12.6.68\n'}
[6.282790] (Torch) StdoutLine: {'line': b'-- Detecting CUDA compiler ABI info\n'}
[6.323643] (-) TimerEvent: {}
[6.424541] (-) TimerEvent: {}
[6.525451] (-) TimerEvent: {}
[6.626603] (-) TimerEvent: {}
[6.727206] (-) TimerEvent: {}
[6.828115] (-) TimerEvent: {}
[6.928712] (-) TimerEvent: {}
[7.029408] (-) TimerEvent: {}
[7.129982] (-) TimerEvent: {}
[7.230884] (-) TimerEvent: {}
[7.331487] (-) TimerEvent: {}
[7.432415] (-) TimerEvent: {}
[7.533122] (-) TimerEvent: {}
[7.633905] (-) TimerEvent: {}
[7.734529] (-) TimerEvent: {}
[7.835216] (-) TimerEvent: {}
[7.935829] (-) TimerEvent: {}
[8.036518] (-) TimerEvent: {}
[8.089606] (Torch) StdoutLine: {'line': b'-- Detecting CUDA compiler ABI info - done\n'}
[8.136616] (-) TimerEvent: {}
[8.168465] (Torch) StdoutLine: {'line': b'-- Check for working CUDA compiler: /usr/local/cuda/bin/nvcc - skipped\n'}
[8.169040] (Torch) StdoutLine: {'line': b'-- Detecting CUDA compile features\n'}
[8.170109] (Torch) StdoutLine: {'line': b'-- Detecting CUDA compile features - done\n'}
[8.176057] (Torch) StdoutLine: {'line': b'-- Found CUDAToolkit: /usr/local/cuda/include (found version "12.6.68") \n'}
[8.190749] (Torch) StdoutLine: {'line': b'-- Looking for pthread.h\n'}
[8.236714] (-) TimerEvent: {}
[8.337267] (-) TimerEvent: {}
[8.354921] (Torch) StdoutLine: {'line': b'-- Looking for pthread.h - found\n'}
[8.355696] (Torch) StdoutLine: {'line': b'-- Performing Test CMAKE_HAVE_LIBC_PTHREAD\n'}
[8.437332] (-) TimerEvent: {}
[8.525378] (Torch) StdoutLine: {'line': b'-- Performing Test CMAKE_HAVE_LIBC_PTHREAD - Success\n'}
[8.528983] (Torch) StdoutLine: {'line': b'-- Found Threads: TRUE  \n'}
[8.537455] (-) TimerEvent: {}
[8.637967] (-) TimerEvent: {}
[8.641656] (Torch) StdoutLine: {'line': b'-- PyTorch: CUDA detected: 12.6\n'}
[8.642073] (Torch) StdoutLine: {'line': b'-- PyTorch: CUDA nvcc is: /usr/local/cuda/bin/nvcc\n'}
[8.642354] (Torch) StdoutLine: {'line': b'-- PyTorch: CUDA toolkit directory: /usr/local/cuda\n'}
[8.738212] (-) TimerEvent: {}
[8.838963] (-) TimerEvent: {}
[8.862106] (Torch) StdoutLine: {'line': b'-- PyTorch: Header version is: 12.6\n'}
[8.939097] (-) TimerEvent: {}
[9.039691] (-) TimerEvent: {}
[9.140256] (-) TimerEvent: {}
[9.240998] (-) TimerEvent: {}
[9.341743] (-) TimerEvent: {}
[9.442364] (-) TimerEvent: {}
[9.543207] (-) TimerEvent: {}
[9.643872] (-) TimerEvent: {}
[9.744422] (-) TimerEvent: {}
[9.844972] (-) TimerEvent: {}
[9.945506] (-) TimerEvent: {}
[10.046091] (-) TimerEvent: {}
[10.146614] (-) TimerEvent: {}
[10.247177] (-) TimerEvent: {}
[10.347670] (-) TimerEvent: {}
[10.424958] (Torch) StdoutLine: {'line': b'-- Found Python: /usr/bin/python3.10 (found version "3.10.12") found components: Interpreter \n'}
[10.440807] (Torch) StderrLine: {'line': b'\x1b[33mCMake Warning at cmake/public/cuda.cmake:140 (message):\n'}
[10.441276] (Torch) StderrLine: {'line': b'  Failed to compute shorthash for libnvrtc.so\n'}
[10.441602] (Torch) StderrLine: {'line': b'Call Stack (most recent call first):\n'}
[10.441864] (Torch) StderrLine: {'line': b'  cmake/Dependencies.cmake:44 (include)\n'}
[10.442108] (Torch) StderrLine: {'line': b'  CMakeLists.txt:858 (include)\n'}
[10.442449] (Torch) StderrLine: {'line': b'\n'}
[10.442692] (Torch) StderrLine: {'line': b'\x1b[0m\n'}
[10.442920] (Torch) StdoutLine: {'line': b'-- Found nvtx3: /workspaces/isaac_ros-dev/Docker/git/pytorch/third_party/NVTX/c/include  \n'}
[10.447764] (-) TimerEvent: {}
[10.457542] (Torch) StdoutLine: {'line': b'-- Could NOT find CUDNN (missing: CUDNN_LIBRARY_PATH CUDNN_INCLUDE_PATH) \n'}
[10.458182] (Torch) StderrLine: {'line': b'\x1b[33mCMake Warning at cmake/public/cuda.cmake:218 (message):\n'}
[10.458481] (Torch) StderrLine: {'line': b'  Cannot find cuDNN library.  Turning the option off\n'}
[10.458741] (Torch) StderrLine: {'line': b'Call Stack (most recent call first):\n'}
[10.458994] (Torch) StderrLine: {'line': b'  cmake/Dependencies.cmake:44 (include)\n'}
[10.459234] (Torch) StderrLine: {'line': b'  CMakeLists.txt:858 (include)\n'}
[10.459466] (Torch) StderrLine: {'line': b'\n'}
[10.459686] (Torch) StderrLine: {'line': b'\x1b[0m\n'}
[10.467394] (Torch) StdoutLine: {'line': b'-- Found CUSPARSELT: /usr/lib/aarch64-linux-gnu/libcusparseLt.so  \n'}
[10.473882] (Torch) StdoutLine: {'line': b'-- Found CUDSS: /usr/local/libcudss-linux-0.3.0.9_cuda12-archive/lib/libcudss.so  \n'}
[10.474763] (Torch) StdoutLine: {'line': b'-- USE_CUFILE is set to 0. Compiling without cuFile support\n'}
[10.547985] (-) TimerEvent: {}
[10.648700] (-) TimerEvent: {}
[10.749333] (-) TimerEvent: {}
[10.850004] (-) TimerEvent: {}
[10.950585] (-) TimerEvent: {}
[11.051491] (-) TimerEvent: {}
[11.152152] (-) TimerEvent: {}
[11.252882] (-) TimerEvent: {}
[11.353636] (-) TimerEvent: {}
[11.454352] (-) TimerEvent: {}
[11.555052] (-) TimerEvent: {}
[11.655755] (-) TimerEvent: {}
[11.756391] (-) TimerEvent: {}
[11.857064] (-) TimerEvent: {}
[11.957698] (-) TimerEvent: {}
[12.058409] (-) TimerEvent: {}
[12.159081] (-) TimerEvent: {}
[12.259792] (-) TimerEvent: {}
[12.271816] (Torch) StdoutLine: {'line': b'-- Autodetected CUDA architecture(s):  8.7\n'}
[12.272423] (Torch) StdoutLine: {'line': b'-- Added CUDA NVCC flags for: -gencode;arch=compute_87,code=sm_87\n'}
[12.279271] (Torch) StderrLine: {'line': b'\x1b[33mCMake Warning at cmake/Dependencies.cmake:95 (message):\n'}
[12.279653] (Torch) StderrLine: {'line': b'  Not compiling with XPU.  Could NOT find SYCL.Suppress this warning with\n'}
[12.279920] (Torch) StderrLine: {'line': b'  -DUSE_XPU=OFF.\n'}
[12.280253] (Torch) StderrLine: {'line': b'Call Stack (most recent call first):\n'}
[12.280507] (Torch) StderrLine: {'line': b'  CMakeLists.txt:858 (include)\n'}
[12.280731] (Torch) StderrLine: {'line': b'\n'}
[12.280943] (Torch) StderrLine: {'line': b'\x1b[0m\n'}
[12.281151] (Torch) StdoutLine: {'line': b'-- Building using own protobuf under third_party per request.\n'}
[12.281373] (Torch) StdoutLine: {'line': b'-- Use custom protobuf build.\n'}
[12.286092] (Torch) StdoutLine: {'line': b'-- \n'}
[12.286486] (Torch) StdoutLine: {'line': b'-- 3.13.0.0\n'}
[12.292292] (Torch) StdoutLine: {'line': b'-- Performing Test protobuf_HAVE_BUILTIN_ATOMICS\n'}
[12.359977] (-) TimerEvent: {}
[12.460664] (-) TimerEvent: {}
[12.529531] (Torch) StdoutLine: {'line': b'-- Performing Test protobuf_HAVE_BUILTIN_ATOMICS - Success\n'}
[12.561808] (-) TimerEvent: {}
[12.576537] (Torch) StdoutLine: {'line': b'-- Caffe2 protobuf include directory: $<BUILD_INTERFACE:/workspaces/isaac_ros-dev/Docker/git/pytorch/third_party/protobuf/src>$<INSTALL_INTERFACE:include>\n'}
[12.582737] (Torch) StdoutLine: {'line': b'-- Trying to find preferred BLAS backend of choice: MKL\n'}
[12.588098] (Torch) StdoutLine: {'line': b'-- MKL_THREADING = OMP\n'}
[12.589133] (Torch) StdoutLine: {'line': b'-- Looking for sys/types.h\n'}
[12.661961] (-) TimerEvent: {}
[12.751647] (Torch) StdoutLine: {'line': b'-- Looking for sys/types.h - found\n'}
[12.752616] (Torch) StdoutLine: {'line': b'-- Looking for stdint.h\n'}
[12.762057] (-) TimerEvent: {}
[12.862578] (-) TimerEvent: {}
[12.911555] (Torch) StdoutLine: {'line': b'-- Looking for stdint.h - found\n'}
[12.912598] (Torch) StdoutLine: {'line': b'-- Looking for stddef.h\n'}
[12.962684] (-) TimerEvent: {}
[13.063229] (-) TimerEvent: {}
[13.066320] (Torch) StdoutLine: {'line': b'-- Looking for stddef.h - found\n'}
[13.066806] (Torch) StdoutLine: {'line': b'-- Check size of void*\n'}
[13.163420] (-) TimerEvent: {}
[13.228816] (Torch) StdoutLine: {'line': b'-- Check size of void* - done\n'}
[13.263497] (-) TimerEvent: {}
[13.321271] (Torch) StdoutLine: {'line': b'-- MKL_THREADING = OMP\n'}
[13.363609] (-) TimerEvent: {}
[13.372601] (Torch) StderrLine: {'line': b'\x1b[33mCMake Warning at cmake/Dependencies.cmake:207 (message):\n'}
[13.373046] (Torch) StderrLine: {'line': b'  MKL could not be found.  Defaulting to Eigen\n'}
[13.373313] (Torch) StderrLine: {'line': b'Call Stack (most recent call first):\n'}
[13.373612] (Torch) StderrLine: {'line': b'  CMakeLists.txt:858 (include)\n'}
[13.373859] (Torch) StderrLine: {'line': b'\n'}
[13.374085] (Torch) StderrLine: {'line': b'\x1b[0m\n'}
[13.374301] (Torch) StderrLine: {'line': b'\x1b[33mCMake Warning at cmake/Dependencies.cmake:255 (message):\n'}
[13.374516] (Torch) StderrLine: {'line': b'  Preferred BLAS (MKL) cannot be found, now searching for a general BLAS\n'}
[13.374727] (Torch) StderrLine: {'line': b'  library\n'}
[13.374936] (Torch) StderrLine: {'line': b'Call Stack (most recent call first):\n'}
[13.375143] (Torch) StderrLine: {'line': b'  CMakeLists.txt:858 (include)\n'}
[13.375348] (Torch) StderrLine: {'line': b'\n'}
[13.375552] (Torch) StderrLine: {'line': b'\x1b[0m\n'}
[13.375830] (Torch) StdoutLine: {'line': b'-- MKL_THREADING = OMP\n'}
[13.376482] (Torch) StdoutLine: {'line': b'-- Checking for [mkl_intel_lp64 - mkl_gnu_thread - mkl_core - gomp - pthread - m - dl]\n'}
[13.377872] (Torch) StdoutLine: {'line': b'--   Library mkl_intel_lp64: not found\n'}
[13.378245] (Torch) StdoutLine: {'line': b'-- Checking for [mkl_intel_lp64 - mkl_intel_thread - mkl_core - gomp - pthread - m - dl]\n'}
[13.379275] (Torch) StdoutLine: {'line': b'--   Library mkl_intel_lp64: not found\n'}
[13.379622] (Torch) StdoutLine: {'line': b'-- Checking for [mkl_intel - mkl_gnu_thread - mkl_core - gomp - pthread - m - dl]\n'}
[13.380816] (Torch) StdoutLine: {'line': b'--   Library mkl_intel: not found\n'}
[13.381175] (Torch) StdoutLine: {'line': b'-- Checking for [mkl_intel - mkl_intel_thread - mkl_core - gomp - pthread - m - dl]\n'}
[13.382128] (Torch) StdoutLine: {'line': b'--   Library mkl_intel: not found\n'}
[13.382473] (Torch) StdoutLine: {'line': b'-- Checking for [mkl_gf_lp64 - mkl_gnu_thread - mkl_core - gomp - pthread - m - dl]\n'}
[13.383390] (Torch) StdoutLine: {'line': b'--   Library mkl_gf_lp64: not found\n'}
[13.383761] (Torch) StdoutLine: {'line': b'-- Checking for [mkl_gf_lp64 - mkl_intel_thread - mkl_core - gomp - pthread - m - dl]\n'}
[13.384653] (Torch) StdoutLine: {'line': b'--   Library mkl_gf_lp64: not found\n'}
[13.384983] (Torch) StdoutLine: {'line': b'-- Checking for [mkl_gf - mkl_gnu_thread - mkl_core - gomp - pthread - m - dl]\n'}
[13.385905] (Torch) StdoutLine: {'line': b'--   Library mkl_gf: not found\n'}
[13.386300] (Torch) StdoutLine: {'line': b'-- Checking for [mkl_gf - mkl_intel_thread - mkl_core - gomp - pthread - m - dl]\n'}
[13.387131] (Torch) StdoutLine: {'line': b'--   Library mkl_gf: not found\n'}
[13.387467] (Torch) StdoutLine: {'line': b'-- Checking for [mkl_intel_lp64 - mkl_gnu_thread - mkl_core - iomp5 - pthread - m - dl]\n'}
[13.388375] (Torch) StdoutLine: {'line': b'--   Library mkl_intel_lp64: not found\n'}
[13.388707] (Torch) StdoutLine: {'line': b'-- Checking for [mkl_intel_lp64 - mkl_intel_thread - mkl_core - iomp5 - pthread - m - dl]\n'}
[13.390013] (Torch) StdoutLine: {'line': b'--   Library mkl_intel_lp64: not found\n'}
[13.390405] (Torch) StdoutLine: {'line': b'-- Checking for [mkl_intel - mkl_gnu_thread - mkl_core - iomp5 - pthread - m - dl]\n'}
[13.390850] (Torch) StdoutLine: {'line': b'--   Library mkl_intel: not found\n'}
[13.391196] (Torch) StdoutLine: {'line': b'-- Checking for [mkl_intel - mkl_intel_thread - mkl_core - iomp5 - pthread - m - dl]\n'}
[13.392099] (Torch) StdoutLine: {'line': b'--   Library mkl_intel: not found\n'}
[13.392438] (Torch) StdoutLine: {'line': b'-- Checking for [mkl_gf_lp64 - mkl_gnu_thread - mkl_core - iomp5 - pthread - m - dl]\n'}
[13.393343] (Torch) StdoutLine: {'line': b'--   Library mkl_gf_lp64: not found\n'}
[13.393734] (Torch) StdoutLine: {'line': b'-- Checking for [mkl_gf_lp64 - mkl_intel_thread - mkl_core - iomp5 - pthread - m - dl]\n'}
[13.394609] (Torch) StdoutLine: {'line': b'--   Library mkl_gf_lp64: not found\n'}
[13.394939] (Torch) StdoutLine: {'line': b'-- Checking for [mkl_gf - mkl_gnu_thread - mkl_core - iomp5 - pthread - m - dl]\n'}
[13.395838] (Torch) StdoutLine: {'line': b'--   Library mkl_gf: not found\n'}
[13.396174] (Torch) StdoutLine: {'line': b'-- Checking for [mkl_gf - mkl_intel_thread - mkl_core - iomp5 - pthread - m - dl]\n'}
[13.397066] (Torch) StdoutLine: {'line': b'--   Library mkl_gf: not found\n'}
[13.397434] (Torch) StdoutLine: {'line': b'-- Checking for [mkl_intel_lp64 - mkl_gnu_thread - mkl_core - pthread - m - dl]\n'}
[13.398350] (Torch) StdoutLine: {'line': b'--   Library mkl_intel_lp64: not found\n'}
[13.398697] (Torch) StdoutLine: {'line': b'-- Checking for [mkl_intel_lp64 - mkl_intel_thread - mkl_core - pthread - m - dl]\n'}
[13.399596] (Torch) StdoutLine: {'line': b'--   Library mkl_intel_lp64: not found\n'}
[13.399914] (Torch) StdoutLine: {'line': b'-- Checking for [mkl_intel - mkl_gnu_thread - mkl_core - pthread - m - dl]\n'}
[13.400999] (Torch) StdoutLine: {'line': b'--   Library mkl_intel: not found\n'}
[13.401343] (Torch) StdoutLine: {'line': b'-- Checking for [mkl_intel - mkl_intel_thread - mkl_core - pthread - m - dl]\n'}
[13.402248] (Torch) StdoutLine: {'line': b'--   Library mkl_intel: not found\n'}
[13.402617] (Torch) StdoutLine: {'line': b'-- Checking for [mkl_gf_lp64 - mkl_gnu_thread - mkl_core - pthread - m - dl]\n'}
[13.403485] (Torch) StdoutLine: {'line': b'--   Library mkl_gf_lp64: not found\n'}
[13.403819] (Torch) StdoutLine: {'line': b'-- Checking for [mkl_gf_lp64 - mkl_intel_thread - mkl_core - pthread - m - dl]\n'}
[13.404707] (Torch) StdoutLine: {'line': b'--   Library mkl_gf_lp64: not found\n'}
[13.405026] (Torch) StdoutLine: {'line': b'-- Checking for [mkl_gf - mkl_gnu_thread - mkl_core - pthread - m - dl]\n'}
[13.405947] (Torch) StdoutLine: {'line': b'--   Library mkl_gf: not found\n'}
[13.406303] (Torch) StdoutLine: {'line': b'-- Checking for [mkl_gf - mkl_intel_thread - mkl_core - pthread - m - dl]\n'}
[13.407159] (Torch) StdoutLine: {'line': b'--   Library mkl_gf: not found\n'}
[13.407487] (Torch) StdoutLine: {'line': b'-- Checking for [mkl_intel_lp64 - mkl_sequential - mkl_core - m - dl]\n'}
[13.408382] (Torch) StdoutLine: {'line': b'--   Library mkl_intel_lp64: not found\n'}
[13.408721] (Torch) StdoutLine: {'line': b'-- Checking for [mkl_intel - mkl_sequential - mkl_core - m - dl]\n'}
[13.409610] (Torch) StdoutLine: {'line': b'--   Library mkl_intel: not found\n'}
[13.409948] (Torch) StdoutLine: {'line': b'-- Checking for [mkl_gf_lp64 - mkl_sequential - mkl_core - m - dl]\n'}
[13.410832] (Torch) StdoutLine: {'line': b'--   Library mkl_gf_lp64: not found\n'}
[13.411164] (Torch) StdoutLine: {'line': b'-- Checking for [mkl_gf - mkl_sequential - mkl_core - m - dl]\n'}
[13.412035] (Torch) StdoutLine: {'line': b'--   Library mkl_gf: not found\n'}
[13.412351] (Torch) StdoutLine: {'line': b'-- Checking for [mkl_intel_lp64 - mkl_core - gomp - pthread - m - dl]\n'}
[13.413239] (Torch) StdoutLine: {'line': b'--   Library mkl_intel_lp64: not found\n'}
[13.413608] (Torch) StdoutLine: {'line': b'-- Checking for [mkl_intel - mkl_core - gomp - pthread - m - dl]\n'}
[13.414481] (Torch) StdoutLine: {'line': b'--   Library mkl_intel: not found\n'}
[13.414815] (Torch) StdoutLine: {'line': b'-- Checking for [mkl_gf_lp64 - mkl_core - gomp - pthread - m - dl]\n'}
[13.415694] (Torch) StdoutLine: {'line': b'--   Library mkl_gf_lp64: not found\n'}
[13.416028] (Torch) StdoutLine: {'line': b'-- Checking for [mkl_gf - mkl_core - gomp - pthread - m - dl]\n'}
[13.416944] (Torch) StdoutLine: {'line': b'--   Library mkl_gf: not found\n'}
[13.417323] (Torch) StdoutLine: {'line': b'-- Checking for [mkl_intel_lp64 - mkl_core - iomp5 - pthread - m - dl]\n'}
[13.418164] (Torch) StdoutLine: {'line': b'--   Library mkl_intel_lp64: not found\n'}
[13.418498] (Torch) StdoutLine: {'line': b'-- Checking for [mkl_intel - mkl_core - iomp5 - pthread - m - dl]\n'}
[13.419373] (Torch) StdoutLine: {'line': b'--   Library mkl_intel: not found\n'}
[13.419712] (Torch) StdoutLine: {'line': b'-- Checking for [mkl_gf_lp64 - mkl_core - iomp5 - pthread - m - dl]\n'}
[13.420584] (Torch) StdoutLine: {'line': b'--   Library mkl_gf_lp64: not found\n'}
[13.420935] (Torch) StdoutLine: {'line': b'-- Checking for [mkl_gf - mkl_core - iomp5 - pthread - m - dl]\n'}
[13.421817] (Torch) StdoutLine: {'line': b'--   Library mkl_gf: not found\n'}
[13.422150] (Torch) StdoutLine: {'line': b'-- Checking for [mkl_intel_lp64 - mkl_core - pthread - m - dl]\n'}
[13.423022] (Torch) StdoutLine: {'line': b'--   Library mkl_intel_lp64: not found\n'}
[13.423356] (Torch) StdoutLine: {'line': b'-- Checking for [mkl_intel - mkl_core - pthread - m - dl]\n'}
[13.424227] (Torch) StdoutLine: {'line': b'--   Library mkl_intel: not found\n'}
[13.424552] (Torch) StdoutLine: {'line': b'-- Checking for [mkl_gf_lp64 - mkl_core - pthread - m - dl]\n'}
[13.425453] (Torch) StdoutLine: {'line': b'--   Library mkl_gf_lp64: not found\n'}
[13.425794] (Torch) StdoutLine: {'line': b'-- Checking for [mkl_gf - mkl_core - pthread - m - dl]\n'}
[13.426647] (Torch) StdoutLine: {'line': b'--   Library mkl_gf: not found\n'}
[13.426978] (Torch) StdoutLine: {'line': b'-- Checking for [mkl - guide - pthread - m]\n'}
[13.427811] (Torch) StdoutLine: {'line': b'--   Library mkl: not found\n'}
[13.428171] (Torch) StdoutLine: {'line': b'-- MKL library not found\n'}
[13.428412] (Torch) StdoutLine: {'line': b'-- Checking for [blis]\n'}
[13.431855] (Torch) StdoutLine: {'line': b'--   Library blis: BLAS_blis_LIBRARY-NOTFOUND\n'}
[13.432174] (Torch) StdoutLine: {'line': b'-- Checking for [Accelerate]\n'}
[13.433429] (Torch) StdoutLine: {'line': b'--   Library Accelerate: BLAS_Accelerate_LIBRARY-NOTFOUND\n'}
[13.433792] (Torch) StdoutLine: {'line': b'-- Checking for [vecLib]\n'}
[13.435147] (Torch) StdoutLine: {'line': b'--   Library vecLib: BLAS_vecLib_LIBRARY-NOTFOUND\n'}
[13.435494] (Torch) StdoutLine: {'line': b'-- Checking for [flexiblas]\n'}
[13.436457] (Torch) StdoutLine: {'line': b'--   Library flexiblas: BLAS_flexiblas_LIBRARY-NOTFOUND\n'}
[13.436746] (Torch) StdoutLine: {'line': b'-- Checking for [openblas]\n'}
[13.437752] (Torch) StdoutLine: {'line': b'--   Library openblas: /usr/lib/aarch64-linux-gnu/libopenblas.so\n'}
[13.438093] (Torch) StdoutLine: {'line': b'-- Looking for sgemm_\n'}
[13.463705] (-) TimerEvent: {}
[13.564271] (-) TimerEvent: {}
[13.630053] (Torch) StdoutLine: {'line': b'-- Looking for sgemm_ - found\n'}
[13.631148] (Torch) StdoutLine: {'line': b'-- Performing Test BLAS_F2C_DOUBLE_WORKS\n'}
[13.664353] (-) TimerEvent: {}
[13.764984] (-) TimerEvent: {}
[13.865720] (-) TimerEvent: {}
[13.873718] (Torch) StdoutLine: {'line': b'-- Performing Test BLAS_F2C_DOUBLE_WORKS - Failed\n'}
[13.874494] (Torch) StdoutLine: {'line': b'-- Performing Test BLAS_F2C_FLOAT_WORKS\n'}
[13.965933] (-) TimerEvent: {}
[14.066677] (-) TimerEvent: {}
[14.102744] (Torch) StdoutLine: {'line': b'-- Performing Test BLAS_F2C_FLOAT_WORKS - Success\n'}
[14.103484] (Torch) StdoutLine: {'line': b'-- Performing Test BLAS_USE_CBLAS_DOT\n'}
[14.166869] (-) TimerEvent: {}
[14.267642] (-) TimerEvent: {}
[14.329942] (Torch) StdoutLine: {'line': b'-- Performing Test BLAS_USE_CBLAS_DOT - Success\n'}
[14.330721] (Torch) StdoutLine: {'line': b'-- Found a library with BLAS API (open). Full path: (/usr/lib/aarch64-linux-gnu/libopenblas.so)\n'}
[14.331136] (Torch) StdoutLine: {'line': b'-- Looking for sbgemm_\n'}
[14.367723] (-) TimerEvent: {}
[14.468353] (-) TimerEvent: {}
[14.495628] (Torch) StdoutLine: {'line': b'-- Looking for sbgemm_ - not found\n'}
[14.496526] (Torch) StdoutLine: {'line': b'-- Using pocketfft in directory: /workspaces/isaac_ros-dev/Docker/git/pytorch/third_party/pocketfft/\n'}
[14.568513] (-) TimerEvent: {}
[14.571897] (Torch) StdoutLine: {'line': b'-- The ASM compiler identification is GNU\n'}
[14.579910] (Torch) StdoutLine: {'line': b'-- Found assembler: /usr/bin/cc\n'}
[14.612236] (Torch) StdoutLine: {'line': b'-- Brace yourself, we are building NNPACK\n'}
[14.622997] (Torch) StdoutLine: {'line': b'-- NNPACK backend is neon\n'}
[14.634702] (Torch) StdoutLine: {'line': b'-- Building for XNNPACK_TARGET_PROCESSOR: arm64\n'}
[14.637958] (Torch) StdoutLine: {'line': b'-- Generating microkernels.cmake\n'}
[14.668612] (-) TimerEvent: {}
[14.769278] (-) TimerEvent: {}
[14.869957] (-) TimerEvent: {}
[14.970547] (-) TimerEvent: {}
[15.071158] (-) TimerEvent: {}
[15.171658] (-) TimerEvent: {}
[15.272105] (-) TimerEvent: {}
[15.372819] (-) TimerEvent: {}
[15.473338] (-) TimerEvent: {}
[15.573814] (-) TimerEvent: {}
[15.674287] (-) TimerEvent: {}
[15.774708] (-) TimerEvent: {}
[15.875213] (-) TimerEvent: {}
[15.975637] (-) TimerEvent: {}
[16.076127] (-) TimerEvent: {}
[16.176610] (-) TimerEvent: {}
[16.277203] (-) TimerEvent: {}
[16.377780] (-) TimerEvent: {}
[16.478250] (-) TimerEvent: {}
[16.578686] (-) TimerEvent: {}
[16.679134] (-) TimerEvent: {}
[16.779575] (-) TimerEvent: {}
[16.880161] (-) TimerEvent: {}
[16.980704] (-) TimerEvent: {}
[17.081243] (-) TimerEvent: {}
[17.181689] (-) TimerEvent: {}
[17.282120] (-) TimerEvent: {}
[17.382560] (-) TimerEvent: {}
[17.483039] (-) TimerEvent: {}
[17.583470] (-) TimerEvent: {}
[17.683885] (-) TimerEvent: {}
[17.784298] (-) TimerEvent: {}
[17.884692] (-) TimerEvent: {}
[17.985085] (-) TimerEvent: {}
[18.085515] (-) TimerEvent: {}
[18.185873] (-) TimerEvent: {}
[18.286233] (-) TimerEvent: {}
[18.386586] (-) TimerEvent: {}
[18.486937] (-) TimerEvent: {}
[18.587292] (-) TimerEvent: {}
[18.687706] (-) TimerEvent: {}
[18.788162] (-) TimerEvent: {}
[18.888626] (-) TimerEvent: {}
[18.989088] (-) TimerEvent: {}
[19.089522] (-) TimerEvent: {}
[19.189919] (-) TimerEvent: {}
[19.290296] (-) TimerEvent: {}
[19.390783] (-) TimerEvent: {}
[19.491130] (-) TimerEvent: {}
[19.591458] (-) TimerEvent: {}
[19.691785] (-) TimerEvent: {}
[19.792130] (-) TimerEvent: {}
[19.892515] (-) TimerEvent: {}
[19.992968] (-) TimerEvent: {}
[20.093346] (-) TimerEvent: {}
[20.193729] (-) TimerEvent: {}
[20.294099] (-) TimerEvent: {}
[20.394452] (-) TimerEvent: {}
[20.494824] (-) TimerEvent: {}
[20.595153] (-) TimerEvent: {}
[20.695582] (-) TimerEvent: {}
[20.796061] (-) TimerEvent: {}
[20.896497] (-) TimerEvent: {}
[20.996949] (-) TimerEvent: {}
[21.097334] (-) TimerEvent: {}
[21.197721] (-) TimerEvent: {}
[21.298221] (-) TimerEvent: {}
[21.398585] (-) TimerEvent: {}
[21.498937] (-) TimerEvent: {}
[21.599281] (-) TimerEvent: {}
[21.699673] (-) TimerEvent: {}
[21.800069] (-) TimerEvent: {}
[21.851575] (Torch) StdoutLine: {'line': b'No microkernel found in src/reference/unary-elementwise.cc\n'}
[21.852017] (Torch) StdoutLine: {'line': b'No microkernel found in src/reference/binary-elementwise.cc\n'}
[21.852202] (Torch) StdoutLine: {'line': b'No microkernel found in src/reference/packing.cc\n'}
[21.900209] (-) TimerEvent: {}
[21.946344] (Torch) StderrLine: {'line': b'\x1b[33mCMake Warning at cmake/Dependencies.cmake:704 (message):\n'}
[21.946881] (Torch) StderrLine: {'line': b'  A compiler with AVX512 support is required for FBGEMM.  Not compiling with\n'}
[21.947165] (Torch) StderrLine: {'line': b'  FBGEMM.  Turn this warning off by USE_FBGEMM=OFF.\n'}
[21.947417] (Torch) StderrLine: {'line': b'Call Stack (most recent call first):\n'}
[21.947646] (Torch) StderrLine: {'line': b'  CMakeLists.txt:858 (include)\n'}
[21.947863] (Torch) StderrLine: {'line': b'\n'}
[21.948075] (Torch) StderrLine: {'line': b'\x1b[0m\n'}
[21.948287] (Torch) StderrLine: {'line': b'\x1b[33mCMake Warning at cmake/Dependencies.cmake:753 (message):\n'}
[21.948541] (Torch) StderrLine: {'line': b'  Turning USE_FAKELOWP off as it depends on USE_FBGEMM.\n'}
[21.948751] (Torch) StderrLine: {'line': b'Call Stack (most recent call first):\n'}
[21.948957] (Torch) StderrLine: {'line': b'  CMakeLists.txt:858 (include)\n'}
[21.949163] (Torch) StderrLine: {'line': b'\n'}
[21.949365] (Torch) StderrLine: {'line': b'\x1b[0m\n'}
[21.952339] (Torch) StdoutLine: {'line': b'-- Found Numa: /usr/include  \n'}
[21.952784] (Torch) StdoutLine: {'line': b'-- Found Numa  (include: /usr/include, library: /usr/lib/aarch64-linux-gnu/libnuma.so)\n'}
[21.953069] (Torch) StdoutLine: {'line': b'-- Using third party subdirectory Eigen.\n'}
[22.000560] (-) TimerEvent: {}
[22.101103] (-) TimerEvent: {}
[22.201609] (-) TimerEvent: {}
[22.302301] (-) TimerEvent: {}
[22.402770] (-) TimerEvent: {}
[22.503453] (-) TimerEvent: {}
[22.604138] (-) TimerEvent: {}
[22.704827] (-) TimerEvent: {}
[22.805285] (-) TimerEvent: {}
[22.905750] (-) TimerEvent: {}
[23.006223] (-) TimerEvent: {}
[23.106697] (-) TimerEvent: {}
[23.169804] (Torch) StdoutLine: {'line': b'-- Found Python: /usr/bin/python3.10 (found version "3.10.12") found components: Interpreter Development.Module NumPy \n'}
[23.170757] (Torch) StdoutLine: {'line': b'-- Using third_party/pybind11.\n'}
[23.171071] (Torch) StdoutLine: {'line': b'-- pybind11 include dirs: /workspaces/isaac_ros-dev/Docker/git/pytorch/cmake/../third_party/pybind11/include\n'}
[23.174560] (Torch) StdoutLine: {'line': b'-- Could NOT find OpenTelemetryApi (missing: OpenTelemetryApi_INCLUDE_DIRS) \n'}
[23.174941] (Torch) StdoutLine: {'line': b'-- Using third_party/opentelemetry-cpp.\n'}
[23.175197] (Torch) StdoutLine: {'line': b'-- opentelemetry api include dirs: /workspaces/isaac_ros-dev/Docker/git/pytorch/cmake/../third_party/opentelemetry-cpp/api/include\n'}
[23.206792] (-) TimerEvent: {}
[23.307442] (-) TimerEvent: {}
[23.408072] (-) TimerEvent: {}
[23.508525] (-) TimerEvent: {}
[23.520758] (Torch) StdoutLine: {'line': b'-- Found MPI_C: /usr/lib/aarch64-linux-gnu/openmpi/lib/libmpi.so (found version "3.1") \n'}
[23.608643] (-) TimerEvent: {}
[23.709084] (-) TimerEvent: {}
[23.809571] (-) TimerEvent: {}
[23.910061] (-) TimerEvent: {}
[24.010544] (-) TimerEvent: {}
[24.111040] (-) TimerEvent: {}
[24.211531] (-) TimerEvent: {}
[24.312020] (-) TimerEvent: {}
[24.412517] (-) TimerEvent: {}
[24.512999] (-) TimerEvent: {}
[24.613592] (-) TimerEvent: {}
[24.714294] (-) TimerEvent: {}
[24.814810] (-) TimerEvent: {}
[24.915269] (-) TimerEvent: {}
[25.015740] (-) TimerEvent: {}
[25.116163] (-) TimerEvent: {}
[25.216635] (-) TimerEvent: {}
[25.317070] (-) TimerEvent: {}
[25.417489] (-) TimerEvent: {}
[25.517895] (-) TimerEvent: {}
[25.618308] (-) TimerEvent: {}
[25.718741] (-) TimerEvent: {}
[25.797438] (Torch) StdoutLine: {'line': b'-- Found MPI_CXX: /usr/lib/aarch64-linux-gnu/openmpi/lib/libmpi_cxx.so (found version "3.1") \n'}
[25.798088] (Torch) StdoutLine: {'line': b'-- Found MPI: TRUE (found version "3.1")  \n'}
[25.799412] (Torch) StdoutLine: {'line': b'-- MPI support found\n'}
[25.799858] (Torch) StdoutLine: {'line': b'-- MPI compile flags: \n'}
[25.800138] (Torch) StdoutLine: {'line': b'-- MPI include path: /usr/lib/aarch64-linux-gnu/openmpi/include/usr/lib/aarch64-linux-gnu/openmpi/include/openmpi\n'}
[25.800439] (Torch) StdoutLine: {'line': b'-- MPI LINK flags path: \n'}
[25.800686] (Torch) StdoutLine: {'line': b'-- MPI libraries: /usr/lib/aarch64-linux-gnu/openmpi/lib/libmpi_cxx.so/usr/lib/aarch64-linux-gnu/openmpi/lib/libmpi.so\n'}
[25.818851] (-) TimerEvent: {}
[25.907155] (Torch) StderrLine: {'line': b'\x1b[33mCMake Warning at cmake/Dependencies.cmake:933 (message):\n'}
[25.907587] (Torch) StderrLine: {'line': b'  OpenMPI found, but it is not built with CUDA support.\n'}
[25.907870] (Torch) StderrLine: {'line': b'Call Stack (most recent call first):\n'}
[25.908122] (Torch) StderrLine: {'line': b'  CMakeLists.txt:858 (include)\n'}
[25.908360] (Torch) StderrLine: {'line': b'\n'}
[25.908585] (Torch) StderrLine: {'line': b'\x1b[0m\n'}
[25.918104] (Torch) StdoutLine: {'line': b'-- MKL_THREADING = OMP\n'}
[25.918946] (-) TimerEvent: {}
[26.005881] (Torch) StdoutLine: {'line': b'-- Check OMP with lib /usr/lib/gcc/aarch64-linux-gnu/11/libgomp.so and flags -fopenmp -v\n'}
[26.019038] (-) TimerEvent: {}
[26.119613] (-) TimerEvent: {}
[26.171025] (Torch) StdoutLine: {'line': b'-- MKL_THREADING = OMP\n'}
[26.219709] (-) TimerEvent: {}
[26.250072] (Torch) StdoutLine: {'line': b'-- Check OMP with lib /usr/lib/gcc/aarch64-linux-gnu/11/libgomp.so and flags -fopenmp -v\n'}
[26.319938] (-) TimerEvent: {}
[26.420653] (-) TimerEvent: {}
[26.521172] (-) TimerEvent: {}
[26.608870] (Torch) StdoutLine: {'line': b'-- Found OpenMP_C: -fopenmp (found version "4.5") \n'}
[26.621303] (-) TimerEvent: {}
[26.721733] (-) TimerEvent: {}
[26.800287] (Torch) StdoutLine: {'line': b'-- Found OpenMP_CXX: -fopenmp (found version "4.5") \n'}
[26.800816] (Torch) StdoutLine: {'line': b'-- Found OpenMP: TRUE (found version "4.5")  \n'}
[26.801218] (Torch) StdoutLine: {'line': b'-- Adding OpenMP CXX_FLAGS: -fopenmp\n'}
[26.801543] (Torch) StdoutLine: {'line': b'-- Will link against OpenMP libraries: /usr/lib/gcc/aarch64-linux-gnu/11/libgomp.so\n'}
[26.806305] (Torch) StdoutLine: {'line': b'-- ROCM_PATH environment variable is not set and /opt/rocm does not exist.\n'}
[26.806595] (Torch) StdoutLine: {'line': b'Building without ROCm support.\n'}
[26.807425] (Torch) StdoutLine: {'line': b'-- Autodetected CUDA architecture(s):  8.7\n'}
[26.821824] (-) TimerEvent: {}
[26.855310] (Torch) StderrLine: {'line': b'\x1b[33mCMake Warning at cmake/External/nccl.cmake:70 (message):\n'}
[26.855723] (Torch) StderrLine: {'line': b'  Enabling NCCL library slimming\n'}
[26.856006] (Torch) StderrLine: {'line': b'Call Stack (most recent call first):\n'}
[26.856269] (Torch) StderrLine: {'line': b'  cmake/Dependencies.cmake:1111 (include)\n'}
[26.856514] (Torch) StderrLine: {'line': b'  CMakeLists.txt:858 (include)\n'}
[26.856800] (Torch) StderrLine: {'line': b'\n'}
[26.857032] (Torch) StderrLine: {'line': b'\x1b[0m\n'}
[26.858872] (Torch) StdoutLine: {'line': b'-- Found CUB: /usr/local/cuda/include  \n'}
[26.859385] (Torch) StdoutLine: {'line': b'-- Converting CMAKE_CUDA_FLAGS to CUDA_NVCC_FLAGS:\n'}
[26.859727] (Torch) StdoutLine: {'line': b'    CUDA_NVCC_FLAGS                = -DLIBCUDACXX_ENABLE_SIMPLIFIED_COMPLEX_OPERATIONS;-D_GLIBCXX_USE_CXX11_ABI=1;-Xfatbin;-compress-all;-DONNX_NAMESPACE=onnx_torch;-gencode;arch=compute_87,code=sm_87;-Xcudafe;--diag_suppress=cc_clobber_ignored,--diag_suppress=field_without_dll_interface,--diag_suppress=base_class_has_different_dll_interface,--diag_suppress=dll_interface_conflict_none_assumed,--diag_suppress=dll_interface_conflict_dllexport_assumed,--diag_suppress=bad_friend_decl;--expt-relaxed-constexpr;--expt-extended-lambda\n'}
[26.860013] (Torch) StdoutLine: {'line': b'    CUDA_NVCC_FLAGS_DEBUG          = -g\n'}
[26.860260] (Torch) StdoutLine: {'line': b'    CUDA_NVCC_FLAGS_RELEASE        = -O3;-DNDEBUG\n'}
[26.860502] (Torch) StdoutLine: {'line': b'    CUDA_NVCC_FLAGS_RELWITHDEBINFO = -O2;-g;-DNDEBUG\n'}
[26.860734] (Torch) StdoutLine: {'line': b'    CUDA_NVCC_FLAGS_MINSIZEREL     = -O1;-DNDEBUG\n'}
[26.916253] (Torch) StdoutLine: {'line': b'-- Performing Test UV_LINT_W4\n'}
[26.921939] (-) TimerEvent: {}
[26.995616] (Torch) StdoutLine: {'line': b'-- Performing Test UV_LINT_W4 - Failed\n'}
[26.997712] (Torch) StdoutLine: {'line': b'-- Performing Test UV_LINT_NO_UNUSED_PARAMETER_MSVC\n'}
[27.022112] (-) TimerEvent: {}
[27.076596] (Torch) StdoutLine: {'line': b'-- Performing Test UV_LINT_NO_UNUSED_PARAMETER_MSVC - Failed\n'}
[27.078210] (Torch) StdoutLine: {'line': b'-- Performing Test UV_LINT_NO_CONDITIONAL_CONSTANT_MSVC\n'}
[27.122189] (-) TimerEvent: {}
[27.163439] (Torch) StdoutLine: {'line': b'-- Performing Test UV_LINT_NO_CONDITIONAL_CONSTANT_MSVC - Failed\n'}
[27.166209] (Torch) StdoutLine: {'line': b'-- Performing Test UV_LINT_NO_NONSTANDARD_MSVC\n'}
[27.222389] (-) TimerEvent: {}
[27.250164] (Torch) StdoutLine: {'line': b'-- Performing Test UV_LINT_NO_NONSTANDARD_MSVC - Failed\n'}
[27.252570] (Torch) StdoutLine: {'line': b'-- Performing Test UV_LINT_NO_NONSTANDARD_EMPTY_TU_MSVC\n'}
[27.322484] (-) TimerEvent: {}
[27.335368] (Torch) StdoutLine: {'line': b'-- Performing Test UV_LINT_NO_NONSTANDARD_EMPTY_TU_MSVC - Failed\n'}
[27.336696] (Torch) StdoutLine: {'line': b'-- Performing Test UV_LINT_NO_NONSTANDARD_FILE_SCOPE_MSVC\n'}
[27.419663] (Torch) StdoutLine: {'line': b'-- Performing Test UV_LINT_NO_NONSTANDARD_FILE_SCOPE_MSVC - Failed\n'}
[27.420727] (Torch) StdoutLine: {'line': b'-- Performing Test UV_LINT_NO_NONSTANDARD_NONSTATIC_DLIMPORT_MSVC\n'}
[27.422580] (-) TimerEvent: {}
[27.505370] (Torch) StdoutLine: {'line': b'-- Performing Test UV_LINT_NO_NONSTANDARD_NONSTATIC_DLIMPORT_MSVC - Failed\n'}
[27.507694] (Torch) StdoutLine: {'line': b'-- Performing Test UV_LINT_NO_HIDES_LOCAL\n'}
[27.522681] (-) TimerEvent: {}
[27.591622] (Torch) StdoutLine: {'line': b'-- Performing Test UV_LINT_NO_HIDES_LOCAL - Failed\n'}
[27.594062] (Torch) StdoutLine: {'line': b'-- Performing Test UV_LINT_NO_HIDES_PARAM\n'}
[27.622866] (-) TimerEvent: {}
[27.673737] (Torch) StdoutLine: {'line': b'-- Performing Test UV_LINT_NO_HIDES_PARAM - Failed\n'}
[27.676087] (Torch) StdoutLine: {'line': b'-- Performing Test UV_LINT_NO_HIDES_GLOBAL\n'}
[27.723055] (-) TimerEvent: {}
[27.763359] (Torch) StdoutLine: {'line': b'-- Performing Test UV_LINT_NO_HIDES_GLOBAL - Failed\n'}
[27.765752] (Torch) StdoutLine: {'line': b'-- Performing Test UV_LINT_NO_CONDITIONAL_ASSIGNMENT_MSVC\n'}
[27.823221] (-) TimerEvent: {}
[27.846886] (Torch) StdoutLine: {'line': b'-- Performing Test UV_LINT_NO_CONDITIONAL_ASSIGNMENT_MSVC - Failed\n'}
[27.849280] (Torch) StdoutLine: {'line': b'-- Performing Test UV_LINT_NO_UNSAFE_MSVC\n'}
[27.923324] (-) TimerEvent: {}
[27.933935] (Torch) StdoutLine: {'line': b'-- Performing Test UV_LINT_NO_UNSAFE_MSVC - Failed\n'}
[27.936318] (Torch) StdoutLine: {'line': b'-- Performing Test UV_LINT_WALL\n'}
[28.023441] (-) TimerEvent: {}
[28.094655] (Torch) StdoutLine: {'line': b'-- Performing Test UV_LINT_WALL - Success\n'}
[28.097034] (Torch) StdoutLine: {'line': b'-- Performing Test UV_LINT_NO_UNUSED_PARAMETER\n'}
[28.123545] (-) TimerEvent: {}
[28.224087] (-) TimerEvent: {}
[28.256889] (Torch) StdoutLine: {'line': b'-- Performing Test UV_LINT_NO_UNUSED_PARAMETER - Success\n'}
[28.259608] (Torch) StdoutLine: {'line': b'-- Performing Test UV_LINT_STRICT_PROTOTYPES\n'}
[28.324195] (-) TimerEvent: {}
[28.421588] (Torch) StdoutLine: {'line': b'-- Performing Test UV_LINT_STRICT_PROTOTYPES - Success\n'}
[28.423842] (Torch) StdoutLine: {'line': b'-- Performing Test UV_LINT_EXTRA\n'}
[28.424292] (-) TimerEvent: {}
[28.524812] (-) TimerEvent: {}
[28.582152] (Torch) StdoutLine: {'line': b'-- Performing Test UV_LINT_EXTRA - Success\n'}
[28.584568] (Torch) StdoutLine: {'line': b'-- Performing Test UV_LINT_UTF8_MSVC\n'}
[28.624907] (-) TimerEvent: {}
[28.668571] (Torch) StdoutLine: {'line': b'-- Performing Test UV_LINT_UTF8_MSVC - Failed\n'}
[28.670809] (Torch) StdoutLine: {'line': b'-- Performing Test UV_F_STRICT_ALIASING\n'}
[28.725024] (-) TimerEvent: {}
[28.825597] (-) TimerEvent: {}
[28.829200] (Torch) StdoutLine: {'line': b'-- Performing Test UV_F_STRICT_ALIASING - Success\n'}
[28.834440] (Torch) StdoutLine: {'line': b'-- summary of build options:\n'}
[28.834835] (Torch) StdoutLine: {'line': b'    Install prefix:  /workspaces/isaac_ros-dev/install/Torch\n'}
[28.835119] (Torch) StdoutLine: {'line': b'    Target system:   Linux\n'}
[28.835378] (Torch) StdoutLine: {'line': b'    Compiler:\n'}
[28.835628] (Torch) StdoutLine: {'line': b'      C compiler:    /usr/bin/cc\n'}
[28.835881] (Torch) StdoutLine: {'line': b'      CFLAGS:         \n'}
[28.836118] (Torch) StdoutLine: {'line': b'\n'}
[28.838890] (Torch) StdoutLine: {'line': b'-- Found uv: 1.38.1 (found version "1.38.1") \n'}
[28.869543] (Torch) StderrLine: {'line': b'\x1b[33mCMake Warning (dev) at third_party/gloo/CMakeLists.txt:21 (option):\n'}
[28.869891] (Torch) StderrLine: {'line': b'  Policy CMP0077 is not set: option() honors normal variables.  Run "cmake\n'}
[28.870139] (Torch) StderrLine: {'line': b'  --help-policy CMP0077" for policy details.  Use the cmake_policy command to\n'}
[28.870371] (Torch) StderrLine: {'line': b'  set the policy and suppress this warning.\n'}
[28.870666] (Torch) StderrLine: {'line': b'\n'}
[28.870909] (Torch) StderrLine: {'line': b'  For compatibility with older versions of CMake, option is clearing the\n'}
[28.871133] (Torch) StderrLine: {'line': b"  normal variable 'BUILD_BENCHMARK'.\n"}
[28.871354] (Torch) StderrLine: {'line': b'This warning is for project developers.  Use -Wno-dev to suppress it.\n'}
[28.871593] (Torch) StderrLine: {'line': b'\x1b[0m\n'}
[28.871820] (Torch) StdoutLine: {'line': b'-- Gloo build as SHARED library\n'}
[28.902502] (Torch) StdoutLine: {'line': b'-- MPI include path: /usr/lib/aarch64-linux-gnu/openmpi/include/usr/lib/aarch64-linux-gnu/openmpi/include/openmpi\n'}
[28.902941] (Torch) StdoutLine: {'line': b'-- MPI libraries: /usr/lib/aarch64-linux-gnu/openmpi/lib/libmpi_cxx.so/usr/lib/aarch64-linux-gnu/openmpi/lib/libmpi.so\n'}
[28.903807] (Torch) StderrLine: {'line': b'\x1b[33mCMake Warning (dev) at third_party/gloo/cmake/Cuda.cmake:109 (find_package):\n'}
[28.904174] (Torch) StderrLine: {'line': b'  Policy CMP0074 is not set: find_package uses <PackageName>_ROOT variables.\n'}
[28.904452] (Torch) StderrLine: {'line': b'  Run "cmake --help-policy CMP0074" for policy details.  Use the cmake_policy\n'}
[28.904706] (Torch) StderrLine: {'line': b'  command to set the policy and suppress this warning.\n'}
[28.904946] (Torch) StderrLine: {'line': b'\n'}
[28.905175] (Torch) StderrLine: {'line': b'  CMake variable CUDAToolkit_ROOT is set to:\n'}
[28.905448] (Torch) StderrLine: {'line': b'\n'}
[28.905700] (Torch) StderrLine: {'line': b'    /usr/local/cuda\n'}
[28.905927] (Torch) StderrLine: {'line': b'\n'}
[28.906147] (Torch) StderrLine: {'line': b'  For compatibility, CMake is ignoring the variable.\n'}
[28.906410] (Torch) StderrLine: {'line': b'Call Stack (most recent call first):\n'}
[28.906624] (Torch) StderrLine: {'line': b'  third_party/gloo/cmake/Dependencies.cmake:115 (include)\n'}
[28.906842] (Torch) StderrLine: {'line': b'  third_party/gloo/CMakeLists.txt:111 (include)\n'}
[28.907054] (Torch) StderrLine: {'line': b'This warning is for project developers.  Use -Wno-dev to suppress it.\n'}
[28.907267] (Torch) StderrLine: {'line': b'\x1b[0m\n'}
[28.909784] (Torch) StdoutLine: {'line': b'-- Found CUDAToolkit: /usr/local/cuda/include (found suitable version "12.6.68", minimum required is "7.0") \n'}
[28.925678] (-) TimerEvent: {}
[28.970499] (Torch) StdoutLine: {'line': b'-- CUDA detected: 12.6.68\n'}
[29.025834] (-) TimerEvent: {}
[29.046881] (Torch) StdoutLine: {'line': b'-- Found PythonInterp: /usr/bin/python (found version "3.10.12") \n'}
[29.047610] (Torch) StderrLine: {'line': b'\x1b[0mGenerated: /workspaces/isaac_ros-dev/build/Torch/third_party/onnx/onnx/onnx_onnx_torch-ml.proto\x1b[0m\n'}
[29.048376] (Torch) StderrLine: {'line': b'\x1b[0mGenerated: /workspaces/isaac_ros-dev/build/Torch/third_party/onnx/onnx/onnx-operators_onnx_torch-ml.proto\x1b[0m\n'}
[29.048738] (Torch) StderrLine: {'line': b'\x1b[0mGenerated: /workspaces/isaac_ros-dev/build/Torch/third_party/onnx/onnx/onnx-data_onnx_torch.proto\x1b[0m\n'}
[29.125931] (-) TimerEvent: {}
[29.226491] (-) TimerEvent: {}
[29.314187] (Torch) StdoutLine: {'line': b'-- \n'}
[29.314788] (Torch) StdoutLine: {'line': b'-- ******** Summary ********\n'}
[29.315100] (Torch) StdoutLine: {'line': b'--   CMake version                     : 3.22.1\n'}
[29.315362] (Torch) StdoutLine: {'line': b'--   CMake command                     : /usr/bin/cmake\n'}
[29.315602] (Torch) StdoutLine: {'line': b'--   System                            : Linux\n'}
[29.315827] (Torch) StdoutLine: {'line': b'--   C++ compiler                      : /usr/bin/c++\n'}
[29.316044] (Torch) StdoutLine: {'line': b'--   C++ compiler version              : 11.4.0\n'}
[29.316320] (Torch) StdoutLine: {'line': b'--   CXX flags                         :  -D_GLIBCXX_USE_CXX11_ABI=1 -fvisibility-inlines-hidden -DUSE_PTHREADPOOL -Wnon-virtual-dtor\n'}
[29.316552] (Torch) StdoutLine: {'line': b'--   Build type                        : Release\n'}
[29.316768] (Torch) StdoutLine: {'line': b'--   Compile definitions               : CAFFE2_PERF_WITH_SVE=1;ONNX_ML=1;ONNXIFI_ENABLE_EXT=1;__STDC_FORMAT_MACROS\n'}
[29.316985] (Torch) StdoutLine: {'line': b'--   CMAKE_PREFIX_PATH                 : /usr/local/cuda;/usr/local/cuda;/usr/local/cuda\n'}
[29.317198] (Torch) StdoutLine: {'line': b'--   CMAKE_INSTALL_PREFIX              : /workspaces/isaac_ros-dev/install/Torch\n'}
[29.317447] (Torch) StdoutLine: {'line': b'--   CMAKE_MODULE_PATH                 : /workspaces/isaac_ros-dev/Docker/git/pytorch/cmake/Modules;/workspaces/isaac_ros-dev/Docker/git/pytorch/cmake/public/../Modules_CUDA_fix\n'}
[29.317713] (Torch) StdoutLine: {'line': b'-- \n'}
[29.317931] (Torch) StdoutLine: {'line': b'--   ONNX version                      : 1.17.0\n'}
[29.318142] (Torch) StdoutLine: {'line': b'--   ONNX NAMESPACE                    : onnx_torch\n'}
[29.318378] (Torch) StdoutLine: {'line': b'--   ONNX_USE_LITE_PROTO               : OFF\n'}
[29.318588] (Torch) StdoutLine: {'line': b'--   USE_PROTOBUF_SHARED_LIBS          : OFF\n'}
[29.318794] (Torch) StdoutLine: {'line': b'--   Protobuf_USE_STATIC_LIBS          : ON\n'}
[29.318998] (Torch) StdoutLine: {'line': b'--   ONNX_DISABLE_EXCEPTIONS           : OFF\n'}
[29.319203] (Torch) StdoutLine: {'line': b'--   ONNX_DISABLE_STATIC_REGISTRATION  : OFF\n'}
[29.319406] (Torch) StdoutLine: {'line': b'--   ONNX_WERROR                       : OFF\n'}
[29.319608] (Torch) StdoutLine: {'line': b'--   ONNX_BUILD_TESTS                  : OFF\n'}
[29.319809] (Torch) StdoutLine: {'line': b'--   ONNX_BUILD_SHARED_LIBS            : \n'}
[29.320009] (Torch) StdoutLine: {'line': b'--   BUILD_SHARED_LIBS                 : OFF\n'}
[29.320211] (Torch) StdoutLine: {'line': b'-- \n'}
[29.320439] (Torch) StdoutLine: {'line': b'--   Protobuf compiler                 : \n'}
[29.320644] (Torch) StdoutLine: {'line': b'--   Protobuf includes                 : \n'}
[29.320849] (Torch) StdoutLine: {'line': b'--   Protobuf libraries                : \n'}
[29.321107] (Torch) StdoutLine: {'line': b'--   BUILD_ONNX_PYTHON                 : OFF\n'}
[29.321338] (Torch) StdoutLine: {'line': b'-- Found CUDA with FP16 support, compiling with torch.cuda.HalfTensor\n'}
[29.321598] (Torch) StdoutLine: {'line': b'-- Adding -DNDEBUG to compile flags\n'}
[29.321815] (Torch) StdoutLine: {'line': b'-- Checking prototype magma_get_sgeqrf_nb for MAGMA_V2\n'}
[29.326567] (-) TimerEvent: {}
[29.375967] (Torch) StdoutLine: {'line': b'-- Checking prototype magma_get_sgeqrf_nb for MAGMA_V2 - False\n'}
[29.376434] (Torch) StdoutLine: {'line': b'-- MAGMA not found. Compiling without MAGMA support\n'}
[29.383034] (Torch) StdoutLine: {'line': b'-- Could not find hardware support for NEON on this machine.\n'}
[29.383479] (Torch) StdoutLine: {'line': b'-- No OMAP3 processor on this machine.\n'}
[29.383775] (Torch) StdoutLine: {'line': b'-- No OMAP4 processor on this machine.\n'}
[29.384117] (Torch) StdoutLine: {'line': b'-- SVE support detected.\n'}
[29.384439] (Torch) StdoutLine: {'line': b'-- asimd/Neon found with compiler flag : -D__NEON__\n'}
[29.387070] (Torch) StdoutLine: {'line': b'-- Looking for cheev_\n'}
[29.426723] (-) TimerEvent: {}
[29.527327] (-) TimerEvent: {}
[29.581635] (Torch) StdoutLine: {'line': b'-- Looking for cheev_ - found\n'}
[29.582491] (Torch) StdoutLine: {'line': b'-- Looking for cgesdd_\n'}
[29.627449] (-) TimerEvent: {}
[29.728061] (-) TimerEvent: {}
[29.790667] (Torch) StdoutLine: {'line': b'-- Looking for cgesdd_ - found\n'}
[29.791274] (Torch) StdoutLine: {'line': b'-- Found a library with LAPACK API (open).\n'}
[29.791824] (Torch) StderrLine: {'line': b'\x1b[0mdisabling ROCM because NOT USE_ROCM is set\x1b[0m\n'}
[29.792118] (Torch) StderrLine: {'line': b'\x1b[0mdisabling MKLDNN because USE_MKLDNN is not set\x1b[0m\n'}
[29.792365] (Torch) StdoutLine: {'line': b'-- MIOpen not found. Compiling without MIOpen support\n'}
[29.792687] (Torch) StdoutLine: {'line': b'-- Looking for clock_gettime in rt\n'}
[29.828200] (-) TimerEvent: {}
[29.928781] (-) TimerEvent: {}
[29.956272] (Torch) StdoutLine: {'line': b'-- Looking for clock_gettime in rt - found\n'}
[29.956869] (Torch) StdoutLine: {'line': b'-- Looking for mmap\n'}
[30.028955] (-) TimerEvent: {}
[30.116144] (Torch) StdoutLine: {'line': b'-- Looking for mmap - found\n'}
[30.116779] (Torch) StdoutLine: {'line': b'-- Looking for shm_open\n'}
[30.129053] (-) TimerEvent: {}
[30.229580] (-) TimerEvent: {}
[30.279365] (Torch) StdoutLine: {'line': b'-- Looking for shm_open - found\n'}
[30.279926] (Torch) StdoutLine: {'line': b'-- Looking for shm_unlink\n'}
[30.329697] (-) TimerEvent: {}
[30.430278] (-) TimerEvent: {}
[30.444636] (Torch) StdoutLine: {'line': b'-- Looking for shm_unlink - found\n'}
[30.445232] (Torch) StdoutLine: {'line': b'-- Looking for malloc_usable_size\n'}
[30.530393] (-) TimerEvent: {}
[30.610132] (Torch) StdoutLine: {'line': b'-- Looking for malloc_usable_size - found\n'}
[30.611037] (Torch) StderrLine: {'line': b'\x1b[0m-- <FindZVECTOR>\x1b[0m\n'}
[30.611635] (Torch) StdoutLine: {'line': b'-- Performing Test COMPILE_OUT_ZVECTOR\n'}
[30.630510] (-) TimerEvent: {}
[30.673378] (Torch) StdoutLine: {'line': b'-- Performing Test COMPILE_OUT_ZVECTOR - Failed\n'}
[30.673951] (Torch) StderrLine: {'line': b'\x1b[0m-- ZVECTOR flags were NOT set.\x1b[0m\n'}
[30.674255] (Torch) StderrLine: {'line': b'\x1b[0m-- </FindZVECTOR>\x1b[0m\n'}
[30.688915] (Torch) StdoutLine: {'line': b'-- {fmt} version: 11.0.2\n'}
[30.689350] (Torch) StdoutLine: {'line': b'-- Build type: Release\n'}
[30.698242] (Torch) StdoutLine: {'line': b'-- Using Kineto with CUPTI support\n'}
[30.698754] (Torch) StdoutLine: {'line': b'-- Configuring Kineto dependency:\n'}
[30.699016] (Torch) StdoutLine: {'line': b'--   KINETO_SOURCE_DIR = /workspaces/isaac_ros-dev/Docker/git/pytorch/third_party/kineto/libkineto\n'}
[30.699411] (Torch) StdoutLine: {'line': b'--   KINETO_BUILD_TESTS = OFF\n'}
[30.699665] (Torch) StdoutLine: {'line': b'--   KINETO_LIBRARY_TYPE = static\n'}
[30.699900] (Torch) StdoutLine: {'line': b'--   CUDA_SOURCE_DIR = /usr/local/cuda\n'}
[30.700130] (Torch) StdoutLine: {'line': b'--   CUDA_INCLUDE_DIRS = /usr/local/cuda/include\n'}
[30.700351] (Torch) StdoutLine: {'line': b'--   CUPTI_INCLUDE_DIR = /usr/local/cuda/include\n'}
[30.700570] (Torch) StdoutLine: {'line': b'--   CUDA_cupti_LIBRARY = /usr/local/cuda/lib64/libcupti.so\n'}
[30.700791] (Torch) StdoutLine: {'line': b'-- Found CUPTI\n'}
[30.730638] (-) TimerEvent: {}
[30.764762] (Torch) StderrLine: {'line': b'\x1b[0mINFO ROCM_SOURCE_DIR = \x1b[0m\n'}
[30.830853] (-) TimerEvent: {}
[30.931405] (Torch) StdoutLine: {'line': b'-- Kineto: FMT_SOURCE_DIR = /workspaces/isaac_ros-dev/Docker/git/pytorch/third_party/fmt\n'}
[30.932007] (-) TimerEvent: {}
[30.932647] (Torch) StdoutLine: {'line': b'-- Kineto: FMT_INCLUDE_DIR = /workspaces/isaac_ros-dev/Docker/git/pytorch/third_party/fmt/include\n'}
[30.933610] (Torch) StderrLine: {'line': b'\x1b[0mINFO CUPTI_INCLUDE_DIR = /usr/local/cuda/include\x1b[0m\n'}
[30.933972] (Torch) StderrLine: {'line': b'\x1b[0mINFO ROCTRACER_INCLUDE_DIR = /include/roctracer\x1b[0m\n'}
[30.934235] (Torch) StderrLine: {'line': b'\x1b[0mINFO DYNOLOG_INCLUDE_DIR = /workspaces/isaac_ros-dev/Docker/git/pytorch/third_party/kineto/libkineto/third_party/dynolog/\x1b[0m\n'}
[30.934481] (Torch) StderrLine: {'line': b'\x1b[0mINFO IPCFABRIC_INCLUDE_DIR = /workspaces/isaac_ros-dev/Docker/git/pytorch/third_party/kineto/libkineto/third_party/dynolog//dynolog/src/ipcfabric/\x1b[0m\n'}
[30.936257] (Torch) StdoutLine: {'line': b'-- Configured Kineto\n'}
[30.939148] (Torch) StdoutLine: {'line': b'-- GCC 11.4.0: Adding gcc and gcc_s libs to link line\n'}
[30.943430] (Torch) StdoutLine: {'line': b'-- Performing Test HAS_WERROR_RETURN_TYPE\n'}
[31.032176] (-) TimerEvent: {}
[31.117042] (Torch) StdoutLine: {'line': b'-- Performing Test HAS_WERROR_RETURN_TYPE - Success\n'}
[31.119421] (Torch) StdoutLine: {'line': b'-- Performing Test HAS_WERROR_NON_VIRTUAL_DTOR\n'}
[31.132258] (-) TimerEvent: {}
[31.232914] (-) TimerEvent: {}
[31.300648] (Torch) StdoutLine: {'line': b'-- Performing Test HAS_WERROR_NON_VIRTUAL_DTOR - Success\n'}
[31.303305] (Torch) StdoutLine: {'line': b'-- Performing Test HAS_WERROR_BRACED_SCALAR_INIT\n'}
[31.332993] (-) TimerEvent: {}
[31.379903] (Torch) StdoutLine: {'line': b'-- Performing Test HAS_WERROR_BRACED_SCALAR_INIT - Failed\n'}
[31.382350] (Torch) StdoutLine: {'line': b'-- Performing Test HAS_WERROR_RANGE_LOOP_CONSTRUCT\n'}
[31.433094] (-) TimerEvent: {}
[31.533611] (-) TimerEvent: {}
[31.558466] (Torch) StdoutLine: {'line': b'-- Performing Test HAS_WERROR_RANGE_LOOP_CONSTRUCT - Success\n'}
[31.561155] (Torch) StdoutLine: {'line': b'-- Performing Test HAS_WERROR_BOOL_OPERATION\n'}
[31.633704] (-) TimerEvent: {}
[31.734190] (-) TimerEvent: {}
[31.743857] (Torch) StdoutLine: {'line': b'-- Performing Test HAS_WERROR_BOOL_OPERATION - Success\n'}
[31.746628] (Torch) StdoutLine: {'line': b'-- Performing Test HAS_WNARROWING\n'}
[31.834325] (-) TimerEvent: {}
[31.933428] (Torch) StdoutLine: {'line': b'-- Performing Test HAS_WNARROWING - Success\n'}
[31.934431] (-) TimerEvent: {}
[31.936009] (Torch) StdoutLine: {'line': b'-- Performing Test HAS_WNO_MISSING_FIELD_INITIALIZERS\n'}
[32.034603] (-) TimerEvent: {}
[32.116503] (Torch) StdoutLine: {'line': b'-- Performing Test HAS_WNO_MISSING_FIELD_INITIALIZERS - Success\n'}
[32.119185] (Torch) StdoutLine: {'line': b'-- Performing Test HAS_WNO_TYPE_LIMITS\n'}
[32.134692] (-) TimerEvent: {}
[32.235224] (-) TimerEvent: {}
[32.294423] (Torch) StdoutLine: {'line': b'-- Performing Test HAS_WNO_TYPE_LIMITS - Success\n'}
[32.296988] (Torch) StdoutLine: {'line': b'-- Performing Test HAS_WNO_ARRAY_BOUNDS\n'}
[32.335325] (-) TimerEvent: {}
[32.435836] (-) TimerEvent: {}
[32.478937] (Torch) StdoutLine: {'line': b'-- Performing Test HAS_WNO_ARRAY_BOUNDS - Success\n'}
[32.481514] (Torch) StdoutLine: {'line': b'-- Performing Test HAS_WNO_UNKNOWN_PRAGMAS\n'}
[32.535948] (-) TimerEvent: {}
[32.636605] (-) TimerEvent: {}
[32.665944] (Torch) StdoutLine: {'line': b'-- Performing Test HAS_WNO_UNKNOWN_PRAGMAS - Success\n'}
[32.668599] (Torch) StdoutLine: {'line': b'-- Performing Test HAS_WNO_UNUSED_PARAMETER\n'}
[32.736724] (-) TimerEvent: {}
[32.837310] (-) TimerEvent: {}
[32.850933] (Torch) StdoutLine: {'line': b'-- Performing Test HAS_WNO_UNUSED_PARAMETER - Success\n'}
[32.852314] (Torch) StdoutLine: {'line': b'-- Performing Test HAS_WNO_STRICT_OVERFLOW\n'}
[32.937462] (-) TimerEvent: {}
[33.034853] (Torch) StdoutLine: {'line': b'-- Performing Test HAS_WNO_STRICT_OVERFLOW - Success\n'}
[33.037617] (Torch) StdoutLine: {'line': b'-- Performing Test HAS_WNO_STRICT_ALIASING\n'}
[33.037944] (-) TimerEvent: {}
[33.138526] (-) TimerEvent: {}
[33.210763] (Torch) StdoutLine: {'line': b'-- Performing Test HAS_WNO_STRICT_ALIASING - Success\n'}
[33.213349] (Torch) StdoutLine: {'line': b'-- Performing Test HAS_WNO_STRINGOP_OVERFLOW\n'}
[33.238612] (-) TimerEvent: {}
[33.339229] (-) TimerEvent: {}
[33.394522] (Torch) StdoutLine: {'line': b'-- Performing Test HAS_WNO_STRINGOP_OVERFLOW - Success\n'}
[33.397177] (Torch) StdoutLine: {'line': b'-- Performing Test HAS_WVLA_EXTENSION\n'}
[33.439321] (-) TimerEvent: {}
[33.467083] (Torch) StdoutLine: {'line': b'-- Performing Test HAS_WVLA_EXTENSION - Failed\n'}
[33.468497] (Torch) StdoutLine: {'line': b'-- Performing Test HAS_WSUGGEST_OVERRIDE\n'}
[33.539445] (-) TimerEvent: {}
[33.640012] (-) TimerEvent: {}
[33.647134] (Torch) StdoutLine: {'line': b'-- Performing Test HAS_WSUGGEST_OVERRIDE - Success\n'}
[33.649877] (Torch) StdoutLine: {'line': b'-- Performing Test HAS_WNEWLINE_EOF\n'}
[33.712843] (Torch) StdoutLine: {'line': b'-- Performing Test HAS_WNEWLINE_EOF - Failed\n'}
[33.715679] (Torch) StdoutLine: {'line': b'-- Performing Test HAS_WINCONSISTENT_MISSING_OVERRIDE\n'}
[33.740110] (-) TimerEvent: {}
[33.797292] (Torch) StdoutLine: {'line': b'-- Performing Test HAS_WINCONSISTENT_MISSING_OVERRIDE - Failed\n'}
[33.800152] (Torch) StdoutLine: {'line': b'-- Performing Test HAS_WINCONSISTENT_MISSING_DESTRUCTOR_OVERRIDE\n'}
[33.840209] (-) TimerEvent: {}
[33.887639] (Torch) StdoutLine: {'line': b'-- Performing Test HAS_WINCONSISTENT_MISSING_DESTRUCTOR_OVERRIDE - Failed\n'}
[33.889060] (Torch) StdoutLine: {'line': b'-- Performing Test HAS_WNO_ERROR_OLD_STYLE_CAST\n'}
[33.940338] (-) TimerEvent: {}
[34.040904] (-) TimerEvent: {}
[34.065037] (Torch) StdoutLine: {'line': b'-- Performing Test HAS_WNO_ERROR_OLD_STYLE_CAST - Success\n'}
[34.067830] (Torch) StdoutLine: {'line': b'-- Performing Test HAS_WCONSTANT_CONVERSION\n'}
[34.140074] (Torch) StdoutLine: {'line': b'-- Performing Test HAS_WCONSTANT_CONVERSION - Failed\n'}
[34.141009] (-) TimerEvent: {}
[34.142722] (Torch) StdoutLine: {'line': b'-- Performing Test HAS_WNO_ALIGNED_ALLOCATION_UNAVAILABLE\n'}
[34.224571] (Torch) StdoutLine: {'line': b'-- Performing Test HAS_WNO_ALIGNED_ALLOCATION_UNAVAILABLE - Failed\n'}
[34.227565] (Torch) StdoutLine: {'line': b'-- Performing Test HAS_WNO_MISSING_BRACES\n'}
[34.241129] (-) TimerEvent: {}
[34.341940] (-) TimerEvent: {}
[34.406646] (Torch) StdoutLine: {'line': b'-- Performing Test HAS_WNO_MISSING_BRACES - Success\n'}
[34.409196] (Torch) StdoutLine: {'line': b'-- Performing Test HAS_QUNUSED_ARGUMENTS\n'}
[34.442088] (-) TimerEvent: {}
[34.486519] (Torch) StdoutLine: {'line': b'-- Performing Test HAS_QUNUSED_ARGUMENTS - Failed\n'}
[34.489067] (Torch) StdoutLine: {'line': b'-- Performing Test HAS_FDIAGNOSTICS_COLOR_ALWAYS\n'}
[34.542304] (-) TimerEvent: {}
[34.643015] (-) TimerEvent: {}
[34.673278] (Torch) StdoutLine: {'line': b'-- Performing Test HAS_FDIAGNOSTICS_COLOR_ALWAYS - Success\n'}
[34.675888] (Torch) StdoutLine: {'line': b'-- Performing Test HAS_FALIGNED_NEW\n'}
[34.743181] (-) TimerEvent: {}
[34.843885] (-) TimerEvent: {}
[34.861879] (Torch) StdoutLine: {'line': b'-- Performing Test HAS_FALIGNED_NEW - Success\n'}
[34.864498] (Torch) StdoutLine: {'line': b'-- Performing Test HAS_WNO_UNUSED_BUT_SET_VARIABLE\n'}
[34.944052] (-) TimerEvent: {}
[35.043547] (Torch) StdoutLine: {'line': b'-- Performing Test HAS_WNO_UNUSED_BUT_SET_VARIABLE - Success\n'}
[35.044161] (-) TimerEvent: {}
[35.046156] (Torch) StdoutLine: {'line': b'-- Performing Test HAS_WNO_MAYBE_UNINITIALIZED\n'}
[35.144371] (-) TimerEvent: {}
[35.226182] (Torch) StdoutLine: {'line': b'-- Performing Test HAS_WNO_MAYBE_UNINITIALIZED - Success\n'}
[35.228691] (Torch) StdoutLine: {'line': b'-- Performing Test HAS_FSTANDALONE_DEBUG\n'}
[35.244470] (-) TimerEvent: {}
[35.304138] (Torch) StdoutLine: {'line': b'-- Performing Test HAS_FSTANDALONE_DEBUG - Failed\n'}
[35.306798] (Torch) StdoutLine: {'line': b'-- Performing Test HAS_FNO_MATH_ERRNO\n'}
[35.344645] (-) TimerEvent: {}
[35.445239] (-) TimerEvent: {}
[35.489692] (Torch) StdoutLine: {'line': b'-- Performing Test HAS_FNO_MATH_ERRNO - Success\n'}
[35.492251] (Torch) StdoutLine: {'line': b'-- Performing Test HAS_FNO_TRAPPING_MATH\n'}
[35.545458] (-) TimerEvent: {}
[35.646186] (-) TimerEvent: {}
[35.676155] (Torch) StdoutLine: {'line': b'-- Performing Test HAS_FNO_TRAPPING_MATH - Success\n'}
[35.678336] (Torch) StdoutLine: {'line': b'-- Performing Test HAS_WERROR_FORMAT\n'}
[35.746375] (-) TimerEvent: {}
[35.847078] (-) TimerEvent: {}
[35.869065] (Torch) StdoutLine: {'line': b'-- Performing Test HAS_WERROR_FORMAT - Success\n'}
[35.870685] (Torch) StdoutLine: {'line': b'-- Performing Test HAS_VST1\n'}
[35.947247] (-) TimerEvent: {}
[36.047864] (-) TimerEvent: {}
[36.148482] (-) TimerEvent: {}
[36.249171] (-) TimerEvent: {}
[36.252275] (Torch) StdoutLine: {'line': b'-- Performing Test HAS_VST1 - Success\n'}
[36.253551] (Torch) StdoutLine: {'line': b'-- Performing Test HAS_VLD1\n'}
[36.349333] (-) TimerEvent: {}
[36.449960] (-) TimerEvent: {}
[36.550929] (-) TimerEvent: {}
[36.639747] (Torch) StdoutLine: {'line': b'-- Performing Test HAS_VLD1 - Success\n'}
[36.651030] (-) TimerEvent: {}
[36.654502] (Torch) StdoutLine: {'line': b'-- Performing Test HAS_WDEPRECATED\n'}
[36.751233] (-) TimerEvent: {}
[36.835025] (Torch) StdoutLine: {'line': b'-- Performing Test HAS_WDEPRECATED - Success\n'}
[36.835755] (Torch) StdoutLine: {'line': b'-- NUMA paths:\n'}
[36.836055] (Torch) StdoutLine: {'line': b'-- /usr/include\n'}
[36.836311] (Torch) StdoutLine: {'line': b'-- /usr/lib/aarch64-linux-gnu/libnuma.so\n'}
[36.844478] (Torch) StdoutLine: {'line': b'-- Looking for backtrace\n'}
[36.851329] (-) TimerEvent: {}
[36.951929] (-) TimerEvent: {}
[37.016128] (Torch) StdoutLine: {'line': b'-- Looking for backtrace - found\n'}
[37.016849] (Torch) StdoutLine: {'line': b'-- backtrace facility detected in default set of libraries\n'}
[37.017980] (Torch) StdoutLine: {'line': b'-- Found Backtrace: /usr/include  \n'}
[37.052079] (-) TimerEvent: {}
[37.152654] (-) TimerEvent: {}
[37.253184] (-) TimerEvent: {}
[37.353777] (-) TimerEvent: {}
[37.454323] (-) TimerEvent: {}
[37.554904] (-) TimerEvent: {}
[37.655506] (-) TimerEvent: {}
[37.692087] (Torch) StdoutLine: {'line': b'-- Autodetected CUDA architecture(s):  8.7\n'}
[37.755615] (-) TimerEvent: {}
[37.856128] (-) TimerEvent: {}
[37.956692] (-) TimerEvent: {}
[38.057294] (-) TimerEvent: {}
[38.158145] (-) TimerEvent: {}
[38.258754] (-) TimerEvent: {}
[38.359431] (-) TimerEvent: {}
[38.459976] (-) TimerEvent: {}
[38.560513] (-) TimerEvent: {}
[38.661045] (-) TimerEvent: {}
[38.761645] (-) TimerEvent: {}
[38.862269] (-) TimerEvent: {}
[38.962846] (-) TimerEvent: {}
[39.063447] (-) TimerEvent: {}
[39.164277] (-) TimerEvent: {}
[39.264883] (-) TimerEvent: {}
[39.365508] (-) TimerEvent: {}
[39.466145] (-) TimerEvent: {}
[39.566756] (-) TimerEvent: {}
[39.667362] (-) TimerEvent: {}
[39.767969] (-) TimerEvent: {}
[39.868527] (-) TimerEvent: {}
[39.969003] (-) TimerEvent: {}
[40.069454] (-) TimerEvent: {}
[40.169906] (-) TimerEvent: {}
[40.270734] (-) TimerEvent: {}
[40.371338] (-) TimerEvent: {}
[40.472183] (-) TimerEvent: {}
[40.558814] (Torch) CommandEnded: {'returncode': -2}
[40.565335] (Torch) StderrLine: {'line': b'Traceback (most recent call last):\n  File "/usr/lib/python3/dist-packages/colcon_parallel_executor/executor/parallel.py", line 75, in execute\n    loop.run_until_complete(future)\n  File "/usr/lib/python3.10/asyncio/base_events.py", line 636, in run_until_complete\n    self.run_forever()\n  File "/usr/lib/python3.10/asyncio/base_events.py", line 603, in run_forever\n    self._run_once()\n  File "/usr/lib/python3.10/asyncio/base_events.py", line 1871, in _run_once\n    event_list = self._selector.select(timeout)\n  File "/usr/lib/python3.10/selectors.py", line 469, in select\n    fd_event_list = self._selector.poll(timeout, max_ev)\nKeyboardInterrupt\n\nDuring handling of the above exception, another exception occurred:\n\nTraceback (most recent call last):\n  File "/usr/lib/python3/dist-packages/colcon_core/executor/__init__.py", line 91, in __call__\n    rc = await self.task(*args, **kwargs)\n  File "/usr/lib/python3/dist-packages/colcon_core/task/__init__.py", line 93, in __call__\n    return await task_method(*args, **kwargs)\n  File "/usr/lib/python3/dist-packages/colcon_cmake/task/cmake/build.py", line 87, in build\n    rc = await self._reconfigure(args, env)\n  File "/usr/lib/python3/dist-packages/colcon_cmake/task/cmake/build.py", line 182, in _reconfigure\n    buildfile = get_buildfile(cmake_cache)\n  File "/usr/lib/python3/dist-packages/colcon_cmake/task/cmake/__init__.py", line 114, in get_buildfile\n    if \'Visual Studio\' in generator:\nTypeError: argument of type \'NoneType\' is not iterable\n'}
[40.565865] (Torch) JobEnded: {'identifier': 'Torch', 'rc': 'SIGINT'}
[40.572261] (-) TimerEvent: {}
[40.576839] (-) EventReactorShutdown: {}
