[1.899s] Invoking command in '/home/pi/drone-home/ros2_ws/src/drone_home': DEBUGINFOD_URLS=https://debuginfod.ubuntu.com PYTHONPATH=/home/pi/drone-home/ros2_ws/build/drone_home/prefix_override:/usr/lib/python3/dist-packages/colcon_core/task/python/colcon_distutils_commands:/home/pi/drone-home/ros2_ws/install/drone_home/lib/python3.12/site-packages:${PYTHONPATH} /usr/bin/python3 -W ignore:setup.py install is deprecated setup.py egg_info --egg-base ../../build/drone_home build --build-base /home/pi/drone-home/ros2_ws/build/drone_home/build install --record /home/pi/drone-home/ros2_ws/build/drone_home/install.log --single-version-externally-managed install_data
[3.117s] running egg_info
[3.149s] writing ../../build/drone_home/drone_home.egg-info/PKG-INFO
[3.184s] writing dependency_links to ../../build/drone_home/drone_home.egg-info/dependency_links.txt
[3.186s] writing entry points to ../../build/drone_home/drone_home.egg-info/entry_points.txt
[3.190s] writing requirements to ../../build/drone_home/drone_home.egg-info/requires.txt
[3.192s] writing top-level names to ../../build/drone_home/drone_home.egg-info/top_level.txt
[3.258s] reading manifest file '../../build/drone_home/drone_home.egg-info/SOURCES.txt'
[3.259s] writing manifest file '../../build/drone_home/drone_home.egg-info/SOURCES.txt'
[3.260s] running build
[3.260s] running build_py
[3.267s] running install
[3.277s] running install_lib
[3.309s] running install_data
[3.311s] running install_egg_info
[3.340s] removing '/home/pi/drone-home/ros2_ws/install/drone_home/lib/python3.12/site-packages/drone_home-0.0.0-py3.12.egg-info' (and everything under it)
[3.341s] Copying ../../build/drone_home/drone_home.egg-info to /home/pi/drone-home/ros2_ws/install/drone_home/lib/python3.12/site-packages/drone_home-0.0.0-py3.12.egg-info
[3.342s] running install_scripts
[3.525s] Installing controller script to /home/pi/drone-home/ros2_ws/install/drone_home/lib/drone_home
[3.526s] Installing drive_hardware script to /home/pi/drone-home/ros2_ws/install/drone_home/lib/drone_home
[3.528s] Installing drive_publisher script to /home/pi/drone-home/ros2_ws/install/drone_home/lib/drone_home
[3.532s] Installing imu_publisher script to /home/pi/drone-home/ros2_ws/install/drone_home/lib/drone_home
[3.578s] writing list of installed files to '/home/pi/drone-home/ros2_ws/build/drone_home/install.log'
[3.663s] Invoked command in '/home/pi/drone-home/ros2_ws/src/drone_home' returned '0': DEBUGINFOD_URLS=https://debuginfod.ubuntu.com PYTHONPATH=/home/pi/drone-home/ros2_ws/build/drone_home/prefix_override:/usr/lib/python3/dist-packages/colcon_core/task/python/colcon_distutils_commands:/home/pi/drone-home/ros2_ws/install/drone_home/lib/python3.12/site-packages:${PYTHONPATH} /usr/bin/python3 -W ignore:setup.py install is deprecated setup.py egg_info --egg-base ../../build/drone_home build --build-base /home/pi/drone-home/ros2_ws/build/drone_home/build install --record /home/pi/drone-home/ros2_ws/build/drone_home/install.log --single-version-externally-managed install_data
