[1.560s] Invoking command in '/home/pi/drone-home/ros2_ws/src/drone_home': DEBUGINFOD_URLS=https://debuginfod.ubuntu.com PYTHONPATH=/home/pi/drone-home/ros2_ws/build/drone_home/prefix_override:/usr/lib/python3/dist-packages/colcon_core/task/python/colcon_distutils_commands:/home/pi/drone-home/ros2_ws/install/drone_home/lib/python3.12/site-packages:${PYTHONPATH} /usr/bin/python3 -W ignore:setup.py install is deprecated setup.py egg_info --egg-base ../../build/drone_home build --build-base /home/pi/drone-home/ros2_ws/build/drone_home/build install --record /home/pi/drone-home/ros2_ws/build/drone_home/install.log --single-version-externally-managed install_data
[1.920s] running egg_info
[1.945s] writing ../../build/drone_home/drone_home.egg-info/PKG-INFO
[1.946s] writing dependency_links to ../../build/drone_home/drone_home.egg-info/dependency_links.txt
[1.946s] writing entry points to ../../build/drone_home/drone_home.egg-info/entry_points.txt
[1.946s] writing requirements to ../../build/drone_home/drone_home.egg-info/requires.txt
[1.946s] writing top-level names to ../../build/drone_home/drone_home.egg-info/top_level.txt
[1.998s] reading manifest file '../../build/drone_home/drone_home.egg-info/SOURCES.txt'
[2.000s] writing manifest file '../../build/drone_home/drone_home.egg-info/SOURCES.txt'
[2.000s] running build
[2.000s] running build_py
[2.000s] running install
[2.010s] running install_lib
[2.037s] running install_data
[2.037s] running install_egg_info
[2.064s] removing '/home/pi/drone-home/ros2_ws/install/drone_home/lib/python3.12/site-packages/drone_home-0.0.0-py3.12.egg-info' (and everything under it)
[2.064s] Copying ../../build/drone_home/drone_home.egg-info to /home/pi/drone-home/ros2_ws/install/drone_home/lib/python3.12/site-packages/drone_home-0.0.0-py3.12.egg-info
[2.066s] running install_scripts
[2.244s] Installing imu_publisher script to /home/pi/drone-home/ros2_ws/install/drone_home/lib/drone_home
[2.244s] writing list of installed files to '/home/pi/drone-home/ros2_ws/build/drone_home/install.log'
[2.325s] Invoked command in '/home/pi/drone-home/ros2_ws/src/drone_home' returned '0': DEBUGINFOD_URLS=https://debuginfod.ubuntu.com PYTHONPATH=/home/pi/drone-home/ros2_ws/build/drone_home/prefix_override:/usr/lib/python3/dist-packages/colcon_core/task/python/colcon_distutils_commands:/home/pi/drone-home/ros2_ws/install/drone_home/lib/python3.12/site-packages:${PYTHONPATH} /usr/bin/python3 -W ignore:setup.py install is deprecated setup.py egg_info --egg-base ../../build/drone_home build --build-base /home/pi/drone-home/ros2_ws/build/drone_home/build install --record /home/pi/drone-home/ros2_ws/build/drone_home/install.log --single-version-externally-managed install_data
