[0.030s] Invoking command in '/workspaces/drone_home-dev/drone-home/ros2_ws/build/custom_messages': CMAKE_PREFIX_PATH=${CMAKE_PREFIX_PATH}:/opt/ros/humble /usr/local/bin/cmake /workspaces/drone_home-dev/drone-home/ros2_ws/custom_messages -DCMAKE_INSTALL_PREFIX=/workspaces/drone_home-dev/drone-home/ros2_ws/install/custom_messages
[0.197s] [0mCMake Deprecation Warning at CMakeLists.txt:1 (cmake_minimum_required):
[0.198s]   Compatibility with CMake < 3.10 will be removed from a future version of
[0.198s]   CMake.
[0.198s] 
[0.198s]   Update the VERSION argument <min> value.  Or, use the <min>...<max> syntax
[0.198s]   to tell CMake that the project requires at least <min> but has been updated
[0.198s]   to work with policies introduced by <max> or earlier.
[0.198s] 
[0.199s] [0m
[0.220s] -- Found ament_cmake: 1.3.11 (/opt/ros/humble/install/share/ament_cmake/cmake)
[0.702s] -- Found ament_lint_auto: 0.12.11 (/opt/ros/humble/install/share/ament_lint_auto/cmake)
[0.858s] -- Found rosidl_default_generators: 1.2.0 (/opt/ros/humble/install/share/rosidl_default_generators/cmake)
[0.868s] -- Using all available rosidl_typesupport_c: rosidl_typesupport_fastrtps_c;rosidl_typesupport_introspection_c
[0.881s] -- Found rosidl_adapter: 3.1.6 (/opt/ros/humble/install/share/rosidl_adapter/cmake)
[0.970s] -- Using all available rosidl_typesupport_cpp: rosidl_typesupport_fastrtps_cpp;rosidl_typesupport_introspection_cpp
[1.490s] [31mCMake Error at /opt/ros/humble/install/share/rosidl_adapter/cmake/rosidl_adapt_interfaces.cmake:59 (message):
[1.491s]   execute_process(/usr/local/bin/python3 -m rosidl_adapter --package-name
[1.491s]   custom_messages --arguments-file
[1.491s]   /workspaces/drone_home-dev/drone-home/ros2_ws/build/custom_messages/rosidl_adapter__arguments__custom_messages.json
[1.492s]   --output-dir
[1.492s]   /workspaces/drone_home-dev/drone-home/ros2_ws/build/custom_messages/rosidl_adapter/custom_messages
[1.492s]   --output-file
[1.492s]   /workspaces/drone_home-dev/drone-home/ros2_ws/build/custom_messages/rosidl_adapter/custom_messages.idls)
[1.492s]   returned error code 1:
[1.493s] 
[1.493s]   Error processing 'int64 xPos' of 'custom_messages/CV': ''xPos' is an
[1.493s]   invalid field name.  It should have the pattern
[1.493s]   '^(?!.*__)(?!.*_$)[a-z][a-z0-9_]*$''
[1.494s] 
[1.494s]   Traceback (most recent call last):
[1.494s] 
[1.494s]     File "/usr/lib/python3.10/runpy.py", line 196, in _run_module_as_main
[1.494s]       return _run_code(code, main_globals, None,
[1.495s]     File "/usr/lib/python3.10/runpy.py", line 86, in _run_code
[1.495s]       exec(code, run_globals)
[1.495s]     File "/opt/ros/humble/local/lib/python3.10/dist-packages/rosidl_adapter/__main__.py", line 19, in <module>
[1.495s]       sys.exit(main())
[1.495s]     File "/opt/ros/humble/local/lib/python3.10/dist-packages/rosidl_adapter/main.py", line 53, in main
[1.496s]       abs_idl_file = convert_to_idl(
[1.496s]     File "/opt/ros/humble/local/lib/python3.10/dist-packages/rosidl_adapter/__init__.py", line 19, in convert_to_idl
[1.496s]       return convert_msg_to_idl(
[1.497s]     File "/opt/ros/humble/local/lib/python3.10/dist-packages/rosidl_adapter/msg/__init__.py", line 28, in convert_msg_to_idl
[1.497s]       msg = parse_message_string(package_name, input_file.stem, content)
[1.497s]     File "/opt/ros/humble/local/lib/python3.10/dist-packages/rosidl_adapter/parser.py", line 519, in parse_message_string
[1.497s]       fields.append(Field(
[1.497s]     File "/opt/ros/humble/local/lib/python3.10/dist-packages/rosidl_adapter/parser.py", line 354, in __init__
[1.498s]       raise NameError(
[1.498s] 
[1.498s]   NameError: 'xPos' is an invalid field name.  It should have the pattern
[1.498s]   '^(?!.*__)(?!.*_$)[a-z][a-z0-9_]*$'
[1.498s] 
[1.499s] Call Stack (most recent call first):
[1.499s]   /opt/ros/humble/install/share/rosidl_cmake/cmake/rosidl_generate_interfaces.cmake:130 (rosidl_adapt_interfaces)
[1.499s]   CMakeLists.txt:28 (rosidl_generate_interfaces)
[1.499s] 
[1.500s] [0m
[1.500s] -- Configuring incomplete, errors occurred!
[1.507s] Invoked command in '/workspaces/drone_home-dev/drone-home/ros2_ws/build/custom_messages' returned '1': CMAKE_PREFIX_PATH=${CMAKE_PREFIX_PATH}:/opt/ros/humble /usr/local/bin/cmake /workspaces/drone_home-dev/drone-home/ros2_ws/custom_messages -DCMAKE_INSTALL_PREFIX=/workspaces/drone_home-dev/drone-home/ros2_ws/install/custom_messages
