[1.234s] Invoking command in '/home/pi/drone-home/ros2_ws/src/drone_home': DEBUGINFOD_URLS=https://debuginfod.ubuntu.com PYTHONPATH=/home/pi/drone-home/ros2_ws/build/drone_home/prefix_override:/usr/lib/python3/dist-packages/colcon_core/task/python/colcon_distutils_commands:/home/pi/drone-home/ros2_ws/install/drone_home/lib/python3.12/site-packages:${PYTHONPATH} /usr/bin/python3 -W ignore:setup.py install is deprecated setup.py egg_info --egg-base ../../build/drone_home build --build-base /home/pi/drone-home/ros2_ws/build/drone_home/build install --record /home/pi/drone-home/ros2_ws/build/drone_home/install.log --single-version-externally-managed install_data
[1.614s] running egg_info
[1.641s] writing ../../build/drone_home/drone_home.egg-info/PKG-INFO
[1.642s] writing dependency_links to ../../build/drone_home/drone_home.egg-info/dependency_links.txt
[1.642s] writing entry points to ../../build/drone_home/drone_home.egg-info/entry_points.txt
[1.642s] writing requirements to ../../build/drone_home/drone_home.egg-info/requires.txt
[1.642s] writing top-level names to ../../build/drone_home/drone_home.egg-info/top_level.txt
[1.696s] reading manifest file '../../build/drone_home/drone_home.egg-info/SOURCES.txt'
[1.697s] writing manifest file '../../build/drone_home/drone_home.egg-info/SOURCES.txt'
[1.697s] running build
[1.697s] running build_py
[1.698s] copying drone_home/controller.py -> /home/pi/drone-home/ros2_ws/build/drone_home/build/lib/drone_home
[1.698s] running install
[1.707s] running install_lib
[1.739s] copying /home/pi/drone-home/ros2_ws/build/drone_home/build/lib/drone_home/controller.py -> /home/pi/drone-home/ros2_ws/install/drone_home/lib/python3.12/site-packages/drone_home
[1.740s] byte-compiling /home/pi/drone-home/ros2_ws/install/drone_home/lib/python3.12/site-packages/drone_home/controller.py to controller.cpython-312.pyc
[1.741s]   File "/home/pi/drone-home/ros2_ws/install/drone_home/lib/python3.12/site-packages/drone_home/controller.py", line 36
[1.741s]     self.current_quaternion == Quaternion(x=0.0, y=0.0, z=0.0, w=0.0):
[1.741s]                                                                      ^
[1.741s] SyntaxError: invalid syntax
[1.741s] 
[1.743s] running install_data
[1.743s] running install_egg_info
[1.772s] removing '/home/pi/drone-home/ros2_ws/install/drone_home/lib/python3.12/site-packages/drone_home-0.0.0-py3.12.egg-info' (and everything under it)
[1.776s] Copying ../../build/drone_home/drone_home.egg-info to /home/pi/drone-home/ros2_ws/install/drone_home/lib/python3.12/site-packages/drone_home-0.0.0-py3.12.egg-info
[1.776s] running install_scripts
[1.963s] Installing controller script to /home/pi/drone-home/ros2_ws/install/drone_home/lib/drone_home
[1.963s] Installing drive_hardware script to /home/pi/drone-home/ros2_ws/install/drone_home/lib/drone_home
[1.964s] Installing drive_publisher script to /home/pi/drone-home/ros2_ws/install/drone_home/lib/drone_home
[1.964s] Installing imu_publisher script to /home/pi/drone-home/ros2_ws/install/drone_home/lib/drone_home
[1.965s] writing list of installed files to '/home/pi/drone-home/ros2_ws/build/drone_home/install.log'
[2.051s] Invoked command in '/home/pi/drone-home/ros2_ws/src/drone_home' returned '0': DEBUGINFOD_URLS=https://debuginfod.ubuntu.com PYTHONPATH=/home/pi/drone-home/ros2_ws/build/drone_home/prefix_override:/usr/lib/python3/dist-packages/colcon_core/task/python/colcon_distutils_commands:/home/pi/drone-home/ros2_ws/install/drone_home/lib/python3.12/site-packages:${PYTHONPATH} /usr/bin/python3 -W ignore:setup.py install is deprecated setup.py egg_info --egg-base ../../build/drone_home build --build-base /home/pi/drone-home/ros2_ws/build/drone_home/build install --record /home/pi/drone-home/ros2_ws/build/drone_home/install.log --single-version-externally-managed install_data
