[2.006s] Invoking command in '/home/pi/drone-home/ros2_ws/src/drone_home': DEBUGINFOD_URLS=https://debuginfod.ubuntu.com PYTHONPATH=/home/pi/drone-home/ros2_ws/build/drone_home/prefix_override:/usr/lib/python3/dist-packages/colcon_core/task/python/colcon_distutils_commands:/home/pi/drone-home/ros2_ws/install/drone_home/lib/python3.12/site-packages:${PYTHONPATH} /usr/bin/python3 -W ignore:setup.py install is deprecated setup.py egg_info --egg-base ../../build/drone_home build --build-base /home/pi/drone-home/ros2_ws/build/drone_home/build install --record /home/pi/drone-home/ros2_ws/build/drone_home/install.log --single-version-externally-managed install_data
[2.550s] running egg_info
[2.586s] writing ../../build/drone_home/drone_home.egg-info/PKG-INFO
[2.587s] writing dependency_links to ../../build/drone_home/drone_home.egg-info/dependency_links.txt
[2.656s] writing entry points to ../../build/drone_home/drone_home.egg-info/entry_points.txt
[2.660s] writing requirements to ../../build/drone_home/drone_home.egg-info/requires.txt
[2.665s] writing top-level names to ../../build/drone_home/drone_home.egg-info/top_level.txt
[2.743s] reading manifest file '../../build/drone_home/drone_home.egg-info/SOURCES.txt'
[2.745s] writing manifest file '../../build/drone_home/drone_home.egg-info/SOURCES.txt'
[2.745s] running build
[2.745s] running build_py
[2.746s] running install
[2.758s] running install_lib
[2.797s] running install_data
[2.797s] running install_egg_info
[2.835s] removing '/home/pi/drone-home/ros2_ws/install/drone_home/lib/python3.12/site-packages/drone_home-0.0.0-py3.12.egg-info' (and everything under it)
[2.840s] Copying ../../build/drone_home/drone_home.egg-info to /home/pi/drone-home/ros2_ws/install/drone_home/lib/python3.12/site-packages/drone_home-0.0.0-py3.12.egg-info
[2.841s] running install_scripts
[3.125s] Installing controller script to /home/pi/drone-home/ros2_ws/install/drone_home/lib/drone_home
[3.126s] Installing drive_hardware script to /home/pi/drone-home/ros2_ws/install/drone_home/lib/drone_home
[3.127s] Installing drive_publisher script to /home/pi/drone-home/ros2_ws/install/drone_home/lib/drone_home
[3.131s] Installing imu_publisher script to /home/pi/drone-home/ros2_ws/install/drone_home/lib/drone_home
[3.199s] writing list of installed files to '/home/pi/drone-home/ros2_ws/build/drone_home/install.log'
[3.364s] Invoked command in '/home/pi/drone-home/ros2_ws/src/drone_home' returned '0': DEBUGINFOD_URLS=https://debuginfod.ubuntu.com PYTHONPATH=/home/pi/drone-home/ros2_ws/build/drone_home/prefix_override:/usr/lib/python3/dist-packages/colcon_core/task/python/colcon_distutils_commands:/home/pi/drone-home/ros2_ws/install/drone_home/lib/python3.12/site-packages:${PYTHONPATH} /usr/bin/python3 -W ignore:setup.py install is deprecated setup.py egg_info --egg-base ../../build/drone_home build --build-base /home/pi/drone-home/ros2_ws/build/drone_home/build install --record /home/pi/drone-home/ros2_ws/build/drone_home/install.log --single-version-externally-managed install_data
