[1.867s] Invoking command in '/home/pi/drone-home/ros2_ws/src/drone_home': DEBUGINFOD_URLS=https://debuginfod.ubuntu.com PYTHONPATH=/home/pi/drone-home/ros2_ws/build/drone_home/prefix_override:/usr/lib/python3/dist-packages/colcon_core/task/python/colcon_distutils_commands:/home/pi/drone-home/ros2_ws/install/drone_home/lib/python3.12/site-packages:${PYTHONPATH} /usr/bin/python3 -W ignore:setup.py install is deprecated setup.py egg_info --egg-base ../../build/drone_home build --build-base /home/pi/drone-home/ros2_ws/build/drone_home/build install --record /home/pi/drone-home/ros2_ws/build/drone_home/install.log --single-version-externally-managed install_data
[2.241s] running egg_info
[2.267s] writing ../../build/drone_home/drone_home.egg-info/PKG-INFO
[2.267s] writing dependency_links to ../../build/drone_home/drone_home.egg-info/dependency_links.txt
[2.267s] writing entry points to ../../build/drone_home/drone_home.egg-info/entry_points.txt
[2.268s] writing requirements to ../../build/drone_home/drone_home.egg-info/requires.txt
[2.268s] writing top-level names to ../../build/drone_home/drone_home.egg-info/top_level.txt
[2.328s] reading manifest file '../../build/drone_home/drone_home.egg-info/SOURCES.txt'
[2.330s] writing manifest file '../../build/drone_home/drone_home.egg-info/SOURCES.txt'
[2.330s] running build
[2.331s] running build_py
[2.332s] running install
[2.342s] running install_lib
[2.372s] running install_data
[2.372s] running install_egg_info
[2.400s] removing '/home/pi/drone-home/ros2_ws/install/drone_home/lib/python3.12/site-packages/drone_home-0.0.0-py3.12.egg-info' (and everything under it)
[2.400s] Copying ../../build/drone_home/drone_home.egg-info to /home/pi/drone-home/ros2_ws/install/drone_home/lib/python3.12/site-packages/drone_home-0.0.0-py3.12.egg-info
[2.402s] running install_scripts
[2.643s] Installing drive_publisher script to /home/pi/drone-home/ros2_ws/install/drone_home/lib/drone_home
[2.644s] Installing imu_publisher script to /home/pi/drone-home/ros2_ws/install/drone_home/lib/drone_home
[2.644s] writing list of installed files to '/home/pi/drone-home/ros2_ws/build/drone_home/install.log'
[2.695s] Invoked command in '/home/pi/drone-home/ros2_ws/src/drone_home' returned '0': DEBUGINFOD_URLS=https://debuginfod.ubuntu.com PYTHONPATH=/home/pi/drone-home/ros2_ws/build/drone_home/prefix_override:/usr/lib/python3/dist-packages/colcon_core/task/python/colcon_distutils_commands:/home/pi/drone-home/ros2_ws/install/drone_home/lib/python3.12/site-packages:${PYTHONPATH} /usr/bin/python3 -W ignore:setup.py install is deprecated setup.py egg_info --egg-base ../../build/drone_home build --build-base /home/pi/drone-home/ros2_ws/build/drone_home/build install --record /home/pi/drone-home/ros2_ws/build/drone_home/install.log --single-version-externally-managed install_data
