[1.243s] Invoking command in '/home/pi/drone-home/ros2_ws/src/drone_home': DEBUGINFOD_URLS=https://debuginfod.ubuntu.com PYTHONPATH=/home/pi/drone-home/ros2_ws/build/drone_home/prefix_override:/usr/lib/python3/dist-packages/colcon_core/task/python/colcon_distutils_commands:/home/pi/drone-home/ros2_ws/install/drone_home/lib/python3.12/site-packages:${PYTHONPATH} /usr/bin/python3 -W ignore:setup.py install is deprecated setup.py egg_info --egg-base ../../build/drone_home build --build-base /home/pi/drone-home/ros2_ws/build/drone_home/build install --record /home/pi/drone-home/ros2_ws/build/drone_home/install.log --single-version-externally-managed install_data
[1.615s] running egg_info
[1.642s] writing ../../build/drone_home/drone_home.egg-info/PKG-INFO
[1.642s] writing dependency_links to ../../build/drone_home/drone_home.egg-info/dependency_links.txt
[1.646s] writing entry points to ../../build/drone_home/drone_home.egg-info/entry_points.txt
[1.648s] writing requirements to ../../build/drone_home/drone_home.egg-info/requires.txt
[1.652s] writing top-level names to ../../build/drone_home/drone_home.egg-info/top_level.txt
[1.776s] reading manifest file '../../build/drone_home/drone_home.egg-info/SOURCES.txt'
[1.777s] writing manifest file '../../build/drone_home/drone_home.egg-info/SOURCES.txt'
[1.777s] running build
[1.777s] running build_py
[1.777s] copying drone_home/joy_to_ackermann.py -> /home/pi/drone-home/ros2_ws/build/drone_home/build/lib/drone_home
[1.778s] running install
[1.787s] running install_lib
[1.815s] copying /home/pi/drone-home/ros2_ws/build/drone_home/build/lib/drone_home/joy_to_ackermann.py -> /home/pi/drone-home/ros2_ws/install/drone_home/lib/python3.12/site-packages/drone_home
[1.816s] byte-compiling /home/pi/drone-home/ros2_ws/install/drone_home/lib/python3.12/site-packages/drone_home/joy_to_ackermann.py to joy_to_ackermann.cpython-312.pyc
[1.817s] running install_data
[1.817s] running install_egg_info
[1.846s] removing '/home/pi/drone-home/ros2_ws/install/drone_home/lib/python3.12/site-packages/drone_home-0.0.0-py3.12.egg-info' (and everything under it)
[1.847s] Copying ../../build/drone_home/drone_home.egg-info to /home/pi/drone-home/ros2_ws/install/drone_home/lib/python3.12/site-packages/drone_home-0.0.0-py3.12.egg-info
[1.848s] running install_scripts
[2.035s] Installing controller script to /home/pi/drone-home/ros2_ws/install/drone_home/lib/drone_home
[2.035s] Installing drive_hardware script to /home/pi/drone-home/ros2_ws/install/drone_home/lib/drone_home
[2.037s] Installing drive_publisher script to /home/pi/drone-home/ros2_ws/install/drone_home/lib/drone_home
[2.041s] Installing imu_publisher script to /home/pi/drone-home/ros2_ws/install/drone_home/lib/drone_home
[2.043s] writing list of installed files to '/home/pi/drone-home/ros2_ws/build/drone_home/install.log'
[2.131s] Invoked command in '/home/pi/drone-home/ros2_ws/src/drone_home' returned '0': DEBUGINFOD_URLS=https://debuginfod.ubuntu.com PYTHONPATH=/home/pi/drone-home/ros2_ws/build/drone_home/prefix_override:/usr/lib/python3/dist-packages/colcon_core/task/python/colcon_distutils_commands:/home/pi/drone-home/ros2_ws/install/drone_home/lib/python3.12/site-packages:${PYTHONPATH} /usr/bin/python3 -W ignore:setup.py install is deprecated setup.py egg_info --egg-base ../../build/drone_home build --build-base /home/pi/drone-home/ros2_ws/build/drone_home/build install --record /home/pi/drone-home/ros2_ws/build/drone_home/install.log --single-version-externally-managed install_data
