[0.078s] Invoking command in '/workspaces/drone_home-dev/drone-home/ros2_ws/build/custom_messages': CMAKE_PREFIX_PATH=${CMAKE_PREFIX_PATH}:/workspaces/drone_home-dev/drone-home/ros2_ws/install/drone_home:/opt/ros/humble /usr/local/bin/cmake --build /workspaces/drone_home-dev/drone-home/ros2_ws/build/custom_messages -- -j6 -l6
[0.494s] [  1%] Built target custom_messages__cpp
[0.522s] [  1%] Built target ament_cmake_python_copy_custom_messages
[0.534s] [ 12%] Built target custom_messages__rosidl_generator_c
[0.570s] [ 23%] Built target custom_messages__rosidl_typesupport_cpp
[0.570s] [ 34%] Built target custom_messages__rosidl_typesupport_fastrtps_cpp
[0.595s] [ 45%] Built target custom_messages__rosidl_typesupport_introspection_c
[0.615s] [ 56%] Built target custom_messages__rosidl_typesupport_introspection_cpp
[0.623s] [ 67%] Built target custom_messages__rosidl_typesupport_c
[0.629s] [ 78%] Built target custom_messages__rosidl_typesupport_fastrtps_c
[0.716s] [ 78%] Built target custom_messages
[0.801s] [ 80%] Built target custom_messages__py
[0.874s] [ 89%] Built target custom_messages__rosidl_generator_py
[0.916s] [ 92%] Built target custom_messages__rosidl_typesupport_fastrtps_c__pyext
[0.921s] [ 96%] Built target custom_messages__rosidl_typesupport_c__pyext
[0.930s] [100%] Built target custom_messages__rosidl_typesupport_introspection_c__pyext
[1.244s] running egg_info
[1.290s] writing custom_messages.egg-info/PKG-INFO
[1.292s] writing dependency_links to custom_messages.egg-info/dependency_links.txt
[1.293s] writing top-level names to custom_messages.egg-info/top_level.txt
[1.430s] reading manifest file 'custom_messages.egg-info/SOURCES.txt'
[1.433s] writing manifest file 'custom_messages.egg-info/SOURCES.txt'
[1.535s] [100%] Built target ament_cmake_python_build_custom_messages_egg
[1.550s] Invoked command in '/workspaces/drone_home-dev/drone-home/ros2_ws/build/custom_messages' returned '0': CMAKE_PREFIX_PATH=${CMAKE_PREFIX_PATH}:/workspaces/drone_home-dev/drone-home/ros2_ws/install/drone_home:/opt/ros/humble /usr/local/bin/cmake --build /workspaces/drone_home-dev/drone-home/ros2_ws/build/custom_messages -- -j6 -l6
[1.766s] Invoking command in '/workspaces/drone_home-dev/drone-home/ros2_ws/build/custom_messages': CMAKE_PREFIX_PATH=${CMAKE_PREFIX_PATH}:/workspaces/drone_home-dev/drone-home/ros2_ws/install/drone_home:/opt/ros/humble /usr/local/bin/cmake --install /workspaces/drone_home-dev/drone-home/ros2_ws/build/custom_messages
[1.943s] -- Install configuration: ""
[1.946s] -- Up-to-date: /workspaces/drone_home-dev/drone-home/ros2_ws/install/custom_messages/share/ament_index/resource_index/rosidl_interfaces/custom_messages
[1.946s] -- Up-to-date: /workspaces/drone_home-dev/drone-home/ros2_ws/install/custom_messages/include/custom_messages/custom_messages
[1.947s] -- Up-to-date: /workspaces/drone_home-dev/drone-home/ros2_ws/install/custom_messages/include/custom_messages/custom_messages/srv
[1.947s] -- Up-to-date: /workspaces/drone_home-dev/drone-home/ros2_ws/install/custom_messages/include/custom_messages/custom_messages/srv/detail
[1.947s] -- Up-to-date: /workspaces/drone_home-dev/drone-home/ros2_ws/install/custom_messages/include/custom_messages/custom_messages/srv/detail/set_mode__functions.h
[1.947s] -- Up-to-date: /workspaces/drone_home-dev/drone-home/ros2_ws/install/custom_messages/include/custom_messages/custom_messages/srv/detail/set_coordinate__functions.c
[1.947s] -- Up-to-date: /workspaces/drone_home-dev/drone-home/ros2_ws/install/custom_messages/include/custom_messages/custom_messages/srv/detail/set_mode__struct.h
[1.947s] -- Up-to-date: /workspaces/drone_home-dev/drone-home/ros2_ws/install/custom_messages/include/custom_messages/custom_messages/srv/detail/set_coordinate__functions.h
[1.947s] -- Up-to-date: /workspaces/drone_home-dev/drone-home/ros2_ws/install/custom_messages/include/custom_messages/custom_messages/srv/detail/set_mode__functions.c
[1.948s] -- Up-to-date: /workspaces/drone_home-dev/drone-home/ros2_ws/install/custom_messages/include/custom_messages/custom_messages/srv/detail/set_coordinate__struct.h
[1.948s] -- Up-to-date: /workspaces/drone_home-dev/drone-home/ros2_ws/install/custom_messages/include/custom_messages/custom_messages/srv/detail/set_mode__type_support.h
[1.948s] -- Up-to-date: /workspaces/drone_home-dev/drone-home/ros2_ws/install/custom_messages/include/custom_messages/custom_messages/srv/detail/set_coordinate__type_support.h
[1.948s] -- Up-to-date: /workspaces/drone_home-dev/drone-home/ros2_ws/install/custom_messages/include/custom_messages/custom_messages/srv/set_mode.h
[1.948s] -- Up-to-date: /workspaces/drone_home-dev/drone-home/ros2_ws/install/custom_messages/include/custom_messages/custom_messages/srv/set_coordinate.h
[1.948s] -- Up-to-date: /workspaces/drone_home-dev/drone-home/ros2_ws/install/custom_messages/include/custom_messages/custom_messages/msg
[1.948s] -- Up-to-date: /workspaces/drone_home-dev/drone-home/ros2_ws/install/custom_messages/include/custom_messages/custom_messages/msg/cv.h
[1.948s] -- Up-to-date: /workspaces/drone_home-dev/drone-home/ros2_ws/install/custom_messages/include/custom_messages/custom_messages/msg/detail
[1.949s] -- Up-to-date: /workspaces/drone_home-dev/drone-home/ros2_ws/install/custom_messages/include/custom_messages/custom_messages/msg/detail/servo_command__struct.h
[1.949s] -- Up-to-date: /workspaces/drone_home-dev/drone-home/ros2_ws/install/custom_messages/include/custom_messages/custom_messages/msg/detail/servo_command__type_support.h
[1.949s] -- Up-to-date: /workspaces/drone_home-dev/drone-home/ros2_ws/install/custom_messages/include/custom_messages/custom_messages/msg/detail/cv__type_support.h
[1.949s] -- Up-to-date: /workspaces/drone_home-dev/drone-home/ros2_ws/install/custom_messages/include/custom_messages/custom_messages/msg/detail/servo_command__functions.c
[1.949s] -- Up-to-date: /workspaces/drone_home-dev/drone-home/ros2_ws/install/custom_messages/include/custom_messages/custom_messages/msg/detail/cv__struct.h
[1.949s] -- Up-to-date: /workspaces/drone_home-dev/drone-home/ros2_ws/install/custom_messages/include/custom_messages/custom_messages/msg/detail/cv__functions.c
[1.949s] -- Up-to-date: /workspaces/drone_home-dev/drone-home/ros2_ws/install/custom_messages/include/custom_messages/custom_messages/msg/detail/servo_command__functions.h
[1.949s] -- Up-to-date: /workspaces/drone_home-dev/drone-home/ros2_ws/install/custom_messages/include/custom_messages/custom_messages/msg/detail/cv__functions.h
[1.950s] -- Up-to-date: /workspaces/drone_home-dev/drone-home/ros2_ws/install/custom_messages/include/custom_messages/custom_messages/msg/servo_command.h
[1.950s] -- Up-to-date: /workspaces/drone_home-dev/drone-home/ros2_ws/install/custom_messages/include/custom_messages/custom_messages/msg/rosidl_generator_c__visibility_control.h
[1.950s] -- Up-to-date: /workspaces/drone_home-dev/drone-home/ros2_ws/install/custom_messages/share/custom_messages/environment/library_path.sh
[1.950s] -- Up-to-date: /workspaces/drone_home-dev/drone-home/ros2_ws/install/custom_messages/share/custom_messages/environment/library_path.dsv
[1.951s] -- Up-to-date: /workspaces/drone_home-dev/drone-home/ros2_ws/install/custom_messages/lib/libcustom_messages__rosidl_generator_c.so
[1.952s] -- Up-to-date: /workspaces/drone_home-dev/drone-home/ros2_ws/install/custom_messages/include/custom_messages/custom_messages
[1.952s] -- Up-to-date: /workspaces/drone_home-dev/drone-home/ros2_ws/install/custom_messages/include/custom_messages/custom_messages/srv
[1.952s] -- Up-to-date: /workspaces/drone_home-dev/drone-home/ros2_ws/install/custom_messages/include/custom_messages/custom_messages/srv/detail
[1.953s] -- Up-to-date: /workspaces/drone_home-dev/drone-home/ros2_ws/install/custom_messages/include/custom_messages/custom_messages/srv/detail/set_coordinate__rosidl_typesupport_fastrtps_c.h
[1.953s] -- Up-to-date: /workspaces/drone_home-dev/drone-home/ros2_ws/install/custom_messages/include/custom_messages/custom_messages/srv/detail/set_mode__rosidl_typesupport_fastrtps_c.h
[1.954s] -- Up-to-date: /workspaces/drone_home-dev/drone-home/ros2_ws/install/custom_messages/include/custom_messages/custom_messages/msg
[1.954s] -- Up-to-date: /workspaces/drone_home-dev/drone-home/ros2_ws/install/custom_messages/include/custom_messages/custom_messages/msg/detail
[1.954s] -- Up-to-date: /workspaces/drone_home-dev/drone-home/ros2_ws/install/custom_messages/include/custom_messages/custom_messages/msg/detail/cv__rosidl_typesupport_fastrtps_c.h
[1.955s] -- Up-to-date: /workspaces/drone_home-dev/drone-home/ros2_ws/install/custom_messages/include/custom_messages/custom_messages/msg/detail/servo_command__rosidl_typesupport_fastrtps_c.h
[1.955s] -- Up-to-date: /workspaces/drone_home-dev/drone-home/ros2_ws/install/custom_messages/include/custom_messages/custom_messages/msg/rosidl_typesupport_fastrtps_c__visibility_control.h
[1.956s] -- Up-to-date: /workspaces/drone_home-dev/drone-home/ros2_ws/install/custom_messages/lib/libcustom_messages__rosidl_typesupport_fastrtps_c.so
[1.957s] -- Up-to-date: /workspaces/drone_home-dev/drone-home/ros2_ws/install/custom_messages/include/custom_messages/custom_messages
[1.957s] -- Up-to-date: /workspaces/drone_home-dev/drone-home/ros2_ws/install/custom_messages/include/custom_messages/custom_messages/srv
[1.957s] -- Up-to-date: /workspaces/drone_home-dev/drone-home/ros2_ws/install/custom_messages/include/custom_messages/custom_messages/srv/detail
[1.958s] -- Up-to-date: /workspaces/drone_home-dev/drone-home/ros2_ws/install/custom_messages/include/custom_messages/custom_messages/srv/detail/set_coordinate__traits.hpp
[1.958s] -- Up-to-date: /workspaces/drone_home-dev/drone-home/ros2_ws/install/custom_messages/include/custom_messages/custom_messages/srv/detail/set_mode__traits.hpp
[1.959s] -- Up-to-date: /workspaces/drone_home-dev/drone-home/ros2_ws/install/custom_messages/include/custom_messages/custom_messages/srv/detail/set_mode__struct.hpp
[1.959s] -- Up-to-date: /workspaces/drone_home-dev/drone-home/ros2_ws/install/custom_messages/include/custom_messages/custom_messages/srv/detail/set_mode__builder.hpp
[1.959s] -- Up-to-date: /workspaces/drone_home-dev/drone-home/ros2_ws/install/custom_messages/include/custom_messages/custom_messages/srv/detail/set_mode__type_support.hpp
[1.960s] -- Up-to-date: /workspaces/drone_home-dev/drone-home/ros2_ws/install/custom_messages/include/custom_messages/custom_messages/srv/detail/set_coordinate__type_support.hpp
[1.960s] -- Up-to-date: /workspaces/drone_home-dev/drone-home/ros2_ws/install/custom_messages/include/custom_messages/custom_messages/srv/detail/set_coordinate__struct.hpp
[1.960s] -- Up-to-date: /workspaces/drone_home-dev/drone-home/ros2_ws/install/custom_messages/include/custom_messages/custom_messages/srv/detail/set_coordinate__builder.hpp
[1.961s] -- Up-to-date: /workspaces/drone_home-dev/drone-home/ros2_ws/install/custom_messages/include/custom_messages/custom_messages/srv/set_coordinate.hpp
[1.961s] -- Up-to-date: /workspaces/drone_home-dev/drone-home/ros2_ws/install/custom_messages/include/custom_messages/custom_messages/srv/set_mode.hpp
[1.961s] -- Up-to-date: /workspaces/drone_home-dev/drone-home/ros2_ws/install/custom_messages/include/custom_messages/custom_messages/msg
[1.962s] -- Up-to-date: /workspaces/drone_home-dev/drone-home/ros2_ws/install/custom_messages/include/custom_messages/custom_messages/msg/detail
[1.962s] -- Up-to-date: /workspaces/drone_home-dev/drone-home/ros2_ws/install/custom_messages/include/custom_messages/custom_messages/msg/detail/servo_command__struct.hpp
[1.962s] -- Up-to-date: /workspaces/drone_home-dev/drone-home/ros2_ws/install/custom_messages/include/custom_messages/custom_messages/msg/detail/servo_command__type_support.hpp
[1.963s] -- Up-to-date: /workspaces/drone_home-dev/drone-home/ros2_ws/install/custom_messages/include/custom_messages/custom_messages/msg/detail/servo_command__builder.hpp
[1.963s] -- Up-to-date: /workspaces/drone_home-dev/drone-home/ros2_ws/install/custom_messages/include/custom_messages/custom_messages/msg/detail/cv__traits.hpp
[1.970s] -- Up-to-date: /workspaces/drone_home-dev/drone-home/ros2_ws/install/custom_messages/include/custom_messages/custom_messages/msg/detail/cv__struct.hpp
[1.970s] -- Up-to-date: /workspaces/drone_home-dev/drone-home/ros2_ws/install/custom_messages/include/custom_messages/custom_messages/msg/detail/cv__builder.hpp
[1.970s] -- Up-to-date: /workspaces/drone_home-dev/drone-home/ros2_ws/install/custom_messages/include/custom_messages/custom_messages/msg/detail/cv__type_support.hpp
[1.971s] -- Up-to-date: /workspaces/drone_home-dev/drone-home/ros2_ws/install/custom_messages/include/custom_messages/custom_messages/msg/detail/servo_command__traits.hpp
[1.971s] -- Up-to-date: /workspaces/drone_home-dev/drone-home/ros2_ws/install/custom_messages/include/custom_messages/custom_messages/msg/servo_command.hpp
[1.971s] -- Up-to-date: /workspaces/drone_home-dev/drone-home/ros2_ws/install/custom_messages/include/custom_messages/custom_messages/msg/cv.hpp
[1.971s] -- Up-to-date: /workspaces/drone_home-dev/drone-home/ros2_ws/install/custom_messages/include/custom_messages/custom_messages/msg/rosidl_generator_cpp__visibility_control.hpp
[1.971s] -- Up-to-date: /workspaces/drone_home-dev/drone-home/ros2_ws/install/custom_messages/include/custom_messages/custom_messages
[1.971s] -- Up-to-date: /workspaces/drone_home-dev/drone-home/ros2_ws/install/custom_messages/include/custom_messages/custom_messages/srv
[1.971s] -- Up-to-date: /workspaces/drone_home-dev/drone-home/ros2_ws/install/custom_messages/include/custom_messages/custom_messages/srv/detail
[1.972s] -- Up-to-date: /workspaces/drone_home-dev/drone-home/ros2_ws/install/custom_messages/include/custom_messages/custom_messages/srv/detail/set_mode__rosidl_typesupport_fastrtps_cpp.hpp
[1.972s] -- Up-to-date: /workspaces/drone_home-dev/drone-home/ros2_ws/install/custom_messages/include/custom_messages/custom_messages/srv/detail/dds_fastrtps
[1.972s] -- Up-to-date: /workspaces/drone_home-dev/drone-home/ros2_ws/install/custom_messages/include/custom_messages/custom_messages/srv/detail/set_coordinate__rosidl_typesupport_fastrtps_cpp.hpp
[1.972s] -- Up-to-date: /workspaces/drone_home-dev/drone-home/ros2_ws/install/custom_messages/include/custom_messages/custom_messages/msg
[1.972s] -- Up-to-date: /workspaces/drone_home-dev/drone-home/ros2_ws/install/custom_messages/include/custom_messages/custom_messages/msg/detail
[1.972s] -- Up-to-date: /workspaces/drone_home-dev/drone-home/ros2_ws/install/custom_messages/include/custom_messages/custom_messages/msg/detail/dds_fastrtps
[1.972s] -- Up-to-date: /workspaces/drone_home-dev/drone-home/ros2_ws/install/custom_messages/include/custom_messages/custom_messages/msg/detail/servo_command__rosidl_typesupport_fastrtps_cpp.hpp
[1.973s] -- Up-to-date: /workspaces/drone_home-dev/drone-home/ros2_ws/install/custom_messages/include/custom_messages/custom_messages/msg/detail/cv__rosidl_typesupport_fastrtps_cpp.hpp
[1.973s] -- Up-to-date: /workspaces/drone_home-dev/drone-home/ros2_ws/install/custom_messages/include/custom_messages/custom_messages/msg/rosidl_typesupport_fastrtps_cpp__visibility_control.h
[1.973s] -- Up-to-date: /workspaces/drone_home-dev/drone-home/ros2_ws/install/custom_messages/lib/libcustom_messages__rosidl_typesupport_fastrtps_cpp.so
[1.973s] -- Up-to-date: /workspaces/drone_home-dev/drone-home/ros2_ws/install/custom_messages/include/custom_messages/custom_messages
[1.973s] -- Up-to-date: /workspaces/drone_home-dev/drone-home/ros2_ws/install/custom_messages/include/custom_messages/custom_messages/srv
[1.973s] -- Up-to-date: /workspaces/drone_home-dev/drone-home/ros2_ws/install/custom_messages/include/custom_messages/custom_messages/srv/detail
[1.973s] -- Up-to-date: /workspaces/drone_home-dev/drone-home/ros2_ws/install/custom_messages/include/custom_messages/custom_messages/srv/detail/set_coordinate__rosidl_typesupport_introspection_c.h
[1.973s] -- Up-to-date: /workspaces/drone_home-dev/drone-home/ros2_ws/install/custom_messages/include/custom_messages/custom_messages/srv/detail/set_mode__rosidl_typesupport_introspection_c.h
[1.974s] -- Up-to-date: /workspaces/drone_home-dev/drone-home/ros2_ws/install/custom_messages/include/custom_messages/custom_messages/srv/detail/set_mode__type_support.c
[1.974s] -- Up-to-date: /workspaces/drone_home-dev/drone-home/ros2_ws/install/custom_messages/include/custom_messages/custom_messages/srv/detail/set_coordinate__type_support.c
[1.974s] -- Up-to-date: /workspaces/drone_home-dev/drone-home/ros2_ws/install/custom_messages/include/custom_messages/custom_messages/msg
[1.974s] -- Up-to-date: /workspaces/drone_home-dev/drone-home/ros2_ws/install/custom_messages/include/custom_messages/custom_messages/msg/detail
[1.974s] -- Up-to-date: /workspaces/drone_home-dev/drone-home/ros2_ws/install/custom_messages/include/custom_messages/custom_messages/msg/detail/servo_command__type_support.c
[1.974s] -- Up-to-date: /workspaces/drone_home-dev/drone-home/ros2_ws/install/custom_messages/include/custom_messages/custom_messages/msg/detail/cv__rosidl_typesupport_introspection_c.h
[1.974s] -- Up-to-date: /workspaces/drone_home-dev/drone-home/ros2_ws/install/custom_messages/include/custom_messages/custom_messages/msg/detail/cv__type_support.c
[1.975s] -- Up-to-date: /workspaces/drone_home-dev/drone-home/ros2_ws/install/custom_messages/include/custom_messages/custom_messages/msg/detail/servo_command__rosidl_typesupport_introspection_c.h
[1.975s] -- Up-to-date: /workspaces/drone_home-dev/drone-home/ros2_ws/install/custom_messages/include/custom_messages/custom_messages/msg/rosidl_typesupport_introspection_c__visibility_control.h
[1.975s] -- Up-to-date: /workspaces/drone_home-dev/drone-home/ros2_ws/install/custom_messages/lib/libcustom_messages__rosidl_typesupport_introspection_c.so
[1.975s] -- Up-to-date: /workspaces/drone_home-dev/drone-home/ros2_ws/install/custom_messages/lib/libcustom_messages__rosidl_typesupport_c.so
[1.975s] -- Up-to-date: /workspaces/drone_home-dev/drone-home/ros2_ws/install/custom_messages/include/custom_messages/custom_messages
[1.975s] -- Up-to-date: /workspaces/drone_home-dev/drone-home/ros2_ws/install/custom_messages/include/custom_messages/custom_messages/srv
[1.975s] -- Up-to-date: /workspaces/drone_home-dev/drone-home/ros2_ws/install/custom_messages/include/custom_messages/custom_messages/srv/detail
[1.975s] -- Up-to-date: /workspaces/drone_home-dev/drone-home/ros2_ws/install/custom_messages/include/custom_messages/custom_messages/srv/detail/set_mode__type_support.cpp
[1.976s] -- Up-to-date: /workspaces/drone_home-dev/drone-home/ros2_ws/install/custom_messages/include/custom_messages/custom_messages/srv/detail/set_mode__rosidl_typesupport_introspection_cpp.hpp
[1.976s] -- Up-to-date: /workspaces/drone_home-dev/drone-home/ros2_ws/install/custom_messages/include/custom_messages/custom_messages/srv/detail/set_coordinate__type_support.cpp
[1.976s] -- Up-to-date: /workspaces/drone_home-dev/drone-home/ros2_ws/install/custom_messages/include/custom_messages/custom_messages/srv/detail/set_coordinate__rosidl_typesupport_introspection_cpp.hpp
[1.976s] -- Up-to-date: /workspaces/drone_home-dev/drone-home/ros2_ws/install/custom_messages/include/custom_messages/custom_messages/msg
[1.976s] -- Up-to-date: /workspaces/drone_home-dev/drone-home/ros2_ws/install/custom_messages/include/custom_messages/custom_messages/msg/detail
[1.976s] -- Up-to-date: /workspaces/drone_home-dev/drone-home/ros2_ws/install/custom_messages/include/custom_messages/custom_messages/msg/detail/cv__type_support.cpp
[1.976s] -- Up-to-date: /workspaces/drone_home-dev/drone-home/ros2_ws/install/custom_messages/include/custom_messages/custom_messages/msg/detail/servo_command__rosidl_typesupport_introspection_cpp.hpp
[1.976s] -- Up-to-date: /workspaces/drone_home-dev/drone-home/ros2_ws/install/custom_messages/include/custom_messages/custom_messages/msg/detail/cv__rosidl_typesupport_introspection_cpp.hpp
[1.977s] -- Up-to-date: /workspaces/drone_home-dev/drone-home/ros2_ws/install/custom_messages/include/custom_messages/custom_messages/msg/detail/servo_command__type_support.cpp
[1.977s] -- Up-to-date: /workspaces/drone_home-dev/drone-home/ros2_ws/install/custom_messages/lib/libcustom_messages__rosidl_typesupport_introspection_cpp.so
[1.977s] -- Up-to-date: /workspaces/drone_home-dev/drone-home/ros2_ws/install/custom_messages/lib/libcustom_messages__rosidl_typesupport_cpp.so
[1.981s] -- Up-to-date: /workspaces/drone_home-dev/drone-home/ros2_ws/install/custom_messages/share/custom_messages/environment/pythonpath.sh
[1.982s] -- Up-to-date: /workspaces/drone_home-dev/drone-home/ros2_ws/install/custom_messages/share/custom_messages/environment/pythonpath.dsv
[1.982s] -- Up-to-date: /workspaces/drone_home-dev/drone-home/ros2_ws/install/custom_messages/local/lib/python3.10/dist-packages/custom_messages-0.0.0-py3.10.egg-info
[1.982s] -- Installing: /workspaces/drone_home-dev/drone-home/ros2_ws/install/custom_messages/local/lib/python3.10/dist-packages/custom_messages-0.0.0-py3.10.egg-info/top_level.txt
[1.982s] -- Installing: /workspaces/drone_home-dev/drone-home/ros2_ws/install/custom_messages/local/lib/python3.10/dist-packages/custom_messages-0.0.0-py3.10.egg-info/SOURCES.txt
[1.982s] -- Installing: /workspaces/drone_home-dev/drone-home/ros2_ws/install/custom_messages/local/lib/python3.10/dist-packages/custom_messages-0.0.0-py3.10.egg-info/PKG-INFO
[1.982s] -- Installing: /workspaces/drone_home-dev/drone-home/ros2_ws/install/custom_messages/local/lib/python3.10/dist-packages/custom_messages-0.0.0-py3.10.egg-info/dependency_links.txt
[1.982s] -- Up-to-date: /workspaces/drone_home-dev/drone-home/ros2_ws/install/custom_messages/local/lib/python3.10/dist-packages/custom_messages
[1.982s] -- Up-to-date: /workspaces/drone_home-dev/drone-home/ros2_ws/install/custom_messages/local/lib/python3.10/dist-packages/custom_messages/_custom_messages_s.ep.rosidl_typesupport_c.c
[1.983s] -- Up-to-date: /workspaces/drone_home-dev/drone-home/ros2_ws/install/custom_messages/local/lib/python3.10/dist-packages/custom_messages/__init__.py
[1.983s] -- Up-to-date: /workspaces/drone_home-dev/drone-home/ros2_ws/install/custom_messages/local/lib/python3.10/dist-packages/custom_messages/_custom_messages_s.ep.rosidl_typesupport_introspection_c.c
[1.983s] -- Up-to-date: /workspaces/drone_home-dev/drone-home/ros2_ws/install/custom_messages/local/lib/python3.10/dist-packages/custom_messages/_custom_messages_s.ep.rosidl_typesupport_fastrtps_c.c
[1.983s] -- Up-to-date: /workspaces/drone_home-dev/drone-home/ros2_ws/install/custom_messages/local/lib/python3.10/dist-packages/custom_messages/srv
[1.983s] -- Up-to-date: /workspaces/drone_home-dev/drone-home/ros2_ws/install/custom_messages/local/lib/python3.10/dist-packages/custom_messages/srv/__init__.py
[1.983s] -- Up-to-date: /workspaces/drone_home-dev/drone-home/ros2_ws/install/custom_messages/local/lib/python3.10/dist-packages/custom_messages/srv/_set_coordinate_s.c
[1.983s] -- Up-to-date: /workspaces/drone_home-dev/drone-home/ros2_ws/install/custom_messages/local/lib/python3.10/dist-packages/custom_messages/srv/_set_mode_s.c
[1.984s] -- Up-to-date: /workspaces/drone_home-dev/drone-home/ros2_ws/install/custom_messages/local/lib/python3.10/dist-packages/custom_messages/srv/_set_coordinate.py
[1.984s] -- Up-to-date: /workspaces/drone_home-dev/drone-home/ros2_ws/install/custom_messages/local/lib/python3.10/dist-packages/custom_messages/srv/_set_mode.py
[1.984s] -- Up-to-date: /workspaces/drone_home-dev/drone-home/ros2_ws/install/custom_messages/local/lib/python3.10/dist-packages/custom_messages/libcustom_messages__rosidl_generator_py.so
[1.984s] -- Up-to-date: /workspaces/drone_home-dev/drone-home/ros2_ws/install/custom_messages/local/lib/python3.10/dist-packages/custom_messages/custom_messages_s__rosidl_typesupport_fastrtps_c.cpython-310-aarch64-linux-gnu.so
[1.984s] -- Up-to-date: /workspaces/drone_home-dev/drone-home/ros2_ws/install/custom_messages/local/lib/python3.10/dist-packages/custom_messages/msg
[1.984s] -- Up-to-date: /workspaces/drone_home-dev/drone-home/ros2_ws/install/custom_messages/local/lib/python3.10/dist-packages/custom_messages/msg/__init__.py
[1.984s] -- Up-to-date: /workspaces/drone_home-dev/drone-home/ros2_ws/install/custom_messages/local/lib/python3.10/dist-packages/custom_messages/msg/_servo_command.py
[1.984s] -- Up-to-date: /workspaces/drone_home-dev/drone-home/ros2_ws/install/custom_messages/local/lib/python3.10/dist-packages/custom_messages/msg/_cv_s.c
[1.985s] -- Up-to-date: /workspaces/drone_home-dev/drone-home/ros2_ws/install/custom_messages/local/lib/python3.10/dist-packages/custom_messages/msg/_cv.py
[1.985s] -- Up-to-date: /workspaces/drone_home-dev/drone-home/ros2_ws/install/custom_messages/local/lib/python3.10/dist-packages/custom_messages/msg/_servo_command_s.c
[1.985s] -- Up-to-date: /workspaces/drone_home-dev/drone-home/ros2_ws/install/custom_messages/local/lib/python3.10/dist-packages/custom_messages/custom_messages_s__rosidl_typesupport_c.cpython-310-aarch64-linux-gnu.so
[1.985s] -- Up-to-date: /workspaces/drone_home-dev/drone-home/ros2_ws/install/custom_messages/local/lib/python3.10/dist-packages/custom_messages/custom_messages_s__rosidl_typesupport_introspection_c.cpython-310-aarch64-linux-gnu.so
[2.064s] Listing '/workspaces/drone_home-dev/drone-home/ros2_ws/install/custom_messages/local/lib/python3.10/dist-packages/custom_messages'...
[2.065s] Listing '/workspaces/drone_home-dev/drone-home/ros2_ws/install/custom_messages/local/lib/python3.10/dist-packages/custom_messages/msg'...
[2.065s] Listing '/workspaces/drone_home-dev/drone-home/ros2_ws/install/custom_messages/local/lib/python3.10/dist-packages/custom_messages/srv'...
[2.080s] -- Up-to-date: /workspaces/drone_home-dev/drone-home/ros2_ws/install/custom_messages/local/lib/python3.10/dist-packages/custom_messages/custom_messages_s__rosidl_typesupport_fastrtps_c.cpython-310-aarch64-linux-gnu.so
[2.081s] -- Up-to-date: /workspaces/drone_home-dev/drone-home/ros2_ws/install/custom_messages/local/lib/python3.10/dist-packages/custom_messages/custom_messages_s__rosidl_typesupport_introspection_c.cpython-310-aarch64-linux-gnu.so
[2.082s] -- Up-to-date: /workspaces/drone_home-dev/drone-home/ros2_ws/install/custom_messages/local/lib/python3.10/dist-packages/custom_messages/custom_messages_s__rosidl_typesupport_c.cpython-310-aarch64-linux-gnu.so
[2.083s] -- Up-to-date: /workspaces/drone_home-dev/drone-home/ros2_ws/install/custom_messages/lib/libcustom_messages__rosidl_generator_py.so
[2.083s] -- Up-to-date: /workspaces/drone_home-dev/drone-home/ros2_ws/install/custom_messages/share/custom_messages/msg/CV.idl
[2.083s] -- Up-to-date: /workspaces/drone_home-dev/drone-home/ros2_ws/install/custom_messages/share/custom_messages/msg/ServoCommand.idl
[2.084s] -- Up-to-date: /workspaces/drone_home-dev/drone-home/ros2_ws/install/custom_messages/share/custom_messages/srv/SetCoordinate.idl
[2.084s] -- Up-to-date: /workspaces/drone_home-dev/drone-home/ros2_ws/install/custom_messages/share/custom_messages/srv/SetMode.idl
[2.084s] -- Up-to-date: /workspaces/drone_home-dev/drone-home/ros2_ws/install/custom_messages/share/custom_messages/msg/CV.msg
[2.084s] -- Up-to-date: /workspaces/drone_home-dev/drone-home/ros2_ws/install/custom_messages/share/custom_messages/msg/ServoCommand.msg
[2.084s] -- Up-to-date: /workspaces/drone_home-dev/drone-home/ros2_ws/install/custom_messages/share/custom_messages/srv/SetCoordinate.srv
[2.085s] -- Up-to-date: /workspaces/drone_home-dev/drone-home/ros2_ws/install/custom_messages/share/custom_messages/srv/SetCoordinate_Request.msg
[2.085s] -- Up-to-date: /workspaces/drone_home-dev/drone-home/ros2_ws/install/custom_messages/share/custom_messages/srv/SetCoordinate_Response.msg
[2.085s] -- Up-to-date: /workspaces/drone_home-dev/drone-home/ros2_ws/install/custom_messages/share/custom_messages/srv/SetMode.srv
[2.085s] -- Up-to-date: /workspaces/drone_home-dev/drone-home/ros2_ws/install/custom_messages/share/custom_messages/srv/SetMode_Request.msg
[2.085s] -- Up-to-date: /workspaces/drone_home-dev/drone-home/ros2_ws/install/custom_messages/share/custom_messages/srv/SetMode_Response.msg
[2.086s] -- Up-to-date: /workspaces/drone_home-dev/drone-home/ros2_ws/install/custom_messages/share/ament_index/resource_index/package_run_dependencies/custom_messages
[2.086s] -- Up-to-date: /workspaces/drone_home-dev/drone-home/ros2_ws/install/custom_messages/share/ament_index/resource_index/parent_prefix_path/custom_messages
[2.086s] -- Up-to-date: /workspaces/drone_home-dev/drone-home/ros2_ws/install/custom_messages/share/custom_messages/environment/ament_prefix_path.sh
[2.086s] -- Up-to-date: /workspaces/drone_home-dev/drone-home/ros2_ws/install/custom_messages/share/custom_messages/environment/ament_prefix_path.dsv
[2.086s] -- Up-to-date: /workspaces/drone_home-dev/drone-home/ros2_ws/install/custom_messages/share/custom_messages/environment/path.sh
[2.086s] -- Up-to-date: /workspaces/drone_home-dev/drone-home/ros2_ws/install/custom_messages/share/custom_messages/environment/path.dsv
[2.086s] -- Up-to-date: /workspaces/drone_home-dev/drone-home/ros2_ws/install/custom_messages/share/custom_messages/local_setup.bash
[2.087s] -- Up-to-date: /workspaces/drone_home-dev/drone-home/ros2_ws/install/custom_messages/share/custom_messages/local_setup.sh
[2.087s] -- Up-to-date: /workspaces/drone_home-dev/drone-home/ros2_ws/install/custom_messages/share/custom_messages/local_setup.zsh
[2.087s] -- Up-to-date: /workspaces/drone_home-dev/drone-home/ros2_ws/install/custom_messages/share/custom_messages/local_setup.dsv
[2.087s] -- Installing: /workspaces/drone_home-dev/drone-home/ros2_ws/install/custom_messages/share/custom_messages/package.dsv
[2.088s] -- Up-to-date: /workspaces/drone_home-dev/drone-home/ros2_ws/install/custom_messages/share/ament_index/resource_index/packages/custom_messages
[2.089s] -- Up-to-date: /workspaces/drone_home-dev/drone-home/ros2_ws/install/custom_messages/share/custom_messages/cmake/export_custom_messages__rosidl_generator_cExport.cmake
[2.090s] -- Up-to-date: /workspaces/drone_home-dev/drone-home/ros2_ws/install/custom_messages/share/custom_messages/cmake/export_custom_messages__rosidl_generator_cExport-noconfig.cmake
[2.091s] -- Up-to-date: /workspaces/drone_home-dev/drone-home/ros2_ws/install/custom_messages/share/custom_messages/cmake/export_custom_messages__rosidl_typesupport_fastrtps_cExport.cmake
[2.091s] -- Up-to-date: /workspaces/drone_home-dev/drone-home/ros2_ws/install/custom_messages/share/custom_messages/cmake/export_custom_messages__rosidl_typesupport_fastrtps_cExport-noconfig.cmake
[2.092s] -- Up-to-date: /workspaces/drone_home-dev/drone-home/ros2_ws/install/custom_messages/share/custom_messages/cmake/export_custom_messages__rosidl_generator_cppExport.cmake
[2.093s] -- Up-to-date: /workspaces/drone_home-dev/drone-home/ros2_ws/install/custom_messages/share/custom_messages/cmake/export_custom_messages__rosidl_typesupport_fastrtps_cppExport.cmake
[2.094s] -- Up-to-date: /workspaces/drone_home-dev/drone-home/ros2_ws/install/custom_messages/share/custom_messages/cmake/export_custom_messages__rosidl_typesupport_fastrtps_cppExport-noconfig.cmake
[2.095s] -- Up-to-date: /workspaces/drone_home-dev/drone-home/ros2_ws/install/custom_messages/share/custom_messages/cmake/custom_messages__rosidl_typesupport_introspection_cExport.cmake
[2.095s] -- Up-to-date: /workspaces/drone_home-dev/drone-home/ros2_ws/install/custom_messages/share/custom_messages/cmake/custom_messages__rosidl_typesupport_introspection_cExport-noconfig.cmake
[2.096s] -- Up-to-date: /workspaces/drone_home-dev/drone-home/ros2_ws/install/custom_messages/share/custom_messages/cmake/custom_messages__rosidl_typesupport_cExport.cmake
[2.097s] -- Up-to-date: /workspaces/drone_home-dev/drone-home/ros2_ws/install/custom_messages/share/custom_messages/cmake/custom_messages__rosidl_typesupport_cExport-noconfig.cmake
[2.098s] -- Up-to-date: /workspaces/drone_home-dev/drone-home/ros2_ws/install/custom_messages/share/custom_messages/cmake/custom_messages__rosidl_typesupport_introspection_cppExport.cmake
[2.098s] -- Up-to-date: /workspaces/drone_home-dev/drone-home/ros2_ws/install/custom_messages/share/custom_messages/cmake/custom_messages__rosidl_typesupport_introspection_cppExport-noconfig.cmake
[2.099s] -- Up-to-date: /workspaces/drone_home-dev/drone-home/ros2_ws/install/custom_messages/share/custom_messages/cmake/custom_messages__rosidl_typesupport_cppExport.cmake
[2.100s] -- Up-to-date: /workspaces/drone_home-dev/drone-home/ros2_ws/install/custom_messages/share/custom_messages/cmake/custom_messages__rosidl_typesupport_cppExport-noconfig.cmake
[2.101s] -- Up-to-date: /workspaces/drone_home-dev/drone-home/ros2_ws/install/custom_messages/share/custom_messages/cmake/export_custom_messages__rosidl_generator_pyExport.cmake
[2.105s] -- Up-to-date: /workspaces/drone_home-dev/drone-home/ros2_ws/install/custom_messages/share/custom_messages/cmake/export_custom_messages__rosidl_generator_pyExport-noconfig.cmake
[2.106s] -- Up-to-date: /workspaces/drone_home-dev/drone-home/ros2_ws/install/custom_messages/share/custom_messages/cmake/rosidl_cmake-extras.cmake
[2.106s] -- Up-to-date: /workspaces/drone_home-dev/drone-home/ros2_ws/install/custom_messages/share/custom_messages/cmake/ament_cmake_export_dependencies-extras.cmake
[2.106s] -- Up-to-date: /workspaces/drone_home-dev/drone-home/ros2_ws/install/custom_messages/share/custom_messages/cmake/ament_cmake_export_include_directories-extras.cmake
[2.106s] -- Up-to-date: /workspaces/drone_home-dev/drone-home/ros2_ws/install/custom_messages/share/custom_messages/cmake/ament_cmake_export_libraries-extras.cmake
[2.107s] -- Up-to-date: /workspaces/drone_home-dev/drone-home/ros2_ws/install/custom_messages/share/custom_messages/cmake/ament_cmake_export_targets-extras.cmake
[2.107s] -- Up-to-date: /workspaces/drone_home-dev/drone-home/ros2_ws/install/custom_messages/share/custom_messages/cmake/rosidl_cmake_export_typesupport_targets-extras.cmake
[2.107s] -- Up-to-date: /workspaces/drone_home-dev/drone-home/ros2_ws/install/custom_messages/share/custom_messages/cmake/rosidl_cmake_export_typesupport_libraries-extras.cmake
[2.107s] -- Up-to-date: /workspaces/drone_home-dev/drone-home/ros2_ws/install/custom_messages/share/custom_messages/cmake/custom_messagesConfig.cmake
[2.107s] -- Up-to-date: /workspaces/drone_home-dev/drone-home/ros2_ws/install/custom_messages/share/custom_messages/cmake/custom_messagesConfig-version.cmake
[2.107s] -- Up-to-date: /workspaces/drone_home-dev/drone-home/ros2_ws/install/custom_messages/share/custom_messages/package.xml
[2.114s] Invoked command in '/workspaces/drone_home-dev/drone-home/ros2_ws/build/custom_messages' returned '0': CMAKE_PREFIX_PATH=${CMAKE_PREFIX_PATH}:/workspaces/drone_home-dev/drone-home/ros2_ws/install/drone_home:/opt/ros/humble /usr/local/bin/cmake --install /workspaces/drone_home-dev/drone-home/ros2_ws/build/custom_messages
