[1.829s] Invoking command in '/home/pi/drone-home/ros2_ws/src/drone_home': DEBUGINFOD_URLS=https://debuginfod.ubuntu.com PYTHONPATH=/home/pi/drone-home/ros2_ws/build/drone_home/prefix_override:/usr/lib/python3/dist-packages/colcon_core/task/python/colcon_distutils_commands:/home/pi/drone-home/ros2_ws/install/drone_home/lib/python3.12/site-packages:${PYTHONPATH} /usr/bin/python3 -W ignore:setup.py install is deprecated setup.py egg_info --egg-base ../../build/drone_home build --build-base /home/pi/drone-home/ros2_ws/build/drone_home/build install --record /home/pi/drone-home/ros2_ws/build/drone_home/install.log --single-version-externally-managed install_data
[2.205s] running egg_info
[2.232s] writing ../../build/drone_home/drone_home.egg-info/PKG-INFO
[2.232s] writing dependency_links to ../../build/drone_home/drone_home.egg-info/dependency_links.txt
[2.236s] writing entry points to ../../build/drone_home/drone_home.egg-info/entry_points.txt
[2.240s] writing requirements to ../../build/drone_home/drone_home.egg-info/requires.txt
[2.242s] writing top-level names to ../../build/drone_home/drone_home.egg-info/top_level.txt
[2.304s] reading manifest file '../../build/drone_home/drone_home.egg-info/SOURCES.txt'
[2.305s] writing manifest file '../../build/drone_home/drone_home.egg-info/SOURCES.txt'
[2.313s] running build
[2.314s] running build_py
[2.314s] running install
[2.325s] running install_lib
[2.354s] running install_data
[2.354s] running install_egg_info
[2.383s] removing '/home/pi/drone-home/ros2_ws/install/drone_home/lib/python3.12/site-packages/drone_home-0.0.0-py3.12.egg-info' (and everything under it)
[2.384s] Copying ../../build/drone_home/drone_home.egg-info to /home/pi/drone-home/ros2_ws/install/drone_home/lib/python3.12/site-packages/drone_home-0.0.0-py3.12.egg-info
[2.385s] running install_scripts
[2.573s] Installing controller script to /home/pi/drone-home/ros2_ws/install/drone_home/lib/drone_home
[2.573s] Installing drive_hardware script to /home/pi/drone-home/ros2_ws/install/drone_home/lib/drone_home
[2.576s] Installing drive_publisher script to /home/pi/drone-home/ros2_ws/install/drone_home/lib/drone_home
[2.580s] Installing imu_publisher script to /home/pi/drone-home/ros2_ws/install/drone_home/lib/drone_home
[2.583s] writing list of installed files to '/home/pi/drone-home/ros2_ws/build/drone_home/install.log'
[2.670s] Invoked command in '/home/pi/drone-home/ros2_ws/src/drone_home' returned '0': DEBUGINFOD_URLS=https://debuginfod.ubuntu.com PYTHONPATH=/home/pi/drone-home/ros2_ws/build/drone_home/prefix_override:/usr/lib/python3/dist-packages/colcon_core/task/python/colcon_distutils_commands:/home/pi/drone-home/ros2_ws/install/drone_home/lib/python3.12/site-packages:${PYTHONPATH} /usr/bin/python3 -W ignore:setup.py install is deprecated setup.py egg_info --egg-base ../../build/drone_home build --build-base /home/pi/drone-home/ros2_ws/build/drone_home/build install --record /home/pi/drone-home/ros2_ws/build/drone_home/install.log --single-version-externally-managed install_data
