[1.869s] Invoking command in '/home/pi/drone-home/ros2_ws/src/drone_home': DEBUGINFOD_URLS=https://debuginfod.ubuntu.com PYTHONPATH=/home/pi/drone-home/ros2_ws/build/drone_home/prefix_override:/usr/lib/python3/dist-packages/colcon_core/task/python/colcon_distutils_commands:/home/pi/drone-home/ros2_ws/install/drone_home/lib/python3.12/site-packages:${PYTHONPATH} /usr/bin/python3 -W ignore:setup.py install is deprecated setup.py egg_info --egg-base ../../build/drone_home build --build-base /home/pi/drone-home/ros2_ws/build/drone_home/build install --record /home/pi/drone-home/ros2_ws/build/drone_home/install.log --single-version-externally-managed install_data
[2.251s] running egg_info
[2.283s] writing ../../build/drone_home/drone_home.egg-info/PKG-INFO
[2.284s] writing dependency_links to ../../build/drone_home/drone_home.egg-info/dependency_links.txt
[2.286s] writing entry points to ../../build/drone_home/drone_home.egg-info/entry_points.txt
[2.290s] writing requirements to ../../build/drone_home/drone_home.egg-info/requires.txt
[2.291s] writing top-level names to ../../build/drone_home/drone_home.egg-info/top_level.txt
[2.354s] reading manifest file '../../build/drone_home/drone_home.egg-info/SOURCES.txt'
[2.355s] writing manifest file '../../build/drone_home/drone_home.egg-info/SOURCES.txt'
[2.356s] running build
[2.356s] running build_py
[2.356s] running install
[2.366s] running install_lib
[2.394s] running install_data
[2.394s] running install_egg_info
[2.423s] removing '/home/pi/drone-home/ros2_ws/install/drone_home/lib/python3.12/site-packages/drone_home-0.0.0-py3.12.egg-info' (and everything under it)
[2.423s] Copying ../../build/drone_home/drone_home.egg-info to /home/pi/drone-home/ros2_ws/install/drone_home/lib/python3.12/site-packages/drone_home-0.0.0-py3.12.egg-info
[2.427s] running install_scripts
[2.616s] Installing controller script to /home/pi/drone-home/ros2_ws/install/drone_home/lib/drone_home
[2.616s] Installing drive_hardware script to /home/pi/drone-home/ros2_ws/install/drone_home/lib/drone_home
[2.661s] Installing drive_publisher script to /home/pi/drone-home/ros2_ws/install/drone_home/lib/drone_home
[2.664s] Installing imu_publisher script to /home/pi/drone-home/ros2_ws/install/drone_home/lib/drone_home
[2.667s] writing list of installed files to '/home/pi/drone-home/ros2_ws/build/drone_home/install.log'
[2.753s] Invoked command in '/home/pi/drone-home/ros2_ws/src/drone_home' returned '0': DEBUGINFOD_URLS=https://debuginfod.ubuntu.com PYTHONPATH=/home/pi/drone-home/ros2_ws/build/drone_home/prefix_override:/usr/lib/python3/dist-packages/colcon_core/task/python/colcon_distutils_commands:/home/pi/drone-home/ros2_ws/install/drone_home/lib/python3.12/site-packages:${PYTHONPATH} /usr/bin/python3 -W ignore:setup.py install is deprecated setup.py egg_info --egg-base ../../build/drone_home build --build-base /home/pi/drone-home/ros2_ws/build/drone_home/build install --record /home/pi/drone-home/ros2_ws/build/drone_home/install.log --single-version-externally-managed install_data
