[0.056s] Invoking command in '/workspaces/drone_home-dev/drone-home/ros2_ws/build/custom_messages': CMAKE_PREFIX_PATH=${CMAKE_PREFIX_PATH}:/workspaces/drone_home-dev/drone-home/ros2_ws/install/drone_home:/opt/ros/humble /usr/local/bin/cmake --build /workspaces/drone_home-dev/drone-home/ros2_ws/build/custom_messages -- -j6 -l6
[0.265s] [  3%] Built target custom_messages__cpp
[0.272s] [ 12%] Built target custom_messages__rosidl_generator_c
[0.288s] [ 12%] Built target ament_cmake_python_copy_custom_messages
[0.305s] [ 22%] Built target custom_messages__rosidl_typesupport_cpp
[0.317s] [ 35%] Built target custom_messages__rosidl_typesupport_fastrtps_cpp
[0.320s] [ 41%] Built target custom_messages__rosidl_typesupport_introspection_cpp
[0.327s] [ 51%] Built target custom_messages__rosidl_typesupport_introspection_c
[0.332s] [ 61%] Built target custom_messages__rosidl_typesupport_fastrtps_c
[0.342s] [ 70%] Built target custom_messages__rosidl_typesupport_c
[0.367s] [ 70%] Built target custom_messages
[0.391s] [ 74%] Built target custom_messages__py
[0.418s] [ 80%] Built target custom_messages__rosidl_generator_py
[0.456s] [ 87%] Built target custom_messages__rosidl_typesupport_fastrtps_c__pyext
[0.464s] [ 96%] Built target custom_messages__rosidl_typesupport_c__pyext
[0.465s] [100%] Built target custom_messages__rosidl_typesupport_introspection_c__pyext
[0.921s] running egg_info
[0.965s] writing custom_messages.egg-info/PKG-INFO
[0.967s] writing dependency_links to custom_messages.egg-info/dependency_links.txt
[0.967s] writing top-level names to custom_messages.egg-info/top_level.txt
[1.092s] reading manifest file 'custom_messages.egg-info/SOURCES.txt'
[1.095s] writing manifest file 'custom_messages.egg-info/SOURCES.txt'
[1.177s] [100%] Built target ament_cmake_python_build_custom_messages_egg
[1.196s] Invoked command in '/workspaces/drone_home-dev/drone-home/ros2_ws/build/custom_messages' returned '0': CMAKE_PREFIX_PATH=${CMAKE_PREFIX_PATH}:/workspaces/drone_home-dev/drone-home/ros2_ws/install/drone_home:/opt/ros/humble /usr/local/bin/cmake --build /workspaces/drone_home-dev/drone-home/ros2_ws/build/custom_messages -- -j6 -l6
[1.367s] Invoking command in '/workspaces/drone_home-dev/drone-home/ros2_ws/build/custom_messages': CMAKE_PREFIX_PATH=${CMAKE_PREFIX_PATH}:/workspaces/drone_home-dev/drone-home/ros2_ws/install/drone_home:/opt/ros/humble /usr/local/bin/cmake --install /workspaces/drone_home-dev/drone-home/ros2_ws/build/custom_messages
[1.533s] -- Install configuration: ""
[1.534s] -- Up-to-date: /workspaces/drone_home-dev/drone-home/ros2_ws/install/custom_messages/share/ament_index/resource_index/rosidl_interfaces/custom_messages
[1.535s] -- Up-to-date: /workspaces/drone_home-dev/drone-home/ros2_ws/install/custom_messages/include/custom_messages/custom_messages
[1.535s] -- Up-to-date: /workspaces/drone_home-dev/drone-home/ros2_ws/install/custom_messages/include/custom_messages/custom_messages/msg
[1.535s] -- Up-to-date: /workspaces/drone_home-dev/drone-home/ros2_ws/install/custom_messages/include/custom_messages/custom_messages/msg/cv.h
[1.535s] -- Up-to-date: /workspaces/drone_home-dev/drone-home/ros2_ws/install/custom_messages/include/custom_messages/custom_messages/msg/detail
[1.535s] -- Up-to-date: /workspaces/drone_home-dev/drone-home/ros2_ws/install/custom_messages/include/custom_messages/custom_messages/msg/detail/cv__type_support.h
[1.536s] -- Up-to-date: /workspaces/drone_home-dev/drone-home/ros2_ws/install/custom_messages/include/custom_messages/custom_messages/msg/detail/cv__struct.h
[1.536s] -- Up-to-date: /workspaces/drone_home-dev/drone-home/ros2_ws/install/custom_messages/include/custom_messages/custom_messages/msg/detail/cv__functions.c
[1.536s] -- Up-to-date: /workspaces/drone_home-dev/drone-home/ros2_ws/install/custom_messages/include/custom_messages/custom_messages/msg/detail/cv__functions.h
[1.536s] -- Up-to-date: /workspaces/drone_home-dev/drone-home/ros2_ws/install/custom_messages/include/custom_messages/custom_messages/msg/rosidl_generator_c__visibility_control.h
[1.536s] -- Up-to-date: /workspaces/drone_home-dev/drone-home/ros2_ws/install/custom_messages/share/custom_messages/environment/library_path.sh
[1.536s] -- Up-to-date: /workspaces/drone_home-dev/drone-home/ros2_ws/install/custom_messages/share/custom_messages/environment/library_path.dsv
[1.537s] -- Up-to-date: /workspaces/drone_home-dev/drone-home/ros2_ws/install/custom_messages/lib/libcustom_messages__rosidl_generator_c.so
[1.537s] -- Up-to-date: /workspaces/drone_home-dev/drone-home/ros2_ws/install/custom_messages/include/custom_messages/custom_messages
[1.537s] -- Up-to-date: /workspaces/drone_home-dev/drone-home/ros2_ws/install/custom_messages/include/custom_messages/custom_messages/msg
[1.537s] -- Up-to-date: /workspaces/drone_home-dev/drone-home/ros2_ws/install/custom_messages/include/custom_messages/custom_messages/msg/detail
[1.537s] -- Up-to-date: /workspaces/drone_home-dev/drone-home/ros2_ws/install/custom_messages/include/custom_messages/custom_messages/msg/detail/cv__rosidl_typesupport_fastrtps_c.h
[1.537s] -- Up-to-date: /workspaces/drone_home-dev/drone-home/ros2_ws/install/custom_messages/include/custom_messages/custom_messages/msg/rosidl_typesupport_fastrtps_c__visibility_control.h
[1.538s] -- Up-to-date: /workspaces/drone_home-dev/drone-home/ros2_ws/install/custom_messages/lib/libcustom_messages__rosidl_typesupport_fastrtps_c.so
[1.538s] -- Up-to-date: /workspaces/drone_home-dev/drone-home/ros2_ws/install/custom_messages/include/custom_messages/custom_messages
[1.538s] -- Up-to-date: /workspaces/drone_home-dev/drone-home/ros2_ws/install/custom_messages/include/custom_messages/custom_messages/msg
[1.538s] -- Up-to-date: /workspaces/drone_home-dev/drone-home/ros2_ws/install/custom_messages/include/custom_messages/custom_messages/msg/detail
[1.538s] -- Up-to-date: /workspaces/drone_home-dev/drone-home/ros2_ws/install/custom_messages/include/custom_messages/custom_messages/msg/detail/cv__rosidl_typesupport_introspection_c.h
[1.538s] -- Up-to-date: /workspaces/drone_home-dev/drone-home/ros2_ws/install/custom_messages/include/custom_messages/custom_messages/msg/detail/cv__type_support.c
[1.538s] -- Up-to-date: /workspaces/drone_home-dev/drone-home/ros2_ws/install/custom_messages/include/custom_messages/custom_messages/msg/rosidl_typesupport_introspection_c__visibility_control.h
[1.539s] -- Up-to-date: /workspaces/drone_home-dev/drone-home/ros2_ws/install/custom_messages/lib/libcustom_messages__rosidl_typesupport_introspection_c.so
[1.539s] -- Up-to-date: /workspaces/drone_home-dev/drone-home/ros2_ws/install/custom_messages/lib/libcustom_messages__rosidl_typesupport_c.so
[1.539s] -- Up-to-date: /workspaces/drone_home-dev/drone-home/ros2_ws/install/custom_messages/include/custom_messages/custom_messages
[1.539s] -- Up-to-date: /workspaces/drone_home-dev/drone-home/ros2_ws/install/custom_messages/include/custom_messages/custom_messages/msg
[1.539s] -- Up-to-date: /workspaces/drone_home-dev/drone-home/ros2_ws/install/custom_messages/include/custom_messages/custom_messages/msg/detail
[1.539s] -- Up-to-date: /workspaces/drone_home-dev/drone-home/ros2_ws/install/custom_messages/include/custom_messages/custom_messages/msg/detail/cv__traits.hpp
[1.540s] -- Up-to-date: /workspaces/drone_home-dev/drone-home/ros2_ws/install/custom_messages/include/custom_messages/custom_messages/msg/detail/cv__struct.hpp
[1.540s] -- Up-to-date: /workspaces/drone_home-dev/drone-home/ros2_ws/install/custom_messages/include/custom_messages/custom_messages/msg/detail/cv__builder.hpp
[1.540s] -- Up-to-date: /workspaces/drone_home-dev/drone-home/ros2_ws/install/custom_messages/include/custom_messages/custom_messages/msg/detail/cv__type_support.hpp
[1.540s] -- Up-to-date: /workspaces/drone_home-dev/drone-home/ros2_ws/install/custom_messages/include/custom_messages/custom_messages/msg/cv.hpp
[1.540s] -- Up-to-date: /workspaces/drone_home-dev/drone-home/ros2_ws/install/custom_messages/include/custom_messages/custom_messages/msg/rosidl_generator_cpp__visibility_control.hpp
[1.540s] -- Up-to-date: /workspaces/drone_home-dev/drone-home/ros2_ws/install/custom_messages/include/custom_messages/custom_messages
[1.541s] -- Up-to-date: /workspaces/drone_home-dev/drone-home/ros2_ws/install/custom_messages/include/custom_messages/custom_messages/msg
[1.541s] -- Up-to-date: /workspaces/drone_home-dev/drone-home/ros2_ws/install/custom_messages/include/custom_messages/custom_messages/msg/detail
[1.541s] -- Up-to-date: /workspaces/drone_home-dev/drone-home/ros2_ws/install/custom_messages/include/custom_messages/custom_messages/msg/detail/dds_fastrtps
[1.541s] -- Up-to-date: /workspaces/drone_home-dev/drone-home/ros2_ws/install/custom_messages/include/custom_messages/custom_messages/msg/detail/cv__rosidl_typesupport_fastrtps_cpp.hpp
[1.541s] -- Up-to-date: /workspaces/drone_home-dev/drone-home/ros2_ws/install/custom_messages/include/custom_messages/custom_messages/msg/rosidl_typesupport_fastrtps_cpp__visibility_control.h
[1.541s] -- Up-to-date: /workspaces/drone_home-dev/drone-home/ros2_ws/install/custom_messages/lib/libcustom_messages__rosidl_typesupport_fastrtps_cpp.so
[1.541s] -- Up-to-date: /workspaces/drone_home-dev/drone-home/ros2_ws/install/custom_messages/include/custom_messages/custom_messages
[1.542s] -- Up-to-date: /workspaces/drone_home-dev/drone-home/ros2_ws/install/custom_messages/include/custom_messages/custom_messages/msg
[1.542s] -- Up-to-date: /workspaces/drone_home-dev/drone-home/ros2_ws/install/custom_messages/include/custom_messages/custom_messages/msg/detail
[1.543s] -- Up-to-date: /workspaces/drone_home-dev/drone-home/ros2_ws/install/custom_messages/include/custom_messages/custom_messages/msg/detail/cv__type_support.cpp
[1.543s] -- Up-to-date: /workspaces/drone_home-dev/drone-home/ros2_ws/install/custom_messages/include/custom_messages/custom_messages/msg/detail/cv__rosidl_typesupport_introspection_cpp.hpp
[1.543s] -- Up-to-date: /workspaces/drone_home-dev/drone-home/ros2_ws/install/custom_messages/lib/libcustom_messages__rosidl_typesupport_introspection_cpp.so
[1.543s] -- Up-to-date: /workspaces/drone_home-dev/drone-home/ros2_ws/install/custom_messages/lib/libcustom_messages__rosidl_typesupport_cpp.so
[1.543s] -- Up-to-date: /workspaces/drone_home-dev/drone-home/ros2_ws/install/custom_messages/share/custom_messages/environment/pythonpath.sh
[1.543s] -- Up-to-date: /workspaces/drone_home-dev/drone-home/ros2_ws/install/custom_messages/share/custom_messages/environment/pythonpath.dsv
[1.543s] -- Up-to-date: /workspaces/drone_home-dev/drone-home/ros2_ws/install/custom_messages/local/lib/python3.10/dist-packages/custom_messages-0.0.0-py3.10.egg-info
[1.543s] -- Installing: /workspaces/drone_home-dev/drone-home/ros2_ws/install/custom_messages/local/lib/python3.10/dist-packages/custom_messages-0.0.0-py3.10.egg-info/top_level.txt
[1.544s] -- Installing: /workspaces/drone_home-dev/drone-home/ros2_ws/install/custom_messages/local/lib/python3.10/dist-packages/custom_messages-0.0.0-py3.10.egg-info/SOURCES.txt
[1.544s] -- Installing: /workspaces/drone_home-dev/drone-home/ros2_ws/install/custom_messages/local/lib/python3.10/dist-packages/custom_messages-0.0.0-py3.10.egg-info/PKG-INFO
[1.544s] -- Installing: /workspaces/drone_home-dev/drone-home/ros2_ws/install/custom_messages/local/lib/python3.10/dist-packages/custom_messages-0.0.0-py3.10.egg-info/dependency_links.txt
[1.544s] -- Up-to-date: /workspaces/drone_home-dev/drone-home/ros2_ws/install/custom_messages/local/lib/python3.10/dist-packages/custom_messages
[1.544s] -- Up-to-date: /workspaces/drone_home-dev/drone-home/ros2_ws/install/custom_messages/local/lib/python3.10/dist-packages/custom_messages/_custom_messages_s.ep.rosidl_typesupport_c.c
[1.544s] -- Up-to-date: /workspaces/drone_home-dev/drone-home/ros2_ws/install/custom_messages/local/lib/python3.10/dist-packages/custom_messages/__init__.py
[1.544s] -- Up-to-date: /workspaces/drone_home-dev/drone-home/ros2_ws/install/custom_messages/local/lib/python3.10/dist-packages/custom_messages/_custom_messages_s.ep.rosidl_typesupport_introspection_c.c
[1.545s] -- Up-to-date: /workspaces/drone_home-dev/drone-home/ros2_ws/install/custom_messages/local/lib/python3.10/dist-packages/custom_messages/_custom_messages_s.ep.rosidl_typesupport_fastrtps_c.c
[1.545s] -- Up-to-date: /workspaces/drone_home-dev/drone-home/ros2_ws/install/custom_messages/local/lib/python3.10/dist-packages/custom_messages/libcustom_messages__rosidl_generator_py.so
[1.545s] -- Up-to-date: /workspaces/drone_home-dev/drone-home/ros2_ws/install/custom_messages/local/lib/python3.10/dist-packages/custom_messages/custom_messages_s__rosidl_typesupport_fastrtps_c.cpython-310-aarch64-linux-gnu.so
[1.545s] -- Up-to-date: /workspaces/drone_home-dev/drone-home/ros2_ws/install/custom_messages/local/lib/python3.10/dist-packages/custom_messages/msg
[1.545s] -- Up-to-date: /workspaces/drone_home-dev/drone-home/ros2_ws/install/custom_messages/local/lib/python3.10/dist-packages/custom_messages/msg/__init__.py
[1.545s] -- Up-to-date: /workspaces/drone_home-dev/drone-home/ros2_ws/install/custom_messages/local/lib/python3.10/dist-packages/custom_messages/msg/_cv_s.c
[1.545s] -- Up-to-date: /workspaces/drone_home-dev/drone-home/ros2_ws/install/custom_messages/local/lib/python3.10/dist-packages/custom_messages/msg/_cv.py
[1.545s] -- Up-to-date: /workspaces/drone_home-dev/drone-home/ros2_ws/install/custom_messages/local/lib/python3.10/dist-packages/custom_messages/custom_messages_s__rosidl_typesupport_c.cpython-310-aarch64-linux-gnu.so
[1.545s] -- Up-to-date: /workspaces/drone_home-dev/drone-home/ros2_ws/install/custom_messages/local/lib/python3.10/dist-packages/custom_messages/custom_messages_s__rosidl_typesupport_introspection_c.cpython-310-aarch64-linux-gnu.so
[1.613s] Listing '/workspaces/drone_home-dev/drone-home/ros2_ws/install/custom_messages/local/lib/python3.10/dist-packages/custom_messages'...
[1.613s] Listing '/workspaces/drone_home-dev/drone-home/ros2_ws/install/custom_messages/local/lib/python3.10/dist-packages/custom_messages/msg'...
[1.627s] -- Up-to-date: /workspaces/drone_home-dev/drone-home/ros2_ws/install/custom_messages/local/lib/python3.10/dist-packages/custom_messages/custom_messages_s__rosidl_typesupport_fastrtps_c.cpython-310-aarch64-linux-gnu.so
[1.628s] -- Up-to-date: /workspaces/drone_home-dev/drone-home/ros2_ws/install/custom_messages/local/lib/python3.10/dist-packages/custom_messages/custom_messages_s__rosidl_typesupport_introspection_c.cpython-310-aarch64-linux-gnu.so
[1.628s] -- Up-to-date: /workspaces/drone_home-dev/drone-home/ros2_ws/install/custom_messages/local/lib/python3.10/dist-packages/custom_messages/custom_messages_s__rosidl_typesupport_c.cpython-310-aarch64-linux-gnu.so
[1.628s] -- Up-to-date: /workspaces/drone_home-dev/drone-home/ros2_ws/install/custom_messages/lib/libcustom_messages__rosidl_generator_py.so
[1.629s] -- Up-to-date: /workspaces/drone_home-dev/drone-home/ros2_ws/install/custom_messages/share/custom_messages/msg/CV.idl
[1.629s] -- Up-to-date: /workspaces/drone_home-dev/drone-home/ros2_ws/install/custom_messages/share/custom_messages/msg/CV.msg
[1.629s] -- Up-to-date: /workspaces/drone_home-dev/drone-home/ros2_ws/install/custom_messages/share/ament_index/resource_index/package_run_dependencies/custom_messages
[1.629s] -- Up-to-date: /workspaces/drone_home-dev/drone-home/ros2_ws/install/custom_messages/share/ament_index/resource_index/parent_prefix_path/custom_messages
[1.630s] -- Up-to-date: /workspaces/drone_home-dev/drone-home/ros2_ws/install/custom_messages/share/custom_messages/environment/ament_prefix_path.sh
[1.630s] -- Up-to-date: /workspaces/drone_home-dev/drone-home/ros2_ws/install/custom_messages/share/custom_messages/environment/ament_prefix_path.dsv
[1.630s] -- Up-to-date: /workspaces/drone_home-dev/drone-home/ros2_ws/install/custom_messages/share/custom_messages/environment/path.sh
[1.630s] -- Up-to-date: /workspaces/drone_home-dev/drone-home/ros2_ws/install/custom_messages/share/custom_messages/environment/path.dsv
[1.630s] -- Up-to-date: /workspaces/drone_home-dev/drone-home/ros2_ws/install/custom_messages/share/custom_messages/local_setup.bash
[1.631s] -- Up-to-date: /workspaces/drone_home-dev/drone-home/ros2_ws/install/custom_messages/share/custom_messages/local_setup.sh
[1.631s] -- Up-to-date: /workspaces/drone_home-dev/drone-home/ros2_ws/install/custom_messages/share/custom_messages/local_setup.zsh
[1.631s] -- Up-to-date: /workspaces/drone_home-dev/drone-home/ros2_ws/install/custom_messages/share/custom_messages/local_setup.dsv
[1.631s] -- Installing: /workspaces/drone_home-dev/drone-home/ros2_ws/install/custom_messages/share/custom_messages/package.dsv
[1.633s] -- Up-to-date: /workspaces/drone_home-dev/drone-home/ros2_ws/install/custom_messages/share/ament_index/resource_index/packages/custom_messages
[1.634s] -- Up-to-date: /workspaces/drone_home-dev/drone-home/ros2_ws/install/custom_messages/share/custom_messages/cmake/export_custom_messages__rosidl_generator_cExport.cmake
[1.634s] -- Up-to-date: /workspaces/drone_home-dev/drone-home/ros2_ws/install/custom_messages/share/custom_messages/cmake/export_custom_messages__rosidl_generator_cExport-noconfig.cmake
[1.635s] -- Up-to-date: /workspaces/drone_home-dev/drone-home/ros2_ws/install/custom_messages/share/custom_messages/cmake/export_custom_messages__rosidl_typesupport_fastrtps_cExport.cmake
[1.636s] -- Up-to-date: /workspaces/drone_home-dev/drone-home/ros2_ws/install/custom_messages/share/custom_messages/cmake/export_custom_messages__rosidl_typesupport_fastrtps_cExport-noconfig.cmake
[1.636s] -- Up-to-date: /workspaces/drone_home-dev/drone-home/ros2_ws/install/custom_messages/share/custom_messages/cmake/custom_messages__rosidl_typesupport_introspection_cExport.cmake
[1.636s] -- Up-to-date: /workspaces/drone_home-dev/drone-home/ros2_ws/install/custom_messages/share/custom_messages/cmake/custom_messages__rosidl_typesupport_introspection_cExport-noconfig.cmake
[1.636s] -- Up-to-date: /workspaces/drone_home-dev/drone-home/ros2_ws/install/custom_messages/share/custom_messages/cmake/custom_messages__rosidl_typesupport_cExport.cmake
[1.637s] -- Up-to-date: /workspaces/drone_home-dev/drone-home/ros2_ws/install/custom_messages/share/custom_messages/cmake/custom_messages__rosidl_typesupport_cExport-noconfig.cmake
[1.640s] -- Up-to-date: /workspaces/drone_home-dev/drone-home/ros2_ws/install/custom_messages/share/custom_messages/cmake/export_custom_messages__rosidl_generator_cppExport.cmake
[1.640s] -- Up-to-date: /workspaces/drone_home-dev/drone-home/ros2_ws/install/custom_messages/share/custom_messages/cmake/export_custom_messages__rosidl_typesupport_fastrtps_cppExport.cmake
[1.640s] -- Up-to-date: /workspaces/drone_home-dev/drone-home/ros2_ws/install/custom_messages/share/custom_messages/cmake/export_custom_messages__rosidl_typesupport_fastrtps_cppExport-noconfig.cmake
[1.640s] -- Up-to-date: /workspaces/drone_home-dev/drone-home/ros2_ws/install/custom_messages/share/custom_messages/cmake/custom_messages__rosidl_typesupport_introspection_cppExport.cmake
[1.641s] -- Up-to-date: /workspaces/drone_home-dev/drone-home/ros2_ws/install/custom_messages/share/custom_messages/cmake/custom_messages__rosidl_typesupport_introspection_cppExport-noconfig.cmake
[1.641s] -- Up-to-date: /workspaces/drone_home-dev/drone-home/ros2_ws/install/custom_messages/share/custom_messages/cmake/custom_messages__rosidl_typesupport_cppExport.cmake
[1.642s] -- Up-to-date: /workspaces/drone_home-dev/drone-home/ros2_ws/install/custom_messages/share/custom_messages/cmake/custom_messages__rosidl_typesupport_cppExport-noconfig.cmake
[1.642s] -- Up-to-date: /workspaces/drone_home-dev/drone-home/ros2_ws/install/custom_messages/share/custom_messages/cmake/export_custom_messages__rosidl_generator_pyExport.cmake
[1.642s] -- Up-to-date: /workspaces/drone_home-dev/drone-home/ros2_ws/install/custom_messages/share/custom_messages/cmake/export_custom_messages__rosidl_generator_pyExport-noconfig.cmake
[1.642s] -- Up-to-date: /workspaces/drone_home-dev/drone-home/ros2_ws/install/custom_messages/share/custom_messages/cmake/rosidl_cmake-extras.cmake
[1.643s] -- Up-to-date: /workspaces/drone_home-dev/drone-home/ros2_ws/install/custom_messages/share/custom_messages/cmake/ament_cmake_export_include_directories-extras.cmake
[1.643s] -- Up-to-date: /workspaces/drone_home-dev/drone-home/ros2_ws/install/custom_messages/share/custom_messages/cmake/ament_cmake_export_libraries-extras.cmake
[1.643s] -- Up-to-date: /workspaces/drone_home-dev/drone-home/ros2_ws/install/custom_messages/share/custom_messages/cmake/ament_cmake_export_targets-extras.cmake
[1.643s] -- Up-to-date: /workspaces/drone_home-dev/drone-home/ros2_ws/install/custom_messages/share/custom_messages/cmake/rosidl_cmake_export_typesupport_targets-extras.cmake
[1.643s] -- Up-to-date: /workspaces/drone_home-dev/drone-home/ros2_ws/install/custom_messages/share/custom_messages/cmake/ament_cmake_export_dependencies-extras.cmake
[1.643s] -- Up-to-date: /workspaces/drone_home-dev/drone-home/ros2_ws/install/custom_messages/share/custom_messages/cmake/rosidl_cmake_export_typesupport_libraries-extras.cmake
[1.644s] -- Up-to-date: /workspaces/drone_home-dev/drone-home/ros2_ws/install/custom_messages/share/custom_messages/cmake/custom_messagesConfig.cmake
[1.644s] -- Up-to-date: /workspaces/drone_home-dev/drone-home/ros2_ws/install/custom_messages/share/custom_messages/cmake/custom_messagesConfig-version.cmake
[1.644s] -- Up-to-date: /workspaces/drone_home-dev/drone-home/ros2_ws/install/custom_messages/share/custom_messages/package.xml
[1.647s] Invoked command in '/workspaces/drone_home-dev/drone-home/ros2_ws/build/custom_messages' returned '0': CMAKE_PREFIX_PATH=${CMAKE_PREFIX_PATH}:/workspaces/drone_home-dev/drone-home/ros2_ws/install/drone_home:/opt/ros/humble /usr/local/bin/cmake --install /workspaces/drone_home-dev/drone-home/ros2_ws/build/custom_messages
