[1.476s] Invoking command in '/home/pi/drone-home/ros2_ws/src/drone_home': DEBUGINFOD_URLS=https://debuginfod.ubuntu.com PYTHONPATH=/home/pi/drone-home/ros2_ws/build/drone_home/prefix_override:/usr/lib/python3/dist-packages/colcon_core/task/python/colcon_distutils_commands:/home/pi/drone-home/ros2_ws/install/drone_home/lib/python3.12/site-packages:${PYTHONPATH} /usr/bin/python3 -W ignore:setup.py install is deprecated setup.py egg_info --egg-base ../../build/drone_home build --build-base /home/pi/drone-home/ros2_ws/build/drone_home/build install --record /home/pi/drone-home/ros2_ws/build/drone_home/install.log --single-version-externally-managed install_data
[1.859s] running egg_info
[1.885s] writing ../../build/drone_home/drone_home.egg-info/PKG-INFO
[1.886s] writing dependency_links to ../../build/drone_home/drone_home.egg-info/dependency_links.txt
[1.891s] writing entry points to ../../build/drone_home/drone_home.egg-info/entry_points.txt
[1.892s] writing requirements to ../../build/drone_home/drone_home.egg-info/requires.txt
[1.896s] writing top-level names to ../../build/drone_home/drone_home.egg-info/top_level.txt
[1.957s] reading manifest file '../../build/drone_home/drone_home.egg-info/SOURCES.txt'
[1.958s] writing manifest file '../../build/drone_home/drone_home.egg-info/SOURCES.txt'
[1.958s] running build
[1.958s] running build_py
[1.959s] copying drone_home/geo_tools.py -> /home/pi/drone-home/ros2_ws/build/drone_home/build/lib/drone_home
[1.959s] running install
[1.969s] running install_lib
[1.996s] copying /home/pi/drone-home/ros2_ws/build/drone_home/build/lib/drone_home/geo_tools.py -> /home/pi/drone-home/ros2_ws/install/drone_home/lib/python3.12/site-packages/drone_home
[1.997s] byte-compiling /home/pi/drone-home/ros2_ws/install/drone_home/lib/python3.12/site-packages/drone_home/geo_tools.py to geo_tools.cpython-312.pyc
[2.027s] running install_data
[2.027s] running install_egg_info
[2.061s] removing '/home/pi/drone-home/ros2_ws/install/drone_home/lib/python3.12/site-packages/drone_home-0.0.0-py3.12.egg-info' (and everything under it)
[2.061s] Copying ../../build/drone_home/drone_home.egg-info to /home/pi/drone-home/ros2_ws/install/drone_home/lib/python3.12/site-packages/drone_home-0.0.0-py3.12.egg-info
[2.062s] running install_scripts
[2.249s] Installing controller script to /home/pi/drone-home/ros2_ws/install/drone_home/lib/drone_home
[2.249s] Installing drive_hardware script to /home/pi/drone-home/ros2_ws/install/drone_home/lib/drone_home
[2.251s] Installing drive_publisher script to /home/pi/drone-home/ros2_ws/install/drone_home/lib/drone_home
[2.255s] Installing imu_publisher script to /home/pi/drone-home/ros2_ws/install/drone_home/lib/drone_home
[2.257s] Installing visualization script to /home/pi/drone-home/ros2_ws/install/drone_home/lib/drone_home
[2.261s] writing list of installed files to '/home/pi/drone-home/ros2_ws/build/drone_home/install.log'
[2.344s] Invoked command in '/home/pi/drone-home/ros2_ws/src/drone_home' returned '0': DEBUGINFOD_URLS=https://debuginfod.ubuntu.com PYTHONPATH=/home/pi/drone-home/ros2_ws/build/drone_home/prefix_override:/usr/lib/python3/dist-packages/colcon_core/task/python/colcon_distutils_commands:/home/pi/drone-home/ros2_ws/install/drone_home/lib/python3.12/site-packages:${PYTHONPATH} /usr/bin/python3 -W ignore:setup.py install is deprecated setup.py egg_info --egg-base ../../build/drone_home build --build-base /home/pi/drone-home/ros2_ws/build/drone_home/build install --record /home/pi/drone-home/ros2_ws/build/drone_home/install.log --single-version-externally-managed install_data
