[1.271s] Invoking command in '/home/pi/drone-home/ros2_ws/src/drone_home': DEBUGINFOD_URLS=https://debuginfod.ubuntu.com PYTHONPATH=/home/pi/drone-home/ros2_ws/build/drone_home/prefix_override:/usr/lib/python3/dist-packages/colcon_core/task/python/colcon_distutils_commands:/home/pi/drone-home/ros2_ws/install/drone_home/lib/python3.12/site-packages:${PYTHONPATH} /usr/bin/python3 -W ignore:setup.py install is deprecated setup.py egg_info --egg-base ../../build/drone_home build --build-base /home/pi/drone-home/ros2_ws/build/drone_home/build install --record /home/pi/drone-home/ros2_ws/build/drone_home/install.log --single-version-externally-managed install_data
[1.648s] running egg_info
[1.676s] writing ../../build/drone_home/drone_home.egg-info/PKG-INFO
[1.676s] writing dependency_links to ../../build/drone_home/drone_home.egg-info/dependency_links.txt
[1.678s] writing entry points to ../../build/drone_home/drone_home.egg-info/entry_points.txt
[1.682s] writing requirements to ../../build/drone_home/drone_home.egg-info/requires.txt
[1.684s] writing top-level names to ../../build/drone_home/drone_home.egg-info/top_level.txt
[1.745s] reading manifest file '../../build/drone_home/drone_home.egg-info/SOURCES.txt'
[1.746s] writing manifest file '../../build/drone_home/drone_home.egg-info/SOURCES.txt'
[1.755s] running build
[1.755s] running build_py
[1.755s] copying drone_home/gps_imu_publisher.py -> /home/pi/drone-home/ros2_ws/build/drone_home/build/lib/drone_home
[1.756s] running install
[1.768s] running install_lib
[1.796s] copying /home/pi/drone-home/ros2_ws/build/drone_home/build/lib/drone_home/gps_imu_publisher.py -> /home/pi/drone-home/ros2_ws/install/drone_home/lib/python3.12/site-packages/drone_home
[1.797s] byte-compiling /home/pi/drone-home/ros2_ws/install/drone_home/lib/python3.12/site-packages/drone_home/gps_imu_publisher.py to gps_imu_publisher.cpython-312.pyc
[1.800s] running install_data
[1.800s] running install_egg_info
[1.830s] removing '/home/pi/drone-home/ros2_ws/install/drone_home/lib/python3.12/site-packages/drone_home-0.0.0-py3.12.egg-info' (and everything under it)
[1.830s] Copying ../../build/drone_home/drone_home.egg-info to /home/pi/drone-home/ros2_ws/install/drone_home/lib/python3.12/site-packages/drone_home-0.0.0-py3.12.egg-info
[1.832s] running install_scripts
[2.022s] Installing controller script to /home/pi/drone-home/ros2_ws/install/drone_home/lib/drone_home
[2.022s] Installing drive_hardware script to /home/pi/drone-home/ros2_ws/install/drone_home/lib/drone_home
[2.024s] Installing drive_publisher script to /home/pi/drone-home/ros2_ws/install/drone_home/lib/drone_home
[2.028s] Installing imu_publisher script to /home/pi/drone-home/ros2_ws/install/drone_home/lib/drone_home
[2.030s] writing list of installed files to '/home/pi/drone-home/ros2_ws/build/drone_home/install.log'
[2.118s] Invoked command in '/home/pi/drone-home/ros2_ws/src/drone_home' returned '0': DEBUGINFOD_URLS=https://debuginfod.ubuntu.com PYTHONPATH=/home/pi/drone-home/ros2_ws/build/drone_home/prefix_override:/usr/lib/python3/dist-packages/colcon_core/task/python/colcon_distutils_commands:/home/pi/drone-home/ros2_ws/install/drone_home/lib/python3.12/site-packages:${PYTHONPATH} /usr/bin/python3 -W ignore:setup.py install is deprecated setup.py egg_info --egg-base ../../build/drone_home build --build-base /home/pi/drone-home/ros2_ws/build/drone_home/build install --record /home/pi/drone-home/ros2_ws/build/drone_home/install.log --single-version-externally-managed install_data
