/home/pi/drone-home/ros2_ws/install/drone_home/lib/python3.12/site-packages/drone_home/__init__.py
/home/pi/drone-home/ros2_ws/install/drone_home/lib/python3.12/site-packages/drone_home/gps_imu_publisher.py
/home/pi/drone-home/ros2_ws/install/drone_home/lib/python3.12/site-packages/drone_home/servo.py
/home/pi/drone-home/ros2_ws/install/drone_home/lib/python3.12/site-packages/drone_home/controller.py
/home/pi/drone-home/ros2_ws/install/drone_home/lib/python3.12/site-packages/drone_home/joy_to_ackermann.py
/home/pi/drone-home/ros2_ws/install/drone_home/lib/python3.12/site-packages/drone_home/ackermann_drive.py
/home/pi/drone-home/ros2_ws/install/drone_home/lib/python3.12/site-packages/drone_home/geo_tools.py
/home/pi/drone-home/ros2_ws/install/drone_home/lib/python3.12/site-packages/drone_home/__pycache__/__init__.cpython-312.pyc
/home/pi/drone-home/ros2_ws/install/drone_home/lib/python3.12/site-packages/drone_home/__pycache__/gps_imu_publisher.cpython-312.pyc
/home/pi/drone-home/ros2_ws/install/drone_home/lib/python3.12/site-packages/drone_home/__pycache__/servo.cpython-312.pyc
/home/pi/drone-home/ros2_ws/install/drone_home/lib/python3.12/site-packages/drone_home/__pycache__/controller.cpython-312.pyc
/home/pi/drone-home/ros2_ws/install/drone_home/lib/python3.12/site-packages/drone_home/__pycache__/joy_to_ackermann.cpython-312.pyc
/home/pi/drone-home/ros2_ws/install/drone_home/lib/python3.12/site-packages/drone_home/__pycache__/ackermann_drive.cpython-312.pyc
/home/pi/drone-home/ros2_ws/install/drone_home/lib/python3.12/site-packages/drone_home/__pycache__/geo_tools.cpython-312.pyc
/home/pi/drone-home/ros2_ws/install/drone_home/share/ament_index/resource_index/packages/drone_home
/home/pi/drone-home/ros2_ws/install/drone_home/share/drone_home/package.xml
/home/pi/drone-home/ros2_ws/install/drone_home/lib/python3.12/site-packages/drone_home-0.0.0-py3.12.egg-info/SOURCES.txt
/home/pi/drone-home/ros2_ws/install/drone_home/lib/python3.12/site-packages/drone_home-0.0.0-py3.12.egg-info/top_level.txt
/home/pi/drone-home/ros2_ws/install/drone_home/lib/python3.12/site-packages/drone_home-0.0.0-py3.12.egg-info/PKG-INFO
/home/pi/drone-home/ros2_ws/install/drone_home/lib/python3.12/site-packages/drone_home-0.0.0-py3.12.egg-info/zip-safe
/home/pi/drone-home/ros2_ws/install/drone_home/lib/python3.12/site-packages/drone_home-0.0.0-py3.12.egg-info/requires.txt
/home/pi/drone-home/ros2_ws/install/drone_home/lib/python3.12/site-packages/drone_home-0.0.0-py3.12.egg-info/dependency_links.txt
/home/pi/drone-home/ros2_ws/install/drone_home/lib/python3.12/site-packages/drone_home-0.0.0-py3.12.egg-info/entry_points.txt
/home/pi/drone-home/ros2_ws/install/drone_home/lib/drone_home/controller
/home/pi/drone-home/ros2_ws/install/drone_home/lib/drone_home/drive_hardware
/home/pi/drone-home/ros2_ws/install/drone_home/lib/drone_home/drive_publisher
/home/pi/drone-home/ros2_ws/install/drone_home/lib/drone_home/imu_publisher
