[0.000000] (-) TimerEvent: {}
[0.000846] (drone_home) JobQueued: {'identifier': 'drone_home', 'dependencies': OrderedDict()}
[0.001679] (drone_home) JobStarted: {'identifier': 'drone_home'}
[0.099877] (-) TimerEvent: {}
[0.200463] (-) TimerEvent: {}
[0.301048] (-) TimerEvent: {}
[0.401655] (-) TimerEvent: {}
[0.502216] (-) TimerEvent: {}
[0.603134] (-) TimerEvent: {}
[0.703717] (-) TimerEvent: {}
[0.804345] (-) TimerEvent: {}
[0.904981] (-) TimerEvent: {}
[1.005733] (-) TimerEvent: {}
[1.106806] (-) TimerEvent: {}
[1.207664] (-) TimerEvent: {}
[1.308265] (-) TimerEvent: {}
[1.409307] (-) TimerEvent: {}
[1.510362] (-) TimerEvent: {}
[1.611172] (-) TimerEvent: {}
[1.711956] (-) TimerEvent: {}
[1.812761] (-) TimerEvent: {}
[1.913553] (-) TimerEvent: {}
[2.014124] (-) TimerEvent: {}
[2.114735] (-) TimerEvent: {}
[2.215340] (-) TimerEvent: {}
[2.316055] (-) TimerEvent: {}
[2.416895] (-) TimerEvent: {}
[2.457462] (drone_home) Command: {'cmd': ['/usr/bin/python3', '-W', 'ignore:setup.py install is deprecated', 'setup.py', 'egg_info', '--egg-base', '../../build/drone_home', 'build', '--build-base', '/workspaces/isaac_ros-dev/drone-home/ros2_ws/build/drone_home/build', 'install', '--record', '/workspaces/isaac_ros-dev/drone-home/ros2_ws/build/drone_home/install.log', '--single-version-externally-managed', 'install_data'], 'cwd': '/workspaces/isaac_ros-dev/drone-home/ros2_ws/src/drone_home', 'env': {'LIBRARY_PATH': '/usr/local/cuda/lib64/stubs', 'PYTHONWARNINGS': 'ignore:::setuptools.command.install,ignore:::setuptools.command.easy_install,ignore:::pkg_resources,ignore:::setuptools.command.develop', 'NV_LIBCUBLAS_VERSION': '12.6.1.4-1', 'USER': 'jet', 'NV_CUDA_NSIGHT_COMPUTE_VERSION': '12.6.11-1', 'HOSTNAME': 'drone-home', 'SHLVL': '1', 'LD_LIBRARY_PATH': '/opt/ros/humble/opt/rviz_ogre_vendor/lib:/opt/ros/humble/lib/aarch64-linux-gnu:/opt/ros/humble/lib:/usr/lib/aarch64-linux-gnu/tegra/weston:/usr/lib/aarch64-linux-gnu/tegra-egl:/usr/local/cuda-12.6/targets/aarch64-linux/lib:/usr/lib/aarch64-linux-gnu/tegra:/opt/nvidia/vpi3/lib64:/usr/local/libcudss-linux-0.3.0.9_cuda12-archive/lib:/usr/local/nvidia/lib:/usr/local/nvidia/lib64:/usr/lib/aarch64-linux-gnu-host:/opt/tritonserver/lib', 'HOME': '/home/admin', 'OLDPWD': '/workspaces/isaac_ros-dev/drone-home/ros2_ws/src', 'HOST_USER_GID': '1000', 'NV_LIBCUBLAS_DEV_VERSION': '12.6.1.4-1', 'ROS_PYTHON_VERSION': '3', 'NV_LIBNPP_PACKAGE': 'libnpp-12-6=12.3.1.54-1', 'CUDA_VERSION': '12.6.11', 'COLCON_PREFIX_PATH': '/workspaces/isaac_ros-dev/drone-home/ros2_ws/install', 'ROS_DISTRO': 'humble', 'NV_LIBCUBLAS_PACKAGE_NAME': 'libcublas-12-6', 'NVIDIA_REQUIRE_CUDA': 'cuda>=12.6', '_': '/usr/bin/colcon', 'ROS_VERSION': '2', 'NV_LIBCUSPARSE_VERSION': '12.5.3.3-1', 'NVIDIA_DRIVER_CAPABILITIES': 'all', 'NV_CUDA_LIB_VERSION': '12.6.11-1', 'NV_NVML_DEV_VERSION': '12.6.68-1', 'USERNAME': 'admin', 'NV_LIBNPP_DEV_PACKAGE': 'libnpp-dev-12-6=12.3.1.54-1', 'TERM': 'xterm', 'ISAAC_ROS_WS': '/workspaces/isaac_ros-dev', 'NV_CUDA_CUDART_VERSION': '12.6.68-1', 'ROS_LOCALHOST_ONLY': '0', 'PATH': '/opt/ros/humble/bin:/opt/ros/humble/vcstool/scripts:/usr/local/nvidia/bin:/usr/local/cuda/bin:/usr/src/tensorrt/bin:/usr/local/nvidia/bin:/usr/local/cuda/bin:/usr/local/sbin:/usr/local/bin:/usr/sbin:/usr/bin:/sbin:/bin', 'NV_LIBCUBLAS_DEV_PACKAGE_NAME': 'libcublas-dev-12-6', 'NV_LIBCUBLAS_PACKAGE': 'libcublas-12-6=12.6.1.4-1', 'HOST_USER_UID': '1000', 'NVARCH': 'arm64', 'CUDSS_DIR': '/usr/local/libcudss-linux-0.3.0.9_cuda12-archive', 'NV_LIBCUSPARSE_DEV_VERSION': '12.5.3.3-1', 'NVIDIA_PRODUCT_NAME': 'CUDA', 'LANG': 'en_US.UTF-8', 'RMW_IMPLEMENTATION': 'rmw_fastrtps_cpp', 'NV_CUDA_CUDART_DEV_VERSION': '12.6.68-1', 'ROS_ROOT': '/opt/ros/humble', 'AMENT_PREFIX_PATH': '/workspaces/isaac_ros-dev/drone-home/ros2_ws/install/drone_home:/opt/ros/humble', 'DEBIAN_FRONTEND': 'noninteractive', 'SHELL': '/bin/bash', 'TRT_INCLUDE_PATH': '/usr/include/aarch64-linux-gnu', 'NV_LIBCUBLAS_DEV_PACKAGE': 'libcublas-dev-12-6=12.6.1.4-1', 'NV_CUDA_NSIGHT_COMPUTE_DEV_PACKAGE': 'cuda-nsight-compute-12-6=12.6.11-1', 'NVIDIA_REQUIRE_JETPACK_HOST_MOUNTS': 'base-only', 'NV_NVTX_VERSION': '12.6.68-1', 'NV_LIBNPP_VERSION': '12.3.1.54-1', 'PWD': '/workspaces/isaac_ros-dev/drone-home/ros2_ws/build/drone_home', 'PYTHONPATH': '/workspaces/isaac_ros-dev/drone-home/ros2_ws/build/drone_home/prefix_override:/usr/lib/python3/dist-packages/colcon_core/task/python/colcon_distutils_commands:/workspaces/isaac_ros-dev/drone-home/ros2_ws/install/drone_home/lib/python3.10/site-packages:/workspaces/isaac_ros-dev/drone-home/ros2_ws/install/drone_home/lib/python3.10/site-packages:/opt/ros/humble/lib/python3.10/site-packages:/opt/ros/humble/local/lib/python3.10/dist-packages:/opt/ros/humble/vcstool:', 'NVIDIA_VISIBLE_DEVICES': 'nvidia.com/gpu=all,nvidia.com/pva=all', 'COLCON': '1', 'NV_LIBNPP_DEV_VERSION': '12.3.1.54-1', 'CMAKE_PREFIX_PATH': '/usr/local/libcudss-linux-0.3.0.9_cuda12-archive:', 'TRT_LIB_PATH': '/usr/lib/aarch64-linux-gnu'}, 'shell': False}
[2.517049] (-) TimerEvent: {}
[2.617638] (-) TimerEvent: {}
[2.718319] (-) TimerEvent: {}
[2.819091] (-) TimerEvent: {}
[2.920076] (-) TimerEvent: {}
[3.021026] (-) TimerEvent: {}
[3.121799] (-) TimerEvent: {}
[3.222746] (-) TimerEvent: {}
[3.323354] (-) TimerEvent: {}
[3.398167] (drone_home) StdoutLine: {'line': b'running egg_info\n'}
[3.423501] (-) TimerEvent: {}
[3.437524] (drone_home) StdoutLine: {'line': b'writing ../../build/drone_home/drone_home.egg-info/PKG-INFO\n'}
[3.438465] (drone_home) StdoutLine: {'line': b'writing dependency_links to ../../build/drone_home/drone_home.egg-info/dependency_links.txt\n'}
[3.438904] (drone_home) StdoutLine: {'line': b'writing entry points to ../../build/drone_home/drone_home.egg-info/entry_points.txt\n'}
[3.439341] (drone_home) StdoutLine: {'line': b'writing requirements to ../../build/drone_home/drone_home.egg-info/requires.txt\n'}
[3.439580] (drone_home) StdoutLine: {'line': b'writing top-level names to ../../build/drone_home/drone_home.egg-info/top_level.txt\n'}
[3.523647] (-) TimerEvent: {}
[3.601716] (drone_home) StderrLine: {'line': b"ERROR setuptools_scm._file_finders.git listing git files failed - pretending there aren't any\n"}
[3.623800] (-) TimerEvent: {}
[3.724400] (-) TimerEvent: {}
[3.825013] (-) TimerEvent: {}
[3.843576] (drone_home) StdoutLine: {'line': b"reading manifest file '../../build/drone_home/drone_home.egg-info/SOURCES.txt'\n"}
[3.845523] (drone_home) StdoutLine: {'line': b"writing manifest file '../../build/drone_home/drone_home.egg-info/SOURCES.txt'\n"}
[3.845880] (drone_home) StdoutLine: {'line': b'running build\n'}
[3.846088] (drone_home) StdoutLine: {'line': b'running build_py\n'}
[3.847195] (drone_home) StdoutLine: {'line': b'copying drone_home/pwm_publisher.py -> /workspaces/isaac_ros-dev/drone-home/ros2_ws/build/drone_home/build/lib/drone_home\n'}
[3.848356] (drone_home) StdoutLine: {'line': b'running install\n'}
[3.858960] (drone_home) StdoutLine: {'line': b'running install_lib\n'}
[3.900458] (drone_home) StdoutLine: {'line': b'copying /workspaces/isaac_ros-dev/drone-home/ros2_ws/build/drone_home/build/lib/drone_home/pwm_publisher.py -> /workspaces/isaac_ros-dev/drone-home/ros2_ws/install/drone_home/lib/python3.10/site-packages/drone_home\n'}
[3.902433] (drone_home) StdoutLine: {'line': b'byte-compiling /workspaces/isaac_ros-dev/drone-home/ros2_ws/install/drone_home/lib/python3.10/site-packages/drone_home/pwm_publisher.py to pwm_publisher.cpython-310.pyc\n'}
[3.904296] (drone_home) StdoutLine: {'line': b'running install_data\n'}
[3.904650] (drone_home) StdoutLine: {'line': b'running install_egg_info\n'}
[3.925100] (-) TimerEvent: {}
[3.944870] (drone_home) StdoutLine: {'line': b"removing '/workspaces/isaac_ros-dev/drone-home/ros2_ws/install/drone_home/lib/python3.10/site-packages/drone_home-0.0.0-py3.10.egg-info' (and everything under it)\n"}
[3.945641] (drone_home) StdoutLine: {'line': b'Copying ../../build/drone_home/drone_home.egg-info to /workspaces/isaac_ros-dev/drone-home/ros2_ws/install/drone_home/lib/python3.10/site-packages/drone_home-0.0.0-py3.10.egg-info\n'}
[3.947551] (drone_home) StdoutLine: {'line': b'running install_scripts\n'}
[4.025254] (-) TimerEvent: {}
[4.098515] (drone_home) StdoutLine: {'line': b'Installing controller script to /workspaces/isaac_ros-dev/drone-home/ros2_ws/install/drone_home/lib/drone_home\n'}
[4.099069] (drone_home) StdoutLine: {'line': b'Installing drive_hardware script to /workspaces/isaac_ros-dev/drone-home/ros2_ws/install/drone_home/lib/drone_home\n'}
[4.099357] (drone_home) StdoutLine: {'line': b'Installing drive_publisher script to /workspaces/isaac_ros-dev/drone-home/ros2_ws/install/drone_home/lib/drone_home\n'}
[4.099686] (drone_home) StdoutLine: {'line': b'Installing gps_publisher script to /workspaces/isaac_ros-dev/drone-home/ros2_ws/install/drone_home/lib/drone_home\n'}
[4.099992] (drone_home) StdoutLine: {'line': b'Installing imu_publisher script to /workspaces/isaac_ros-dev/drone-home/ros2_ws/install/drone_home/lib/drone_home\n'}
[4.100292] (drone_home) StdoutLine: {'line': b'Installing pwm_publisher script to /workspaces/isaac_ros-dev/drone-home/ros2_ws/install/drone_home/lib/drone_home\n'}
[4.100579] (drone_home) StdoutLine: {'line': b'Installing visualization script to /workspaces/isaac_ros-dev/drone-home/ros2_ws/install/drone_home/lib/drone_home\n'}
[4.101634] (drone_home) StdoutLine: {'line': b"writing list of installed files to '/workspaces/isaac_ros-dev/drone-home/ros2_ws/build/drone_home/install.log'\n"}
[4.125439] (-) TimerEvent: {}
[4.226928] (drone_home) CommandEnded: {'returncode': 0}
[4.228807] (-) TimerEvent: {}
[4.268064] (drone_home) JobEnded: {'identifier': 'drone_home', 'rc': 0}
[4.271861] (-) EventReactorShutdown: {}
