[0.403s] DEBUG:colcon:Command line arguments: ['/usr/bin/colcon', 'build']
[0.403s] DEBUG:colcon:Parsed command line arguments: Namespace(log_base=None, log_level=None, verb_name='build', build_base='build', install_base='install', merge_install=False, symlink_install=False, test_result_base=None, continue_on_error=False, executor='parallel', parallel_workers=6, event_handlers=None, ignore_user_meta=False, metas=['./colcon.meta'], base_paths=['.'], packages_ignore=None, packages_ignore_regex=None, paths=None, packages_up_to=None, packages_up_to_regex=None, packages_above=None, packages_above_and_dependencies=None, packages_above_depth=None, packages_select_by_dep=None, packages_skip_by_dep=None, packages_skip_up_to=None, packages_select_build_failed=False, packages_skip_build_finished=False, packages_select_test_failures=False, packages_skip_test_passed=False, packages_select=None, packages_skip=None, packages_select_regex=None, packages_skip_regex=None, packages_start=None, packages_end=None, allow_overriding=[], cmake_args=None, cmake_target=None, cmake_target_skip_unavailable=False, cmake_clean_cache=False, cmake_clean_first=False, cmake_force_configure=False, ament_cmake_args=None, catkin_cmake_args=None, catkin_skip_building_tests=False, verb_parser=<colcon_defaults.argument_parser.defaults.DefaultArgumentsDecorator object at 0xffffa11f1960>, verb_extension=<colcon_core.verb.build.BuildVerb object at 0xffffa138ef80>, main=<bound method BuildVerb.main of <colcon_core.verb.build.BuildVerb object at 0xffffa138ef80>>)
[1.024s] Level 1:colcon.colcon_core.package_discovery:discover_packages(colcon_meta) check parameters
[1.025s] Level 1:colcon.colcon_core.package_discovery:discover_packages(recursive) check parameters
[1.025s] Level 1:colcon.colcon_core.package_discovery:discover_packages(ignore) check parameters
[1.025s] Level 1:colcon.colcon_core.package_discovery:discover_packages(path) check parameters
[1.025s] Level 1:colcon.colcon_core.package_discovery:discover_packages(colcon_meta) discover
[1.025s] Level 1:colcon.colcon_core.package_discovery:discover_packages(recursive) discover
[1.025s] INFO:colcon.colcon_core.package_discovery:Crawling recursively for packages in '/workspaces/isaac_ros-dev/drone-home/ros2_ws'
[1.026s] Level 1:colcon.colcon_core.package_identification:_identify(.) by extensions ['ignore', 'ignore_ament_install']
[1.026s] Level 1:colcon.colcon_core.package_identification:_identify(.) by extension 'ignore'
[1.026s] Level 1:colcon.colcon_core.package_identification:_identify(.) by extension 'ignore_ament_install'
[1.026s] Level 1:colcon.colcon_core.package_identification:_identify(.) by extensions ['colcon_pkg']
[1.026s] Level 1:colcon.colcon_core.package_identification:_identify(.) by extension 'colcon_pkg'
[1.026s] Level 1:colcon.colcon_core.package_identification:_identify(.) by extensions ['colcon_meta']
[1.026s] Level 1:colcon.colcon_core.package_identification:_identify(.) by extension 'colcon_meta'
[1.026s] Level 1:colcon.colcon_core.package_identification:_identify(.) by extensions ['ros']
[1.026s] Level 1:colcon.colcon_core.package_identification:_identify(.) by extension 'ros'
[1.057s] Level 1:colcon.colcon_core.package_identification:_identify(.) by extensions ['cmake', 'python']
[1.057s] Level 1:colcon.colcon_core.package_identification:_identify(.) by extension 'cmake'
[1.057s] Level 1:colcon.colcon_core.package_identification:_identify(.) by extension 'python'
[1.057s] Level 1:colcon.colcon_core.package_identification:_identify(.) by extensions ['python_setup_py']
[1.057s] Level 1:colcon.colcon_core.package_identification:_identify(.) by extension 'python_setup_py'
[1.058s] Level 1:colcon.colcon_core.package_identification:_identify(build) by extensions ['ignore', 'ignore_ament_install']
[1.058s] Level 1:colcon.colcon_core.package_identification:_identify(build) by extension 'ignore'
[1.058s] Level 1:colcon.colcon_core.package_identification:_identify(build) ignored
[1.058s] Level 1:colcon.colcon_core.package_identification:_identify(install) by extensions ['ignore', 'ignore_ament_install']
[1.058s] Level 1:colcon.colcon_core.package_identification:_identify(install) by extension 'ignore'
[1.059s] Level 1:colcon.colcon_core.package_identification:_identify(install) ignored
[1.059s] Level 1:colcon.colcon_core.package_identification:_identify(launch) by extensions ['ignore', 'ignore_ament_install']
[1.059s] Level 1:colcon.colcon_core.package_identification:_identify(launch) by extension 'ignore'
[1.059s] Level 1:colcon.colcon_core.package_identification:_identify(launch) by extension 'ignore_ament_install'
[1.059s] Level 1:colcon.colcon_core.package_identification:_identify(launch) by extensions ['colcon_pkg']
[1.059s] Level 1:colcon.colcon_core.package_identification:_identify(launch) by extension 'colcon_pkg'
[1.059s] Level 1:colcon.colcon_core.package_identification:_identify(launch) by extensions ['colcon_meta']
[1.059s] Level 1:colcon.colcon_core.package_identification:_identify(launch) by extension 'colcon_meta'
[1.060s] Level 1:colcon.colcon_core.package_identification:_identify(launch) by extensions ['ros']
[1.060s] Level 1:colcon.colcon_core.package_identification:_identify(launch) by extension 'ros'
[1.060s] Level 1:colcon.colcon_core.package_identification:_identify(launch) by extensions ['cmake', 'python']
[1.060s] Level 1:colcon.colcon_core.package_identification:_identify(launch) by extension 'cmake'
[1.060s] Level 1:colcon.colcon_core.package_identification:_identify(launch) by extension 'python'
[1.060s] Level 1:colcon.colcon_core.package_identification:_identify(launch) by extensions ['python_setup_py']
[1.060s] Level 1:colcon.colcon_core.package_identification:_identify(launch) by extension 'python_setup_py'
[1.060s] Level 1:colcon.colcon_core.package_identification:_identify(launch/__pycache__) by extensions ['ignore', 'ignore_ament_install']
[1.061s] Level 1:colcon.colcon_core.package_identification:_identify(launch/__pycache__) by extension 'ignore'
[1.061s] Level 1:colcon.colcon_core.package_identification:_identify(launch/__pycache__) by extension 'ignore_ament_install'
[1.061s] Level 1:colcon.colcon_core.package_identification:_identify(launch/__pycache__) by extensions ['colcon_pkg']
[1.061s] Level 1:colcon.colcon_core.package_identification:_identify(launch/__pycache__) by extension 'colcon_pkg'
[1.061s] Level 1:colcon.colcon_core.package_identification:_identify(launch/__pycache__) by extensions ['colcon_meta']
[1.061s] Level 1:colcon.colcon_core.package_identification:_identify(launch/__pycache__) by extension 'colcon_meta'
[1.061s] Level 1:colcon.colcon_core.package_identification:_identify(launch/__pycache__) by extensions ['ros']
[1.061s] Level 1:colcon.colcon_core.package_identification:_identify(launch/__pycache__) by extension 'ros'
[1.061s] Level 1:colcon.colcon_core.package_identification:_identify(launch/__pycache__) by extensions ['cmake', 'python']
[1.061s] Level 1:colcon.colcon_core.package_identification:_identify(launch/__pycache__) by extension 'cmake'
[1.061s] Level 1:colcon.colcon_core.package_identification:_identify(launch/__pycache__) by extension 'python'
[1.062s] Level 1:colcon.colcon_core.package_identification:_identify(launch/__pycache__) by extensions ['python_setup_py']
[1.062s] Level 1:colcon.colcon_core.package_identification:_identify(launch/__pycache__) by extension 'python_setup_py'
[1.063s] Level 1:colcon.colcon_core.package_identification:_identify(log) by extensions ['ignore', 'ignore_ament_install']
[1.063s] Level 1:colcon.colcon_core.package_identification:_identify(log) by extension 'ignore'
[1.063s] Level 1:colcon.colcon_core.package_identification:_identify(log) ignored
[1.064s] Level 1:colcon.colcon_core.package_identification:_identify(logs) by extensions ['ignore', 'ignore_ament_install']
[1.064s] Level 1:colcon.colcon_core.package_identification:_identify(logs) by extension 'ignore'
[1.064s] Level 1:colcon.colcon_core.package_identification:_identify(logs) by extension 'ignore_ament_install'
[1.064s] Level 1:colcon.colcon_core.package_identification:_identify(logs) by extensions ['colcon_pkg']
[1.065s] Level 1:colcon.colcon_core.package_identification:_identify(logs) by extension 'colcon_pkg'
[1.065s] Level 1:colcon.colcon_core.package_identification:_identify(logs) by extensions ['colcon_meta']
[1.065s] Level 1:colcon.colcon_core.package_identification:_identify(logs) by extension 'colcon_meta'
[1.065s] Level 1:colcon.colcon_core.package_identification:_identify(logs) by extensions ['ros']
[1.065s] Level 1:colcon.colcon_core.package_identification:_identify(logs) by extension 'ros'
[1.065s] Level 1:colcon.colcon_core.package_identification:_identify(logs) by extensions ['cmake', 'python']
[1.065s] Level 1:colcon.colcon_core.package_identification:_identify(logs) by extension 'cmake'
[1.065s] Level 1:colcon.colcon_core.package_identification:_identify(logs) by extension 'python'
[1.065s] Level 1:colcon.colcon_core.package_identification:_identify(logs) by extensions ['python_setup_py']
[1.065s] Level 1:colcon.colcon_core.package_identification:_identify(logs) by extension 'python_setup_py'
[1.065s] Level 1:colcon.colcon_core.package_identification:_identify(src) by extensions ['ignore', 'ignore_ament_install']
[1.066s] Level 1:colcon.colcon_core.package_identification:_identify(src) by extension 'ignore'
[1.066s] Level 1:colcon.colcon_core.package_identification:_identify(src) by extension 'ignore_ament_install'
[1.066s] Level 1:colcon.colcon_core.package_identification:_identify(src) by extensions ['colcon_pkg']
[1.066s] Level 1:colcon.colcon_core.package_identification:_identify(src) by extension 'colcon_pkg'
[1.066s] Level 1:colcon.colcon_core.package_identification:_identify(src) by extensions ['colcon_meta']
[1.066s] Level 1:colcon.colcon_core.package_identification:_identify(src) by extension 'colcon_meta'
[1.066s] Level 1:colcon.colcon_core.package_identification:_identify(src) by extensions ['ros']
[1.066s] Level 1:colcon.colcon_core.package_identification:_identify(src) by extension 'ros'
[1.066s] Level 1:colcon.colcon_core.package_identification:_identify(src) by extensions ['cmake', 'python']
[1.066s] Level 1:colcon.colcon_core.package_identification:_identify(src) by extension 'cmake'
[1.066s] Level 1:colcon.colcon_core.package_identification:_identify(src) by extension 'python'
[1.067s] Level 1:colcon.colcon_core.package_identification:_identify(src) by extensions ['python_setup_py']
[1.067s] Level 1:colcon.colcon_core.package_identification:_identify(src) by extension 'python_setup_py'
[1.067s] Level 1:colcon.colcon_core.package_identification:_identify(src/drone_home) by extensions ['ignore', 'ignore_ament_install']
[1.067s] Level 1:colcon.colcon_core.package_identification:_identify(src/drone_home) by extension 'ignore'
[1.067s] Level 1:colcon.colcon_core.package_identification:_identify(src/drone_home) by extension 'ignore_ament_install'
[1.067s] Level 1:colcon.colcon_core.package_identification:_identify(src/drone_home) by extensions ['colcon_pkg']
[1.067s] Level 1:colcon.colcon_core.package_identification:_identify(src/drone_home) by extension 'colcon_pkg'
[1.067s] Level 1:colcon.colcon_core.package_identification:_identify(src/drone_home) by extensions ['colcon_meta']
[1.067s] Level 1:colcon.colcon_core.package_identification:_identify(src/drone_home) by extension 'colcon_meta'
[1.067s] Level 1:colcon.colcon_core.package_identification:_identify(src/drone_home) by extensions ['ros']
[1.067s] Level 1:colcon.colcon_core.package_identification:_identify(src/drone_home) by extension 'ros'
[1.073s] DEBUG:colcon.colcon_core.package_identification:Package 'src/drone_home' with type 'ros.ament_python' and name 'drone_home'
[1.073s] Level 1:colcon.colcon_core.package_discovery:discover_packages(recursive) using defaults
[1.073s] Level 1:colcon.colcon_core.package_discovery:discover_packages(ignore) discover
[1.073s] Level 1:colcon.colcon_core.package_discovery:discover_packages(ignore) using defaults
[1.073s] Level 1:colcon.colcon_core.package_discovery:discover_packages(path) discover
[1.073s] Level 1:colcon.colcon_core.package_discovery:discover_packages(path) using defaults
[1.116s] Level 1:colcon.colcon_core.package_discovery:discover_packages(prefix_path) check parameters
[1.116s] Level 1:colcon.colcon_core.package_discovery:discover_packages(prefix_path) discover
[1.121s] DEBUG:colcon.colcon_installed_package_information.package_discovery:Found 1 installed packages in /workspaces/isaac_ros-dev/drone-home/ros2_ws/install
[1.124s] DEBUG:colcon.colcon_installed_package_information.package_discovery:Found 399 installed packages in /opt/ros/humble
[1.129s] Level 1:colcon.colcon_core.package_discovery:discover_packages(prefix_path) using defaults
[1.215s] Level 5:colcon.colcon_core.verb:set package 'drone_home' build argument 'cmake_args' from command line to 'None'
[1.216s] Level 5:colcon.colcon_core.verb:set package 'drone_home' build argument 'cmake_target' from command line to 'None'
[1.216s] Level 5:colcon.colcon_core.verb:set package 'drone_home' build argument 'cmake_target_skip_unavailable' from command line to 'False'
[1.216s] Level 5:colcon.colcon_core.verb:set package 'drone_home' build argument 'cmake_clean_cache' from command line to 'False'
[1.216s] Level 5:colcon.colcon_core.verb:set package 'drone_home' build argument 'cmake_clean_first' from command line to 'False'
[1.216s] Level 5:colcon.colcon_core.verb:set package 'drone_home' build argument 'cmake_force_configure' from command line to 'False'
[1.216s] Level 5:colcon.colcon_core.verb:set package 'drone_home' build argument 'ament_cmake_args' from command line to 'None'
[1.216s] Level 5:colcon.colcon_core.verb:set package 'drone_home' build argument 'catkin_cmake_args' from command line to 'None'
[1.216s] Level 5:colcon.colcon_core.verb:set package 'drone_home' build argument 'catkin_skip_building_tests' from command line to 'False'
[1.216s] DEBUG:colcon.colcon_core.verb:Building package 'drone_home' with the following arguments: {'ament_cmake_args': None, 'build_base': '/workspaces/isaac_ros-dev/drone-home/ros2_ws/build/drone_home', 'catkin_cmake_args': None, 'catkin_skip_building_tests': False, 'cmake_args': None, 'cmake_clean_cache': False, 'cmake_clean_first': False, 'cmake_force_configure': False, 'cmake_target': None, 'cmake_target_skip_unavailable': False, 'install_base': '/workspaces/isaac_ros-dev/drone-home/ros2_ws/install/drone_home', 'merge_install': False, 'path': '/workspaces/isaac_ros-dev/drone-home/ros2_ws/src/drone_home', 'symlink_install': False, 'test_result_base': None}
[1.216s] INFO:colcon.colcon_core.executor:Executing jobs using 'parallel' executor
[1.219s] DEBUG:colcon.colcon_parallel_executor.executor.parallel:run_until_complete
[1.219s] INFO:colcon.colcon_ros.task.ament_python.build:Building ROS package in '/workspaces/isaac_ros-dev/drone-home/ros2_ws/src/drone_home' with build type 'ament_python'
[1.219s] Level 1:colcon.colcon_core.shell:create_environment_hook('drone_home', 'ament_prefix_path')
[1.226s] INFO:colcon.colcon_core.plugin_system:Skipping extension 'colcon_core.shell.bat': Not used on non-Windows systems
[1.226s] INFO:colcon.colcon_core.shell:Creating environment hook '/workspaces/isaac_ros-dev/drone-home/ros2_ws/install/drone_home/share/drone_home/hook/ament_prefix_path.ps1'
[1.228s] INFO:colcon.colcon_core.shell:Creating environment descriptor '/workspaces/isaac_ros-dev/drone-home/ros2_ws/install/drone_home/share/drone_home/hook/ament_prefix_path.dsv'
[1.229s] INFO:colcon.colcon_core.shell:Creating environment hook '/workspaces/isaac_ros-dev/drone-home/ros2_ws/install/drone_home/share/drone_home/hook/ament_prefix_path.sh'
[1.231s] INFO:colcon.colcon_core.shell:Skip shell extension 'powershell' for command environment: Not usable outside of PowerShell
[1.231s] DEBUG:colcon.colcon_core.shell:Skip shell extension 'dsv' for command environment
[2.088s] INFO:colcon.colcon_core.task.python.build:Building Python package in '/workspaces/isaac_ros-dev/drone-home/ros2_ws/src/drone_home'
[2.089s] INFO:colcon.colcon_core.shell:Skip shell extension 'powershell' for command environment: Not usable outside of PowerShell
[2.089s] DEBUG:colcon.colcon_core.shell:Skip shell extension 'dsv' for command environment
[3.721s] DEBUG:colcon.colcon_core.event_handler.log_command:Invoking command in '/workspaces/isaac_ros-dev/drone-home/ros2_ws/src/drone_home': PYTHONPATH=/workspaces/isaac_ros-dev/drone-home/ros2_ws/build/drone_home/prefix_override:/usr/lib/python3/dist-packages/colcon_core/task/python/colcon_distutils_commands:/workspaces/isaac_ros-dev/drone-home/ros2_ws/install/drone_home/lib/python3.10/site-packages:${PYTHONPATH} /usr/bin/python3 -W ignore:setup.py install is deprecated setup.py egg_info --egg-base ../../build/drone_home build --build-base /workspaces/isaac_ros-dev/drone-home/ros2_ws/build/drone_home/build install --record /workspaces/isaac_ros-dev/drone-home/ros2_ws/build/drone_home/install.log --single-version-externally-managed install_data
[5.531s] DEBUG:colcon.colcon_core.event_handler.log_command:Invoked command in '/workspaces/isaac_ros-dev/drone-home/ros2_ws/src/drone_home' returned '0': PYTHONPATH=/workspaces/isaac_ros-dev/drone-home/ros2_ws/build/drone_home/prefix_override:/usr/lib/python3/dist-packages/colcon_core/task/python/colcon_distutils_commands:/workspaces/isaac_ros-dev/drone-home/ros2_ws/install/drone_home/lib/python3.10/site-packages:${PYTHONPATH} /usr/bin/python3 -W ignore:setup.py install is deprecated setup.py egg_info --egg-base ../../build/drone_home build --build-base /workspaces/isaac_ros-dev/drone-home/ros2_ws/build/drone_home/build install --record /workspaces/isaac_ros-dev/drone-home/ros2_ws/build/drone_home/install.log --single-version-externally-managed install_data
[5.543s] Level 1:colcon.colcon_core.environment:checking '/workspaces/isaac_ros-dev/drone-home/ros2_ws/install/drone_home' for CMake module files
[5.544s] Level 1:colcon.colcon_core.environment:checking '/workspaces/isaac_ros-dev/drone-home/ros2_ws/install/drone_home' for CMake config files
[5.547s] Level 1:colcon.colcon_core.environment:checking '/workspaces/isaac_ros-dev/drone-home/ros2_ws/install/drone_home/lib'
[5.547s] Level 1:colcon.colcon_core.environment:checking '/workspaces/isaac_ros-dev/drone-home/ros2_ws/install/drone_home/bin'
[5.547s] Level 1:colcon.colcon_core.environment:checking '/workspaces/isaac_ros-dev/drone-home/ros2_ws/install/drone_home/lib/pkgconfig/drone_home.pc'
[5.548s] Level 1:colcon.colcon_core.environment:checking '/workspaces/isaac_ros-dev/drone-home/ros2_ws/install/drone_home/lib/python3.10/site-packages'
[5.548s] Level 1:colcon.colcon_core.shell:create_environment_hook('drone_home', 'pythonpath')
[5.548s] INFO:colcon.colcon_core.shell:Creating environment hook '/workspaces/isaac_ros-dev/drone-home/ros2_ws/install/drone_home/share/drone_home/hook/pythonpath.ps1'
[5.549s] INFO:colcon.colcon_core.shell:Creating environment descriptor '/workspaces/isaac_ros-dev/drone-home/ros2_ws/install/drone_home/share/drone_home/hook/pythonpath.dsv'
[5.550s] INFO:colcon.colcon_core.shell:Creating environment hook '/workspaces/isaac_ros-dev/drone-home/ros2_ws/install/drone_home/share/drone_home/hook/pythonpath.sh'
[5.551s] Level 1:colcon.colcon_core.environment:checking '/workspaces/isaac_ros-dev/drone-home/ros2_ws/install/drone_home/bin'
[5.551s] Level 1:colcon.colcon_core.environment:create_environment_scripts_only(drone_home)
[5.552s] INFO:colcon.colcon_core.shell:Creating package script '/workspaces/isaac_ros-dev/drone-home/ros2_ws/install/drone_home/share/drone_home/package.ps1'
[5.554s] INFO:colcon.colcon_core.shell:Creating package descriptor '/workspaces/isaac_ros-dev/drone-home/ros2_ws/install/drone_home/share/drone_home/package.dsv'
[5.555s] INFO:colcon.colcon_core.shell:Creating package script '/workspaces/isaac_ros-dev/drone-home/ros2_ws/install/drone_home/share/drone_home/package.sh'
[5.557s] INFO:colcon.colcon_core.shell:Creating package script '/workspaces/isaac_ros-dev/drone-home/ros2_ws/install/drone_home/share/drone_home/package.bash'
[5.558s] INFO:colcon.colcon_core.shell:Creating package script '/workspaces/isaac_ros-dev/drone-home/ros2_ws/install/drone_home/share/drone_home/package.zsh'
[5.560s] Level 1:colcon.colcon_core.environment:create_file_with_runtime_dependencies(/workspaces/isaac_ros-dev/drone-home/ros2_ws/install/drone_home/share/colcon-core/packages/drone_home)
[5.561s] DEBUG:colcon.colcon_parallel_executor.executor.parallel:closing loop
[5.562s] DEBUG:colcon.colcon_parallel_executor.executor.parallel:loop closed
[5.562s] DEBUG:colcon.colcon_parallel_executor.executor.parallel:run_until_complete finished with '0'
[5.562s] DEBUG:colcon.colcon_core.event_reactor:joining thread
[5.591s] INFO:colcon.colcon_core.plugin_system:Skipping extension 'colcon_notification.desktop_notification.notify_send': Could not find 'notify-send'
[5.591s] INFO:colcon.colcon_core.plugin_system:Skipping extension 'colcon_notification.desktop_notification.terminal_notifier': Not used on non-Darwin systems
[5.592s] INFO:colcon.colcon_core.plugin_system:Skipping extension 'colcon_notification.desktop_notification.win32': Not used on non-Windows systems
[5.592s] INFO:colcon.colcon_notification.desktop_notification:Sending desktop notification using 'notify2'
[5.592s] DEBUG:colcon.colcon_notification.desktop_notification.notify2:Failed to initialize notify2: org.freedesktop.DBus.Error.NotSupported: Unable to autolaunch a dbus-daemon without a $DISPLAY for X11
[5.592s] DEBUG:colcon.colcon_core.event_reactor:joined thread
[5.593s] INFO:colcon.colcon_core.shell:Creating prefix script '/workspaces/isaac_ros-dev/drone-home/ros2_ws/install/local_setup.ps1'
[5.597s] INFO:colcon.colcon_core.shell:Creating prefix util module '/workspaces/isaac_ros-dev/drone-home/ros2_ws/install/_local_setup_util_ps1.py'
[5.603s] INFO:colcon.colcon_core.shell:Creating prefix chain script '/workspaces/isaac_ros-dev/drone-home/ros2_ws/install/setup.ps1'
[5.607s] INFO:colcon.colcon_core.shell:Creating prefix script '/workspaces/isaac_ros-dev/drone-home/ros2_ws/install/local_setup.sh'
[5.610s] INFO:colcon.colcon_core.shell:Creating prefix util module '/workspaces/isaac_ros-dev/drone-home/ros2_ws/install/_local_setup_util_sh.py'
[5.612s] INFO:colcon.colcon_core.shell:Creating prefix chain script '/workspaces/isaac_ros-dev/drone-home/ros2_ws/install/setup.sh'
[5.617s] INFO:colcon.colcon_core.shell:Creating prefix script '/workspaces/isaac_ros-dev/drone-home/ros2_ws/install/local_setup.bash'
[5.619s] INFO:colcon.colcon_core.shell:Creating prefix chain script '/workspaces/isaac_ros-dev/drone-home/ros2_ws/install/setup.bash'
[5.623s] INFO:colcon.colcon_core.shell:Creating prefix script '/workspaces/isaac_ros-dev/drone-home/ros2_ws/install/local_setup.zsh'
[5.625s] INFO:colcon.colcon_core.shell:Creating prefix chain script '/workspaces/isaac_ros-dev/drone-home/ros2_ws/install/setup.zsh'
