[1.335s] Invoking command in '/home/pi/drone-home/ros2_ws/src/drone_home': DEBUGINFOD_URLS=https://debuginfod.ubuntu.com PYTHONPATH=/home/pi/drone-home/ros2_ws/build/drone_home/prefix_override:/usr/lib/python3/dist-packages/colcon_core/task/python/colcon_distutils_commands:/home/pi/drone-home/ros2_ws/install/drone_home/lib/python3.12/site-packages:${PYTHONPATH} /usr/bin/python3 -W ignore:setup.py install is deprecated setup.py egg_info --egg-base ../../build/drone_home build --build-base /home/pi/drone-home/ros2_ws/build/drone_home/build install --record /home/pi/drone-home/ros2_ws/build/drone_home/install.log --single-version-externally-managed install_data
[1.721s] running egg_info
[1.748s] writing ../../build/drone_home/drone_home.egg-info/PKG-INFO
[1.749s] writing dependency_links to ../../build/drone_home/drone_home.egg-info/dependency_links.txt
[1.754s] writing entry points to ../../build/drone_home/drone_home.egg-info/entry_points.txt
[1.756s] writing requirements to ../../build/drone_home/drone_home.egg-info/requires.txt
[1.759s] writing top-level names to ../../build/drone_home/drone_home.egg-info/top_level.txt
[1.822s] reading manifest file '../../build/drone_home/drone_home.egg-info/SOURCES.txt'
[1.823s] writing manifest file '../../build/drone_home/drone_home.egg-info/SOURCES.txt'
[1.828s] running build
[1.829s] running build_py
[1.829s] copying drone_home/joy_to_ackermann.py -> /home/pi/drone-home/ros2_ws/build/drone_home/build/lib/drone_home
[1.829s] running install
[1.840s] running install_lib
[1.870s] copying /home/pi/drone-home/ros2_ws/build/drone_home/build/lib/drone_home/joy_to_ackermann.py -> /home/pi/drone-home/ros2_ws/install/drone_home/lib/python3.12/site-packages/drone_home
[1.871s] byte-compiling /home/pi/drone-home/ros2_ws/install/drone_home/lib/python3.12/site-packages/drone_home/joy_to_ackermann.py to joy_to_ackermann.cpython-312.pyc
[1.872s] running install_data
[1.872s] running install_egg_info
[1.902s] removing '/home/pi/drone-home/ros2_ws/install/drone_home/lib/python3.12/site-packages/drone_home-0.0.0-py3.12.egg-info' (and everything under it)
[1.902s] Copying ../../build/drone_home/drone_home.egg-info to /home/pi/drone-home/ros2_ws/install/drone_home/lib/python3.12/site-packages/drone_home-0.0.0-py3.12.egg-info
[1.903s] running install_scripts
[2.101s] Installing controller script to /home/pi/drone-home/ros2_ws/install/drone_home/lib/drone_home
[2.101s] Installing drive_hardware script to /home/pi/drone-home/ros2_ws/install/drone_home/lib/drone_home
[2.103s] Installing drive_publisher script to /home/pi/drone-home/ros2_ws/install/drone_home/lib/drone_home
[2.106s] Installing imu_publisher script to /home/pi/drone-home/ros2_ws/install/drone_home/lib/drone_home
[2.109s] writing list of installed files to '/home/pi/drone-home/ros2_ws/build/drone_home/install.log'
[2.199s] Invoked command in '/home/pi/drone-home/ros2_ws/src/drone_home' returned '0': DEBUGINFOD_URLS=https://debuginfod.ubuntu.com PYTHONPATH=/home/pi/drone-home/ros2_ws/build/drone_home/prefix_override:/usr/lib/python3/dist-packages/colcon_core/task/python/colcon_distutils_commands:/home/pi/drone-home/ros2_ws/install/drone_home/lib/python3.12/site-packages:${PYTHONPATH} /usr/bin/python3 -W ignore:setup.py install is deprecated setup.py egg_info --egg-base ../../build/drone_home build --build-base /home/pi/drone-home/ros2_ws/build/drone_home/build install --record /home/pi/drone-home/ros2_ws/build/drone_home/install.log --single-version-externally-managed install_data
