running egg_info
writing ../../build/drone_home/drone_home.egg-info/PKG-INFO
writing dependency_links to ../../build/drone_home/drone_home.egg-info/dependency_links.txt
writing entry points to ../../build/drone_home/drone_home.egg-info/entry_points.txt
writing requirements to ../../build/drone_home/drone_home.egg-info/requires.txt
writing top-level names to ../../build/drone_home/drone_home.egg-info/top_level.txt
reading manifest file '../../build/drone_home/drone_home.egg-info/SOURCES.txt'
writing manifest file '../../build/drone_home/drone_home.egg-info/SOURCES.txt'
running build
running build_py
copying drone_home/gps_imu_publisher.py -> /home/pi/drone-home/ros2_ws/build/drone_home/build/lib/drone_home
running install
running install_lib
copying /home/pi/drone-home/ros2_ws/build/drone_home/build/lib/drone_home/gps_imu_publisher.py -> /home/pi/drone-home/ros2_ws/install/drone_home/lib/python3.12/site-packages/drone_home
byte-compiling /home/pi/drone-home/ros2_ws/install/drone_home/lib/python3.12/site-packages/drone_home/gps_imu_publisher.py to gps_imu_publisher.cpython-312.pyc
running install_data
running install_egg_info
removing '/home/pi/drone-home/ros2_ws/install/drone_home/lib/python3.12/site-packages/drone_home-0.0.0-py3.12.egg-info' (and everything under it)
Copying ../../build/drone_home/drone_home.egg-info to /home/pi/drone-home/ros2_ws/install/drone_home/lib/python3.12/site-packages/drone_home-0.0.0-py3.12.egg-info
running install_scripts
interrupted
