[1.165s] Invoking command in '/home/pi/ros2_ws/src/drone_home': DEBUGINFOD_URLS=https://debuginfod.ubuntu.com PS1=(.venv) \[\e]0;\u@\h: \w\a\]${debian_chroot:+($debian_chroot)}\[\033[01;32m\]\u@\h\[\033[00m\]:\[\033[01;34m\]\w\[\033[00m\]\$ PYTHONPATH=/home/pi/ros2_ws/build/drone_home/prefix_override:/usr/lib/python3/dist-packages/colcon_core/task/python/colcon_distutils_commands:/home/pi/ros2_ws/install/drone_home/lib/python3.12/site-packages:${PYTHONPATH} VIRTUAL_ENV_PROMPT=(.venv) /usr/bin/python3 -W ignore:setup.py install is deprecated setup.py egg_info --egg-base ../../build/drone_home build --build-base /home/pi/ros2_ws/build/drone_home/build install --record /home/pi/ros2_ws/build/drone_home/install.log --single-version-externally-managed install_data
[1.516s] running egg_info
[1.540s] writing ../../build/drone_home/drone_home.egg-info/PKG-INFO
[1.541s] writing dependency_links to ../../build/drone_home/drone_home.egg-info/dependency_links.txt
[1.542s] writing entry points to ../../build/drone_home/drone_home.egg-info/entry_points.txt
[1.542s] writing requirements to ../../build/drone_home/drone_home.egg-info/requires.txt
[1.542s] writing top-level names to ../../build/drone_home/drone_home.egg-info/top_level.txt
[1.592s] reading manifest file '../../build/drone_home/drone_home.egg-info/SOURCES.txt'
[1.593s] writing manifest file '../../build/drone_home/drone_home.egg-info/SOURCES.txt'
[1.593s] running build
[1.593s] running build_py
[1.593s] running install
[1.603s] running install_lib
[1.629s] running install_data
[1.629s] running install_egg_info
[1.655s] removing '/home/pi/ros2_ws/install/drone_home/lib/python3.12/site-packages/drone_home-0.0.0-py3.12.egg-info' (and everything under it)
[1.656s] Copying ../../build/drone_home/drone_home.egg-info to /home/pi/ros2_ws/install/drone_home/lib/python3.12/site-packages/drone_home-0.0.0-py3.12.egg-info
[1.658s] running install_scripts
[1.831s] Installing imu_publisher script to /home/pi/ros2_ws/install/drone_home/lib/drone_home
[1.831s] writing list of installed files to '/home/pi/ros2_ws/build/drone_home/install.log'
[1.908s] Invoked command in '/home/pi/ros2_ws/src/drone_home' returned '0': DEBUGINFOD_URLS=https://debuginfod.ubuntu.com PS1=(.venv) \[\e]0;\u@\h: \w\a\]${debian_chroot:+($debian_chroot)}\[\033[01;32m\]\u@\h\[\033[00m\]:\[\033[01;34m\]\w\[\033[00m\]\$ PYTHONPATH=/home/pi/ros2_ws/build/drone_home/prefix_override:/usr/lib/python3/dist-packages/colcon_core/task/python/colcon_distutils_commands:/home/pi/ros2_ws/install/drone_home/lib/python3.12/site-packages:${PYTHONPATH} VIRTUAL_ENV_PROMPT=(.venv) /usr/bin/python3 -W ignore:setup.py install is deprecated setup.py egg_info --egg-base ../../build/drone_home build --build-base /home/pi/ros2_ws/build/drone_home/build install --record /home/pi/ros2_ws/build/drone_home/install.log --single-version-externally-managed install_data
