[0.000000] (-) TimerEvent: {}
[0.000565] (drone_home) JobQueued: {'identifier': 'drone_home', 'dependencies': OrderedDict()}
[0.001096] (drone_home) JobStarted: {'identifier': 'drone_home'}
[0.099432] (-) TimerEvent: {}
[0.200014] (-) TimerEvent: {}
[0.300589] (-) TimerEvent: {}
[0.401233] (-) TimerEvent: {}
[0.502050] (-) TimerEvent: {}
[0.602840] (-) TimerEvent: {}
[0.703615] (-) TimerEvent: {}
[0.804429] (-) TimerEvent: {}
[0.905236] (-) TimerEvent: {}
[1.006487] (-) TimerEvent: {}
[1.107091] (-) TimerEvent: {}
[1.207675] (-) TimerEvent: {}
[1.308291] (-) TimerEvent: {}
[1.408908] (-) TimerEvent: {}
[1.513824] (-) TimerEvent: {}
[1.614429] (-) TimerEvent: {}
[1.715004] (-) TimerEvent: {}
[1.815589] (-) TimerEvent: {}
[1.916173] (-) TimerEvent: {}
[2.016761] (-) TimerEvent: {}
[2.117333] (-) TimerEvent: {}
[2.217937] (-) TimerEvent: {}
[2.318524] (-) TimerEvent: {}
[2.419159] (-) TimerEvent: {}
[2.519847] (-) TimerEvent: {}
[2.533080] (drone_home) Command: {'cmd': ['/usr/bin/python3', '-W', 'ignore:setup.py install is deprecated', 'setup.py', 'egg_info', '--egg-base', '../../build/drone_home', 'build', '--build-base', '/workspaces/isaac_ros-dev/drone-home/ros2_ws/build/drone_home/build', 'install', '--record', '/workspaces/isaac_ros-dev/drone-home/ros2_ws/build/drone_home/install.log', '--single-version-externally-managed', 'install_data'], 'cwd': '/workspaces/isaac_ros-dev/drone-home/ros2_ws/src/drone_home', 'env': {'LIBRARY_PATH': '/usr/local/cuda/lib64/stubs', 'PYTHONWARNINGS': 'ignore:::setuptools.command.install,ignore:::setuptools.command.easy_install,ignore:::pkg_resources,ignore:::setuptools.command.develop', 'NV_LIBCUBLAS_VERSION': '12.6.1.4-1', 'USER': 'jet', 'NV_CUDA_NSIGHT_COMPUTE_VERSION': '12.6.11-1', 'HOSTNAME': 'drone-home', 'SHLVL': '1', 'LD_LIBRARY_PATH': '/opt/ros/humble/opt/rviz_ogre_vendor/lib:/opt/ros/humble/lib/aarch64-linux-gnu:/opt/ros/humble/lib:/usr/lib/aarch64-linux-gnu/tegra/weston:/usr/lib/aarch64-linux-gnu/tegra-egl:/usr/local/cuda-12.6/targets/aarch64-linux/lib:/usr/lib/aarch64-linux-gnu/tegra:/opt/nvidia/vpi3/lib64:/usr/local/libcudss-linux-0.3.0.9_cuda12-archive/lib:/usr/local/nvidia/lib:/usr/local/nvidia/lib64:/usr/lib/aarch64-linux-gnu-host:/opt/tritonserver/lib', 'HOME': '/home/admin', 'OLDPWD': '/workspaces/isaac_ros-dev/drone-home/ros2_ws/src', 'HOST_USER_GID': '1000', 'NV_LIBCUBLAS_DEV_VERSION': '12.6.1.4-1', 'ROS_PYTHON_VERSION': '3', 'NV_LIBNPP_PACKAGE': 'libnpp-12-6=12.3.1.54-1', 'CUDA_VERSION': '12.6.11', 'COLCON_PREFIX_PATH': '/workspaces/isaac_ros-dev/drone-home/ros2_ws/install', 'ROS_DISTRO': 'humble', 'NV_LIBCUBLAS_PACKAGE_NAME': 'libcublas-12-6', 'NVIDIA_REQUIRE_CUDA': 'cuda>=12.6', '_': '/usr/bin/colcon', 'ROS_VERSION': '2', 'NV_LIBCUSPARSE_VERSION': '12.5.3.3-1', 'NVIDIA_DRIVER_CAPABILITIES': 'all', 'NV_CUDA_LIB_VERSION': '12.6.11-1', 'NV_NVML_DEV_VERSION': '12.6.68-1', 'USERNAME': 'admin', 'NV_LIBNPP_DEV_PACKAGE': 'libnpp-dev-12-6=12.3.1.54-1', 'TERM': 'xterm', 'ISAAC_ROS_WS': '/workspaces/isaac_ros-dev', 'NV_CUDA_CUDART_VERSION': '12.6.68-1', 'ROS_LOCALHOST_ONLY': '0', 'PATH': '/opt/ros/humble/bin:/opt/ros/humble/vcstool/scripts:/usr/local/nvidia/bin:/usr/local/cuda/bin:/usr/src/tensorrt/bin:/usr/local/nvidia/bin:/usr/local/cuda/bin:/usr/local/sbin:/usr/local/bin:/usr/sbin:/usr/bin:/sbin:/bin', 'NV_LIBCUBLAS_DEV_PACKAGE_NAME': 'libcublas-dev-12-6', 'NV_LIBCUBLAS_PACKAGE': 'libcublas-12-6=12.6.1.4-1', 'HOST_USER_UID': '1000', 'NVARCH': 'arm64', 'CUDSS_DIR': '/usr/local/libcudss-linux-0.3.0.9_cuda12-archive', 'NV_LIBCUSPARSE_DEV_VERSION': '12.5.3.3-1', 'NVIDIA_PRODUCT_NAME': 'CUDA', 'LANG': 'en_US.UTF-8', 'RMW_IMPLEMENTATION': 'rmw_fastrtps_cpp', 'NV_CUDA_CUDART_DEV_VERSION': '12.6.68-1', 'ROS_ROOT': '/opt/ros/humble', 'AMENT_PREFIX_PATH': '/workspaces/isaac_ros-dev/drone-home/ros2_ws/install/drone_home:/opt/ros/humble', 'DEBIAN_FRONTEND': 'noninteractive', 'SHELL': '/bin/bash', 'TRT_INCLUDE_PATH': '/usr/include/aarch64-linux-gnu', 'NV_LIBCUBLAS_DEV_PACKAGE': 'libcublas-dev-12-6=12.6.1.4-1', 'NV_CUDA_NSIGHT_COMPUTE_DEV_PACKAGE': 'cuda-nsight-compute-12-6=12.6.11-1', 'NVIDIA_REQUIRE_JETPACK_HOST_MOUNTS': 'base-only', 'NV_NVTX_VERSION': '12.6.68-1', 'NV_LIBNPP_VERSION': '12.3.1.54-1', 'PWD': '/workspaces/isaac_ros-dev/drone-home/ros2_ws/build/drone_home', 'PYTHONPATH': '/workspaces/isaac_ros-dev/drone-home/ros2_ws/build/drone_home/prefix_override:/usr/lib/python3/dist-packages/colcon_core/task/python/colcon_distutils_commands:/workspaces/isaac_ros-dev/drone-home/ros2_ws/install/drone_home/lib/python3.10/site-packages:/workspaces/isaac_ros-dev/drone-home/ros2_ws/install/drone_home/lib/python3.10/site-packages:/opt/ros/humble/lib/python3.10/site-packages:/opt/ros/humble/local/lib/python3.10/dist-packages:/opt/ros/humble/vcstool:', 'NVIDIA_VISIBLE_DEVICES': 'nvidia.com/gpu=all,nvidia.com/pva=all', 'COLCON': '1', 'NV_LIBNPP_DEV_VERSION': '12.3.1.54-1', 'CMAKE_PREFIX_PATH': '/usr/local/libcudss-linux-0.3.0.9_cuda12-archive:', 'TRT_LIB_PATH': '/usr/lib/aarch64-linux-gnu'}, 'shell': False}
[2.620001] (-) TimerEvent: {}
[2.720595] (-) TimerEvent: {}
[2.821171] (-) TimerEvent: {}
[2.921762] (-) TimerEvent: {}
[3.022334] (-) TimerEvent: {}
[3.122968] (-) TimerEvent: {}
[3.223718] (-) TimerEvent: {}
[3.324392] (-) TimerEvent: {}
[3.425195] (-) TimerEvent: {}
[3.518276] (drone_home) StdoutLine: {'line': b'running egg_info\n'}
[3.525276] (-) TimerEvent: {}
[3.557545] (drone_home) StdoutLine: {'line': b'writing ../../build/drone_home/drone_home.egg-info/PKG-INFO\n'}
[3.558160] (drone_home) StdoutLine: {'line': b'writing dependency_links to ../../build/drone_home/drone_home.egg-info/dependency_links.txt\n'}
[3.558680] (drone_home) StdoutLine: {'line': b'writing entry points to ../../build/drone_home/drone_home.egg-info/entry_points.txt\n'}
[3.559011] (drone_home) StdoutLine: {'line': b'writing requirements to ../../build/drone_home/drone_home.egg-info/requires.txt\n'}
[3.559268] (drone_home) StdoutLine: {'line': b'writing top-level names to ../../build/drone_home/drone_home.egg-info/top_level.txt\n'}
[3.625473] (-) TimerEvent: {}
[3.722224] (drone_home) StderrLine: {'line': b"ERROR setuptools_scm._file_finders.git listing git files failed - pretending there aren't any\n"}
[3.725536] (-) TimerEvent: {}
[3.826049] (-) TimerEvent: {}
[3.926665] (-) TimerEvent: {}
[3.965177] (drone_home) StdoutLine: {'line': b"reading manifest file '../../build/drone_home/drone_home.egg-info/SOURCES.txt'\n"}
[3.967324] (drone_home) StdoutLine: {'line': b"writing manifest file '../../build/drone_home/drone_home.egg-info/SOURCES.txt'\n"}
[3.967708] (drone_home) StdoutLine: {'line': b'running build\n'}
[3.967978] (drone_home) StdoutLine: {'line': b'running build_py\n'}
[3.968827] (drone_home) StdoutLine: {'line': b'copying drone_home/pwm_publisher.py -> /workspaces/isaac_ros-dev/drone-home/ros2_ws/build/drone_home/build/lib/drone_home\n'}
[3.970020] (drone_home) StdoutLine: {'line': b'running install\n'}
[3.980773] (drone_home) StdoutLine: {'line': b'running install_lib\n'}
[4.022684] (drone_home) StdoutLine: {'line': b'copying /workspaces/isaac_ros-dev/drone-home/ros2_ws/build/drone_home/build/lib/drone_home/pwm_publisher.py -> /workspaces/isaac_ros-dev/drone-home/ros2_ws/install/drone_home/lib/python3.10/site-packages/drone_home\n'}
[4.024519] (drone_home) StdoutLine: {'line': b'byte-compiling /workspaces/isaac_ros-dev/drone-home/ros2_ws/install/drone_home/lib/python3.10/site-packages/drone_home/pwm_publisher.py to pwm_publisher.cpython-310.pyc\n'}
[4.026213] (drone_home) StdoutLine: {'line': b'running install_data\n'}
[4.026570] (drone_home) StdoutLine: {'line': b'running install_egg_info\n'}
[4.026726] (-) TimerEvent: {}
[4.066740] (drone_home) StdoutLine: {'line': b"removing '/workspaces/isaac_ros-dev/drone-home/ros2_ws/install/drone_home/lib/python3.10/site-packages/drone_home-0.0.0-py3.10.egg-info' (and everything under it)\n"}
[4.067439] (drone_home) StdoutLine: {'line': b'Copying ../../build/drone_home/drone_home.egg-info to /workspaces/isaac_ros-dev/drone-home/ros2_ws/install/drone_home/lib/python3.10/site-packages/drone_home-0.0.0-py3.10.egg-info\n'}
[4.069332] (drone_home) StdoutLine: {'line': b'running install_scripts\n'}
[4.126887] (-) TimerEvent: {}
[4.219947] (drone_home) StdoutLine: {'line': b'Installing controller script to /workspaces/isaac_ros-dev/drone-home/ros2_ws/install/drone_home/lib/drone_home\n'}
[4.220429] (drone_home) StdoutLine: {'line': b'Installing drive_hardware script to /workspaces/isaac_ros-dev/drone-home/ros2_ws/install/drone_home/lib/drone_home\n'}
[4.220708] (drone_home) StdoutLine: {'line': b'Installing drive_publisher script to /workspaces/isaac_ros-dev/drone-home/ros2_ws/install/drone_home/lib/drone_home\n'}
[4.221004] (drone_home) StdoutLine: {'line': b'Installing gps_publisher script to /workspaces/isaac_ros-dev/drone-home/ros2_ws/install/drone_home/lib/drone_home\n'}
[4.221289] (drone_home) StdoutLine: {'line': b'Installing imu_publisher script to /workspaces/isaac_ros-dev/drone-home/ros2_ws/install/drone_home/lib/drone_home\n'}
[4.221578] (drone_home) StdoutLine: {'line': b'Installing pwm_publisher script to /workspaces/isaac_ros-dev/drone-home/ros2_ws/install/drone_home/lib/drone_home\n'}
[4.221887] (drone_home) StdoutLine: {'line': b'Installing visualization script to /workspaces/isaac_ros-dev/drone-home/ros2_ws/install/drone_home/lib/drone_home\n'}
[4.223055] (drone_home) StdoutLine: {'line': b"writing list of installed files to '/workspaces/isaac_ros-dev/drone-home/ros2_ws/build/drone_home/install.log'\n"}
[4.227004] (-) TimerEvent: {}
[4.327574] (-) TimerEvent: {}
[4.346449] (drone_home) CommandEnded: {'returncode': 0}
[4.380817] (drone_home) JobEnded: {'identifier': 'drone_home', 'rc': 0}
[4.383380] (-) EventReactorShutdown: {}
