[1.542s] Invoking command in '/home/pi/drone-home/ros2_ws/src/drone_home': DEBUGINFOD_URLS=https://debuginfod.ubuntu.com PYTHONPATH=/home/pi/drone-home/ros2_ws/build/drone_home/prefix_override:/usr/lib/python3/dist-packages/colcon_core/task/python/colcon_distutils_commands:/home/pi/drone-home/ros2_ws/install/drone_home/lib/python3.12/site-packages:${PYTHONPATH} /usr/bin/python3 -W ignore:setup.py install is deprecated setup.py egg_info --egg-base ../../build/drone_home build --build-base /home/pi/drone-home/ros2_ws/build/drone_home/build install --record /home/pi/drone-home/ros2_ws/build/drone_home/install.log --single-version-externally-managed install_data
[1.916s] running egg_info
[1.943s] writing ../../build/drone_home/drone_home.egg-info/PKG-INFO
[1.943s] writing dependency_links to ../../build/drone_home/drone_home.egg-info/dependency_links.txt
[2.037s] writing entry points to ../../build/drone_home/drone_home.egg-info/entry_points.txt
[2.088s] writing requirements to ../../build/drone_home/drone_home.egg-info/requires.txt
[2.136s] writing top-level names to ../../build/drone_home/drone_home.egg-info/top_level.txt
[2.248s] reading manifest file '../../build/drone_home/drone_home.egg-info/SOURCES.txt'
[2.249s] writing manifest file '../../build/drone_home/drone_home.egg-info/SOURCES.txt'
[2.249s] running build
[2.249s] running build_py
[2.250s] copying drone_home/gps_imu_publisher.py -> /home/pi/drone-home/ros2_ws/build/drone_home/build/lib/drone_home
[2.250s] copying drone_home/markers.py -> /home/pi/drone-home/ros2_ws/build/drone_home/build/lib/drone_home
[2.250s] copying drone_home/geo_tools.py -> /home/pi/drone-home/ros2_ws/build/drone_home/build/lib/drone_home
[2.251s] running install
[2.260s] running install_lib
[2.288s] copying /home/pi/drone-home/ros2_ws/build/drone_home/build/lib/drone_home/gps_imu_publisher.py -> /home/pi/drone-home/ros2_ws/install/drone_home/lib/python3.12/site-packages/drone_home
[2.288s] copying /home/pi/drone-home/ros2_ws/build/drone_home/build/lib/drone_home/markers.py -> /home/pi/drone-home/ros2_ws/install/drone_home/lib/python3.12/site-packages/drone_home
[2.289s] copying /home/pi/drone-home/ros2_ws/build/drone_home/build/lib/drone_home/geo_tools.py -> /home/pi/drone-home/ros2_ws/install/drone_home/lib/python3.12/site-packages/drone_home
[2.289s] byte-compiling /home/pi/drone-home/ros2_ws/install/drone_home/lib/python3.12/site-packages/drone_home/gps_imu_publisher.py to gps_imu_publisher.cpython-312.pyc
[2.302s] byte-compiling /home/pi/drone-home/ros2_ws/install/drone_home/lib/python3.12/site-packages/drone_home/markers.py to markers.cpython-312.pyc
[2.352s] byte-compiling /home/pi/drone-home/ros2_ws/install/drone_home/lib/python3.12/site-packages/drone_home/geo_tools.py to geo_tools.cpython-312.pyc
[2.399s] running install_data
[2.400s] running install_egg_info
[2.433s] removing '/home/pi/drone-home/ros2_ws/install/drone_home/lib/python3.12/site-packages/drone_home-0.0.0-py3.12.egg-info' (and everything under it)
[2.434s] Copying ../../build/drone_home/drone_home.egg-info to /home/pi/drone-home/ros2_ws/install/drone_home/lib/python3.12/site-packages/drone_home-0.0.0-py3.12.egg-info
[2.435s] running install_scripts
[2.621s] Installing controller script to /home/pi/drone-home/ros2_ws/install/drone_home/lib/drone_home
[2.622s] Installing drive_hardware script to /home/pi/drone-home/ros2_ws/install/drone_home/lib/drone_home
[2.670s] Installing drive_publisher script to /home/pi/drone-home/ros2_ws/install/drone_home/lib/drone_home
[2.721s] Installing imu_publisher script to /home/pi/drone-home/ros2_ws/install/drone_home/lib/drone_home
[2.769s] Installing visualization script to /home/pi/drone-home/ros2_ws/install/drone_home/lib/drone_home
[2.822s] writing list of installed files to '/home/pi/drone-home/ros2_ws/build/drone_home/install.log'
[2.957s] Invoked command in '/home/pi/drone-home/ros2_ws/src/drone_home' returned '0': DEBUGINFOD_URLS=https://debuginfod.ubuntu.com PYTHONPATH=/home/pi/drone-home/ros2_ws/build/drone_home/prefix_override:/usr/lib/python3/dist-packages/colcon_core/task/python/colcon_distutils_commands:/home/pi/drone-home/ros2_ws/install/drone_home/lib/python3.12/site-packages:${PYTHONPATH} /usr/bin/python3 -W ignore:setup.py install is deprecated setup.py egg_info --egg-base ../../build/drone_home build --build-base /home/pi/drone-home/ros2_ws/build/drone_home/build install --record /home/pi/drone-home/ros2_ws/build/drone_home/install.log --single-version-externally-managed install_data
