[0.063s] Invoking command in '/workspaces/drone_home-dev/drone-home/ros2_ws/build/custom_messages': CMAKE_PREFIX_PATH=${CMAKE_PREFIX_PATH}:/opt/ros/humble /usr/local/bin/cmake --build /workspaces/drone_home-dev/drone-home/ros2_ws/build/custom_messages -- -j6 -l6
[0.304s] [0mCMake Deprecation Warning at CMakeLists.txt:1 (cmake_minimum_required):
[0.304s]   Compatibility with CMake < 3.10 will be removed from a future version of
[0.305s]   CMake.
[0.305s] 
[0.305s]   Update the VERSION argument <min> value.  Or, use the <min>...<max> syntax
[0.305s]   to tell CMake that the project requires at least <min> but has been updated
[0.305s]   to work with policies introduced by <max> or earlier.
[0.305s] 
[0.306s] [0m
[0.367s] -- Found ament_cmake: 1.3.11 (/opt/ros/humble/install/share/ament_cmake/cmake)
[0.892s] -- Found ament_lint_auto: 0.12.11 (/opt/ros/humble/install/share/ament_lint_auto/cmake)
[1.070s] -- Found sensor_msgs: 4.2.4 (/opt/ros/humble/install/share/sensor_msgs/cmake)
[1.167s] -- Found rosidl_generator_c: 3.1.6 (/opt/ros/humble/install/share/rosidl_generator_c/cmake)
[1.174s] -- Found rosidl_adapter: 3.1.6 (/opt/ros/humble/install/share/rosidl_adapter/cmake)
[1.197s] -- Found rosidl_generator_cpp: 3.1.6 (/opt/ros/humble/install/share/rosidl_generator_cpp/cmake)
[1.234s] -- Using all available rosidl_typesupport_c: rosidl_typesupport_fastrtps_c;rosidl_typesupport_introspection_c
[1.277s] -- Using all available rosidl_typesupport_cpp: rosidl_typesupport_fastrtps_cpp;rosidl_typesupport_introspection_cpp
[1.470s] -- Found rosidl_default_generators: 1.2.0 (/opt/ros/humble/install/share/rosidl_default_generators/cmake)
[1.986s] [31mCMake Error at /opt/ros/humble/install/share/rosidl_adapter/cmake/rosidl_adapt_interfaces.cmake:59 (message):
[1.986s]   execute_process(/usr/local/bin/python3 -m rosidl_adapter --package-name
[1.987s]   custom_messages --arguments-file
[1.987s]   /workspaces/drone_home-dev/drone-home/ros2_ws/build/custom_messages/rosidl_adapter__arguments__custom_messages.json
[1.987s]   --output-dir
[1.987s]   /workspaces/drone_home-dev/drone-home/ros2_ws/build/custom_messages/rosidl_adapter/custom_messages
[1.987s]   --output-file
[1.988s]   /workspaces/drone_home-dev/drone-home/ros2_ws/build/custom_messages/rosidl_adapter/custom_messages.idls)
[1.988s]   returned error code 1:
[1.988s] 
[1.988s]   Error processing 'sensor_msgs/msg/NavSatFix new_coordinate' of
[1.988s]   'custom_messages/SetCoordinate_Request': 'sensor_msgs/msg/NavSatFix'
[1.988s] 
[1.988s]   Traceback (most recent call last):
[1.989s] 
[1.989s]     File "/usr/lib/python3.10/runpy.py", line 196, in _run_module_as_main
[1.989s]       return _run_code(code, main_globals, None,
[1.990s]     File "/usr/lib/python3.10/runpy.py", line 86, in _run_code
[1.990s]       exec(code, run_globals)
[1.990s]     File "/opt/ros/humble/local/lib/python3.10/dist-packages/rosidl_adapter/__main__.py", line 19, in <module>
[1.990s]       sys.exit(main())
[1.990s]     File "/opt/ros/humble/local/lib/python3.10/dist-packages/rosidl_adapter/main.py", line 53, in main
[1.990s]       abs_idl_file = convert_to_idl(
[1.990s]     File "/opt/ros/humble/local/lib/python3.10/dist-packages/rosidl_adapter/__init__.py", line 24, in convert_to_idl
[1.991s]       return convert_srv_to_idl(
[1.991s]     File "/opt/ros/humble/local/lib/python3.10/dist-packages/rosidl_adapter/srv/__init__.py", line 28, in convert_srv_to_idl
[1.991s]       srv = parse_service_string(package_name, input_file.stem, content)
[1.991s]     File "/opt/ros/humble/local/lib/python3.10/dist-packages/rosidl_adapter/parser.py", line 859, in parse_service_string
[1.991s]       request_message = parse_message_string(
[1.991s]     File "/opt/ros/humble/local/lib/python3.10/dist-packages/rosidl_adapter/parser.py", line 520, in parse_message_string
[1.991s]       Type(type_string, context_package_name=pkg_name),
[1.991s]     File "/opt/ros/humble/local/lib/python3.10/dist-packages/rosidl_adapter/parser.py", line 277, in __init__
[1.992s]       super(Type, self).__init__(
[1.992s]     File "/opt/ros/humble/local/lib/python3.10/dist-packages/rosidl_adapter/parser.py", line 190, in __init__
[1.992s]       raise InvalidResourceName(type_string)
[1.992s] 
[1.992s]   rosidl_adapter.parser.InvalidResourceName: sensor_msgs/msg/NavSatFix
[1.992s] 
[1.992s] Call Stack (most recent call first):
[1.993s]   /opt/ros/humble/install/share/rosidl_cmake/cmake/rosidl_generate_interfaces.cmake:130 (rosidl_adapt_interfaces)
[1.993s]   CMakeLists.txt:29 (rosidl_generate_interfaces)
[1.993s] 
[1.993s] [0m
[1.993s] -- Configuring incomplete, errors occurred!
[2.004s] gmake: *** [Makefile:747: cmake_check_build_system] Error 1
[2.008s] Invoked command in '/workspaces/drone_home-dev/drone-home/ros2_ws/build/custom_messages' returned '2': CMAKE_PREFIX_PATH=${CMAKE_PREFIX_PATH}:/opt/ros/humble /usr/local/bin/cmake --build /workspaces/drone_home-dev/drone-home/ros2_ws/build/custom_messages -- -j6 -l6
