[3.574s] Invoking command in '/workspaces/drone_home-dev/drone-home/ros2_ws/src/drone_home': PYTHONPATH=/workspaces/drone_home-dev/drone-home/ros2_ws/build/drone_home/prefix_override:/usr/lib/python3/dist-packages/colcon_core/task/python/colcon_distutils_commands:/workspaces/drone_home-dev/drone-home/ros2_ws/install/drone_home/lib/python3.10/site-packages:${PYTHONPATH} /usr/bin/python3 -W ignore:setup.py install is deprecated -W ignore:easy_install command is deprecated setup.py egg_info --egg-base ../../build/drone_home build --build-base /workspaces/drone_home-dev/drone-home/ros2_ws/build/drone_home/build install --record /workspaces/drone_home-dev/drone-home/ros2_ws/build/drone_home/install.log --single-version-externally-managed install_data
[4.025s] /usr/local/lib/python3.10/dist-packages/setuptools/_distutils/dist.py:270: UserWarning: Unknown distribution option: 'tests_require'
[4.025s]   warnings.warn(msg)
[4.460s] running egg_info
[4.502s] writing ../../build/drone_home/drone_home.egg-info/PKG-INFO
[4.503s] writing dependency_links to ../../build/drone_home/drone_home.egg-info/dependency_links.txt
[4.504s] writing entry points to ../../build/drone_home/drone_home.egg-info/entry_points.txt
[4.504s] writing requirements to ../../build/drone_home/drone_home.egg-info/requires.txt
[4.505s] writing top-level names to ../../build/drone_home/drone_home.egg-info/top_level.txt
[4.595s] reading manifest file '../../build/drone_home/drone_home.egg-info/SOURCES.txt'
[4.599s] writing manifest file '../../build/drone_home/drone_home.egg-info/SOURCES.txt'
[4.600s] running build
[4.600s] running build_py
[4.602s] copying drone_home/__init__.py -> /workspaces/drone_home-dev/drone-home/ros2_ws/build/drone_home/build/lib/drone_home
[4.602s] copying drone_home/gps_publisher.py -> /workspaces/drone_home-dev/drone-home/ros2_ws/build/drone_home/build/lib/drone_home
[4.603s] copying drone_home/imu_publisher.py -> /workspaces/drone_home-dev/drone-home/ros2_ws/build/drone_home/build/lib/drone_home
[4.603s] copying drone_home/motor.py -> /workspaces/drone_home-dev/drone-home/ros2_ws/build/drone_home/build/lib/drone_home
[4.603s] copying drone_home/servo_jetson.py -> /workspaces/drone_home-dev/drone-home/ros2_ws/build/drone_home/build/lib/drone_home
[4.605s] copying drone_home/pwm_publisher.py -> /workspaces/drone_home-dev/drone-home/ros2_ws/build/drone_home/build/lib/drone_home
[4.606s] copying drone_home/ackermann_drive.py -> /workspaces/drone_home-dev/drone-home/ros2_ws/build/drone_home/build/lib/drone_home
[4.609s] copying drone_home/cv_controller.py -> /workspaces/drone_home-dev/drone-home/ros2_ws/build/drone_home/build/lib/drone_home
[4.609s] copying drone_home/geo_tools.py -> /workspaces/drone_home-dev/drone-home/ros2_ws/build/drone_home/build/lib/drone_home
[4.610s] copying drone_home/controller.py -> /workspaces/drone_home-dev/drone-home/ros2_ws/build/drone_home/build/lib/drone_home
[4.611s] copying drone_home/markers.py -> /workspaces/drone_home-dev/drone-home/ros2_ws/build/drone_home/build/lib/drone_home
[4.612s] copying drone_home/joy_to_ackermann.py -> /workspaces/drone_home-dev/drone-home/ros2_ws/build/drone_home/build/lib/drone_home
[4.612s] copying drone_home/data_loader.py -> /workspaces/drone_home-dev/drone-home/ros2_ws/build/drone_home/build/lib/drone_home
[4.613s] running install
[4.624s] running install_lib
[4.675s] running install_data
[4.677s] running install_egg_info
[4.723s] removing '/workspaces/drone_home-dev/drone-home/ros2_ws/install/drone_home/lib/python3.10/site-packages/drone_home-0.0.0-py3.10.egg-info' (and everything under it)
[4.724s] Copying ../../build/drone_home/drone_home.egg-info to /workspaces/drone_home-dev/drone-home/ros2_ws/install/drone_home/lib/python3.10/site-packages/drone_home-0.0.0-py3.10.egg-info
[4.727s] running install_scripts
[5.084s] Installing controller script to /workspaces/drone_home-dev/drone-home/ros2_ws/install/drone_home/lib/drone_home
[5.085s] Installing cv_controller script to /workspaces/drone_home-dev/drone-home/ros2_ws/install/drone_home/lib/drone_home
[5.085s] Installing drive_hardware script to /workspaces/drone_home-dev/drone-home/ros2_ws/install/drone_home/lib/drone_home
[5.086s] Installing drive_publisher script to /workspaces/drone_home-dev/drone-home/ros2_ws/install/drone_home/lib/drone_home
[5.086s] Installing gps_publisher script to /workspaces/drone_home-dev/drone-home/ros2_ws/install/drone_home/lib/drone_home
[5.086s] Installing imu_publisher script to /workspaces/drone_home-dev/drone-home/ros2_ws/install/drone_home/lib/drone_home
[5.086s] Installing pwm_publisher script to /workspaces/drone_home-dev/drone-home/ros2_ws/install/drone_home/lib/drone_home
[5.087s] Installing visualization script to /workspaces/drone_home-dev/drone-home/ros2_ws/install/drone_home/lib/drone_home
[5.093s] writing list of installed files to '/workspaces/drone_home-dev/drone-home/ros2_ws/build/drone_home/install.log'
[5.221s] Invoked command in '/workspaces/drone_home-dev/drone-home/ros2_ws/src/drone_home' returned '0': PYTHONPATH=/workspaces/drone_home-dev/drone-home/ros2_ws/build/drone_home/prefix_override:/usr/lib/python3/dist-packages/colcon_core/task/python/colcon_distutils_commands:/workspaces/drone_home-dev/drone-home/ros2_ws/install/drone_home/lib/python3.10/site-packages:${PYTHONPATH} /usr/bin/python3 -W ignore:setup.py install is deprecated -W ignore:easy_install command is deprecated setup.py egg_info --egg-base ../../build/drone_home build --build-base /workspaces/drone_home-dev/drone-home/ros2_ws/build/drone_home/build install --record /workspaces/drone_home-dev/drone-home/ros2_ws/build/drone_home/install.log --single-version-externally-managed install_data
