[0.383s] DEBUG:colcon:Command line arguments: ['/usr/bin/colcon', 'build']
[0.383s] DEBUG:colcon:Parsed command line arguments: Namespace(log_base=None, log_level=None, verb_name='build', build_base='build', install_base='install', merge_install=False, symlink_install=False, test_result_base=None, continue_on_error=False, executor='parallel', parallel_workers=6, event_handlers=None, ignore_user_meta=False, metas=['./colcon.meta'], base_paths=['.'], packages_ignore=None, packages_ignore_regex=None, paths=None, packages_up_to=None, packages_up_to_regex=None, packages_above=None, packages_above_and_dependencies=None, packages_above_depth=None, packages_select_by_dep=None, packages_skip_by_dep=None, packages_skip_up_to=None, packages_select_build_failed=False, packages_skip_build_finished=False, packages_select_test_failures=False, packages_skip_test_passed=False, packages_select=None, packages_skip=None, packages_select_regex=None, packages_skip_regex=None, packages_start=None, packages_end=None, cmake_args=None, cmake_target=None, cmake_target_skip_unavailable=False, cmake_clean_cache=False, cmake_clean_first=False, cmake_force_configure=False, ament_cmake_args=None, catkin_cmake_args=None, catkin_skip_building_tests=False, verb_parser=<colcon_defaults.argument_parser.defaults.DefaultArgumentsDecorator object at 0xffffa8402680>, verb_extension=<colcon_core.verb.build.BuildVerb object at 0xffffa8402200>, main=<bound method BuildVerb.main of <colcon_core.verb.build.BuildVerb object at 0xffffa8402200>>)
[0.500s] Level 1:colcon.colcon_core.package_discovery:discover_packages(colcon_meta) check parameters
[0.500s] Level 1:colcon.colcon_core.package_discovery:discover_packages(recursive) check parameters
[0.500s] Level 1:colcon.colcon_core.package_discovery:discover_packages(ignore) check parameters
[0.500s] Level 1:colcon.colcon_core.package_discovery:discover_packages(path) check parameters
[0.501s] Level 1:colcon.colcon_core.package_discovery:discover_packages(colcon_meta) discover
[0.501s] Level 1:colcon.colcon_core.package_discovery:discover_packages(recursive) discover
[0.501s] INFO:colcon.colcon_core.package_discovery:Crawling recursively for packages in '/workspaces/drone_home-dev/drone-home/ros2_ws'
[0.501s] Level 1:colcon.colcon_core.package_identification:_identify(.) by extensions ['ignore', 'ignore_ament_install']
[0.501s] Level 1:colcon.colcon_core.package_identification:_identify(.) by extension 'ignore'
[0.501s] Level 1:colcon.colcon_core.package_identification:_identify(.) by extension 'ignore_ament_install'
[0.502s] Level 1:colcon.colcon_core.package_identification:_identify(.) by extensions ['colcon_pkg']
[0.502s] Level 1:colcon.colcon_core.package_identification:_identify(.) by extension 'colcon_pkg'
[0.502s] Level 1:colcon.colcon_core.package_identification:_identify(.) by extensions ['colcon_meta']
[0.502s] Level 1:colcon.colcon_core.package_identification:_identify(.) by extension 'colcon_meta'
[0.502s] Level 1:colcon.colcon_core.package_identification:_identify(.) by extensions ['ros']
[0.502s] Level 1:colcon.colcon_core.package_identification:_identify(.) by extension 'ros'
[0.543s] Level 1:colcon.colcon_core.package_identification:_identify(.) by extensions ['cmake', 'python']
[0.544s] Level 1:colcon.colcon_core.package_identification:_identify(.) by extension 'cmake'
[0.544s] Level 1:colcon.colcon_core.package_identification:_identify(.) by extension 'python'
[0.544s] Level 1:colcon.colcon_core.package_identification:_identify(.) by extensions ['python_setup_py']
[0.544s] Level 1:colcon.colcon_core.package_identification:_identify(.) by extension 'python_setup_py'
[0.544s] Level 1:colcon.colcon_core.package_identification:_identify(build) by extensions ['ignore', 'ignore_ament_install']
[0.544s] Level 1:colcon.colcon_core.package_identification:_identify(build) by extension 'ignore'
[0.545s] Level 1:colcon.colcon_core.package_identification:_identify(build) ignored
[0.545s] Level 1:colcon.colcon_core.package_identification:_identify(custom_messages) by extensions ['ignore', 'ignore_ament_install']
[0.545s] Level 1:colcon.colcon_core.package_identification:_identify(custom_messages) by extension 'ignore'
[0.545s] Level 1:colcon.colcon_core.package_identification:_identify(custom_messages) by extension 'ignore_ament_install'
[0.545s] Level 1:colcon.colcon_core.package_identification:_identify(custom_messages) by extensions ['colcon_pkg']
[0.545s] Level 1:colcon.colcon_core.package_identification:_identify(custom_messages) by extension 'colcon_pkg'
[0.546s] Level 1:colcon.colcon_core.package_identification:_identify(custom_messages) by extensions ['colcon_meta']
[0.546s] Level 1:colcon.colcon_core.package_identification:_identify(custom_messages) by extension 'colcon_meta'
[0.546s] Level 1:colcon.colcon_core.package_identification:_identify(custom_messages) by extensions ['ros']
[0.546s] Level 1:colcon.colcon_core.package_identification:_identify(custom_messages) by extension 'ros'
[0.552s] DEBUG:colcon.colcon_core.package_identification:Package 'custom_messages' with type 'ros.ament_cmake' and name 'custom_messages'
[0.552s] Level 1:colcon.colcon_core.package_identification:_identify(install) by extensions ['ignore', 'ignore_ament_install']
[0.553s] Level 1:colcon.colcon_core.package_identification:_identify(install) by extension 'ignore'
[0.553s] Level 1:colcon.colcon_core.package_identification:_identify(install) ignored
[0.553s] Level 1:colcon.colcon_core.package_identification:_identify(launch) by extensions ['ignore', 'ignore_ament_install']
[0.553s] Level 1:colcon.colcon_core.package_identification:_identify(launch) by extension 'ignore'
[0.553s] Level 1:colcon.colcon_core.package_identification:_identify(launch) by extension 'ignore_ament_install'
[0.553s] Level 1:colcon.colcon_core.package_identification:_identify(launch) by extensions ['colcon_pkg']
[0.553s] Level 1:colcon.colcon_core.package_identification:_identify(launch) by extension 'colcon_pkg'
[0.553s] Level 1:colcon.colcon_core.package_identification:_identify(launch) by extensions ['colcon_meta']
[0.554s] Level 1:colcon.colcon_core.package_identification:_identify(launch) by extension 'colcon_meta'
[0.554s] Level 1:colcon.colcon_core.package_identification:_identify(launch) by extensions ['ros']
[0.554s] Level 1:colcon.colcon_core.package_identification:_identify(launch) by extension 'ros'
[0.554s] Level 1:colcon.colcon_core.package_identification:_identify(launch) by extensions ['cmake', 'python']
[0.554s] Level 1:colcon.colcon_core.package_identification:_identify(launch) by extension 'cmake'
[0.554s] Level 1:colcon.colcon_core.package_identification:_identify(launch) by extension 'python'
[0.554s] Level 1:colcon.colcon_core.package_identification:_identify(launch) by extensions ['python_setup_py']
[0.554s] Level 1:colcon.colcon_core.package_identification:_identify(launch) by extension 'python_setup_py'
[0.554s] Level 1:colcon.colcon_core.package_identification:_identify(launch/__pycache__) by extensions ['ignore', 'ignore_ament_install']
[0.555s] Level 1:colcon.colcon_core.package_identification:_identify(launch/__pycache__) by extension 'ignore'
[0.555s] Level 1:colcon.colcon_core.package_identification:_identify(launch/__pycache__) by extension 'ignore_ament_install'
[0.555s] Level 1:colcon.colcon_core.package_identification:_identify(launch/__pycache__) by extensions ['colcon_pkg']
[0.555s] Level 1:colcon.colcon_core.package_identification:_identify(launch/__pycache__) by extension 'colcon_pkg'
[0.555s] Level 1:colcon.colcon_core.package_identification:_identify(launch/__pycache__) by extensions ['colcon_meta']
[0.555s] Level 1:colcon.colcon_core.package_identification:_identify(launch/__pycache__) by extension 'colcon_meta'
[0.555s] Level 1:colcon.colcon_core.package_identification:_identify(launch/__pycache__) by extensions ['ros']
[0.555s] Level 1:colcon.colcon_core.package_identification:_identify(launch/__pycache__) by extension 'ros'
[0.555s] Level 1:colcon.colcon_core.package_identification:_identify(launch/__pycache__) by extensions ['cmake', 'python']
[0.555s] Level 1:colcon.colcon_core.package_identification:_identify(launch/__pycache__) by extension 'cmake'
[0.555s] Level 1:colcon.colcon_core.package_identification:_identify(launch/__pycache__) by extension 'python'
[0.556s] Level 1:colcon.colcon_core.package_identification:_identify(launch/__pycache__) by extensions ['python_setup_py']
[0.556s] Level 1:colcon.colcon_core.package_identification:_identify(launch/__pycache__) by extension 'python_setup_py'
[0.556s] Level 1:colcon.colcon_core.package_identification:_identify(log) by extensions ['ignore', 'ignore_ament_install']
[0.556s] Level 1:colcon.colcon_core.package_identification:_identify(log) by extension 'ignore'
[0.556s] Level 1:colcon.colcon_core.package_identification:_identify(log) ignored
[0.557s] Level 1:colcon.colcon_core.package_identification:_identify(logs) by extensions ['ignore', 'ignore_ament_install']
[0.557s] Level 1:colcon.colcon_core.package_identification:_identify(logs) by extension 'ignore'
[0.557s] Level 1:colcon.colcon_core.package_identification:_identify(logs) by extension 'ignore_ament_install'
[0.557s] Level 1:colcon.colcon_core.package_identification:_identify(logs) by extensions ['colcon_pkg']
[0.557s] Level 1:colcon.colcon_core.package_identification:_identify(logs) by extension 'colcon_pkg'
[0.557s] Level 1:colcon.colcon_core.package_identification:_identify(logs) by extensions ['colcon_meta']
[0.557s] Level 1:colcon.colcon_core.package_identification:_identify(logs) by extension 'colcon_meta'
[0.558s] Level 1:colcon.colcon_core.package_identification:_identify(logs) by extensions ['ros']
[0.558s] Level 1:colcon.colcon_core.package_identification:_identify(logs) by extension 'ros'
[0.558s] Level 1:colcon.colcon_core.package_identification:_identify(logs) by extensions ['cmake', 'python']
[0.558s] Level 1:colcon.colcon_core.package_identification:_identify(logs) by extension 'cmake'
[0.558s] Level 1:colcon.colcon_core.package_identification:_identify(logs) by extension 'python'
[0.558s] Level 1:colcon.colcon_core.package_identification:_identify(logs) by extensions ['python_setup_py']
[0.558s] Level 1:colcon.colcon_core.package_identification:_identify(logs) by extension 'python_setup_py'
[0.558s] Level 1:colcon.colcon_core.package_identification:_identify(src) by extensions ['ignore', 'ignore_ament_install']
[0.559s] Level 1:colcon.colcon_core.package_identification:_identify(src) by extension 'ignore'
[0.559s] Level 1:colcon.colcon_core.package_identification:_identify(src) by extension 'ignore_ament_install'
[0.559s] Level 1:colcon.colcon_core.package_identification:_identify(src) by extensions ['colcon_pkg']
[0.559s] Level 1:colcon.colcon_core.package_identification:_identify(src) by extension 'colcon_pkg'
[0.559s] Level 1:colcon.colcon_core.package_identification:_identify(src) by extensions ['colcon_meta']
[0.559s] Level 1:colcon.colcon_core.package_identification:_identify(src) by extension 'colcon_meta'
[0.559s] Level 1:colcon.colcon_core.package_identification:_identify(src) by extensions ['ros']
[0.559s] Level 1:colcon.colcon_core.package_identification:_identify(src) by extension 'ros'
[0.559s] Level 1:colcon.colcon_core.package_identification:_identify(src) by extensions ['cmake', 'python']
[0.559s] Level 1:colcon.colcon_core.package_identification:_identify(src) by extension 'cmake'
[0.559s] Level 1:colcon.colcon_core.package_identification:_identify(src) by extension 'python'
[0.560s] Level 1:colcon.colcon_core.package_identification:_identify(src) by extensions ['python_setup_py']
[0.560s] Level 1:colcon.colcon_core.package_identification:_identify(src) by extension 'python_setup_py'
[0.560s] Level 1:colcon.colcon_core.package_identification:_identify(src/drone_home) by extensions ['ignore', 'ignore_ament_install']
[0.560s] Level 1:colcon.colcon_core.package_identification:_identify(src/drone_home) by extension 'ignore'
[0.560s] Level 1:colcon.colcon_core.package_identification:_identify(src/drone_home) by extension 'ignore_ament_install'
[0.560s] Level 1:colcon.colcon_core.package_identification:_identify(src/drone_home) by extensions ['colcon_pkg']
[0.560s] Level 1:colcon.colcon_core.package_identification:_identify(src/drone_home) by extension 'colcon_pkg'
[0.560s] Level 1:colcon.colcon_core.package_identification:_identify(src/drone_home) by extensions ['colcon_meta']
[0.560s] Level 1:colcon.colcon_core.package_identification:_identify(src/drone_home) by extension 'colcon_meta'
[0.561s] Level 1:colcon.colcon_core.package_identification:_identify(src/drone_home) by extensions ['ros']
[0.561s] Level 1:colcon.colcon_core.package_identification:_identify(src/drone_home) by extension 'ros'
[0.562s] DEBUG:colcon.colcon_core.package_identification:Package 'src/drone_home' with type 'ros.ament_python' and name 'drone_home'
[0.562s] Level 1:colcon.colcon_core.package_discovery:discover_packages(recursive) using defaults
[0.562s] Level 1:colcon.colcon_core.package_discovery:discover_packages(ignore) discover
[0.562s] Level 1:colcon.colcon_core.package_discovery:discover_packages(ignore) using defaults
[0.562s] Level 1:colcon.colcon_core.package_discovery:discover_packages(path) discover
[0.562s] Level 1:colcon.colcon_core.package_discovery:discover_packages(path) using defaults
[0.615s] Level 5:colcon.colcon_core.verb:set package 'custom_messages' build argument 'cmake_args' from command line to 'None'
[0.616s] Level 5:colcon.colcon_core.verb:set package 'custom_messages' build argument 'cmake_target' from command line to 'None'
[0.616s] Level 5:colcon.colcon_core.verb:set package 'custom_messages' build argument 'cmake_target_skip_unavailable' from command line to 'False'
[0.616s] Level 5:colcon.colcon_core.verb:set package 'custom_messages' build argument 'cmake_clean_cache' from command line to 'False'
[0.616s] Level 5:colcon.colcon_core.verb:set package 'custom_messages' build argument 'cmake_clean_first' from command line to 'False'
[0.616s] Level 5:colcon.colcon_core.verb:set package 'custom_messages' build argument 'cmake_force_configure' from command line to 'False'
[0.616s] Level 5:colcon.colcon_core.verb:set package 'custom_messages' build argument 'ament_cmake_args' from command line to 'None'
[0.616s] Level 5:colcon.colcon_core.verb:set package 'custom_messages' build argument 'catkin_cmake_args' from command line to 'None'
[0.616s] Level 5:colcon.colcon_core.verb:set package 'custom_messages' build argument 'catkin_skip_building_tests' from command line to 'False'
[0.616s] DEBUG:colcon.colcon_core.verb:Building package 'custom_messages' with the following arguments: {'ament_cmake_args': None, 'build_base': '/workspaces/drone_home-dev/drone-home/ros2_ws/build/custom_messages', 'catkin_cmake_args': None, 'catkin_skip_building_tests': False, 'cmake_args': None, 'cmake_clean_cache': False, 'cmake_clean_first': False, 'cmake_force_configure': False, 'cmake_target': None, 'cmake_target_skip_unavailable': False, 'install_base': '/workspaces/drone_home-dev/drone-home/ros2_ws/install/custom_messages', 'merge_install': False, 'path': '/workspaces/drone_home-dev/drone-home/ros2_ws/custom_messages', 'symlink_install': False, 'test_result_base': None}
[0.617s] Level 5:colcon.colcon_core.verb:set package 'drone_home' build argument 'cmake_args' from command line to 'None'
[0.617s] Level 5:colcon.colcon_core.verb:set package 'drone_home' build argument 'cmake_target' from command line to 'None'
[0.617s] Level 5:colcon.colcon_core.verb:set package 'drone_home' build argument 'cmake_target_skip_unavailable' from command line to 'False'
[0.617s] Level 5:colcon.colcon_core.verb:set package 'drone_home' build argument 'cmake_clean_cache' from command line to 'False'
[0.617s] Level 5:colcon.colcon_core.verb:set package 'drone_home' build argument 'cmake_clean_first' from command line to 'False'
[0.617s] Level 5:colcon.colcon_core.verb:set package 'drone_home' build argument 'cmake_force_configure' from command line to 'False'
[0.617s] Level 5:colcon.colcon_core.verb:set package 'drone_home' build argument 'ament_cmake_args' from command line to 'None'
[0.617s] Level 5:colcon.colcon_core.verb:set package 'drone_home' build argument 'catkin_cmake_args' from command line to 'None'
[0.617s] Level 5:colcon.colcon_core.verb:set package 'drone_home' build argument 'catkin_skip_building_tests' from command line to 'False'
[0.617s] DEBUG:colcon.colcon_core.verb:Building package 'drone_home' with the following arguments: {'ament_cmake_args': None, 'build_base': '/workspaces/drone_home-dev/drone-home/ros2_ws/build/drone_home', 'catkin_cmake_args': None, 'catkin_skip_building_tests': False, 'cmake_args': None, 'cmake_clean_cache': False, 'cmake_clean_first': False, 'cmake_force_configure': False, 'cmake_target': None, 'cmake_target_skip_unavailable': False, 'install_base': '/workspaces/drone_home-dev/drone-home/ros2_ws/install/drone_home', 'merge_install': False, 'path': '/workspaces/drone_home-dev/drone-home/ros2_ws/src/drone_home', 'symlink_install': False, 'test_result_base': None}
[0.617s] INFO:colcon.colcon_core.executor:Executing jobs using 'parallel' executor
[0.619s] DEBUG:colcon.colcon_parallel_executor.executor.parallel:run_until_complete
[0.620s] INFO:colcon.colcon_ros.task.ament_cmake.build:Building ROS package in '/workspaces/drone_home-dev/drone-home/ros2_ws/custom_messages' with build type 'ament_cmake'
[0.620s] INFO:colcon.colcon_cmake.task.cmake.build:Building CMake package in '/workspaces/drone_home-dev/drone-home/ros2_ws/custom_messages'
[0.630s] INFO:colcon.colcon_core.plugin_system:Skipping extension 'colcon_core.shell.bat': Not used on non-Windows systems
[0.630s] INFO:colcon.colcon_core.shell:Skip shell extension 'powershell' for command environment: Not usable outside of PowerShell
[0.630s] DEBUG:colcon.colcon_core.shell:Skip shell extension 'dsv' for command environment
[0.655s] INFO:colcon.colcon_ros.task.ament_python.build:Building ROS package in '/workspaces/drone_home-dev/drone-home/ros2_ws/src/drone_home' with build type 'ament_python'
[0.656s] Level 1:colcon.colcon_core.shell:create_environment_hook('drone_home', 'ament_prefix_path')
[0.656s] INFO:colcon.colcon_core.shell:Creating environment hook '/workspaces/drone_home-dev/drone-home/ros2_ws/install/drone_home/share/drone_home/hook/ament_prefix_path.ps1'
[0.659s] INFO:colcon.colcon_core.shell:Creating environment descriptor '/workspaces/drone_home-dev/drone-home/ros2_ws/install/drone_home/share/drone_home/hook/ament_prefix_path.dsv'
[0.660s] INFO:colcon.colcon_core.shell:Creating environment hook '/workspaces/drone_home-dev/drone-home/ros2_ws/install/drone_home/share/drone_home/hook/ament_prefix_path.sh'
[0.662s] INFO:colcon.colcon_core.shell:Skip shell extension 'powershell' for command environment: Not usable outside of PowerShell
[0.662s] DEBUG:colcon.colcon_core.shell:Skip shell extension 'dsv' for command environment
[0.690s] DEBUG:colcon.colcon_core.event_handler.log_command:Invoking command in '/workspaces/drone_home-dev/drone-home/ros2_ws/build/custom_messages': CMAKE_PREFIX_PATH=${CMAKE_PREFIX_PATH}:/workspaces/drone_home-dev/drone-home/ros2_ws/install/drone_home:/opt/ros/humble /usr/local/bin/cmake --build /workspaces/drone_home-dev/drone-home/ros2_ws/build/custom_messages -- -j6 -l6
[1.411s] INFO:colcon.colcon_core.task.python.build:Building Python package in '/workspaces/drone_home-dev/drone-home/ros2_ws/src/drone_home'
[1.412s] INFO:colcon.colcon_core.shell:Skip shell extension 'powershell' for command environment: Not usable outside of PowerShell
[1.412s] DEBUG:colcon.colcon_core.shell:Skip shell extension 'dsv' for command environment
[1.919s] DEBUG:colcon.colcon_core.event_handler.log_command:Invoked command in '/workspaces/drone_home-dev/drone-home/ros2_ws/build/custom_messages' returned '0': CMAKE_PREFIX_PATH=${CMAKE_PREFIX_PATH}:/workspaces/drone_home-dev/drone-home/ros2_ws/install/drone_home:/opt/ros/humble /usr/local/bin/cmake --build /workspaces/drone_home-dev/drone-home/ros2_ws/build/custom_messages -- -j6 -l6
[2.091s] DEBUG:colcon.colcon_core.event_handler.log_command:Invoking command in '/workspaces/drone_home-dev/drone-home/ros2_ws/build/custom_messages': CMAKE_PREFIX_PATH=${CMAKE_PREFIX_PATH}:/workspaces/drone_home-dev/drone-home/ros2_ws/install/drone_home:/opt/ros/humble /usr/local/bin/cmake --install /workspaces/drone_home-dev/drone-home/ros2_ws/build/custom_messages
[2.393s] Level 1:colcon.colcon_core.environment:create_environment_scripts_only(custom_messages)
[2.400s] Level 1:colcon.colcon_core.environment:checking '/workspaces/drone_home-dev/drone-home/ros2_ws/install/custom_messages' for CMake module files
[2.402s] DEBUG:colcon.colcon_core.event_handler.log_command:Invoked command in '/workspaces/drone_home-dev/drone-home/ros2_ws/build/custom_messages' returned '0': CMAKE_PREFIX_PATH=${CMAKE_PREFIX_PATH}:/workspaces/drone_home-dev/drone-home/ros2_ws/install/drone_home:/opt/ros/humble /usr/local/bin/cmake --install /workspaces/drone_home-dev/drone-home/ros2_ws/build/custom_messages
[2.403s] Level 1:colcon.colcon_core.environment:checking '/workspaces/drone_home-dev/drone-home/ros2_ws/install/custom_messages' for CMake config files
[2.403s] Level 1:colcon.colcon_core.shell:create_environment_hook('custom_messages', 'cmake_prefix_path')
[2.404s] INFO:colcon.colcon_core.shell:Creating environment hook '/workspaces/drone_home-dev/drone-home/ros2_ws/install/custom_messages/share/custom_messages/hook/cmake_prefix_path.ps1'
[2.405s] INFO:colcon.colcon_core.shell:Creating environment descriptor '/workspaces/drone_home-dev/drone-home/ros2_ws/install/custom_messages/share/custom_messages/hook/cmake_prefix_path.dsv'
[2.406s] INFO:colcon.colcon_core.shell:Creating environment hook '/workspaces/drone_home-dev/drone-home/ros2_ws/install/custom_messages/share/custom_messages/hook/cmake_prefix_path.sh'
[2.407s] Level 1:colcon.colcon_core.environment:checking '/workspaces/drone_home-dev/drone-home/ros2_ws/install/custom_messages/lib'
[2.408s] Level 1:colcon.colcon_core.shell:create_environment_hook('custom_messages', 'ld_library_path_lib')
[2.408s] INFO:colcon.colcon_core.shell:Creating environment hook '/workspaces/drone_home-dev/drone-home/ros2_ws/install/custom_messages/share/custom_messages/hook/ld_library_path_lib.ps1'
[2.410s] INFO:colcon.colcon_core.shell:Creating environment descriptor '/workspaces/drone_home-dev/drone-home/ros2_ws/install/custom_messages/share/custom_messages/hook/ld_library_path_lib.dsv'
[2.411s] INFO:colcon.colcon_core.shell:Creating environment hook '/workspaces/drone_home-dev/drone-home/ros2_ws/install/custom_messages/share/custom_messages/hook/ld_library_path_lib.sh'
[2.412s] Level 1:colcon.colcon_core.environment:checking '/workspaces/drone_home-dev/drone-home/ros2_ws/install/custom_messages/bin'
[2.412s] Level 1:colcon.colcon_core.environment:checking '/workspaces/drone_home-dev/drone-home/ros2_ws/install/custom_messages/lib/pkgconfig/custom_messages.pc'
[2.412s] Level 1:colcon.colcon_core.environment:checking '/workspaces/drone_home-dev/drone-home/ros2_ws/install/custom_messages/lib/python3.10/site-packages'
[2.413s] Level 1:colcon.colcon_core.environment:checking '/workspaces/drone_home-dev/drone-home/ros2_ws/install/custom_messages/bin'
[2.413s] INFO:colcon.colcon_core.shell:Creating package script '/workspaces/drone_home-dev/drone-home/ros2_ws/install/custom_messages/share/custom_messages/package.ps1'
[2.415s] INFO:colcon.colcon_core.shell:Creating package descriptor '/workspaces/drone_home-dev/drone-home/ros2_ws/install/custom_messages/share/custom_messages/package.dsv'
[2.416s] INFO:colcon.colcon_core.shell:Creating package script '/workspaces/drone_home-dev/drone-home/ros2_ws/install/custom_messages/share/custom_messages/package.sh'
[2.418s] INFO:colcon.colcon_core.shell:Creating package script '/workspaces/drone_home-dev/drone-home/ros2_ws/install/custom_messages/share/custom_messages/package.bash'
[2.420s] INFO:colcon.colcon_core.shell:Creating package script '/workspaces/drone_home-dev/drone-home/ros2_ws/install/custom_messages/share/custom_messages/package.zsh'
[2.421s] Level 1:colcon.colcon_core.environment:create_file_with_runtime_dependencies(/workspaces/drone_home-dev/drone-home/ros2_ws/install/custom_messages/share/colcon-core/packages/custom_messages)
[2.422s] Level 1:colcon.colcon_core.environment:create_environment_scripts_only(custom_messages)
[2.423s] Level 1:colcon.colcon_core.environment:checking '/workspaces/drone_home-dev/drone-home/ros2_ws/install/custom_messages' for CMake module files
[2.424s] Level 1:colcon.colcon_core.environment:checking '/workspaces/drone_home-dev/drone-home/ros2_ws/install/custom_messages' for CMake config files
[2.424s] Level 1:colcon.colcon_core.shell:create_environment_hook('custom_messages', 'cmake_prefix_path')
[2.424s] INFO:colcon.colcon_core.shell:Creating environment hook '/workspaces/drone_home-dev/drone-home/ros2_ws/install/custom_messages/share/custom_messages/hook/cmake_prefix_path.ps1'
[2.425s] INFO:colcon.colcon_core.shell:Creating environment descriptor '/workspaces/drone_home-dev/drone-home/ros2_ws/install/custom_messages/share/custom_messages/hook/cmake_prefix_path.dsv'
[2.426s] INFO:colcon.colcon_core.shell:Creating environment hook '/workspaces/drone_home-dev/drone-home/ros2_ws/install/custom_messages/share/custom_messages/hook/cmake_prefix_path.sh'
[2.427s] Level 1:colcon.colcon_core.environment:checking '/workspaces/drone_home-dev/drone-home/ros2_ws/install/custom_messages/lib'
[2.427s] Level 1:colcon.colcon_core.shell:create_environment_hook('custom_messages', 'ld_library_path_lib')
[2.428s] INFO:colcon.colcon_core.shell:Creating environment hook '/workspaces/drone_home-dev/drone-home/ros2_ws/install/custom_messages/share/custom_messages/hook/ld_library_path_lib.ps1'
[2.429s] INFO:colcon.colcon_core.shell:Creating environment descriptor '/workspaces/drone_home-dev/drone-home/ros2_ws/install/custom_messages/share/custom_messages/hook/ld_library_path_lib.dsv'
[2.430s] INFO:colcon.colcon_core.shell:Creating environment hook '/workspaces/drone_home-dev/drone-home/ros2_ws/install/custom_messages/share/custom_messages/hook/ld_library_path_lib.sh'
[2.431s] Level 1:colcon.colcon_core.environment:checking '/workspaces/drone_home-dev/drone-home/ros2_ws/install/custom_messages/bin'
[2.431s] Level 1:colcon.colcon_core.environment:checking '/workspaces/drone_home-dev/drone-home/ros2_ws/install/custom_messages/lib/pkgconfig/custom_messages.pc'
[2.432s] Level 1:colcon.colcon_core.environment:checking '/workspaces/drone_home-dev/drone-home/ros2_ws/install/custom_messages/lib/python3.10/site-packages'
[2.432s] Level 1:colcon.colcon_core.environment:checking '/workspaces/drone_home-dev/drone-home/ros2_ws/install/custom_messages/bin'
[2.433s] INFO:colcon.colcon_core.shell:Creating package script '/workspaces/drone_home-dev/drone-home/ros2_ws/install/custom_messages/share/custom_messages/package.ps1'
[2.434s] INFO:colcon.colcon_core.shell:Creating package descriptor '/workspaces/drone_home-dev/drone-home/ros2_ws/install/custom_messages/share/custom_messages/package.dsv'
[2.436s] INFO:colcon.colcon_core.shell:Creating package script '/workspaces/drone_home-dev/drone-home/ros2_ws/install/custom_messages/share/custom_messages/package.sh'
[2.437s] INFO:colcon.colcon_core.shell:Creating package script '/workspaces/drone_home-dev/drone-home/ros2_ws/install/custom_messages/share/custom_messages/package.bash'
[2.438s] INFO:colcon.colcon_core.shell:Creating package script '/workspaces/drone_home-dev/drone-home/ros2_ws/install/custom_messages/share/custom_messages/package.zsh'
[2.439s] Level 1:colcon.colcon_core.environment:create_file_with_runtime_dependencies(/workspaces/drone_home-dev/drone-home/ros2_ws/install/custom_messages/share/colcon-core/packages/custom_messages)
[2.957s] DEBUG:colcon.colcon_core.event_handler.log_command:Invoking command in '/workspaces/drone_home-dev/drone-home/ros2_ws/src/drone_home': PYTHONPATH=/workspaces/drone_home-dev/drone-home/ros2_ws/build/drone_home/prefix_override:/usr/lib/python3/dist-packages/colcon_core/task/python/colcon_distutils_commands:/workspaces/drone_home-dev/drone-home/ros2_ws/install/drone_home/lib/python3.10/site-packages:${PYTHONPATH} /usr/bin/python3 -W ignore:setup.py install is deprecated -W ignore:easy_install command is deprecated setup.py egg_info --egg-base ../../build/drone_home build --build-base /workspaces/drone_home-dev/drone-home/ros2_ws/build/drone_home/build install --record /workspaces/drone_home-dev/drone-home/ros2_ws/build/drone_home/install.log --single-version-externally-managed install_data
[4.255s] Level 1:colcon.colcon_core.environment:checking '/workspaces/drone_home-dev/drone-home/ros2_ws/install/drone_home' for CMake module files
[4.257s] DEBUG:colcon.colcon_core.event_handler.log_command:Invoked command in '/workspaces/drone_home-dev/drone-home/ros2_ws/src/drone_home' returned '0': PYTHONPATH=/workspaces/drone_home-dev/drone-home/ros2_ws/build/drone_home/prefix_override:/usr/lib/python3/dist-packages/colcon_core/task/python/colcon_distutils_commands:/workspaces/drone_home-dev/drone-home/ros2_ws/install/drone_home/lib/python3.10/site-packages:${PYTHONPATH} /usr/bin/python3 -W ignore:setup.py install is deprecated -W ignore:easy_install command is deprecated setup.py egg_info --egg-base ../../build/drone_home build --build-base /workspaces/drone_home-dev/drone-home/ros2_ws/build/drone_home/build install --record /workspaces/drone_home-dev/drone-home/ros2_ws/build/drone_home/install.log --single-version-externally-managed install_data
[4.259s] Level 1:colcon.colcon_core.environment:checking '/workspaces/drone_home-dev/drone-home/ros2_ws/install/drone_home' for CMake config files
[4.261s] Level 1:colcon.colcon_core.environment:checking '/workspaces/drone_home-dev/drone-home/ros2_ws/install/drone_home/lib'
[4.262s] Level 1:colcon.colcon_core.environment:checking '/workspaces/drone_home-dev/drone-home/ros2_ws/install/drone_home/bin'
[4.262s] Level 1:colcon.colcon_core.environment:checking '/workspaces/drone_home-dev/drone-home/ros2_ws/install/drone_home/lib/pkgconfig/drone_home.pc'
[4.263s] Level 1:colcon.colcon_core.environment:checking '/workspaces/drone_home-dev/drone-home/ros2_ws/install/drone_home/lib/python3.10/site-packages'
[4.263s] Level 1:colcon.colcon_core.shell:create_environment_hook('drone_home', 'pythonpath')
[4.264s] INFO:colcon.colcon_core.shell:Creating environment hook '/workspaces/drone_home-dev/drone-home/ros2_ws/install/drone_home/share/drone_home/hook/pythonpath.ps1'
[4.267s] INFO:colcon.colcon_core.shell:Creating environment descriptor '/workspaces/drone_home-dev/drone-home/ros2_ws/install/drone_home/share/drone_home/hook/pythonpath.dsv'
[4.269s] INFO:colcon.colcon_core.shell:Creating environment hook '/workspaces/drone_home-dev/drone-home/ros2_ws/install/drone_home/share/drone_home/hook/pythonpath.sh'
[4.271s] Level 1:colcon.colcon_core.environment:checking '/workspaces/drone_home-dev/drone-home/ros2_ws/install/drone_home/bin'
[4.271s] Level 1:colcon.colcon_core.environment:create_environment_scripts_only(drone_home)
[4.272s] INFO:colcon.colcon_core.shell:Creating package script '/workspaces/drone_home-dev/drone-home/ros2_ws/install/drone_home/share/drone_home/package.ps1'
[4.275s] INFO:colcon.colcon_core.shell:Creating package descriptor '/workspaces/drone_home-dev/drone-home/ros2_ws/install/drone_home/share/drone_home/package.dsv'
[4.276s] INFO:colcon.colcon_core.shell:Creating package script '/workspaces/drone_home-dev/drone-home/ros2_ws/install/drone_home/share/drone_home/package.sh'
[4.279s] INFO:colcon.colcon_core.shell:Creating package script '/workspaces/drone_home-dev/drone-home/ros2_ws/install/drone_home/share/drone_home/package.bash'
[4.280s] INFO:colcon.colcon_core.shell:Creating package script '/workspaces/drone_home-dev/drone-home/ros2_ws/install/drone_home/share/drone_home/package.zsh'
[4.282s] Level 1:colcon.colcon_core.environment:create_file_with_runtime_dependencies(/workspaces/drone_home-dev/drone-home/ros2_ws/install/drone_home/share/colcon-core/packages/drone_home)
[4.283s] DEBUG:colcon.colcon_parallel_executor.executor.parallel:closing loop
[4.284s] DEBUG:colcon.colcon_parallel_executor.executor.parallel:loop closed
[4.284s] DEBUG:colcon.colcon_parallel_executor.executor.parallel:run_until_complete finished with '0'
[4.284s] DEBUG:colcon.colcon_core.event_reactor:joining thread
[4.308s] INFO:colcon.colcon_core.plugin_system:Skipping extension 'colcon_notification.desktop_notification.notify_send': Could not find 'notify-send'
[4.308s] INFO:colcon.colcon_core.plugin_system:Skipping extension 'colcon_notification.desktop_notification.terminal_notifier': Not used on non-Darwin systems
[4.308s] INFO:colcon.colcon_core.plugin_system:Skipping extension 'colcon_notification.desktop_notification.win32': Not used on non-Windows systems
[4.309s] INFO:colcon.colcon_notification.desktop_notification:Sending desktop notification using 'notify2'
[4.309s] DEBUG:colcon.colcon_notification.desktop_notification.notify2:Failed to initialize notify2: org.freedesktop.DBus.Error.NotSupported: Unable to autolaunch a dbus-daemon without a $DISPLAY for X11
[4.309s] DEBUG:colcon.colcon_core.event_reactor:joined thread
[4.310s] INFO:colcon.colcon_core.shell:Creating prefix script '/workspaces/drone_home-dev/drone-home/ros2_ws/install/local_setup.ps1'
[4.314s] INFO:colcon.colcon_core.shell:Creating prefix util module '/workspaces/drone_home-dev/drone-home/ros2_ws/install/_local_setup_util_ps1.py'
[4.319s] INFO:colcon.colcon_core.shell:Creating prefix chain script '/workspaces/drone_home-dev/drone-home/ros2_ws/install/setup.ps1'
[4.323s] INFO:colcon.colcon_core.shell:Creating prefix script '/workspaces/drone_home-dev/drone-home/ros2_ws/install/local_setup.sh'
[4.326s] INFO:colcon.colcon_core.shell:Creating prefix util module '/workspaces/drone_home-dev/drone-home/ros2_ws/install/_local_setup_util_sh.py'
[4.328s] INFO:colcon.colcon_core.shell:Creating prefix chain script '/workspaces/drone_home-dev/drone-home/ros2_ws/install/setup.sh'
[4.332s] INFO:colcon.colcon_core.shell:Creating prefix script '/workspaces/drone_home-dev/drone-home/ros2_ws/install/local_setup.bash'
[4.336s] INFO:colcon.colcon_core.shell:Creating prefix chain script '/workspaces/drone_home-dev/drone-home/ros2_ws/install/setup.bash'
[4.341s] INFO:colcon.colcon_core.shell:Creating prefix script '/workspaces/drone_home-dev/drone-home/ros2_ws/install/local_setup.zsh'
[4.342s] INFO:colcon.colcon_core.shell:Creating prefix chain script '/workspaces/drone_home-dev/drone-home/ros2_ws/install/setup.zsh'
