[2.024s] Invoking command in '/home/pi/drone-home/ros2_ws/src/drone_home': DEBUGINFOD_URLS=https://debuginfod.ubuntu.com PYTHONPATH=/home/pi/drone-home/ros2_ws/build/drone_home/prefix_override:/usr/lib/python3/dist-packages/colcon_core/task/python/colcon_distutils_commands:/home/pi/drone-home/ros2_ws/install/drone_home/lib/python3.12/site-packages:${PYTHONPATH} /usr/bin/python3 -W ignore:setup.py install is deprecated setup.py egg_info --egg-base ../../build/drone_home build --build-base /home/pi/drone-home/ros2_ws/build/drone_home/build install --record /home/pi/drone-home/ros2_ws/build/drone_home/install.log --single-version-externally-managed install_data
[2.564s] running egg_info
[2.601s] writing ../../build/drone_home/drone_home.egg-info/PKG-INFO
[2.602s] writing dependency_links to ../../build/drone_home/drone_home.egg-info/dependency_links.txt
[2.603s] writing entry points to ../../build/drone_home/drone_home.egg-info/entry_points.txt
[2.603s] writing requirements to ../../build/drone_home/drone_home.egg-info/requires.txt
[2.603s] writing top-level names to ../../build/drone_home/drone_home.egg-info/top_level.txt
[2.678s] reading manifest file '../../build/drone_home/drone_home.egg-info/SOURCES.txt'
[2.680s] writing manifest file '../../build/drone_home/drone_home.egg-info/SOURCES.txt'
[2.680s] running build
[2.680s] running build_py
[2.681s] copying drone_home/controller.py -> /home/pi/drone-home/ros2_ws/build/drone_home/build/lib/drone_home
[2.682s] running install
[2.695s] running install_lib
[2.732s] copying /home/pi/drone-home/ros2_ws/build/drone_home/build/lib/drone_home/controller.py -> /home/pi/drone-home/ros2_ws/install/drone_home/lib/python3.12/site-packages/drone_home
[2.733s] byte-compiling /home/pi/drone-home/ros2_ws/install/drone_home/lib/python3.12/site-packages/drone_home/controller.py to controller.cpython-312.pyc
[2.738s] running install_data
[2.738s] running install_egg_info
[2.777s] removing '/home/pi/drone-home/ros2_ws/install/drone_home/lib/python3.12/site-packages/drone_home-0.0.0-py3.12.egg-info' (and everything under it)
[2.777s] Copying ../../build/drone_home/drone_home.egg-info to /home/pi/drone-home/ros2_ws/install/drone_home/lib/python3.12/site-packages/drone_home-0.0.0-py3.12.egg-info
[2.780s] running install_scripts
[3.045s] Installing controller script to /home/pi/drone-home/ros2_ws/install/drone_home/lib/drone_home
[3.045s] Installing drive_hardware script to /home/pi/drone-home/ros2_ws/install/drone_home/lib/drone_home
[3.047s] Installing drive_publisher script to /home/pi/drone-home/ros2_ws/install/drone_home/lib/drone_home
[3.052s] Installing imu_publisher script to /home/pi/drone-home/ros2_ws/install/drone_home/lib/drone_home
[3.054s] writing list of installed files to '/home/pi/drone-home/ros2_ws/build/drone_home/install.log'
[3.221s] Invoked command in '/home/pi/drone-home/ros2_ws/src/drone_home' returned '0': DEBUGINFOD_URLS=https://debuginfod.ubuntu.com PYTHONPATH=/home/pi/drone-home/ros2_ws/build/drone_home/prefix_override:/usr/lib/python3/dist-packages/colcon_core/task/python/colcon_distutils_commands:/home/pi/drone-home/ros2_ws/install/drone_home/lib/python3.12/site-packages:${PYTHONPATH} /usr/bin/python3 -W ignore:setup.py install is deprecated setup.py egg_info --egg-base ../../build/drone_home build --build-base /home/pi/drone-home/ros2_ws/build/drone_home/build install --record /home/pi/drone-home/ros2_ws/build/drone_home/install.log --single-version-externally-managed install_data
