[1.192s] Invoking command in '/home/pi/ros2_ws/src/drone_home': DEBUGINFOD_URLS=https://debuginfod.ubuntu.com PYTHONPATH=/home/pi/ros2_ws/build/drone_home/prefix_override:/usr/lib/python3/dist-packages/colcon_core/task/python/colcon_distutils_commands:/home/pi/ros2_ws/install/drone_home/lib/python3.12/site-packages: /usr/bin/python3 -W ignore:setup.py install is deprecated setup.py egg_info --egg-base ../../build/drone_home build --build-base /home/pi/ros2_ws/build/drone_home/build install --record /home/pi/ros2_ws/build/drone_home/install.log --single-version-externally-managed install_data
[1.470s] running egg_info
[1.485s] writing ../../build/drone_home/drone_home.egg-info/PKG-INFO
[1.485s] writing dependency_links to ../../build/drone_home/drone_home.egg-info/dependency_links.txt
[1.485s] writing entry points to ../../build/drone_home/drone_home.egg-info/entry_points.txt
[1.486s] writing requirements to ../../build/drone_home/drone_home.egg-info/requires.txt
[1.486s] writing top-level names to ../../build/drone_home/drone_home.egg-info/top_level.txt
[1.517s] reading manifest file '../../build/drone_home/drone_home.egg-info/SOURCES.txt'
[1.519s] writing manifest file '../../build/drone_home/drone_home.egg-info/SOURCES.txt'
[1.519s] running build
[1.519s] running build_py
[1.519s] copying drone_home/imu_publisher.py -> /home/pi/ros2_ws/build/drone_home/build/lib/drone_home
[1.520s] running install
[1.529s] running install_lib
[1.544s] copying /home/pi/ros2_ws/build/drone_home/build/lib/drone_home/imu_publisher.py -> /home/pi/ros2_ws/install/drone_home/lib/python3.12/site-packages/drone_home
[1.545s] byte-compiling /home/pi/ros2_ws/install/drone_home/lib/python3.12/site-packages/drone_home/imu_publisher.py to imu_publisher.cpython-312.pyc
[1.547s] running install_data
[1.548s] running install_egg_info
[1.565s] removing '/home/pi/ros2_ws/install/drone_home/lib/python3.12/site-packages/drone_home-0.0.0-py3.12.egg-info' (and everything under it)
[1.565s] Copying ../../build/drone_home/drone_home.egg-info to /home/pi/ros2_ws/install/drone_home/lib/python3.12/site-packages/drone_home-0.0.0-py3.12.egg-info
[1.569s] running install_scripts
[1.692s] Installing imu_publisher script to /home/pi/ros2_ws/install/drone_home/lib/drone_home
[1.693s] writing list of installed files to '/home/pi/ros2_ws/build/drone_home/install.log'
[1.769s] Invoked command in '/home/pi/ros2_ws/src/drone_home' returned '0': DEBUGINFOD_URLS=https://debuginfod.ubuntu.com PYTHONPATH=/home/pi/ros2_ws/build/drone_home/prefix_override:/usr/lib/python3/dist-packages/colcon_core/task/python/colcon_distutils_commands:/home/pi/ros2_ws/install/drone_home/lib/python3.12/site-packages: /usr/bin/python3 -W ignore:setup.py install is deprecated setup.py egg_info --egg-base ../../build/drone_home build --build-base /home/pi/ros2_ws/build/drone_home/build install --record /home/pi/ros2_ws/build/drone_home/install.log --single-version-externally-managed install_data
