[3.680s] Invoking command in '/home/pi/drone-home/ros2_ws/src/drone_home': DEBUGINFOD_URLS=https://debuginfod.ubuntu.com PYTHONPATH=/home/pi/drone-home/ros2_ws/build/drone_home/prefix_override:/usr/lib/python3/dist-packages/colcon_core/task/python/colcon_distutils_commands:/home/pi/drone-home/ros2_ws/install/drone_home/lib/python3.12/site-packages:${PYTHONPATH} /usr/bin/python3 -W ignore:setup.py install is deprecated setup.py egg_info --egg-base ../../build/drone_home build --build-base /home/pi/drone-home/ros2_ws/build/drone_home/build install --record /home/pi/drone-home/ros2_ws/build/drone_home/install.log --single-version-externally-managed install_data
[4.154s] running egg_info
[4.186s] writing ../../build/drone_home/drone_home.egg-info/PKG-INFO
[4.187s] writing dependency_links to ../../build/drone_home/drone_home.egg-info/dependency_links.txt
[4.191s] writing entry points to ../../build/drone_home/drone_home.egg-info/entry_points.txt
[4.193s] writing requirements to ../../build/drone_home/drone_home.egg-info/requires.txt
[4.195s] writing top-level names to ../../build/drone_home/drone_home.egg-info/top_level.txt
[4.265s] reading manifest file '../../build/drone_home/drone_home.egg-info/SOURCES.txt'
[4.266s] writing manifest file '../../build/drone_home/drone_home.egg-info/SOURCES.txt'
[4.267s] running build
[4.267s] running build_py
[4.270s] copying drone_home/gps_imu_publisher.py -> /home/pi/drone-home/ros2_ws/build/drone_home/build/lib/drone_home
[4.270s] running install
[4.279s] running install_lib
[4.321s] copying /home/pi/drone-home/ros2_ws/build/drone_home/build/lib/drone_home/gps_imu_publisher.py -> /home/pi/drone-home/ros2_ws/install/drone_home/lib/python3.12/site-packages/drone_home
[4.321s] byte-compiling /home/pi/drone-home/ros2_ws/install/drone_home/lib/python3.12/site-packages/drone_home/gps_imu_publisher.py to gps_imu_publisher.cpython-312.pyc
[4.328s] running install_data
[4.328s] running install_egg_info
[4.360s] removing '/home/pi/drone-home/ros2_ws/install/drone_home/lib/python3.12/site-packages/drone_home-0.0.0-py3.12.egg-info' (and everything under it)
[4.360s] Copying ../../build/drone_home/drone_home.egg-info to /home/pi/drone-home/ros2_ws/install/drone_home/lib/python3.12/site-packages/drone_home-0.0.0-py3.12.egg-info
[4.364s] running install_scripts
[4.557s] Installing controller script to /home/pi/drone-home/ros2_ws/install/drone_home/lib/drone_home
[4.557s] Installing drive_hardware script to /home/pi/drone-home/ros2_ws/install/drone_home/lib/drone_home
[4.560s] Installing drive_publisher script to /home/pi/drone-home/ros2_ws/install/drone_home/lib/drone_home
[4.630s] Installing imu_publisher script to /home/pi/drone-home/ros2_ws/install/drone_home/lib/drone_home
[4.632s] Installing visualization script to /home/pi/drone-home/ros2_ws/install/drone_home/lib/drone_home
[4.636s] writing list of installed files to '/home/pi/drone-home/ros2_ws/build/drone_home/install.log'
[4.725s] Invoked command in '/home/pi/drone-home/ros2_ws/src/drone_home' returned '0': DEBUGINFOD_URLS=https://debuginfod.ubuntu.com PYTHONPATH=/home/pi/drone-home/ros2_ws/build/drone_home/prefix_override:/usr/lib/python3/dist-packages/colcon_core/task/python/colcon_distutils_commands:/home/pi/drone-home/ros2_ws/install/drone_home/lib/python3.12/site-packages:${PYTHONPATH} /usr/bin/python3 -W ignore:setup.py install is deprecated setup.py egg_info --egg-base ../../build/drone_home build --build-base /home/pi/drone-home/ros2_ws/build/drone_home/build install --record /home/pi/drone-home/ros2_ws/build/drone_home/install.log --single-version-externally-managed install_data
