[1.635s] Invoking command in '/home/pi/drone-home/ros2_ws/src/drone_home': DEBUGINFOD_URLS=https://debuginfod.ubuntu.com PYTHONPATH=/home/pi/drone-home/ros2_ws/build/drone_home/prefix_override:/usr/lib/python3/dist-packages/colcon_core/task/python/colcon_distutils_commands:/home/pi/drone-home/ros2_ws/install/drone_home/lib/python3.12/site-packages:${PYTHONPATH} /usr/bin/python3 -W ignore:setup.py install is deprecated setup.py egg_info --egg-base ../../build/drone_home build --build-base /home/pi/drone-home/ros2_ws/build/drone_home/build install --record /home/pi/drone-home/ros2_ws/build/drone_home/install.log --single-version-externally-managed install_data
[2.011s] running egg_info
[2.038s] writing ../../build/drone_home/drone_home.egg-info/PKG-INFO
[2.039s] writing dependency_links to ../../build/drone_home/drone_home.egg-info/dependency_links.txt
[2.106s] writing entry points to ../../build/drone_home/drone_home.egg-info/entry_points.txt
[2.172s] writing requirements to ../../build/drone_home/drone_home.egg-info/requires.txt
[2.240s] writing top-level names to ../../build/drone_home/drone_home.egg-info/top_level.txt
[2.366s] reading manifest file '../../build/drone_home/drone_home.egg-info/SOURCES.txt'
[2.367s] writing manifest file '../../build/drone_home/drone_home.egg-info/SOURCES.txt'
[2.374s] running build
[2.375s] running build_py
[2.375s] copying drone_home/markers.py -> /home/pi/drone-home/ros2_ws/build/drone_home/build/lib/drone_home
[2.376s] running install
[2.387s] running install_lib
[2.415s] copying /home/pi/drone-home/ros2_ws/build/drone_home/build/lib/drone_home/markers.py -> /home/pi/drone-home/ros2_ws/install/drone_home/lib/python3.12/site-packages/drone_home
[2.416s] byte-compiling /home/pi/drone-home/ros2_ws/install/drone_home/lib/python3.12/site-packages/drone_home/markers.py to markers.cpython-312.pyc
[2.441s] running install_data
[2.441s] running install_egg_info
[2.475s] removing '/home/pi/drone-home/ros2_ws/install/drone_home/lib/python3.12/site-packages/drone_home-0.0.0-py3.12.egg-info' (and everything under it)
[2.475s] Copying ../../build/drone_home/drone_home.egg-info to /home/pi/drone-home/ros2_ws/install/drone_home/lib/python3.12/site-packages/drone_home-0.0.0-py3.12.egg-info
[2.476s] running install_scripts
[2.667s] Installing controller script to /home/pi/drone-home/ros2_ws/install/drone_home/lib/drone_home
[2.667s] Installing drive_hardware script to /home/pi/drone-home/ros2_ws/install/drone_home/lib/drone_home
[2.734s] Installing drive_publisher script to /home/pi/drone-home/ros2_ws/install/drone_home/lib/drone_home
[2.802s] Installing imu_publisher script to /home/pi/drone-home/ros2_ws/install/drone_home/lib/drone_home
[2.869s] Installing visualization script to /home/pi/drone-home/ros2_ws/install/drone_home/lib/drone_home
[2.879s] writing list of installed files to '/home/pi/drone-home/ros2_ws/build/drone_home/install.log'
[3.298s] Invoked command in '/home/pi/drone-home/ros2_ws/src/drone_home' returned '0': DEBUGINFOD_URLS=https://debuginfod.ubuntu.com PYTHONPATH=/home/pi/drone-home/ros2_ws/build/drone_home/prefix_override:/usr/lib/python3/dist-packages/colcon_core/task/python/colcon_distutils_commands:/home/pi/drone-home/ros2_ws/install/drone_home/lib/python3.12/site-packages:${PYTHONPATH} /usr/bin/python3 -W ignore:setup.py install is deprecated setup.py egg_info --egg-base ../../build/drone_home build --build-base /home/pi/drone-home/ros2_ws/build/drone_home/build install --record /home/pi/drone-home/ros2_ws/build/drone_home/install.log --single-version-externally-managed install_data
