[1.391s] Invoking command in '/home/pi/drone-home/ros2_ws/src/drone_home': DEBUGINFOD_URLS=https://debuginfod.ubuntu.com PYTHONPATH=/home/pi/drone-home/ros2_ws/build/drone_home/prefix_override:/usr/lib/python3/dist-packages/colcon_core/task/python/colcon_distutils_commands:/home/pi/drone-home/ros2_ws/install/drone_home/lib/python3.12/site-packages:${PYTHONPATH} /usr/bin/python3 -W ignore:setup.py install is deprecated setup.py egg_info --egg-base ../../build/drone_home build --build-base /home/pi/drone-home/ros2_ws/build/drone_home/build install --record /home/pi/drone-home/ros2_ws/build/drone_home/install.log --single-version-externally-managed install_data
[1.773s] running egg_info
[1.800s] writing ../../build/drone_home/drone_home.egg-info/PKG-INFO
[1.800s] writing dependency_links to ../../build/drone_home/drone_home.egg-info/dependency_links.txt
[1.804s] writing entry points to ../../build/drone_home/drone_home.egg-info/entry_points.txt
[1.806s] writing requirements to ../../build/drone_home/drone_home.egg-info/requires.txt
[1.810s] writing top-level names to ../../build/drone_home/drone_home.egg-info/top_level.txt
[1.869s] reading manifest file '../../build/drone_home/drone_home.egg-info/SOURCES.txt'
[1.870s] writing manifest file '../../build/drone_home/drone_home.egg-info/SOURCES.txt'
[1.870s] running build
[1.870s] running build_py
[1.871s] copying drone_home/motor.py -> /home/pi/drone-home/ros2_ws/build/drone_home/build/lib/drone_home
[1.871s] running install
[1.881s] running install_lib
[1.909s] copying /home/pi/drone-home/ros2_ws/build/drone_home/build/lib/drone_home/motor.py -> /home/pi/drone-home/ros2_ws/install/drone_home/lib/python3.12/site-packages/drone_home
[1.910s] byte-compiling /home/pi/drone-home/ros2_ws/install/drone_home/lib/python3.12/site-packages/drone_home/motor.py to motor.cpython-312.pyc
[1.912s] running install_data
[1.912s] running install_egg_info
[1.942s] removing '/home/pi/drone-home/ros2_ws/install/drone_home/lib/python3.12/site-packages/drone_home-0.0.0-py3.12.egg-info' (and everything under it)
[1.942s] Copying ../../build/drone_home/drone_home.egg-info to /home/pi/drone-home/ros2_ws/install/drone_home/lib/python3.12/site-packages/drone_home-0.0.0-py3.12.egg-info
[1.943s] running install_scripts
[2.136s] Installing controller script to /home/pi/drone-home/ros2_ws/install/drone_home/lib/drone_home
[2.137s] Installing drive_hardware script to /home/pi/drone-home/ros2_ws/install/drone_home/lib/drone_home
[2.138s] Installing drive_publisher script to /home/pi/drone-home/ros2_ws/install/drone_home/lib/drone_home
[2.208s] Installing imu_publisher script to /home/pi/drone-home/ros2_ws/install/drone_home/lib/drone_home
[2.210s] writing list of installed files to '/home/pi/drone-home/ros2_ws/build/drone_home/install.log'
[2.299s] Invoked command in '/home/pi/drone-home/ros2_ws/src/drone_home' returned '0': DEBUGINFOD_URLS=https://debuginfod.ubuntu.com PYTHONPATH=/home/pi/drone-home/ros2_ws/build/drone_home/prefix_override:/usr/lib/python3/dist-packages/colcon_core/task/python/colcon_distutils_commands:/home/pi/drone-home/ros2_ws/install/drone_home/lib/python3.12/site-packages:${PYTHONPATH} /usr/bin/python3 -W ignore:setup.py install is deprecated setup.py egg_info --egg-base ../../build/drone_home build --build-base /home/pi/drone-home/ros2_ws/build/drone_home/build install --record /home/pi/drone-home/ros2_ws/build/drone_home/install.log --single-version-externally-managed install_data
