[INFO] [launch]: All log files can be found below /home/pi/.ros/log/2024-11-27-12-52-32-919611-drone-home-55178
[INFO] [launch]: Default logging verbosity is set to INFO
[WARNING] [imu_publisher-2]: there are now at least 2 nodes with the name /drone_home1/sim created within this launch context
[WARNING] [drive_hardware-3]: there are now at least 3 nodes with the name /drone_home1/sim created within this launch context
[WARNING] [static_transform_publisher-5]: there are now at least 2 nodes with the name /drone_home1/static_transform_publisher created within this launch context
[INFO] [drive_publisher-1]: process started with pid [55206]
[INFO] [imu_publisher-2]: process started with pid [55207]
[INFO] [drive_hardware-3]: process started with pid [55208]
[INFO] [static_transform_publisher-4]: process started with pid [55209]
[INFO] [static_transform_publisher-5]: process started with pid [55210]
[static_transform_publisher-4] [WARN] [1732729953.067450327] []: Old-style arguments are deprecated; see --help for new-style arguments
[static_transform_publisher-5] [WARN] [1732729953.086644900] []: Old-style arguments are deprecated; see --help for new-style arguments
[static_transform_publisher-4] [INFO] [1732729953.092127484] [drone_home1.static_transform_publisher]: Spinning until stopped - publishing transform
[static_transform_publisher-4] translation: ('0.000000', '0.000000', '0.000000')
[static_transform_publisher-4] rotation: ('0.000000', '0.000000', '0.000000', '1.000000')
[static_transform_publisher-4] from 'map' to 'imu_frame'
[static_transform_publisher-5] [INFO] [1732729953.128188845] [drone_home1.static_transform_publisher]: Spinning until stopped - publishing transform
[static_transform_publisher-5] translation: ('0.000000', '0.000000', '0.000000')
[static_transform_publisher-5] rotation: ('0.000000', '0.000000', '0.000000', '1.000000')
[static_transform_publisher-5] from 'map' to 'gps_sensor'
[drive_hardware-3] /usr/lib/python3/dist-packages/gpiozero/output_devices.py:1509: PWMSoftwareFallback: To reduce servo jitter, use the pigpio pin factory.See https://gpiozero.readthedocs.io/en/stable/api_output.html#servo for more info
[drive_hardware-3]   warnings.warn(PWMSoftwareFallback(
[imu_publisher-2] [INFO] [1732729955.350661660] [drone_home1.sim]: Calibration status: (True, 'Calibration (sys:0, gyro:0, accel:3, mag:0)')
[imu_publisher-2] [INFO] [1732729955.405989020] [drone_home1.sim]: 0.17581743172689898
[imu_publisher-2] [INFO] [1732729955.606016321] [drone_home1.sim]: 0.17623615606629991
[imu_publisher-2] [INFO] [1732729955.806383676] [drone_home1.sim]: 0.17623615606629991
[imu_publisher-2] [INFO] [1732729956.007018011] [drone_home1.sim]: 0.17623615606629991
[imu_publisher-2] [INFO] [1732729956.207113757] [drone_home1.sim]: 0.17623615606629991
[imu_publisher-2] [INFO] [1732729956.407082280] [drone_home1.sim]: 0.17623615606629991
[imu_publisher-2] [INFO] [1732729956.607235174] [drone_home1.sim]: 0.17623615606629991
[imu_publisher-2] [INFO] [1732729956.806266313] [drone_home1.sim]: 0.17623615606629991
[imu_publisher-2] [INFO] [1732729957.005259656] [drone_home1.sim]: 0.17623615606629991
[imu_publisher-2] [INFO] [1732729957.205318846] [drone_home1.sim]: 0.17623615606629991
[imu_publisher-2] [INFO] [1732729957.405394259] [drone_home1.sim]: 0.17623615606629991
[imu_publisher-2] [INFO] [1732729957.605930724] [drone_home1.sim]: 0.17623615606629991
[imu_publisher-2] [INFO] [1732729957.806363857] [drone_home1.sim]: 0.17623615606629991
[imu_publisher-2] [INFO] [1732729958.006669323] [drone_home1.sim]: 0.17623615606629991
[imu_publisher-2] [INFO] [1732729958.206973956] [drone_home1.sim]: 0.17623615606629991
[imu_publisher-2] [INFO] [1732729958.407077998] [drone_home1.sim]: 0.17623615606629991
[imu_publisher-2] [INFO] [1732729958.607331517] [drone_home1.sim]: 0.17623615606629991
[imu_publisher-2] [INFO] [1732729958.806678207] [drone_home1.sim]: 0.17623615606629991
[imu_publisher-2] [INFO] [1732729959.005117992] [drone_home1.sim]: 0.17623615606629991
[imu_publisher-2] [INFO] [1732729959.205329650] [drone_home1.sim]: 0.17623615606629991
[imu_publisher-2] [INFO] [1732729959.405333994] [drone_home1.sim]: 0.17623615606629991
[imu_publisher-2] [INFO] [1732729959.605901798] [drone_home1.sim]: 0.17623615606629991
[imu_publisher-2] [INFO] [1732729959.806042511] [drone_home1.sim]: 0.17623615606629991
[imu_publisher-2] [INFO] [1732729960.006996295] [drone_home1.sim]: 0.17623615606629991
[imu_publisher-2] [INFO] [1732729960.205817386] [drone_home1.sim]: 0.17623615606629991
[imu_publisher-2] [INFO] [1732729960.405537750] [drone_home1.sim]: 0.17623615606629991
[imu_publisher-2] [INFO] [1732729960.605165818] [drone_home1.sim]: 0.17623615606629991
[imu_publisher-2] [INFO] [1732729960.805287829] [drone_home1.sim]: 0.17623615606629991
[imu_publisher-2] [INFO] [1732729961.005199599] [drone_home1.sim]: 0.17623615606629991
[imu_publisher-2] [INFO] [1732729961.205138666] [drone_home1.sim]: 0.17623615606629991
[imu_publisher-2] [INFO] [1732729961.405254676] [drone_home1.sim]: 0.17623615606629991
[imu_publisher-2] [INFO] [1732729961.606112831] [drone_home1.sim]: 0.17623615606629991
[imu_publisher-2] [INFO] [1732729961.805926972] [drone_home1.sim]: 0.17623615606629991
[imu_publisher-2] [INFO] [1732729962.006998922] [drone_home1.sim]: 0.17623615606629991
[imu_publisher-2] [INFO] [1732729962.207251765] [drone_home1.sim]: 0.17623615606629991
[imu_publisher-2] [INFO] [1732729962.407064851] [drone_home1.sim]: 0.17623615606629991
[imu_publisher-2] [INFO] [1732729962.607123084] [drone_home1.sim]: 0.17623615606629991
[imu_publisher-2] [INFO] [1732729962.806598857] [drone_home1.sim]: 0.17623615606629991
[imu_publisher-2] [INFO] [1732729963.005117672] [drone_home1.sim]: 0.17623615606629991
[imu_publisher-2] [INFO] [1732729963.205153405] [drone_home1.sim]: 0.17623615606629991
[imu_publisher-2] [INFO] [1732729963.405280396] [drone_home1.sim]: 0.17623615606629991
[imu_publisher-2] [INFO] [1732729963.605667942] [drone_home1.sim]: 0.17623615606629991
[imu_publisher-2] [INFO] [1732729963.806063525] [drone_home1.sim]: 0.17623615606629991
[imu_publisher-2] [INFO] [1732729964.006883662] [drone_home1.sim]: 0.17623615606629991
[imu_publisher-2] [INFO] [1732729964.207000209] [drone_home1.sim]: 0.17623615606629991
[imu_publisher-2] [INFO] [1732729964.407187590] [drone_home1.sim]: 0.17623615606629991
[imu_publisher-2] [INFO] [1732729964.607271582] [drone_home1.sim]: 0.17623615606629991
[imu_publisher-2] [INFO] [1732729964.806684522] [drone_home1.sim]: 0.17623615606629991
[imu_publisher-2] [INFO] [1732729965.555473982] [drone_home1.sim]: 0.17623615606629991
[imu_publisher-2] [INFO] [1732729965.756030008] [drone_home1.sim]: 0.17623615606629991
[imu_publisher-2] [INFO] [1732729966.357385868] [drone_home1.sim]: 0.17623615606629991
[imu_publisher-2] [INFO] [1732729966.557043159] [drone_home1.sim]: 0.17623615606629991
[imu_publisher-2] [INFO] [1732729966.757106670] [drone_home1.sim]: 0.17623615606629991
[imu_publisher-2] [INFO] [1732729966.956266037] [drone_home1.sim]: 0.17623615606629991
[imu_publisher-2] [INFO] [1732729967.155579848] [drone_home1.sim]: 0.17623615606629991
[imu_publisher-2] [INFO] [1732729967.355215436] [drone_home1.sim]: 0.17623615606629991
[imu_publisher-2] [INFO] [1732729967.555398742] [drone_home1.sim]: 0.17623615606629991
[imu_publisher-2] [INFO] [1732729967.805924897] [drone_home1.sim]: 0.17623615606629991
[imu_publisher-2] [INFO] [1732729968.006119778] [drone_home1.sim]: 0.17623615606629991
[imu_publisher-2] [INFO] [1732729968.207010451] [drone_home1.sim]: 0.17623615606629991
[imu_publisher-2] [INFO] [1732729968.406934000] [drone_home1.sim]: 0.17623615606629991
[imu_publisher-2] [INFO] [1732729968.656982620] [drone_home1.sim]: 0.17623615606629991
[imu_publisher-2] [INFO] [1732729968.856781151] [drone_home1.sim]: 0.17623615606629991
[imu_publisher-2] [INFO] [1732729969.055369503] [drone_home1.sim]: 0.17623615606629991
[imu_publisher-2] [INFO] [1732729969.255379551] [drone_home1.sim]: 0.17623615606629991
[imu_publisher-2] [INFO] [1732729969.455439747] [drone_home1.sim]: 0.17623615606629991
[imu_publisher-2] [INFO] [1732729969.706094050] [drone_home1.sim]: 0.17623615606629991
[imu_publisher-2] [INFO] [1732729969.906214487] [drone_home1.sim]: 0.17623615606629991
[imu_publisher-2] [INFO] [1732729970.106812606] [drone_home1.sim]: 0.17623615606629991
[imu_publisher-2] [INFO] [1732729970.306716544] [drone_home1.sim]: 0.17623615606629991
[imu_publisher-2] [INFO] [1732729970.505439414] [drone_home1.sim]: 0.17623615606629991
[imu_publisher-2] [INFO] [1732729970.705406796] [drone_home1.sim]: 0.17623615606629991
[imu_publisher-2] [INFO] [1732729970.905392437] [drone_home1.sim]: 0.17623615606629991
[imu_publisher-2] [INFO] [1732729971.155274984] [drone_home1.sim]: 0.17623615606629991
[imu_publisher-2] [INFO] [1732729971.355106589] [drone_home1.sim]: 0.17623615606629991
[imu_publisher-2] [INFO] [1732729971.605633948] [drone_home1.sim]: 0.17623615606629991
[imu_publisher-2] [INFO] [1732729971.806191142] [drone_home1.sim]: 0.17623615606629991
[imu_publisher-2] [INFO] [1732729972.006571651] [drone_home1.sim]: 0.17623615606629991
[imu_publisher-2] [INFO] [1732729972.207175234] [drone_home1.sim]: 0.17623615606629991
[imu_publisher-2] [INFO] [1732729972.456897819] [drone_home1.sim]: 0.17623615606629991
[imu_publisher-2] [INFO] [1732729972.657061052] [drone_home1.sim]: 0.17623615606629991
[imu_publisher-2] [INFO] [1732729972.856611807] [drone_home1.sim]: 0.17623615606629991
[imu_publisher-2] [INFO] [1732729973.055654027] [drone_home1.sim]: 0.17623615606629991
[imu_publisher-2] [INFO] [1732729973.255244948] [drone_home1.sim]: 0.17623615606629991
[imu_publisher-2] [INFO] [1732729973.455348663] [drone_home1.sim]: 0.17623615606629991
[imu_publisher-2] [INFO] [1732729973.655610673] [drone_home1.sim]: 0.17623615606629991
[imu_publisher-2] [INFO] [1732729973.856363162] [drone_home1.sim]: 0.17623615606629991
[imu_publisher-2] [INFO] [1732729974.056586154] [drone_home1.sim]: 0.17623615606629991
[imu_publisher-2] [INFO] [1732729974.257282940] [drone_home1.sim]: 0.17623615606629991
[imu_publisher-2] [INFO] [1732729974.457111416] [drone_home1.sim]: 0.17623615606629991
[imu_publisher-2] [INFO] [1732729974.657102576] [drone_home1.sim]: 0.17623615606629991
[imu_publisher-2] [INFO] [1732729974.856807922] [drone_home1.sim]: 0.17623615606629991
[imu_publisher-2] [INFO] [1732729975.055373349] [drone_home1.sim]: 0.17623615606629991
[imu_publisher-2] [INFO] [1732729975.255394138] [drone_home1.sim]: 0.17623615606629991
[imu_publisher-2] [INFO] [1732729975.455312873] [drone_home1.sim]: 0.17623615606629991
[imu_publisher-2] [INFO] [1732729975.655506883] [drone_home1.sim]: 0.17623615606629991
[imu_publisher-2] [INFO] [1732729975.856105911] [drone_home1.sim]: 0.17623615606629991
[imu_publisher-2] [INFO] [1732729976.056701715] [drone_home1.sim]: 0.17623615606629991
[imu_publisher-2] [INFO] [1732729976.257081448] [drone_home1.sim]: 0.17581743172689898
[imu_publisher-2] [INFO] [1732729976.457072033] [drone_home1.sim]: 0.17581743172689898
[imu_publisher-2] [INFO] [1732729976.657158860] [drone_home1.sim]: 0.17581743172689898
[imu_publisher-2] [INFO] [1732729976.856966484] [drone_home1.sim]: 0.17581743172689898
[imu_publisher-2] [INFO] [1732729977.055486077] [drone_home1.sim]: 0.17581743172689898
[imu_publisher-2] [INFO] [1732729977.305273403] [drone_home1.sim]: 0.17581743172689898
[imu_publisher-2] [INFO] [1732729977.505210712] [drone_home1.sim]: 0.17581743172689898
[imu_publisher-2] [INFO] [1732729977.705763387] [drone_home1.sim]: 0.17581743172689898
[imu_publisher-2] [INFO] [1732729977.906313285] [drone_home1.sim]: 0.17581743172689898
[imu_publisher-2] [INFO] [1732729978.107124830] [drone_home1.sim]: 0.17581743172689898
[imu_publisher-2] [INFO] [1732729978.306991843] [drone_home1.sim]: 0.17581743172689898
[imu_publisher-2] [INFO] [1732729978.507136095] [drone_home1.sim]: 0.17581743172689898
[imu_publisher-2] [INFO] [1732729978.707163884] [drone_home1.sim]: 0.17581743172689898
[imu_publisher-2] [INFO] [1732729978.906818676] [drone_home1.sim]: 0.17581743172689898
[imu_publisher-2] [INFO] [1732729979.105350492] [drone_home1.sim]: 0.17581743172689898
[imu_publisher-2] [INFO] [1732729979.305128320] [drone_home1.sim]: 0.17581743172689898
[imu_publisher-2] [INFO] [1732729979.504501464] [drone_home1.sim]: 0.17581743172689898
[imu_publisher-2] [INFO] [1732729979.705602193] [drone_home1.sim]: 0.17581743172689898
[imu_publisher-2] [INFO] [1732729980.605252592] [drone_home1.sim]: 0.17581743172689898
[imu_publisher-2] [INFO] [1732729980.805294289] [drone_home1.sim]: 0.17581743172689898
[imu_publisher-2] [INFO] [1732729981.005293023] [drone_home1.sim]: 0.17581743172689898
[imu_publisher-2] [INFO] [1732729981.205464034] [drone_home1.sim]: 0.17581743172689898
[imu_publisher-2] [INFO] [1732729981.455262175] [drone_home1.sim]: 0.17581743172689898
[imu_publisher-2] [INFO] [1732729981.655311446] [drone_home1.sim]: 0.17581743172689898
[imu_publisher-2] [INFO] [1732729981.856052695] [drone_home1.sim]: 0.17581743172689898
[imu_publisher-2] [INFO] [1732729982.307513044] [drone_home1.sim]: 0.17581743172689898
[imu_publisher-2] [INFO] [1732729982.507145317] [drone_home1.sim]: 0.17581743172689898
[imu_publisher-2] [INFO] [1732729982.756990329] [drone_home1.sim]: 0.17581743172689898
[imu_publisher-2] [INFO] [1732729982.956805175] [drone_home1.sim]: 0.17581743172689898
[imu_publisher-2] [INFO] [1732729983.155296084] [drone_home1.sim]: 0.17581743172689898
[imu_publisher-2] [INFO] [1732729983.355467725] [drone_home1.sim]: 0.17581743172689898
[imu_publisher-2] [INFO] [1732729983.555350238] [drone_home1.sim]: 0.17581743172689898
[imu_publisher-2] [INFO] [1732729983.755523120] [drone_home1.sim]: 0.17581743172689898
[imu_publisher-2] [INFO] [1732729983.955801056] [drone_home1.sim]: 0.17581743172689898
[imu_publisher-2] [INFO] [1732729984.206663118] [drone_home1.sim]: 0.17581743172689898
[imu_publisher-2] [INFO] [1732729984.407053221] [drone_home1.sim]: 0.17581743172689898
[imu_publisher-2] [INFO] [1732729984.606874808] [drone_home1.sim]: 0.17581743172689898
[imu_publisher-2] [INFO] [1732729984.806920413] [drone_home1.sim]: 0.17581743172689898
[imu_publisher-2] [INFO] [1732729985.006637464] [drone_home1.sim]: 0.17581743172689898
[imu_publisher-2] [INFO] [1732729985.205477797] [drone_home1.sim]: 0.17581743172689898
[imu_publisher-2] [INFO] [1732729985.405461439] [drone_home1.sim]: 0.17581743172689898
[imu_publisher-2] [INFO] [1732729985.655458783] [drone_home1.sim]: 0.17581743172689898
[imu_publisher-2] [INFO] [1732729985.855669369] [drone_home1.sim]: 0.17581743172689898
[imu_publisher-2] [INFO] [1732729986.056019898] [drone_home1.sim]: 0.17581743172689898
[imu_publisher-2] [INFO] [1732729986.256559167] [drone_home1.sim]: 0.17581743172689898
[imu_publisher-2] [INFO] [1732729986.457083658] [drone_home1.sim]: 0.17581743172689898
[imu_publisher-2] [INFO] [1732729986.656962690] [drone_home1.sim]: 0.17581743172689898
[imu_publisher-2] [INFO] [1732729986.857086516] [drone_home1.sim]: 0.17581743172689898
[imu_publisher-2] [INFO] [1732729987.056618457] [drone_home1.sim]: 0.17581743172689898
[imu_publisher-2] [INFO] [1732729987.256122546] [drone_home1.sim]: 0.17581743172689898
[imu_publisher-2] [INFO] [1732729987.455759264] [drone_home1.sim]: 0.17581743172689898
[imu_publisher-2] [INFO] [1732729987.655430130] [drone_home1.sim]: 0.17581743172689898
[imu_publisher-2] [INFO] [1732729987.855334828] [drone_home1.sim]: 0.17581743172689898
[imu_publisher-2] [INFO] [1732729988.055748357] [drone_home1.sim]: 0.17581743172689898
[imu_publisher-2] [INFO] [1732729988.256224386] [drone_home1.sim]: 0.17581743172689898
[imu_publisher-2] [INFO] [1732729988.456889099] [drone_home1.sim]: 0.17581743172689898
[imu_publisher-2] [INFO] [1732729988.707065239] [drone_home1.sim]: 0.17581743172689898
[imu_publisher-2] [INFO] [1732729988.907252824] [drone_home1.sim]: 0.17581743172689898
[imu_publisher-2] [INFO] [1732729989.107025912] [drone_home1.sim]: 0.17581743172689898
[imu_publisher-2] [INFO] [1732729989.306201836] [drone_home1.sim]: 0.17581743172689898
[imu_publisher-2] [INFO] [1732729989.505378242] [drone_home1.sim]: 0.17581743172689898
[imu_publisher-2] [INFO] [1732729989.705325551] [drone_home1.sim]: 0.17581743172689898
[imu_publisher-2] [INFO] [1732729989.905320786] [drone_home1.sim]: 0.17581743172689898
[imu_publisher-2] [INFO] [1732729990.105707556] [drone_home1.sim]: 0.17581743172689898
[imu_publisher-2] [INFO] [1732729990.905586533] [drone_home1.sim]: 0.17581743172689898
[imu_publisher-2] [INFO] [1732729991.405298854] [drone_home1.sim]: 0.17581743172689898
[imu_publisher-2] [INFO] [1732729991.755458454] [drone_home1.sim]: 0.17581743172689898
[imu_publisher-2] [INFO] [1732729991.955364782] [drone_home1.sim]: 0.17581743172689898
[imu_publisher-2] [INFO] [1732729992.155740293] [drone_home1.sim]: 0.17581743172689898
[imu_publisher-2] [INFO] [1732729992.356275321] [drone_home1.sim]: 0.17581743172689898
[imu_publisher-2] [INFO] [1732729992.557050978] [drone_home1.sim]: 0.17581743172689898
[imu_publisher-2] [INFO] [1732729992.757008547] [drone_home1.sim]: 0.17581743172689898
[imu_publisher-2] [INFO] [1732729992.957139540] [drone_home1.sim]: 0.17581743172689898
[imu_publisher-2] [INFO] [1732729993.156498705] [drone_home1.sim]: 0.17581743172689898
[imu_publisher-2] [INFO] [1732729993.356902271] [drone_home1.sim]: 0.17581743172689898
[imu_publisher-2] [INFO] [1732729993.555810660] [drone_home1.sim]: 0.17581743172689898
[imu_publisher-2] [INFO] [1732729993.755459119] [drone_home1.sim]: 0.17581743172689898
[imu_publisher-2] [INFO] [1732729993.955253670] [drone_home1.sim]: 0.17581743172689898
[imu_publisher-2] [INFO] [1732729994.155159795] [drone_home1.sim]: 0.17581743172689898
[imu_publisher-2] [INFO] [1732729994.355728416] [drone_home1.sim]: 0.17581743172689898
[imu_publisher-2] [INFO] [1732729994.556369222] [drone_home1.sim]: 0.17581743172689898
[imu_publisher-2] [INFO] [1732729994.756854306] [drone_home1.sim]: 0.17581743172689898
[imu_publisher-2] [INFO] [1732729994.957189151] [drone_home1.sim]: 0.17581743172689898
[imu_publisher-2] [INFO] [1732729995.157234737] [drone_home1.sim]: 0.17581743172689898
[imu_publisher-2] [INFO] [1732729995.357215843] [drone_home1.sim]: 0.17581743172689898
[imu_publisher-2] [INFO] [1732729995.556819025] [drone_home1.sim]: 0.17581743172689898
[imu_publisher-2] [INFO] [1732729995.755187935] [drone_home1.sim]: 0.17581743172689898
[imu_publisher-2] [INFO] [1732729995.955131319] [drone_home1.sim]: 0.17581743172689898
[imu_publisher-2] [INFO] [1732729996.155500941] [drone_home1.sim]: 0.17581743172689898
[imu_publisher-2] [INFO] [1732729996.355483510] [drone_home1.sim]: 0.17581743172689898
[imu_publisher-2] [INFO] [1732729996.556008928] [drone_home1.sim]: 0.17581743172689898
[imu_publisher-2] [INFO] [1732729996.757480118] [drone_home1.sim]: 0.17581743172689898
[imu_publisher-2] [INFO] [1732729996.956990615] [drone_home1.sim]: 0.17581743172689898
[imu_publisher-2] [INFO] [1732729997.156882981] [drone_home1.sim]: 0.17581743172689898
[imu_publisher-2] [INFO] [1732729997.356963901] [drone_home1.sim]: 0.17581743172689898
[imu_publisher-2] [INFO] [1732729997.756655021] [drone_home1.sim]: 0.17581743172689898
[imu_publisher-2] [INFO] [1732729997.955573503] [drone_home1.sim]: 0.17581743172689898
[imu_publisher-2] [INFO] [1732729998.155320777] [drone_home1.sim]: 0.17581743172689898
[imu_publisher-2] [INFO] [1732729998.355310827] [drone_home1.sim]: 0.17581743172689898
[imu_publisher-2] [INFO] [1732729998.555850226] [drone_home1.sim]: 0.17581743172689898
[imu_publisher-2] [INFO] [1732729998.756390292] [drone_home1.sim]: 0.17581743172689898
[imu_publisher-2] [INFO] [1732729998.956731655] [drone_home1.sim]: 0.17581743172689898
[imu_publisher-2] [INFO] [1732729999.157132037] [drone_home1.sim]: 0.17581743172689898
[imu_publisher-2] [INFO] [1732729999.357535530] [drone_home1.sim]: 0.17581743172689898
[imu_publisher-2] [INFO] [1732729999.556959712] [drone_home1.sim]: 0.17581743172689898
[imu_publisher-2] [INFO] [1732729999.756328377] [drone_home1.sim]: 0.17581743172689898
[imu_publisher-2] [INFO] [1732729999.955172730] [drone_home1.sim]: 0.17581743172689898
[imu_publisher-2] [INFO] [1732730000.155338057] [drone_home1.sim]: 0.17581743172689898
[imu_publisher-2] [INFO] [1732730000.355211182] [drone_home1.sim]: 0.17581743172689898
[imu_publisher-2] [INFO] [1732730000.555740933] [drone_home1.sim]: 0.17581743172689898
[imu_publisher-2] [INFO] [1732730000.756023075] [drone_home1.sim]: 0.17581743172689898
[imu_publisher-2] [INFO] [1732730000.956749677] [drone_home1.sim]: 0.17581743172689898
[imu_publisher-2] [INFO] [1732730001.156975689] [drone_home1.sim]: 0.17581743172689898
[imu_publisher-2] [INFO] [1732730001.355619191] [drone_home1.sim]: 0.17581743172689898
[imu_publisher-2] [INFO] [1732730001.555369965] [drone_home1.sim]: 0.17581743172689898
[imu_publisher-2] [INFO] [1732730001.755317386] [drone_home1.sim]: 0.17581743172689898
[imu_publisher-2] [INFO] [1732730001.955193326] [drone_home1.sim]: 0.17581743172689898
[imu_publisher-2] [INFO] [1732730002.155304691] [drone_home1.sim]: 0.17581743172689898
[imu_publisher-2] [INFO] [1732730002.355155594] [drone_home1.sim]: 0.17581743172689898
[imu_publisher-2] [INFO] [1732730002.555803937] [drone_home1.sim]: 0.17581743172689898
[imu_publisher-2] [INFO] [1732730002.756242763] [drone_home1.sim]: 0.17581743172689898
[imu_publisher-2] [INFO] [1732730002.956768570] [drone_home1.sim]: 0.17581743172689898
[imu_publisher-2] [INFO] [1732730003.156799676] [drone_home1.sim]: 0.17581743172689898
[imu_publisher-2] [INFO] [1732730003.357060540] [drone_home1.sim]: 0.17581743172689898
[imu_publisher-2] [INFO] [1732730003.556990128] [drone_home1.sim]: 0.17581743172689898
[imu_publisher-2] [INFO] [1732730003.757171696] [drone_home1.sim]: 0.17581743172689898
[imu_publisher-2] [INFO] [1732730003.956282658] [drone_home1.sim]: 0.17581743172689898
[imu_publisher-2] [INFO] [1732730004.155254714] [drone_home1.sim]: 0.17581743172689898
[imu_publisher-2] [INFO] [1732730004.355192432] [drone_home1.sim]: 0.17581743172689898
[imu_publisher-2] [INFO] [1732730004.555485981] [drone_home1.sim]: 0.17581743172689898
[imu_publisher-2] [INFO] [1732730004.755849178] [drone_home1.sim]: 0.17581743172689898
[imu_publisher-2] [INFO] [1732730004.956439318] [drone_home1.sim]: 0.17581743172689898
[imu_publisher-2] [INFO] [1732730005.156951329] [drone_home1.sim]: 0.17581743172689898
[imu_publisher-2] [INFO] [1732730005.357032638] [drone_home1.sim]: 0.17581743172689898
[imu_publisher-2] [INFO] [1732730005.557141133] [drone_home1.sim]: 0.17581743172689898
[imu_publisher-2] [INFO] [1732730005.756654168] [drone_home1.sim]: 0.17581743172689898
[imu_publisher-2] [INFO] [1732730005.955674020] [drone_home1.sim]: 0.17581743172689898
[imu_publisher-2] [INFO] [1732730006.155198110] [drone_home1.sim]: 0.17581743172689898
[imu_publisher-2] [INFO] [1732730006.355369845] [drone_home1.sim]: 0.17581743172689898
[imu_publisher-2] [INFO] [1732730006.555468543] [drone_home1.sim]: 0.17581743172689898
[imu_publisher-2] [INFO] [1732730006.755609260] [drone_home1.sim]: 0.17581743172689898
[imu_publisher-2] [INFO] [1732730006.956215400] [drone_home1.sim]: 0.17581743172689898
[imu_publisher-2] [INFO] [1732730007.156674097] [drone_home1.sim]: 0.17581743172689898
[imu_publisher-2] [INFO] [1732730007.357755197] [drone_home1.sim]: 0.17581743172689898
[imu_publisher-2] [INFO] [1732730007.557134770] [drone_home1.sim]: 0.17581743172689898
[imu_publisher-2] [INFO] [1732730007.757066728] [drone_home1.sim]: 0.17581743172689898
[imu_publisher-2] [INFO] [1732730007.956850058] [drone_home1.sim]: 0.17581743172689898
[imu_publisher-2] [INFO] [1732730008.155340635] [drone_home1.sim]: 0.17581743172689898
[imu_publisher-2] [INFO] [1732730008.405249148] [drone_home1.sim]: 0.17581743172689898
[imu_publisher-2] [INFO] [1732730008.605384402] [drone_home1.sim]: 0.17581743172689898
[imu_publisher-2] [INFO] [1732730008.805619915] [drone_home1.sim]: 0.17581743172689898
[imu_publisher-2] [INFO] [1732730009.006326758] [drone_home1.sim]: 0.17581743172689898
[imu_publisher-2] [INFO] [1732730009.307152913] [drone_home1.sim]: 0.17581743172689898
[imu_publisher-2] [INFO] [1732730009.507034076] [drone_home1.sim]: 0.17581743172689898
[imu_publisher-2] [INFO] [1732730009.706967516] [drone_home1.sim]: 0.17581743172689898
[imu_publisher-2] [INFO] [1732730009.907088307] [drone_home1.sim]: 0.17581743172689898
[imu_publisher-2] [INFO] [1732730010.106540861] [drone_home1.sim]: 0.17581743172689898
[imu_publisher-2] [INFO] [1732730010.305209123] [drone_home1.sim]: 0.17581743172689898
[imu_publisher-2] [INFO] [1732730010.505352321] [drone_home1.sim]: 0.17581743172689898
[imu_publisher-2] [INFO] [1732730010.705209169] [drone_home1.sim]: 0.17581743172689898
[imu_publisher-2] [INFO] [1732730010.905673921] [drone_home1.sim]: 0.17581743172689898
[imu_publisher-2] [INFO] [1732730011.105973860] [drone_home1.sim]: 0.17581743172689898
[imu_publisher-2] [INFO] [1732730011.306617889] [drone_home1.sim]: 0.17581743172689898
[imu_publisher-2] [INFO] [1732730011.507028993] [drone_home1.sim]: 0.17581743172689898
[imu_publisher-2] [INFO] [1732730011.705738884] [drone_home1.sim]: 0.17581743172689898
[imu_publisher-2] [INFO] [1732730011.905404900] [drone_home1.sim]: 0.17581743172689898
[imu_publisher-2] [INFO] [1732730012.105199545] [drone_home1.sim]: 0.17581743172689898
[imu_publisher-2] [INFO] [1732730012.305332373] [drone_home1.sim]: 0.17581743172689898
[imu_publisher-2] [INFO] [1732730012.505069629] [drone_home1.sim]: 0.17581743172689898
[imu_publisher-2] [INFO] [1732730012.705192920] [drone_home1.sim]: 0.17581743172689898
[imu_publisher-2] [INFO] [1732730012.905366507] [drone_home1.sim]: 0.17581743172689898
[imu_publisher-2] [INFO] [1732730013.106133462] [drone_home1.sim]: 0.17581743172689898
[imu_publisher-2] [INFO] [1732730013.306495215] [drone_home1.sim]: 0.17581743172689898
[imu_publisher-2] [INFO] [1732730013.507145003] [drone_home1.sim]: 0.17581743172689898
[imu_publisher-2] [INFO] [1732730013.707099203] [drone_home1.sim]: 0.17581743172689898
[imu_publisher-2] [INFO] [1732730013.907364790] [drone_home1.sim]: 0.17581743172689898
[imu_publisher-2] [INFO] [1732730014.107063639] [drone_home1.sim]: 0.17581743172689898
[imu_publisher-2] [INFO] [1732730014.306799321] [drone_home1.sim]: 0.17581743172689898
[imu_publisher-2] [INFO] [1732730014.505161862] [drone_home1.sim]: 0.17581743172689898
[imu_publisher-2] [INFO] [1732730014.705226802] [drone_home1.sim]: 0.17581743172689898
[imu_publisher-2] [INFO] [1732730014.905297927] [drone_home1.sim]: 0.17581743172689898
[imu_publisher-2] [INFO] [1732730015.105607680] [drone_home1.sim]: 0.17581743172689898
[imu_publisher-2] [INFO] [1732730015.305951433] [drone_home1.sim]: 0.17581743172689898
[imu_publisher-2] [INFO] [1732730015.506824443] [drone_home1.sim]: 0.17581743172689898
[imu_publisher-2] [INFO] [1732730015.707245974] [drone_home1.sim]: 0.17581743172689898
[imu_publisher-2] [INFO] [1732730015.907106414] [drone_home1.sim]: 0.17581743172689898
[imu_publisher-2] [INFO] [1732730016.106639913] [drone_home1.sim]: 0.17581743172689898
[imu_publisher-2] [INFO] [1732730016.306290632] [drone_home1.sim]: 0.17581743172689898
[imu_publisher-2] [INFO] [1732730016.505138782] [drone_home1.sim]: 0.17581743172689898
[imu_publisher-2] [INFO] [1732730016.705362777] [drone_home1.sim]: 0.17581743172689898
[imu_publisher-2] [INFO] [1732730016.905311162] [drone_home1.sim]: 0.17581743172689898
[imu_publisher-2] [INFO] [1732730017.105312713] [drone_home1.sim]: 0.17581743172689898
[imu_publisher-2] [INFO] [1732730017.305924261] [drone_home1.sim]: 0.17581743172689898
[imu_publisher-2] [INFO] [1732730017.506547735] [drone_home1.sim]: 0.17581743172689898
[imu_publisher-2] [INFO] [1732730017.706659768] [drone_home1.sim]: 0.17581743172689898
[imu_publisher-2] [INFO] [1732730017.907104817] [drone_home1.sim]: 0.17581743172689898
[imu_publisher-2] [INFO] [1732730018.106804148] [drone_home1.sim]: 0.17581743172689898
[imu_publisher-2] [INFO] [1732730018.306937865] [drone_home1.sim]: 0.17581743172689898
[imu_publisher-2] [INFO] [1732730018.506539696] [drone_home1.sim]: 0.17581743172689898
[imu_publisher-2] [INFO] [1732730018.705422531] [drone_home1.sim]: 0.17581743172689898
[imu_publisher-2] [INFO] [1732730018.904860956] [drone_home1.sim]: 0.17581743172689898
[imu_publisher-2] [INFO] [1732730019.105245802] [drone_home1.sim]: 0.17581743172689898
[imu_publisher-2] [INFO] [1732730019.305764258] [drone_home1.sim]: 0.17581743172689898
[imu_publisher-2] [INFO] [1732730019.506658583] [drone_home1.sim]: 0.17581743172689898
[imu_publisher-2] [INFO] [1732730019.706473524] [drone_home1.sim]: 0.17581743172689898
[imu_publisher-2] [INFO] [1732730019.907123628] [drone_home1.sim]: 0.17581743172689898
[imu_publisher-2] [INFO] [1732730020.107141420] [drone_home1.sim]: 0.17581743172689898
[imu_publisher-2] [INFO] [1732730020.306971343] [drone_home1.sim]: 0.17581743172689898
[imu_publisher-2] [INFO] [1732730020.506997376] [drone_home1.sim]: 0.17581743172689898
[imu_publisher-2] [INFO] [1732730020.706040858] [drone_home1.sim]: 0.17581743172689898
[imu_publisher-2] [INFO] [1732730020.905558468] [drone_home1.sim]: 0.17581743172689898
[imu_publisher-2] [INFO] [1732730021.105377872] [drone_home1.sim]: 0.17581743172689898
[imu_publisher-2] [INFO] [1732730021.305066259] [drone_home1.sim]: 0.17581743172689898
[imu_publisher-2] [INFO] [1732730021.505450012] [drone_home1.sim]: 0.17581743172689898
[imu_publisher-2] [INFO] [1732730021.706267300] [drone_home1.sim]: 0.17581743172689898
[imu_publisher-2] [INFO] [1732730021.906765035] [drone_home1.sim]: 0.17581743172689898
[imu_publisher-2] [INFO] [1732730022.106701883] [drone_home1.sim]: 0.17581743172689898
[imu_publisher-2] [INFO] [1732730022.305438867] [drone_home1.sim]: 0.17581743172689898
[imu_publisher-2] [INFO] [1732730022.505281438] [drone_home1.sim]: 0.17581743172689898
[imu_publisher-2] [INFO] [1732730022.705334638] [drone_home1.sim]: 0.17581743172689898
[imu_publisher-2] [INFO] [1732730022.905209060] [drone_home1.sim]: 0.17581743172689898
[imu_publisher-2] [INFO] [1732730023.105653258] [drone_home1.sim]: 0.17581743172689898
[imu_publisher-2] [INFO] [1732730023.305451200] [drone_home1.sim]: 0.17581743172689898
[imu_publisher-2] [INFO] [1732730023.505868453] [drone_home1.sim]: 0.17581743172689898
[imu_publisher-2] [INFO] [1732730023.705842746] [drone_home1.sim]: 0.17581743172689898
[imu_publisher-2] [INFO] [1732730023.906633219] [drone_home1.sim]: 0.17581743172689898
[imu_publisher-2] [INFO] [1732730024.107310249] [drone_home1.sim]: 0.17581743172689898
[imu_publisher-2] [INFO] [1732730024.307016358] [drone_home1.sim]: 0.17581743172689898
[imu_publisher-2] [INFO] [1732730024.507211927] [drone_home1.sim]: 0.17581743172689898
[imu_publisher-2] [INFO] [1732730024.707174498] [drone_home1.sim]: 0.17581743172689898
[imu_publisher-2] [INFO] [1732730024.906213999] [drone_home1.sim]: 0.17581743172689898
[imu_publisher-2] [INFO] [1732730025.105492332] [drone_home1.sim]: 0.17581743172689898
[imu_publisher-2] [INFO] [1732730025.305431199] [drone_home1.sim]: 0.17581743172689898
[imu_publisher-2] [INFO] [1732730025.504819606] [drone_home1.sim]: 0.17581743172689898
[imu_publisher-2] [INFO] [1732730025.705769209] [drone_home1.sim]: 0.17581743172689898
[imu_publisher-2] [INFO] [1732730025.906606627] [drone_home1.sim]: 0.17581743172689898
[imu_publisher-2] [INFO] [1732730026.106794437] [drone_home1.sim]: 0.17581743172689898
[imu_publisher-2] [INFO] [1732730026.306928599] [drone_home1.sim]: 0.17581743172689898
[imu_publisher-2] [INFO] [1732730026.507157020] [drone_home1.sim]: 0.17581743172689898
[imu_publisher-2] [INFO] [1732730026.707093202] [drone_home1.sim]: 0.17581743172689898
[imu_publisher-2] [INFO] [1732730026.906520257] [drone_home1.sim]: 0.17581743172689898
[imu_publisher-2] [INFO] [1732730027.104877818] [drone_home1.sim]: 0.17581743172689898
[imu_publisher-2] [INFO] [1732730027.305156831] [drone_home1.sim]: 0.17581743172689898
[imu_publisher-2] [INFO] [1732730027.505350864] [drone_home1.sim]: 0.17581743172689898
[imu_publisher-2] [INFO] [1732730027.705806561] [drone_home1.sim]: 0.17581743172689898
[imu_publisher-2] [INFO] [1732730027.906214222] [drone_home1.sim]: 0.17581743172689898
[imu_publisher-2] [INFO] [1732730028.106702753] [drone_home1.sim]: 0.17581743172689898
[imu_publisher-2] [INFO] [1732730028.307142544] [drone_home1.sim]: 0.17581743172689898
[imu_publisher-2] [INFO] [1732730028.507237836] [drone_home1.sim]: 0.17581743172689898
[imu_publisher-2] [INFO] [1732730028.707111963] [drone_home1.sim]: 0.17581743172689898
[imu_publisher-2] [INFO] [1732730028.906817313] [drone_home1.sim]: 0.17581743172689898
[imu_publisher-2] [INFO] [1732730029.155214502] [drone_home1.sim]: 0.17581743172689898
[imu_publisher-2] [INFO] [1732730029.555156810] [drone_home1.sim]: 0.17581743172689898
[imu_publisher-2] [INFO] [1732730030.056404980] [drone_home1.sim]: 0.17581743172689898
[imu_publisher-2] [INFO] [1732730030.506791508] [drone_home1.sim]: 0.17581743172689898
[imu_publisher-2] [INFO] [1732730030.807085631] [drone_home1.sim]: 0.17581743172689898
[imu_publisher-2] [INFO] [1732730031.006852944] [drone_home1.sim]: 0.17581743172689898
[imu_publisher-2] [INFO] [1732730031.205392800] [drone_home1.sim]: 0.17581743172689898
[imu_publisher-2] [INFO] [1732730031.405302371] [drone_home1.sim]: 0.17581743172689898
[imu_publisher-2] [INFO] [1732730031.605275386] [drone_home1.sim]: 0.17581743172689898
[imu_publisher-2] [INFO] [1732730031.805468993] [drone_home1.sim]: 0.17581743172689898
[imu_publisher-2] [INFO] [1732730032.005518101] [drone_home1.sim]: 0.17581743172689898
[imu_publisher-2] [INFO] [1732730032.206397611] [drone_home1.sim]: 0.17581743172689898
[imu_publisher-2] [INFO] [1732730032.406965031] [drone_home1.sim]: 0.17581743172689898
[imu_publisher-2] [INFO] [1732730032.606642696] [drone_home1.sim]: 0.17581743172689898
[imu_publisher-2] [INFO] [1732730032.805225719] [drone_home1.sim]: 0.17581743172689898
[imu_publisher-2] [INFO] [1732730033.005336919] [drone_home1.sim]: 0.17581743172689898
[imu_publisher-2] [INFO] [1732730033.205411637] [drone_home1.sim]: 0.17581743172689898
[imu_publisher-2] [INFO] [1732730033.404873359] [drone_home1.sim]: 0.17581743172689898
[imu_publisher-2] [INFO] [1732730033.605226669] [drone_home1.sim]: 0.17581743172689898
[imu_publisher-2] [INFO] [1732730033.805356313] [drone_home1.sim]: 0.17581743172689898
[imu_publisher-2] [INFO] [1732730034.005967899] [drone_home1.sim]: 0.17581743172689898
[imu_publisher-2] [INFO] [1732730034.206377302] [drone_home1.sim]: 0.17581743172689898
[imu_publisher-2] [INFO] [1732730034.406926481] [drone_home1.sim]: 0.17581743172689898
[imu_publisher-2] [INFO] [1732730034.606875682] [drone_home1.sim]: 0.17581743172689898
[imu_publisher-2] [INFO] [1732730034.807473268] [drone_home1.sim]: 0.17581743172689898
[imu_publisher-2] [INFO] [1732730035.007085785] [drone_home1.sim]: 0.17581743172689898
[imu_publisher-2] [INFO] [1732730035.206889246] [drone_home1.sim]: 0.17581743172689898
[imu_publisher-2] [INFO] [1732730035.405801860] [drone_home1.sim]: 0.17581743172689898
[imu_publisher-2] [INFO] [1732730035.605261175] [drone_home1.sim]: 0.17581743172689898
[imu_publisher-2] [INFO] [1732730035.805230412] [drone_home1.sim]: 0.17581743172689898
[imu_publisher-2] [INFO] [1732730036.005241983] [drone_home1.sim]: 0.17599738702509587
[imu_publisher-2] [INFO] [1732730036.205995550] [drone_home1.sim]: 0.17401787855473233
[imu_publisher-2] [INFO] [1732730036.406236435] [drone_home1.sim]: 0.39698749110254533
[imu_publisher-2] [INFO] [1732730036.607009484] [drone_home1.sim]: 2.936300812032173
[imu_publisher-2] [INFO] [1732730036.807180091] [drone_home1.sim]: 6.5843550069493615
[imu_publisher-2] [INFO] [1732730037.006773812] [drone_home1.sim]: 7.767594493039526
[imu_publisher-2] [INFO] [1732730037.205277410] [drone_home1.sim]: 6.037391329721202
[imu_publisher-2] [INFO] [1732730037.405212389] [drone_home1.sim]: 0.39465857166906065
[imu_publisher-2] [INFO] [1732730037.605404662] [drone_home1.sim]: -6.154774644629215
[imu_publisher-2] [INFO] [1732730037.805334678] [drone_home1.sim]: -11.7576053810002
[imu_publisher-2] [INFO] [1732730038.005310490] [drone_home1.sim]: -17.396784559270465
[imu_publisher-2] [INFO] [1732730038.205682578] [drone_home1.sim]: -18.554853143280017
[imu_publisher-2] [INFO] [1732730038.406013499] [drone_home1.sim]: -12.778179546752748
[imu_publisher-2] [INFO] [1732730038.606683160] [drone_home1.sim]: -2.8738683285829945
[imu_publisher-2] [INFO] [1732730038.807197673] [drone_home1.sim]: 5.962808271164185
[imu_publisher-2] [INFO] [1732730039.006997115] [drone_home1.sim]: 11.765884423783161
[imu_publisher-2] [INFO] [1732730039.207080964] [drone_home1.sim]: 10.178399553270957
[imu_publisher-2] [INFO] [1732730039.406474427] [drone_home1.sim]: 3.0732232386763045
[imu_publisher-2] [INFO] [1732730039.605226764] [drone_home1.sim]: -4.03841954874501
[imu_publisher-2] [INFO] [1732730039.805341983] [drone_home1.sim]: -6.303754242760633
[imu_publisher-2] [INFO] [1732730040.005063741] [drone_home1.sim]: -6.346025396306868
[imu_publisher-2] [INFO] [1732730040.205492291] [drone_home1.sim]: -6.4025792628806695
[imu_publisher-2] [INFO] [1732730040.405619381] [drone_home1.sim]: -6.409143184414229
[imu_publisher-2] [INFO] [1732730040.605714396] [drone_home1.sim]: -6.319695115389067
[imu_publisher-2] [INFO] [1732730040.805840929] [drone_home1.sim]: -6.307703273114408
[imu_publisher-2] [INFO] [1732730041.005506558] [drone_home1.sim]: -6.304463475954938
[imu_publisher-2] [INFO] [1732730041.205324501] [drone_home1.sim]: -6.25159118866936
[imu_publisher-2] [INFO] [1732730041.405487719] [drone_home1.sim]: -6.257004392237624
[imu_publisher-2] [INFO] [1732730041.605462643] [drone_home1.sim]: -6.328818294891
[imu_publisher-2] [INFO] [1732730041.805232141] [drone_home1.sim]: -7.705426839116168
[imu_publisher-2] [INFO] [1732730042.005436675] [drone_home1.sim]: -8.601030571700557
[imu_publisher-2] [INFO] [1732730042.255292616] [drone_home1.sim]: -7.34478972056625
[imu_publisher-2] [INFO] [1732730042.455407650] [drone_home1.sim]: -7.262445128682894
[imu_publisher-2] [INFO] [1732730042.655569147] [drone_home1.sim]: -5.515046068520366
[imu_publisher-2] [INFO] [1732730042.855213331] [drone_home1.sim]: -3.3046690740544804
[imu_publisher-2] [INFO] [1732730043.055827548] [drone_home1.sim]: -1.6052003330523492
[imu_publisher-2] [INFO] [1732730043.255373010] [drone_home1.sim]: -1.6055827867882817
[imu_publisher-2] [INFO] [1732730043.455731561] [drone_home1.sim]: -1.693861733130104
[imu_publisher-2] [INFO] [1732730043.655372727] [drone_home1.sim]: -1.6942288098565579
[imu_publisher-2] [INFO] [1732730043.855108967] [drone_home1.sim]: -1.7437542480323025
[imu_publisher-2] [INFO] [1732730044.055197427] [drone_home1.sim]: -0.5659673846286564
[imu_publisher-2] [INFO] [1732730044.254951111] [drone_home1.sim]: 9.082123796055498
[imu_publisher-2] [INFO] [1732730044.455040349] [drone_home1.sim]: 23.858343344047338
[imu_publisher-2] [INFO] [1732730044.655781694] [drone_home1.sim]: 27.410012821944708
[imu_publisher-2] [INFO] [1732730044.856194171] [drone_home1.sim]: 27.22541567602865
[imu_publisher-2] [INFO] [1732730045.056116650] [drone_home1.sim]: 27.144444127931877
[imu_publisher-2] [INFO] [1732730045.257003217] [drone_home1.sim]: 26.879122235211046
[imu_publisher-2] [INFO] [1732730045.457854914] [drone_home1.sim]: 25.88892902430769
[imu_publisher-2] [INFO] [1732730045.657041601] [drone_home1.sim]: 26.096359347405865
[imu_publisher-2] [INFO] [1732730045.856970117] [drone_home1.sim]: 29.009377006941687
[imu_publisher-2] [INFO] [1732730046.056026787] [drone_home1.sim]: 35.604284479242445
[imu_publisher-2] [INFO] [1732730046.255224270] [drone_home1.sim]: 34.88224253046143
[imu_publisher-2] [INFO] [1732730046.455275915] [drone_home1.sim]: 24.299226021574892
[imu_publisher-2] [INFO] [1732730046.655320431] [drone_home1.sim]: 7.942550637222414
[imu_publisher-2] [INFO] [1732730046.855948574] [drone_home1.sim]: -3.1147522152781697
[imu_publisher-2] [INFO] [1732730047.056382421] [drone_home1.sim]: -4.560721930215494
[imu_publisher-2] [INFO] [1732730047.357176265] [drone_home1.sim]: -4.5708467234800825
[imu_publisher-2] [INFO] [1732730047.656671135] [drone_home1.sim]: -4.579590367823304
[imu_publisher-2] [INFO] [1732730047.856542985] [drone_home1.sim]: -4.599186898281093
[imu_publisher-2] [INFO] [1732730048.055594413] [drone_home1.sim]: -4.603413131447888
[imu_publisher-2] [INFO] [1732730048.254813489] [drone_home1.sim]: -4.613952858638827
[imu_publisher-2] [INFO] [1732730048.455407410] [drone_home1.sim]: -4.62546500648435
[imu_publisher-2] [INFO] [1732730048.655306297] [drone_home1.sim]: -4.631421298194128
[imu_publisher-2] [INFO] [1732730048.855574052] [drone_home1.sim]: -4.595316727540437
[imu_publisher-2] [INFO] [1732730049.055971826] [drone_home1.sim]: -4.405415379106137
[imu_publisher-2] [INFO] [1732730049.256616672] [drone_home1.sim]: -3.6858495922341934
[imu_publisher-2] [INFO] [1732730049.456995205] [drone_home1.sim]: -2.582598763136868
[imu_publisher-2] [INFO] [1732730049.657187831] [drone_home1.sim]: -2.8183683959063774
[imu_publisher-2] [INFO] [1732730049.857084478] [drone_home1.sim]: -2.7085302455656155
[imu_publisher-2] [INFO] [1732730050.057254549] [drone_home1.sim]: -1.3655999400309693
[imu_publisher-2] [INFO] [1732730050.256162219] [drone_home1.sim]: -0.3172072321200575
[imu_publisher-2] [INFO] [1732730050.455171778] [drone_home1.sim]: 0.38081673139921157
[imu_publisher-2] [INFO] [1732730050.655286201] [drone_home1.sim]: -0.04526779352584337
[imu_publisher-2] [INFO] [1732730050.855403680] [drone_home1.sim]: -1.49459533829479
[imu_publisher-2] [INFO] [1732730051.056035044] [drone_home1.sim]: -3.780277837681165
[imu_publisher-2] [INFO] [1732730051.255971895] [drone_home1.sim]: -6.724760831376769
[imu_publisher-2] [INFO] [1732730051.455454006] [drone_home1.sim]: -5.398616668038618
[imu_publisher-2] [INFO] [1732730051.655499911] [drone_home1.sim]: -1.2246394732447214
[imu_publisher-2] [INFO] [1732730051.855180541] [drone_home1.sim]: -1.6945709416895478
[imu_publisher-2] [INFO] [1732730052.055333315] [drone_home1.sim]: -1.7024640563364155
[imu_publisher-2] [INFO] [1732730052.255368369] [drone_home1.sim]: -2.1251112003156107
[imu_publisher-2] [INFO] [1732730052.455357959] [drone_home1.sim]: 1.570470074382517
[imu_publisher-2] [INFO] [1732730052.655286884] [drone_home1.sim]: 4.7336940345381935
[imu_publisher-2] [INFO] [1732730052.855272493] [drone_home1.sim]: 2.8920257411105434
[imu_publisher-2] [INFO] [1732730053.055674563] [drone_home1.sim]: 2.9714865079527217
[imu_publisher-2] [INFO] [1732730053.255556006] [drone_home1.sim]: 3.0111336405619125
[imu_publisher-2] [INFO] [1732730053.457007274] [drone_home1.sim]: 2.995132855326211
[imu_publisher-2] [INFO] [1732730053.655818389] [drone_home1.sim]: 2.995456285579882
[imu_publisher-2] [INFO] [1732730053.855299446] [drone_home1.sim]: 2.995024495582802
[imu_publisher-2] [INFO] [1732730054.055298851] [drone_home1.sim]: 2.9948130252290643
[imu_publisher-2] [INFO] [1732730054.254939073] [drone_home1.sim]: 2.9942094352602044
[imu_publisher-2] [INFO] [1732730054.455188774] [drone_home1.sim]: 2.9949127819911414
[imu_publisher-2] [INFO] [1732730054.655212438] [drone_home1.sim]: 3.0090475198949505
[imu_publisher-2] [INFO] [1732730054.855386639] [drone_home1.sim]: 7.312883627956796
[imu_publisher-2] [INFO] [1732730055.055573025] [drone_home1.sim]: 19.559330405837077
[imu_publisher-2] [INFO] [1732730055.256262464] [drone_home1.sim]: 27.340617460142123
[imu_publisher-2] [INFO] [1732730055.457278809] [drone_home1.sim]: 27.601142165151764
[imu_publisher-2] [INFO] [1732730055.656801902] [drone_home1.sim]: 27.60234502507841
[imu_publisher-2] [INFO] [1732730055.857241046] [drone_home1.sim]: 27.602872197145164
[imu_publisher-2] [INFO] [1732730056.056993157] [drone_home1.sim]: 25.350599513098203
[imu_publisher-2] [INFO] [1732730056.257096229] [drone_home1.sim]: 14.447083157015445
[imu_publisher-2] [INFO] [1732730056.455380439] [drone_home1.sim]: -0.006052957414681625
[imu_publisher-2] [INFO] [1732730056.655115198] [drone_home1.sim]: -11.566332562506885
[imu_publisher-2] [INFO] [1732730056.855177955] [drone_home1.sim]: -19.78974155596909
[imu_publisher-2] [INFO] [1732730057.055179861] [drone_home1.sim]: -23.10324353742246
[imu_publisher-2] [INFO] [1732730057.255923911] [drone_home1.sim]: -22.476296729020493
[imu_publisher-2] [INFO] [1732730057.456733516] [drone_home1.sim]: -17.473156478328573
[imu_publisher-2] [INFO] [1732730057.657026994] [drone_home1.sim]: -7.08348085455784
[imu_publisher-2] [INFO] [1732730057.857199084] [drone_home1.sim]: 0.07880755306269635
[imu_publisher-2] [INFO] [1732730058.057589062] [drone_home1.sim]: 0.04977464230231027
[imu_publisher-2] [INFO] [1732730058.257019860] [drone_home1.sim]: 0.05674338535486444
[imu_publisher-2] [INFO] [1732730058.456159437] [drone_home1.sim]: 0.05646104567962173
[imu_publisher-2] [INFO] [1732730058.655285717] [drone_home1.sim]: 0.05618805708888421
[imu_publisher-2] [INFO] [1732730059.305578562] [drone_home1.sim]: 0.055859900479695704
[imu_publisher-2] [INFO] [1732730059.606542573] [drone_home1.sim]: 0.055859900479695704
[imu_publisher-2] [INFO] [1732730059.856950921] [drone_home1.sim]: 0.055859900479695704
[imu_publisher-2] [INFO] [1732730060.057703175] [drone_home1.sim]: 0.055859900479695704
[imu_publisher-2] [INFO] [1732730060.257186361] [drone_home1.sim]: 0.055859900479695704
[imu_publisher-2] [INFO] [1732730060.456500511] [drone_home1.sim]: 0.055859900479695704
[imu_publisher-2] [INFO] [1732730060.655597181] [drone_home1.sim]: 0.055859900479695704
[imu_publisher-2] [INFO] [1732730060.855350884] [drone_home1.sim]: 0.055859900479695704
[imu_publisher-2] [INFO] [1732730061.105398493] [drone_home1.sim]: 0.055859900479695704
[imu_publisher-2] [INFO] [1732730061.305361622] [drone_home1.sim]: 0.055859900479695704
[imu_publisher-2] [INFO] [1732730061.505632137] [drone_home1.sim]: 0.055859900479695704
[imu_publisher-2] [INFO] [1732730061.706758834] [drone_home1.sim]: 0.055859900479695704
[imu_publisher-2] [INFO] [1732730061.907053775] [drone_home1.sim]: 0.055859900479695704
[imu_publisher-2] [INFO] [1732730062.107164551] [drone_home1.sim]: 0.055859900479695704
[imu_publisher-2] [INFO] [1732730062.306901329] [drone_home1.sim]: 0.055859900479695704
[imu_publisher-2] [INFO] [1732730062.507071474] [drone_home1.sim]: 0.055859900479695704
[imu_publisher-2] [INFO] [1732730062.705777202] [drone_home1.sim]: 0.055859900479695704
[imu_publisher-2] [INFO] [1732730062.905451554] [drone_home1.sim]: 0.055859900479695704
[imu_publisher-2] [INFO] [1732730063.105394960] [drone_home1.sim]: 0.055859900479695704
[imu_publisher-2] [INFO] [1732730063.305553162] [drone_home1.sim]: 0.055859900479695704
[imu_publisher-2] [INFO] [1732730063.505928807] [drone_home1.sim]: 0.055859900479695704
[imu_publisher-2] [INFO] [1732730063.706306100] [drone_home1.sim]: 0.055859900479695704
[imu_publisher-2] [INFO] [1732730063.906886947] [drone_home1.sim]: 0.055859900479695704
[imu_publisher-2] [INFO] [1732730064.106056728] [drone_home1.sim]: 0.055859900479695704
[imu_publisher-2] [INFO] [1732730064.305385230] [drone_home1.sim]: 0.055859900479695704
[imu_publisher-2] [INFO] [1732730064.505557209] [drone_home1.sim]: 0.055859900479695704
[imu_publisher-2] [INFO] [1732730064.705224099] [drone_home1.sim]: 0.055859900479695704
[imu_publisher-2] [INFO] [1732730064.905207227] [drone_home1.sim]: 0.055859900479695704
[imu_publisher-2] [INFO] [1732730065.105373595] [drone_home1.sim]: 0.055859900479695704
[imu_publisher-2] [INFO] [1732730065.305393983] [drone_home1.sim]: 0.055859900479695704
[imu_publisher-2] [INFO] [1732730065.506091163] [drone_home1.sim]: 0.055859900479695704
[imu_publisher-2] [INFO] [1732730065.706569511] [drone_home1.sim]: 0.055859900479695704
[imu_publisher-2] [INFO] [1732730065.907055396] [drone_home1.sim]: 0.055859900479695704
[imu_publisher-2] [INFO] [1732730066.106942433] [drone_home1.sim]: 0.055859900479695704
[imu_publisher-2] [INFO] [1732730066.307070986] [drone_home1.sim]: 0.055859900479695704
[imu_publisher-2] [INFO] [1732730066.506940578] [drone_home1.sim]: 0.055859900479695704
[imu_publisher-2] [INFO] [1732730066.706747060] [drone_home1.sim]: 0.055859900479695704
[imu_publisher-2] [INFO] [1732730066.905364177] [drone_home1.sim]: 0.055859900479695704
[imu_publisher-2] [INFO] [1732730067.105341879] [drone_home1.sim]: 0.055859900479695704
[imu_publisher-2] [INFO] [1732730067.305046398] [drone_home1.sim]: 0.055859900479695704
[imu_publisher-2] [INFO] [1732730067.505743394] [drone_home1.sim]: 0.05577031618009584
[imu_publisher-2] [INFO] [1732730067.706188575] [drone_home1.sim]: 0.05577031618009584
[imu_publisher-2] [INFO] [1732730067.906615628] [drone_home1.sim]: 0.05577031618009584
[imu_publisher-2] [INFO] [1732730068.107098346] [drone_home1.sim]: 0.05577031618009584
[imu_publisher-2] [INFO] [1732730068.307113030] [drone_home1.sim]: 0.05577031618009584
[imu_publisher-2] [INFO] [1732730068.506970085] [drone_home1.sim]: 0.05577031618009584
[imu_publisher-2] [INFO] [1732730068.706416272] [drone_home1.sim]: 0.05577031618009584
[imu_publisher-2] [INFO] [1732730068.905221296] [drone_home1.sim]: 0.05577031618009584
[imu_publisher-2] [INFO] [1732730069.105701070] [drone_home1.sim]: 0.05577031618009584
[imu_publisher-2] [INFO] [1732730069.305203516] [drone_home1.sim]: 0.05577031618009584
[imu_publisher-2] [INFO] [1732730069.505387496] [drone_home1.sim]: 0.05577031618009584
[imu_publisher-2] [INFO] [1732730069.706145602] [drone_home1.sim]: 0.05577031618009584
[imu_publisher-2] [INFO] [1732730069.906728394] [drone_home1.sim]: 0.05577031618009584
[imu_publisher-2] [INFO] [1732730070.107095095] [drone_home1.sim]: 0.05577031618009584
[imu_publisher-2] [INFO] [1732730070.307085576] [drone_home1.sim]: 0.05577031618009584
[imu_publisher-2] [INFO] [1732730070.905900338] [drone_home1.sim]: 0.05577031618009584
[imu_publisher-2] [INFO] [1732730071.255259914] [drone_home1.sim]: 0.05577031618009584
[imu_publisher-2] [INFO] [1732730071.555774391] [drone_home1.sim]: 0.05577031618009584
[imu_publisher-2] [INFO] [1732730071.756195777] [drone_home1.sim]: 0.05577031618009584
[imu_publisher-2] [INFO] [1732730071.956966346] [drone_home1.sim]: 0.05577031618009584
[imu_publisher-2] [INFO] [1732730072.156867050] [drone_home1.sim]: 0.05577031618009584
[imu_publisher-2] [INFO] [1732730072.356995289] [drone_home1.sim]: 0.05577031618009584
[imu_publisher-2] [INFO] [1732730072.557160084] [drone_home1.sim]: 0.05577031618009584
[imu_publisher-2] [INFO] [1732730072.756345735] [drone_home1.sim]: 0.05577031618009584
[imu_publisher-2] [INFO] [1732730072.955735589] [drone_home1.sim]: 0.05577031618009584
[imu_publisher-2] [INFO] [1732730073.155264739] [drone_home1.sim]: 0.05577031618009584
[imu_publisher-2] [INFO] [1732730073.355609459] [drone_home1.sim]: 0.05577031618009584
[imu_publisher-2] [INFO] [1732730073.555981271] [drone_home1.sim]: 0.05577031618009584
[imu_publisher-2] [INFO] [1732730073.756901858] [drone_home1.sim]: 0.05577031618009584
[imu_publisher-2] [INFO] [1732730073.956623803] [drone_home1.sim]: 0.05577031618009584
[imu_publisher-2] [INFO] [1732730074.156496618] [drone_home1.sim]: 0.05577031618009584
[imu_publisher-2] [INFO] [1732730074.356492191] [drone_home1.sim]: 0.05577031618009584
[imu_publisher-2] [INFO] [1732730074.555248012] [drone_home1.sim]: 0.05577031618009584
[imu_publisher-2] [INFO] [1732730074.755117197] [drone_home1.sim]: 0.05577031618009584
[imu_publisher-2] [INFO] [1732730074.955051030] [drone_home1.sim]: 0.05577031618009584
[imu_publisher-2] [INFO] [1732730075.155400750] [drone_home1.sim]: 0.05577031618009584
[imu_publisher-2] [INFO] [1732730075.355160935] [drone_home1.sim]: 0.05577031618009584
[imu_publisher-2] [INFO] [1732730075.555983097] [drone_home1.sim]: 0.05577031618009584
[imu_publisher-2] [INFO] [1732730075.756515909] [drone_home1.sim]: 0.05577031618009584
[imu_publisher-2] [INFO] [1732730075.956724722] [drone_home1.sim]: 0.05577031618009584
[imu_publisher-2] [INFO] [1732730076.156991238] [drone_home1.sim]: 0.05577031618009584
[imu_publisher-2] [INFO] [1732730076.357136792] [drone_home1.sim]: 0.05577031618009584
[imu_publisher-2] [INFO] [1732730076.557147699] [drone_home1.sim]: 0.05577031618009584
[imu_publisher-2] [INFO] [1732730076.756551276] [drone_home1.sim]: 0.05577031618009584
[imu_publisher-2] [INFO] [1732730076.955265874] [drone_home1.sim]: 0.05577031618009584
[imu_publisher-2] [INFO] [1732730077.155337966] [drone_home1.sim]: 0.05577031618009584
[imu_publisher-2] [INFO] [1732730077.355310595] [drone_home1.sim]: 0.05577031618009584
[imu_publisher-2] [INFO] [1732730077.555639037] [drone_home1.sim]: 0.05577031618009584
[imu_publisher-2] [INFO] [1732730077.756129794] [drone_home1.sim]: 0.05577031618009584
[imu_publisher-2] [INFO] [1732730077.956835697] [drone_home1.sim]: 0.05577031618009584
[imu_publisher-2] [INFO] [1732730078.157045825] [drone_home1.sim]: 0.05577031618009584
[imu_publisher-2] [INFO] [1732730078.356904196] [drone_home1.sim]: 0.05577031618009584
[imu_publisher-2] [INFO] [1732730078.557246397] [drone_home1.sim]: 0.05577031618009584
[imu_publisher-2] [INFO] [1732730078.756952694] [drone_home1.sim]: 0.05577031618009584
[imu_publisher-2] [INFO] [1732730078.955943477] [drone_home1.sim]: 0.05577031618009584
[imu_publisher-2] [INFO] [1732730079.155390146] [drone_home1.sim]: 0.05577031618009584
[imu_publisher-2] [INFO] [1732730079.355197628] [drone_home1.sim]: 0.05577031618009584
[imu_publisher-2] [INFO] [1732730079.555561255] [drone_home1.sim]: 0.05577031618009584
[imu_publisher-2] [INFO] [1732730079.755732106] [drone_home1.sim]: 0.05577031618009584
[imu_publisher-2] [INFO] [1732730079.956331251] [drone_home1.sim]: 0.05577031618009584
[imu_publisher-2] [INFO] [1732730080.156571471] [drone_home1.sim]: 0.05577031618009584
[imu_publisher-2] [INFO] [1732730080.356831469] [drone_home1.sim]: 0.05577031618009584
[imu_publisher-2] [INFO] [1732730080.557057061] [drone_home1.sim]: 0.05577031618009584
[imu_publisher-2] [INFO] [1732730080.756963579] [drone_home1.sim]: 0.05577031618009584
[imu_publisher-2] [INFO] [1732730080.956391452] [drone_home1.sim]: 0.05577031618009584
[imu_publisher-2] [INFO] [1732730081.155095940] [drone_home1.sim]: 0.05577031618009584
[imu_publisher-2] [INFO] [1732730081.355410716] [drone_home1.sim]: 0.05577031618009584
[imu_publisher-2] [INFO] [1732730081.555401401] [drone_home1.sim]: 0.05577031618009584
[imu_publisher-2] [INFO] [1732730081.756095323] [drone_home1.sim]: 0.05577031618009584
[imu_publisher-2] [INFO] [1732730082.156829393] [drone_home1.sim]: 0.05577031618009584
[imu_publisher-2] [INFO] [1732730082.606927854] [drone_home1.sim]: 0.05577031618009584
[imu_publisher-2] [INFO] [1732730082.807086909] [drone_home1.sim]: 0.05577031618009584
[imu_publisher-2] [INFO] [1732730083.006179969] [drone_home1.sim]: 0.05577031618009584
[imu_publisher-2] [INFO] [1732730083.205412751] [drone_home1.sim]: 0.05577031618009584
[imu_publisher-2] [INFO] [1732730083.405304047] [drone_home1.sim]: 0.05577031618009584
[imu_publisher-2] [INFO] [1732730083.605053715] [drone_home1.sim]: 0.05577031618009584
[imu_publisher-2] [INFO] [1732730083.805947414] [drone_home1.sim]: 0.05577031618009584
[imu_publisher-2] [INFO] [1732730084.006637392] [drone_home1.sim]: 0.05577031618009584
[imu_publisher-2] [INFO] [1732730084.206886668] [drone_home1.sim]: 0.05577031618009584
[imu_publisher-2] [INFO] [1732730084.406739039] [drone_home1.sim]: 0.05577031618009584
[imu_publisher-2] [INFO] [1732730084.605343546] [drone_home1.sim]: 0.05577031618009584
[imu_publisher-2] [INFO] [1732730084.805342342] [drone_home1.sim]: 0.05577031618009584
[imu_publisher-2] [INFO] [1732730085.005372712] [drone_home1.sim]: 0.05577031618009584
[imu_publisher-2] [INFO] [1732730085.204566420] [drone_home1.sim]: 0.05577031618009584
[imu_publisher-2] [INFO] [1732730085.404798549] [drone_home1.sim]: 0.05577031618009584
[imu_publisher-2] [INFO] [1732730085.605479527] [drone_home1.sim]: 0.05577031618009584
[imu_publisher-2] [INFO] [1732730085.805976339] [drone_home1.sim]: 0.05577031618009584
[imu_publisher-2] [INFO] [1732730086.006322133] [drone_home1.sim]: 0.05577031618009584
[imu_publisher-2] [INFO] [1732730086.207045037] [drone_home1.sim]: 0.05577031618009584
[imu_publisher-2] [INFO] [1732730086.407184592] [drone_home1.sim]: 0.05577031618009584
[imu_publisher-2] [INFO] [1732730086.607078259] [drone_home1.sim]: 0.05577031618009584
[imu_publisher-2] [INFO] [1732730086.807011981] [drone_home1.sim]: 0.05577031618009584
[imu_publisher-2] [INFO] [1732730087.006570002] [drone_home1.sim]: 0.05577031618009584
[imu_publisher-2] [INFO] [1732730087.204858641] [drone_home1.sim]: 0.05577031618009584
[imu_publisher-2] [INFO] [1732730087.405284231] [drone_home1.sim]: 0.05577031618009584
[imu_publisher-2] [INFO] [1732730087.605199121] [drone_home1.sim]: 0.05577031618009584
[imu_publisher-2] [INFO] [1732730087.805783673] [drone_home1.sim]: 0.05577031618009584
[imu_publisher-2] [INFO] [1732730088.006351818] [drone_home1.sim]: 0.05577031618009584
[imu_publisher-2] [INFO] [1732730088.206671187] [drone_home1.sim]: 0.05577031618009584
[imu_publisher-2] [INFO] [1732730088.407112630] [drone_home1.sim]: 0.05577031618009584
[imu_publisher-2] [INFO] [1732730088.606980408] [drone_home1.sim]: 0.05577031618009584
[imu_publisher-2] [INFO] [1732730088.807677831] [drone_home1.sim]: 0.05577031618009584
[imu_publisher-2] [INFO] [1732730089.005943821] [drone_home1.sim]: 0.05577031618009584
[imu_publisher-2] [INFO] [1732730089.205185270] [drone_home1.sim]: 0.05577031618009584
[imu_publisher-2] [INFO] [1732730089.405230621] [drone_home1.sim]: 0.05577031618009584
[imu_publisher-2] [INFO] [1732730089.605365658] [drone_home1.sim]: 0.05577031618009584
[imu_publisher-2] [INFO] [1732730089.806064210] [drone_home1.sim]: 0.05577031618009584
[imu_publisher-2] [INFO] [1732730090.006433690] [drone_home1.sim]: 0.05577031618009584
[imu_publisher-2] [INFO] [1732730090.207172501] [drone_home1.sim]: 0.05577031618009584
[imu_publisher-2] [INFO] [1732730090.406986539] [drone_home1.sim]: 0.05577031618009584
[imu_publisher-2] [INFO] [1732730090.607192576] [drone_home1.sim]: 0.05577031618009584
[imu_publisher-2] [INFO] [1732730090.806919836] [drone_home1.sim]: 0.05577031618009584
[imu_publisher-2] [INFO] [1732730091.005628399] [drone_home1.sim]: 0.05577031618009584
[imu_publisher-2] [INFO] [1732730091.205321790] [drone_home1.sim]: 0.05577031618009584
[imu_publisher-2] [INFO] [1732730091.405330994] [drone_home1.sim]: 0.05577031618009584
[imu_publisher-2] [INFO] [1732730091.605354568] [drone_home1.sim]: 0.05577031618009584
[imu_publisher-2] [INFO] [1732730091.805637622] [drone_home1.sim]: 0.05577031618009584
[imu_publisher-2] [INFO] [1732730092.006610080] [drone_home1.sim]: 0.05577031618009584
[imu_publisher-2] [INFO] [1732730092.207185726] [drone_home1.sim]: 0.05577031618009584
[imu_publisher-2] [INFO] [1732730092.407590484] [drone_home1.sim]: 0.05577031618009584
[imu_publisher-2] [INFO] [1732730092.606903358] [drone_home1.sim]: 0.05577031618009584
[imu_publisher-2] [INFO] [1732730092.806730026] [drone_home1.sim]: 0.05577031618009584
[imu_publisher-2] [INFO] [1732730093.005573347] [drone_home1.sim]: 0.05577031618009584
[imu_publisher-2] [INFO] [1732730093.205726698] [drone_home1.sim]: 0.05577031618009584
[imu_publisher-2] [INFO] [1732730093.405189257] [drone_home1.sim]: 0.05577031618009584
[imu_publisher-2] [INFO] [1732730093.605659125] [drone_home1.sim]: 0.05577031618009584
[imu_publisher-2] [INFO] [1732730093.806021031] [drone_home1.sim]: 0.05577031618009584
[imu_publisher-2] [INFO] [1732730094.006690769] [drone_home1.sim]: 0.05577031618009584
[imu_publisher-2] [INFO] [1732730094.207126341] [drone_home1.sim]: 0.05577031618009584
[imu_publisher-2] [INFO] [1732730094.405362351] [drone_home1.sim]: 0.05577031618009584
[imu_publisher-2] [INFO] [1732730094.605310500] [drone_home1.sim]: 0.05577031618009584
[imu_publisher-2] [INFO] [1732730094.805342871] [drone_home1.sim]: 0.05577031618009584
[imu_publisher-2] [INFO] [1732730095.005359649] [drone_home1.sim]: 0.05577031618009584
[imu_publisher-2] [INFO] [1732730095.205218483] [drone_home1.sim]: 0.05577031618009584
[imu_publisher-2] [INFO] [1732730095.405341613] [drone_home1.sim]: 0.05577031618009584
[imu_publisher-2] [INFO] [1732730095.605900888] [drone_home1.sim]: 0.05577031618009584
[imu_publisher-2] [INFO] [1732730095.806419238] [drone_home1.sim]: 0.05577031618009584
[imu_publisher-2] [INFO] [1732730096.006548812] [drone_home1.sim]: 0.05577031618009584
[imu_publisher-2] [INFO] [1732730096.207125328] [drone_home1.sim]: 0.05577031618009584
[imu_publisher-2] [INFO] [1732730096.407155458] [drone_home1.sim]: 0.05577031618009584
[imu_publisher-2] [INFO] [1732730096.607045996] [drone_home1.sim]: 0.05577031618009584
[imu_publisher-2] [INFO] [1732730096.806533555] [drone_home1.sim]: 0.05577031618009584
[imu_publisher-2] [INFO] [1732730097.005458506] [drone_home1.sim]: 0.05577031618009584
[imu_publisher-2] [INFO] [1732730097.205351674] [drone_home1.sim]: 0.05577031618009584
[imu_publisher-2] [INFO] [1732730097.405355507] [drone_home1.sim]: 0.05577031618009584
[imu_publisher-2] [INFO] [1732730097.605766858] [drone_home1.sim]: 0.05577031618009584
[imu_publisher-2] [INFO] [1732730097.807056000] [drone_home1.sim]: 0.05577031618009584
[imu_publisher-2] [INFO] [1732730098.006478300] [drone_home1.sim]: 0.05577031618009584
[imu_publisher-2] [INFO] [1732730098.207222741] [drone_home1.sim]: 0.05577031618009584
[imu_publisher-2] [INFO] [1732730098.407024095] [drone_home1.sim]: 0.05577031618009584
[imu_publisher-2] [INFO] [1732730098.606697505] [drone_home1.sim]: 0.05577031618009584
[imu_publisher-2] [INFO] [1732730098.805147476] [drone_home1.sim]: 0.05577031618009584
[imu_publisher-2] [INFO] [1732730099.005288199] [drone_home1.sim]: 0.05577031618009584
[imu_publisher-2] [INFO] [1732730099.205199274] [drone_home1.sim]: 0.05577031618009584
[imu_publisher-2] [INFO] [1732730099.405209552] [drone_home1.sim]: 0.05577031618009584
[imu_publisher-2] [INFO] [1732730099.605694421] [drone_home1.sim]: 0.05577031618009584
[imu_publisher-2] [INFO] [1732730099.806384474] [drone_home1.sim]: 0.05577031618009584
[imu_publisher-2] [INFO] [1732730100.006885842] [drone_home1.sim]: 0.05577031618009584
[imu_publisher-2] [INFO] [1732730100.206965583] [drone_home1.sim]: 0.05577031618009584
[imu_publisher-2] [INFO] [1732730100.406946307] [drone_home1.sim]: 0.05577031618009584
[imu_publisher-2] [INFO] [1732730100.607012307] [drone_home1.sim]: 0.05577031618009584
[imu_publisher-2] [INFO] [1732730100.806619736] [drone_home1.sim]: 0.05577031618009584
[imu_publisher-2] [INFO] [1732730101.005299910] [drone_home1.sim]: 0.05577031618009584
[imu_publisher-2] [INFO] [1732730101.205332115] [drone_home1.sim]: 0.05577031618009584
[imu_publisher-2] [INFO] [1732730101.405217635] [drone_home1.sim]: 0.05577031618009584
[imu_publisher-2] [INFO] [1732730101.605693059] [drone_home1.sim]: 0.05577031618009584
[imu_publisher-2] [INFO] [1732730101.806240890] [drone_home1.sim]: 0.05577031618009584
[imu_publisher-2] [INFO] [1732730102.557148408] [drone_home1.sim]: 0.05577031618009584
[imu_publisher-2] [INFO] [1732730102.756145377] [drone_home1.sim]: 0.05577031618009584
[imu_publisher-2] [INFO] [1732730103.255551308] [drone_home1.sim]: 0.05577031618009584
[imu_publisher-2] [INFO] [1732730103.454784980] [drone_home1.sim]: 0.05577031618009584
[imu_publisher-2] [INFO] [1732730103.655902234] [drone_home1.sim]: 0.05577031618009584
[imu_publisher-2] [INFO] [1732730103.856039494] [drone_home1.sim]: 0.05577031618009584
[imu_publisher-2] [INFO] [1732730104.056863028] [drone_home1.sim]: 0.05577031618009584
[imu_publisher-2] [INFO] [1732730104.256031959] [drone_home1.sim]: 0.05577031618009584
[imu_publisher-2] [INFO] [1732730104.455361037] [drone_home1.sim]: 0.05577031618009584
[imu_publisher-2] [INFO] [1732730104.655296650] [drone_home1.sim]: 0.05577031618009584
[imu_publisher-2] [INFO] [1732730104.855265410] [drone_home1.sim]: 0.05577031618009584
[imu_publisher-2] [INFO] [1732730105.055187727] [drone_home1.sim]: 0.05577031618009584
[imu_publisher-2] [INFO] [1732730105.255275931] [drone_home1.sim]: 0.05577031618009584
[imu_publisher-2] [INFO] [1732730105.455590357] [drone_home1.sim]: 0.05577031618009584
[imu_publisher-2] [INFO] [1732730105.656197503] [drone_home1.sim]: 0.05577031618009584
[imu_publisher-2] [INFO] [1732730105.856482225] [drone_home1.sim]: 0.05577031618009584
[imu_publisher-2] [INFO] [1732730106.057331777] [drone_home1.sim]: 0.05577031618009584
[imu_publisher-2] [INFO] [1732730106.256997095] [drone_home1.sim]: 0.05577031618009584
[imu_publisher-2] [INFO] [1732730106.456981392] [drone_home1.sim]: 0.05577031618009584
[imu_publisher-2] [INFO] [1732730106.657000967] [drone_home1.sim]: 0.05577031618009584
[imu_publisher-2] [INFO] [1732730106.856043436] [drone_home1.sim]: 0.05577031618009584
[imu_publisher-2] [INFO] [1732730107.055467663] [drone_home1.sim]: 0.05577031618009584
[imu_publisher-2] [INFO] [1732730107.255366516] [drone_home1.sim]: 0.05577031618009584
[imu_publisher-2] [INFO] [1732730107.455576702] [drone_home1.sim]: 0.05577031618009584
[imu_publisher-2] [INFO] [1732730107.656041886] [drone_home1.sim]: 0.05577031618009584
[imu_publisher-2] [INFO] [1732730107.885972325] [drone_home1.sim]: 0.05577031618009584
[imu_publisher-2] [INFO] [1732730108.057248975] [drone_home1.sim]: 0.05577031618009584
[imu_publisher-2] [INFO] [1732730108.257433382] [drone_home1.sim]: 0.05577031618009584
[imu_publisher-2] [INFO] [1732730108.457387384] [drone_home1.sim]: 0.05577031618009584
[imu_publisher-2] [INFO] [1732730108.656274132] [drone_home1.sim]: 0.05577031618009584
[imu_publisher-2] [INFO] [1732730108.855407119] [drone_home1.sim]: 0.05577031618009584
[imu_publisher-2] [INFO] [1732730109.054945419] [drone_home1.sim]: 0.05577031618009584
[imu_publisher-2] [INFO] [1732730109.255257900] [drone_home1.sim]: 0.05577031618009584
[imu_publisher-2] [INFO] [1732730109.455555307] [drone_home1.sim]: 0.05577031618009584
[imu_publisher-2] [INFO] [1732730109.656023955] [drone_home1.sim]: 0.05577031618009584
[imu_publisher-2] [INFO] [1732730109.856548879] [drone_home1.sim]: 0.05577031618009584
[imu_publisher-2] [INFO] [1732730110.057239099] [drone_home1.sim]: 0.05577031618009584
[imu_publisher-2] [INFO] [1732730110.257097786] [drone_home1.sim]: 0.05577031618009584
[imu_publisher-2] [INFO] [1732730110.457117158] [drone_home1.sim]: 0.05577031618009584
[imu_publisher-2] [INFO] [1732730110.905693872] [drone_home1.sim]: 0.05577031618009584
[imu_publisher-2] [INFO] [1732730111.605690192] [drone_home1.sim]: 0.05577031618009584
[imu_publisher-2] [INFO] [1732730112.357130987] [drone_home1.sim]: 0.05577031618009584
[imu_publisher-2] [INFO] [1732730112.557146173] [drone_home1.sim]: 0.05577031618009584
[imu_publisher-2] [INFO] [1732730113.055230058] [drone_home1.sim]: 0.05577031618009584
[imu_publisher-2] [INFO] [1732730113.255378799] [drone_home1.sim]: 0.05577031618009584
[imu_publisher-2] [INFO] [1732730113.455560096] [drone_home1.sim]: 0.05577031618009584
[imu_publisher-2] [INFO] [1732730113.656020614] [drone_home1.sim]: 0.05577031618009584
[imu_publisher-2] [INFO] [1732730113.856427354] [drone_home1.sim]: 0.05577031618009584
[imu_publisher-2] [INFO] [1732730114.305136901] [drone_home1.sim]: 0.05577031618009584
[imu_publisher-2] [INFO] [1732730114.604975164] [drone_home1.sim]: 0.05577031618009584
[imu_publisher-2] [INFO] [1732730115.005185055] [drone_home1.sim]: 0.05577031618009584
[imu_publisher-2] [INFO] [1732730115.405540446] [drone_home1.sim]: 0.05577031618009584
[imu_publisher-2] [INFO] [1732730115.806571555] [drone_home1.sim]: 0.05577031618009584
[imu_publisher-2] [INFO] [1732730116.007230886] [drone_home1.sim]: 0.05577031618009584
[imu_publisher-2] [INFO] [1732730116.207177185] [drone_home1.sim]: 0.05577031618009584
[imu_publisher-2] [INFO] [1732730116.407006391] [drone_home1.sim]: 0.05577031618009584
[imu_publisher-2] [INFO] [1732730116.607328650] [drone_home1.sim]: 0.05577031618009584
[imu_publisher-2] [INFO] [1732730116.805999344] [drone_home1.sim]: 0.05577031618009584
[imu_publisher-2] [INFO] [1732730117.005250480] [drone_home1.sim]: 0.05577031618009584
[imu_publisher-2] [INFO] [1732730117.205187908] [drone_home1.sim]: 0.05577031618009584
[imu_publisher-2] [INFO] [1732730117.405289168] [drone_home1.sim]: 0.05577031618009584
[imu_publisher-2] [INFO] [1732730117.606379090] [drone_home1.sim]: 0.05577031618009584
[imu_publisher-2] [INFO] [1732730117.806534554] [drone_home1.sim]: 0.05577031618009584
[imu_publisher-2] [INFO] [1732730118.007138979] [drone_home1.sim]: 0.05577031618009584
[imu_publisher-2] [INFO] [1732730118.207075518] [drone_home1.sim]: 0.05577031618009584
[imu_publisher-2] [INFO] [1732730118.407168390] [drone_home1.sim]: 0.05577031618009584
[imu_publisher-2] [INFO] [1732730118.606460747] [drone_home1.sim]: 0.05577031618009584
[imu_publisher-2] [INFO] [1732730119.004965129] [drone_home1.sim]: 0.05577031618009584
[imu_publisher-2] [INFO] [1732730119.655988704] [drone_home1.sim]: 0.05577031618009584
[imu_publisher-2] [INFO] [1732730119.856687073] [drone_home1.sim]: 0.05577031618009584
[imu_publisher-2] [INFO] [1732730120.057101499] [drone_home1.sim]: 0.05577031618009584
[imu_publisher-2] [INFO] [1732730120.256999075] [drone_home1.sim]: 0.05577031618009584
[imu_publisher-2] [INFO] [1732730120.457194817] [drone_home1.sim]: 0.05577031618009584
[imu_publisher-2] [INFO] [1732730120.656833691] [drone_home1.sim]: 0.05577031618009584
[imu_publisher-2] [INFO] [1732730120.855486904] [drone_home1.sim]: 0.05577031618009584
[imu_publisher-2] [INFO] [1732730121.055080982] [drone_home1.sim]: 0.05577031618009584
[imu_publisher-2] [INFO] [1732730121.255231595] [drone_home1.sim]: 0.05577031618009584
[imu_publisher-2] [INFO] [1732730121.455747798] [drone_home1.sim]: 0.05577031618009584
[imu_publisher-2] [INFO] [1732730121.656243742] [drone_home1.sim]: 0.05577031618009584
[imu_publisher-2] [INFO] [1732730121.856774167] [drone_home1.sim]: 0.05577031618009584
[imu_publisher-2] [INFO] [1732730122.056986927] [drone_home1.sim]: 0.05577031618009584
[imu_publisher-2] [INFO] [1732730122.257449723] [drone_home1.sim]: 0.05577031618009584
[imu_publisher-2] [INFO] [1732730122.457052153] [drone_home1.sim]: 0.05577031618009584
[imu_publisher-2] [INFO] [1732730122.656688509] [drone_home1.sim]: 0.05577031618009584
[imu_publisher-2] [INFO] [1732730122.855405166] [drone_home1.sim]: 0.05577031618009584
[imu_publisher-2] [INFO] [1732730123.055316354] [drone_home1.sim]: 0.05577031618009584
[imu_publisher-2] [INFO] [1732730123.255353393] [drone_home1.sim]: 0.05577031618009584
[imu_publisher-2] [INFO] [1732730123.455804856] [drone_home1.sim]: 0.05577031618009584
[imu_publisher-2] [INFO] [1732730123.656238281] [drone_home1.sim]: 0.05577031618009584
[imu_publisher-2] [INFO] [1732730123.856811114] [drone_home1.sim]: 0.05577031618009584
[imu_publisher-2] [INFO] [1732730124.055807010] [drone_home1.sim]: 0.05577031618009584
[imu_publisher-2] [INFO] [1732730124.255073998] [drone_home1.sim]: 0.05577031618009584
[imu_publisher-2] [INFO] [1732730124.455040445] [drone_home1.sim]: 0.05577031618009584
[imu_publisher-2] [INFO] [1732730124.655284686] [drone_home1.sim]: 0.05577031618009584
[imu_publisher-2] [INFO] [1732730124.855445873] [drone_home1.sim]: 0.05577031618009584
[imu_publisher-2] [INFO] [1732730125.055133988] [drone_home1.sim]: 0.05577031618009584
[imu_publisher-2] [INFO] [1732730125.255215101] [drone_home1.sim]: 0.05577031618009584
[imu_publisher-2] [INFO] [1732730125.455967099] [drone_home1.sim]: 0.05577031618009584
[imu_publisher-2] [INFO] [1732730125.656610043] [drone_home1.sim]: 0.05577031618009584
[imu_publisher-2] [INFO] [1732730126.357170585] [drone_home1.sim]: 0.05577031618009584
[imu_publisher-2] [INFO] [1732730126.556832367] [drone_home1.sim]: 0.05577031618009584
[imu_publisher-2] [INFO] [1732730126.755940114] [drone_home1.sim]: 0.05577031618009584
[imu_publisher-2] [INFO] [1732730126.954798530] [drone_home1.sim]: 0.05577031618009584
[imu_publisher-2] [INFO] [1732730127.155528492] [drone_home1.sim]: 0.05577031618009584
[imu_publisher-2] [INFO] [1732730127.355603383] [drone_home1.sim]: 0.05577031618009584
[imu_publisher-2] [INFO] [1732730127.556019253] [drone_home1.sim]: 0.05577031618009584
[imu_publisher-2] [INFO] [1732730127.756586642] [drone_home1.sim]: 0.05577031618009584
[imu_publisher-2] [INFO] [1732730127.957291529] [drone_home1.sim]: 0.05577031618009584
[imu_publisher-2] [INFO] [1732730128.157093570] [drone_home1.sim]: 0.05577031618009584
[imu_publisher-2] [INFO] [1732730128.357218090] [drone_home1.sim]: 0.05577031618009584
[imu_publisher-2] [INFO] [1732730128.556041062] [drone_home1.sim]: 0.05577031618009584
[imu_publisher-2] [INFO] [1732730128.755171939] [drone_home1.sim]: 0.05577031618009584
[imu_publisher-2] [INFO] [1732730128.955413922] [drone_home1.sim]: 0.05577031618009584
[imu_publisher-2] [INFO] [1732730129.155202407] [drone_home1.sim]: 0.05577031618009584
[imu_publisher-2] [INFO] [1732730129.356116553] [drone_home1.sim]: 0.05577031618009584
[imu_publisher-2] [INFO] [1732730129.556137629] [drone_home1.sim]: 0.05577031618009584
[imu_publisher-2] [INFO] [1732730129.756763777] [drone_home1.sim]: 0.05577031618009584
[imu_publisher-2] [INFO] [1732730129.956974241] [drone_home1.sim]: 0.05577031618009584
[imu_publisher-2] [INFO] [1732730130.156853189] [drone_home1.sim]: 0.05577031618009584
[imu_publisher-2] [INFO] [1732730130.357222504] [drone_home1.sim]: 0.05577031618009584
[imu_publisher-2] [INFO] [1732730130.556634288] [drone_home1.sim]: 0.05577031618009584
[imu_publisher-2] [INFO] [1732730130.755888109] [drone_home1.sim]: 0.05577031618009584
[imu_publisher-2] [INFO] [1732730130.955346448] [drone_home1.sim]: 0.05577031618009584
[imu_publisher-2] [INFO] [1732730131.155335784] [drone_home1.sim]: 0.05577031618009584
[imu_publisher-2] [INFO] [1732730131.355626785] [drone_home1.sim]: 0.05577031618009584
[imu_publisher-2] [INFO] [1732730131.556253117] [drone_home1.sim]: 0.05577031618009584
[imu_publisher-2] [INFO] [1732730131.756415915] [drone_home1.sim]: 0.05577031618009584
[imu_publisher-2] [INFO] [1732730131.956998304] [drone_home1.sim]: 0.05577031618009584
[imu_publisher-2] [INFO] [1732730132.157271990] [drone_home1.sim]: 0.05577031618009584
[imu_publisher-2] [INFO] [1732730132.356978439] [drone_home1.sim]: 0.05577031618009584
[imu_publisher-2] [INFO] [1732730132.556436185] [drone_home1.sim]: 0.05577031618009584
[imu_publisher-2] [INFO] [1732730132.755407656] [drone_home1.sim]: 0.05577031618009584
[imu_publisher-2] [INFO] [1732730132.955688232] [drone_home1.sim]: 0.05577031618009584
[imu_publisher-2] [INFO] [1732730133.155408273] [drone_home1.sim]: 0.05577031618009584
[imu_publisher-2] [INFO] [1732730133.355754533] [drone_home1.sim]: 0.05577031618009584
[imu_publisher-2] [INFO] [1732730133.556568624] [drone_home1.sim]: 0.05577031618009584
[imu_publisher-2] [INFO] [1732730133.756933070] [drone_home1.sim]: 0.05577031618009584
[imu_publisher-2] [INFO] [1732730133.956896573] [drone_home1.sim]: 0.05577031618009584
[imu_publisher-2] [INFO] [1732730134.155599527] [drone_home1.sim]: 0.05577031618009584
[imu_publisher-2] [INFO] [1732730134.355509122] [drone_home1.sim]: 0.05577031618009584
[imu_publisher-2] [INFO] [1732730134.555345867] [drone_home1.sim]: 0.05577031618009584
[imu_publisher-2] [INFO] [1732730134.755992811] [drone_home1.sim]: 0.05577031618009584
[imu_publisher-2] [INFO] [1732730134.955237725] [drone_home1.sim]: 0.05577031618009584
[imu_publisher-2] [INFO] [1732730135.155375023] [drone_home1.sim]: 0.05577031618009584
[imu_publisher-2] [INFO] [1732730135.355972023] [drone_home1.sim]: 0.05577031618009584
[imu_publisher-2] [INFO] [1732730135.556255376] [drone_home1.sim]: 0.05577031618009584
[imu_publisher-2] [INFO] [1732730135.757072264] [drone_home1.sim]: 0.05577031618009584
[imu_publisher-2] [INFO] [1732730135.957030174] [drone_home1.sim]: 0.05577031618009584
[imu_publisher-2] [INFO] [1732730136.156869734] [drone_home1.sim]: 0.05577031618009584
[imu_publisher-2] [INFO] [1732730136.356715571] [drone_home1.sim]: 0.05577031618009584
[imu_publisher-2] [INFO] [1732730136.556627185] [drone_home1.sim]: 0.05577031618009584
[imu_publisher-2] [INFO] [1732730136.755343824] [drone_home1.sim]: 0.05577031618009584
[imu_publisher-2] [INFO] [1732730136.955526030] [drone_home1.sim]: 0.05577031618009584
[imu_publisher-2] [INFO] [1732730137.155261423] [drone_home1.sim]: 0.05577031618009584
[imu_publisher-2] [INFO] [1732730137.355769405] [drone_home1.sim]: 0.05577031618009584
[imu_publisher-2] [INFO] [1732730137.556144406] [drone_home1.sim]: 0.05577031618009584
[imu_publisher-2] [INFO] [1732730137.757014479] [drone_home1.sim]: 0.05577031618009584
[imu_publisher-2] [INFO] [1732730137.957448942] [drone_home1.sim]: 0.05577031618009584
[imu_publisher-2] [INFO] [1732730138.157101558] [drone_home1.sim]: 0.05577031618009584
[imu_publisher-2] [INFO] [1732730138.357324523] [drone_home1.sim]: 0.05577031618009584
[imu_publisher-2] [INFO] [1732730138.556411827] [drone_home1.sim]: 0.05577031618009584
[imu_publisher-2] [INFO] [1732730138.756021036] [drone_home1.sim]: 0.05577031618009584
[imu_publisher-2] [INFO] [1732730138.955393616] [drone_home1.sim]: 0.05577031618009584
[imu_publisher-2] [INFO] [1732730139.155331546] [drone_home1.sim]: 0.05577031618009584
[imu_publisher-2] [INFO] [1732730139.355823917] [drone_home1.sim]: 0.05577031618009584
[imu_publisher-2] [INFO] [1732730139.556283047] [drone_home1.sim]: 0.05577031618009584
[imu_publisher-2] [INFO] [1732730139.756634030] [drone_home1.sim]: 0.05577031618009584
[imu_publisher-2] [INFO] [1732730139.957309974] [drone_home1.sim]: 0.05577031618009584
[imu_publisher-2] [INFO] [1732730140.157447532] [drone_home1.sim]: 0.05577031618009584
[imu_publisher-2] [INFO] [1732730140.357000148] [drone_home1.sim]: 0.05577031618009584
[imu_publisher-2] [INFO] [1732730140.556888837] [drone_home1.sim]: 0.05577031618009584
[imu_publisher-2] [INFO] [1732730140.755397867] [drone_home1.sim]: 0.05577031618009584
[imu_publisher-2] [INFO] [1732730140.955212834] [drone_home1.sim]: 0.05577031618009584
[imu_publisher-2] [INFO] [1732730141.155538206] [drone_home1.sim]: 0.05577031618009584
[imu_publisher-2] [INFO] [1732730141.355649801] [drone_home1.sim]: 0.05577031618009584
[imu_publisher-2] [INFO] [1732730141.556406504] [drone_home1.sim]: 0.05577031618009584
[imu_publisher-2] [INFO] [1732730141.756632802] [drone_home1.sim]: 0.05577031618009584
[imu_publisher-2] [INFO] [1732730142.006796694] [drone_home1.sim]: 0.05577031618009584
[imu_publisher-2] [INFO] [1732730142.207042382] [drone_home1.sim]: 0.05577031618009584
[imu_publisher-2] [INFO] [1732730142.606233559] [drone_home1.sim]: 0.05577031618009584
[imu_publisher-2] [INFO] [1732730143.005071553] [drone_home1.sim]: 0.05577031618009584
[imu_publisher-2] [INFO] [1732730143.606601222] [drone_home1.sim]: 0.05577031618009584
[imu_publisher-2] [INFO] [1732730143.806819650] [drone_home1.sim]: 0.05577031618009584
[imu_publisher-2] [INFO] [1732730144.006743061] [drone_home1.sim]: 0.05577031618009584
[imu_publisher-2] [INFO] [1732730144.205376257] [drone_home1.sim]: 0.05577031618009584
[imu_publisher-2] [INFO] [1732730144.405212113] [drone_home1.sim]: 0.05577031618009584
[imu_publisher-2] [INFO] [1732730144.605354171] [drone_home1.sim]: 0.05577031618009584
[imu_publisher-2] [INFO] [1732730144.805283490] [drone_home1.sim]: 0.05577031618009584
[imu_publisher-2] [INFO] [1732730145.005341863] [drone_home1.sim]: 0.05577031618009584
[imu_publisher-2] [INFO] [1732730145.205363033] [drone_home1.sim]: 0.05577031618009584
[imu_publisher-2] [INFO] [1732730145.405782683] [drone_home1.sim]: 0.05577031618009584
[imu_publisher-2] [INFO] [1732730145.606428979] [drone_home1.sim]: 0.05577031618009584
[imu_publisher-2] [INFO] [1732730145.807222164] [drone_home1.sim]: 0.05577031618009584
[imu_publisher-2] [INFO] [1732730146.007207537] [drone_home1.sim]: 0.05577031618009584
[imu_publisher-2] [INFO] [1732730146.207572206] [drone_home1.sim]: 0.05577031618009584
[imu_publisher-2] [INFO] [1732730146.406981620] [drone_home1.sim]: 0.05577031618009584
[imu_publisher-2] [INFO] [1732730146.606617125] [drone_home1.sim]: 0.05577031618009584
[imu_publisher-2] [INFO] [1732730146.805355061] [drone_home1.sim]: 0.05577031618009584
[imu_publisher-2] [INFO] [1732730147.005221510] [drone_home1.sim]: 0.05577031618009584
[imu_publisher-2] [INFO] [1732730147.205347457] [drone_home1.sim]: 0.05577031618009584
[imu_publisher-2] [INFO] [1732730147.405802366] [drone_home1.sim]: 0.05577031618009584
[imu_publisher-2] [INFO] [1732730147.606629161] [drone_home1.sim]: 0.05577031618009584
[imu_publisher-2] [INFO] [1732730147.806812497] [drone_home1.sim]: 0.05577031618009584
[imu_publisher-2] [INFO] [1732730148.007046463] [drone_home1.sim]: 0.05577031618009584
[imu_publisher-2] [INFO] [1732730148.207473519] [drone_home1.sim]: 0.05577031618009584
[imu_publisher-2] [INFO] [1732730148.407286357] [drone_home1.sim]: 0.05577031618009584
[imu_publisher-2] [INFO] [1732730148.606074441] [drone_home1.sim]: 0.05577031618009584
[imu_publisher-2] [INFO] [1732730148.805506392] [drone_home1.sim]: 0.05577031618009584
[imu_publisher-2] [INFO] [1732730149.005190935] [drone_home1.sim]: 0.05577031618009584
[imu_publisher-2] [INFO] [1732730149.205345530] [drone_home1.sim]: 0.05577031618009584
[imu_publisher-2] [INFO] [1732730149.405656069] [drone_home1.sim]: 0.05577031618009584
[imu_publisher-2] [INFO] [1732730149.756537034] [drone_home1.sim]: 0.05577031618009584
[imu_publisher-2] [INFO] [1732730149.957167127] [drone_home1.sim]: 0.05577031618009584
[imu_publisher-2] [INFO] [1732730150.157139224] [drone_home1.sim]: 0.05577031618009584
[imu_publisher-2] [INFO] [1732730150.357075079] [drone_home1.sim]: 0.05577031618009584
[imu_publisher-2] [INFO] [1732730150.556727363] [drone_home1.sim]: 0.05577031618009584
[imu_publisher-2] [INFO] [1732730150.755709446] [drone_home1.sim]: 0.05577031618009584
[imu_publisher-2] [INFO] [1732730150.955369766] [drone_home1.sim]: 0.05577031618009584
[imu_publisher-2] [INFO] [1732730151.155392474] [drone_home1.sim]: 0.05577031618009584
[imu_publisher-2] [INFO] [1732730151.355660309] [drone_home1.sim]: 0.05577031618009584
[imu_publisher-2] [INFO] [1732730151.556215477] [drone_home1.sim]: 0.05577031618009584
[imu_publisher-2] [INFO] [1732730151.757083810] [drone_home1.sim]: 0.05577031618009584
[imu_publisher-2] [INFO] [1732730151.957169554] [drone_home1.sim]: 0.05577031618009584
[imu_publisher-2] [INFO] [1732730152.157152169] [drone_home1.sim]: 0.05577031618009584
[imu_publisher-2] [INFO] [1732730152.357187858] [drone_home1.sim]: 0.05577031618009584
[imu_publisher-2] [INFO] [1732730152.556529439] [drone_home1.sim]: 0.05577031618009584
[imu_publisher-2] [INFO] [1732730152.755475726] [drone_home1.sim]: 0.05577031618009584
[imu_publisher-2] [INFO] [1732730152.955580544] [drone_home1.sim]: 0.05577031618009584
[imu_publisher-2] [INFO] [1732730153.155573085] [drone_home1.sim]: 0.05577031618009584
[imu_publisher-2] [INFO] [1732730153.356090883] [drone_home1.sim]: 0.05577031618009584
[imu_publisher-2] [INFO] [1732730153.556481496] [drone_home1.sim]: 0.05577031618009584
[imu_publisher-2] [INFO] [1732730153.757148348] [drone_home1.sim]: 0.05577031618009584
[imu_publisher-2] [INFO] [1732730153.956489411] [drone_home1.sim]: 0.05577031618009584
[imu_publisher-2] [INFO] [1732730154.155334865] [drone_home1.sim]: 0.05577031618009584
[imu_publisher-2] [INFO] [1732730154.355201611] [drone_home1.sim]: 0.05577031618009584
[imu_publisher-2] [INFO] [1732730154.555258744] [drone_home1.sim]: 0.05577031618009584
[imu_publisher-2] [INFO] [1732730154.755277822] [drone_home1.sim]: 0.05577031618009584
[imu_publisher-2] [INFO] [1732730154.955351696] [drone_home1.sim]: 0.05577031618009584
[imu_publisher-2] [INFO] [1732730155.155418385] [drone_home1.sim]: 0.05577031618009584
[imu_publisher-2] [INFO] [1732730155.356051515] [drone_home1.sim]: 0.05577031618009584
[imu_publisher-2] [INFO] [1732730155.556523702] [drone_home1.sim]: 0.05577031618009584
[imu_publisher-2] [INFO] [1732730155.757603552] [drone_home1.sim]: 0.05577031618009584
[imu_publisher-2] [INFO] [1732730155.956992041] [drone_home1.sim]: 0.05577031618009584
[imu_publisher-2] [INFO] [1732730156.157065119] [drone_home1.sim]: 0.05577031618009584
[imu_publisher-2] [INFO] [1732730156.407168345] [drone_home1.sim]: 0.05577031618009584
[imu_publisher-2] [INFO] [1732730156.605708487] [drone_home1.sim]: 0.05577031618009584
[imu_publisher-2] [INFO] [1732730156.805339826] [drone_home1.sim]: 0.05577031618009584
[imu_publisher-2] [INFO] [1732730157.005210905] [drone_home1.sim]: 0.05577031618009584
[imu_publisher-2] [INFO] [1732730157.255614093] [drone_home1.sim]: 0.05577031618009584
[imu_publisher-2] [INFO] [1732730157.456181502] [drone_home1.sim]: 0.05577031618009584
[imu_publisher-2] [INFO] [1732730157.757048429] [drone_home1.sim]: 0.05577031618009584
[imu_publisher-2] [INFO] [1732730157.957550116] [drone_home1.sim]: 0.05577031618009584
[imu_publisher-2] [INFO] [1732730158.207212049] [drone_home1.sim]: 0.05577031618009584
[imu_publisher-2] [INFO] [1732730158.406578112] [drone_home1.sim]: 0.05577031618009584
[imu_publisher-2] [INFO] [1732730158.655338012] [drone_home1.sim]: 0.05577031618009584
[imu_publisher-2] [INFO] [1732730158.855216499] [drone_home1.sim]: 0.05577031618009584
[imu_publisher-2] [INFO] [1732730159.205625615] [drone_home1.sim]: 0.05577031618009584
[imu_publisher-2] [INFO] [1732730159.506370358] [drone_home1.sim]: 0.05577031618009584
[imu_publisher-2] [INFO] [1732730159.707076322] [drone_home1.sim]: 0.05577031618009584
[imu_publisher-2] [INFO] [1732730159.907101622] [drone_home1.sim]: 0.05577031618009584
[imu_publisher-2] [INFO] [1732730160.156970610] [drone_home1.sim]: 0.05577031618009584
[imu_publisher-2] [INFO] [1732730160.357015096] [drone_home1.sim]: 0.05577031618009584
[imu_publisher-2] [INFO] [1732730160.655367981] [drone_home1.sim]: 0.05577031618009584
[imu_publisher-2] [INFO] [1732730160.905073099] [drone_home1.sim]: 0.05577031618009584
[imu_publisher-2] [INFO] [1732730161.105660026] [drone_home1.sim]: 0.05577031618009584
[imu_publisher-2] [INFO] [1732730161.306245546] [drone_home1.sim]: 0.05577031618009584
[imu_publisher-2] [INFO] [1732730161.506526049] [drone_home1.sim]: 0.05577031618009584
[imu_publisher-2] [INFO] [1732730161.757055478] [drone_home1.sim]: 0.05577031618009584
[imu_publisher-2] [INFO] [1732730161.956905372] [drone_home1.sim]: 0.05577031618009584
[imu_publisher-2] [INFO] [1732730162.156917191] [drone_home1.sim]: 0.05577031618009584
[imu_publisher-2] [INFO] [1732730162.356484568] [drone_home1.sim]: 0.05577031618009584
[imu_publisher-2] [INFO] [1732730162.555348263] [drone_home1.sim]: 0.05577031618009584
[imu_publisher-2] [INFO] [1732730162.755412249] [drone_home1.sim]: 0.05577031618009584
[imu_publisher-2] [INFO] [1732730162.956168638] [drone_home1.sim]: 0.05577031618009584
[imu_publisher-2] [INFO] [1732730163.155936107] [drone_home1.sim]: 0.05577031618009584
[imu_publisher-2] [INFO] [1732730163.356366572] [drone_home1.sim]: 0.05577031618009584
[imu_publisher-2] [INFO] [1732730163.556658483] [drone_home1.sim]: 0.05577031618009584
[imu_publisher-2] [INFO] [1732730163.755069069] [drone_home1.sim]: 0.05577031618009584
[imu_publisher-2] [INFO] [1732730163.955223999] [drone_home1.sim]: 0.05577031618009584
[imu_publisher-2] [INFO] [1732730164.255371801] [drone_home1.sim]: 0.05577031618009584
[imu_publisher-2] [INFO] [1732730164.455197381] [drone_home1.sim]: 0.05577031618009584
[imu_publisher-2] [INFO] [1732730164.655895011] [drone_home1.sim]: 0.05577031618009584
[imu_publisher-2] [INFO] [1732730164.855330556] [drone_home1.sim]: 0.05577031618009584
[imu_publisher-2] [INFO] [1732730165.055942391] [drone_home1.sim]: 0.05577031618009584
[imu_publisher-2] [INFO] [1732730165.306401987] [drone_home1.sim]: 0.05577031618009584
[imu_publisher-2] [INFO] [1732730165.507077302] [drone_home1.sim]: 0.05577031618009584
[imu_publisher-2] [INFO] [1732730165.757046197] [drone_home1.sim]: 0.05577031618009584
[imu_publisher-2] [INFO] [1732730165.956983091] [drone_home1.sim]: 0.05577031618009584
[imu_publisher-2] [INFO] [1732730166.157272205] [drone_home1.sim]: 0.05577031618009584
[imu_publisher-2] [INFO] [1732730166.455351370] [drone_home1.sim]: 0.05577031618009584
[imu_publisher-2] [INFO] [1732730166.655313283] [drone_home1.sim]: 0.05577031618009584
[imu_publisher-2] [INFO] [1732730166.855173751] [drone_home1.sim]: 0.05577031618009584
[imu_publisher-2] [INFO] [1732730167.055927733] [drone_home1.sim]: 0.05577031618009584
[imu_publisher-2] [INFO] [1732730167.256228329] [drone_home1.sim]: 0.05577031618009584
[imu_publisher-2] [INFO] [1732730167.457053459] [drone_home1.sim]: 0.05577031618009584
[imu_publisher-2] [INFO] [1732730167.656974057] [drone_home1.sim]: 0.05577031618009584
[imu_publisher-2] [INFO] [1732730167.907121840] [drone_home1.sim]: 0.05577031618009584
[imu_publisher-2] [INFO] [1732730168.107168585] [drone_home1.sim]: 0.05577031618009584
[imu_publisher-2] [INFO] [1732730168.355402600] [drone_home1.sim]: 0.05577031618009584
[imu_publisher-2] [INFO] [1732730168.555294161] [drone_home1.sim]: 0.05577031618009584
[imu_publisher-2] [INFO] [1732730168.805127612] [drone_home1.sim]: 0.05577031618009584
[imu_publisher-2] [INFO] [1732730169.006293278] [drone_home1.sim]: 0.05577031618009584
[imu_publisher-2] [INFO] [1732730169.256237543] [drone_home1.sim]: 0.05577031618009584
