[INFO] [launch]: All log files can be found below /home/pi/.ros/log/2024-11-27-12-50-45-764789-drone-home-53166
[INFO] [launch]: Default logging verbosity is set to INFO
[WARNING] [imu_publisher-2]: there are now at least 2 nodes with the name /drone_home1/sim created within this launch context
[WARNING] [drive_hardware-3]: there are now at least 3 nodes with the name /drone_home1/sim created within this launch context
[WARNING] [static_transform_publisher-5]: there are now at least 2 nodes with the name /drone_home1/static_transform_publisher created within this launch context
[INFO] [drive_publisher-1]: process started with pid [53177]
[INFO] [imu_publisher-2]: process started with pid [53178]
[INFO] [drive_hardware-3]: process started with pid [53179]
[INFO] [static_transform_publisher-4]: process started with pid [53180]
[INFO] [static_transform_publisher-5]: process started with pid [53181]
[static_transform_publisher-4] [WARN] [1732729845.913288915] []: Old-style arguments are deprecated; see --help for new-style arguments
[static_transform_publisher-5] [WARN] [1732729845.926886126] []: Old-style arguments are deprecated; see --help for new-style arguments
[static_transform_publisher-4] [INFO] [1732729845.951520413] [drone_home1.static_transform_publisher]: Spinning until stopped - publishing transform
[static_transform_publisher-4] translation: ('0.000000', '0.000000', '0.000000')
[static_transform_publisher-4] rotation: ('0.000000', '0.000000', '0.000000', '1.000000')
[static_transform_publisher-4] from 'map' to 'imu_frame'
[static_transform_publisher-5] [INFO] [1732729845.969489380] [drone_home1.static_transform_publisher]: Spinning until stopped - publishing transform
[static_transform_publisher-5] translation: ('0.000000', '0.000000', '0.000000')
[static_transform_publisher-5] rotation: ('0.000000', '0.000000', '0.000000', '1.000000')
[static_transform_publisher-5] from 'map' to 'gps_sensor'
[drive_hardware-3] /usr/lib/python3/dist-packages/gpiozero/output_devices.py:1509: PWMSoftwareFallback: To reduce servo jitter, use the pigpio pin factory.See https://gpiozero.readthedocs.io/en/stable/api_output.html#servo for more info
[drive_hardware-3]   warnings.warn(PWMSoftwareFallback(
[imu_publisher-2] [INFO] [1732729848.261238910] [drone_home1.sim]: Calibration status: (True, 'Calibration (sys:0, gyro:0, accel:3, mag:0)')
[imu_publisher-2] [INFO] [1732729848.316869712] [drone_home1.sim]: -0.036364215987076065
[imu_publisher-2] [INFO] [1732729848.366575820] [drone_home1.sim]: -0.036364215987076065
[imu_publisher-2] [INFO] [1732729848.416181410] [drone_home1.sim]: -0.03631426515432624
[imu_publisher-2] [INFO] [1732729848.516801639] [drone_home1.sim]: -0.03631426515432624
[imu_publisher-2] [INFO] [1732729848.710140229] [drone_home1.sim]: -0.03631426515432624
[imu_publisher-2] [INFO] [1732729848.869835299] [drone_home1.sim]: -0.03631426515432624
[imu_publisher-2] [INFO] [1732729848.934966016] [drone_home1.sim]: -0.03631426515432624
[imu_publisher-2] [INFO] [1732729849.053526843] [drone_home1.sim]: -0.03631426515432624
[imu_publisher-2] [INFO] [1732729849.115977889] [drone_home1.sim]: -0.03631426515432624
[imu_publisher-2] [INFO] [1732729849.231323194] [drone_home1.sim]: -0.03631426515432624
[imu_publisher-2] [INFO] [1732729849.432355320] [drone_home1.sim]: -0.03631426515432624
[imu_publisher-2] [INFO] [1732729849.644327559] [drone_home1.sim]: -0.03631426515432624
[imu_publisher-2] [INFO] [1732729849.692622619] [drone_home1.sim]: -0.03631426515432624
[imu_publisher-2] [INFO] [1732729849.756460084] [drone_home1.sim]: -0.03631426515432624
[imu_publisher-2] [INFO] [1732729849.871059837] [drone_home1.sim]: -0.03631426515432624
[imu_publisher-2] [INFO] [1732729850.015963368] [drone_home1.sim]: -0.03631426515432624
[imu_publisher-2] [INFO] [1732729850.126583326] [drone_home1.sim]: -0.03631426515432624
[imu_publisher-2] [INFO] [1732729850.244743710] [drone_home1.sim]: -0.03631426515432624
[imu_publisher-2] [INFO] [1732729850.293858340] [drone_home1.sim]: -0.03631426515432624
[imu_publisher-2] [INFO] [1732729850.357065623] [drone_home1.sim]: -0.03631426515432624
[imu_publisher-2] [INFO] [1732729850.469539442] [drone_home1.sim]: -0.03631426515432624
[imu_publisher-2] [INFO] [1732729850.673041427] [drone_home1.sim]: -0.03631426515432624
[imu_publisher-2] [INFO] [1732729850.835778870] [drone_home1.sim]: -0.03631426515432624
[imu_publisher-2] [INFO] [1732729850.867592566] [drone_home1.sim]: -0.03631426515432624
[imu_publisher-2] [INFO] [1732729850.944813577] [drone_home1.sim]: -0.03631426515432624
[imu_publisher-2] [INFO] [1732729851.059105832] [drone_home1.sim]: -0.03631426515432624
[imu_publisher-2] [INFO] [1732729851.260871269] [drone_home1.sim]: -0.03631426515432624
[imu_publisher-2] [INFO] [1732729851.423682712] [drone_home1.sim]: -0.03631426515432624
[imu_publisher-2] [INFO] [1732729851.541625245] [drone_home1.sim]: -0.03631426515432624
[imu_publisher-2] [INFO] [1732729851.590865041] [drone_home1.sim]: -0.03631426515432624
[imu_publisher-2] [INFO] [1732729851.653019551] [drone_home1.sim]: -0.06283132050218442
[imu_publisher-2] [INFO] [1732729851.765789258] [drone_home1.sim]: -0.07682632448687522
[imu_publisher-2] [INFO] [1732729851.916854833] [drone_home1.sim]: -0.029693108962427783
[imu_publisher-2] [INFO] [1732729852.031313661] [drone_home1.sim]: -0.027602137815874356
[imu_publisher-2] [INFO] [1732729852.065928880] [drone_home1.sim]: -0.02793983734369278
[imu_publisher-2] [INFO] [1732729852.145300214] [drone_home1.sim]: -0.02665811246228221
[imu_publisher-2] [INFO] [1732729852.207768797] [drone_home1.sim]: -0.029098617006912342
[imu_publisher-2] [INFO] [1732729852.270545378] [drone_home1.sim]: -0.04085481470256801
[imu_publisher-2] [INFO] [1732729852.384081822] [drone_home1.sim]: -0.5386671299976281
[imu_publisher-2] [INFO] [1732729852.586235405] [drone_home1.sim]: -6.372276540638496
[imu_publisher-2] [INFO] [1732729852.748902405] [drone_home1.sim]: -12.027861513985247
[imu_publisher-2] [INFO] [1732729852.862475126] [drone_home1.sim]: -15.480918601949229
[imu_publisher-2] [INFO] [1732729852.914290872] [drone_home1.sim]: -17.14528217167
[imu_publisher-2] [INFO] [1732729852.978471206] [drone_home1.sim]: -19.27227635832064
[imu_publisher-2] [INFO] [1732729853.092309297] [drone_home1.sim]: -23.211401404370854
[imu_publisher-2] [INFO] [1732729853.142299996] [drone_home1.sim]: -24.569209965818864
[imu_publisher-2] [INFO] [1732729853.241496066] [drone_home1.sim]: -26.807770974548877
[imu_publisher-2] [INFO] [1732729853.388479920] [drone_home1.sim]: -29.74402303195816
[imu_publisher-2] [INFO] [1732729853.438184047] [drone_home1.sim]: -30.686064675830004
[imu_publisher-2] [INFO] [1732729853.553423390] [drone_home1.sim]: -33.09590287560154
[imu_publisher-2] [INFO] [1732729853.668473974] [drone_home1.sim]: -35.465042105112865
[imu_publisher-2] [INFO] [1732729853.719964851] [drone_home1.sim]: -36.546701889934305
[imu_publisher-2] [INFO] [1732729853.783945223] [drone_home1.sim]: -37.882348118814726
[imu_publisher-2] [INFO] [1732729853.898400848] [drone_home1.sim]: -39.20376577246086
[imu_publisher-2] [INFO] [1732729854.051907040] [drone_home1.sim]: -39.24025545494768
[imu_publisher-2] [INFO] [1732729854.214506595] [drone_home1.sim]: -39.09784603425199
[imu_publisher-2] [INFO] [1732729854.219502052] [drone_home1.sim]: -39.09829150436654
[imu_publisher-2] [INFO] [1732729854.331224579] [drone_home1.sim]: -38.25747691946436
[imu_publisher-2] [INFO] [1732729854.381862442] [drone_home1.sim]: -36.598798322802196
[imu_publisher-2] [INFO] [1732729854.445362650] [drone_home1.sim]: -33.53314297303183
[imu_publisher-2] [INFO] [1732729854.556279829] [drone_home1.sim]: -25.0392475072489
[imu_publisher-2] [INFO] [1732729854.757263492] [drone_home1.sim]: -4.992209976401975
[imu_publisher-2] [INFO] [1732729854.967236982] [drone_home1.sim]: 13.81269576269309
[imu_publisher-2] [INFO] [1732729855.015676800] [drone_home1.sim]: 16.308048274762417
[imu_publisher-2] [INFO] [1732729855.078529752] [drone_home1.sim]: 18.229621965671853
[imu_publisher-2] [INFO] [1732729855.939410424] [drone_home1.sim]: 43.50250681206995
[imu_publisher-2] [INFO] [1732729856.052866275] [drone_home1.sim]: 48.912599218459995
[imu_publisher-2] [INFO] [1732729856.202628412] [drone_home1.sim]: 58.02771282466456
[imu_publisher-2] [INFO] [1732729856.253864365] [drone_home1.sim]: 60.98751581019153
[imu_publisher-2] [INFO] [1732729856.414200376] [drone_home1.sim]: 68.67548980174408
[imu_publisher-2] [INFO] [1732729856.419162722] [drone_home1.sim]: 69.08009045837146
[imu_publisher-2] [INFO] [1732729856.477421992] [drone_home1.sim]: 71.28964442673994
[imu_publisher-2] [INFO] [1732729856.595398136] [drone_home1.sim]: 74.95575892061836
[imu_publisher-2] [INFO] [1732729856.658443476] [drone_home1.sim]: 76.93426912882948
[imu_publisher-2] [INFO] [1732729856.720049248] [drone_home1.sim]: 78.17583773901544
[imu_publisher-2] [INFO] [1732729856.834888315] [drone_home1.sim]: 79.44266952496972
[imu_publisher-2] [INFO] [1732729856.979759587] [drone_home1.sim]: 79.73069810021849
[imu_publisher-2] [INFO] [1732729857.198787532] [drone_home1.sim]: 82.58598275109975
[imu_publisher-2] [INFO] [1732729857.246319170] [drone_home1.sim]: 83.85039070073606
[imu_publisher-2] [INFO] [1732729857.309097159] [drone_home1.sim]: 85.57379718481391
[imu_publisher-2] [INFO] [1732729857.426213511] [drone_home1.sim]: 89.17337576481629
[imu_publisher-2] [INFO] [1732729859.129704704] [drone_home1.sim]: 106.60462292121736
[imu_publisher-2] [INFO] [1732729860.153349413] [drone_home1.sim]: 106.52256353767437
[imu_publisher-2] [INFO] [1732729860.267526965] [drone_home1.sim]: 106.52283682010582
[imu_publisher-2] [INFO] [1732729860.320864778] [drone_home1.sim]: 106.52297432430288
[imu_publisher-2] [INFO] [1732729860.383966487] [drone_home1.sim]: 106.52297432430288
[imu_publisher-2] [INFO] [1732729860.494975943] [drone_home1.sim]: 106.55606327087457
[imu_publisher-2] [INFO] [1732729860.691317648] [drone_home1.sim]: 107.17890392606839
[imu_publisher-2] [INFO] [1732729860.854450127] [drone_home1.sim]: 113.95476363912074
[imu_publisher-2] [INFO] [1732729860.919123033] [drone_home1.sim]: 118.68069785384549
[imu_publisher-2] [INFO] [1732729861.035716869] [drone_home1.sim]: 126.83097889831616
[imu_publisher-2] [INFO] [1732729861.097362419] [drone_home1.sim]: 131.31029827901702
[imu_publisher-2] [INFO] [1732729861.210515846] [drone_home1.sim]: 140.07498805397003
[imu_publisher-2] [INFO] [1732729861.359887263] [drone_home1.sim]: 150.19249185457468
[imu_publisher-2] [INFO] [1732729861.459610552] [drone_home1.sim]: 155.35359512619286
[imu_publisher-2] [INFO] [1732729861.572545369] [drone_home1.sim]: 158.40478650739644
[imu_publisher-2] [INFO] [1732729861.617992943] [drone_home1.sim]: 158.72570766279873
[imu_publisher-2] [INFO] [1732729861.690652476] [drone_home1.sim]: 158.52664690845089
[imu_publisher-2] [INFO] [1732729861.739339238] [drone_home1.sim]: 158.41212295941372
[imu_publisher-2] [INFO] [1732729861.802144578] [drone_home1.sim]: 158.38136679702404
[imu_publisher-2] [INFO] [1732729861.914665990] [drone_home1.sim]: 158.41988219765315
[imu_publisher-2] [INFO] [1732729862.061180384] [drone_home1.sim]: 158.41561258302684
[imu_publisher-2] [INFO] [1732729862.223428774] [drone_home1.sim]: 158.40170846462735
[imu_publisher-2] [INFO] [1732729862.335409189] [drone_home1.sim]: 158.40182358847215
[imu_publisher-2] [INFO] [1732729862.397627569] [drone_home1.sim]: 157.77461352932517
[imu_publisher-2] [INFO] [1732729862.461550682] [drone_home1.sim]: 156.32138074737657
[imu_publisher-2] [INFO] [1732729862.574816479] [drone_home1.sim]: 152.81273496366586
[imu_publisher-2] [INFO] [1732729862.724000064] [drone_home1.sim]: 145.2723224720964
[imu_publisher-2] [INFO] [1732729862.984863712] [drone_home1.sim]: 124.36007630716303
[imu_publisher-2] [INFO] [1732729863.098416712] [drone_home1.sim]: 112.50144168431778
[imu_publisher-2] [INFO] [1732729863.148959779] [drone_home1.sim]: 107.6928411336934
[imu_publisher-2] [INFO] [1732729863.212431394] [drone_home1.sim]: 103.12353555842718
[imu_publisher-2] [INFO] [1732729863.327197387] [drone_home1.sim]: 100.67735487171244
[imu_publisher-2] [INFO] [1732729863.470127113] [drone_home1.sim]: 101.1079166552005
[imu_publisher-2] [INFO] [1732729863.520939550] [drone_home1.sim]: 101.12227221184007
[imu_publisher-2] [INFO] [1732729863.632700780] [drone_home1.sim]: 101.12191679076426
[imu_publisher-2] [INFO] [1732729863.748018419] [drone_home1.sim]: 101.20059234963512
[imu_publisher-2] [INFO] [1732729864.059074840] [drone_home1.sim]: 99.9494825149253
[imu_publisher-2] [INFO] [1732729864.123377544] [drone_home1.sim]: 98.71074966175591
[imu_publisher-2] [INFO] [1732729864.187119139] [drone_home1.sim]: 97.22572763878482
[imu_publisher-2] [INFO] [1732729864.301102266] [drone_home1.sim]: 94.45872650093973
[imu_publisher-2] [INFO] [1732729864.545695809] [drone_home1.sim]: 86.32038719559905
[imu_publisher-2] [INFO] [1732729864.710469502] [drone_home1.sim]: 77.7982770257273
[imu_publisher-2] [INFO] [1732729864.760587553] [drone_home1.sim]: 74.68789535153698
[imu_publisher-2] [INFO] [1732729864.868704653] [drone_home1.sim]: 67.94263327388965
[imu_publisher-2] [INFO] [1732729864.984693733] [drone_home1.sim]: 64.26720586888891
[imu_publisher-2] [INFO] [1732729865.129473950] [drone_home1.sim]: 64.11098071830402
[imu_publisher-2] [INFO] [1732729865.180765181] [drone_home1.sim]: 64.18646931526067
[imu_publisher-2] [INFO] [1732729865.345260357] [drone_home1.sim]: 64.64225396895775
[imu_publisher-2] [INFO] [1732729865.365766423] [drone_home1.sim]: 64.79372717020064
[imu_publisher-2] [INFO] [1732729865.458876374] [drone_home1.sim]: 65.03031326193411
[imu_publisher-2] [INFO] [1732729865.509687033] [drone_home1.sim]: 65.0582535876821
[imu_publisher-2] [INFO] [1732729865.571945747] [drone_home1.sim]: 65.0494470030411
[imu_publisher-2] [INFO] [1732729865.686569389] [drone_home1.sim]: 65.05005802839385
[imu_publisher-2] [INFO] [1732729865.882676836] [drone_home1.sim]: 65.0742448357596
[imu_publisher-2] [INFO] [1732729866.046254017] [drone_home1.sim]: 65.03491034981734
[imu_publisher-2] [INFO] [1732729866.157925766] [drone_home1.sim]: 65.04490124583396
[imu_publisher-2] [INFO] [1732729866.223049799] [drone_home1.sim]: 65.04248047883898
[imu_publisher-2] [INFO] [1732729866.335101528] [drone_home1.sim]: 65.04283384075039
[imu_publisher-2] [INFO] [1732729866.595547216] [drone_home1.sim]: 64.87603293478284
[imu_publisher-2] [INFO] [1732729866.615760654] [drone_home1.sim]: 64.63021491840708
[imu_publisher-2] [INFO] [1732729866.665826186] [drone_home1.sim]: 64.34978008492838
[imu_publisher-2] [INFO] [1732729866.771462928] [drone_home1.sim]: 64.44785121334532
[imu_publisher-2] [INFO] [1732729866.834226621] [drone_home1.sim]: 64.2343910235905
[imu_publisher-2] [INFO] [1732729866.948321285] [drone_home1.sim]: 60.58079930951572
[imu_publisher-2] [INFO] [1732729867.147782919] [drone_home1.sim]: 45.79755988382941
[imu_publisher-2] [INFO] [1732729867.307994505] [drone_home1.sim]: 28.705938715120052
[imu_publisher-2] [INFO] [1732729867.317379107] [drone_home1.sim]: 27.478021437111284
[imu_publisher-2] [INFO] [1732729867.426408907] [drone_home1.sim]: 18.046845056354606
[imu_publisher-2] [INFO] [1732729867.475975405] [drone_home1.sim]: 15.900460209097231
[imu_publisher-2] [INFO] [1732729867.539791759] [drone_home1.sim]: 13.716593792555818
[imu_publisher-2] [INFO] [1732729867.653085204] [drone_home1.sim]: 10.779349257376271
[imu_publisher-2] [INFO] [1732729867.854901086] [drone_home1.sim]: 7.079719578051634
[imu_publisher-2] [INFO] [1732729867.967438276] [drone_home1.sim]: 6.807156823894117
[imu_publisher-2] [INFO] [1732729868.078329159] [drone_home1.sim]: 6.740003327331732
[imu_publisher-2] [INFO] [1732729868.142929472] [drone_home1.sim]: 6.809163478867675
[imu_publisher-2] [INFO] [1732729868.254692758] [drone_home1.sim]: 7.08072874178942
[imu_publisher-2] [INFO] [1732729868.455454146] [drone_home1.sim]: 7.312926095566927
[imu_publisher-2] [INFO] [1732729868.567032840] [drone_home1.sim]: 7.261672658807773
[imu_publisher-2] [INFO] [1732729868.632188854] [drone_home1.sim]: 6.852940422041074
[imu_publisher-2] [INFO] [1732729868.748636895] [drone_home1.sim]: 2.959581329939573
[imu_publisher-2] [INFO] [1732729868.814419314] [drone_home1.sim]: -1.0798001868294052
[imu_publisher-2] [INFO] [1732729868.926268137] [drone_home1.sim]: -11.498924405061073
[imu_publisher-2] [INFO] [1732729868.977127647] [drone_home1.sim]: -17.864027450290727
[imu_publisher-2] [INFO] [1732729869.026144925] [drone_home1.sim]: -22.02213794856894
[imu_publisher-2] [INFO] [1732729869.075838923] [drone_home1.sim]: -26.901817206394988
[imu_publisher-2] [INFO] [1732729869.126018270] [drone_home1.sim]: -30.580889274634156
[imu_publisher-2] [INFO] [1732729869.177334204] [drone_home1.sim]: -32.88520258792877
[imu_publisher-2] [INFO] [1732729869.275722129] [drone_home1.sim]: -34.79415734262464
[imu_publisher-2] [INFO] [1732729869.478638877] [drone_home1.sim]: -34.50385066806529
[imu_publisher-2] [INFO] [1732729869.641094729] [drone_home1.sim]: -33.79302974312921
[imu_publisher-2] [INFO] [1732729869.752575091] [drone_home1.sim]: -33.677561289018534
[imu_publisher-2] [INFO] [1732729869.821159570] [drone_home1.sim]: -33.64929949697924
[imu_publisher-2] [INFO] [1732729869.884538741] [drone_home1.sim]: -33.58384638558872
[imu_publisher-2] [INFO] [1732729869.999620881] [drone_home1.sim]: -33.576343172743265
[imu_publisher-2] [INFO] [1732729870.201058877] [drone_home1.sim]: -33.52913713152289
[imu_publisher-2] [INFO] [1732729870.359694655] [drone_home1.sim]: -33.46021314023673
[imu_publisher-2] [INFO] [1732729871.014862985] [drone_home1.sim]: -27.727215738344963
[imu_publisher-2] [INFO] [1732729873.865794453] [drone_home1.sim]: 18.592952838779013
[imu_publisher-2] [INFO] [1732729874.817649479] [drone_home1.sim]: 13.932962564719205
[imu_publisher-2] [INFO] [1732729875.568881301] [drone_home1.sim]: 13.936075246454145
[imu_publisher-2] [INFO] [1732729875.619127963] [drone_home1.sim]: 13.93506236201845
[imu_publisher-2] [INFO] [1732729875.680536162] [drone_home1.sim]: 13.99748870171602
[imu_publisher-2] [INFO] [1732729875.748182275] [drone_home1.sim]: 14.186893067140007
[imu_publisher-2] [INFO] [1732729875.857621999] [drone_home1.sim]: 16.239705668776455
[imu_publisher-2] [INFO] [1732729876.052525748] [drone_home1.sim]: 24.53161420335014
[imu_publisher-2] [INFO] [1732729876.163458761] [drone_home1.sim]: 29.106604313613946
[imu_publisher-2] [INFO] [1732729876.274856494] [drone_home1.sim]: 30.092435443745845
[imu_publisher-2] [INFO] [1732729876.324548028] [drone_home1.sim]: 30.030609444388098
[imu_publisher-2] [INFO] [1732729876.388807380] [drone_home1.sim]: 30.015266296832014
[imu_publisher-2] [INFO] [1732729876.504979774] [drone_home1.sim]: 30.028172594086975
[imu_publisher-2] [INFO] [1732729876.653253789] [drone_home1.sim]: 30.02376542498236
[imu_publisher-2] [INFO] [1732729876.765592351] [drone_home1.sim]: 30.02569832379417
[imu_publisher-2] [INFO] [1732729876.876100680] [drone_home1.sim]: 30.02160724453648
[imu_publisher-2] [INFO] [1732729876.940976122] [drone_home1.sim]: 30.023563637552677
[imu_publisher-2] [INFO] [1732729877.055256025] [drone_home1.sim]: 30.02438194556428
[imu_publisher-2] [INFO] [1732729877.249340668] [drone_home1.sim]: 30.025441447796926
[imu_publisher-2] [INFO] [1732729877.409220848] [drone_home1.sim]: 30.019345335028028
[imu_publisher-2] [INFO] [1732729877.475256562] [drone_home1.sim]: 30.02001143719484
[imu_publisher-2] [INFO] [1732729877.594612478] [drone_home1.sim]: 29.969393901967234
[imu_publisher-2] [INFO] [1732729877.658820126] [drone_home1.sim]: 29.43371688125154
[imu_publisher-2] [INFO] [1732729877.768425349] [drone_home1.sim]: 23.821463370449415
[imu_publisher-2] [INFO] [1732729877.920655604] [drone_home1.sim]: 10.876512043162176
[imu_publisher-2] [INFO] [1732729877.968696628] [drone_home1.sim]: 8.01219527916127
[imu_publisher-2] [INFO] [1732729878.134538816] [drone_home1.sim]: 5.6264224251809125
[imu_publisher-2] [INFO] [1732729878.182519711] [drone_home1.sim]: 5.641304964543213
[imu_publisher-2] [INFO] [1732729878.250103603] [drone_home1.sim]: 5.640306999440011
[imu_publisher-2] [INFO] [1732729878.362786847] [drone_home1.sim]: 5.644345852377335
[imu_publisher-2] [INFO] [1732729878.459347949] [drone_home1.sim]: 5.64206758312101
[imu_publisher-2] [INFO] [1732729878.507379677] [drone_home1.sim]: 5.641014547110879
[imu_publisher-2] [INFO] [1732729878.669312921] [drone_home1.sim]: 5.644798339203227
[imu_publisher-2] [INFO] [1732729878.785490186] [drone_home1.sim]: 5.642433877441269
[imu_publisher-2] [INFO] [1732729878.848726654] [drone_home1.sim]: 5.6484478674012335
[imu_publisher-2] [INFO] [1732729878.964678383] [drone_home1.sim]: 5.64553471937766
[imu_publisher-2] [INFO] [1732729879.107940515] [drone_home1.sim]: 5.65008145816634
[imu_publisher-2] [INFO] [1732729879.157893548] [drone_home1.sim]: 5.6496925723973135
[imu_publisher-2] [INFO] [1732729879.321485173] [drone_home1.sim]: 5.647320019062324
[imu_publisher-2] [INFO] [1732729879.369272606] [drone_home1.sim]: 5.646884898681961
[imu_publisher-2] [INFO] [1732729879.421375721] [drone_home1.sim]: 5.64668652726797
[imu_publisher-2] [INFO] [1732729879.483860138] [drone_home1.sim]: 5.6530681277410055
[imu_publisher-2] [INFO] [1732729879.599434665] [drone_home1.sim]: 5.651761406390149
[imu_publisher-2] [INFO] [1732729879.750241741] [drone_home1.sim]: 5.651761406390149
[imu_publisher-2] [INFO] [1732729879.861359235] [drone_home1.sim]: 5.651761406390149
[imu_publisher-2] [INFO] [1732729879.867968054] [drone_home1.sim]: 5.651761406390149
[imu_publisher-2] [INFO] [1732729879.977231242] [drone_home1.sim]: 5.651761406390149
[imu_publisher-2] [INFO] [1732729880.026727073] [drone_home1.sim]: 5.651761406390149
[imu_publisher-2] [INFO] [1732729880.091656978] [drone_home1.sim]: 5.651761406390149
[imu_publisher-2] [INFO] [1732729880.203344524] [drone_home1.sim]: 5.651761406390149
[imu_publisher-2] [INFO] [1732729880.402978047] [drone_home1.sim]: 5.651761406390149
[imu_publisher-2] [INFO] [1732729880.562671876] [drone_home1.sim]: 5.651761406390149
[imu_publisher-2] [INFO] [1732729880.675199492] [drone_home1.sim]: 5.651761406390149
[imu_publisher-2] [INFO] [1732729880.738127962] [drone_home1.sim]: 5.651761406390149
[imu_publisher-2] [INFO] [1732729880.803684474] [drone_home1.sim]: 5.651761406390149
[imu_publisher-2] [INFO] [1732729880.915892795] [drone_home1.sim]: 5.651761406390149
[imu_publisher-2] [INFO] [1732729881.115192098] [drone_home1.sim]: 5.651761406390149
[imu_publisher-2] [INFO] [1732729881.270255506] [drone_home1.sim]: 5.651761406390149
[imu_publisher-2] [INFO] [1732729881.338231914] [drone_home1.sim]: 5.651761406390149
[imu_publisher-2] [INFO] [1732729881.451845154] [drone_home1.sim]: 5.651761406390149
[imu_publisher-2] [INFO] [1732729881.518562679] [drone_home1.sim]: 5.651761406390149
[imu_publisher-2] [INFO] [1732729881.630531594] [drone_home1.sim]: 5.651761406390149
[imu_publisher-2] [INFO] [1732729881.729409221] [drone_home1.sim]: 5.651761406390149
[imu_publisher-2] [INFO] [1732729881.876507816] [drone_home1.sim]: 5.651761406390149
[imu_publisher-2] [INFO] [1732729882.041698323] [drone_home1.sim]: 5.651761406390149
[imu_publisher-2] [INFO] [1732729882.153742052] [drone_home1.sim]: 5.651761406390149
[imu_publisher-2] [INFO] [1732729882.203395383] [drone_home1.sim]: 5.651761406390149
[imu_publisher-2] [INFO] [1732729882.269732707] [drone_home1.sim]: 5.651761406390149
[imu_publisher-2] [INFO] [1732729882.332399400] [drone_home1.sim]: 5.651761406390149
[imu_publisher-2] [INFO] [1732729882.445234681] [drone_home1.sim]: 5.651761406390149
[imu_publisher-2] [INFO] [1732729882.646036124] [drone_home1.sim]: 5.651761406390149
[imu_publisher-2] [INFO] [1732729882.698846903] [drone_home1.sim]: 5.651761406390149
[imu_publisher-2] [INFO] [1732729882.862016197] [drone_home1.sim]: 5.651761406390149
[imu_publisher-2] [INFO] [1732729882.976176731] [drone_home1.sim]: 5.651761406390149
[imu_publisher-2] [INFO] [1732729883.024454402] [drone_home1.sim]: 5.651761406390149
[imu_publisher-2] [INFO] [1732729883.087848055] [drone_home1.sim]: 5.651761406390149
[imu_publisher-2] [INFO] [1732729883.152118499] [drone_home1.sim]: 5.651761406390149
[imu_publisher-2] [INFO] [1732729883.265926220] [drone_home1.sim]: 5.651761406390149
[imu_publisher-2] [INFO] [1732729883.414684862] [drone_home1.sim]: 5.651761406390149
[imu_publisher-2] [INFO] [1732729883.465190949] [drone_home1.sim]: 5.651761406390149
[imu_publisher-2] [INFO] [1732729883.629255479] [drone_home1.sim]: 5.651761406390149
[imu_publisher-2] [INFO] [1732729883.741322468] [drone_home1.sim]: 5.651761406390149
[imu_publisher-2] [INFO] [1732729883.793146492] [drone_home1.sim]: 5.651761406390149
[imu_publisher-2] [INFO] [1732729883.856008851] [drone_home1.sim]: 5.651761406390149
[imu_publisher-2] [INFO] [1732729883.970730641] [drone_home1.sim]: 5.651761406390149
[imu_publisher-2] [INFO] [1732729884.120828666] [drone_home1.sim]: 5.651761406390149
[imu_publisher-2] [INFO] [1732729884.280151516] [drone_home1.sim]: 5.651761406390149
[imu_publisher-2] [INFO] [1732729884.394531604] [drone_home1.sim]: 5.651761406390149
[imu_publisher-2] [INFO] [1732729884.443351143] [drone_home1.sim]: 5.651761406390149
[imu_publisher-2] [INFO] [1732729884.506481334] [drone_home1.sim]: 5.651761406390149
[imu_publisher-2] [INFO] [1732729884.625144698] [drone_home1.sim]: 5.651761406390149
[imu_publisher-2] [INFO] [1732729884.775592925] [drone_home1.sim]: 5.651761406390149
[imu_publisher-2] [INFO] [1732729884.874613329] [drone_home1.sim]: 5.651761406390149
[imu_publisher-2] [INFO] [1732729885.035080099] [drone_home1.sim]: 5.651761406390149
[imu_publisher-2] [INFO] [1732729885.136724676] [drone_home1.sim]: 5.651761406390149
[imu_publisher-2] [INFO] [1732729885.186153971] [drone_home1.sim]: 5.651761406390149
[imu_publisher-2] [INFO] [1732729885.254965560] [drone_home1.sim]: 5.651761406390149
[imu_publisher-2] [INFO] [1732729885.369683332] [drone_home1.sim]: 5.651761406390149
[imu_publisher-2] [INFO] [1732729885.519372359] [drone_home1.sim]: 5.651761406390149
[imu_publisher-2] [INFO] [1732729885.569163726] [drone_home1.sim]: 5.651761406390149
[imu_publisher-2] [INFO] [1732729885.705604929] [drone_home1.sim]: 5.651761406390149
[imu_publisher-2] [INFO] [1732729885.843689587] [drone_home1.sim]: 5.651761406390149
[imu_publisher-2] [INFO] [1732729885.892657347] [drone_home1.sim]: 5.651761406390149
[imu_publisher-2] [INFO] [1732729885.958825597] [drone_home1.sim]: 5.651761406390149
[imu_publisher-2] [INFO] [1732729886.072198357] [drone_home1.sim]: 5.651761406390149
[imu_publisher-2] [INFO] [1732729886.223525043] [drone_home1.sim]: 5.651761406390149
[imu_publisher-2] [INFO] [1732729886.273509483] [drone_home1.sim]: 5.651761406390149
[imu_publisher-2] [INFO] [1732729886.482492368] [drone_home1.sim]: 5.651761406390149
[imu_publisher-2] [INFO] [1732729886.533327471] [drone_home1.sim]: 5.651761406390149
[imu_publisher-2] [INFO] [1732729886.594781671] [drone_home1.sim]: 5.651761406390149
[imu_publisher-2] [INFO] [1732729886.707587081] [drone_home1.sim]: 5.651761406390149
[imu_publisher-2] [INFO] [1732729886.856588667] [drone_home1.sim]: 5.651761406390149
[imu_publisher-2] [INFO] [1732729886.906377738] [drone_home1.sim]: 5.651761406390149
[imu_publisher-2] [INFO] [1732729887.067288692] [drone_home1.sim]: 5.651761406390149
[imu_publisher-2] [INFO] [1732729887.183421457] [drone_home1.sim]: 5.651761406390149
[imu_publisher-2] [INFO] [1732729887.246678369] [drone_home1.sim]: 5.651761406390149
[imu_publisher-2] [INFO] [1732729887.308897009] [drone_home1.sim]: 5.651761406390149
[imu_publisher-2] [INFO] [1732729887.421192627] [drone_home1.sim]: 5.651761406390149
[imu_publisher-2] [INFO] [1732729887.621745608] [drone_home1.sim]: 5.651761406390149
[imu_publisher-2] [INFO] [1732729887.783537687] [drone_home1.sim]: 5.651761406390149
[imu_publisher-2] [INFO] [1732729887.850421211] [drone_home1.sim]: 5.651761406390149
[imu_publisher-2] [INFO] [1732729887.964151673] [drone_home1.sim]: 5.651761406390149
[imu_publisher-2] [INFO] [1732729888.028354082] [drone_home1.sim]: 5.651761406390149
[imu_publisher-2] [INFO] [1732729888.093084376] [drone_home1.sim]: 5.651761406390149
[imu_publisher-2] [INFO] [1732729888.205123457] [drone_home1.sim]: 5.651761406390149
[imu_publisher-2] [INFO] [1732729888.355844664] [drone_home1.sim]: 5.651761406390149
[imu_publisher-2] [INFO] [1732729888.567697498] [drone_home1.sim]: 5.651761406390149
[imu_publisher-2] [INFO] [1732729888.684554908] [drone_home1.sim]: 5.651761406390149
[imu_publisher-2] [INFO] [1732729888.732730487] [drone_home1.sim]: 5.651761406390149
[imu_publisher-2] [INFO] [1732729888.795905215] [drone_home1.sim]: 5.651761406390149
[imu_publisher-2] [INFO] [1732729888.908271795] [drone_home1.sim]: 5.651761406390149
[imu_publisher-2] [INFO] [1732729889.107653912] [drone_home1.sim]: 5.651761406390149
[imu_publisher-2] [INFO] [1732729889.271509239] [drone_home1.sim]: 5.651761406390149
[imu_publisher-2] [INFO] [1732729889.387695356] [drone_home1.sim]: 5.651761406390149
[imu_publisher-2] [INFO] [1732729889.434861237] [drone_home1.sim]: 5.651761406390149
[imu_publisher-2] [INFO] [1732729889.499472587] [drone_home1.sim]: 5.651761406390149
[imu_publisher-2] [INFO] [1732729889.611630612] [drone_home1.sim]: 5.651761406390149
[imu_publisher-2] [INFO] [1732729889.811193025] [drone_home1.sim]: 5.651761406390149
[imu_publisher-2] [INFO] [1732729889.921678169] [drone_home1.sim]: 5.651761406390149
[imu_publisher-2] [INFO] [1732729890.036902957] [drone_home1.sim]: 5.651761406390149
[imu_publisher-2] [INFO] [1732729890.087580543] [drone_home1.sim]: 5.651761406390149
[imu_publisher-2] [INFO] [1732729890.149342907] [drone_home1.sim]: 5.651761406390149
[imu_publisher-2] [INFO] [1732729890.262524761] [drone_home1.sim]: 5.651761406390149
[imu_publisher-2] [INFO] [1732729890.457349641] [drone_home1.sim]: 5.651761406390149
[imu_publisher-2] [INFO] [1732729890.623366681] [drone_home1.sim]: 5.651761406390149
[imu_publisher-2] [INFO] [1732729890.737464271] [drone_home1.sim]: 5.651761406390149
[imu_publisher-2] [INFO] [1732729890.802330194] [drone_home1.sim]: 5.651761406390149
[imu_publisher-2] [INFO] [1732729892.313107747] [drone_home1.sim]: 5.651761406390149
[imu_publisher-2] [INFO] [1732729892.362178525] [drone_home1.sim]: 5.651761406390149
[imu_publisher-2] [INFO] [1732729892.517462765] [drone_home1.sim]: 5.651761406390149
[imu_publisher-2] [INFO] [1732729892.633867529] [drone_home1.sim]: 5.651761406390149
[imu_publisher-2] [INFO] [1732729892.683466713] [drone_home1.sim]: 5.651761406390149
[imu_publisher-2] [INFO] [1732729892.784200609] [drone_home1.sim]: 5.651761406390149
[imu_publisher-2] [INFO] [1732729892.816317137] [drone_home1.sim]: 5.651761406390149
[imu_publisher-2] [INFO] [1732729892.873568449] [drone_home1.sim]: 5.651761406390149
[imu_publisher-2] [INFO] [1732729893.630497876] [drone_home1.sim]: 5.651761406390149
[imu_publisher-2] [INFO] [1732729893.742067256] [drone_home1.sim]: 5.651761406390149
[imu_publisher-2] [INFO] [1732729893.790375686] [drone_home1.sim]: 5.651761406390149
[imu_publisher-2] [INFO] [1732729893.853515451] [drone_home1.sim]: 5.651761406390149
[imu_publisher-2] [INFO] [1732729893.964373631] [drone_home1.sim]: 5.651761406390149
[imu_publisher-2] [INFO] [1732729894.214057873] [drone_home1.sim]: 5.651761406390149
[imu_publisher-2] [INFO] [1732729894.263498149] [drone_home1.sim]: 5.651761406390149
[imu_publisher-2] [INFO] [1732729894.426298890] [drone_home1.sim]: 5.651761406390149
[imu_publisher-2] [INFO] [1732729894.475746092] [drone_home1.sim]: 5.651761406390149
[imu_publisher-2] [INFO] [1732729894.525461016] [drone_home1.sim]: 5.651761406390149
[imu_publisher-2] [INFO] [1732729894.590454346] [drone_home1.sim]: 5.651761406390149
[imu_publisher-2] [INFO] [1732729894.703645681] [drone_home1.sim]: 5.651761406390149
[imu_publisher-2] [INFO] [1732729894.902262432] [drone_home1.sim]: 5.651761406390149
[imu_publisher-2] [INFO] [1732729895.013175093] [drone_home1.sim]: 5.651761406390149
[imu_publisher-2] [INFO] [1732729895.063166015] [drone_home1.sim]: 5.651761406390149
[imu_publisher-2] [INFO] [1732729895.110466450] [drone_home1.sim]: 5.651761406390149
[imu_publisher-2] [INFO] [1732729895.177509567] [drone_home1.sim]: 5.651761406390149
[imu_publisher-2] [INFO] [1732729895.288510672] [drone_home1.sim]: 5.651761406390149
[imu_publisher-2] [INFO] [1732729895.484492250] [drone_home1.sim]: 5.651761406390149
[imu_publisher-2] [INFO] [1732729895.650323569] [drone_home1.sim]: 5.651761406390149
[imu_publisher-2] [INFO] [1732729895.714132053] [drone_home1.sim]: 5.651761406390149
[imu_publisher-2] [INFO] [1732729895.831372294] [drone_home1.sim]: 5.651761406390149
[imu_publisher-2] [INFO] [1732729895.893606916] [drone_home1.sim]: 5.651761406390149
[imu_publisher-2] [INFO] [1732729896.009078110] [drone_home1.sim]: 5.651761406390149
[imu_publisher-2] [INFO] [1732729896.158776341] [drone_home1.sim]: 5.651761406390149
[imu_publisher-2] [INFO] [1732729896.207753397] [drone_home1.sim]: 5.651761406390149
[imu_publisher-2] [INFO] [1732729896.370440083] [drone_home1.sim]: 5.651761406390149
[imu_publisher-2] [INFO] [1732729896.485151818] [drone_home1.sim]: 5.651761406390149
[imu_publisher-2] [INFO] [1732729896.548745637] [drone_home1.sim]: 5.651761406390149
[imu_publisher-2] [INFO] [1732729896.660203166] [drone_home1.sim]: 5.651761406390149
[imu_publisher-2] [INFO] [1732729896.709568350] [drone_home1.sim]: 5.651761406390149
[imu_publisher-2] [INFO] [1732729896.957292009] [drone_home1.sim]: 5.651761406390149
[imu_publisher-2] [INFO] [1732729897.071822245] [drone_home1.sim]: 5.651761406390149
[imu_publisher-2] [INFO] [1732729897.138758565] [drone_home1.sim]: 5.651761406390149
[imu_publisher-2] [INFO] [1732729897.268269784] [drone_home1.sim]: 5.651761406390149
[imu_publisher-2] [INFO] [1732729897.329669798] [drone_home1.sim]: 5.651761406390149
[imu_publisher-2] [INFO] [1732729897.397168301] [drone_home1.sim]: 5.651761406390149
[imu_publisher-2] [INFO] [1732729897.511799241] [drone_home1.sim]: 5.651761406390149
[imu_publisher-2] [INFO] [1732729897.703856857] [drone_home1.sim]: 5.651761406390149
[imu_publisher-2] [INFO] [1732729897.868424996] [drone_home1.sim]: 5.651761406390149
[imu_publisher-2] [INFO] [1732729897.920099077] [drone_home1.sim]: 5.651761406390149
[imu_publisher-2] [INFO] [1732729897.981658942] [drone_home1.sim]: 5.651761406390149
[imu_publisher-2] [INFO] [1732729898.093580950] [drone_home1.sim]: 5.651761406390149
[imu_publisher-2] [INFO] [1732729898.242737387] [drone_home1.sim]: 5.651761406390149
[imu_publisher-2] [INFO] [1732729898.293457695] [drone_home1.sim]: 5.651761406390149
[imu_publisher-2] [INFO] [1732729898.455595846] [drone_home1.sim]: 5.651761406390149
[imu_publisher-2] [INFO] [1732729898.569331253] [drone_home1.sim]: 5.651761406390149
[imu_publisher-2] [INFO] [1732729898.630280862] [drone_home1.sim]: 5.651761406390149
[imu_publisher-2] [INFO] [1732729898.742697979] [drone_home1.sim]: 5.651761406390149
[imu_publisher-2] [INFO] [1732729898.939775348] [drone_home1.sim]: 5.651761406390149
[imu_publisher-2] [INFO] [1732729899.056114390] [drone_home1.sim]: 5.651761406390149
[imu_publisher-2] [INFO] [1732729899.067138522] [drone_home1.sim]: 5.651761406390149
[imu_publisher-2] [INFO] [1732729899.167282958] [drone_home1.sim]: 5.651761406390149
[imu_publisher-2] [INFO] [1732729899.228422214] [drone_home1.sim]: 5.651761406390149
[imu_publisher-2] [INFO] [1732729899.291048074] [drone_home1.sim]: 5.651761406390149
[imu_publisher-2] [INFO] [1732729899.402073531] [drone_home1.sim]: 5.651761406390149
[imu_publisher-2] [INFO] [1732729899.506921000] [drone_home1.sim]: 5.651761406390149
[imu_publisher-2] [INFO] [1732729899.555548799] [drone_home1.sim]: 5.651761406390149
[imu_publisher-2] [INFO] [1732729899.712938585] [drone_home1.sim]: 5.651761406390149
[imu_publisher-2] [INFO] [1732729899.878892625] [drone_home1.sim]: 5.651761406390149
[imu_publisher-2] [INFO] [1732729899.930029653] [drone_home1.sim]: 5.651761406390149
[imu_publisher-2] [INFO] [1732729899.993071289] [drone_home1.sim]: 5.651761406390149
[imu_publisher-2] [INFO] [1732729900.109406423] [drone_home1.sim]: 5.651761406390149
[imu_publisher-2] [INFO] [1732729900.305470816] [drone_home1.sim]: 5.651761406390149
[imu_publisher-2] [INFO] [1732729900.473480828] [drone_home1.sim]: 5.651761406390149
[imu_publisher-2] [INFO] [1732729900.586745496] [drone_home1.sim]: 5.651761406390149
[imu_publisher-2] [INFO] [1732729900.636689067] [drone_home1.sim]: 5.651761406390149
[imu_publisher-2] [INFO] [1732729900.699118724] [drone_home1.sim]: 5.651761406390149
[imu_publisher-2] [INFO] [1732729900.815482063] [drone_home1.sim]: 5.651761406390149
[imu_publisher-2] [INFO] [1732729900.967199265] [drone_home1.sim]: 5.651761406390149
[imu_publisher-2] [INFO] [1732729901.078205463] [drone_home1.sim]: 5.651761406390149
[imu_publisher-2] [INFO] [1732729901.117639714] [drone_home1.sim]: 5.651761406390149
[imu_publisher-2] [INFO] [1732729901.167489119] [drone_home1.sim]: 5.651761406390149
[imu_publisher-2] [INFO] [1732729901.260371998] [drone_home1.sim]: 5.651761406390149
[imu_publisher-2] [INFO] [1732729901.326549822] [drone_home1.sim]: 5.651761406390149
[imu_publisher-2] [INFO] [1732729901.438149721] [drone_home1.sim]: 5.651761406390149
[imu_publisher-2] [INFO] [1732729901.583491510] [drone_home1.sim]: 5.651761406390149
[imu_publisher-2] [INFO] [1732729901.634999665] [drone_home1.sim]: 5.651761406390149
[imu_publisher-2] [INFO] [1732729901.801426351] [drone_home1.sim]: 5.651761406390149
[imu_publisher-2] [INFO] [1732729901.913421100] [drone_home1.sim]: 5.651761406390149
[imu_publisher-2] [INFO] [1732729901.962515619] [drone_home1.sim]: 5.651761406390149
[imu_publisher-2] [INFO] [1732729902.025782791] [drone_home1.sim]: 5.651761406390149
[imu_publisher-2] [INFO] [1732729902.137237820] [drone_home1.sim]: 5.651761406390149
[imu_publisher-2] [INFO] [1732729902.335047834] [drone_home1.sim]: 5.651761406390149
[imu_publisher-2] [INFO] [1732729902.449421756] [drone_home1.sim]: 5.651761406390149
[imu_publisher-2] [INFO] [1732729902.564921210] [drone_home1.sim]: 5.651761406390149
[imu_publisher-2] [INFO] [1732729902.614760503] [drone_home1.sim]: 5.651761406390149
[imu_publisher-2] [INFO] [1732729902.677003347] [drone_home1.sim]: 5.651761406390149
[imu_publisher-2] [INFO] [1732729902.789063206] [drone_home1.sim]: 5.651761406390149
[imu_publisher-2] [INFO] [1732729902.939370082] [drone_home1.sim]: 5.651761406390149
[imu_publisher-2] [INFO] [1732729903.108536347] [drone_home1.sim]: 5.651761406390149
[imu_publisher-2] [INFO] [1732729903.158337585] [drone_home1.sim]: 5.651761406390149
[imu_publisher-2] [INFO] [1732729903.220657762] [drone_home1.sim]: 5.651761406390149
[imu_publisher-2] [INFO] [1732729904.373143737] [drone_home1.sim]: 5.651761406390149
[imu_publisher-2] [INFO] [1732729904.575891893] [drone_home1.sim]: 5.651761406390149
[imu_publisher-2] [INFO] [1732729904.737306456] [drone_home1.sim]: 5.651761406390149
[imu_publisher-2] [INFO] [1732729904.854984584] [drone_home1.sim]: 5.651761406390149
[imu_publisher-2] [INFO] [1732729904.905931965] [drone_home1.sim]: 5.651761406390149
[imu_publisher-2] [INFO] [1732729904.967427942] [drone_home1.sim]: 5.651761406390149
[imu_publisher-2] [INFO] [1732729905.085065163] [drone_home1.sim]: 5.651761406390149
[imu_publisher-2] [INFO] [1732729905.231629113] [drone_home1.sim]: 5.651761406390149
[imu_publisher-2] [INFO] [1732729905.266929773] [drone_home1.sim]: 5.651761406390149
[imu_publisher-2] [INFO] [1732729905.431871670] [drone_home1.sim]: 5.651761406390149
[imu_publisher-2] [INFO] [1732729905.742853779] [drone_home1.sim]: 5.651761406390149
[imu_publisher-2] [INFO] [1732729905.808096053] [drone_home1.sim]: 5.651761406390149
[imu_publisher-2] [INFO] [1732729905.922662159] [drone_home1.sim]: 5.651761406390149
[imu_publisher-2] [INFO] [1732729905.984110877] [drone_home1.sim]: 5.651761406390149
[imu_publisher-2] [INFO] [1732729906.095045186] [drone_home1.sim]: 5.651761406390149
[imu_publisher-2] [INFO] [1732729906.194293905] [drone_home1.sim]: 5.651761406390149
[imu_publisher-2] [INFO] [1732729906.355302229] [drone_home1.sim]: 5.651761406390149
[imu_publisher-2] [INFO] [1732729906.469508374] [drone_home1.sim]: 5.651761406390149
[imu_publisher-2] [INFO] [1732729906.534318094] [drone_home1.sim]: 5.651761406390149
[imu_publisher-2] [INFO] [1732729906.598133060] [drone_home1.sim]: 5.651761406390149
[imu_publisher-2] [INFO] [1732729906.660886086] [drone_home1.sim]: 5.651761406390149
[imu_publisher-2] [INFO] [1732729906.776054560] [drone_home1.sim]: 5.651761406390149
[imu_publisher-2] [INFO] [1732729906.925253367] [drone_home1.sim]: 5.651761406390149
[imu_publisher-2] [INFO] [1732729906.971727233] [drone_home1.sim]: 5.651761406390149
[imu_publisher-2] [INFO] [1732729907.137315127] [drone_home1.sim]: 5.651761406390149
[imu_publisher-2] [INFO] [1732729907.201897478] [drone_home1.sim]: 5.651761406390149
[imu_publisher-2] [INFO] [1732729907.319080682] [drone_home1.sim]: 5.651761406390149
[imu_publisher-2] [INFO] [1732729907.379848867] [drone_home1.sim]: 5.651761406390149
[imu_publisher-2] [INFO] [1732729907.444432551] [drone_home1.sim]: 5.651761406390149
[imu_publisher-2] [INFO] [1732729907.559400081] [drone_home1.sim]: 5.651761406390149
[imu_publisher-2] [INFO] [1732729907.709187756] [drone_home1.sim]: 5.651761406390149
[imu_publisher-2] [INFO] [1732729907.758432941] [drone_home1.sim]: 5.651761406390149
[imu_publisher-2] [INFO] [1732729907.868417311] [drone_home1.sim]: 5.651761406390149
[imu_publisher-2] [INFO] [1732729907.989282072] [drone_home1.sim]: 5.651761406390149
[imu_publisher-2] [INFO] [1732729908.051717711] [drone_home1.sim]: 5.651761406390149
[imu_publisher-2] [INFO] [1732729908.113310965] [drone_home1.sim]: 5.651761406390149
[imu_publisher-2] [INFO] [1732729908.224221256] [drone_home1.sim]: 5.651761406390149
[imu_publisher-2] [INFO] [1732729908.323822362] [drone_home1.sim]: 5.651761406390149
[imu_publisher-2] [INFO] [1732729908.365959063] [drone_home1.sim]: 5.651761406390149
[imu_publisher-2] [INFO] [1732729912.347659706] [drone_home1.sim]: 5.651761406390149
[imu_publisher-2] [INFO] [1732729913.434116338] [drone_home1.sim]: 5.651761406390149
[imu_publisher-2] [INFO] [1732729913.992122981] [drone_home1.sim]: 5.651761406390149
[imu_publisher-2] [INFO] [1732729914.042035922] [drone_home1.sim]: 5.651761406390149
[imu_publisher-2] [INFO] [1732729914.091268866] [drone_home1.sim]: 5.651761406390149
[imu_publisher-2] [INFO] [1732729914.142523394] [drone_home1.sim]: 5.651761406390149
[imu_publisher-2] [INFO] [1732729914.192722037] [drone_home1.sim]: 5.651761406390149
[imu_publisher-2] [INFO] [1732729914.242998476] [drone_home1.sim]: 5.651761406390149
[imu_publisher-2] [INFO] [1732729914.344122834] [drone_home1.sim]: 5.651761406390149
[imu_publisher-2] [INFO] [1732729914.543412637] [drone_home1.sim]: 5.651761406390149
[imu_publisher-2] [INFO] [1732729914.643845702] [drone_home1.sim]: 5.651761406390149
[imu_publisher-2] [INFO] [1732729914.748036211] [drone_home1.sim]: 5.651761406390149
[imu_publisher-2] [INFO] [1732729914.866636057] [drone_home1.sim]: 5.651761406390149
[imu_publisher-2] [INFO] [1732729914.916661516] [drone_home1.sim]: 5.651761406390149
[imu_publisher-2] [INFO] [1732729914.977273331] [drone_home1.sim]: 5.651761406390149
[imu_publisher-2] [INFO] [1732729915.038203052] [drone_home1.sim]: 5.651761406390149
[imu_publisher-2] [INFO] [1732729915.149045732] [drone_home1.sim]: 5.651761406390149
[imu_publisher-2] [INFO] [1732729915.349991342] [drone_home1.sim]: 5.651761406390149
[imu_publisher-2] [INFO] [1732729915.513654431] [drone_home1.sim]: 5.651761406390149
[imu_publisher-2] [INFO] [1732729915.629637327] [drone_home1.sim]: 5.651761406390149
[imu_publisher-2] [INFO] [1732729915.680723003] [drone_home1.sim]: 5.651761406390149
[imu_publisher-2] [INFO] [1732729915.715719684] [drone_home1.sim]: 5.651761406390149
[imu_publisher-2] [INFO] [1732729916.519249478] [drone_home1.sim]: 5.651761406390149
[imu_publisher-2] [INFO] [1732729916.666689424] [drone_home1.sim]: 5.651761406390149
[imu_publisher-2] [INFO] [1732729916.717490157] [drone_home1.sim]: 5.651761406390149
[imu_publisher-2] [INFO] [1732729916.880239732] [drone_home1.sim]: 5.651761406390149
[imu_publisher-2] [INFO] [1732729916.997614714] [drone_home1.sim]: 5.651761406390149
[imu_publisher-2] [INFO] [1732729917.046921047] [drone_home1.sim]: 5.651761406390149
[imu_publisher-2] [INFO] [1732729917.107967082] [drone_home1.sim]: 5.651761406390149
[imu_publisher-2] [INFO] [1732729917.220340384] [drone_home1.sim]: 5.651761406390149
[imu_publisher-2] [INFO] [1732729917.420103834] [drone_home1.sim]: 5.651761406390149
[imu_publisher-2] [INFO] [1732729917.530392646] [drone_home1.sim]: 5.651761406390149
[imu_publisher-2] [INFO] [1732729917.596172325] [drone_home1.sim]: 5.651761406390149
[imu_publisher-2] [INFO] [1732729917.709231920] [drone_home1.sim]: 5.651761406390149
[imu_publisher-2] [INFO] [1732729917.771071581] [drone_home1.sim]: 5.651761406390149
[imu_publisher-2] [INFO] [1732729917.883996288] [drone_home1.sim]: 5.651761406390149
[imu_publisher-2] [INFO] [1732729918.081503286] [drone_home1.sim]: 5.651761406390149
[imu_publisher-2] [INFO] [1732729918.244091491] [drone_home1.sim]: 5.651761406390149
[imu_publisher-2] [INFO] [1732729918.359496260] [drone_home1.sim]: 5.651761406390149
[imu_publisher-2] [INFO] [1732729918.420688109] [drone_home1.sim]: 5.651761406390149
[imu_publisher-2] [INFO] [1732729919.281213125] [drone_home1.sim]: 5.651761406390149
[imu_publisher-2] [INFO] [1732729919.333424129] [drone_home1.sim]: 5.651761406390149
[imu_publisher-2] [INFO] [1732729919.499033653] [drone_home1.sim]: 5.651761406390149
[imu_publisher-2] [INFO] [1732729919.517201453] [drone_home1.sim]: 5.651761406390149
[imu_publisher-2] [INFO] [1732729919.609654075] [drone_home1.sim]: 5.651761406390149
[imu_publisher-2] [INFO] [1732729919.659692942] [drone_home1.sim]: 5.651761406390149
[imu_publisher-2] [INFO] [1732729919.721683324] [drone_home1.sim]: 5.651761406390149
[imu_publisher-2] [INFO] [1732729919.835087603] [drone_home1.sim]: 5.651761406390149
[imu_publisher-2] [INFO] [1732729920.034278778] [drone_home1.sim]: 5.651761406390149
[imu_publisher-2] [INFO] [1732729920.198494104] [drone_home1.sim]: 5.651761406390149
[imu_publisher-2] [INFO] [1732729921.844754410] [drone_home1.sim]: 5.651761406390149
[imu_publisher-2] [INFO] [1732729921.871643556] [drone_home1.sim]: 5.651761406390149
[imu_publisher-2] [INFO] [1732729921.933421810] [drone_home1.sim]: 5.651761406390149
[imu_publisher-2] [INFO] [1732729921.966872702] [drone_home1.sim]: 5.651761406390149
[imu_publisher-2] [INFO] [1732729922.027522905] [drone_home1.sim]: 5.651761406390149
[imu_publisher-2] [INFO] [1732729922.065672608] [drone_home1.sim]: 5.651761406390149
[imu_publisher-2] [INFO] [1732729922.115739696] [drone_home1.sim]: 5.651761406390149
[imu_publisher-2] [INFO] [1732729922.165681526] [drone_home1.sim]: 5.651761406390149
[imu_publisher-2] [INFO] [1732729922.215998558] [drone_home1.sim]: 5.651761406390149
[imu_publisher-2] [INFO] [1732729922.266006203] [drone_home1.sim]: 5.651761406390149
[imu_publisher-2] [INFO] [1732729922.315897570] [drone_home1.sim]: 5.651761406390149
[imu_publisher-2] [INFO] [1732729922.365932474] [drone_home1.sim]: 5.651761406390149
[imu_publisher-2] [INFO] [1732729922.415725138] [drone_home1.sim]: 5.651761406390149
[imu_publisher-2] [INFO] [1732729922.465773523] [drone_home1.sim]: 5.651761406390149
[imu_publisher-2] [INFO] [1732729922.520875031] [drone_home1.sim]: 5.651761406390149
[imu_publisher-2] [INFO] [1732729922.566001773] [drone_home1.sim]: 5.651761406390149
[imu_publisher-2] [INFO] [1732729922.615778438] [drone_home1.sim]: 5.651761406390149
[imu_publisher-2] [INFO] [1732729922.666120284] [drone_home1.sim]: 5.651761406390149
[imu_publisher-2] [INFO] [1732729922.732825643] [drone_home1.sim]: 5.651761406390149
[imu_publisher-2] [INFO] [1732729922.772056674] [drone_home1.sim]: 5.651761406390149
[imu_publisher-2] [INFO] [1732729922.816412846] [drone_home1.sim]: 5.651761406390149
[imu_publisher-2] [INFO] [1732729922.866679119] [drone_home1.sim]: 5.651761406390149
[imu_publisher-2] [INFO] [1732729922.916620078] [drone_home1.sim]: 5.651761406390149
[imu_publisher-2] [INFO] [1732729922.966412594] [drone_home1.sim]: 5.651761406390149
[imu_publisher-2] [INFO] [1732729923.016870125] [drone_home1.sim]: 5.651761406390149
[imu_publisher-2] [INFO] [1732729923.067004288] [drone_home1.sim]: 5.651761406390149
[imu_publisher-2] [INFO] [1732729923.117347412] [drone_home1.sim]: 5.651761406390149
[imu_publisher-2] [INFO] [1732729923.167264075] [drone_home1.sim]: 5.651761406390149
[imu_publisher-2] [INFO] [1732729923.217340738] [drone_home1.sim]: 5.651761406390149
[imu_publisher-2] [INFO] [1732729923.267478030] [drone_home1.sim]: 5.651761406390149
[imu_publisher-2] [INFO] [1732729923.317492638] [drone_home1.sim]: 5.651761406390149
[imu_publisher-2] [INFO] [1732729923.367763077] [drone_home1.sim]: 5.651761406390149
[imu_publisher-2] [INFO] [1732729923.417693129] [drone_home1.sim]: 5.651761406390149
[imu_publisher-2] [INFO] [1732729923.467681348] [drone_home1.sim]: 5.651761406390149
[imu_publisher-2] [INFO] [1732729923.517410457] [drone_home1.sim]: 5.651761406390149
[imu_publisher-2] [INFO] [1732729923.567864618] [drone_home1.sim]: 5.651761406390149
[imu_publisher-2] [INFO] [1732729923.617336635] [drone_home1.sim]: 5.651761406390149
[imu_publisher-2] [INFO] [1732729923.667585630] [drone_home1.sim]: 5.651761406390149
[imu_publisher-2] [INFO] [1732729923.717625923] [drone_home1.sim]: 5.651761406390149
[imu_publisher-2] [INFO] [1732729923.767710474] [drone_home1.sim]: 5.651761406390149
[imu_publisher-2] [INFO] [1732729923.820116996] [drone_home1.sim]: 5.651761406390149
[imu_publisher-2] [INFO] [1732729923.867760041] [drone_home1.sim]: 5.651761406390149
[imu_publisher-2] [INFO] [1732729923.917308206] [drone_home1.sim]: 5.651761406390149
[imu_publisher-2] [INFO] [1732729923.967005926] [drone_home1.sim]: 5.651761406390149
[imu_publisher-2] [INFO] [1732729924.017207921] [drone_home1.sim]: 5.651761406390149
[imu_publisher-2] [INFO] [1732729924.066203682] [drone_home1.sim]: 5.651761406390149
[imu_publisher-2] [INFO] [1732729924.116022476] [drone_home1.sim]: 5.651761406390149
[imu_publisher-2] [INFO] [1732729924.165657400] [drone_home1.sim]: 5.651761406390149
[imu_publisher-2] [INFO] [1732729924.215897561] [drone_home1.sim]: 5.651761406390149
[imu_publisher-2] [INFO] [1732729924.275024106] [drone_home1.sim]: 5.651761406390149
[imu_publisher-2] [INFO] [1732729924.315606408] [drone_home1.sim]: 5.651761406390149
[imu_publisher-2] [INFO] [1732729924.365815736] [drone_home1.sim]: 5.651761406390149
[imu_publisher-2] [INFO] [1732729924.415739363] [drone_home1.sim]: 5.651761406390149
[imu_publisher-2] [INFO] [1732729924.488037343] [drone_home1.sim]: 5.651761406390149
[imu_publisher-2] [INFO] [1732729924.516253038] [drone_home1.sim]: 5.651761406390149
[imu_publisher-2] [INFO] [1732729924.565995369] [drone_home1.sim]: 5.651761406390149
[imu_publisher-2] [INFO] [1732729924.615754718] [drone_home1.sim]: 5.651761406390149
[imu_publisher-2] [INFO] [1732729924.666063139] [drone_home1.sim]: 5.651761406390149
[imu_publisher-2] [INFO] [1732729924.723469192] [drone_home1.sim]: 5.651761406390149
[imu_publisher-2] [INFO] [1732729924.766372390] [drone_home1.sim]: 5.651761406390149
[imu_publisher-2] [INFO] [1732729924.816236609] [drone_home1.sim]: 5.651761406390149
[imu_publisher-2] [INFO] [1732729924.866284605] [drone_home1.sim]: 5.651761406390149
[imu_publisher-2] [INFO] [1732729924.916596767] [drone_home1.sim]: 5.651761406390149
[imu_publisher-2] [INFO] [1732729924.966673226] [drone_home1.sim]: 5.651761406390149
[imu_publisher-2] [INFO] [1732729925.016724907] [drone_home1.sim]: 5.651761406390149
[imu_publisher-2] [INFO] [1732729925.067019513] [drone_home1.sim]: 5.651761406390149
[imu_publisher-2] [INFO] [1732729925.234988896] [drone_home1.sim]: 5.651761406390149
[imu_publisher-2] [INFO] [1732729925.267289256] [drone_home1.sim]: 5.651761406390149
[imu_publisher-2] [INFO] [1732729925.338656093] [drone_home1.sim]: 5.651761406390149
[imu_publisher-2] [INFO] [1732729925.367296638] [drone_home1.sim]: 5.651761406390149
[imu_publisher-2] [INFO] [1732729925.417013895] [drone_home1.sim]: 5.651761406390149
[imu_publisher-2] [INFO] [1732729925.466774819] [drone_home1.sim]: 5.651761406390149
[imu_publisher-2] [INFO] [1732729925.516343799] [drone_home1.sim]: 5.651761406390149
[imu_publisher-2] [INFO] [1732729925.566619979] [drone_home1.sim]: 5.651761406390149
[imu_publisher-2] [INFO] [1732729925.616550716] [drone_home1.sim]: 5.651761406390149
[imu_publisher-2] [INFO] [1732729925.666100456] [drone_home1.sim]: 5.651761406390149
[imu_publisher-2] [INFO] [1732729925.720853318] [drone_home1.sim]: 5.651761406390149
[imu_publisher-2] [INFO] [1732729925.765724617] [drone_home1.sim]: 5.651761406390149
[imu_publisher-2] [INFO] [1732729925.815745150] [drone_home1.sim]: 5.651761406390149
[imu_publisher-2] [INFO] [1732729925.865962238] [drone_home1.sim]: 5.651761406390149
[imu_publisher-2] [INFO] [1732729925.915929679] [drone_home1.sim]: 5.651761406390149
[imu_publisher-2] [INFO] [1732729925.965766010] [drone_home1.sim]: 5.651761406390149
[imu_publisher-2] [INFO] [1732729926.015719414] [drone_home1.sim]: 5.651761406390149
[imu_publisher-2] [INFO] [1732729926.065638503] [drone_home1.sim]: 5.651761406390149
[imu_publisher-2] [INFO] [1732729926.115889128] [drone_home1.sim]: 5.651761406390149
[imu_publisher-2] [INFO] [1732729926.165944957] [drone_home1.sim]: 5.651761406390149
[imu_publisher-2] [INFO] [1732729926.215370475] [drone_home1.sim]: 5.651761406390149
[imu_publisher-2] [INFO] [1732729926.265891617] [drone_home1.sim]: 5.651761406390149
[imu_publisher-2] [INFO] [1732729926.315573856] [drone_home1.sim]: 5.651761406390149
[imu_publisher-2] [INFO] [1732729926.365767333] [drone_home1.sim]: 5.651761406390149
[imu_publisher-2] [INFO] [1732729926.415898699] [drone_home1.sim]: 5.651761406390149
[imu_publisher-2] [INFO] [1732729926.466203675] [drone_home1.sim]: 5.651761406390149
[imu_publisher-2] [INFO] [1732729926.515642322] [drone_home1.sim]: 5.651761406390149
[imu_publisher-2] [INFO] [1732729926.566049891] [drone_home1.sim]: 5.651761406390149
[imu_publisher-2] [INFO] [1732729926.615958499] [drone_home1.sim]: 5.651761406390149
[imu_publisher-2] [INFO] [1732729926.665829459] [drone_home1.sim]: 5.651761406390149
[imu_publisher-2] [INFO] [1732729926.716185472] [drone_home1.sim]: 5.651761406390149
[imu_publisher-2] [INFO] [1732729926.766366875] [drone_home1.sim]: 5.651761406390149
[imu_publisher-2] [INFO] [1732729926.845255971] [drone_home1.sim]: 5.651761406390149
[imu_publisher-2] [INFO] [1732729926.913002825] [drone_home1.sim]: 5.651761406390149
[imu_publisher-2] [INFO] [1732729926.917882357] [drone_home1.sim]: 5.651761406390149
[imu_publisher-2] [INFO] [1732729926.966829136] [drone_home1.sim]: 5.651761406390149
[imu_publisher-2] [INFO] [1732729927.020834502] [drone_home1.sim]: 5.651761406390149
[imu_publisher-2] [INFO] [1732729927.066796518] [drone_home1.sim]: 5.651761406390149
[imu_publisher-2] [INFO] [1732729927.117207475] [drone_home1.sim]: 5.651761406390149
[imu_publisher-2] [INFO] [1732729927.167325156] [drone_home1.sim]: 5.651761406390149
[imu_publisher-2] [INFO] [1732729927.217495430] [drone_home1.sim]: 5.651761406390149
[imu_publisher-2] [INFO] [1732729927.629822248] [drone_home1.sim]: 5.651761406390149
[imu_publisher-2] [INFO] [1732729927.960413855] [drone_home1.sim]: 5.651761406390149
[imu_publisher-2] [INFO] [1732729928.023715342] [drone_home1.sim]: 5.651761406390149
[imu_publisher-2] [INFO] [1732729928.066721224] [drone_home1.sim]: 5.651761406390149
[imu_publisher-2] [INFO] [1732729928.126059656] [drone_home1.sim]: 5.651761406390149
[imu_publisher-2] [INFO] [1732729928.166569181] [drone_home1.sim]: 5.651761406390149
[imu_publisher-2] [INFO] [1732729928.216100272] [drone_home1.sim]: 5.651761406390149
[imu_publisher-2] [INFO] [1732729928.265533160] [drone_home1.sim]: 5.651761406390149
[imu_publisher-2] [INFO] [1732729928.315750878] [drone_home1.sim]: 5.651761406390149
[imu_publisher-2] [INFO] [1732729928.366035428] [drone_home1.sim]: 5.651761406390149
[imu_publisher-2] [INFO] [1732729928.415930314] [drone_home1.sim]: 5.651761406390149
[imu_publisher-2] [INFO] [1732729928.465859403] [drone_home1.sim]: 5.651761406390149
[imu_publisher-2] [INFO] [1732729928.515715345] [drone_home1.sim]: 5.651761406390149
[imu_publisher-2] [INFO] [1732729928.577381858] [drone_home1.sim]: 5.651761406390149
[imu_publisher-2] [INFO] [1732729928.615981522] [drone_home1.sim]: 5.651761406390149
[imu_publisher-2] [INFO] [1732729928.665858130] [drone_home1.sim]: 5.651761406390149
[imu_publisher-2] [INFO] [1732729928.715875367] [drone_home1.sim]: 5.651761406390149
[imu_publisher-2] [INFO] [1732729928.765763253] [drone_home1.sim]: 5.651761406390149
[imu_publisher-2] [INFO] [1732729928.816182951] [drone_home1.sim]: 5.651761406390149
[imu_publisher-2] [INFO] [1732729928.866317391] [drone_home1.sim]: 5.651761406390149
[imu_publisher-2] [INFO] [1732729928.931280388] [drone_home1.sim]: 5.651761406390149
[imu_publisher-2] [INFO] [1732729928.966495494] [drone_home1.sim]: 5.651761406390149
[imu_publisher-2] [INFO] [1732729929.016886877] [drone_home1.sim]: 5.651761406390149
[imu_publisher-2] [INFO] [1732729929.066612134] [drone_home1.sim]: 5.651761406390149
[imu_publisher-2] [INFO] [1732729929.116875500] [drone_home1.sim]: 5.651761406390149
[imu_publisher-2] [INFO] [1732729929.167471179] [drone_home1.sim]: 5.651761406390149
[imu_publisher-2] [INFO] [1732729929.217095695] [drone_home1.sim]: 5.651761406390149
[imu_publisher-2] [INFO] [1732729929.276210073] [drone_home1.sim]: 5.651761406390149
[imu_publisher-2] [INFO] [1732729929.317492334] [drone_home1.sim]: 5.651761406390149
[imu_publisher-2] [INFO] [1732729929.367586034] [drone_home1.sim]: 5.651761406390149
[imu_publisher-2] [INFO] [1732729929.417781937] [drone_home1.sim]: 5.651761406390149
[imu_publisher-2] [INFO] [1732729929.467511898] [drone_home1.sim]: 5.651761406390149
[imu_publisher-2] [INFO] [1732729929.517760615] [drone_home1.sim]: 5.651761406390149
[imu_publisher-2] [INFO] [1732729929.567505983] [drone_home1.sim]: 5.651761406390149
[imu_publisher-2] [INFO] [1732729929.617677145] [drone_home1.sim]: 5.651761406390149
[imu_publisher-2] [INFO] [1732729929.667593235] [drone_home1.sim]: 5.651761406390149
[imu_publisher-2] [INFO] [1732729929.745421984] [drone_home1.sim]: 5.651761406390149
[imu_publisher-2] [INFO] [1732729929.782743413] [drone_home1.sim]: 5.651761406390149
[imu_publisher-2] [INFO] [1732729929.817707668] [drone_home1.sim]: 5.651761406390149
[imu_publisher-2] [INFO] [1732729929.867401777] [drone_home1.sim]: 5.651761406390149
[imu_publisher-2] [INFO] [1732729929.917245867] [drone_home1.sim]: 5.651761406390149
[imu_publisher-2] [INFO] [1732729929.967663324] [drone_home1.sim]: 5.651761406390149
[imu_publisher-2] [INFO] [1732729930.017151378] [drone_home1.sim]: 5.651761406390149
[imu_publisher-2] [INFO] [1732729930.091748755] [drone_home1.sim]: 5.651761406390149
[imu_publisher-2] [INFO] [1732729930.116335783] [drone_home1.sim]: 5.651761406390149
[imu_publisher-2] [INFO] [1732729930.166768462] [drone_home1.sim]: 5.651761406390149
[imu_publisher-2] [INFO] [1732729930.215699556] [drone_home1.sim]: 5.651761406390149
[imu_publisher-2] [INFO] [1732729930.266121773] [drone_home1.sim]: 5.651761406390149
[imu_publisher-2] [INFO] [1732729930.314966071] [drone_home1.sim]: 5.651761406390149
[imu_publisher-2] [INFO] [1732729930.365711527] [drone_home1.sim]: 5.651761406390149
[imu_publisher-2] [INFO] [1732729930.415939171] [drone_home1.sim]: 5.651761406390149
[imu_publisher-2] [INFO] [1732729930.465841779] [drone_home1.sim]: 5.651761406390149
[imu_publisher-2] [INFO] [1732729930.515576239] [drone_home1.sim]: 5.651761406390149
[imu_publisher-2] [INFO] [1732729930.565965826] [drone_home1.sim]: 5.651761406390149
[imu_publisher-2] [INFO] [1732729930.615776583] [drone_home1.sim]: 5.651761406390149
[imu_publisher-2] [INFO] [1732729930.670667963] [drone_home1.sim]: 5.651761406390149
[imu_publisher-2] [INFO] [1732729930.715725354] [drone_home1.sim]: 5.651761406390149
[imu_publisher-2] [INFO] [1732729930.765746350] [drone_home1.sim]: 5.651761406390149
[imu_publisher-2] [INFO] [1732729930.815830698] [drone_home1.sim]: 5.651761406390149
[imu_publisher-2] [INFO] [1732729930.866144008] [drone_home1.sim]: 5.651761406390149
[imu_publisher-2] [INFO] [1732729930.916174412] [drone_home1.sim]: 5.651761406390149
[imu_publisher-2] [INFO] [1732729930.966211778] [drone_home1.sim]: 5.651761406390149
[imu_publisher-2] [INFO] [1732729931.029296192] [drone_home1.sim]: 5.651761406390149
[imu_publisher-2] [INFO] [1732729931.066419826] [drone_home1.sim]: 5.651761406390149
[imu_publisher-2] [INFO] [1732729931.116613488] [drone_home1.sim]: 5.651761406390149
[imu_publisher-2] [INFO] [1732729931.166658651] [drone_home1.sim]: 5.651761406390149
[imu_publisher-2] [INFO] [1732729931.217067275] [drone_home1.sim]: 5.651761406390149
[imu_publisher-2] [INFO] [1732729931.267089364] [drone_home1.sim]: 5.651761406390149
[imu_publisher-2] [INFO] [1732729931.317248489] [drone_home1.sim]: 5.651761406390149
[imu_publisher-2] [INFO] [1732729931.369685122] [drone_home1.sim]: 5.651761406390149
[imu_publisher-2] [INFO] [1732729931.417688128] [drone_home1.sim]: 5.651761406390149
[imu_publisher-2] [INFO] [1732729931.467643643] [drone_home1.sim]: 5.651761406390149
[imu_publisher-2] [INFO] [1732729931.517351178] [drone_home1.sim]: 5.651761406390149
[imu_publisher-2] [INFO] [1732729931.568253966] [drone_home1.sim]: 5.651761406390149
[imu_publisher-2] [INFO] [1732729931.617780261] [drone_home1.sim]: 5.651761406390149
[imu_publisher-2] [INFO] [1732729931.667572944] [drone_home1.sim]: 5.651761406390149
[imu_publisher-2] [INFO] [1732729931.738899077] [drone_home1.sim]: 5.651761406390149
[imu_publisher-2] [INFO] [1732729931.770109147] [drone_home1.sim]: 5.651761406390149
[imu_publisher-2] [INFO] [1732729931.817708025] [drone_home1.sim]: 5.651761406390149
[imu_publisher-2] [INFO] [1732729931.867684633] [drone_home1.sim]: 5.651761406390149
[imu_publisher-2] [INFO] [1732729931.917600315] [drone_home1.sim]: 5.651761406390149
[imu_publisher-2] [INFO] [1732729931.971791050] [drone_home1.sim]: 5.651761406390149
[imu_publisher-2] [INFO] [1732729932.017453845] [drone_home1.sim]: 5.651761406390149
[imu_publisher-2] [INFO] [1732729932.067729563] [drone_home1.sim]: 5.651761406390149
[imu_publisher-2] [INFO] [1732729932.117063618] [drone_home1.sim]: 5.651761406390149
[imu_publisher-2] [INFO] [1732729932.182617001] [drone_home1.sim]: 5.651761406390149
[imu_publisher-2] [INFO] [1732729932.217034648] [drone_home1.sim]: 5.651761406390149
[imu_publisher-2] [INFO] [1732729932.266822646] [drone_home1.sim]: 5.651761406390149
[imu_publisher-2] [INFO] [1732729932.316146219] [drone_home1.sim]: 5.651761406390149
[imu_publisher-2] [INFO] [1732729932.366119549] [drone_home1.sim]: 5.651761406390149
[imu_publisher-2] [INFO] [1732729932.415616326] [drone_home1.sim]: 5.651761406390149
[imu_publisher-2] [INFO] [1732729932.465598841] [drone_home1.sim]: 5.651761406390149
[imu_publisher-2] [INFO] [1732729932.516811220] [drone_home1.sim]: 5.651761406390149
[imu_publisher-2] [INFO] [1732729932.565709037] [drone_home1.sim]: 5.651761406390149
[imu_publisher-2] [INFO] [1732729932.632771024] [drone_home1.sim]: 5.651761406390149
[imu_publisher-2] [INFO] [1732729932.665857122] [drone_home1.sim]: 5.651761406390149
[imu_publisher-2] [INFO] [1732729932.715888155] [drone_home1.sim]: 5.651761406390149
[imu_publisher-2] [INFO] [1732729932.765675875] [drone_home1.sim]: 5.651761406390149
[imu_publisher-2] [INFO] [1732729932.815810074] [drone_home1.sim]: 5.651761406390149
[imu_publisher-2] [INFO] [1732729932.865736423] [drone_home1.sim]: 5.651761406390149
[imu_publisher-2] [INFO] [1732729932.915758605] [drone_home1.sim]: 5.651761406390149
[imu_publisher-2] [INFO] [1732729932.965460325] [drone_home1.sim]: 5.651761406390149
[imu_publisher-2] [INFO] [1732729933.015888560] [drone_home1.sim]: 5.651761406390149
[imu_publisher-2] [INFO] [1732729933.084284614] [drone_home1.sim]: 5.651761406390149
[imu_publisher-2] [INFO] [1732729933.117307935] [drone_home1.sim]: 5.651761406390149
[imu_publisher-2] [INFO] [1732729933.166843619] [drone_home1.sim]: 5.651761406390149
[imu_publisher-2] [INFO] [1732729933.216502598] [drone_home1.sim]: 5.651761406390149
[imu_publisher-2] [INFO] [1732729933.266630409] [drone_home1.sim]: 5.651761406390149
[imu_publisher-2] [INFO] [1732729933.316753016] [drone_home1.sim]: 5.651761406390149
[imu_publisher-2] [INFO] [1732729933.366796882] [drone_home1.sim]: 5.651761406390149
[imu_publisher-2] [INFO] [1732729933.417143877] [drone_home1.sim]: 5.651761406390149
[imu_publisher-2] [INFO] [1732729933.467093318] [drone_home1.sim]: 5.651761406390149
[imu_publisher-2] [INFO] [1732729933.517521183] [drone_home1.sim]: 5.651761406390149
[imu_publisher-2] [INFO] [1732729933.567501920] [drone_home1.sim]: 5.651761406390149
[imu_publisher-2] [INFO] [1732729933.617774304] [drone_home1.sim]: 5.651761406390149
[imu_publisher-2] [INFO] [1732729933.667539654] [drone_home1.sim]: 5.651761406390149
[imu_publisher-2] [INFO] [1732729933.717696557] [drone_home1.sim]: 5.651761406390149
[imu_publisher-2] [INFO] [1732729933.767631498] [drone_home1.sim]: 5.651761406390149
[imu_publisher-2] [INFO] [1732729933.817777716] [drone_home1.sim]: 5.651761406390149
[imu_publisher-2] [INFO] [1732729933.867260511] [drone_home1.sim]: 5.651761406390149
[imu_publisher-2] [INFO] [1732729933.917699320] [drone_home1.sim]: 5.651761406390149
[imu_publisher-2] [INFO] [1732729933.967970001] [drone_home1.sim]: 5.651761406390149
[imu_publisher-2] [INFO] [1732729934.017890201] [drone_home1.sim]: 5.651761406390149
[imu_publisher-2] [INFO] [1732729934.067356700] [drone_home1.sim]: 5.651761406390149
[imu_publisher-2] [INFO] [1732729934.117637232] [drone_home1.sim]: 5.651761406390149
[imu_publisher-2] [INFO] [1732729934.179856577] [drone_home1.sim]: 5.651761406390149
[imu_publisher-2] [INFO] [1732729934.217981427] [drone_home1.sim]: 5.651761406390149
[imu_publisher-2] [INFO] [1732729934.267387205] [drone_home1.sim]: 5.651761406390149
[imu_publisher-2] [INFO] [1732729934.317232906] [drone_home1.sim]: 5.651761406390149
[imu_publisher-2] [INFO] [1732729934.390459344] [drone_home1.sim]: 5.651761406390149
[imu_publisher-2] [INFO] [1732729934.422601650] [drone_home1.sim]: 5.651761406390149
[imu_publisher-2] [INFO] [1732729934.466205993] [drone_home1.sim]: 5.651761406390149
[imu_publisher-2] [INFO] [1732729934.515568899] [drone_home1.sim]: 5.651761406390149
[imu_publisher-2] [INFO] [1732729934.566441466] [drone_home1.sim]: 5.651761406390149
[imu_publisher-2] [INFO] [1732729934.615932742] [drone_home1.sim]: 5.651761406390149
[imu_publisher-2] [INFO] [1732729934.665840888] [drone_home1.sim]: 5.651761406390149
[imu_publisher-2] [INFO] [1732729934.725892446] [drone_home1.sim]: 5.651761406390149
[imu_publisher-2] [INFO] [1732729934.765593604] [drone_home1.sim]: 5.651761406390149
[imu_publisher-2] [INFO] [1732729934.815944969] [drone_home1.sim]: 5.651761406390149
[imu_publisher-2] [INFO] [1732729934.865762263] [drone_home1.sim]: 5.651761406390149
[imu_publisher-2] [INFO] [1732729934.916002425] [drone_home1.sim]: 5.651761406390149
[imu_publisher-2] [INFO] [1732729934.965977088] [drone_home1.sim]: 5.651761406390149
[imu_publisher-2] [INFO] [1732729935.015757363] [drone_home1.sim]: 5.651761406390149
[imu_publisher-2] [INFO] [1732729935.065768082] [drone_home1.sim]: 5.651761406390149
[imu_publisher-2] [INFO] [1732729935.116220076] [drone_home1.sim]: 5.651761406390149
[imu_publisher-2] [INFO] [1732729935.166309239] [drone_home1.sim]: 5.651761406390149
[imu_publisher-2] [INFO] [1732729935.216519308] [drone_home1.sim]: 5.651761406390149
[imu_publisher-2] [INFO] [1732729935.275577353] [drone_home1.sim]: 5.651761406390149
[imu_publisher-2] [INFO] [1732729935.316603264] [drone_home1.sim]: 5.651761406390149
[imu_publisher-2] [INFO] [1732729935.366764037] [drone_home1.sim]: 5.651761406390149
[imu_publisher-2] [INFO] [1732729935.416971125] [drone_home1.sim]: 5.651761406390149
[imu_publisher-2] [INFO] [1732729935.487089912] [drone_home1.sim]: 5.651761406390149
[imu_publisher-2] [INFO] [1732729935.517177339] [drone_home1.sim]: 5.651761406390149
[imu_publisher-2] [INFO] [1732729935.567585741] [drone_home1.sim]: 5.651761406390149
[imu_publisher-2] [INFO] [1732729935.617443627] [drone_home1.sim]: 5.651761406390149
[imu_publisher-2] [INFO] [1732729935.667344439] [drone_home1.sim]: 5.651761406390149
[imu_publisher-2] [INFO] [1732729935.717170233] [drone_home1.sim]: 5.651761406390149
[imu_publisher-2] [INFO] [1732729935.767041360] [drone_home1.sim]: 5.651761406390149
[imu_publisher-2] [INFO] [1732729935.817267725] [drone_home1.sim]: 5.651761406390149
[imu_publisher-2] [INFO] [1732729935.866646984] [drone_home1.sim]: 5.651761406390149
[imu_publisher-2] [INFO] [1732729935.921016829] [drone_home1.sim]: 5.651761406390149
[imu_publisher-2] [INFO] [1732729935.966176738] [drone_home1.sim]: 5.651761406390149
[imu_publisher-2] [INFO] [1732729936.034975625] [drone_home1.sim]: 5.651761406390149
[imu_publisher-2] [INFO] [1732729936.065760752] [drone_home1.sim]: 5.651761406390149
[imu_publisher-2] [INFO] [1732729936.115966618] [drone_home1.sim]: 5.651761406390149
[imu_publisher-2] [INFO] [1732729936.165964003] [drone_home1.sim]: 5.651761406390149
[imu_publisher-2] [INFO] [1732729936.216207758] [drone_home1.sim]: 5.651761406390149
[imu_publisher-2] [INFO] [1732729936.265878978] [drone_home1.sim]: 5.651761406390149
[imu_publisher-2] [INFO] [1732729936.316171510] [drone_home1.sim]: 5.651761406390149
[imu_publisher-2] [INFO] [1732729936.365809045] [drone_home1.sim]: 5.651761406390149
[imu_publisher-2] [INFO] [1732729936.415762561] [drone_home1.sim]: 5.651761406390149
[imu_publisher-2] [INFO] [1732729936.466414258] [drone_home1.sim]: 5.651761406390149
[imu_publisher-2] [INFO] [1732729936.515560851] [drone_home1.sim]: 5.651761406390149
[imu_publisher-2] [INFO] [1732729936.565999012] [drone_home1.sim]: 5.651761406390149
[imu_publisher-2] [INFO] [1732729936.615780009] [drone_home1.sim]: 5.651761406390149
[imu_publisher-2] [INFO] [1732729936.700313578] [drone_home1.sim]: 5.651761406390149
[imu_publisher-2] [INFO] [1732729936.773794645] [drone_home1.sim]: 5.651761406390149
[imu_publisher-2] [INFO] [1732729936.819888253] [drone_home1.sim]: 5.651761406390149
[imu_publisher-2] [INFO] [1732729936.885479766] [drone_home1.sim]: 5.651761406390149
[imu_publisher-2] [INFO] [1732729936.915788340] [drone_home1.sim]: 5.651761406390149
[imu_publisher-2] [INFO] [1732729936.981577334] [drone_home1.sim]: 5.651761406390149
[imu_publisher-2] [INFO] [1732729937.015607871] [drone_home1.sim]: 5.651761406390149
[imu_publisher-2] [INFO] [1732729937.066089161] [drone_home1.sim]: 5.651761406390149
[imu_publisher-2] [INFO] [1732729937.116003492] [drone_home1.sim]: 5.651761406390149
[imu_publisher-2] [INFO] [1732729937.166402264] [drone_home1.sim]: 5.651761406390149
[imu_publisher-2] [INFO] [1732729937.235092151] [drone_home1.sim]: 5.651761406390149
[imu_publisher-2] [INFO] [1732729937.266560552] [drone_home1.sim]: 5.651761406390149
[imu_publisher-2] [INFO] [1732729937.316523975] [drone_home1.sim]: 5.651761406390149
[imu_publisher-2] [INFO] [1732729937.366729508] [drone_home1.sim]: 5.651761406390149
[imu_publisher-2] [INFO] [1732729937.416739041] [drone_home1.sim]: 5.651761406390149
[imu_publisher-2] [INFO] [1732729937.479471049] [drone_home1.sim]: 5.651761406390149
[imu_publisher-2] [INFO] [1732729937.520068018] [drone_home1.sim]: 5.651761406390149
[imu_publisher-2] [INFO] [1732729937.567417583] [drone_home1.sim]: 5.651761406390149
[imu_publisher-2] [INFO] [1732729937.617313246] [drone_home1.sim]: 5.651761406390149
[imu_publisher-2] [INFO] [1732729937.667588130] [drone_home1.sim]: 5.651761406390149
[imu_publisher-2] [INFO] [1732729937.717426887] [drone_home1.sim]: 5.651761406390149
[imu_publisher-2] [INFO] [1732729937.767900400] [drone_home1.sim]: 5.651761406390149
[imu_publisher-2] [INFO] [1732729937.817744323] [drone_home1.sim]: 5.651761406390149
[imu_publisher-2] [INFO] [1732729937.867642449] [drone_home1.sim]: 5.651761406390149
[imu_publisher-2] [INFO] [1732729937.923688250] [drone_home1.sim]: 5.651761406390149
[imu_publisher-2] [INFO] [1732729937.967153686] [drone_home1.sim]: 5.651761406390149
[imu_publisher-2] [INFO] [1732729938.029112142] [drone_home1.sim]: 5.651761406390149
[imu_publisher-2] [INFO] [1732729938.067572454] [drone_home1.sim]: 5.651761406390149
[imu_publisher-2] [INFO] [1732729938.117728394] [drone_home1.sim]: 5.651761406390149
[imu_publisher-2] [INFO] [1732729938.167638799] [drone_home1.sim]: 5.651761406390149
[imu_publisher-2] [INFO] [1732729938.217826850] [drone_home1.sim]: 5.651761406390149
[imu_publisher-2] [INFO] [1732729938.267649458] [drone_home1.sim]: 5.651761406390149
[imu_publisher-2] [INFO] [1732729938.317707362] [drone_home1.sim]: 5.651761406390149
[imu_publisher-2] [INFO] [1732729938.367860691] [drone_home1.sim]: 5.651761406390149
[imu_publisher-2] [INFO] [1732729938.417526263] [drone_home1.sim]: 5.651761406390149
[imu_publisher-2] [INFO] [1732729939.124084960] [drone_home1.sim]: 5.651761406390149
[imu_publisher-2] [INFO] [1732729939.168782112] [drone_home1.sim]: 5.651761406390149
[imu_publisher-2] [INFO] [1732729939.216275565] [drone_home1.sim]: 5.651761406390149
[imu_publisher-2] [INFO] [1732729939.266272488] [drone_home1.sim]: 5.651761406390149
[imu_publisher-2] [INFO] [1732729939.316577575] [drone_home1.sim]: 5.651761406390149
[imu_publisher-2] [INFO] [1732729939.379177436] [drone_home1.sim]: 5.651761406390149
[imu_publisher-2] [INFO] [1732729939.416922678] [drone_home1.sim]: 5.651761406390149
[imu_publisher-2] [INFO] [1732729939.466778564] [drone_home1.sim]: 5.651761406390149
[imu_publisher-2] [INFO] [1732729939.516880041] [drone_home1.sim]: 5.651761406390149
[imu_publisher-2] [INFO] [1732729939.567045759] [drone_home1.sim]: 5.651761406390149
[imu_publisher-2] [INFO] [1732729939.617303477] [drone_home1.sim]: 5.651761406390149
[imu_publisher-2] [INFO] [1732729939.667225529] [drone_home1.sim]: 5.651761406390149
[imu_publisher-2] [INFO] [1732729939.717455487] [drone_home1.sim]: 5.651761406390149
[imu_publisher-2] [INFO] [1732729939.769336419] [drone_home1.sim]: 5.651761406390149
[imu_publisher-2] [INFO] [1732729939.817822719] [drone_home1.sim]: 5.651761406390149
[imu_publisher-2] [INFO] [1732729939.867678716] [drone_home1.sim]: 5.651761406390149
[imu_publisher-2] [INFO] [1732729939.928714141] [drone_home1.sim]: 5.651761406390149
[imu_publisher-2] [INFO] [1732729939.967712876] [drone_home1.sim]: 5.651761406390149
[imu_publisher-2] [INFO] [1732729940.017676558] [drone_home1.sim]: 5.651761406390149
[imu_publisher-2] [INFO] [1732729940.067362204] [drone_home1.sim]: 5.651761406390149
[imu_publisher-2] [INFO] [1732729940.119556505] [drone_home1.sim]: 5.651761406390149
[imu_publisher-2] [INFO] [1732729940.167616548] [drone_home1.sim]: 5.651761406390149
[imu_publisher-2] [INFO] [1732729940.217496600] [drone_home1.sim]: 5.651761406390149
[imu_publisher-2] [INFO] [1732729940.267135154] [drone_home1.sim]: 5.651761406390149
[imu_publisher-2] [INFO] [1732729940.332266632] [drone_home1.sim]: 5.651761406390149
[imu_publisher-2] [INFO] [1732729940.367179425] [drone_home1.sim]: 5.651761406390149
[imu_publisher-2] [INFO] [1732729940.417376217] [drone_home1.sim]: 5.651761406390149
[imu_publisher-2] [INFO] [1732729940.466160645] [drone_home1.sim]: 5.651761406390149
[imu_publisher-2] [INFO] [1732729940.517118322] [drone_home1.sim]: 5.651761406390149
[imu_publisher-2] [INFO] [1732729940.565832714] [drone_home1.sim]: 5.651761406390149
[imu_publisher-2] [INFO] [1732729940.616384726] [drone_home1.sim]: 5.651761406390149
[imu_publisher-2] [INFO] [1732729940.665856392] [drone_home1.sim]: 5.651761406390149
[imu_publisher-2] [INFO] [1732729940.715767111] [drone_home1.sim]: 5.651761406390149
[imu_publisher-2] [INFO] [1732729940.765729033] [drone_home1.sim]: 5.651761406390149
[imu_publisher-2] [INFO] [1732729940.816013084] [drone_home1.sim]: 5.651761406390149
[imu_publisher-2] [INFO] [1732729940.865537842] [drone_home1.sim]: 5.651761406390149
[imu_publisher-2] [INFO] [1732729940.921265089] [drone_home1.sim]: 5.651761406390149
[imu_publisher-2] [INFO] [1732729940.965785519] [drone_home1.sim]: 5.651761406390149
[imu_publisher-2] [INFO] [1732729941.016048181] [drone_home1.sim]: 5.651761406390149
[imu_publisher-2] [INFO] [1732729941.065940215] [drone_home1.sim]: 5.651761406390149
[imu_publisher-2] [INFO] [1732729941.139000858] [drone_home1.sim]: 5.651761406390149
[imu_publisher-2] [INFO] [1732729941.187530677] [drone_home1.sim]: 5.651761406390149
[imu_publisher-2] [INFO] [1732729941.216108778] [drone_home1.sim]: 5.651761406390149
[imu_publisher-2] [INFO] [1732729941.266392940] [drone_home1.sim]: 5.651761406390149
[imu_publisher-2] [INFO] [1732729941.319190904] [drone_home1.sim]: 5.651761406390149
[imu_publisher-2] [INFO] [1732729941.366411303] [drone_home1.sim]: 5.651761406390149
[imu_publisher-2] [INFO] [1732729941.416552058] [drone_home1.sim]: 5.651761406390149
[imu_publisher-2] [INFO] [1732729941.467188848] [drone_home1.sim]: 5.651761406390149
[imu_publisher-2] [INFO] [1732729941.516602088] [drone_home1.sim]: 5.651761406390149
[imu_publisher-2] [INFO] [1732729941.566932027] [drone_home1.sim]: 5.651761406390149
[imu_publisher-2] [INFO] [1732729941.624582635] [drone_home1.sim]: 5.651761406390149
[imu_publisher-2] [INFO] [1732729941.677377858] [drone_home1.sim]: 5.651761406390149
[imu_publisher-2] [INFO] [1732729941.718935285] [drone_home1.sim]: 5.651761406390149
[imu_publisher-2] [INFO] [1732729941.767599455] [drone_home1.sim]: 5.651761406390149
[imu_publisher-2] [INFO] [1732729941.817737284] [drone_home1.sim]: 5.651761406390149
[imu_publisher-2] [INFO] [1732729941.867630281] [drone_home1.sim]: 5.651761406390149
[imu_publisher-2] [INFO] [1732729941.917393390] [drone_home1.sim]: 5.651761406390149
[imu_publisher-2] [INFO] [1732729941.967487275] [drone_home1.sim]: 5.651761406390149
[imu_publisher-2] [INFO] [1732729942.280420357] [drone_home1.sim]: 5.651761406390149
[imu_publisher-2] [INFO] [1732729942.317678194] [drone_home1.sim]: 5.651761406390149
[imu_publisher-2] [INFO] [1732729942.367377192] [drone_home1.sim]: 5.651761406390149
[imu_publisher-2] [INFO] [1732729942.417087523] [drone_home1.sim]: 5.651761406390149
[imu_publisher-2] [INFO] [1732729942.860833078] [drone_home1.sim]: 5.651761406390149
[imu_publisher-2] [INFO] [1732729942.865665943] [drone_home1.sim]: 5.651761406390149
[imu_publisher-2] [INFO] [1732729942.915885216] [drone_home1.sim]: 5.651761406390149
[imu_publisher-2] [INFO] [1732729942.965476752] [drone_home1.sim]: 5.651761406390149
[imu_publisher-2] [INFO] [1732729943.015666970] [drone_home1.sim]: 5.651761406390149
[imu_publisher-2] [INFO] [1732729943.065896187] [drone_home1.sim]: 5.651761406390149
[imu_publisher-2] [INFO] [1732729943.115810555] [drone_home1.sim]: 5.651761406390149
[imu_publisher-2] [INFO] [1732729943.195720516] [drone_home1.sim]: 5.651761406390149
[imu_publisher-2] [INFO] [1732729943.226176145] [drone_home1.sim]: 5.651761406390149
[imu_publisher-2] [INFO] [1732729943.266308875] [drone_home1.sim]: 5.651761406390149
[imu_publisher-2] [INFO] [1732729943.316725814] [drone_home1.sim]: 5.651761406390149
[imu_publisher-2] [INFO] [1732729943.366427960] [drone_home1.sim]: 5.651761406390149
[imu_publisher-2] [INFO] [1732729943.416659400] [drone_home1.sim]: 5.651761406390149
[imu_publisher-2] [INFO] [1732729943.466814248] [drone_home1.sim]: 5.651761406390149
[imu_publisher-2] [INFO] [1732729943.516864911] [drone_home1.sim]: 5.651761406390149
[imu_publisher-2] [INFO] [1732729943.569168563] [drone_home1.sim]: 5.651761406390149
[imu_publisher-2] [INFO] [1732729943.617106162] [drone_home1.sim]: 5.651761406390149
[imu_publisher-2] [INFO] [1732729943.667086455] [drone_home1.sim]: 5.651761406390149
[imu_publisher-2] [INFO] [1732729943.717578264] [drone_home1.sim]: 5.651761406390149
[imu_publisher-2] [INFO] [1732729943.767441131] [drone_home1.sim]: 5.651761406390149
[imu_publisher-2] [INFO] [1732729943.817562553] [drone_home1.sim]: 5.651761406390149
[imu_publisher-2] [INFO] [1732729943.867612846] [drone_home1.sim]: 5.651761406390149
[imu_publisher-2] [INFO] [1732729943.917524843] [drone_home1.sim]: 5.651761406390149
[imu_publisher-2] [INFO] [1732729943.967352396] [drone_home1.sim]: 5.651761406390149
[imu_publisher-2] [INFO] [1732729944.017861871] [drone_home1.sim]: 5.651761406390149
[imu_publisher-2] [INFO] [1732729944.067721905] [drone_home1.sim]: 5.651761406390149
[imu_publisher-2] [INFO] [1732729944.117724550] [drone_home1.sim]: 5.651761406390149
[imu_publisher-2] [INFO] [1732729944.180084171] [drone_home1.sim]: 5.651761406390149
[imu_publisher-2] [INFO] [1732729944.217881820] [drone_home1.sim]: 5.651761406390149
[imu_publisher-2] [INFO] [1732729944.267542392] [drone_home1.sim]: 5.651761406390149
[imu_publisher-2] [INFO] [1732729944.317847036] [drone_home1.sim]: 5.651761406390149
[imu_publisher-2] [INFO] [1732729944.367676218] [drone_home1.sim]: 5.651761406390149
[imu_publisher-2] [INFO] [1732729944.417576123] [drone_home1.sim]: 5.651761406390149
[imu_publisher-2] [INFO] [1732729944.467029696] [drone_home1.sim]: 5.651761406390149
[imu_publisher-2] [INFO] [1732729944.516640176] [drone_home1.sim]: 5.651761406390149
[imu_publisher-2] [INFO] [1732729944.566510210] [drone_home1.sim]: 5.651761406390149
[imu_publisher-2] [INFO] [1732729944.616057801] [drone_home1.sim]: 5.651761406390149
[imu_publisher-2] [INFO] [1732729944.665861114] [drone_home1.sim]: 5.651761406390149
[imu_publisher-2] [INFO] [1732729944.723279944] [drone_home1.sim]: 5.651761406390149
[imu_publisher-2] [INFO] [1732729944.765497386] [drone_home1.sim]: 5.651761406390149
[imu_publisher-2] [INFO] [1732729944.815761733] [drone_home1.sim]: 5.651761406390149
[imu_publisher-2] [INFO] [1732729944.865974877] [drone_home1.sim]: 5.651761406390149
[imu_publisher-2] [INFO] [1732729944.915969762] [drone_home1.sim]: 5.651761406390149
[imu_publisher-2] [INFO] [1732729944.966123980] [drone_home1.sim]: 5.651761406390149
[imu_publisher-2] [INFO] [1732729945.015981570] [drone_home1.sim]: 5.651761406390149
[imu_publisher-2] [INFO] [1732729945.065701994] [drone_home1.sim]: 5.651761406390149
[imu_publisher-2] [INFO] [1732729945.115927786] [drone_home1.sim]: 5.651761406390149
[imu_publisher-2] [INFO] [1732729945.165898986] [drone_home1.sim]: 5.651761406390149
[imu_publisher-2] [INFO] [1732729945.216167704] [drone_home1.sim]: 5.651761406390149
[imu_publisher-2] [INFO] [1732729945.265943720] [drone_home1.sim]: 5.651761406390149
[imu_publisher-2] [INFO] [1732729945.316588695] [drone_home1.sim]: 5.651761406390149
[imu_publisher-2] [INFO] [1732729945.366427414] [drone_home1.sim]: 5.651761406390149
[imu_publisher-2] [INFO] [1732729945.416618243] [drone_home1.sim]: 5.651761406390149
[imu_publisher-2] [INFO] [1732729945.466666869] [drone_home1.sim]: 5.651761406390149
[imu_publisher-2] [INFO] [1732729945.516867476] [drone_home1.sim]: 5.651761406390149
[imu_publisher-2] [INFO] [1732729945.566756973] [drone_home1.sim]: 5.651761406390149
[imu_publisher-2] [INFO] [1732729945.617069709] [drone_home1.sim]: 5.651761406390149
[imu_publisher-2] [INFO] [1732729945.667279223] [drone_home1.sim]: 5.651761406390149
[imu_publisher-2] [INFO] [1732729945.717306090] [drone_home1.sim]: 5.651761406390149
[imu_publisher-2] [INFO] [1732729945.797502272] [drone_home1.sim]: 5.651761406390149
[imu_publisher-2] [INFO] [1732729945.830114613] [drone_home1.sim]: 5.651761406390149
[imu_publisher-2] [INFO] [1732729945.867686337] [drone_home1.sim]: 5.651761406390149
[imu_publisher-2] [INFO] [1732729945.917074855] [drone_home1.sim]: 5.651761406390149
[imu_publisher-2] [INFO] [1732729945.966690890] [drone_home1.sim]: 5.651761406390149
[imu_publisher-2] [INFO] [1732729946.016526147] [drone_home1.sim]: 5.651761406390149
[imu_publisher-2] [INFO] [1732729946.066080868] [drone_home1.sim]: 5.651761406390149
[imu_publisher-2] [INFO] [1732729946.115402238] [drone_home1.sim]: 5.651761406390149
[imu_publisher-2] [INFO] [1732729946.166225286] [drone_home1.sim]: 5.651761406390149
[imu_publisher-2] [INFO] [1732729946.223618191] [drone_home1.sim]: 5.651761406390149
[imu_publisher-2] [INFO] [1732729946.265524745] [drone_home1.sim]: 5.651761406390149
[imu_publisher-2] [INFO] [1732729946.315797315] [drone_home1.sim]: 5.651761406390149
[imu_publisher-2] [INFO] [1732729946.365941125] [drone_home1.sim]: 5.651761406390149
[imu_publisher-2] [INFO] [1732729946.415784012] [drone_home1.sim]: 5.651761406390149
[imu_publisher-2] [INFO] [1732729946.466217747] [drone_home1.sim]: 5.651761406390149
[imu_publisher-2] [INFO] [1732729946.515537747] [drone_home1.sim]: 5.651761406390149
[imu_publisher-2] [INFO] [1732729946.565762261] [drone_home1.sim]: 5.651761406390149
[imu_publisher-2] [INFO] [1732729946.615776442] [drone_home1.sim]: 5.651761406390149
[imu_publisher-2] [INFO] [1732729946.675177356] [drone_home1.sim]: 5.651761406390149
[imu_publisher-2] [INFO] [1732729946.752628811] [drone_home1.sim]: 5.651761406390149
[imu_publisher-2] [INFO] [1732729946.765434804] [drone_home1.sim]: 5.651761406390149
[imu_publisher-2] [INFO] [1732729946.815899502] [drone_home1.sim]: 5.651761406390149
[imu_publisher-2] [INFO] [1732729946.865751073] [drone_home1.sim]: 5.651761406390149
[imu_publisher-2] [INFO] [1732729946.915968217] [drone_home1.sim]: 5.651761406390149
[imu_publisher-2] [INFO] [1732729946.965868899] [drone_home1.sim]: 5.651761406390149
[imu_publisher-2] [INFO] [1732729947.015935951] [drone_home1.sim]: 5.651761406390149
[imu_publisher-2] [INFO] [1732729947.065743911] [drone_home1.sim]: 5.651761406390149
[imu_publisher-2] [INFO] [1732729947.115680260] [drone_home1.sim]: 5.651761406390149
[imu_publisher-2] [INFO] [1732729947.166054977] [drone_home1.sim]: 5.651761406390149
[imu_publisher-2] [INFO] [1732729947.216277602] [drone_home1.sim]: 5.651761406390149
[imu_publisher-2] [INFO] [1732729947.266389950] [drone_home1.sim]: 5.651761406390149
[imu_publisher-2] [INFO] [1732729947.316590020] [drone_home1.sim]: 5.651761406390149
[imu_publisher-2] [INFO] [1732729947.366502461] [drone_home1.sim]: 5.651761406390149
[imu_publisher-2] [INFO] [1732729947.416768642] [drone_home1.sim]: 5.651761406390149
[imu_publisher-2] [INFO] [1732729947.467266840] [drone_home1.sim]: 5.651761406390149
[imu_publisher-2] [INFO] [1732729947.517866611] [drone_home1.sim]: 5.651761406390149
[imu_publisher-2] [INFO] [1732729947.567246796] [drone_home1.sim]: 5.651761406390149
[imu_publisher-2] [INFO] [1732729947.617359607] [drone_home1.sim]: 5.651761406390149
[imu_publisher-2] [INFO] [1732729947.667324251] [drone_home1.sim]: 5.651761406390149
[imu_publisher-2] [INFO] [1732729947.717210545] [drone_home1.sim]: 5.651761406390149
[imu_publisher-2] [INFO] [1732729947.767682113] [drone_home1.sim]: 5.651761406390149
[imu_publisher-2] [INFO] [1732729947.823620784] [drone_home1.sim]: 5.651761406390149
[imu_publisher-2] [INFO] [1732729947.867201998] [drone_home1.sim]: 5.651761406390149
[imu_publisher-2] [INFO] [1732729947.917743825] [drone_home1.sim]: 5.651761406390149
[imu_publisher-2] [INFO] [1732729947.967183009] [drone_home1.sim]: 5.651761406390149
[imu_publisher-2] [INFO] [1732729948.030812699] [drone_home1.sim]: 5.651761406390149
[imu_publisher-2] [INFO] [1732729948.067735944] [drone_home1.sim]: 5.651761406390149
[imu_publisher-2] [INFO] [1732729948.117737607] [drone_home1.sim]: 5.651761406390149
[imu_publisher-2] [INFO] [1732729948.167700437] [drone_home1.sim]: 5.651761406390149
[imu_publisher-2] [INFO] [1732729948.217922803] [drone_home1.sim]: 5.651761406390149
[imu_publisher-2] [INFO] [1732729948.267706671] [drone_home1.sim]: 5.651761406390149
[imu_publisher-2] [INFO] [1732729948.317702149] [drone_home1.sim]: 5.651761406390149
[imu_publisher-2] [INFO] [1732729948.381273524] [drone_home1.sim]: 5.651761406390149
[imu_publisher-2] [INFO] [1732729948.417842346] [drone_home1.sim]: 5.651761406390149
[imu_publisher-2] [INFO] [1732729948.467222327] [drone_home1.sim]: 5.651761406390149
