[INFO] [launch]: All log files can be found below /home/pi/.ros/log/2024-11-26-21-16-02-302819-drone-home-4446
[INFO] [launch]: Default logging verbosity is set to INFO
[WARNING] [imu_publisher-2]: there are now at least 2 nodes with the name /drone_home1/sim created within this launch context
[WARNING] [drive_hardware-3]: there are now at least 3 nodes with the name /drone_home1/sim created within this launch context
[WARNING] [static_transform_publisher-5]: there are now at least 2 nodes with the name /drone_home1/static_transform_publisher created within this launch context
[INFO] [drive_publisher-1]: process started with pid [4451]
[INFO] [imu_publisher-2]: process started with pid [4452]
[INFO] [drive_hardware-3]: process started with pid [4453]
[INFO] [static_transform_publisher-4]: process started with pid [4454]
[INFO] [static_transform_publisher-5]: process started with pid [4455]
[static_transform_publisher-4] [WARN] [1732673762.449713937] []: Old-style arguments are deprecated; see --help for new-style arguments
[static_transform_publisher-5] [WARN] [1732673762.464126907] []: Old-style arguments are deprecated; see --help for new-style arguments
[static_transform_publisher-5] [INFO] [1732673762.494487062] [drone_home1.static_transform_publisher]: Spinning until stopped - publishing transform
[static_transform_publisher-5] translation: ('0.000000', '0.000000', '0.000000')
[static_transform_publisher-5] rotation: ('0.000000', '0.000000', '0.000000', '1.000000')
[static_transform_publisher-5] from 'map' to 'gps_sensor'
[static_transform_publisher-4] [INFO] [1732673762.506012046] [drone_home1.static_transform_publisher]: Spinning until stopped - publishing transform
[static_transform_publisher-4] translation: ('0.000000', '0.000000', '0.000000')
[static_transform_publisher-4] rotation: ('0.000000', '0.000000', '0.000000', '1.000000')
[static_transform_publisher-4] from 'map' to 'imu_frame'
[drive_publisher-1] Traceback (most recent call last):
[drive_publisher-1]   File "/home/pi/drone-home/ros2_ws/install/drone_home/lib/drone_home/drive_publisher", line 33, in <module>
[drive_publisher-1]     sys.exit(load_entry_point('drone-home==0.0.0', 'console_scripts', 'drive_publisher')())
[drive_publisher-1]              ^^^^^^^^^^^^^^^^^^^^^^^^^^^^^^^^^^^^^^^^^^^^^^^^^^^^^^^^^^^^^^^^^^^^^^^^^^^
[drive_publisher-1]   File "/home/pi/drone-home/ros2_ws/install/drone_home/lib/drone_home/drive_publisher", line 25, in importlib_load_entry_point
[drive_publisher-1]     return next(matches).load()
[drive_publisher-1]            ^^^^^^^^^^^^^^^^^^^^
[drive_publisher-1]   File "/usr/lib/python3.12/importlib/metadata/__init__.py", line 205, in load
[drive_publisher-1]     module = import_module(match.group('module'))
[drive_publisher-1]              ^^^^^^^^^^^^^^^^^^^^^^^^^^^^^^^^^^^^
[drive_publisher-1]   File "/usr/lib/python3.12/importlib/__init__.py", line 90, in import_module
[drive_publisher-1]     return _bootstrap._gcd_import(name[level:], package, level)
[drive_publisher-1]            ^^^^^^^^^^^^^^^^^^^^^^^^^^^^^^^^^^^^^^^^^^^^^^^^^^^^
[drive_publisher-1]   File "<frozen importlib._bootstrap>", line 1387, in _gcd_import
[drive_publisher-1]   File "<frozen importlib._bootstrap>", line 1360, in _find_and_load
[drive_publisher-1]   File "<frozen importlib._bootstrap>", line 1331, in _find_and_load_unlocked
[drive_publisher-1]   File "<frozen importlib._bootstrap>", line 935, in _load_unlocked
[drive_publisher-1]   File "<frozen importlib._bootstrap_external>", line 991, in exec_module
[drive_publisher-1]   File "<frozen importlib._bootstrap_external>", line 1129, in get_code
[drive_publisher-1]   File "<frozen importlib._bootstrap_external>", line 1059, in source_to_code
[drive_publisher-1]   File "<frozen importlib._bootstrap>", line 488, in _call_with_frames_removed
[drive_publisher-1]   File "/home/pi/drone-home/ros2_ws/install/drone_home/lib/python3.12/site-packages/drone_home/joy_to_ackermann.py", line 50
[drive_publisher-1]     if(msg.buttons[1]):
[drive_publisher-1] IndentationError: unexpected indent
[ERROR] [drive_publisher-1]: process has died [pid 4451, exit code 1, cmd '/home/pi/drone-home/ros2_ws/install/drone_home/lib/drone_home/drive_publisher --ros-args -r __node:=sim -r __ns:=/drone_home1'].
[drive_hardware-3] /usr/lib/python3/dist-packages/gpiozero/output_devices.py:1509: PWMSoftwareFallback: To reduce servo jitter, use the pigpio pin factory.See https://gpiozero.readthedocs.io/en/stable/api_output.html#servo for more info
[drive_hardware-3]   warnings.warn(PWMSoftwareFallback(
[imu_publisher-2] [INFO] [1732673764.675197033] [drone_home1.sim]: Calibration status: (True, 'Calibration (sys:0, gyro:0, accel:3, mag:0)')
