[INFO] [launch]: All log files can be found below /home/pi/.ros/log/2024-11-27-12-24-19-554149-drone-home-31046
[INFO] [launch]: Default logging verbosity is set to INFO
[WARNING] [imu_publisher-2]: there are now at least 2 nodes with the name /drone_home1/sim created within this launch context
[WARNING] [drive_hardware-3]: there are now at least 3 nodes with the name /drone_home1/sim created within this launch context
[WARNING] [visualization-4]: there are now at least 4 nodes with the name /drone_home1/sim created within this launch context
[WARNING] [static_transform_publisher-6]: there are now at least 2 nodes with the name /drone_home1/static_transform_publisher created within this launch context
[INFO] [drive_publisher-1]: process started with pid [31051]
[INFO] [imu_publisher-2]: process started with pid [31052]
[INFO] [drive_hardware-3]: process started with pid [31053]
[INFO] [visualization-4]: process started with pid [31054]
[INFO] [static_transform_publisher-5]: process started with pid [31055]
[INFO] [static_transform_publisher-6]: process started with pid [31056]
[static_transform_publisher-5] [WARN] [1732728259.726032032] []: Old-style arguments are deprecated; see --help for new-style arguments
[static_transform_publisher-6] [WARN] [1732728259.736076912] []: Old-style arguments are deprecated; see --help for new-style arguments
[static_transform_publisher-5] [INFO] [1732728259.768878227] [drone_home1.static_transform_publisher]: Spinning until stopped - publishing transform
[static_transform_publisher-5] translation: ('0.000000', '0.000000', '0.000000')
[static_transform_publisher-5] rotation: ('0.000000', '0.000000', '0.000000', '1.000000')
[static_transform_publisher-5] from 'map' to 'imu_frame'
[static_transform_publisher-6] [INFO] [1732728259.775156310] [drone_home1.static_transform_publisher]: Spinning until stopped - publishing transform
[static_transform_publisher-6] translation: ('0.000000', '0.000000', '0.000000')
[static_transform_publisher-6] rotation: ('0.000000', '0.000000', '0.000000', '1.000000')
[static_transform_publisher-6] from 'map' to 'gps_sensor'
[drive_hardware-3] /usr/lib/python3/dist-packages/gpiozero/output_devices.py:1509: PWMSoftwareFallback: To reduce servo jitter, use the pigpio pin factory.See https://gpiozero.readthedocs.io/en/stable/api_output.html#servo for more info
[drive_hardware-3]   warnings.warn(PWMSoftwareFallback(
[visualization-4] [INFO] [1732728261.775051317] [drone_home1.sim]: x,y:-0.22897280000324827,0.34056923487514723
[imu_publisher-2] [INFO] [1732728262.180786337] [drone_home1.sim]: Calibration status: (True, 'Calibration (sys:0, gyro:0, accel:3, mag:0)')
[imu_publisher-2] Traceback (most recent call last):
[imu_publisher-2]   File "/home/pi/drone-home/ros2_ws/install/drone_home/lib/drone_home/imu_publisher", line 33, in <module>
[imu_publisher-2]     sys.exit(load_entry_point('drone-home==0.0.0', 'console_scripts', 'imu_publisher')())
[imu_publisher-2]              ^^^^^^^^^^^^^^^^^^^^^^^^^^^^^^^^^^^^^^^^^^^^^^^^^^^^^^^^^^^^^^^^^^^^^^^^^^^
[imu_publisher-2]   File "/home/pi/drone-home/ros2_ws/install/drone_home/lib/python3.12/site-packages/drone_home/gps_imu_publisher.py", line 245, in main
[imu_publisher-2]     rclpy.spin(minimal_publisher)
[imu_publisher-2]   File "/opt/ros/jazzy/lib/python3.12/site-packages/rclpy/__init__.py", line 244, in spin
[imu_publisher-2]     executor.spin_once()
[imu_publisher-2]   File "/opt/ros/jazzy/lib/python3.12/site-packages/rclpy/executors.py", line 827, in spin_once
[imu_publisher-2]     self._spin_once_impl(timeout_sec)
[imu_publisher-2]   File "/opt/ros/jazzy/lib/python3.12/site-packages/rclpy/executors.py", line 822, in _spin_once_impl
[imu_publisher-2]     raise handler.exception()
[imu_publisher-2]   File "/opt/ros/jazzy/lib/python3.12/site-packages/rclpy/task.py", line 239, in __call__
[imu_publisher-2]     self._handler.send(None)
[imu_publisher-2]   File "/opt/ros/jazzy/lib/python3.12/site-packages/rclpy/executors.py", line 508, in handler
[imu_publisher-2]     await call_coroutine()
[imu_publisher-2]   File "/opt/ros/jazzy/lib/python3.12/site-packages/rclpy/executors.py", line 372, in _execute
[imu_publisher-2]     await await_or_execute(tmr.callback)
[imu_publisher-2]   File "/opt/ros/jazzy/lib/python3.12/site-packages/rclpy/executors.py", line 111, in await_or_execute
[imu_publisher-2]     return callback(*args)
[imu_publisher-2]            ^^^^^^^^^^^^^^^
[imu_publisher-2]   File "/home/pi/drone-home/ros2_ws/install/drone_home/lib/python3.12/site-packages/drone_home/gps_imu_publisher.py", line 235, in timer_callback
[imu_publisher-2]     self.generate_kml(navsat_msg.latitude, navsat_msg.longitude, navsat_msg.altitude, self.euler_from_quaternion(pose_msg.pose.orientation)[2])
[imu_publisher-2] TypeError: MinimalPublisher.generate_kml() takes 4 positional arguments but 5 were given
[ERROR] [imu_publisher-2]: process has died [pid 31052, exit code 1, cmd '/home/pi/drone-home/ros2_ws/install/drone_home/lib/drone_home/imu_publisher --ros-args -r __node:=sim -r __ns:=/drone_home1'].
[visualization-4] [INFO] [1732728262.749384862] [drone_home1.sim]: x,y:-0.22897280000324827,0.34056923487514723
[visualization-4] [INFO] [1732728263.749289958] [drone_home1.sim]: x,y:-0.22897280000324827,0.34056923487514723
[visualization-4] [INFO] [1732728264.749282591] [drone_home1.sim]: x,y:-0.22897280000324827,0.34056923487514723
[visualization-4] [INFO] [1732728265.749286057] [drone_home1.sim]: x,y:-0.22897280000324827,0.34056923487514723
[visualization-4] [INFO] [1732728266.749281338] [drone_home1.sim]: x,y:-0.22897280000324827,0.34056923487514723
[visualization-4] [INFO] [1732728267.749273452] [drone_home1.sim]: x,y:-0.22897280000324827,0.34056923487514723
[visualization-4] [INFO] [1732728268.749369547] [drone_home1.sim]: x,y:-0.22897280000324827,0.34056923487514723
[visualization-4] [INFO] [1732728269.749389143] [drone_home1.sim]: x,y:-0.22897280000324827,0.34056923487514723
[visualization-4] [INFO] [1732728270.749278165] [drone_home1.sim]: x,y:-0.22897280000324827,0.34056923487514723
[visualization-4] [INFO] [1732728271.748955577] [drone_home1.sim]: x,y:-0.22897280000324827,0.34056923487514723
[visualization-4] [INFO] [1732728272.749399337] [drone_home1.sim]: x,y:-0.22897280000324827,0.34056923487514723
[visualization-4] [INFO] [1732728273.749305322] [drone_home1.sim]: x,y:-0.22897280000324827,0.34056923487514723
[visualization-4] [INFO] [1732728274.749288658] [drone_home1.sim]: x,y:-0.22897280000324827,0.34056923487514723
[visualization-4] [INFO] [1732728275.749264680] [drone_home1.sim]: x,y:-0.22897280000324827,0.34056923487514723
[visualization-4] [INFO] [1732728276.749306294] [drone_home1.sim]: x,y:-0.22897280000324827,0.34056923487514723
[visualization-4] [INFO] [1732728277.749213427] [drone_home1.sim]: x,y:-0.22897280000324827,0.34056923487514723
[visualization-4] [INFO] [1732728278.749369337] [drone_home1.sim]: x,y:-0.22897280000324827,0.34056923487514723
[visualization-4] [INFO] [1732728279.749326747] [drone_home1.sim]: x,y:-0.22897280000324827,0.34056923487514723
[visualization-4] [INFO] [1732728280.749307898] [drone_home1.sim]: x,y:-0.22897280000324827,0.34056923487514723
[visualization-4] [INFO] [1732728281.749282253] [drone_home1.sim]: x,y:-0.22897280000324827,0.34056923487514723
[visualization-4] [INFO] [1732728282.749284552] [drone_home1.sim]: x,y:-0.22897280000324827,0.34056923487514723
[visualization-4] [INFO] [1732728283.749212204] [drone_home1.sim]: x,y:-0.22897280000324827,0.34056923487514723
[visualization-4] [INFO] [1732728284.749174725] [drone_home1.sim]: x,y:-0.22897280000324827,0.34056923487514723
[visualization-4] [INFO] [1732728285.749285524] [drone_home1.sim]: x,y:-0.22897280000324827,0.34056923487514723
[visualization-4] [INFO] [1732728286.749271804] [drone_home1.sim]: x,y:-0.22897280000324827,0.34056923487514723
[visualization-4] [INFO] [1732728287.749220178] [drone_home1.sim]: x,y:-0.22897280000324827,0.34056923487514723
[visualization-4] [INFO] [1732728288.749280717] [drone_home1.sim]: x,y:-0.22897280000324827,0.34056923487514723
