[INFO] [launch]: All log files can be found below /home/pi/.ros/log/2024-11-27-12-48-19-388063-drone-home-50203
[INFO] [launch]: Default logging verbosity is set to INFO
[WARNING] [imu_publisher-2]: there are now at least 2 nodes with the name /drone_home1/sim created within this launch context
[WARNING] [drive_hardware-3]: there are now at least 3 nodes with the name /drone_home1/sim created within this launch context
[WARNING] [static_transform_publisher-5]: there are now at least 2 nodes with the name /drone_home1/static_transform_publisher created within this launch context
[INFO] [drive_publisher-1]: process started with pid [50219]
[INFO] [imu_publisher-2]: process started with pid [50220]
[INFO] [drive_hardware-3]: process started with pid [50221]
[INFO] [static_transform_publisher-4]: process started with pid [50222]
[INFO] [static_transform_publisher-5]: process started with pid [50223]
[static_transform_publisher-4] [WARN] [1732729699.529176853] []: Old-style arguments are deprecated; see --help for new-style arguments
[static_transform_publisher-5] [WARN] [1732729699.547367263] []: Old-style arguments are deprecated; see --help for new-style arguments
[static_transform_publisher-4] [INFO] [1732729699.568073809] [drone_home1.static_transform_publisher]: Spinning until stopped - publishing transform
[static_transform_publisher-4] translation: ('0.000000', '0.000000', '0.000000')
[static_transform_publisher-4] rotation: ('0.000000', '0.000000', '0.000000', '1.000000')
[static_transform_publisher-4] from 'map' to 'imu_frame'
[static_transform_publisher-5] [INFO] [1732729699.580644692] [drone_home1.static_transform_publisher]: Spinning until stopped - publishing transform
[static_transform_publisher-5] translation: ('0.000000', '0.000000', '0.000000')
[static_transform_publisher-5] rotation: ('0.000000', '0.000000', '0.000000', '1.000000')
[static_transform_publisher-5] from 'map' to 'gps_sensor'
[drive_hardware-3] /usr/lib/python3/dist-packages/gpiozero/output_devices.py:1509: PWMSoftwareFallback: To reduce servo jitter, use the pigpio pin factory.See https://gpiozero.readthedocs.io/en/stable/api_output.html#servo for more info
[drive_hardware-3]   warnings.warn(PWMSoftwareFallback(
[imu_publisher-2] [INFO] [1732729701.819287147] [drone_home1.sim]: Calibration status: (True, 'Calibration (sys:0, gyro:0, accel:3, mag:0)')
[imu_publisher-2] [INFO] [1732729701.874490949] [drone_home1.sim]: -0.014348989075042133
[imu_publisher-2] [INFO] [1732729701.924967127] [drone_home1.sim]: -0.014348989075042133
[imu_publisher-2] [INFO] [1732729701.975103694] [drone_home1.sim]: -0.014348989075042133
[imu_publisher-2] [INFO] [1732729702.024341637] [drone_home1.sim]: -0.014348989075042133
[imu_publisher-2] [INFO] [1732729702.074590982] [drone_home1.sim]: -0.014348989075042133
[imu_publisher-2] [INFO] [1732729702.129528008] [drone_home1.sim]: -0.014348989075042133
[imu_publisher-2] [INFO] [1732729702.175633707] [drone_home1.sim]: -0.014348989075042133
[imu_publisher-2] [INFO] [1732729702.275771862] [drone_home1.sim]: -0.014348989075042133
[imu_publisher-2] [INFO] [1732729702.325616561] [drone_home1.sim]: -0.014348989075042133
[imu_publisher-2] [INFO] [1732729702.375663833] [drone_home1.sim]: -0.014348989075042133
[imu_publisher-2] [INFO] [1732729702.436711902] [drone_home1.sim]: -0.014348989075042133
[imu_publisher-2] [INFO] [1732729702.475417212] [drone_home1.sim]: -0.014348989075042133
[imu_publisher-2] [INFO] [1732729702.525318633] [drone_home1.sim]: -0.014348989075042133
[imu_publisher-2] [INFO] [1732729702.589109059] [drone_home1.sim]: -0.014348989075042133
[imu_publisher-2] [INFO] [1732729702.625656509] [drone_home1.sim]: -0.014348989075042133
[imu_publisher-2] [INFO] [1732729702.675508189] [drone_home1.sim]: -0.014348989075042133
[imu_publisher-2] [INFO] [1732729702.729261906] [drone_home1.sim]: -0.014348989075042133
[imu_publisher-2] [INFO] [1732729702.776041842] [drone_home1.sim]: -0.014348989075042133
[imu_publisher-2] [INFO] [1732729702.825555858] [drone_home1.sim]: -0.014348989075042133
[imu_publisher-2] [INFO] [1732729702.875424131] [drone_home1.sim]: -0.014348989075042133
[imu_publisher-2] [INFO] [1732729702.924695573] [drone_home1.sim]: -0.014348989075042133
[imu_publisher-2] [INFO] [1732729702.974289107] [drone_home1.sim]: -0.014348989075042133
[imu_publisher-2] [INFO] [1732729703.055690724] [drone_home1.sim]: -0.014348989075042133
[imu_publisher-2] [INFO] [1732729703.080597583] [drone_home1.sim]: -0.014348989075042133
[imu_publisher-2] [INFO] [1732729703.187510890] [drone_home1.sim]: -0.014348989075042133
[imu_publisher-2] [INFO] [1732729703.223992025] [drone_home1.sim]: -0.014348989075042133
[imu_publisher-2] [INFO] [1732729703.273817650] [drone_home1.sim]: -0.014348989075042133
[imu_publisher-2] [INFO] [1732729703.339827862] [drone_home1.sim]: -0.014348989075042133
[imu_publisher-2] [INFO] [1732729703.373638807] [drone_home1.sim]: -0.014348989075042133
[imu_publisher-2] [INFO] [1732729703.440069609] [drone_home1.sim]: -0.014348989075042133
[imu_publisher-2] [INFO] [1732729703.497852565] [drone_home1.sim]: -0.014348989075042133
[imu_publisher-2] [INFO] [1732729703.572555771] [drone_home1.sim]: -0.014348989075042133
[imu_publisher-2] [INFO] [1732729703.581781485] [drone_home1.sim]: -0.014348989075042133
[imu_publisher-2] [INFO] [1732729703.643889420] [drone_home1.sim]: -0.014348989075042133
[imu_publisher-2] [INFO] [1732729703.722078442] [drone_home1.sim]: -0.014348989075042133
[imu_publisher-2] [INFO] [1732729703.728491022] [drone_home1.sim]: -0.014348989075042133
[imu_publisher-2] [INFO] [1732729703.774456333] [drone_home1.sim]: -0.014348989075042133
[imu_publisher-2] [INFO] [1732729703.845056300] [drone_home1.sim]: -0.014348989075042133
[imu_publisher-2] [INFO] [1732729703.874552988] [drone_home1.sim]: -0.014348989075042133
[imu_publisher-2] [INFO] [1732729703.924769426] [drone_home1.sim]: -0.014348989075042133
[imu_publisher-2] [INFO] [1732729703.993684438] [drone_home1.sim]: -0.014348989075042133
[imu_publisher-2] [INFO] [1732729704.024717359] [drone_home1.sim]: -0.014348989075042133
[imu_publisher-2] [INFO] [1732729704.306816822] [drone_home1.sim]: -0.014348989075042133
[imu_publisher-2] [INFO] [1732729704.357474684] [drone_home1.sim]: -0.014348989075042133
[imu_publisher-2] [INFO] [1732729704.375128486] [drone_home1.sim]: -0.014348989075042133
[imu_publisher-2] [INFO] [1732729704.425539571] [drone_home1.sim]: -0.014348989075042133
[imu_publisher-2] [INFO] [1732729704.475439269] [drone_home1.sim]: -0.014348989075042133
[imu_publisher-2] [INFO] [1732729704.525452727] [drone_home1.sim]: -0.014348989075042133
[imu_publisher-2] [INFO] [1732729704.575616535] [drone_home1.sim]: -0.014348989075042133
[imu_publisher-2] [INFO] [1732729704.625364642] [drone_home1.sim]: -0.014348989075042133
[imu_publisher-2] [INFO] [1732729704.698322301] [drone_home1.sim]: -0.014348989075042133
[imu_publisher-2] [INFO] [1732729704.725544741] [drone_home1.sim]: -0.014348989075042133
[imu_publisher-2] [INFO] [1732729704.775640050] [drone_home1.sim]: -0.014348989075042133
[imu_publisher-2] [INFO] [1732729704.832226012] [drone_home1.sim]: -0.014348989075042133
[imu_publisher-2] [INFO] [1732729704.875766094] [drone_home1.sim]: -0.014348989075042133
[imu_publisher-2] [INFO] [1732729704.936465240] [drone_home1.sim]: -0.014348989075042133
[imu_publisher-2] [INFO] [1732729704.975179327] [drone_home1.sim]: -0.014348989075042133
[imu_publisher-2] [INFO] [1732729705.024351788] [drone_home1.sim]: -0.014348989075042133
[imu_publisher-2] [INFO] [1732729705.074548338] [drone_home1.sim]: -0.014348989075042133
[imu_publisher-2] [INFO] [1732729705.123820965] [drone_home1.sim]: -0.014348989075042133
[imu_publisher-2] [INFO] [1732729705.190131787] [drone_home1.sim]: -0.014348989075042133
[imu_publisher-2] [INFO] [1732729705.224029027] [drone_home1.sim]: -0.014348989075042133
[imu_publisher-2] [INFO] [1732729705.273979726] [drone_home1.sim]: -0.014348989075042133
[imu_publisher-2] [INFO] [1732729705.327741757] [drone_home1.sim]: -0.014348989075042133
[imu_publisher-2] [INFO] [1732729705.373930826] [drone_home1.sim]: -0.014348989075042133
[imu_publisher-2] [INFO] [1732729705.423828044] [drone_home1.sim]: -0.014348989075042133
[imu_publisher-2] [INFO] [1732729705.473836853] [drone_home1.sim]: -0.014348989075042133
[imu_publisher-2] [INFO] [1732729705.523664219] [drone_home1.sim]: -0.014348989075042133
[imu_publisher-2] [INFO] [1732729705.573583973] [drone_home1.sim]: -0.014348989075042133
[imu_publisher-2] [INFO] [1732729705.629737085] [drone_home1.sim]: -0.014348989075042133
[imu_publisher-2] [INFO] [1732729705.673859109] [drone_home1.sim]: -0.014348989075042133
[imu_publisher-2] [INFO] [1732729705.724182009] [drone_home1.sim]: -0.014348989075042133
[imu_publisher-2] [INFO] [1732729705.782950831] [drone_home1.sim]: -0.014348989075042133
[imu_publisher-2] [INFO] [1732729705.824571015] [drone_home1.sim]: -0.014348989075042133
[imu_publisher-2] [INFO] [1732729705.874368751] [drone_home1.sim]: -0.014348989075042133
[imu_publisher-2] [INFO] [1732729705.924970705] [drone_home1.sim]: -0.014348989075042133
[imu_publisher-2] [INFO] [1732729705.974942478] [drone_home1.sim]: -0.014348989075042133
[imu_publisher-2] [INFO] [1732729706.025126564] [drone_home1.sim]: -0.014348989075042133
[imu_publisher-2] [INFO] [1732729706.091846254] [drone_home1.sim]: -0.014348989075042133
[imu_publisher-2] [INFO] [1732729706.125272274] [drone_home1.sim]: -0.014348989075042133
[imu_publisher-2] [INFO] [1732729706.175196529] [drone_home1.sim]: -0.014348989075042133
[imu_publisher-2] [INFO] [1732729706.225511096] [drone_home1.sim]: -0.014348989075042133
[imu_publisher-2] [INFO] [1732729706.275700089] [drone_home1.sim]: -0.014348989075042133
[imu_publisher-2] [INFO] [1732729706.325679677] [drone_home1.sim]: -0.014348989075042133
[imu_publisher-2] [INFO] [1732729706.375360747] [drone_home1.sim]: -0.014348989075042133
[imu_publisher-2] [INFO] [1732729706.425192409] [drone_home1.sim]: -0.014348989075042133
[imu_publisher-2] [INFO] [1732729706.474526110] [drone_home1.sim]: -0.014348989075042133
[imu_publisher-2] [INFO] [1732729706.524854585] [drone_home1.sim]: -0.014348989075042133
[imu_publisher-2] [INFO] [1732729706.577506103] [drone_home1.sim]: -0.014348989075042133
[imu_publisher-2] [INFO] [1732729706.624008726] [drone_home1.sim]: -0.014348989075042133
[imu_publisher-2] [INFO] [1732729706.946049548] [drone_home1.sim]: -0.014348989075042133
[imu_publisher-2] [INFO] [1732729707.029413952] [drone_home1.sim]: -0.014348989075042133
[imu_publisher-2] [INFO] [1732729707.073961140] [drone_home1.sim]: -0.014348989075042133
[imu_publisher-2] [INFO] [1732729707.123841728] [drone_home1.sim]: -0.014348989075042133
[imu_publisher-2] [INFO] [1732729707.173965388] [drone_home1.sim]: -0.014348989075042133
[imu_publisher-2] [INFO] [1732729707.224360140] [drone_home1.sim]: -0.014348989075042133
[imu_publisher-2] [INFO] [1732729707.274006173] [drone_home1.sim]: -0.014348989075042133
[imu_publisher-2] [INFO] [1732729707.323761799] [drone_home1.sim]: -0.014348989075042133
[imu_publisher-2] [INFO] [1732729707.373801738] [drone_home1.sim]: -0.014348989075042133
[imu_publisher-2] [INFO] [1732729707.431671379] [drone_home1.sim]: -0.014348989075042133
[imu_publisher-2] [INFO] [1732729707.512638943] [drone_home1.sim]: -0.014348989075042133
[imu_publisher-2] [INFO] [1732729707.523547889] [drone_home1.sim]: -0.014348989075042133
[imu_publisher-2] [INFO] [1732729707.573969178] [drone_home1.sim]: -0.014348989075042133
[imu_publisher-2] [INFO] [1732729707.624058283] [drone_home1.sim]: -0.014348989075042133
[imu_publisher-2] [INFO] [1732729707.742143720] [drone_home1.sim]: -0.014348989075042133
[imu_publisher-2] [INFO] [1732729707.774415320] [drone_home1.sim]: -0.014348989075042133
[imu_publisher-2] [INFO] [1732729707.824658240] [drone_home1.sim]: -0.014348989075042133
[imu_publisher-2] [INFO] [1732729707.874497105] [drone_home1.sim]: -0.014348989075042133
[imu_publisher-2] [INFO] [1732729707.924703506] [drone_home1.sim]: -0.014348989075042133
[imu_publisher-2] [INFO] [1732729707.974371114] [drone_home1.sim]: -0.014348989075042133
[imu_publisher-2] [INFO] [1732729708.025244326] [drone_home1.sim]: -0.014348989075042133
[imu_publisher-2] [INFO] [1732729708.075239061] [drone_home1.sim]: -0.014348989075042133
[imu_publisher-2] [INFO] [1732729708.137575440] [drone_home1.sim]: -0.014348989075042133
[imu_publisher-2] [INFO] [1732729708.175462198] [drone_home1.sim]: -0.014348989075042133
[imu_publisher-2] [INFO] [1732729708.225642932] [drone_home1.sim]: -0.014348989075042133
[imu_publisher-2] [INFO] [1732729708.296109955] [drone_home1.sim]: -0.014348989075042133
[imu_publisher-2] [INFO] [1732729708.325900494] [drone_home1.sim]: -0.014348989075042133
[imu_publisher-2] [INFO] [1732729708.375688304] [drone_home1.sim]: -0.014348989075042133
[imu_publisher-2] [INFO] [1732729708.425466115] [drone_home1.sim]: -0.014348989075042133
[imu_publisher-2] [INFO] [1732729708.475649794] [drone_home1.sim]: -0.014348989075042133
[imu_publisher-2] [INFO] [1732729708.525538159] [drone_home1.sim]: -0.014348989075042133
[imu_publisher-2] [INFO] [1732729708.575053767] [drone_home1.sim]: -0.014348989075042133
[imu_publisher-2] [INFO] [1732729708.625716906] [drone_home1.sim]: -0.014348989075042133
[imu_publisher-2] [INFO] [1732729708.707177135] [drone_home1.sim]: -0.014348989075042133
[imu_publisher-2] [INFO] [1732729708.737753336] [drone_home1.sim]: -0.014348989075042133
[imu_publisher-2] [INFO] [1732729708.788575679] [drone_home1.sim]: -0.014348989075042133
[imu_publisher-2] [INFO] [1732729708.825694681] [drone_home1.sim]: -0.014348989075042133
[imu_publisher-2] [INFO] [1732729708.875528825] [drone_home1.sim]: -0.014348989075042133
[imu_publisher-2] [INFO] [1732729708.938671736] [drone_home1.sim]: -0.014348989075042133
[imu_publisher-2] [INFO] [1732729709.619525809] [drone_home1.sim]: -0.014348989075042133
[imu_publisher-2] [INFO] [1732729709.624717673] [drone_home1.sim]: -0.014348989075042133
[imu_publisher-2] [INFO] [1732729710.336839055] [drone_home1.sim]: -0.014348989075042133
[imu_publisher-2] [INFO] [1732729710.397334239] [drone_home1.sim]: -0.014348989075042133
[imu_publisher-2] [INFO] [1732729710.425715303] [drone_home1.sim]: -0.014348989075042133
[imu_publisher-2] [INFO] [1732729710.491193129] [drone_home1.sim]: -0.014348989075042133
[imu_publisher-2] [INFO] [1732729710.557429395] [drone_home1.sim]: -0.014348989075042133
[imu_publisher-2] [INFO] [1732729710.575178993] [drone_home1.sim]: -0.014348989075042133
[imu_publisher-2] [INFO] [1732729710.625417579] [drone_home1.sim]: -0.014348989075042133
[imu_publisher-2] [INFO] [1732729710.682020578] [drone_home1.sim]: -0.014348989075042133
[imu_publisher-2] [INFO] [1732729710.725701567] [drone_home1.sim]: -0.014348989075042133
[imu_publisher-2] [INFO] [1732729710.775831524] [drone_home1.sim]: -0.014348989075042133
[imu_publisher-2] [INFO] [1732729710.825633760] [drone_home1.sim]: -0.014348989075042133
[imu_publisher-2] [INFO] [1732729710.875654477] [drone_home1.sim]: -0.014348989075042133
[imu_publisher-2] [INFO] [1732729710.925096974] [drone_home1.sim]: -0.014348989075042133
[imu_publisher-2] [INFO] [1732729710.975508522] [drone_home1.sim]: -0.014348989075042133
[imu_publisher-2] [INFO] [1732729711.024541151] [drone_home1.sim]: -0.014348989075042133
[imu_publisher-2] [INFO] [1732729711.074707108] [drone_home1.sim]: -0.014348989075042133
[imu_publisher-2] [INFO] [1732729711.130285223] [drone_home1.sim]: -0.014348989075042133
[imu_publisher-2] [INFO] [1732729711.207712601] [drone_home1.sim]: -0.014348989075042133
[imu_publisher-2] [INFO] [1732729711.274073422] [drone_home1.sim]: -0.014348989075042133
[imu_publisher-2] [INFO] [1732729711.324009843] [drone_home1.sim]: -0.014348989075042133
[imu_publisher-2] [INFO] [1732729711.373757839] [drone_home1.sim]: -0.014348989075042133
[imu_publisher-2] [INFO] [1732729711.423709241] [drone_home1.sim]: -0.014348989075042133
[imu_publisher-2] [INFO] [1732729711.473661310] [drone_home1.sim]: -0.014348989075042133
[imu_publisher-2] [INFO] [1732729711.524077469] [drone_home1.sim]: -0.014348989075042133
[imu_publisher-2] [INFO] [1732729711.585971016] [drone_home1.sim]: -0.014348989075042133
[imu_publisher-2] [INFO] [1732729711.627131425] [drone_home1.sim]: -0.014348989075042133
[imu_publisher-2] [INFO] [1732729711.674119731] [drone_home1.sim]: -0.014348989075042133
[imu_publisher-2] [INFO] [1732729711.724320965] [drone_home1.sim]: -0.014348989075042133
[imu_publisher-2] [INFO] [1732729711.774360441] [drone_home1.sim]: -0.014348989075042133
[imu_publisher-2] [INFO] [1732729711.824225473] [drone_home1.sim]: -0.014348989075042133
[imu_publisher-2] [INFO] [1732729711.874245375] [drone_home1.sim]: -0.014348989075042133
[imu_publisher-2] [INFO] [1732729711.924595201] [drone_home1.sim]: -0.014348989075042133
[imu_publisher-2] [INFO] [1732729711.974574936] [drone_home1.sim]: -0.014348989075042133
[imu_publisher-2] [INFO] [1732729712.024986170] [drone_home1.sim]: -0.014348989075042133
[imu_publisher-2] [INFO] [1732729712.074977812] [drone_home1.sim]: -0.014348989075042133
[imu_publisher-2] [INFO] [1732729712.181277141] [drone_home1.sim]: -0.014348989075042133
[imu_publisher-2] [INFO] [1732729712.225721589] [drone_home1.sim]: -0.014348989075042133
[imu_publisher-2] [INFO] [1732729712.275524381] [drone_home1.sim]: -0.014348989075042133
[imu_publisher-2] [INFO] [1732729712.325774578] [drone_home1.sim]: -0.014348989075042133
[imu_publisher-2] [INFO] [1732729712.375539962] [drone_home1.sim]: -0.014348989075042133
[imu_publisher-2] [INFO] [1732729712.425338828] [drone_home1.sim]: -0.014348989075042133
[imu_publisher-2] [INFO] [1732729712.475327175] [drone_home1.sim]: -0.014348989075042133
[imu_publisher-2] [INFO] [1732729712.525396984] [drone_home1.sim]: -0.014348989075042133
[imu_publisher-2] [INFO] [1732729712.581517578] [drone_home1.sim]: -0.014348989075042133
[imu_publisher-2] [INFO] [1732729712.631869330] [drone_home1.sim]: -0.014348989075042133
[imu_publisher-2] [INFO] [1732729712.693676229] [drone_home1.sim]: -0.014348989075042133
[imu_publisher-2] [INFO] [1732729712.725689553] [drone_home1.sim]: -0.014348989075042133
[imu_publisher-2] [INFO] [1732729712.783697157] [drone_home1.sim]: -0.014348989075042133
[imu_publisher-2] [INFO] [1732729712.825830338] [drone_home1.sim]: -0.014348989075042133
[imu_publisher-2] [INFO] [1732729712.875415224] [drone_home1.sim]: -0.014348989075042133
[imu_publisher-2] [INFO] [1732729712.925266663] [drone_home1.sim]: -0.014348989075042133
[imu_publisher-2] [INFO] [1732729712.974592754] [drone_home1.sim]: -0.014348989075042133
[imu_publisher-2] [INFO] [1732729713.029776038] [drone_home1.sim]: -0.014348989075042133
[imu_publisher-2] [INFO] [1732729713.089417744] [drone_home1.sim]: -0.014348989075042133
[imu_publisher-2] [INFO] [1732729713.124001944] [drone_home1.sim]: -0.014348989075042133
[imu_publisher-2] [INFO] [1732729713.222809347] [drone_home1.sim]: -0.014348989075042133
[imu_publisher-2] [INFO] [1732729713.230163699] [drone_home1.sim]: -0.014348989075042133
[imu_publisher-2] [INFO] [1732729713.277083746] [drone_home1.sim]: -0.014348989075042133
[imu_publisher-2] [INFO] [1732729713.335151997] [drone_home1.sim]: -0.014348989075042133
[imu_publisher-2] [INFO] [1732729713.393321526] [drone_home1.sim]: -0.014348989075042133
[imu_publisher-2] [INFO] [1732729713.450864372] [drone_home1.sim]: -0.014348989075042133
[imu_publisher-2] [INFO] [1732729713.503452539] [drone_home1.sim]: -0.014348989075042133
[imu_publisher-2] [INFO] [1732729713.608604095] [drone_home1.sim]: -0.014348989075042133
[imu_publisher-2] [INFO] [1732729713.670468976] [drone_home1.sim]: -0.014348989075042133
[imu_publisher-2] [INFO] [1732729713.675537581] [drone_home1.sim]: -0.014348989075042133
[imu_publisher-2] [INFO] [1732729713.730390644] [drone_home1.sim]: -0.014348989075042133
[imu_publisher-2] [INFO] [1732729713.795866600] [drone_home1.sim]: -0.014348989075042133
[imu_publisher-2] [INFO] [1732729713.824512958] [drone_home1.sim]: -0.014348989075042133
[imu_publisher-2] [INFO] [1732729713.874316954] [drone_home1.sim]: -0.014348989075042133
[imu_publisher-2] [INFO] [1732729713.924602614] [drone_home1.sim]: -0.014348989075042133
[imu_publisher-2] [INFO] [1732729714.037260819] [drone_home1.sim]: -0.014348989075042133
[imu_publisher-2] [INFO] [1732729714.185491941] [drone_home1.sim]: -0.014348989075042133
[imu_publisher-2] [INFO] [1732729714.225558132] [drone_home1.sim]: -0.014348989075042133
[imu_publisher-2] [INFO] [1732729714.334575040] [drone_home1.sim]: -0.014348989075042133
[imu_publisher-2] [INFO] [1732729714.388577774] [drone_home1.sim]: -0.014348989075042133
[imu_publisher-2] [INFO] [1732729714.511174152] [drone_home1.sim]: -0.014348989075042133
[imu_publisher-2] [INFO] [1732729714.561119258] [drone_home1.sim]: -0.014348989075042133
[imu_publisher-2] [INFO] [1732729714.615791304] [drone_home1.sim]: -0.014348989075042133
[imu_publisher-2] [INFO] [1732729714.628852795] [drone_home1.sim]: -0.014348989075042133
[imu_publisher-2] [INFO] [1732729714.688053670] [drone_home1.sim]: -0.014348989075042133
[imu_publisher-2] [INFO] [1732729714.738099850] [drone_home1.sim]: -0.014348989075042133
[imu_publisher-2] [INFO] [1732729714.842608983] [drone_home1.sim]: -0.014348989075042133
[imu_publisher-2] [INFO] [1732729714.875721432] [drone_home1.sim]: -0.014348989075042133
[imu_publisher-2] [INFO] [1732729714.925740426] [drone_home1.sim]: -0.014348989075042133
[imu_publisher-2] [INFO] [1732729714.975058831] [drone_home1.sim]: -0.014348989075042133
[imu_publisher-2] [INFO] [1732729715.024361348] [drone_home1.sim]: -0.014348989075042133
[imu_publisher-2] [INFO] [1732729715.074110214] [drone_home1.sim]: -0.014348989075042133
[imu_publisher-2] [INFO] [1732729715.181664000] [drone_home1.sim]: -0.014348989075042133
[imu_publisher-2] [INFO] [1732729715.227684347] [drone_home1.sim]: -0.014348989075042133
[imu_publisher-2] [INFO] [1732729715.287865384] [drone_home1.sim]: -0.014348989075042133
[imu_publisher-2] [INFO] [1732729715.344522994] [drone_home1.sim]: -0.014348989075042133
[imu_publisher-2] [INFO] [1732729715.395703687] [drone_home1.sim]: -0.014348989075042133
[imu_publisher-2] [INFO] [1732729715.459683779] [drone_home1.sim]: -0.014348989075042133
[imu_publisher-2] [INFO] [1732729715.473315842] [drone_home1.sim]: -0.014348989075042133
[imu_publisher-2] [INFO] [1732729715.523987129] [drone_home1.sim]: -0.014348989075042133
[imu_publisher-2] [INFO] [1732729715.585784418] [drone_home1.sim]: -0.014348989075042133
[imu_publisher-2] [INFO] [1732729715.623902711] [drone_home1.sim]: -0.014348989075042133
[imu_publisher-2] [INFO] [1732729715.673744262] [drone_home1.sim]: -0.014348989075042133
[imu_publisher-2] [INFO] [1732729715.724255440] [drone_home1.sim]: -0.014348989075042133
[imu_publisher-2] [INFO] [1732729715.774519507] [drone_home1.sim]: -0.014348989075042133
[imu_publisher-2] [INFO] [1732729715.824482724] [drone_home1.sim]: -0.014348989075042133
[imu_publisher-2] [INFO] [1732729715.890890212] [drone_home1.sim]: -0.014348989075042133
[imu_publisher-2] [INFO] [1732729715.945029260] [drone_home1.sim]: -0.014348989075042133
[imu_publisher-2] [INFO] [1732729715.994942218] [drone_home1.sim]: -0.014348989075042133
[imu_publisher-2] [INFO] [1732729716.055093737] [drone_home1.sim]: -0.014348989075042133
[imu_publisher-2] [INFO] [1732729716.074819140] [drone_home1.sim]: -0.014348989075042133
[imu_publisher-2] [INFO] [1732729716.129215428] [drone_home1.sim]: -0.014348989075042133
[imu_publisher-2] [INFO] [1732729716.186278424] [drone_home1.sim]: -0.014348989075042133
[imu_publisher-2] [INFO] [1732729716.225582101] [drone_home1.sim]: -0.014348989075042133
[imu_publisher-2] [INFO] [1732729716.275731873] [drone_home1.sim]: -0.014348989075042133
[imu_publisher-2] [INFO] [1732729716.346839690] [drone_home1.sim]: -0.014348989075042133
[imu_publisher-2] [INFO] [1732729716.374993088] [drone_home1.sim]: -0.014348989075042133
[imu_publisher-2] [INFO] [1732729716.424684862] [drone_home1.sim]: -0.014348989075042133
[imu_publisher-2] [INFO] [1732729716.475245428] [drone_home1.sim]: -0.014348989075042133
[imu_publisher-2] [INFO] [1732729716.527405949] [drone_home1.sim]: -0.014348989075042133
[imu_publisher-2] [INFO] [1732729716.628981301] [drone_home1.sim]: -0.014348989075042133
[imu_publisher-2] [INFO] [1732729716.696013841] [drone_home1.sim]: -0.014348989075042133
[imu_publisher-2] [INFO] [1732729716.723591891] [drone_home1.sim]: -0.014348989075042133
[imu_publisher-2] [INFO] [1732729716.773808477] [drone_home1.sim]: -0.014348989075042133
[imu_publisher-2] [INFO] [1732729716.858931447] [drone_home1.sim]: -0.014348989075042133
[imu_publisher-2] [INFO] [1732729716.873803485] [drone_home1.sim]: -0.014348989075042133
[imu_publisher-2] [INFO] [1732729716.923938793] [drone_home1.sim]: -0.014348989075042133
[imu_publisher-2] [INFO] [1732729716.973993158] [drone_home1.sim]: -0.014348989075042133
[imu_publisher-2] [INFO] [1732729717.023894857] [drone_home1.sim]: -0.014348989075042133
[imu_publisher-2] [INFO] [1732729717.074054314] [drone_home1.sim]: -0.014348989075042133
[imu_publisher-2] [INFO] [1732729717.123997142] [drone_home1.sim]: -0.014348989075042133
