[INFO] [launch]: All log files can be found below /home/pi/.ros/log/2024-12-02-14-24-27-919640-drone-home-15042
[INFO] [launch]: Default logging verbosity is set to INFO
[INFO] [visualization-1]: process started with pid [15053]
[visualization-1] [INFO] [1733167468.816772022] [drone_home1.sim]: Heading 96.94765497624569
[visualization-1] [INFO] [1733167468.890841539] [drone_home1.sim]: Heading 96.92668725700878
[visualization-1] [INFO] [1733167468.990809032] [drone_home1.sim]: Heading 96.94887168610599
[visualization-1] [INFO] [1733167469.091020376] [drone_home1.sim]: Heading 96.93667850354959
[visualization-1] [INFO] [1733167469.190812092] [drone_home1.sim]: Heading 96.93605604691558
[visualization-1] [INFO] [1733167469.290746530] [drone_home1.sim]: Heading 96.47266140874306
[visualization-1] [INFO] [1733167469.390797634] [drone_home1.sim]: Heading 94.69968688272546
[visualization-1] [INFO] [1733167469.490821682] [drone_home1.sim]: Heading 90.77456105248824
[visualization-1] [INFO] [1733167469.590747305] [drone_home1.sim]: Heading 85.55040393658427
[visualization-1] [INFO] [1733167469.690832982] [drone_home1.sim]: Heading 79.77429068619931
[visualization-1] [INFO] [1733167469.790797327] [drone_home1.sim]: Heading 73.97929376687902
[visualization-1] [INFO] [1733167469.890823153] [drone_home1.sim]: Heading 68.27811107496562
[visualization-1] [INFO] [1733167469.990865553] [drone_home1.sim]: Heading 62.908436701425
[visualization-1] [INFO] [1733167470.090891694] [drone_home1.sim]: Heading 57.935375622253694
[visualization-1] [INFO] [1733167470.190869853] [drone_home1.sim]: Heading 53.19518066307582
[visualization-1] [INFO] [1733167470.290803069] [drone_home1.sim]: Heading 49.59623838026929
[visualization-1] [INFO] [1733167470.390780432] [drone_home1.sim]: Heading 47.96198898249345
[visualization-1] [INFO] [1733167470.490700054] [drone_home1.sim]: Heading 50.2703866601398
[visualization-1] [INFO] [1733167470.590795639] [drone_home1.sim]: Heading 54.81350518804201
[visualization-1] [INFO] [1733167470.690791891] [drone_home1.sim]: Heading 60.288123796885316
[visualization-1] [INFO] [1733167470.790800902] [drone_home1.sim]: Heading 66.125494569985
[visualization-1] [INFO] [1733167470.890700969] [drone_home1.sim]: Heading 70.62360484715185
[visualization-1] [INFO] [1733167470.990808517] [drone_home1.sim]: Heading 75.6261485995606
[visualization-1] [INFO] [1733167471.090957712] [drone_home1.sim]: Heading 80.01564930208878
[visualization-1] [INFO] [1733167471.190826946] [drone_home1.sim]: Heading 83.36671453912052
[visualization-1] [INFO] [1733167471.290818698] [drone_home1.sim]: Heading 86.53303834860483
[visualization-1] [INFO] [1733167471.390861931] [drone_home1.sim]: Heading 89.16529415663888
[visualization-1] [INFO] [1733167471.491366903] [drone_home1.sim]: Heading 91.22918273504177
[visualization-1] [INFO] [1733167471.590803157] [drone_home1.sim]: Heading 93.1238474248268
[visualization-1] [INFO] [1733167471.690774427] [drone_home1.sim]: Heading 94.77821300905566
[visualization-1] [INFO] [1733167471.790677271] [drone_home1.sim]: Heading 95.04350982328178
[visualization-1] [INFO] [1733167471.890796837] [drone_home1.sim]: Heading 94.94206107131173
[visualization-1] [INFO] [1733167471.990824867] [drone_home1.sim]: Heading 96.36050087940284
[visualization-1] [INFO] [1733167472.090802766] [drone_home1.sim]: Heading 99.19098544090653
[visualization-1] [INFO] [1733167472.190816444] [drone_home1.sim]: Heading 103.14289247718347
[visualization-1] [INFO] [1733167472.290749288] [drone_home1.sim]: Heading 107.39618767332115
[visualization-1] [INFO] [1733167472.390871946] [drone_home1.sim]: Heading 111.19159977106011
[visualization-1] [INFO] [1733167472.490685921] [drone_home1.sim]: Heading 114.20039360762048
[visualization-1] [INFO] [1733167472.590806524] [drone_home1.sim]: Heading 116.1431221736255
[visualization-1] [INFO] [1733167472.690723775] [drone_home1.sim]: Heading 116.82217078111364
[visualization-1] [INFO] [1733167472.790808175] [drone_home1.sim]: Heading 115.71597328509742
[visualization-1] [INFO] [1733167472.890861722] [drone_home1.sim]: Heading 112.66439995936834
[visualization-1] [INFO] [1733167472.990775048] [drone_home1.sim]: Heading 108.76393128934873
[visualization-1] [INFO] [1733167473.091010817] [drone_home1.sim]: Heading 104.42006166646162
[visualization-1] [INFO] [1733167473.190843384] [drone_home1.sim]: Heading 100.47049675226849
[visualization-1] [INFO] [1733167473.290903579] [drone_home1.sim]: Heading 96.31635872963676
[visualization-1] [INFO] [1733167473.390848423] [drone_home1.sim]: Heading 91.82234262379977
[visualization-1] [INFO] [1733167473.490822674] [drone_home1.sim]: Heading 88.78007405137798
[visualization-1] [INFO] [1733167473.590803037] [drone_home1.sim]: Heading 88.0248865142942
[visualization-1] [INFO] [1733167473.690800547] [drone_home1.sim]: Heading 88.68557491177599
[visualization-1] [INFO] [1733167473.790823891] [drone_home1.sim]: Heading 89.81729352029134
[visualization-1] [INFO] [1733167473.891012123] [drone_home1.sim]: Heading 89.4176182197614
[visualization-1] [INFO] [1733167473.990785190] [drone_home1.sim]: Heading 89.57351514450929
[visualization-1] [INFO] [1733167474.090849848] [drone_home1.sim]: Heading 89.54064155634552
[visualization-1] [INFO] [1733167474.190783025] [drone_home1.sim]: Heading 89.6237354235618
[visualization-1] [INFO] [1733167474.290810517] [drone_home1.sim]: Heading 89.63582341850555
[visualization-1] [INFO] [1733167474.390830323] [drone_home1.sim]: Heading 89.67244196273903
[visualization-1] [INFO] [1733167474.490938351] [drone_home1.sim]: Heading 89.68524399129511
[visualization-1] [INFO] [1733167474.590804418] [drone_home1.sim]: Heading 89.68524198084722
[visualization-1] [INFO] [1733167474.690983390] [drone_home1.sim]: Heading 89.68524198084722
[visualization-1] [INFO] [1733167474.790822309] [drone_home1.sim]: Heading 89.68451120939598
[visualization-1] [INFO] [1733167474.890832837] [drone_home1.sim]: Heading 89.68377726932205
[visualization-1] [INFO] [1733167474.990749903] [drone_home1.sim]: Heading 89.68377726932205
[visualization-1] [INFO] [1733167475.090798228] [drone_home1.sim]: Heading 89.68304821636771
[visualization-1] [INFO] [1733167475.190918275] [drone_home1.sim]: Heading 89.6815926950722
[visualization-1] [INFO] [1733167475.290737452] [drone_home1.sim]: Heading 89.68086622671879
[visualization-1] [INFO] [1733167475.390824777] [drone_home1.sim]: Heading 89.68086622671879
[visualization-1] [INFO] [1733167475.490841546] [drone_home1.sim]: Heading 89.68086622671879
[visualization-1] [INFO] [1733167475.590683260] [drone_home1.sim]: Heading 89.68086622671879
[visualization-1] [INFO] [1733167475.690798418] [drone_home1.sim]: Heading 89.68086622671879
[visualization-1] [INFO] [1733167475.790810113] [drone_home1.sim]: Heading 89.68086622671879
[visualization-1] [INFO] [1733167475.890825845] [drone_home1.sim]: Heading 89.68086622671879
[visualization-1] [INFO] [1733167475.990799077] [drone_home1.sim]: Heading 89.68086622671879
[visualization-1] [INFO] [1733167476.090801069] [drone_home1.sim]: Heading 89.68086622671879
[visualization-1] [INFO] [1733167476.190756634] [drone_home1.sim]: Heading 89.6823220445556
[visualization-1] [INFO] [1733167476.290821107] [drone_home1.sim]: Heading 89.68232406413242
[visualization-1] [INFO] [1733167476.390706432] [drone_home1.sim]: Heading 89.67170841160966
[visualization-1] [INFO] [1733167476.490892200] [drone_home1.sim]: Heading 89.6717104961961
[visualization-1] [INFO] [1733167476.590789655] [drone_home1.sim]: Heading 89.67025429939657
[visualization-1] [INFO] [1733167476.690698591] [drone_home1.sim]: Heading 89.67097570884158
[visualization-1] [INFO] [1733167476.790806119] [drone_home1.sim]: Heading 89.67027647824797
[visualization-1] [INFO] [1733167476.890823703] [drone_home1.sim]: Heading 89.67027647824797
[visualization-1] [INFO] [1733167476.990757861] [drone_home1.sim]: Heading 89.66955181284108
[visualization-1] [INFO] [1733167477.090804611] [drone_home1.sim]: Heading 89.66954763133216
[visualization-1] [INFO] [1733167477.190796343] [drone_home1.sim]: Heading 89.66035377658226
[visualization-1] [INFO] [1733167477.290682242] [drone_home1.sim]: Heading 89.66035162485804
[visualization-1] [INFO] [1733167477.390818269] [drone_home1.sim]: Heading 89.66034732132783
[visualization-1] [INFO] [1733167477.490838242] [drone_home1.sim]: Heading 89.64198967293812
[visualization-1] [INFO] [1733167477.590682326] [drone_home1.sim]: Heading 89.58851767162506
[visualization-1] [INFO] [1733167477.690593428] [drone_home1.sim]: Heading 89.51680518333688
[visualization-1] [INFO] [1733167477.790683030] [drone_home1.sim]: Heading 89.44450463394438
[visualization-1] [INFO] [1733167477.890769243] [drone_home1.sim]: Heading 89.36859430481881
[visualization-1] [INFO] [1733167477.990811030] [drone_home1.sim]: Heading 89.23509558404898
[visualization-1] [INFO] [1733167478.090809355] [drone_home1.sim]: Heading 89.1647785909395
[visualization-1] [INFO] [1733167478.190843827] [drone_home1.sim]: Heading 89.10869331294933
[visualization-1] [INFO] [1733167478.290753596] [drone_home1.sim]: Heading 88.95982137200834
[visualization-1] [INFO] [1733167478.390834975] [drone_home1.sim]: Heading 88.69569808027418
[visualization-1] [INFO] [1733167478.490866984] [drone_home1.sim]: Heading 88.61375284479745
[visualization-1] [INFO] [1733167478.590830216] [drone_home1.sim]: Heading 88.59211131258078
[visualization-1] [INFO] [1733167478.690813225] [drone_home1.sim]: Heading 88.64252329039351
[visualization-1] [INFO] [1733167478.790797735] [drone_home1.sim]: Heading 88.77634614729635
[visualization-1] [INFO] [1733167478.890825355] [drone_home1.sim]: Heading 88.94201247538393
[visualization-1] [INFO] [1733167478.990811068] [drone_home1.sim]: Heading 89.14778433856814
[visualization-1] [INFO] [1733167479.090791337] [drone_home1.sim]: Heading 89.39923365344404
[visualization-1] [INFO] [1733167479.190893105] [drone_home1.sim]: Heading 89.6075160966224
[visualization-1] [INFO] [1733167479.290813429] [drone_home1.sim]: Heading 89.70626593405501
[visualization-1] [INFO] [1733167479.391019678] [drone_home1.sim]: Heading 89.72602545833689
[visualization-1] [INFO] [1733167479.490818373] [drone_home1.sim]: Heading 89.73871534518152
[visualization-1] [INFO] [1733167479.590818790] [drone_home1.sim]: Heading 89.73941983115019
[visualization-1] [INFO] [1733167479.690751818] [drone_home1.sim]: Heading 89.7387055948151
[visualization-1] [INFO] [1733167479.790921307] [drone_home1.sim]: Heading 89.73799384163632
[visualization-1] [INFO] [1733167479.890844613] [drone_home1.sim]: Heading 89.73728294897558
[visualization-1] [INFO] [1733167479.990642493] [drone_home1.sim]: Heading 89.73657291682774
[visualization-1] [INFO] [1733167480.090759539] [drone_home1.sim]: Heading 89.73657291682774
[visualization-1] [INFO] [1733167480.190841103] [drone_home1.sim]: Heading 89.73659401292409
[visualization-1] [INFO] [1733167480.290961037] [drone_home1.sim]: Heading 89.73659401292409
[visualization-1] [INFO] [1733167480.390819065] [drone_home1.sim]: Heading 89.73588490001006
[visualization-1] [INFO] [1733167480.490643482] [drone_home1.sim]: Heading 89.73588490001006
[visualization-1] [INFO] [1733167480.590804528] [drone_home1.sim]: Heading 89.73588490001006
[visualization-1] [INFO] [1733167480.690823537] [drone_home1.sim]: Heading 89.73588490001006
[visualization-1] [INFO] [1733167480.790832305] [drone_home1.sim]: Heading 89.73588490001006
[visualization-1] [INFO] [1733167480.890816888] [drone_home1.sim]: Heading 89.73588490001006
[visualization-1] [INFO] [1733167480.990849452] [drone_home1.sim]: Heading 89.73588490001006
[visualization-1] [INFO] [1733167481.090797331] [drone_home1.sim]: Heading 89.73588490001006
[visualization-1] [INFO] [1733167481.190826099] [drone_home1.sim]: Heading 89.73588490001006
[visualization-1] [INFO] [1733167481.290811275] [drone_home1.sim]: Heading 89.73588490001006
[visualization-1] [INFO] [1733167481.390705006] [drone_home1.sim]: Heading 89.73588490001006
[visualization-1] [INFO] [1733167481.490886329] [drone_home1.sim]: Heading 89.73588490001006
[visualization-1] [INFO] [1733167481.590663857] [drone_home1.sim]: Heading 89.73588490001006
[visualization-1] [INFO] [1733167481.690893364] [drone_home1.sim]: Heading 89.73588490001006
[visualization-1] [INFO] [1733167481.790755726] [drone_home1.sim]: Heading 89.73588490001006
[visualization-1] [INFO] [1733167481.890831012] [drone_home1.sim]: Heading 89.73588490001006
[visualization-1] [INFO] [1733167481.990818854] [drone_home1.sim]: Heading 89.73588490001006
[visualization-1] [INFO] [1733167482.091046472] [drone_home1.sim]: Heading 89.73588490001006
[visualization-1] [INFO] [1733167482.190896519] [drone_home1.sim]: Heading 89.73588490001006
[visualization-1] [INFO] [1733167482.290811213] [drone_home1.sim]: Heading 89.73588490001006
[visualization-1] [INFO] [1733167482.390778814] [drone_home1.sim]: Heading 89.73588490001006
[visualization-1] [INFO] [1733167482.490892322] [drone_home1.sim]: Heading 89.73588490001006
[visualization-1] [INFO] [1733167482.590807460] [drone_home1.sim]: Heading 89.73588490001006
[visualization-1] [INFO] [1733167482.690826357] [drone_home1.sim]: Heading 89.73588490001006
[visualization-1] [INFO] [1733167482.790841995] [drone_home1.sim]: Heading 89.73588490001006
[visualization-1] [INFO] [1733167482.890781708] [drone_home1.sim]: Heading 89.73588490001006
[visualization-1] [INFO] [1733167482.990793513] [drone_home1.sim]: Heading 89.73588490001006
[visualization-1] [INFO] [1733167483.526149456] [drone_home1.sim]: Heading 89.73588490001006
[visualization-1] [INFO] [1733167483.590812747] [drone_home1.sim]: Heading 89.73588490001006
[visualization-1] [INFO] [1733167483.690827903] [drone_home1.sim]: Heading 89.73588490001006
[visualization-1] [INFO] [1733167483.790836875] [drone_home1.sim]: Heading 89.73588490001006
[visualization-1] [INFO] [1733167483.890814846] [drone_home1.sim]: Heading 89.73588490001006
[visualization-1] [INFO] [1733167483.990799373] [drone_home1.sim]: Heading 89.73588490001006
[visualization-1] [INFO] [1733167484.090878547] [drone_home1.sim]: Heading 89.73588490001006
[visualization-1] [INFO] [1733167484.195073113] [drone_home1.sim]: Heading 89.73588490001006
[visualization-1] [INFO] [1733167484.290757749] [drone_home1.sim]: Heading 89.73588490001006
[visualization-1] [INFO] [1733167484.390818664] [drone_home1.sim]: Heading 89.73588490001006
[visualization-1] [INFO] [1733167484.494954767] [drone_home1.sim]: Heading 89.73588490001006
[visualization-1] [INFO] [1733167484.590868791] [drone_home1.sim]: Heading 89.73588490001006
[visualization-1] [INFO] [1733167484.690741485] [drone_home1.sim]: Heading 89.73588490001006
[visualization-1] [INFO] [1733167484.790819196] [drone_home1.sim]: Heading 89.73588490001006
[visualization-1] [INFO] [1733167484.890788130] [drone_home1.sim]: Heading 89.73588490001006
[visualization-1] [INFO] [1733167484.990834267] [drone_home1.sim]: Heading 89.73588490001006
[visualization-1] [INFO] [1733167485.090756183] [drone_home1.sim]: Heading 89.73588490001006
[visualization-1] [INFO] [1733167485.190868264] [drone_home1.sim]: Heading 89.73588490001006
[visualization-1] [INFO] [1733167485.290880457] [drone_home1.sim]: Heading 89.73588490001006
[visualization-1] [INFO] [1733167485.390807299] [drone_home1.sim]: Heading 89.56081927870267
[visualization-1] [INFO] [1733167485.490671511] [drone_home1.sim]: Heading 89.55608134196744
[visualization-1] [INFO] [1733167485.590821740] [drone_home1.sim]: Heading 89.783158665123
[visualization-1] [INFO] [1733167485.784408706] [drone_home1.sim]: Heading 89.783158665123
[visualization-1] [INFO] [1733167485.791085458] [drone_home1.sim]: Heading 90.55895497784309
[visualization-1] [INFO] [1733167485.890800690] [drone_home1.sim]: Heading 91.29369463817446
[visualization-1] [INFO] [1733167486.468319395] [drone_home1.sim]: Heading 91.29369463817446
[visualization-1] [INFO] [1733167486.987210713] [drone_home1.sim]: Heading 94.13651333716686
[visualization-1] [INFO] [1733167487.613717656] [drone_home1.sim]: Heading 92.64839677382002
[visualization-1] [INFO] [1733167487.690708732] [drone_home1.sim]: Heading 92.11509925645397
[visualization-1] [INFO] [1733167487.790750165] [drone_home1.sim]: Heading 92.05020112808907
[visualization-1] [INFO] [1733167487.890801728] [drone_home1.sim]: Heading 92.20664837251007
[visualization-1] [INFO] [1733167487.990844328] [drone_home1.sim]: Heading 92.39153733664158
[visualization-1] [INFO] [1733167488.090744984] [drone_home1.sim]: Heading 92.68311231898299
[visualization-1] [INFO] [1733167488.190815213] [drone_home1.sim]: Heading 92.81259257828242
[visualization-1] [INFO] [1733167488.290813331] [drone_home1.sim]: Heading 92.96757238516649
[visualization-1] [INFO] [1733167488.391303207] [drone_home1.sim]: Heading 92.93803561251684
[visualization-1] [INFO] [1733167488.490815956] [drone_home1.sim]: Heading 93.09302445141098
[visualization-1] [INFO] [1733167488.590782408] [drone_home1.sim]: Heading 92.80239626983766
[visualization-1] [INFO] [1733167488.690776545] [drone_home1.sim]: Heading 92.77368156603688
[visualization-1] [INFO] [1733167488.790881070] [drone_home1.sim]: Heading 92.4575260497197
[visualization-1] [INFO] [1733167488.890789744] [drone_home1.sim]: Heading 92.28656937051991
[visualization-1] [INFO] [1733167488.990828733] [drone_home1.sim]: Heading 91.92255653954491
[visualization-1] [INFO] [1733167489.090821054] [drone_home1.sim]: Heading 91.60671593871882
[visualization-1] [INFO] [1733167489.190778895] [drone_home1.sim]: Heading 91.46339083172246
[visualization-1] [INFO] [1733167489.290749587] [drone_home1.sim]: Heading 91.05771031780725
[visualization-1] [INFO] [1733167489.390870223] [drone_home1.sim]: Heading 90.92760755468356
[visualization-1] [INFO] [1733167489.490826082] [drone_home1.sim]: Heading 91.15677377574994
[visualization-1] [INFO] [1733167489.591354143] [drone_home1.sim]: Heading 91.28152125870659
[visualization-1] [INFO] [1733167489.690821763] [drone_home1.sim]: Heading 91.71869344882411
[visualization-1] [INFO] [1733167489.790811992] [drone_home1.sim]: Heading 91.83937307199339
[visualization-1] [INFO] [1733167489.890875073] [drone_home1.sim]: Heading 91.65255299254727
[visualization-1] [INFO] [1733167489.990979172] [drone_home1.sim]: Heading 91.5908980294888
[visualization-1] [INFO] [1733167490.090802901] [drone_home1.sim]: Heading 91.48690699930115
[visualization-1] [INFO] [1733167490.854554482] [drone_home1.sim]: Heading 91.48690699930115
[visualization-1] [INFO] [1733167490.890721714] [drone_home1.sim]: Heading 88.82372918205655
[visualization-1] [INFO] [1733167490.991014572] [drone_home1.sim]: Heading 88.73184740854154
[visualization-1] [INFO] [1733167491.090822172] [drone_home1.sim]: Heading 87.41496067661919
[visualization-1] [INFO] [1733167491.190884659] [drone_home1.sim]: Heading 86.7398235430092
[visualization-1] [INFO] [1733167491.290814370] [drone_home1.sim]: Heading 86.25454746350806
[visualization-1] [INFO] [1733167491.390880654] [drone_home1.sim]: Heading 86.11295175971112
[visualization-1] [INFO] [1733167491.490878753] [drone_home1.sim]: Heading 85.98285514736224
[visualization-1] [INFO] [1733167491.590856741] [drone_home1.sim]: Heading 85.75410862034543
[visualization-1] [INFO] [1733167491.690900136] [drone_home1.sim]: Heading 85.07420455412453
[visualization-1] [INFO] [1733167491.790809421] [drone_home1.sim]: Heading 84.54999840894595
[visualization-1] [INFO] [1733167491.890907408] [drone_home1.sim]: Heading 83.79708237794145
[visualization-1] [INFO] [1733167491.990806878] [drone_home1.sim]: Heading 83.24679036929957
[visualization-1] [INFO] [1733167492.094036946] [drone_home1.sim]: Heading 83.24679036929957
[visualization-1] [INFO] [1733167492.200913926] [drone_home1.sim]: Heading 82.66130220921318
[visualization-1] [INFO] [1733167492.290814212] [drone_home1.sim]: Heading 81.41710992844799
[visualization-1] [INFO] [1733167492.390814959] [drone_home1.sim]: Heading 79.78273859792347
[visualization-1] [INFO] [1733167492.490821039] [drone_home1.sim]: Heading 77.4355917005027
[visualization-1] [INFO] [1733167492.590810934] [drone_home1.sim]: Heading 75.31712564144209
[visualization-1] [INFO] [1733167492.891402821] [drone_home1.sim]: Heading 75.31712564144209
[visualization-1] [INFO] [1733167493.113544934] [drone_home1.sim]: Heading 65.7655286190328
[visualization-1] [INFO] [1733167493.190784175] [drone_home1.sim]: Heading 58.29670927625974
[visualization-1] [INFO] [1733167493.290808459] [drone_home1.sim]: Heading 53.52253220670955
[visualization-1] [INFO] [1733167493.390759132] [drone_home1.sim]: Heading 49.05551358766347
[visualization-1] [INFO] [1733167493.490799489] [drone_home1.sim]: Heading 45.25113552708826
[visualization-1] [INFO] [1733167493.590830255] [drone_home1.sim]: Heading 40.99516648619462
[visualization-1] [INFO] [1733167493.690824224] [drone_home1.sim]: Heading 37.07363586007036
[visualization-1] [INFO] [1733167493.790947914] [drone_home1.sim]: Heading 32.87365942427843
[visualization-1] [INFO] [1733167493.891164364] [drone_home1.sim]: Heading 28.64344476800569
[visualization-1] [INFO] [1733167493.990914001] [drone_home1.sim]: Heading 24.313222693461185
[visualization-1] [INFO] [1733167494.090713470] [drone_home1.sim]: Heading 20.112296750449538
[visualization-1] [INFO] [1733167494.192605302] [drone_home1.sim]: Heading 20.112296750449538
[visualization-1] [INFO] [1733167494.308594006] [drone_home1.sim]: Heading 14.849367186483926
[visualization-1] [INFO] [1733167494.390813228] [drone_home1.sim]: Heading 7.156832974088474
[visualization-1] [INFO] [1733167494.490837567] [drone_home1.sim]: Heading 2.524863711040716
[visualization-1] [INFO] [1733167494.590801869] [drone_home1.sim]: Heading -2.329556312237177
[visualization-1] [INFO] [1733167494.744178930] [drone_home1.sim]: Heading -2.329556312237177
[visualization-1] [INFO] [1733167494.790781178] [drone_home1.sim]: Heading -12.056825596051878
[visualization-1] [INFO] [1733167494.890939461] [drone_home1.sim]: Heading -17.075615058058197
[visualization-1] [INFO] [1733167494.990822967] [drone_home1.sim]: Heading -22.296059155674538
[visualization-1] [INFO] [1733167495.090704491] [drone_home1.sim]: Heading -27.648253031123023
[visualization-1] [INFO] [1733167495.190756478] [drone_home1.sim]: Heading -33.11524911068385
[visualization-1] [INFO] [1733167495.290843891] [drone_home1.sim]: Heading -39.01504404564638
[visualization-1] [INFO] [1733167495.390813452] [drone_home1.sim]: Heading -44.91291712536329
[visualization-1] [INFO] [1733167495.490807273] [drone_home1.sim]: Heading -50.32949405669749
[visualization-1] [INFO] [1733167495.590820630] [drone_home1.sim]: Heading -56.64267217172314
[visualization-1] [INFO] [1733167495.690798340] [drone_home1.sim]: Heading -62.636368820277916
[visualization-1] [INFO] [1733167495.790869993] [drone_home1.sim]: Heading -69.1516753827322
[visualization-1] [INFO] [1733167495.890819295] [drone_home1.sim]: Heading -75.71741455782427
[visualization-1] [INFO] [1733167495.990818560] [drone_home1.sim]: Heading -82.53535565728639
[visualization-1] [INFO] [1733167496.090840010] [drone_home1.sim]: Heading -89.48832079402268
[visualization-1] [INFO] [1733167496.190835274] [drone_home1.sim]: Heading -96.12583945471948
[visualization-1] [INFO] [1733167496.290811354] [drone_home1.sim]: Heading -102.93501910545714
[visualization-1] [INFO] [1733167496.390844563] [drone_home1.sim]: Heading -109.76882787814331
[visualization-1] [INFO] [1733167496.490909013] [drone_home1.sim]: Heading -116.44212777547477
[visualization-1] [INFO] [1733167496.590756204] [drone_home1.sim]: Heading -123.35410171582848
[visualization-1] [INFO] [1733167496.738469656] [drone_home1.sim]: Heading -123.35410171582848
[visualization-1] [INFO] [1733167496.790835288] [drone_home1.sim]: Heading -137.41533706788454
[visualization-1] [INFO] [1733167496.890829183] [drone_home1.sim]: Heading -144.3725609586105
[visualization-1] [INFO] [1733167496.990833632] [drone_home1.sim]: Heading -151.56269710898064
[visualization-1] [INFO] [1733167497.090740823] [drone_home1.sim]: Heading -158.66407590062812
[visualization-1] [INFO] [1733167497.190815884] [drone_home1.sim]: Heading -165.8212717701037
[visualization-1] [INFO] [1733167497.290803185] [drone_home1.sim]: Heading -173.11922973022965
[visualization-1] [INFO] [1733167497.390805375] [drone_home1.sim]: Heading 179.85273049962328
[visualization-1] [INFO] [1733167497.490818195] [drone_home1.sim]: Heading 173.56318692711557
[visualization-1] [INFO] [1733167497.590757330] [drone_home1.sim]: Heading 166.535043026377
[visualization-1] [INFO] [1733167497.690662503] [drone_home1.sim]: Heading 161.31046518300403
[visualization-1] [INFO] [1733167497.790804600] [drone_home1.sim]: Heading 157.80928847793405
[visualization-1] [INFO] [1733167497.890786401] [drone_home1.sim]: Heading 156.2627853550046
[visualization-1] [INFO] [1733167497.990813869] [drone_home1.sim]: Heading 154.8867180165044
[visualization-1] [INFO] [1733167498.090903985] [drone_home1.sim]: Heading 154.42931353128296
[visualization-1] [INFO] [1733167498.190831546] [drone_home1.sim]: Heading 154.37125283729955
[visualization-1] [INFO] [1733167498.299652684] [drone_home1.sim]: Heading 154.37125283729955
[visualization-1] [INFO] [1733167498.390807186] [drone_home1.sim]: Heading 154.47601666961407
[visualization-1] [INFO] [1733167498.490758543] [drone_home1.sim]: Heading 154.51117061897523
[visualization-1] [INFO] [1733167498.590819270] [drone_home1.sim]: Heading 154.5051670103888
[visualization-1] [INFO] [1733167498.726836729] [drone_home1.sim]: Heading 154.5051670103888
[visualization-1] [INFO] [1733167498.790874187] [drone_home1.sim]: Heading 151.44235787828177
[visualization-1] [INFO] [1733167498.890931377] [drone_home1.sim]: Heading 148.90623626202353
[visualization-1] [INFO] [1733167498.990755734] [drone_home1.sim]: Heading 147.58008126220574
[visualization-1] [INFO] [1733167499.090798813] [drone_home1.sim]: Heading 148.30353445531344
[visualization-1] [INFO] [1733167499.190889465] [drone_home1.sim]: Heading 149.49681872351056
[visualization-1] [INFO] [1733167499.341350721] [drone_home1.sim]: Heading 149.49681872351056
[visualization-1] [INFO] [1733167499.390819494] [drone_home1.sim]: Heading 150.9667639051865
[visualization-1] [INFO] [1733167499.490822739] [drone_home1.sim]: Heading 151.51198599625033
[visualization-1] [INFO] [1733167499.590823318] [drone_home1.sim]: Heading 151.64959189039624
[visualization-1] [INFO] [1733167499.690747619] [drone_home1.sim]: Heading 151.77585281350403
[visualization-1] [INFO] [1733167499.790805920] [drone_home1.sim]: Heading 151.2344749443902
[visualization-1] [INFO] [1733167499.890779777] [drone_home1.sim]: Heading 150.85675355548668
[visualization-1] [INFO] [1733167499.990815207] [drone_home1.sim]: Heading 150.15948501210244
[visualization-1] [INFO] [1733167500.090670953] [drone_home1.sim]: Heading 149.388669867166
[visualization-1] [INFO] [1733167500.190879420] [drone_home1.sim]: Heading 148.8296835371812
[visualization-1] [INFO] [1733167500.290803036] [drone_home1.sim]: Heading 148.1782090637476
[visualization-1] [INFO] [1733167500.390977151] [drone_home1.sim]: Heading 147.80608997858613
[visualization-1] [INFO] [1733167500.490707397] [drone_home1.sim]: Heading 147.5650540421147
[visualization-1] [INFO] [1733167500.590802457] [drone_home1.sim]: Heading 147.52570169980913
[visualization-1] [INFO] [1733167500.692994860] [drone_home1.sim]: Heading 147.52570169980913
[visualization-1] [INFO] [1733167500.790748985] [drone_home1.sim]: Heading 148.8472328912973
[visualization-1] [INFO] [1733167501.029616881] [drone_home1.sim]: Heading 148.8472328912973
[visualization-1] [INFO] [1733167501.459712394] [drone_home1.sim]: Heading 154.28105649727482
[visualization-1] [INFO] [1733167501.631674807] [drone_home1.sim]: Heading 155.54702251288342
[visualization-1] [INFO] [1733167501.738642284] [drone_home1.sim]: Heading 156.32566182067018
[visualization-1] [INFO] [1733167501.841386241] [drone_home1.sim]: Heading 156.74074215002972
[visualization-1] [INFO] [1733167501.952971219] [drone_home1.sim]: Heading 157.1556444658876
[visualization-1] [INFO] [1733167502.006626513] [drone_home1.sim]: Heading 157.45263491226896
[visualization-1] [INFO] [1733167502.090663393] [drone_home1.sim]: Heading 157.54079763245556
[visualization-1] [INFO] [1733167502.190757119] [drone_home1.sim]: Heading 158.9502269658536
[visualization-1] [INFO] [1733167502.290815512] [drone_home1.sim]: Heading 160.28738786640744
[visualization-1] [INFO] [1733167502.390606054] [drone_home1.sim]: Heading 161.69789159680238
[visualization-1] [INFO] [1733167502.490706743] [drone_home1.sim]: Heading 163.158351847449
[visualization-1] [INFO] [1733167502.590643599] [drone_home1.sim]: Heading 165.96782306573516
[visualization-1] [INFO] [1733167502.690839602] [drone_home1.sim]: Heading 168.614399124661
[visualization-1] [INFO] [1733167502.791063828] [drone_home1.sim]: Heading 169.90072435265805
[visualization-1] [INFO] [1733167502.890814814] [drone_home1.sim]: Heading 170.56068131237623
[visualization-1] [INFO] [1733167502.990853855] [drone_home1.sim]: Heading 170.78719064726488
[visualization-1] [INFO] [1733167503.090818396] [drone_home1.sim]: Heading 170.13425803106568
[visualization-1] [INFO] [1733167503.190816660] [drone_home1.sim]: Heading 169.56996767599935
[visualization-1] [INFO] [1733167503.290817904] [drone_home1.sim]: Heading 168.64768959367007
[visualization-1] [INFO] [1733167503.390811779] [drone_home1.sim]: Heading 167.55345352738811
[visualization-1] [INFO] [1733167503.490788060] [drone_home1.sim]: Heading 166.7155338665553
[visualization-1] [INFO] [1733167503.616305522] [drone_home1.sim]: Heading 166.7155338665553
[visualization-1] [INFO] [1733167503.690756790] [drone_home1.sim]: Heading 165.45345637128725
[visualization-1] [INFO] [1733167503.790801887] [drone_home1.sim]: Heading 165.34065079597255
[visualization-1] [INFO] [1733167503.890806928] [drone_home1.sim]: Heading 164.95261792383707
[visualization-1] [INFO] [1733167503.993100034] [drone_home1.sim]: Heading 164.95261792383707
[visualization-1] [INFO] [1733167504.090826324] [drone_home1.sim]: Heading 164.61175140675869
[visualization-1] [INFO] [1733167504.190810272] [drone_home1.sim]: Heading 164.40021517551443
[visualization-1] [INFO] [1733167504.290813554] [drone_home1.sim]: Heading 163.65100815809654
[visualization-1] [INFO] [1733167504.390912113] [drone_home1.sim]: Heading 159.10829451726943
[visualization-1] [INFO] [1733167504.490878450] [drone_home1.sim]: Heading 154.77930166276383
[visualization-1] [INFO] [1733167504.590754121] [drone_home1.sim]: Heading 151.90911640153232
[visualization-1] [INFO] [1733167504.690841902] [drone_home1.sim]: Heading 150.0125162977598
[visualization-1] [INFO] [1733167504.790796905] [drone_home1.sim]: Heading 148.97056678828022
[visualization-1] [INFO] [1733167504.890891187] [drone_home1.sim]: Heading 148.3739992428194
[visualization-1] [INFO] [1733167504.990809098] [drone_home1.sim]: Heading 148.25357844960573
[visualization-1] [INFO] [1733167505.090811064] [drone_home1.sim]: Heading 148.3318846990766
[visualization-1] [INFO] [1733167505.190780901] [drone_home1.sim]: Heading 148.1469384226881
[visualization-1] [INFO] [1733167505.290806497] [drone_home1.sim]: Heading 147.8701340768356
[visualization-1] [INFO] [1733167505.390801019] [drone_home1.sim]: Heading 147.6657684422979
[visualization-1] [INFO] [1733167505.490677486] [drone_home1.sim]: Heading 146.95275734036733
[visualization-1] [INFO] [1733167505.590757767] [drone_home1.sim]: Heading 145.91387146318962
[visualization-1] [INFO] [1733167505.690822215] [drone_home1.sim]: Heading 144.6891728549071
[visualization-1] [INFO] [1733167505.790871829] [drone_home1.sim]: Heading 143.32875779846339
[visualization-1] [INFO] [1733167505.890711981] [drone_home1.sim]: Heading 141.93054916132786
[visualization-1] [INFO] [1733167505.991056076] [drone_home1.sim]: Heading 140.73328421486468
[visualization-1] [INFO] [1733167506.090820451] [drone_home1.sim]: Heading 139.92827785040419
[visualization-1] [INFO] [1733167506.190803732] [drone_home1.sim]: Heading 139.24649918333543
[visualization-1] [INFO] [1733167506.290831957] [drone_home1.sim]: Heading 138.5025533781279
[visualization-1] [INFO] [1733167506.390752164] [drone_home1.sim]: Heading 137.78086643203224
[visualization-1] [INFO] [1733167506.490952185] [drone_home1.sim]: Heading 137.160603257705
[visualization-1] [INFO] [1733167506.590846504] [drone_home1.sim]: Heading 136.37310727461417
[visualization-1] [INFO] [1733167506.690835767] [drone_home1.sim]: Heading 135.645180575107
[visualization-1] [INFO] [1733167506.790806270] [drone_home1.sim]: Heading 135.0427556637262
[visualization-1] [INFO] [1733167506.890831792] [drone_home1.sim]: Heading 134.31242673160628
[visualization-1] [INFO] [1733167506.990943572] [drone_home1.sim]: Heading 133.62038425030448
[visualization-1] [INFO] [1733167507.090809298] [drone_home1.sim]: Heading 134.6716963985847
[visualization-1] [INFO] [1733167507.200573300] [drone_home1.sim]: Heading 134.6716963985847
[visualization-1] [INFO] [1733167507.290911544] [drone_home1.sim]: Heading 145.85477724303698
[visualization-1] [INFO] [1733167507.390755715] [drone_home1.sim]: Heading 151.9686997559494
[visualization-1] [INFO] [1733167507.490725866] [drone_home1.sim]: Heading 157.76270559304507
[visualization-1] [INFO] [1733167507.591007016] [drone_home1.sim]: Heading 164.00387613931758
[visualization-1] [INFO] [1733167507.691268666] [drone_home1.sim]: Heading 168.2128149860555
[visualization-1] [INFO] [1733167507.790757671] [drone_home1.sim]: Heading 175.2850299464737
[visualization-1] [INFO] [1733167507.890896748] [drone_home1.sim]: Heading -178.50772186079828
[visualization-1] [INFO] [1733167507.990937103] [drone_home1.sim]: Heading -172.45861820400694
[visualization-1] [INFO] [1733167508.090759273] [drone_home1.sim]: Heading -166.39551778532
[visualization-1] [INFO] [1733167508.190680072] [drone_home1.sim]: Heading -159.91738003433449
[visualization-1] [INFO] [1733167508.290911371] [drone_home1.sim]: Heading -153.39543096331292
[visualization-1] [INFO] [1733167508.390871392] [drone_home1.sim]: Heading -146.74716880310052
[visualization-1] [INFO] [1733167508.490807525] [drone_home1.sim]: Heading -140.2953923218071
[visualization-1] [INFO] [1733167508.590749935] [drone_home1.sim]: Heading -133.64299128524746
[visualization-1] [INFO] [1733167508.690815253] [drone_home1.sim]: Heading -126.8254846952375
[visualization-1] [INFO] [1733167508.790787311] [drone_home1.sim]: Heading -119.96443848749806
[visualization-1] [INFO] [1733167508.890927573] [drone_home1.sim]: Heading -112.651568663178
[visualization-1] [INFO] [1733167508.990945353] [drone_home1.sim]: Heading -105.65914968066775
[visualization-1] [INFO] [1733167509.090812079] [drone_home1.sim]: Heading -98.5906869915642
[visualization-1] [INFO] [1733167509.190830266] [drone_home1.sim]: Heading -91.57856080379989
[visualization-1] [INFO] [1733167509.308394479] [drone_home1.sim]: Heading -91.57856080379989
[visualization-1] [INFO] [1733167509.511496991] [drone_home1.sim]: Heading -83.4438432807349
[visualization-1] [INFO] [1733167509.590886962] [drone_home1.sim]: Heading -84.00191202609305
[visualization-1] [INFO] [1733167509.690809372] [drone_home1.sim]: Heading -85.23112595412057
[visualization-1] [INFO] [1733167509.790826153] [drone_home1.sim]: Heading -86.30913681344347
[visualization-1] [INFO] [1733167509.890858581] [drone_home1.sim]: Heading -87.20708343879191
[visualization-1] [INFO] [1733167509.990807250] [drone_home1.sim]: Heading -87.65169587970297
[visualization-1] [INFO] [1733167510.090824994] [drone_home1.sim]: Heading -87.9978323687919
[visualization-1] [INFO] [1733167510.190817755] [drone_home1.sim]: Heading -87.7542630545984
[visualization-1] [INFO] [1733167510.290899054] [drone_home1.sim]: Heading -87.66210206437482
[visualization-1] [INFO] [1733167510.390815093] [drone_home1.sim]: Heading -87.03239396531812
[visualization-1] [INFO] [1733167510.490564541] [drone_home1.sim]: Heading -86.6515755846542
[visualization-1] [INFO] [1733167510.590700913] [drone_home1.sim]: Heading -86.3445265026681
[visualization-1] [INFO] [1733167510.690845175] [drone_home1.sim]: Heading -86.295078828562
[visualization-1] [INFO] [1733167510.790828270] [drone_home1.sim]: Heading -85.89560455590401
[visualization-1] [INFO] [1733167510.890805254] [drone_home1.sim]: Heading -85.94856341570757
[visualization-1] [INFO] [1733167510.990935144] [drone_home1.sim]: Heading -85.5770651758519
[visualization-1] [INFO] [1733167511.090817480] [drone_home1.sim]: Heading -86.29513119678722
[visualization-1] [INFO] [1733167511.190708742] [drone_home1.sim]: Heading -87.67304110748168
[visualization-1] [INFO] [1733167511.290752374] [drone_home1.sim]: Heading -88.3714571660901
[visualization-1] [INFO] [1733167511.390818783] [drone_home1.sim]: Heading -88.93755735368917
[visualization-1] [INFO] [1733167511.490872359] [drone_home1.sim]: Heading -88.78386650414434
[visualization-1] [INFO] [1733167511.590774788] [drone_home1.sim]: Heading -88.4661043377476
[visualization-1] [INFO] [1733167511.690832197] [drone_home1.sim]: Heading -87.9976117929135
[visualization-1] [INFO] [1733167511.827198263] [drone_home1.sim]: Heading -87.9976117929135
[visualization-1] [INFO] [1733167511.939393495] [drone_home1.sim]: Heading -87.96233028233434
[visualization-1] [INFO] [1733167512.004128467] [drone_home1.sim]: Heading -87.91026491505114
[visualization-1] [INFO] [1733167512.090844910] [drone_home1.sim]: Heading -87.88980328744712
[visualization-1] [INFO] [1733167512.190815615] [drone_home1.sim]: Heading -87.79292400696345
[visualization-1] [INFO] [1733167512.290821395] [drone_home1.sim]: Heading -87.84181370397735
[visualization-1] [INFO] [1733167512.390803342] [drone_home1.sim]: Heading -88.15906623670826
[visualization-1] [INFO] [1733167512.490803788] [drone_home1.sim]: Heading -88.845867019867
[visualization-1] [INFO] [1733167512.590734513] [drone_home1.sim]: Heading -89.55178633479755
[visualization-1] [INFO] [1733167512.690833125] [drone_home1.sim]: Heading -90.18502903196062
[visualization-1] [INFO] [1733167512.790888479] [drone_home1.sim]: Heading -90.37694568401662
[visualization-1] [INFO] [1733167512.890832018] [drone_home1.sim]: Heading -90.45282579061706
[visualization-1] [INFO] [1733167512.990812280] [drone_home1.sim]: Heading -90.42961097711586
[visualization-1] [INFO] [1733167513.090803004] [drone_home1.sim]: Heading -90.41967695698874
[visualization-1] [INFO] [1733167513.190824246] [drone_home1.sim]: Heading -90.25713134881109
[visualization-1] [INFO] [1733167513.290997210] [drone_home1.sim]: Heading -90.17068379469058
[visualization-1] [INFO] [1733167513.445974740] [drone_home1.sim]: Heading -90.17068379469058
[visualization-1] [INFO] [1733167513.490904566] [drone_home1.sim]: Heading -90.12890975206064
[visualization-1] [INFO] [1733167513.590818938] [drone_home1.sim]: Heading -90.27956588956559
[visualization-1] [INFO] [1733167513.690809792] [drone_home1.sim]: Heading -90.96146983922925
[visualization-1] [INFO] [1733167513.790989034] [drone_home1.sim]: Heading -91.58436332717974
[visualization-1] [INFO] [1733167513.890791759] [drone_home1.sim]: Heading -92.20801980664672
[visualization-1] [INFO] [1733167513.990793760] [drone_home1.sim]: Heading -92.58607952327134
[visualization-1] [INFO] [1733167514.090746447] [drone_home1.sim]: Heading -92.82374703965709
[visualization-1] [INFO] [1733167514.190853838] [drone_home1.sim]: Heading -93.14052694466415
[visualization-1] [INFO] [1733167514.290828395] [drone_home1.sim]: Heading -93.27946757494813
[visualization-1] [INFO] [1733167514.390835007] [drone_home1.sim]: Heading -93.47361136790782
[visualization-1] [INFO] [1733167514.490785991] [drone_home1.sim]: Heading -93.52747909959757
[visualization-1] [INFO] [1733167514.590800603] [drone_home1.sim]: Heading -93.78744384961041
[visualization-1] [INFO] [1733167514.690819364] [drone_home1.sim]: Heading -93.98897718661495
[visualization-1] [INFO] [1733167514.790647385] [drone_home1.sim]: Heading -94.52476169391102
[visualization-1] [INFO] [1733167514.891228273] [drone_home1.sim]: Heading -95.07017897772859
[visualization-1] [INFO] [1733167514.990816017] [drone_home1.sim]: Heading -95.8075683052775
[visualization-1] [INFO] [1733167515.090818444] [drone_home1.sim]: Heading -96.71454916354593
[visualization-1] [INFO] [1733167515.190818316] [drone_home1.sim]: Heading -97.598982490406
[visualization-1] [INFO] [1733167515.290819817] [drone_home1.sim]: Heading -98.26401697007891
[visualization-1] [INFO] [1733167515.390902281] [drone_home1.sim]: Heading -98.44986040249269
[visualization-1] [INFO] [1733167515.491222837] [drone_home1.sim]: Heading -98.58985036752794
[visualization-1] [INFO] [1733167515.601610335] [drone_home1.sim]: Heading -98.5719792299585
[visualization-1] [INFO] [1733167515.690845230] [drone_home1.sim]: Heading -99.67857148653397
[visualization-1] [INFO] [1733167515.790783343] [drone_home1.sim]: Heading -100.46029999144965
[visualization-1] [INFO] [1733167515.890674122] [drone_home1.sim]: Heading -101.66272072874911
[visualization-1] [INFO] [1733167515.991256085] [drone_home1.sim]: Heading -101.66272072874911
[visualization-1] [INFO] [1733167516.090813347] [drone_home1.sim]: Heading -103.68277232163965
[visualization-1] [INFO] [1733167516.190661830] [drone_home1.sim]: Heading -105.04626540986982
[visualization-1] [INFO] [1733167516.290826293] [drone_home1.sim]: Heading -106.5061645301969
[visualization-1] [INFO] [1733167516.390978609] [drone_home1.sim]: Heading -108.19363252700522
[visualization-1] [INFO] [1733167516.499129578] [drone_home1.sim]: Heading -108.19363252700522
[visualization-1] [INFO] [1733167516.590818390] [drone_home1.sim]: Heading -111.44358046752656
[visualization-1] [INFO] [1733167516.690718169] [drone_home1.sim]: Heading -113.23013658946212
[visualization-1] [INFO] [1733167516.790751522] [drone_home1.sim]: Heading -115.85617881636877
[visualization-1] [INFO] [1733167516.890845097] [drone_home1.sim]: Heading -118.55495551097495
[visualization-1] [INFO] [1733167516.990815079] [drone_home1.sim]: Heading -121.02346876224998
[visualization-1] [INFO] [1733167517.090757395] [drone_home1.sim]: Heading -123.06732376277859
[visualization-1] [INFO] [1733167517.190807804] [drone_home1.sim]: Heading -126.90549253198594
[visualization-1] [INFO] [1733167517.290663083] [drone_home1.sim]: Heading -132.5094639415483
[visualization-1] [INFO] [1733167517.390815324] [drone_home1.sim]: Heading -137.61233685027287
[visualization-1] [INFO] [1733167517.490758862] [drone_home1.sim]: Heading -143.08186107394815
[visualization-1] [INFO] [1733167517.590929548] [drone_home1.sim]: Heading -148.64255320507704
[visualization-1] [INFO] [1733167517.690861086] [drone_home1.sim]: Heading -154.08055871389618
[visualization-1] [INFO] [1733167517.790812976] [drone_home1.sim]: Heading -159.77102013754643
[visualization-1] [INFO] [1733167517.891118902] [drone_home1.sim]: Heading -165.13527787089765
[visualization-1] [INFO] [1733167517.991011551] [drone_home1.sim]: Heading -169.72450686897847
[visualization-1] [INFO] [1733167518.090982071] [drone_home1.sim]: Heading -174.81177165893192
[visualization-1] [INFO] [1733167518.190683832] [drone_home1.sim]: Heading -179.88854206370704
[visualization-1] [INFO] [1733167518.290813184] [drone_home1.sim]: Heading 174.89384608184793
[visualization-1] [INFO] [1733167518.390793425] [drone_home1.sim]: Heading 169.96339369088128
[visualization-1] [INFO] [1733167518.494428542] [drone_home1.sim]: Heading 169.96339369088128
[visualization-1] [INFO] [1733167518.590745501] [drone_home1.sim]: Heading 159.84869124357328
[visualization-1] [INFO] [1733167518.690851409] [drone_home1.sim]: Heading 154.77332766307705
[visualization-1] [INFO] [1733167518.790812576] [drone_home1.sim]: Heading 149.3379594145285
[visualization-1] [INFO] [1733167518.890775725] [drone_home1.sim]: Heading 144.085715155306
[visualization-1] [INFO] [1733167518.990863744] [drone_home1.sim]: Heading 139.14006404642595
[visualization-1] [INFO] [1733167519.090712264] [drone_home1.sim]: Heading 133.888228629219
[visualization-1] [INFO] [1733167519.190835301] [drone_home1.sim]: Heading 128.4511484408624
[visualization-1] [INFO] [1733167519.290821709] [drone_home1.sim]: Heading 123.0178296320169
[visualization-1] [INFO] [1733167519.390704321] [drone_home1.sim]: Heading 117.71352172588082
[visualization-1] [INFO] [1733167519.506327576] [drone_home1.sim]: Heading 117.71352172588082
[visualization-1] [INFO] [1733167519.590812933] [drone_home1.sim]: Heading 106.606865085519
[visualization-1] [INFO] [1733167519.690671342] [drone_home1.sim]: Heading 100.91660591787027
[visualization-1] [INFO] [1733167519.790837249] [drone_home1.sim]: Heading 95.08617880003558
[visualization-1] [INFO] [1733167519.890818287] [drone_home1.sim]: Heading 89.40320355816672
[visualization-1] [INFO] [1733167519.990813917] [drone_home1.sim]: Heading 83.225810253819
[visualization-1] [INFO] [1733167520.090863343] [drone_home1.sim]: Heading 77.8264796652223
[visualization-1] [INFO] [1733167520.190651288] [drone_home1.sim]: Heading 71.80850689529147
[visualization-1] [INFO] [1733167520.290814733] [drone_home1.sim]: Heading 65.4356659905071
[visualization-1] [INFO] [1733167520.390810751] [drone_home1.sim]: Heading 59.138825377499536
[visualization-1] [INFO] [1733167520.490714271] [drone_home1.sim]: Heading 52.60536364036077
[visualization-1] [INFO] [1733167520.590800715] [drone_home1.sim]: Heading 45.91517041394371
[visualization-1] [INFO] [1733167520.690729919] [drone_home1.sim]: Heading 39.21321744053133
