[INFO] [launch]: All log files can be found below /home/pi/.ros/log/2024-11-27-12-26-37-807650-drone-home-32562
[INFO] [launch]: Default logging verbosity is set to INFO
[WARNING] [imu_publisher-2]: there are now at least 2 nodes with the name /drone_home1/sim created within this launch context
[WARNING] [drive_hardware-3]: there are now at least 3 nodes with the name /drone_home1/sim created within this launch context
[WARNING] [visualization-4]: there are now at least 4 nodes with the name /drone_home1/sim created within this launch context
[WARNING] [static_transform_publisher-6]: there are now at least 2 nodes with the name /drone_home1/static_transform_publisher created within this launch context
[INFO] [drive_publisher-1]: process started with pid [32580]
[INFO] [imu_publisher-2]: process started with pid [32581]
[INFO] [drive_hardware-3]: process started with pid [32582]
[INFO] [visualization-4]: process started with pid [32583]
[INFO] [static_transform_publisher-5]: process started with pid [32584]
[INFO] [static_transform_publisher-6]: process started with pid [32585]
[static_transform_publisher-6] [WARN] [1732728397.986764878] []: Old-style arguments are deprecated; see --help for new-style arguments
[static_transform_publisher-5] [WARN] [1732728397.987195006] []: Old-style arguments are deprecated; see --help for new-style arguments
[static_transform_publisher-6] [INFO] [1732728398.028326765] [drone_home1.static_transform_publisher]: Spinning until stopped - publishing transform
[static_transform_publisher-6] translation: ('0.000000', '0.000000', '0.000000')
[static_transform_publisher-6] rotation: ('0.000000', '0.000000', '0.000000', '1.000000')
[static_transform_publisher-6] from 'map' to 'gps_sensor'
[static_transform_publisher-5] [INFO] [1732728398.028513190] [drone_home1.static_transform_publisher]: Spinning until stopped - publishing transform
[static_transform_publisher-5] translation: ('0.000000', '0.000000', '0.000000')
[static_transform_publisher-5] rotation: ('0.000000', '0.000000', '0.000000', '1.000000')
[static_transform_publisher-5] from 'map' to 'imu_frame'
[drive_hardware-3] /usr/lib/python3/dist-packages/gpiozero/output_devices.py:1509: PWMSoftwareFallback: To reduce servo jitter, use the pigpio pin factory.See https://gpiozero.readthedocs.io/en/stable/api_output.html#servo for more info
[drive_hardware-3]   warnings.warn(PWMSoftwareFallback(
[visualization-4] [INFO] [1732728400.061702876] [drone_home1.sim]: x,y:-0.22897280000324827,0.34056923487514723
[imu_publisher-2] [INFO] [1732728400.423635704] [drone_home1.sim]: Calibration status: (True, 'Calibration (sys:0, gyro:0, accel:3, mag:0)')
[visualization-4] [INFO] [1732728401.035383996] [drone_home1.sim]: x,y:-0.22897280000324827,0.34056923487514723
[visualization-4] [INFO] [1732728402.035477700] [drone_home1.sim]: x,y:-0.22897280000324827,0.34056923487514723
[visualization-4] [INFO] [1732728403.035387461] [drone_home1.sim]: x,y:-0.22897280000324827,0.34056923487514723
[visualization-4] [INFO] [1732728404.035367499] [drone_home1.sim]: x,y:-0.22897280000324827,0.34056923487514723
[visualization-4] [INFO] [1732728405.035324427] [drone_home1.sim]: x,y:-0.22897280000324827,0.34056923487514723
[visualization-4] [INFO] [1732728406.035344520] [drone_home1.sim]: x,y:-0.22897280000324827,0.34056923487514723
[visualization-4] [INFO] [1732728407.035398169] [drone_home1.sim]: x,y:-0.22897280000324827,0.34056923487514723
[visualization-4] [INFO] [1732728408.035566855] [drone_home1.sim]: x,y:-0.22897280000324827,0.34056923487514723
[visualization-4] [INFO] [1732728409.035340857] [drone_home1.sim]: x,y:-0.22897280000324827,0.34056923487514723
[visualization-4] [INFO] [1732728410.035414395] [drone_home1.sim]: x,y:-0.22897280000324827,0.34056923487514723
[visualization-4] [INFO] [1732728411.035321674] [drone_home1.sim]: x,y:-0.22897280000324827,0.34056923487514723
[visualization-4] [INFO] [1732728412.035410323] [drone_home1.sim]: x,y:-0.22897280000324827,0.34056923487514723
[visualization-4] [INFO] [1732728413.035168251] [drone_home1.sim]: x,y:-0.22897280000324827,0.34056923487514723
[visualization-4] [INFO] [1732728414.035367417] [drone_home1.sim]: x,y:-0.22897280000324827,0.34056923487514723
[visualization-4] [INFO] [1732728415.035389048] [drone_home1.sim]: x,y:-0.22897280000324827,0.34056923487514723
[visualization-4] [INFO] [1732728416.035381808] [drone_home1.sim]: x,y:-0.22897280000324827,0.34056923487514723
[visualization-4] [INFO] [1732728417.035447383] [drone_home1.sim]: x,y:-0.22897280000324827,0.34056923487514723
[visualization-4] [INFO] [1732728418.035259088] [drone_home1.sim]: x,y:-0.22897280000324827,0.34056923487514723
[visualization-4] [INFO] [1732728419.035343385] [drone_home1.sim]: x,y:-0.22897280000324827,0.34056923487514723
[visualization-4] [INFO] [1732728420.035391553] [drone_home1.sim]: x,y:-0.22897280000324827,0.34056923487514723
[visualization-4] [INFO] [1732728421.035531034] [drone_home1.sim]: x,y:-0.22897280000324827,0.34056923487514723
[visualization-4] [INFO] [1732728422.035425443] [drone_home1.sim]: x,y:-0.22897280000324827,0.34056923487514723
[visualization-4] [INFO] [1732728423.035565944] [drone_home1.sim]: x,y:-0.22897280000324827,0.34056923487514723
[visualization-4] [INFO] [1732728424.035464574] [drone_home1.sim]: x,y:-0.22897280000324827,0.34056923487514723
[visualization-4] [INFO] [1732728425.035192910] [drone_home1.sim]: x,y:-0.22897280000324827,0.34056923487514723
[visualization-4] [INFO] [1732728426.035262522] [drone_home1.sim]: x,y:-0.22897280000324827,0.34056923487514723
[visualization-4] [INFO] [1732728427.035380337] [drone_home1.sim]: x,y:-0.22897280000324827,0.34056923487514723
[visualization-4] [INFO] [1732728428.035466115] [drone_home1.sim]: x,y:-0.22897280000324827,0.34056923487514723
[visualization-4] [INFO] [1732728429.035392690] [drone_home1.sim]: x,y:-0.22897280000324827,0.34056923487514723
[visualization-4] [INFO] [1732728430.035440654] [drone_home1.sim]: x,y:-0.22897280000324827,0.34056923487514723
[visualization-4] [INFO] [1732728431.035412618] [drone_home1.sim]: x,y:-0.22897280000324827,0.34056923487514723
[visualization-4] [INFO] [1732728432.035445822] [drone_home1.sim]: x,y:-0.22897280000324827,0.34056923487514723
[visualization-4] [INFO] [1732728433.035388360] [drone_home1.sim]: x,y:-0.22897280000324827,0.34056923487514723
[visualization-4] [INFO] [1732728434.035416083] [drone_home1.sim]: x,y:-0.22897280000324827,0.34056923487514723
[visualization-4] [INFO] [1732728435.035370047] [drone_home1.sim]: x,y:-0.22897280000324827,0.34056923487514723
[visualization-4] [INFO] [1732728436.035390399] [drone_home1.sim]: x,y:-0.22897280000324827,0.34056923487514723
[visualization-4] [INFO] [1732728437.035432381] [drone_home1.sim]: x,y:-0.22897280000324827,0.34056923487514723
[visualization-4] [INFO] [1732728438.035507678] [drone_home1.sim]: x,y:-0.22897280000324827,0.34056923487514723
[visualization-4] [INFO] [1732728439.035456957] [drone_home1.sim]: x,y:-0.22897280000324827,0.34056923487514723
[visualization-4] [INFO] [1732728440.035280810] [drone_home1.sim]: x,y:-0.22897280000324827,0.34056923487514723
[visualization-4] [INFO] [1732728441.035473791] [drone_home1.sim]: x,y:-0.22897280000324827,0.34056923487514723
[visualization-4] [INFO] [1732728442.035322070] [drone_home1.sim]: x,y:-0.22897280000324827,0.34056923487514723
[visualization-4] [INFO] [1732728443.035416922] [drone_home1.sim]: x,y:-0.22897280000324827,0.34056923487514723
[visualization-4] [INFO] [1732728444.035402590] [drone_home1.sim]: x,y:-0.22897280000324827,0.34056923487514723
[visualization-4] [INFO] [1732728445.035322202] [drone_home1.sim]: x,y:-0.22897280000324827,0.34056923487514723
[visualization-4] [INFO] [1732728446.035446146] [drone_home1.sim]: x,y:-0.22897280000324827,0.34056923487514723
[visualization-4] [INFO] [1732728447.035340795] [drone_home1.sim]: x,y:-0.22897280000324827,0.34056923487514723
[visualization-4] [INFO] [1732728448.035383092] [drone_home1.sim]: x,y:-0.22897280000324827,0.34056923487514723
[visualization-4] [INFO] [1732728449.035191779] [drone_home1.sim]: x,y:-0.22897280000324827,0.34056923487514723
[visualization-4] [INFO] [1732728450.035561166] [drone_home1.sim]: x,y:-0.22897280000324827,0.34056923487514723
[visualization-4] [INFO] [1732728451.035497927] [drone_home1.sim]: x,y:-0.22897280000324827,0.34056923487514723
[visualization-4] [INFO] [1732728452.035517205] [drone_home1.sim]: x,y:-0.22897280000324827,0.34056923487514723
[visualization-4] [INFO] [1732728453.035436613] [drone_home1.sim]: x,y:-0.22897280000324827,0.34056923487514723
[visualization-4] [INFO] [1732728454.035553668] [drone_home1.sim]: x,y:-0.22897280000324827,0.34056923487514723
[visualization-4] [INFO] [1732728455.035432744] [drone_home1.sim]: x,y:-0.22897280000324827,0.34056923487514723
[visualization-4] [INFO] [1732728456.035301411] [drone_home1.sim]: x,y:-0.22897280000324827,0.34056923487514723
[visualization-4] [INFO] [1732728457.035533670] [drone_home1.sim]: x,y:-0.22897280000324827,0.34056923487514723
[visualization-4] [INFO] [1732728458.035506226] [drone_home1.sim]: x,y:-0.22897280000324827,0.34056923487514723
[visualization-4] [INFO] [1732728459.035523226] [drone_home1.sim]: x,y:-0.22897280000324827,0.34056923487514723
[visualization-4] [INFO] [1732728460.035332228] [drone_home1.sim]: x,y:-0.22897280000324827,0.34056923487514723
[visualization-4] [INFO] [1732728461.035515320] [drone_home1.sim]: x,y:-0.22897280000324827,0.34056923487514723
[visualization-4] [INFO] [1732728462.035493820] [drone_home1.sim]: x,y:-0.22897280000324827,0.34056923487514723
[visualization-4] [INFO] [1732728463.035516654] [drone_home1.sim]: x,y:-0.22897280000324827,0.34056923487514723
[visualization-4] [INFO] [1732728464.035557451] [drone_home1.sim]: x,y:-0.22897280000324827,0.34056923487514723
[visualization-4] [INFO] [1732728465.035573469] [drone_home1.sim]: x,y:-0.22897280000324827,0.34056923487514723
[visualization-4] [INFO] [1732728466.035560192] [drone_home1.sim]: x,y:-0.22897280000324827,0.34056923487514723
[visualization-4] [INFO] [1732728467.035485841] [drone_home1.sim]: x,y:-0.22897280000324827,0.34056923487514723
[visualization-4] [INFO] [1732728468.035455786] [drone_home1.sim]: x,y:-0.22897280000324827,0.34056923487514723
[visualization-4] [INFO] [1732728469.035335416] [drone_home1.sim]: x,y:-0.22897280000324827,0.34056923487514723
[visualization-4] [INFO] [1732728470.035437009] [drone_home1.sim]: x,y:-0.22897280000324827,0.34056923487514723
[visualization-4] [INFO] [1732728471.035476916] [drone_home1.sim]: x,y:-0.22897280000324827,0.34056923487514723
[visualization-4] [INFO] [1732728472.035468916] [drone_home1.sim]: x,y:-0.22897280000324827,0.34056923487514723
[visualization-4] [INFO] [1732728473.035441195] [drone_home1.sim]: x,y:-0.22897280000324827,0.34056923487514723
[visualization-4] [INFO] [1732728474.035335010] [drone_home1.sim]: x,y:-0.22897280000324827,0.34056923487514723
[visualization-4] [INFO] [1732728475.035539306] [drone_home1.sim]: x,y:-0.22897280000324827,0.34056923487514723
[visualization-4] [INFO] [1732728476.035523732] [drone_home1.sim]: x,y:-0.22897280000324827,0.34056923487514723
[visualization-4] [INFO] [1732728477.035664880] [drone_home1.sim]: x,y:-0.22897280000324827,0.34056923487514723
[visualization-4] [INFO] [1732728478.035355159] [drone_home1.sim]: x,y:-0.22897280000324827,0.34056923487514723
[visualization-4] [INFO] [1732728479.035370678] [drone_home1.sim]: x,y:-0.22897280000324827,0.34056923487514723
[visualization-4] [INFO] [1732728480.035574103] [drone_home1.sim]: x,y:-0.22897280000324827,0.34056923487514723
[visualization-4] [INFO] [1732728481.035438178] [drone_home1.sim]: x,y:-0.22897280000324827,0.34056923487514723
[visualization-4] [INFO] [1732728482.035456011] [drone_home1.sim]: x,y:-0.22897280000324827,0.34056923487514723
[visualization-4] [INFO] [1732728483.035427289] [drone_home1.sim]: x,y:-0.22897280000324827,0.34056923487514723
[visualization-4] [INFO] [1732728484.035562678] [drone_home1.sim]: x,y:-0.22897280000324827,0.34056923487514723
[visualization-4] [INFO] [1732728485.035462382] [drone_home1.sim]: x,y:-0.22897280000324827,0.34056923487514723
[visualization-4] [INFO] [1732728486.035321364] [drone_home1.sim]: x,y:-0.22897280000324827,0.34056923487514723
[visualization-4] [INFO] [1732728487.035407845] [drone_home1.sim]: x,y:-0.22897280000324827,0.34056923487514723
[visualization-4] [INFO] [1732728488.035463216] [drone_home1.sim]: x,y:-0.22897280000324827,0.34056923487514723
[visualization-4] [INFO] [1732728489.035563049] [drone_home1.sim]: x,y:-0.22897280000324827,0.34056923487514723
[visualization-4] [INFO] [1732728490.035781603] [drone_home1.sim]: x,y:-0.22897280000324827,0.34056923487514723
[visualization-4] [INFO] [1732728491.035567919] [drone_home1.sim]: x,y:-0.22897280000324827,0.34056923487514723
[visualization-4] [INFO] [1732728492.035387290] [drone_home1.sim]: x,y:-0.22897280000324827,0.34056923487514723
[visualization-4] [INFO] [1732728493.035564567] [drone_home1.sim]: x,y:-0.22897280000324827,0.34056923487514723
[visualization-4] [INFO] [1732728494.035471457] [drone_home1.sim]: x,y:-0.22897280000324827,0.34056923487514723
[visualization-4] [INFO] [1732728495.035385161] [drone_home1.sim]: x,y:-0.22897280000324827,0.34056923487514723
[visualization-4] [INFO] [1732728496.035485179] [drone_home1.sim]: x,y:-0.22897280000324827,0.34056923487514723
[visualization-4] [INFO] [1732728497.035440642] [drone_home1.sim]: x,y:-0.22897280000324827,0.34056923487514723
[visualization-4] [INFO] [1732728498.035487049] [drone_home1.sim]: x,y:-0.22897280000324827,0.34056923487514723
[visualization-4] [INFO] [1732728499.035356827] [drone_home1.sim]: x,y:-0.22897280000324827,0.34056923487514723
[visualization-4] [INFO] [1732728500.035351920] [drone_home1.sim]: x,y:-0.22897280000324827,0.34056923487514723
[visualization-4] [INFO] [1732728501.035378475] [drone_home1.sim]: x,y:-0.22897280000324827,0.34056923487514723
[visualization-4] [INFO] [1732728502.035312624] [drone_home1.sim]: x,y:-0.22897280000324827,0.34056923487514723
[visualization-4] [INFO] [1732728503.035520011] [drone_home1.sim]: x,y:-0.22897280000324827,0.34056923487514723
[visualization-4] [INFO] [1732728504.035527141] [drone_home1.sim]: x,y:-0.22897280000324827,0.34056923487514723
[visualization-4] [INFO] [1732728505.035351271] [drone_home1.sim]: x,y:-0.22897280000324827,0.34056923487514723
[visualization-4] [INFO] [1732728506.035471048] [drone_home1.sim]: x,y:-0.22897280000324827,0.34056923487514723
[visualization-4] [INFO] [1732728507.035305530] [drone_home1.sim]: x,y:-0.22897280000324827,0.34056923487514723
[visualization-4] [INFO] [1732728508.035331975] [drone_home1.sim]: x,y:-0.22897280000324827,0.34056923487514723
[visualization-4] [INFO] [1732728509.035495122] [drone_home1.sim]: x,y:-0.22897280000324827,0.34056923487514723
[visualization-4] [INFO] [1732728510.035429733] [drone_home1.sim]: x,y:-0.22897280000324827,0.34056923487514723
[visualization-4] [INFO] [1732728511.035344178] [drone_home1.sim]: x,y:-0.22897280000324827,0.34056923487514723
[visualization-4] [INFO] [1732728512.035420418] [drone_home1.sim]: x,y:-0.22897280000324827,0.34056923487514723
[visualization-4] [INFO] [1732728513.035516899] [drone_home1.sim]: x,y:-0.22897280000324827,0.34056923487514723
[visualization-4] [INFO] [1732728514.035434029] [drone_home1.sim]: x,y:-0.22897280000324827,0.34056923487514723
[visualization-4] [INFO] [1732728515.035466232] [drone_home1.sim]: x,y:-0.22897280000324827,0.34056923487514723
[visualization-4] [INFO] [1732728516.035582324] [drone_home1.sim]: x,y:-0.22897280000324827,0.34056923487514723
[visualization-4] [INFO] [1732728517.035467065] [drone_home1.sim]: x,y:-0.22897280000324827,0.34056923487514723
[visualization-4] [INFO] [1732728518.035451139] [drone_home1.sim]: x,y:-0.22897280000324827,0.34056923487514723
[visualization-4] [INFO] [1732728519.035524990] [drone_home1.sim]: x,y:-0.22897280000324827,0.34056923487514723
[visualization-4] [INFO] [1732728520.035533230] [drone_home1.sim]: x,y:-0.22897280000324827,0.34056923487514723
[visualization-4] [INFO] [1732728521.035663563] [drone_home1.sim]: x,y:-0.22897280000324827,0.34056923487514723
[visualization-4] [INFO] [1732728522.035513785] [drone_home1.sim]: x,y:-0.22897280000324827,0.34056923487514723
[visualization-4] [INFO] [1732728523.035324878] [drone_home1.sim]: x,y:-0.22897280000324827,0.34056923487514723
[visualization-4] [INFO] [1732728524.035396878] [drone_home1.sim]: x,y:-0.22897280000324827,0.34056923487514723
[visualization-4] [INFO] [1732728525.035333230] [drone_home1.sim]: x,y:-0.22897280000324827,0.34056923487514723
[visualization-4] [INFO] [1732728526.035340322] [drone_home1.sim]: x,y:-0.22897280000324827,0.34056923487514723
[visualization-4] [INFO] [1732728527.035427562] [drone_home1.sim]: x,y:-0.22897280000324827,0.34056923487514723
[visualization-4] [INFO] [1732728528.035384876] [drone_home1.sim]: x,y:-0.22897280000324827,0.34056923487514723
[visualization-4] [INFO] [1732728529.035288487] [drone_home1.sim]: x,y:-0.22897280000324827,0.34056923487514723
[visualization-4] [INFO] [1732728530.035541671] [drone_home1.sim]: x,y:-0.22897280000324827,0.34056923487514723
[visualization-4] [INFO] [1732728531.035314635] [drone_home1.sim]: x,y:-0.22897280000324827,0.34056923487514723
[visualization-4] [INFO] [1732728532.035400949] [drone_home1.sim]: x,y:-0.22897280000324827,0.34056923487514723
[visualization-4] [INFO] [1732728533.035410467] [drone_home1.sim]: x,y:-0.22897280000324827,0.34056923487514723
[visualization-4] [INFO] [1732728534.035531540] [drone_home1.sim]: x,y:-0.22897280000324827,0.34056923487514723
[visualization-4] [INFO] [1732728535.035465966] [drone_home1.sim]: x,y:-0.22897280000324827,0.34056923487514723
[visualization-4] [INFO] [1732728536.035342040] [drone_home1.sim]: x,y:-0.22897280000324827,0.34056923487514723
[visualization-4] [INFO] [1732728537.035385613] [drone_home1.sim]: x,y:-0.22897280000324827,0.34056923487514723
[visualization-4] [INFO] [1732728538.035395983] [drone_home1.sim]: x,y:-0.22897280000324827,0.34056923487514723
[visualization-4] [INFO] [1732728539.035540593] [drone_home1.sim]: x,y:-0.22897280000324827,0.34056923487514723
[visualization-4] [INFO] [1732728540.035528463] [drone_home1.sim]: x,y:-0.22897280000324827,0.34056923487514723
[visualization-4] [INFO] [1732728541.035507184] [drone_home1.sim]: x,y:-0.22897280000324827,0.34056923487514723
[visualization-4] [INFO] [1732728542.035353759] [drone_home1.sim]: x,y:-0.22897280000324827,0.34056923487514723
[visualization-4] [INFO] [1732728543.035373832] [drone_home1.sim]: x,y:-0.22897280000324827,0.34056923487514723
[visualization-4] [INFO] [1732728544.035518201] [drone_home1.sim]: x,y:-0.22897280000324827,0.34056923487514723
[visualization-4] [INFO] [1732728545.035530015] [drone_home1.sim]: x,y:-0.22897280000324827,0.34056923487514723
[visualization-4] [INFO] [1732728546.035588570] [drone_home1.sim]: x,y:-0.22897280000324827,0.34056923487514723
[visualization-4] [INFO] [1732728547.035581866] [drone_home1.sim]: x,y:-0.22897280000324827,0.34056923487514723
[visualization-4] [INFO] [1732728548.035581143] [drone_home1.sim]: x,y:-0.22897280000324827,0.34056923487514723
[visualization-4] [INFO] [1732728549.035559290] [drone_home1.sim]: x,y:-0.22897280000324827,0.34056923487514723
[visualization-4] [INFO] [1732728550.035522642] [drone_home1.sim]: x,y:-0.22897280000324827,0.34056923487514723
[visualization-4] [INFO] [1732728551.035559289] [drone_home1.sim]: x,y:-0.22897280000324827,0.34056923487514723
[visualization-4] [INFO] [1732728552.035195846] [drone_home1.sim]: x,y:-0.22897280000324827,0.34056923487514723
[visualization-4] [INFO] [1732728553.035288882] [drone_home1.sim]: x,y:-0.22897280000324827,0.34056923487514723
[visualization-4] [INFO] [1732728554.035548657] [drone_home1.sim]: x,y:-0.22897280000324827,0.34056923487514723
[visualization-4] [INFO] [1732728555.035539823] [drone_home1.sim]: x,y:-0.22897280000324827,0.34056923487514723
[visualization-4] [INFO] [1732728556.035486878] [drone_home1.sim]: x,y:-0.22897280000324827,0.34056923487514723
[visualization-4] [INFO] [1732728557.035597285] [drone_home1.sim]: x,y:-0.22897280000324827,0.34056923487514723
[visualization-4] [INFO] [1732728558.035551969] [drone_home1.sim]: x,y:-0.22897280000324827,0.34056923487514723
[visualization-4] [INFO] [1732728559.035515024] [drone_home1.sim]: x,y:-0.22897280000324827,0.34056923487514723
[visualization-4] [INFO] [1732728560.035579690] [drone_home1.sim]: x,y:-0.22897280000324827,0.34056923487514723
[visualization-4] [INFO] [1732728561.035508986] [drone_home1.sim]: x,y:-0.22897280000324827,0.34056923487514723
[visualization-4] [INFO] [1732728562.035606392] [drone_home1.sim]: x,y:-0.22897280000324827,0.34056923487514723
[visualization-4] [INFO] [1732728563.035504428] [drone_home1.sim]: x,y:-0.22897280000324827,0.34056923487514723
[visualization-4] [INFO] [1732728564.035610427] [drone_home1.sim]: x,y:-0.22897280000324827,0.34056923487514723
[visualization-4] [INFO] [1732728565.035430260] [drone_home1.sim]: x,y:-0.22897280000324827,0.34056923487514723
[visualization-4] [INFO] [1732728566.035532333] [drone_home1.sim]: x,y:-0.22897280000324827,0.34056923487514723
[visualization-4] [INFO] [1732728567.035491147] [drone_home1.sim]: x,y:-0.22897280000324827,0.34056923487514723
[visualization-4] [INFO] [1732728568.035279666] [drone_home1.sim]: x,y:-0.22897280000324827,0.34056923487514723
[visualization-4] [INFO] [1732728569.035566941] [drone_home1.sim]: x,y:-0.22897280000324827,0.34056923487514723
[visualization-4] [INFO] [1732728570.035356497] [drone_home1.sim]: x,y:-0.22897280000324827,0.34056923487514723
[visualization-4] [INFO] [1732728571.035545681] [drone_home1.sim]: x,y:-0.22897280000324827,0.34056923487514723
[visualization-4] [INFO] [1732728572.035479235] [drone_home1.sim]: x,y:-0.22897280000324827,0.34056923487514723
[visualization-4] [INFO] [1732728573.035291013] [drone_home1.sim]: x,y:-0.22897280000324827,0.34056923487514723
[visualization-4] [INFO] [1732728574.035421901] [drone_home1.sim]: x,y:-0.22897280000324827,0.34056923487514723
[visualization-4] [INFO] [1732728575.035468140] [drone_home1.sim]: x,y:-0.22897280000324827,0.34056923487514723
[visualization-4] [INFO] [1732728576.035499213] [drone_home1.sim]: x,y:-0.22897280000324827,0.34056923487514723
[visualization-4] [INFO] [1732728577.035454249] [drone_home1.sim]: x,y:-0.22897280000324827,0.34056923487514723
[visualization-4] [INFO] [1732728578.035454248] [drone_home1.sim]: x,y:-0.22897280000324827,0.34056923487514723
[visualization-4] [INFO] [1732728579.035500469] [drone_home1.sim]: x,y:-0.22897280000324827,0.34056923487514723
[visualization-4] [INFO] [1732728580.035530820] [drone_home1.sim]: x,y:-0.22897280000324827,0.34056923487514723
[visualization-4] [INFO] [1732728581.035578652] [drone_home1.sim]: x,y:-0.22897280000324827,0.34056923487514723
[visualization-4] [INFO] [1732728582.035384708] [drone_home1.sim]: x,y:-0.22897280000324827,0.34056923487514723
[visualization-4] [INFO] [1732728583.035555984] [drone_home1.sim]: x,y:-0.22897280000324827,0.34056923487514723
[visualization-4] [INFO] [1732728584.035498538] [drone_home1.sim]: x,y:-0.22897280000324827,0.34056923487514723
[visualization-4] [INFO] [1732728585.035564296] [drone_home1.sim]: x,y:-0.22897280000324827,0.34056923487514723
[visualization-4] [INFO] [1732728586.035469499] [drone_home1.sim]: x,y:-0.22897280000324827,0.34056923487514723
[visualization-4] [INFO] [1732728587.035635386] [drone_home1.sim]: x,y:-0.22897280000324827,0.34056923487514723
[visualization-4] [INFO] [1732728588.035563460] [drone_home1.sim]: x,y:-0.22897280000324827,0.34056923487514723
[visualization-4] [INFO] [1732728589.035590236] [drone_home1.sim]: x,y:-0.22897280000324827,0.34056923487514723
[visualization-4] [INFO] [1732728590.035427217] [drone_home1.sim]: x,y:-0.22897280000324827,0.34056923487514723
[visualization-4] [INFO] [1732728591.035583715] [drone_home1.sim]: x,y:-0.22897280000324827,0.34056923487514723
[visualization-4] [INFO] [1732728592.035432696] [drone_home1.sim]: x,y:-0.22897280000324827,0.34056923487514723
[visualization-4] [INFO] [1732728593.035701342] [drone_home1.sim]: x,y:-0.22897280000324827,0.34056923487514723
[visualization-4] [INFO] [1732728594.035447509] [drone_home1.sim]: x,y:-0.22897280000324827,0.34056923487514723
[visualization-4] [INFO] [1732728595.035577081] [drone_home1.sim]: x,y:-0.22897280000324827,0.34056923487514723
[visualization-4] [INFO] [1732728596.035625746] [drone_home1.sim]: x,y:-0.22897280000324827,0.34056923487514723
[visualization-4] [INFO] [1732728597.035395709] [drone_home1.sim]: x,y:-0.22897280000324827,0.34056923487514723
[visualization-4] [INFO] [1732728598.035305227] [drone_home1.sim]: x,y:-0.22897280000324827,0.34056923487514723
[visualization-4] [INFO] [1732728599.035318374] [drone_home1.sim]: x,y:-0.22897280000324827,0.34056923487514723
[visualization-4] [INFO] [1732728600.035518964] [drone_home1.sim]: x,y:-0.22897280000324827,0.34056923487514723
[visualization-4] [INFO] [1732728601.035480741] [drone_home1.sim]: x,y:-0.22897280000324827,0.34056923487514723
[visualization-4] [INFO] [1732728602.035389388] [drone_home1.sim]: x,y:-0.22897280000324827,0.34056923487514723
[visualization-4] [INFO] [1732728603.035482794] [drone_home1.sim]: x,y:-0.22897280000324827,0.34056923487514723
[visualization-4] [INFO] [1732728604.035425534] [drone_home1.sim]: x,y:-0.22897280000324827,0.34056923487514723
[visualization-4] [INFO] [1732728605.035529384] [drone_home1.sim]: x,y:-0.22897280000324827,0.34056923487514723
[visualization-4] [INFO] [1732728606.035449568] [drone_home1.sim]: x,y:-0.22897280000324827,0.34056923487514723
[visualization-4] [INFO] [1732728607.035509863] [drone_home1.sim]: x,y:-0.22897280000324827,0.34056923487514723
[visualization-4] [INFO] [1732728608.035521528] [drone_home1.sim]: x,y:-0.22897280000324827,0.34056923487514723
[visualization-4] [INFO] [1732728609.035482879] [drone_home1.sim]: x,y:-0.22897280000324827,0.34056923487514723
[visualization-4] [INFO] [1732728610.035468563] [drone_home1.sim]: x,y:-0.22897280000324827,0.34056923487514723
[visualization-4] [INFO] [1732728611.035386951] [drone_home1.sim]: x,y:-0.22897280000324827,0.34056923487514723
[visualization-4] [INFO] [1732728612.035497338] [drone_home1.sim]: x,y:-0.22897280000324827,0.34056923487514723
[visualization-4] [INFO] [1732728613.035333781] [drone_home1.sim]: x,y:-0.22897280000324827,0.34056923487514723
[visualization-4] [INFO] [1732728614.035284039] [drone_home1.sim]: x,y:-0.22897280000324827,0.34056923487514723
[visualization-4] [INFO] [1732728615.035335297] [drone_home1.sim]: x,y:-0.22897280000324827,0.34056923487514723
[visualization-4] [INFO] [1732728616.035384425] [drone_home1.sim]: x,y:-0.22897280000324827,0.34056923487514723
[visualization-4] [INFO] [1732728617.035428220] [drone_home1.sim]: x,y:-0.22897280000324827,0.34056923487514723
[visualization-4] [INFO] [1732728618.035333385] [drone_home1.sim]: x,y:-0.22897280000324827,0.34056923487514723
[visualization-4] [INFO] [1732728619.036021585] [drone_home1.sim]: x,y:-0.22897280000324827,0.34056923487514723
[visualization-4] [INFO] [1732728620.035273420] [drone_home1.sim]: x,y:-0.22897280000324827,0.34056923487514723
[visualization-4] [INFO] [1732728621.035413251] [drone_home1.sim]: x,y:-0.22897280000324827,0.34056923487514723
[visualization-4] [INFO] [1732728622.035325491] [drone_home1.sim]: x,y:-0.22897280000324827,0.34056923487514723
[visualization-4] [INFO] [1732728623.035463248] [drone_home1.sim]: x,y:-0.22897280000324827,0.34056923487514723
[visualization-4] [INFO] [1732728624.035390265] [drone_home1.sim]: x,y:-0.22897280000324827,0.34056923487514723
[visualization-4] [INFO] [1732728625.035448301] [drone_home1.sim]: x,y:-0.22897280000324827,0.34056923487514723
[visualization-4] [INFO] [1732728626.035392114] [drone_home1.sim]: x,y:-0.22897280000324827,0.34056923487514723
[visualization-4] [INFO] [1732728627.035493779] [drone_home1.sim]: x,y:-0.22897280000324827,0.34056923487514723
[visualization-4] [INFO] [1732728628.035490444] [drone_home1.sim]: x,y:-0.22897280000324827,0.34056923487514723
[visualization-4] [INFO] [1732728629.035432183] [drone_home1.sim]: x,y:-0.22897280000324827,0.34056923487514723
[visualization-4] [INFO] [1732728630.035423700] [drone_home1.sim]: x,y:-0.22897280000324827,0.34056923487514723
[visualization-4] [INFO] [1732728631.035313588] [drone_home1.sim]: x,y:-0.22897280000324827,0.34056923487514723
[visualization-4] [INFO] [1732728632.035308846] [drone_home1.sim]: x,y:-0.22897280000324827,0.34056923487514723
[visualization-4] [INFO] [1732728633.035284215] [drone_home1.sim]: x,y:-0.22897280000324827,0.34056923487514723
[visualization-4] [INFO] [1732728634.035475157] [drone_home1.sim]: x,y:-0.22897280000324827,0.34056923487514723
[visualization-4] [INFO] [1732728635.035535155] [drone_home1.sim]: x,y:-0.22897280000324827,0.34056923487514723
[visualization-4] [INFO] [1732728636.035446302] [drone_home1.sim]: x,y:-0.22897280000324827,0.34056923487514723
[visualization-4] [INFO] [1732728637.035346153] [drone_home1.sim]: x,y:-0.22897280000324827,0.34056923487514723
[visualization-4] [INFO] [1732728638.035403595] [drone_home1.sim]: x,y:-0.22897280000324827,0.34056923487514723
[visualization-4] [INFO] [1732728639.035532297] [drone_home1.sim]: x,y:-0.22897280000324827,0.34056923487514723
[visualization-4] [INFO] [1732728640.035356759] [drone_home1.sim]: x,y:-0.22897280000324827,0.34056923487514723
[visualization-4] [INFO] [1732728641.035438997] [drone_home1.sim]: x,y:-0.22897280000324827,0.34056923487514723
[visualization-4] [INFO] [1732728642.035444422] [drone_home1.sim]: x,y:-0.22897280000324827,0.34056923487514723
[visualization-4] [INFO] [1732728643.035418605] [drone_home1.sim]: x,y:-0.22897280000324827,0.34056923487514723
[visualization-4] [INFO] [1732728644.035390363] [drone_home1.sim]: x,y:-0.22897280000324827,0.34056923487514723
[visualization-4] [INFO] [1732728645.035502805] [drone_home1.sim]: x,y:-0.22897280000324827,0.34056923487514723
[visualization-4] [INFO] [1732728646.035521081] [drone_home1.sim]: x,y:-0.22897280000324827,0.34056923487514723
[visualization-4] [INFO] [1732728647.035534079] [drone_home1.sim]: x,y:-0.22897280000324827,0.34056923487514723
[visualization-4] [INFO] [1732728648.035339319] [drone_home1.sim]: x,y:-0.22897280000324827,0.34056923487514723
[visualization-4] [INFO] [1732728649.035518428] [drone_home1.sim]: x,y:-0.22897280000324827,0.34056923487514723
[visualization-4] [INFO] [1732728650.035407797] [drone_home1.sim]: x,y:-0.22897280000324827,0.34056923487514723
[visualization-4] [INFO] [1732728651.035561424] [drone_home1.sim]: x,y:-0.22897280000324827,0.34056923487514723
[visualization-4] [INFO] [1732728652.035332923] [drone_home1.sim]: x,y:-0.22897280000324827,0.34056923487514723
[visualization-4] [INFO] [1732728653.035459365] [drone_home1.sim]: x,y:-0.22897280000324827,0.34056923487514723
[visualization-4] [INFO] [1732728654.035503271] [drone_home1.sim]: x,y:-0.22897280000324827,0.34056923487514723
[visualization-4] [INFO] [1732728655.035423306] [drone_home1.sim]: x,y:-0.22897280000324827,0.34056923487514723
[visualization-4] [INFO] [1732728656.035529563] [drone_home1.sim]: x,y:-0.22897280000324827,0.34056923487514723
[visualization-4] [INFO] [1732728657.035417895] [drone_home1.sim]: x,y:-0.22897280000324827,0.34056923487514723
[visualization-4] [INFO] [1732728658.035546522] [drone_home1.sim]: x,y:-0.22897280000324827,0.34056923487514723
[visualization-4] [INFO] [1732728659.035524817] [drone_home1.sim]: x,y:-0.22897280000324827,0.34056923487514723
[visualization-4] [INFO] [1732728660.035652759] [drone_home1.sim]: x,y:-0.22897280000324827,0.34056923487514723
[visualization-4] [INFO] [1732728661.035531554] [drone_home1.sim]: x,y:-0.22897280000324827,0.34056923487514723
[visualization-4] [INFO] [1732728662.035488922] [drone_home1.sim]: x,y:-0.22897280000324827,0.34056923487514723
[visualization-4] [INFO] [1732728663.035432365] [drone_home1.sim]: x,y:-0.22897280000324827,0.34056923487514723
[visualization-4] [INFO] [1732728664.035483918] [drone_home1.sim]: x,y:-0.22897280000324827,0.34056923487514723
[visualization-4] [INFO] [1732728665.035591175] [drone_home1.sim]: x,y:-0.22897280000324827,0.34056923487514723
[visualization-4] [INFO] [1732728666.036898519] [drone_home1.sim]: x,y:-0.22897280000324827,0.34056923487514723
[visualization-4] [INFO] [1732728667.035184433] [drone_home1.sim]: x,y:-0.22897280000324827,0.34056923487514723
[visualization-4] [INFO] [1732728668.035381930] [drone_home1.sim]: x,y:-0.22897280000324827,0.34056923487514723
[visualization-4] [INFO] [1732728669.035435113] [drone_home1.sim]: x,y:-0.22897280000324827,0.34056923487514723
[visualization-4] [INFO] [1732728670.035509777] [drone_home1.sim]: x,y:-0.22897280000324827,0.34056923487514723
[visualization-4] [INFO] [1732728671.035324776] [drone_home1.sim]: x,y:-0.22897280000324827,0.34056923487514723
[visualization-4] [INFO] [1732728672.035470958] [drone_home1.sim]: x,y:-0.22897280000324827,0.34056923487514723
[visualization-4] [INFO] [1732728673.035435975] [drone_home1.sim]: x,y:-0.22897280000324827,0.34056923487514723
[visualization-4] [INFO] [1732728674.035463547] [drone_home1.sim]: x,y:-0.22897280000324827,0.34056923487514723
[visualization-4] [INFO] [1732728675.035438674] [drone_home1.sim]: x,y:-0.22897280000324827,0.34056923487514723
[visualization-4] [INFO] [1732728676.035403839] [drone_home1.sim]: x,y:-0.22897280000324827,0.34056923487514723
[visualization-4] [INFO] [1732728677.035446541] [drone_home1.sim]: x,y:-0.22897280000324827,0.34056923487514723
[visualization-4] [INFO] [1732728678.035346465] [drone_home1.sim]: x,y:-0.22897280000324827,0.34056923487514723
[visualization-4] [INFO] [1732728679.035520147] [drone_home1.sim]: x,y:-0.22897280000324827,0.34056923487514723
[visualization-4] [INFO] [1732728680.035420497] [drone_home1.sim]: x,y:-0.22897280000324827,0.34056923487514723
[visualization-4] [INFO] [1732728681.035501013] [drone_home1.sim]: x,y:-0.22897280000324827,0.34056923487514723
[visualization-4] [INFO] [1732728682.035464085] [drone_home1.sim]: x,y:-0.22897280000324827,0.34056923487514723
[visualization-4] [INFO] [1732728683.035343195] [drone_home1.sim]: x,y:-0.22897280000324827,0.34056923487514723
[visualization-4] [INFO] [1732728684.035210564] [drone_home1.sim]: x,y:-0.22897280000324827,0.34056923487514723
[visualization-4] [INFO] [1732728685.035465727] [drone_home1.sim]: x,y:-0.22897280000324827,0.34056923487514723
[visualization-4] [INFO] [1732728686.035630039] [drone_home1.sim]: x,y:-0.22897280000324827,0.34056923487514723
[visualization-4] [INFO] [1732728687.035769944] [drone_home1.sim]: x,y:-0.22897280000324827,0.34056923487514723
[visualization-4] [INFO] [1732728688.035501387] [drone_home1.sim]: x,y:-0.22897280000324827,0.34056923487514723
[visualization-4] [INFO] [1732728689.035443848] [drone_home1.sim]: x,y:-0.22897280000324827,0.34056923487514723
[visualization-4] [INFO] [1732728690.035435846] [drone_home1.sim]: x,y:-0.22897280000324827,0.34056923487514723
[visualization-4] [INFO] [1732728691.035348955] [drone_home1.sim]: x,y:-0.22897280000324827,0.34056923487514723
[visualization-4] [INFO] [1732728692.035375397] [drone_home1.sim]: x,y:-0.22897280000324827,0.34056923487514723
[visualization-4] [INFO] [1732728693.035330358] [drone_home1.sim]: x,y:-0.22897280000324827,0.34056923487514723
[visualization-4] [INFO] [1732728694.035400930] [drone_home1.sim]: x,y:-0.22897280000324827,0.34056923487514723
[visualization-4] [INFO] [1732728695.035487168] [drone_home1.sim]: x,y:-0.22897280000324827,0.34056923487514723
[visualization-4] [INFO] [1732728696.035393184] [drone_home1.sim]: x,y:-0.22897280000324827,0.34056923487514723
[visualization-4] [INFO] [1732728697.035338849] [drone_home1.sim]: x,y:-0.22897280000324827,0.34056923487514723
[visualization-4] [INFO] [1732728698.035267569] [drone_home1.sim]: x,y:-0.22897280000324827,0.34056923487514723
[visualization-4] [INFO] [1732728699.035409937] [drone_home1.sim]: x,y:-0.22897280000324827,0.34056923487514723
[visualization-4] [INFO] [1732728700.035381564] [drone_home1.sim]: x,y:-0.22897280000324827,0.34056923487514723
[visualization-4] [INFO] [1732728701.035520506] [drone_home1.sim]: x,y:-0.22897280000324827,0.34056923487514723
[visualization-4] [INFO] [1732728702.035453559] [drone_home1.sim]: x,y:-0.22897280000324827,0.34056923487514723
[visualization-4] [INFO] [1732728703.035508501] [drone_home1.sim]: x,y:-0.22897280000324827,0.34056923487514723
[visualization-4] [INFO] [1732728704.035466221] [drone_home1.sim]: x,y:-0.22897280000324827,0.34056923487514723
[visualization-4] [INFO] [1732728705.035393830] [drone_home1.sim]: x,y:-0.22897280000324827,0.34056923487514723
[visualization-4] [INFO] [1732728706.035457476] [drone_home1.sim]: x,y:-0.22897280000324827,0.34056923487514723
[visualization-4] [INFO] [1732728707.035347159] [drone_home1.sim]: x,y:-0.22897280000324827,0.34056923487514723
[visualization-4] [INFO] [1732728708.035428768] [drone_home1.sim]: x,y:-0.22897280000324827,0.34056923487514723
[visualization-4] [INFO] [1732728709.035517117] [drone_home1.sim]: x,y:-0.22897280000324827,0.34056923487514723
[visualization-4] [INFO] [1732728710.035503744] [drone_home1.sim]: x,y:-0.22897280000324827,0.34056923487514723
[visualization-4] [INFO] [1732728711.035467760] [drone_home1.sim]: x,y:-0.22897280000324827,0.34056923487514723
[visualization-4] [INFO] [1732728712.035437832] [drone_home1.sim]: x,y:-0.22897280000324827,0.34056923487514723
[visualization-4] [INFO] [1732728713.035313886] [drone_home1.sim]: x,y:-0.22897280000324827,0.34056923487514723
[visualization-4] [INFO] [1732728714.035513753] [drone_home1.sim]: x,y:-0.22897280000324827,0.34056923487514723
[visualization-4] [INFO] [1732728715.035384658] [drone_home1.sim]: x,y:-0.22897280000324827,0.34056923487514723
[visualization-4] [INFO] [1732728716.035489767] [drone_home1.sim]: x,y:-0.22897280000324827,0.34056923487514723
[visualization-4] [INFO] [1732728717.035539894] [drone_home1.sim]: x,y:-0.22897280000324827,0.34056923487514723
[visualization-4] [INFO] [1732728718.035510595] [drone_home1.sim]: x,y:-0.22897280000324827,0.34056923487514723
[visualization-4] [INFO] [1732728719.035519704] [drone_home1.sim]: x,y:-0.22897280000324827,0.34056923487514723
[visualization-4] [INFO] [1732728720.035497627] [drone_home1.sim]: x,y:-0.22897280000324827,0.34056923487514723
[visualization-4] [INFO] [1732728721.035518421] [drone_home1.sim]: x,y:-0.22897280000324827,0.34056923487514723
[visualization-4] [INFO] [1732728722.035160957] [drone_home1.sim]: x,y:-0.22897280000324827,0.34056923487514723
[visualization-4] [INFO] [1732728723.035613860] [drone_home1.sim]: x,y:-0.22897280000324827,0.34056923487514723
[visualization-4] [INFO] [1732728724.035608283] [drone_home1.sim]: x,y:-0.22897280000324827,0.34056923487514723
[visualization-4] [INFO] [1732728725.035587133] [drone_home1.sim]: x,y:-0.22897280000324827,0.34056923487514723
[visualization-4] [INFO] [1732728726.035426631] [drone_home1.sim]: x,y:-0.22897280000324827,0.34056923487514723
[visualization-4] [INFO] [1732728727.035232389] [drone_home1.sim]: x,y:-0.22897280000324827,0.34056923487514723
[visualization-4] [INFO] [1732728728.035568829] [drone_home1.sim]: x,y:-0.22897280000324827,0.34056923487514723
[visualization-4] [INFO] [1732728729.035485790] [drone_home1.sim]: x,y:-0.22897280000324827,0.34056923487514723
[visualization-4] [INFO] [1732728730.035474880] [drone_home1.sim]: x,y:-0.22897280000324827,0.34056923487514723
[visualization-4] [INFO] [1732728731.035296026] [drone_home1.sim]: x,y:-0.22897280000324827,0.34056923487514723
[visualization-4] [INFO] [1732728732.035351098] [drone_home1.sim]: x,y:-0.22897280000324827,0.34056923487514723
[visualization-4] [INFO] [1732728733.035401113] [drone_home1.sim]: x,y:-0.22897280000324827,0.34056923487514723
[visualization-4] [INFO] [1732728734.035496981] [drone_home1.sim]: x,y:-0.22897280000324827,0.34056923487514723
[visualization-4] [INFO] [1732728735.035445886] [drone_home1.sim]: x,y:-0.22897280000324827,0.34056923487514723
[visualization-4] [INFO] [1732728736.035584586] [drone_home1.sim]: x,y:-0.22897280000324827,0.34056923487514723
[visualization-4] [INFO] [1732728737.035250159] [drone_home1.sim]: x,y:-0.22897280000324827,0.34056923487514723
[visualization-4] [INFO] [1732728738.035482340] [drone_home1.sim]: x,y:-0.22897280000324827,0.34056923487514723
[visualization-4] [INFO] [1732728739.035331727] [drone_home1.sim]: x,y:-0.22897280000324827,0.34056923487514723
[visualization-4] [INFO] [1732728740.035468150] [drone_home1.sim]: x,y:-0.22897280000324827,0.34056923487514723
[visualization-4] [INFO] [1732728741.035422870] [drone_home1.sim]: x,y:-0.22897280000324827,0.34056923487514723
[visualization-4] [INFO] [1732728742.035412089] [drone_home1.sim]: x,y:-0.22897280000324827,0.34056923487514723
[visualization-4] [INFO] [1732728743.035390568] [drone_home1.sim]: x,y:-0.22897280000324827,0.34056923487514723
[visualization-4] [INFO] [1732728744.035450899] [drone_home1.sim]: x,y:-0.22897280000324827,0.34056923487514723
[visualization-4] [INFO] [1732728745.035411322] [drone_home1.sim]: x,y:-0.22897280000324827,0.34056923487514723
[visualization-4] [INFO] [1732728746.035279727] [drone_home1.sim]: x,y:-0.22897280000324827,0.34056923487514723
[visualization-4] [INFO] [1732728747.035364057] [drone_home1.sim]: x,y:-0.22897280000324827,0.34056923487514723
[visualization-4] [INFO] [1732728748.035346759] [drone_home1.sim]: x,y:-0.22897280000324827,0.34056923487514723
[visualization-4] [INFO] [1732728749.035576199] [drone_home1.sim]: x,y:-0.22897280000324827,0.34056923487514723
[visualization-4] [INFO] [1732728750.035493382] [drone_home1.sim]: x,y:-0.22897280000324827,0.34056923487514723
[visualization-4] [INFO] [1732728751.035353046] [drone_home1.sim]: x,y:-0.22897280000324827,0.34056923487514723
[visualization-4] [INFO] [1732728752.035476636] [drone_home1.sim]: x,y:-0.22897280000324827,0.34056923487514723
[visualization-4] [INFO] [1732728753.035541466] [drone_home1.sim]: x,y:-0.22897280000324827,0.34056923487514723
[visualization-4] [INFO] [1732728754.035477352] [drone_home1.sim]: x,y:-0.22897280000324827,0.34056923487514723
[visualization-4] [INFO] [1732728755.035490275] [drone_home1.sim]: x,y:-0.22897280000324827,0.34056923487514723
[visualization-4] [INFO] [1732728756.035473069] [drone_home1.sim]: x,y:-0.22897280000324827,0.34056923487514723
[visualization-4] [INFO] [1732728757.035530307] [drone_home1.sim]: x,y:-0.22897280000324827,0.34056923487514723
[visualization-4] [INFO] [1732728758.035536600] [drone_home1.sim]: x,y:-0.22897280000324827,0.34056923487514723
[visualization-4] [INFO] [1732728759.035527523] [drone_home1.sim]: x,y:-0.22897280000324827,0.34056923487514723
[visualization-4] [INFO] [1732728760.035393317] [drone_home1.sim]: x,y:-0.22897280000324827,0.34056923487514723
[visualization-4] [INFO] [1732728761.035324703] [drone_home1.sim]: x,y:-0.22897280000324827,0.34056923487514723
[visualization-4] [INFO] [1732728762.035316645] [drone_home1.sim]: x,y:-0.22897280000324827,0.34056923487514723
[visualization-4] [INFO] [1732728763.035316142] [drone_home1.sim]: x,y:-0.22897280000324827,0.34056923487514723
[visualization-4] [INFO] [1732728764.035365972] [drone_home1.sim]: x,y:-0.22897280000324827,0.34056923487514723
[visualization-4] [INFO] [1732728765.035150544] [drone_home1.sim]: x,y:-0.22897280000324827,0.34056923487514723
[visualization-4] [INFO] [1732728766.035498503] [drone_home1.sim]: x,y:-0.22897280000324827,0.34056923487514723
[visualization-4] [INFO] [1732728767.035461667] [drone_home1.sim]: x,y:-0.22897280000324827,0.34056923487514723
[visualization-4] [INFO] [1732728768.035626311] [drone_home1.sim]: x,y:-0.22897280000324827,0.34056923487514723
[visualization-4] [INFO] [1732728769.035417217] [drone_home1.sim]: x,y:-0.22897280000324827,0.34056923487514723
[visualization-4] [INFO] [1732728770.035475065] [drone_home1.sim]: x,y:-0.22897280000324827,0.34056923487514723
[visualization-4] [INFO] [1732728771.035541025] [drone_home1.sim]: x,y:-0.22897280000324827,0.34056923487514723
[visualization-4] [INFO] [1732728772.035517374] [drone_home1.sim]: x,y:-0.22897280000324827,0.34056923487514723
[visualization-4] [INFO] [1732728773.035310964] [drone_home1.sim]: x,y:-0.22897280000324827,0.34056923487514723
[visualization-4] [INFO] [1732728774.035410720] [drone_home1.sim]: x,y:-0.22897280000324827,0.34056923487514723
[visualization-4] [INFO] [1732728775.035525735] [drone_home1.sim]: x,y:-0.22897280000324827,0.34056923487514723
[visualization-4] [INFO] [1732728776.035316363] [drone_home1.sim]: x,y:-0.22897280000324827,0.34056923487514723
[visualization-4] [INFO] [1732728777.035319526] [drone_home1.sim]: x,y:-0.22897280000324827,0.34056923487514723
[visualization-4] [INFO] [1732728778.035342153] [drone_home1.sim]: x,y:-0.22897280000324827,0.34056923487514723
[visualization-4] [INFO] [1732728779.035414946] [drone_home1.sim]: x,y:-0.22897280000324827,0.34056923487514723
[visualization-4] [INFO] [1732728780.035420017] [drone_home1.sim]: x,y:-0.22897280000324827,0.34056923487514723
[visualization-4] [INFO] [1732728781.035587198] [drone_home1.sim]: x,y:-0.22897280000324827,0.34056923487514723
[visualization-4] [INFO] [1732728782.035498380] [drone_home1.sim]: x,y:-0.22897280000324827,0.34056923487514723
[visualization-4] [INFO] [1732728783.035106083] [drone_home1.sim]: x,y:-0.22897280000324827,0.34056923487514723
[visualization-4] [INFO] [1732728784.035443486] [drone_home1.sim]: x,y:-0.22897280000324827,0.34056923487514723
[visualization-4] [INFO] [1732728785.035485093] [drone_home1.sim]: x,y:-0.22897280000324827,0.34056923487514723
[visualization-4] [INFO] [1732728786.035441979] [drone_home1.sim]: x,y:-0.22897280000324827,0.34056923487514723
[visualization-4] [INFO] [1732728787.035343329] [drone_home1.sim]: x,y:-0.22897280000324827,0.34056923487514723
[visualization-4] [INFO] [1732728788.036708005] [drone_home1.sim]: x,y:-0.22897280000324827,0.34056923487514723
[visualization-4] [INFO] [1732728789.035428785] [drone_home1.sim]: x,y:-0.22897280000324827,0.34056923487514723
[visualization-4] [INFO] [1732728790.035214190] [drone_home1.sim]: x,y:-0.22897280000324827,0.34056923487514723
[visualization-4] [INFO] [1732728791.035614908] [drone_home1.sim]: x,y:-0.22897280000324827,0.34056923487514723
[visualization-4] [INFO] [1732728792.035213499] [drone_home1.sim]: x,y:-0.22897280000324827,0.34056923487514723
[visualization-4] [INFO] [1732728793.035418976] [drone_home1.sim]: x,y:-0.22897280000324827,0.34056923487514723
[visualization-4] [INFO] [1732728794.035402473] [drone_home1.sim]: x,y:-0.22897280000324827,0.34056923487514723
[visualization-4] [INFO] [1732728795.035378822] [drone_home1.sim]: x,y:-0.22897280000324827,0.34056923487514723
[visualization-4] [INFO] [1732728796.035463948] [drone_home1.sim]: x,y:-0.22897280000324827,0.34056923487514723
[visualization-4] [INFO] [1732728797.035460778] [drone_home1.sim]: x,y:-0.22897280000324827,0.34056923487514723
[visualization-4] [INFO] [1732728798.035498571] [drone_home1.sim]: x,y:-0.22897280000324827,0.34056923487514723
[visualization-4] [INFO] [1732728799.035428031] [drone_home1.sim]: x,y:-0.22897280000324827,0.34056923487514723
[visualization-4] [INFO] [1732728800.035337269] [drone_home1.sim]: x,y:-0.22897280000324827,0.34056923487514723
[visualization-4] [INFO] [1732728801.035353395] [drone_home1.sim]: x,y:-0.22897280000324827,0.34056923487514723
[visualization-4] [INFO] [1732728802.035461077] [drone_home1.sim]: x,y:-0.22897280000324827,0.34056923487514723
[visualization-4] [INFO] [1732728803.035372722] [drone_home1.sim]: x,y:-0.22897280000324827,0.34056923487514723
[visualization-4] [INFO] [1732728804.035540551] [drone_home1.sim]: x,y:-0.22897280000324827,0.34056923487514723
[visualization-4] [INFO] [1732728805.035551400] [drone_home1.sim]: x,y:-0.22897280000324827,0.34056923487514723
[visualization-4] [INFO] [1732728806.035504286] [drone_home1.sim]: x,y:-0.22897280000324827,0.34056923487514723
[visualization-4] [INFO] [1732728807.035466375] [drone_home1.sim]: x,y:-0.22897280000324827,0.34056923487514723
[visualization-4] [INFO] [1732728808.035365243] [drone_home1.sim]: x,y:-0.22897280000324827,0.34056923487514723
[visualization-4] [INFO] [1732728809.035690497] [drone_home1.sim]: x,y:-0.22897280000324827,0.34056923487514723
[visualization-4] [INFO] [1732728810.035615420] [drone_home1.sim]: x,y:-0.22897280000324827,0.34056923487514723
[visualization-4] [INFO] [1732728811.035479880] [drone_home1.sim]: x,y:-0.22897280000324827,0.34056923487514723
[visualization-4] [INFO] [1732728812.035595525] [drone_home1.sim]: x,y:-0.22897280000324827,0.34056923487514723
[visualization-4] [INFO] [1732728813.035563151] [drone_home1.sim]: x,y:-0.22897280000324827,0.34056923487514723
[visualization-4] [INFO] [1732728814.035503889] [drone_home1.sim]: x,y:-0.22897280000324827,0.34056923487514723
[visualization-4] [INFO] [1732728815.035478978] [drone_home1.sim]: x,y:-0.22897280000324827,0.34056923487514723
[visualization-4] [INFO] [1732728816.035482530] [drone_home1.sim]: x,y:-0.22897280000324827,0.34056923487514723
[visualization-4] [INFO] [1732728817.035535490] [drone_home1.sim]: x,y:-0.22897280000324827,0.34056923487514723
[visualization-4] [INFO] [1732728818.035368283] [drone_home1.sim]: x,y:-0.22897280000324827,0.34056923487514723
[visualization-4] [INFO] [1732728819.035628131] [drone_home1.sim]: x,y:-0.22897280000324827,0.34056923487514723
[visualization-4] [INFO] [1732728820.035583350] [drone_home1.sim]: x,y:-0.22897280000324827,0.34056923487514723
[visualization-4] [INFO] [1732728821.035407199] [drone_home1.sim]: x,y:-0.22897280000324827,0.34056923487514723
[visualization-4] [INFO] [1732728822.035482806] [drone_home1.sim]: x,y:-0.22897280000324827,0.34056923487514723
[visualization-4] [INFO] [1732728823.035487580] [drone_home1.sim]: x,y:-0.22897280000324827,0.34056923487514723
[visualization-4] [INFO] [1732728824.035364966] [drone_home1.sim]: x,y:-0.22897280000324827,0.34056923487514723
[visualization-4] [INFO] [1732728825.035582184] [drone_home1.sim]: x,y:-0.22897280000324827,0.34056923487514723
[visualization-4] [INFO] [1732728826.035329923] [drone_home1.sim]: x,y:-0.22897280000324827,0.34056923487514723
[visualization-4] [INFO] [1732728827.035349549] [drone_home1.sim]: x,y:-0.22897280000324827,0.34056923487514723
[visualization-4] [INFO] [1732728828.035415767] [drone_home1.sim]: x,y:-0.22897280000324827,0.34056923487514723
[visualization-4] [INFO] [1732728829.035410764] [drone_home1.sim]: x,y:-0.22897280000324827,0.34056923487514723
[visualization-4] [INFO] [1732728830.035407705] [drone_home1.sim]: x,y:-0.22897280000324827,0.34056923487514723
[visualization-4] [INFO] [1732728831.035426368] [drone_home1.sim]: x,y:-0.22897280000324827,0.34056923487514723
[visualization-4] [INFO] [1732728832.035428346] [drone_home1.sim]: x,y:-0.22897280000324827,0.34056923487514723
[visualization-4] [INFO] [1732728833.035530786] [drone_home1.sim]: x,y:-0.22897280000324827,0.34056923487514723
[visualization-4] [INFO] [1732728834.035520986] [drone_home1.sim]: x,y:-0.22897280000324827,0.34056923487514723
[visualization-4] [INFO] [1732728835.035555927] [drone_home1.sim]: x,y:-0.22897280000324827,0.34056923487514723
[visualization-4] [INFO] [1732728836.035555757] [drone_home1.sim]: x,y:-0.22897280000324827,0.34056923487514723
[visualization-4] [INFO] [1732728837.035431365] [drone_home1.sim]: x,y:-0.22897280000324827,0.34056923487514723
[visualization-4] [INFO] [1732728838.035403714] [drone_home1.sim]: x,y:-0.22897280000324827,0.34056923487514723
[visualization-4] [INFO] [1732728839.035601061] [drone_home1.sim]: x,y:-0.22897280000324827,0.34056923487514723
[visualization-4] [INFO] [1732728840.035481947] [drone_home1.sim]: x,y:-0.22897280000324827,0.34056923487514723
[visualization-4] [INFO] [1732728841.035429388] [drone_home1.sim]: x,y:-0.22897280000324827,0.34056923487514723
[visualization-4] [INFO] [1732728842.035415570] [drone_home1.sim]: x,y:-0.22897280000324827,0.34056923487514723
[visualization-4] [INFO] [1732728843.035515565] [drone_home1.sim]: x,y:-0.22897280000324827,0.34056923487514723
[visualization-4] [INFO] [1732728844.035560951] [drone_home1.sim]: x,y:-0.22897280000324827,0.34056923487514723
[visualization-4] [INFO] [1732728845.035503929] [drone_home1.sim]: x,y:-0.22897280000324827,0.34056923487514723
[visualization-4] [INFO] [1732728846.035586369] [drone_home1.sim]: x,y:-0.22897280000324827,0.34056923487514723
[visualization-4] [INFO] [1732728847.035592088] [drone_home1.sim]: x,y:-0.22897280000324827,0.34056923487514723
[visualization-4] [INFO] [1732728848.035491418] [drone_home1.sim]: x,y:-0.22897280000324827,0.34056923487514723
[visualization-4] [INFO] [1732728849.035497599] [drone_home1.sim]: x,y:-0.22897280000324827,0.34056923487514723
[visualization-4] [INFO] [1732728850.035650910] [drone_home1.sim]: x,y:-0.22897280000324827,0.34056923487514723
[visualization-4] [INFO] [1732728851.035665925] [drone_home1.sim]: x,y:-0.22897280000324827,0.34056923487514723
[visualization-4] [INFO] [1732728852.035477866] [drone_home1.sim]: x,y:-0.22897280000324827,0.34056923487514723
[visualization-4] [INFO] [1732728853.035445029] [drone_home1.sim]: x,y:-0.22897280000324827,0.34056923487514723
[visualization-4] [INFO] [1732728854.035554470] [drone_home1.sim]: x,y:-0.22897280000324827,0.34056923487514723
[visualization-4] [INFO] [1732728855.035537281] [drone_home1.sim]: x,y:-0.22897280000324827,0.34056923487514723
[visualization-4] [INFO] [1732728856.035648351] [drone_home1.sim]: x,y:-0.22897280000324827,0.34056923487514723
[visualization-4] [INFO] [1732728857.035390941] [drone_home1.sim]: x,y:-0.22897280000324827,0.34056923487514723
[visualization-4] [INFO] [1732728858.035582103] [drone_home1.sim]: x,y:-0.22897280000324827,0.34056923487514723
[visualization-4] [INFO] [1732728859.035236397] [drone_home1.sim]: x,y:-0.22897280000324827,0.34056923487514723
[visualization-4] [INFO] [1732728860.035688391] [drone_home1.sim]: x,y:-0.22897280000324827,0.34056923487514723
[visualization-4] [INFO] [1732728861.035505925] [drone_home1.sim]: x,y:-0.22897280000324827,0.34056923487514723
[visualization-4] [INFO] [1732728862.035498107] [drone_home1.sim]: x,y:-0.22897280000324827,0.34056923487514723
[visualization-4] [INFO] [1732728863.035531584] [drone_home1.sim]: x,y:-0.22897280000324827,0.34056923487514723
[visualization-4] [INFO] [1732728864.035488525] [drone_home1.sim]: x,y:-0.22897280000324827,0.34056923487514723
[visualization-4] [INFO] [1732728865.035480355] [drone_home1.sim]: x,y:-0.22897280000324827,0.34056923487514723
[visualization-4] [INFO] [1732728866.035491981] [drone_home1.sim]: x,y:-0.22897280000324827,0.34056923487514723
[visualization-4] [INFO] [1732728867.035397866] [drone_home1.sim]: x,y:-0.22897280000324827,0.34056923487514723
[visualization-4] [INFO] [1732728868.035479788] [drone_home1.sim]: x,y:-0.22897280000324827,0.34056923487514723
[visualization-4] [INFO] [1732728869.035306637] [drone_home1.sim]: x,y:-0.22897280000324827,0.34056923487514723
[visualization-4] [INFO] [1732728870.035485651] [drone_home1.sim]: x,y:-0.22897280000324827,0.34056923487514723
[visualization-4] [INFO] [1732728871.035537146] [drone_home1.sim]: x,y:-0.22897280000324827,0.34056923487514723
[visualization-4] [INFO] [1732728872.035318736] [drone_home1.sim]: x,y:-0.22897280000324827,0.34056923487514723
[visualization-4] [INFO] [1732728873.035478028] [drone_home1.sim]: x,y:-0.22897280000324827,0.34056923487514723
[visualization-4] [INFO] [1732728874.035379784] [drone_home1.sim]: x,y:-0.22897280000324827,0.34056923487514723
[visualization-4] [INFO] [1732728875.035436891] [drone_home1.sim]: x,y:-0.22897280000324827,0.34056923487514723
[visualization-4] [INFO] [1732728876.035446498] [drone_home1.sim]: x,y:-0.22897280000324827,0.34056923487514723
[visualization-4] [INFO] [1732728877.035519290] [drone_home1.sim]: x,y:-0.22897280000324827,0.34056923487514723
[visualization-4] [INFO] [1732728878.035516342] [drone_home1.sim]: x,y:-0.22897280000324827,0.34056923487514723
[visualization-4] [INFO] [1732728879.035533338] [drone_home1.sim]: x,y:-0.22897280000324827,0.34056923487514723
[visualization-4] [INFO] [1732728880.035326372] [drone_home1.sim]: x,y:-0.22897280000324827,0.34056923487514723
[visualization-4] [INFO] [1732728881.035503071] [drone_home1.sim]: x,y:-0.22897280000324827,0.34056923487514723
[visualization-4] [INFO] [1732728882.035484456] [drone_home1.sim]: x,y:-0.22897280000324827,0.34056923487514723
[visualization-4] [INFO] [1732728883.035498174] [drone_home1.sim]: x,y:-0.22897280000324827,0.34056923487514723
[visualization-4] [INFO] [1732728884.035490448] [drone_home1.sim]: x,y:-0.22897280000324827,0.34056923487514723
[visualization-4] [INFO] [1732728885.035459277] [drone_home1.sim]: x,y:-0.22897280000324827,0.34056923487514723
[visualization-4] [INFO] [1732728886.035363237] [drone_home1.sim]: x,y:-0.22897280000324827,0.34056923487514723
[visualization-4] [INFO] [1732728887.035509084] [drone_home1.sim]: x,y:-0.22897280000324827,0.34056923487514723
[visualization-4] [INFO] [1732728888.035469284] [drone_home1.sim]: x,y:-0.22897280000324827,0.34056923487514723
[visualization-4] [INFO] [1732728889.035331540] [drone_home1.sim]: x,y:-0.22897280000324827,0.34056923487514723
[visualization-4] [INFO] [1732728890.035526276] [drone_home1.sim]: x,y:-0.22897280000324827,0.34056923487514723
[visualization-4] [INFO] [1732728891.035595327] [drone_home1.sim]: x,y:-0.22897280000324827,0.34056923487514723
[visualization-4] [INFO] [1732728892.035408527] [drone_home1.sim]: x,y:-0.22897280000324827,0.34056923487514723
[visualization-4] [INFO] [1732728893.035319413] [drone_home1.sim]: x,y:-0.22897280000324827,0.34056923487514723
[visualization-4] [INFO] [1732728894.035344186] [drone_home1.sim]: x,y:-0.22897280000324827,0.34056923487514723
[visualization-4] [INFO] [1732728895.035516218] [drone_home1.sim]: x,y:-0.22897280000324827,0.34056923487514723
[visualization-4] [INFO] [1732728896.035488992] [drone_home1.sim]: x,y:-0.22897280000324827,0.34056923487514723
[visualization-4] [INFO] [1732728897.035321174] [drone_home1.sim]: x,y:-0.22897280000324827,0.34056923487514723
[visualization-4] [INFO] [1732728898.035522003] [drone_home1.sim]: x,y:-0.22897280000324827,0.34056923487514723
[visualization-4] [INFO] [1732728899.035324222] [drone_home1.sim]: x,y:-0.22897280000324827,0.34056923487514723
[visualization-4] [INFO] [1732728900.035513643] [drone_home1.sim]: x,y:-0.22897280000324827,0.34056923487514723
[visualization-4] [INFO] [1732728901.035499861] [drone_home1.sim]: x,y:-0.22897280000324827,0.34056923487514723
[visualization-4] [INFO] [1732728902.035403079] [drone_home1.sim]: x,y:-0.22897280000324827,0.34056923487514723
[visualization-4] [INFO] [1732728903.035330131] [drone_home1.sim]: x,y:-0.22897280000324827,0.34056923487514723
[visualization-4] [INFO] [1732728904.035471330] [drone_home1.sim]: x,y:-0.22897280000324827,0.34056923487514723
[visualization-4] [INFO] [1732728905.035419882] [drone_home1.sim]: x,y:-0.22897280000324827,0.34056923487514723
[visualization-4] [INFO] [1732728906.035281952] [drone_home1.sim]: x,y:-0.22897280000324827,0.34056923487514723
[visualization-4] [INFO] [1732728907.035532558] [drone_home1.sim]: x,y:-0.22897280000324827,0.34056923487514723
[visualization-4] [INFO] [1732728908.035446443] [drone_home1.sim]: x,y:-0.22897280000324827,0.34056923487514723
[visualization-4] [INFO] [1732728909.035318292] [drone_home1.sim]: x,y:-0.22897280000324827,0.34056923487514723
[visualization-4] [INFO] [1732728910.035205529] [drone_home1.sim]: x,y:-0.22897280000324827,0.34056923487514723
[visualization-4] [INFO] [1732728911.035407357] [drone_home1.sim]: x,y:-0.22897280000324827,0.34056923487514723
[visualization-4] [INFO] [1732728912.035409797] [drone_home1.sim]: x,y:-0.22897280000324827,0.34056923487514723
[visualization-4] [INFO] [1732728913.035452608] [drone_home1.sim]: x,y:-0.22897280000324827,0.34056923487514723
[visualization-4] [INFO] [1732728914.035348493] [drone_home1.sim]: x,y:-0.22897280000324827,0.34056923487514723
[visualization-4] [INFO] [1732728915.035443692] [drone_home1.sim]: x,y:-0.22897280000324827,0.34056923487514723
[visualization-4] [INFO] [1732728916.035330262] [drone_home1.sim]: x,y:-0.22897280000324827,0.34056923487514723
[visualization-4] [INFO] [1732728917.035589294] [drone_home1.sim]: x,y:-0.22897280000324827,0.34056923487514723
[visualization-4] [INFO] [1732728918.035448142] [drone_home1.sim]: x,y:-0.22897280000324827,0.34056923487514723
[visualization-4] [INFO] [1732728919.035562508] [drone_home1.sim]: x,y:-0.22897280000324827,0.34056923487514723
[visualization-4] [INFO] [1732728920.035500859] [drone_home1.sim]: x,y:-0.22897280000324827,0.34056923487514723
[visualization-4] [INFO] [1732728921.035552040] [drone_home1.sim]: x,y:-0.22897280000324827,0.34056923487514723
[visualization-4] [INFO] [1732728922.035470889] [drone_home1.sim]: x,y:-0.22897280000324827,0.34056923487514723
[visualization-4] [INFO] [1732728923.035498960] [drone_home1.sim]: x,y:-0.22897280000324827,0.34056923487514723
[visualization-4] [INFO] [1732728924.035502105] [drone_home1.sim]: x,y:-0.22897280000324827,0.34056923487514723
[visualization-4] [INFO] [1732728925.035540103] [drone_home1.sim]: x,y:-0.22897280000324827,0.34056923487514723
[visualization-4] [INFO] [1732728926.035454527] [drone_home1.sim]: x,y:-0.22897280000324827,0.34056923487514723
[visualization-4] [INFO] [1732728927.035437173] [drone_home1.sim]: x,y:-0.22897280000324827,0.34056923487514723
[visualization-4] [INFO] [1732728928.035542597] [drone_home1.sim]: x,y:-0.22897280000324827,0.34056923487514723
[visualization-4] [INFO] [1732728929.035419985] [drone_home1.sim]: x,y:-0.22897280000324827,0.34056923487514723
[visualization-4] [INFO] [1732728930.035439113] [drone_home1.sim]: x,y:-0.22897280000324827,0.34056923487514723
[visualization-4] [INFO] [1732728931.035465557] [drone_home1.sim]: x,y:-0.22897280000324827,0.34056923487514723
[visualization-4] [INFO] [1732728932.035451148] [drone_home1.sim]: x,y:-0.22897280000324827,0.34056923487514723
[visualization-4] [INFO] [1732728933.035434500] [drone_home1.sim]: x,y:-0.22897280000324827,0.34056923487514723
[visualization-4] [INFO] [1732728934.035386259] [drone_home1.sim]: x,y:-0.22897280000324827,0.34056923487514723
[visualization-4] [INFO] [1732728935.035450315] [drone_home1.sim]: x,y:-0.22897280000324827,0.34056923487514723
[visualization-4] [INFO] [1732728936.035600592] [drone_home1.sim]: x,y:-0.22897280000324827,0.34056923487514723
[visualization-4] [INFO] [1732728937.035376501] [drone_home1.sim]: x,y:-0.22897280000324827,0.34056923487514723
[visualization-4] [INFO] [1732728938.035590131] [drone_home1.sim]: x,y:-0.22897280000324827,0.34056923487514723
[visualization-4] [INFO] [1732728939.035558503] [drone_home1.sim]: x,y:-0.22897280000324827,0.34056923487514723
[visualization-4] [INFO] [1732728940.035338931] [drone_home1.sim]: x,y:-0.22897280000324827,0.34056923487514723
[visualization-4] [INFO] [1732728941.035336359] [drone_home1.sim]: x,y:-0.22897280000324827,0.34056923487514723
[visualization-4] [INFO] [1732728942.035582359] [drone_home1.sim]: x,y:-0.22897280000324827,0.34056923487514723
[visualization-4] [INFO] [1732728943.035553714] [drone_home1.sim]: x,y:-0.22897280000324827,0.34056923487514723
[visualization-4] [INFO] [1732728944.035590234] [drone_home1.sim]: x,y:-0.22897280000324827,0.34056923487514723
[visualization-4] [INFO] [1732728945.035463627] [drone_home1.sim]: x,y:-0.22897280000324827,0.34056923487514723
[visualization-4] [INFO] [1732728946.035496129] [drone_home1.sim]: x,y:-0.22897280000324827,0.34056923487514723
[visualization-4] [INFO] [1732728947.035502077] [drone_home1.sim]: x,y:-0.22897280000324827,0.34056923487514723
[visualization-4] [INFO] [1732728948.035504636] [drone_home1.sim]: x,y:-0.22897280000324827,0.34056923487514723
[visualization-4] [INFO] [1732728949.035535807] [drone_home1.sim]: x,y:-0.22897280000324827,0.34056923487514723
[visualization-4] [INFO] [1732728950.035484329] [drone_home1.sim]: x,y:-0.22897280000324827,0.34056923487514723
[visualization-4] [INFO] [1732728951.035535593] [drone_home1.sim]: x,y:-0.22897280000324827,0.34056923487514723
[visualization-4] [INFO] [1732728952.035492505] [drone_home1.sim]: x,y:-0.22897280000324827,0.34056923487514723
[visualization-4] [INFO] [1732728953.035466325] [drone_home1.sim]: x,y:-0.22897280000324827,0.34056923487514723
[visualization-4] [INFO] [1732728954.035495274] [drone_home1.sim]: x,y:-0.22897280000324827,0.34056923487514723
[visualization-4] [INFO] [1732728955.035439761] [drone_home1.sim]: x,y:-0.22897280000324827,0.34056923487514723
[visualization-4] [INFO] [1732728956.035420156] [drone_home1.sim]: x,y:-0.22897280000324827,0.34056923487514723
[visualization-4] [INFO] [1732728957.035474161] [drone_home1.sim]: x,y:-0.22897280000324827,0.34056923487514723
[visualization-4] [INFO] [1732728958.035507964] [drone_home1.sim]: x,y:-0.22897280000324827,0.34056923487514723
[visualization-4] [INFO] [1732728959.035532303] [drone_home1.sim]: x,y:-0.22897280000324827,0.34056923487514723
[visualization-4] [INFO] [1732728960.035554569] [drone_home1.sim]: x,y:-0.22897280000324827,0.34056923487514723
[visualization-4] [INFO] [1732728961.035475150] [drone_home1.sim]: x,y:-0.22897280000324827,0.34056923487514723
[visualization-4] [INFO] [1732728962.035392750] [drone_home1.sim]: x,y:-0.22897280000324827,0.34056923487514723
[visualization-4] [INFO] [1732728963.035557164] [drone_home1.sim]: x,y:-0.22897280000324827,0.34056923487514723
[visualization-4] [INFO] [1732728964.035438376] [drone_home1.sim]: x,y:-0.22897280000324827,0.34056923487514723
[visualization-4] [INFO] [1732728965.035425662] [drone_home1.sim]: x,y:-0.22897280000324827,0.34056923487514723
[visualization-4] [INFO] [1732728966.035484392] [drone_home1.sim]: x,y:-0.22897280000324827,0.34056923487514723
[visualization-4] [INFO] [1732728967.035538771] [drone_home1.sim]: x,y:-0.22897280000324827,0.34056923487514723
[visualization-4] [INFO] [1732728968.035488446] [drone_home1.sim]: x,y:-0.22897280000324827,0.34056923487514723
[visualization-4] [INFO] [1732728969.035539511] [drone_home1.sim]: x,y:-0.22897280000324827,0.34056923487514723
[visualization-4] [INFO] [1732728970.035472965] [drone_home1.sim]: x,y:-0.22897280000324827,0.34056923487514723
[visualization-4] [INFO] [1732728971.035427067] [drone_home1.sim]: x,y:-0.22897280000324827,0.34056923487514723
[visualization-4] [INFO] [1732728972.035532354] [drone_home1.sim]: x,y:-0.22897280000324827,0.34056923487514723
[visualization-4] [INFO] [1732728973.035488845] [drone_home1.sim]: x,y:-0.22897280000324827,0.34056923487514723
[visualization-4] [INFO] [1732728974.035524893] [drone_home1.sim]: x,y:-0.22897280000324827,0.34056923487514723
[visualization-4] [INFO] [1732728975.035467422] [drone_home1.sim]: x,y:-0.22897280000324827,0.34056923487514723
[visualization-4] [INFO] [1732728976.035486192] [drone_home1.sim]: x,y:-0.22897280000324827,0.34056923487514723
[visualization-4] [INFO] [1732728977.035535851] [drone_home1.sim]: x,y:-0.22897280000324827,0.34056923487514723
[visualization-4] [INFO] [1732728978.035125216] [drone_home1.sim]: x,y:-0.22897280000324827,0.34056923487514723
[visualization-4] [INFO] [1732728979.035540244] [drone_home1.sim]: x,y:-0.22897280000324827,0.34056923487514723
[visualization-4] [INFO] [1732728980.035606533] [drone_home1.sim]: x,y:-0.22897280000324827,0.34056923487514723
[visualization-4] [INFO] [1732728981.035275399] [drone_home1.sim]: x,y:-0.22897280000324827,0.34056923487514723
[visualization-4] [INFO] [1732728982.035449614] [drone_home1.sim]: x,y:-0.22897280000324827,0.34056923487514723
[visualization-4] [INFO] [1732728983.035393201] [drone_home1.sim]: x,y:-0.22897280000324827,0.34056923487514723
[visualization-4] [INFO] [1732728984.035455269] [drone_home1.sim]: x,y:-0.22897280000324827,0.34056923487514723
[visualization-4] [INFO] [1732728985.035413189] [drone_home1.sim]: x,y:-0.22897280000324827,0.34056923487514723
[visualization-4] [INFO] [1732728986.035721960] [drone_home1.sim]: x,y:-0.22897280000324827,0.34056923487514723
[visualization-4] [INFO] [1732728987.035499271] [drone_home1.sim]: x,y:-0.22897280000324827,0.34056923487514723
[visualization-4] [INFO] [1732728988.035484581] [drone_home1.sim]: x,y:-0.22897280000324827,0.34056923487514723
[visualization-4] [INFO] [1732728989.035402744] [drone_home1.sim]: x,y:-0.22897280000324827,0.34056923487514723
[visualization-4] [INFO] [1732728990.035323129] [drone_home1.sim]: x,y:-0.22897280000324827,0.34056923487514723
[visualization-4] [INFO] [1732728991.035156256] [drone_home1.sim]: x,y:-0.22897280000324827,0.34056923487514723
[visualization-4] [INFO] [1732728992.035485510] [drone_home1.sim]: x,y:-0.22897280000324827,0.34056923487514723
[visualization-4] [INFO] [1732728993.035551321] [drone_home1.sim]: x,y:-0.22897280000324827,0.34056923487514723
[visualization-4] [INFO] [1732728994.035625076] [drone_home1.sim]: x,y:-0.22897280000324827,0.34056923487514723
[visualization-4] [INFO] [1732728995.035192557] [drone_home1.sim]: x,y:-0.22897280000324827,0.34056923487514723
[visualization-4] [INFO] [1732728996.035337628] [drone_home1.sim]: x,y:-0.22897280000324827,0.34056923487514723
[visualization-4] [INFO] [1732728997.035496495] [drone_home1.sim]: x,y:-0.22897280000324827,0.34056923487514723
[visualization-4] [INFO] [1732728998.035588937] [drone_home1.sim]: x,y:-0.22897280000324827,0.34056923487514723
[visualization-4] [INFO] [1732728999.035364251] [drone_home1.sim]: x,y:-0.22897280000324827,0.34056923487514723
[visualization-4] [INFO] [1732729000.035440249] [drone_home1.sim]: x,y:-0.22897280000324827,0.34056923487514723
[visualization-4] [INFO] [1732729001.035585469] [drone_home1.sim]: x,y:-0.22897280000324827,0.34056923487514723
[visualization-4] [INFO] [1732729002.035544709] [drone_home1.sim]: x,y:-0.22897280000324827,0.34056923487514723
[visualization-4] [INFO] [1732729003.035414523] [drone_home1.sim]: x,y:-0.22897280000324827,0.34056923487514723
[visualization-4] [INFO] [1732729004.035343578] [drone_home1.sim]: x,y:-0.22897280000324827,0.34056923487514723
[visualization-4] [INFO] [1732729005.035481874] [drone_home1.sim]: x,y:-0.22897280000324827,0.34056923487514723
[visualization-4] [INFO] [1732729006.035417874] [drone_home1.sim]: x,y:-0.22897280000324827,0.34056923487514723
[visualization-4] [INFO] [1732729007.035329948] [drone_home1.sim]: x,y:-0.22897280000324827,0.34056923487514723
[visualization-4] [INFO] [1732729008.035577244] [drone_home1.sim]: x,y:-0.22897280000324827,0.34056923487514723
[visualization-4] [INFO] [1732729009.035475856] [drone_home1.sim]: x,y:-0.22897280000324827,0.34056923487514723
[visualization-4] [INFO] [1732729010.035510301] [drone_home1.sim]: x,y:-0.22897280000324827,0.34056923487514723
[visualization-4] [INFO] [1732729011.035465673] [drone_home1.sim]: x,y:-0.22897280000324827,0.34056923487514723
[visualization-4] [INFO] [1732729012.035518544] [drone_home1.sim]: x,y:-0.22897280000324827,0.34056923487514723
[visualization-4] [INFO] [1732729013.035593768] [drone_home1.sim]: x,y:-0.22897280000324827,0.34056923487514723
[visualization-4] [INFO] [1732729014.035399937] [drone_home1.sim]: x,y:-0.22897280000324827,0.34056923487514723
[visualization-4] [INFO] [1732729015.035522124] [drone_home1.sim]: x,y:-0.22897280000324827,0.34056923487514723
[visualization-4] [INFO] [1732729016.035512682] [drone_home1.sim]: x,y:-0.22897280000324827,0.34056923487514723
[visualization-4] [INFO] [1732729017.035347074] [drone_home1.sim]: x,y:-0.22897280000324827,0.34056923487514723
[visualization-4] [INFO] [1732729018.035522391] [drone_home1.sim]: x,y:-0.22897280000324827,0.34056923487514723
[visualization-4] [INFO] [1732729019.035468098] [drone_home1.sim]: x,y:-0.22897280000324827,0.34056923487514723
[visualization-4] [INFO] [1732729020.035384435] [drone_home1.sim]: x,y:-0.22897280000324827,0.34056923487514723
[visualization-4] [INFO] [1732729021.035501290] [drone_home1.sim]: x,y:-0.22897280000324827,0.34056923487514723
[visualization-4] [INFO] [1732729022.035591923] [drone_home1.sim]: x,y:-0.22897280000324827,0.34056923487514723
[visualization-4] [INFO] [1732729023.035391799] [drone_home1.sim]: x,y:-0.22897280000324827,0.34056923487514723
[visualization-4] [INFO] [1732729024.035462784] [drone_home1.sim]: x,y:-0.22897280000324827,0.34056923487514723
[visualization-4] [INFO] [1732729025.035524789] [drone_home1.sim]: x,y:-0.22897280000324827,0.34056923487514723
[visualization-4] [INFO] [1732729026.035496775] [drone_home1.sim]: x,y:-0.22897280000324827,0.34056923487514723
[visualization-4] [INFO] [1732729027.035472947] [drone_home1.sim]: x,y:-0.22897280000324827,0.34056923487514723
[visualization-4] [INFO] [1732729028.035384638] [drone_home1.sim]: x,y:-0.22897280000324827,0.34056923487514723
[visualization-4] [INFO] [1732729029.035590606] [drone_home1.sim]: x,y:-0.22897280000324827,0.34056923487514723
[visualization-4] [INFO] [1732729030.035384798] [drone_home1.sim]: x,y:-0.22897280000324827,0.34056923487514723
[visualization-4] [INFO] [1732729031.035382489] [drone_home1.sim]: x,y:-0.22897280000324827,0.34056923487514723
[visualization-4] [INFO] [1732729032.035462032] [drone_home1.sim]: x,y:-0.22897280000324827,0.34056923487514723
[visualization-4] [INFO] [1732729033.035538112] [drone_home1.sim]: x,y:-0.22897280000324827,0.34056923487514723
[visualization-4] [INFO] [1732729034.035454972] [drone_home1.sim]: x,y:-0.22897280000324827,0.34056923487514723
[visualization-4] [INFO] [1732729035.035697885] [drone_home1.sim]: x,y:-0.22897280000324827,0.34056923487514723
[visualization-4] [INFO] [1732729036.035450560] [drone_home1.sim]: x,y:-0.22897280000324827,0.34056923487514723
[visualization-4] [INFO] [1732729037.035490327] [drone_home1.sim]: x,y:-0.22897280000324827,0.34056923487514723
[visualization-4] [INFO] [1732729038.035319428] [drone_home1.sim]: x,y:-0.22897280000324827,0.34056923487514723
[visualization-4] [INFO] [1732729039.035457695] [drone_home1.sim]: x,y:-0.22897280000324827,0.34056923487514723
[visualization-4] [INFO] [1732729040.035491314] [drone_home1.sim]: x,y:-0.22897280000324827,0.34056923487514723
[visualization-4] [INFO] [1732729041.035520341] [drone_home1.sim]: x,y:-0.22897280000324827,0.34056923487514723
[visualization-4] [INFO] [1732729042.035358610] [drone_home1.sim]: x,y:-0.22897280000324827,0.34056923487514723
[visualization-4] [INFO] [1732729043.035331879] [drone_home1.sim]: x,y:-0.22897280000324827,0.34056923487514723
[visualization-4] [INFO] [1732729044.035389573] [drone_home1.sim]: x,y:-0.22897280000324827,0.34056923487514723
[visualization-4] [INFO] [1732729045.035460341] [drone_home1.sim]: x,y:-0.22897280000324827,0.34056923487514723
[visualization-4] [INFO] [1732729046.035577943] [drone_home1.sim]: x,y:-0.22897280000324827,0.34056923487514723
[visualization-4] [INFO] [1732729047.035537768] [drone_home1.sim]: x,y:-0.22897280000324827,0.34056923487514723
[visualization-4] [INFO] [1732729048.035564131] [drone_home1.sim]: x,y:-0.22897280000324827,0.34056923487514723
[visualization-4] [INFO] [1732729049.035393512] [drone_home1.sim]: x,y:-0.22897280000324827,0.34056923487514723
[visualization-4] [INFO] [1732729050.035359431] [drone_home1.sim]: x,y:-0.22897280000324827,0.34056923487514723
[visualization-4] [INFO] [1732729051.035528311] [drone_home1.sim]: x,y:-0.22897280000324827,0.34056923487514723
[visualization-4] [INFO] [1732729052.035527823] [drone_home1.sim]: x,y:-0.22897280000324827,0.34056923487514723
[visualization-4] [INFO] [1732729053.035480168] [drone_home1.sim]: x,y:-0.22897280000324827,0.34056923487514723
[visualization-4] [INFO] [1732729054.035480180] [drone_home1.sim]: x,y:-0.22897280000324827,0.34056923487514723
[visualization-4] [INFO] [1732729055.035426451] [drone_home1.sim]: x,y:-0.22897280000324827,0.34056923487514723
[visualization-4] [INFO] [1732729056.035453167] [drone_home1.sim]: x,y:-0.22897280000324827,0.34056923487514723
[visualization-4] [INFO] [1732729057.035529717] [drone_home1.sim]: x,y:-0.22897280000324827,0.34056923487514723
[visualization-4] [INFO] [1732729058.036128986] [drone_home1.sim]: x,y:-0.22897280000324827,0.34056923487514723
[visualization-4] [INFO] [1732729059.035578316] [drone_home1.sim]: x,y:-0.22897280000324827,0.34056923487514723
[visualization-4] [INFO] [1732729060.035526571] [drone_home1.sim]: x,y:-0.22897280000324827,0.34056923487514723
[visualization-4] [INFO] [1732729061.035479066] [drone_home1.sim]: x,y:-0.22897280000324827,0.34056923487514723
[visualization-4] [INFO] [1732729062.035467006] [drone_home1.sim]: x,y:-0.22897280000324827,0.34056923487514723
[visualization-4] [INFO] [1732729063.035486686] [drone_home1.sim]: x,y:-0.22897280000324827,0.34056923487514723
[visualization-4] [INFO] [1732729064.035504923] [drone_home1.sim]: x,y:-0.22897280000324827,0.34056923487514723
[visualization-4] [INFO] [1732729065.035349586] [drone_home1.sim]: x,y:-0.22897280000324827,0.34056923487514723
[visualization-4] [INFO] [1732729066.035508008] [drone_home1.sim]: x,y:-0.22897280000324827,0.34056923487514723
[visualization-4] [INFO] [1732729067.035372283] [drone_home1.sim]: x,y:-0.22897280000324827,0.34056923487514723
[visualization-4] [INFO] [1732729068.035354928] [drone_home1.sim]: x,y:-0.22897280000324827,0.34056923487514723
[visualization-4] [INFO] [1732729069.035498054] [drone_home1.sim]: x,y:-0.22897280000324827,0.34056923487514723
[visualization-4] [INFO] [1732729070.035483643] [drone_home1.sim]: x,y:-0.22897280000324827,0.34056923487514723
[visualization-4] [INFO] [1732729071.035562548] [drone_home1.sim]: x,y:-0.22897280000324827,0.34056923487514723
[visualization-4] [INFO] [1732729072.035509676] [drone_home1.sim]: x,y:-0.22897280000324827,0.34056923487514723
[visualization-4] [INFO] [1732729073.035427970] [drone_home1.sim]: x,y:-0.22897280000324827,0.34056923487514723
[visualization-4] [INFO] [1732729074.035406395] [drone_home1.sim]: x,y:-0.22897280000324827,0.34056923487514723
[visualization-4] [INFO] [1732729075.035355060] [drone_home1.sim]: x,y:-0.22897280000324827,0.34056923487514723
[visualization-4] [INFO] [1732729076.035494058] [drone_home1.sim]: x,y:-0.22897280000324827,0.34056923487514723
[visualization-4] [INFO] [1732729077.035587408] [drone_home1.sim]: x,y:-0.22897280000324827,0.34056923487514723
[visualization-4] [INFO] [1732729078.035421131] [drone_home1.sim]: x,y:-0.22897280000324827,0.34056923487514723
[visualization-4] [INFO] [1732729079.035462833] [drone_home1.sim]: x,y:-0.22897280000324827,0.34056923487514723
[visualization-4] [INFO] [1732729080.035394871] [drone_home1.sim]: x,y:-0.22897280000324827,0.34056923487514723
[visualization-4] [INFO] [1732729081.035416296] [drone_home1.sim]: x,y:-0.22897280000324827,0.34056923487514723
[visualization-4] [INFO] [1732729082.035572814] [drone_home1.sim]: x,y:-0.22897280000324827,0.34056923487514723
[visualization-4] [INFO] [1732729083.035474500] [drone_home1.sim]: x,y:-0.22897280000324827,0.34056923487514723
[visualization-4] [INFO] [1732729084.035489038] [drone_home1.sim]: x,y:-0.22897280000324827,0.34056923487514723
[visualization-4] [INFO] [1732729085.035481650] [drone_home1.sim]: x,y:-0.22897280000324827,0.34056923487514723
[visualization-4] [INFO] [1732729086.035373041] [drone_home1.sim]: x,y:-0.22897280000324827,0.34056923487514723
[visualization-4] [INFO] [1732729087.035413523] [drone_home1.sim]: x,y:-0.22897280000324827,0.34056923487514723
[visualization-4] [INFO] [1732729088.035478728] [drone_home1.sim]: x,y:-0.22897280000324827,0.34056923487514723
[visualization-4] [INFO] [1732729089.035427416] [drone_home1.sim]: x,y:-0.22897280000324827,0.34056923487514723
[visualization-4] [INFO] [1732729090.035691065] [drone_home1.sim]: x,y:-0.22897280000324827,0.34056923487514723
[visualization-4] [INFO] [1732729091.035554494] [drone_home1.sim]: x,y:-0.22897280000324827,0.34056923487514723
[visualization-4] [INFO] [1732729092.035669977] [drone_home1.sim]: x,y:-0.22897280000324827,0.34056923487514723
[visualization-4] [INFO] [1732729093.035560814] [drone_home1.sim]: x,y:-0.22897280000324827,0.34056923487514723
[visualization-4] [INFO] [1732729094.035621650] [drone_home1.sim]: x,y:-0.22897280000324827,0.34056923487514723
[visualization-4] [INFO] [1732729095.035526043] [drone_home1.sim]: x,y:-0.22897280000324827,0.34056923487514723
[visualization-4] [INFO] [1732729096.035464639] [drone_home1.sim]: x,y:-0.22897280000324827,0.34056923487514723
[visualization-4] [INFO] [1732729097.035613327] [drone_home1.sim]: x,y:-0.22897280000324827,0.34056923487514723
[visualization-4] [INFO] [1732729098.035355148] [drone_home1.sim]: x,y:-0.22897280000324827,0.34056923487514723
[visualization-4] [INFO] [1732729099.035472892] [drone_home1.sim]: x,y:-0.22897280000324827,0.34056923487514723
[visualization-4] [INFO] [1732729100.035477267] [drone_home1.sim]: x,y:-0.22897280000324827,0.34056923487514723
[visualization-4] [INFO] [1732729101.035556142] [drone_home1.sim]: x,y:-0.22897280000324827,0.34056923487514723
[visualization-4] [INFO] [1732729102.035411777] [drone_home1.sim]: x,y:-0.22897280000324827,0.34056923487514723
[visualization-4] [INFO] [1732729103.036155204] [drone_home1.sim]: x,y:-0.22897280000324827,0.34056923487514723
[visualization-4] [INFO] [1732729104.035638601] [drone_home1.sim]: x,y:-0.22897280000324827,0.34056923487514723
[visualization-4] [INFO] [1732729105.035447756] [drone_home1.sim]: x,y:-0.22897280000324827,0.34056923487514723
[visualization-4] [INFO] [1732729106.035685428] [drone_home1.sim]: x,y:-0.22897280000324827,0.34056923487514723
[visualization-4] [INFO] [1732729107.035339880] [drone_home1.sim]: x,y:-0.22897280000324827,0.34056923487514723
[visualization-4] [INFO] [1732729108.035344739] [drone_home1.sim]: x,y:-0.22897280000324827,0.34056923487514723
[visualization-4] [INFO] [1732729109.035390949] [drone_home1.sim]: x,y:-0.22897280000324827,0.34056923487514723
[visualization-4] [INFO] [1732729110.035403882] [drone_home1.sim]: x,y:-0.22897280000324827,0.34056923487514723
[visualization-4] [INFO] [1732729111.035338759] [drone_home1.sim]: x,y:-0.22897280000324827,0.34056923487514723
[visualization-4] [INFO] [1732729112.035183805] [drone_home1.sim]: x,y:-0.22897280000324827,0.34056923487514723
[visualization-4] [INFO] [1732729113.035523792] [drone_home1.sim]: x,y:-0.22897280000324827,0.34056923487514723
[visualization-4] [INFO] [1732729114.035479819] [drone_home1.sim]: x,y:-0.22897280000324827,0.34056923487514723
[visualization-4] [INFO] [1732729115.035552586] [drone_home1.sim]: x,y:-0.22897280000324827,0.34056923487514723
[visualization-4] [INFO] [1732729116.035373743] [drone_home1.sim]: x,y:-0.22897280000324827,0.34056923487514723
[visualization-4] [INFO] [1732729117.035653158] [drone_home1.sim]: x,y:-0.22897280000324827,0.34056923487514723
[visualization-4] [INFO] [1732729118.035768740] [drone_home1.sim]: x,y:-0.22897280000324827,0.34056923487514723
[visualization-4] [INFO] [1732729119.035431047] [drone_home1.sim]: x,y:-0.22897280000324827,0.34056923487514723
[visualization-4] [INFO] [1732729120.035470131] [drone_home1.sim]: x,y:-0.22897280000324827,0.34056923487514723
[visualization-4] [INFO] [1732729121.035404548] [drone_home1.sim]: x,y:-0.22897280000324827,0.34056923487514723
[visualization-4] [INFO] [1732729122.035563594] [drone_home1.sim]: x,y:-0.22897280000324827,0.34056923487514723
[visualization-4] [INFO] [1732729123.035516419] [drone_home1.sim]: x,y:-0.22897280000324827,0.34056923487514723
[visualization-4] [INFO] [1732729124.035348449] [drone_home1.sim]: x,y:-0.22897280000324827,0.34056923487514723
[visualization-4] [INFO] [1732729125.035438070] [drone_home1.sim]: x,y:-0.22897280000324827,0.34056923487514723
[visualization-4] [INFO] [1732729126.035498895] [drone_home1.sim]: x,y:-0.22897280000324827,0.34056923487514723
[visualization-4] [INFO] [1732729127.035442610] [drone_home1.sim]: x,y:-0.22897280000324827,0.34056923487514723
[visualization-4] [INFO] [1732729128.035525065] [drone_home1.sim]: x,y:-0.22897280000324827,0.34056923487514723
[visualization-4] [INFO] [1732729129.035346559] [drone_home1.sim]: x,y:-0.22897280000324827,0.34056923487514723
[visualization-4] [INFO] [1732729130.035596699] [drone_home1.sim]: x,y:-0.22897280000324827,0.34056923487514723
[visualization-4] [INFO] [1732729131.035416823] [drone_home1.sim]: x,y:-0.22897280000324827,0.34056923487514723
[visualization-4] [INFO] [1732729132.035326521] [drone_home1.sim]: x,y:-0.22897280000324827,0.34056923487514723
[visualization-4] [INFO] [1732729133.035275793] [drone_home1.sim]: x,y:-0.22897280000324827,0.34056923487514723
[visualization-4] [INFO] [1732729134.035382120] [drone_home1.sim]: x,y:-0.22897280000324827,0.34056923487514723
[visualization-4] [INFO] [1732729135.035498929] [drone_home1.sim]: x,y:-0.22897280000324827,0.34056923487514723
[visualization-4] [INFO] [1732729136.035535331] [drone_home1.sim]: x,y:-0.22897280000324827,0.34056923487514723
[visualization-4] [INFO] [1732729137.035516937] [drone_home1.sim]: x,y:-0.22897280000324827,0.34056923487514723
[visualization-4] [INFO] [1732729138.035421636] [drone_home1.sim]: x,y:-0.22897280000324827,0.34056923487514723
[visualization-4] [INFO] [1732729139.035403520] [drone_home1.sim]: x,y:-0.22897280000324827,0.34056923487514723
[visualization-4] [INFO] [1732729140.035325664] [drone_home1.sim]: x,y:-0.22897280000324827,0.34056923487514723
[visualization-4] [INFO] [1732729141.035443363] [drone_home1.sim]: x,y:-0.22897280000324827,0.34056923487514723
[visualization-4] [INFO] [1732729142.035487804] [drone_home1.sim]: x,y:-0.22897280000324827,0.34056923487514723
[visualization-4] [INFO] [1732729143.035411486] [drone_home1.sim]: x,y:-0.22897280000324827,0.34056923487514723
[visualization-4] [INFO] [1732729144.035515852] [drone_home1.sim]: x,y:-0.22897280000324827,0.34056923487514723
[visualization-4] [INFO] [1732729145.035435738] [drone_home1.sim]: x,y:-0.22897280000324827,0.34056923487514723
[visualization-4] [INFO] [1732729146.035446327] [drone_home1.sim]: x,y:-0.22897280000324827,0.34056923487514723
[visualization-4] [INFO] [1732729147.035501769] [drone_home1.sim]: x,y:-0.22897280000324827,0.34056923487514723
[visualization-4] [INFO] [1732729148.035520377] [drone_home1.sim]: x,y:-0.22897280000324827,0.34056923487514723
[visualization-4] [INFO] [1732729149.035528412] [drone_home1.sim]: x,y:-0.22897280000324827,0.34056923487514723
[visualization-4] [INFO] [1732729150.035512503] [drone_home1.sim]: x,y:-0.22897280000324827,0.34056923487514723
[visualization-4] [INFO] [1732729151.035464760] [drone_home1.sim]: x,y:-0.22897280000324827,0.34056923487514723
[visualization-4] [INFO] [1732729152.035287482] [drone_home1.sim]: x,y:-0.22897280000324827,0.34056923487514723
[visualization-4] [INFO] [1732729153.035557053] [drone_home1.sim]: x,y:-0.22897280000324827,0.34056923487514723
[visualization-4] [INFO] [1732729154.035400034] [drone_home1.sim]: x,y:-0.22897280000324827,0.34056923487514723
[visualization-4] [INFO] [1732729155.035476459] [drone_home1.sim]: x,y:-0.22897280000324827,0.34056923487514723
[visualization-4] [INFO] [1732729156.035535773] [drone_home1.sim]: x,y:-0.22897280000324827,0.34056923487514723
[visualization-4] [INFO] [1732729157.035485921] [drone_home1.sim]: x,y:-0.22897280000324827,0.34056923487514723
[visualization-4] [INFO] [1732729158.035533754] [drone_home1.sim]: x,y:-0.22897280000324827,0.34056923487514723
[visualization-4] [INFO] [1732729159.035457995] [drone_home1.sim]: x,y:-0.22897280000324827,0.34056923487514723
[visualization-4] [INFO] [1732729160.035559661] [drone_home1.sim]: x,y:-0.22897280000324827,0.34056923487514723
[visualization-4] [INFO] [1732729161.035447366] [drone_home1.sim]: x,y:-0.22897280000324827,0.34056923487514723
[visualization-4] [INFO] [1732729162.035390719] [drone_home1.sim]: x,y:-0.22897280000324827,0.34056923487514723
[visualization-4] [INFO] [1732729163.035416812] [drone_home1.sim]: x,y:-0.22897280000324827,0.34056923487514723
[visualization-4] [INFO] [1732729164.035325370] [drone_home1.sim]: x,y:-0.22897280000324827,0.34056923487514723
[visualization-4] [INFO] [1732729165.035463185] [drone_home1.sim]: x,y:-0.22897280000324827,0.34056923487514723
[visualization-4] [INFO] [1732729166.035528853] [drone_home1.sim]: x,y:-0.22897280000324827,0.34056923487514723
[visualization-4] [INFO] [1732729167.035331227] [drone_home1.sim]: x,y:-0.22897280000324827,0.34056923487514723
[visualization-4] [INFO] [1732729168.035526135] [drone_home1.sim]: x,y:-0.22897280000324827,0.34056923487514723
[visualization-4] [INFO] [1732729169.035549415] [drone_home1.sim]: x,y:-0.22897280000324827,0.34056923487514723
[visualization-4] [INFO] [1732729170.035327641] [drone_home1.sim]: x,y:-0.22897280000324827,0.34056923487514723
[visualization-4] [INFO] [1732729171.035507291] [drone_home1.sim]: x,y:-0.22897280000324827,0.34056923487514723
[visualization-4] [INFO] [1732729172.035514035] [drone_home1.sim]: x,y:-0.22897280000324827,0.34056923487514723
[visualization-4] [INFO] [1732729173.035533427] [drone_home1.sim]: x,y:-0.22897280000324827,0.34056923487514723
[visualization-4] [INFO] [1732729174.035527671] [drone_home1.sim]: x,y:-0.22897280000324827,0.34056923487514723
[visualization-4] [INFO] [1732729175.035519731] [drone_home1.sim]: x,y:-0.22897280000324827,0.34056923487514723
[visualization-4] [INFO] [1732729176.035618031] [drone_home1.sim]: x,y:-0.22897280000324827,0.34056923487514723
[visualization-4] [INFO] [1732729177.035473591] [drone_home1.sim]: x,y:-0.22897280000324827,0.34056923487514723
[visualization-4] [INFO] [1732729178.035544077] [drone_home1.sim]: x,y:-0.22897280000324827,0.34056923487514723
[visualization-4] [INFO] [1732729179.035500971] [drone_home1.sim]: x,y:-0.22897280000324827,0.34056923487514723
[visualization-4] [INFO] [1732729180.035583031] [drone_home1.sim]: x,y:-0.22897280000324827,0.34056923487514723
[visualization-4] [INFO] [1732729181.035324648] [drone_home1.sim]: x,y:-0.22897280000324827,0.34056923487514723
[visualization-4] [INFO] [1732729182.035469616] [drone_home1.sim]: x,y:-0.22897280000324827,0.34056923487514723
[visualization-4] [INFO] [1732729183.035537121] [drone_home1.sim]: x,y:-0.22897280000324827,0.34056923487514723
[visualization-4] [INFO] [1732729184.035548275] [drone_home1.sim]: x,y:-0.22897280000324827,0.34056923487514723
[visualization-4] [INFO] [1732729185.035301820] [drone_home1.sim]: x,y:-0.22897280000324827,0.34056923487514723
[visualization-4] [INFO] [1732729186.035521269] [drone_home1.sim]: x,y:-0.22897280000324827,0.34056923487514723
[visualization-4] [INFO] [1732729187.035466609] [drone_home1.sim]: x,y:-0.22897280000324827,0.34056923487514723
[visualization-4] [INFO] [1732729188.035465598] [drone_home1.sim]: x,y:-0.22897280000324827,0.34056923487514723
[visualization-4] [INFO] [1732729189.035479697] [drone_home1.sim]: x,y:-0.22897280000324827,0.34056923487514723
[visualization-4] [INFO] [1732729190.035605889] [drone_home1.sim]: x,y:-0.22897280000324827,0.34056923487514723
[visualization-4] [INFO] [1732729191.035503101] [drone_home1.sim]: x,y:-0.22897280000324827,0.34056923487514723
[visualization-4] [INFO] [1732729192.035566904] [drone_home1.sim]: x,y:-0.22897280000324827,0.34056923487514723
[visualization-4] [INFO] [1732729193.035412654] [drone_home1.sim]: x,y:-0.22897280000324827,0.34056923487514723
[visualization-4] [INFO] [1732729194.035535217] [drone_home1.sim]: x,y:-0.22897280000324827,0.34056923487514723
[visualization-4] [INFO] [1732729195.035337763] [drone_home1.sim]: x,y:-0.22897280000324827,0.34056923487514723
[visualization-4] [INFO] [1732729196.035502012] [drone_home1.sim]: x,y:-0.22897280000324827,0.34056923487514723
[visualization-4] [INFO] [1732729197.035331411] [drone_home1.sim]: x,y:-0.22897280000324827,0.34056923487514723
[visualization-4] [INFO] [1732729198.035486493] [drone_home1.sim]: x,y:-0.22897280000324827,0.34056923487514723
[visualization-4] [INFO] [1732729199.035433762] [drone_home1.sim]: x,y:-0.22897280000324827,0.34056923487514723
[visualization-4] [INFO] [1732729200.035401012] [drone_home1.sim]: x,y:-0.22897280000324827,0.34056923487514723
[visualization-4] [INFO] [1732729201.035375133] [drone_home1.sim]: x,y:-0.22897280000324827,0.34056923487514723
[visualization-4] [INFO] [1732729202.035523272] [drone_home1.sim]: x,y:-0.22897280000324827,0.34056923487514723
[visualization-4] [INFO] [1732729203.035586412] [drone_home1.sim]: x,y:-0.22897280000324827,0.34056923487514723
[visualization-4] [INFO] [1732729204.035324813] [drone_home1.sim]: x,y:-0.22897280000324827,0.34056923487514723
[visualization-4] [INFO] [1732729205.035402360] [drone_home1.sim]: x,y:-0.22897280000324827,0.34056923487514723
[visualization-4] [INFO] [1732729206.035411797] [drone_home1.sim]: x,y:-0.22897280000324827,0.34056923487514723
