[INFO] [launch]: All log files can be found below /home/pi/.ros/log/2024-11-27-13-44-20-998319-drone-home-76848
[INFO] [launch]: Default logging verbosity is set to INFO
[WARNING] [imu_publisher-2]: there are now at least 2 nodes with the name /drone_home1/sim created within this launch context
[WARNING] [drive_hardware-3]: there are now at least 3 nodes with the name /drone_home1/sim created within this launch context
[WARNING] [visualization-4]: there are now at least 4 nodes with the name /drone_home1/sim created within this launch context
[WARNING] [static_transform_publisher-6]: there are now at least 2 nodes with the name /drone_home1/static_transform_publisher created within this launch context
[INFO] [drive_publisher-1]: process started with pid [76855]
[INFO] [imu_publisher-2]: process started with pid [76856]
[INFO] [drive_hardware-3]: process started with pid [76857]
[INFO] [visualization-4]: process started with pid [76858]
[INFO] [static_transform_publisher-5]: process started with pid [76859]
[INFO] [static_transform_publisher-6]: process started with pid [76860]
[static_transform_publisher-6] [WARN] [1732733061.174185238] []: Old-style arguments are deprecated; see --help for new-style arguments
[static_transform_publisher-5] [WARN] [1732733061.175425528] []: Old-style arguments are deprecated; see --help for new-style arguments
[static_transform_publisher-6] [INFO] [1732733061.212070437] [drone_home1.static_transform_publisher]: Spinning until stopped - publishing transform
[static_transform_publisher-6] translation: ('0.000000', '0.000000', '0.000000')
[static_transform_publisher-6] rotation: ('0.000000', '0.000000', '0.000000', '1.000000')
[static_transform_publisher-6] from 'map' to 'gps_sensor'
[static_transform_publisher-5] [INFO] [1732733061.212191825] [drone_home1.static_transform_publisher]: Spinning until stopped - publishing transform
[static_transform_publisher-5] translation: ('0.000000', '0.000000', '0.000000')
[static_transform_publisher-5] rotation: ('0.000000', '0.000000', '0.000000', '1.000000')
[static_transform_publisher-5] from 'map' to 'imu_frame'
[drive_hardware-3] /usr/lib/python3/dist-packages/gpiozero/output_devices.py:1509: PWMSoftwareFallback: To reduce servo jitter, use the pigpio pin factory.See https://gpiozero.readthedocs.io/en/stable/api_output.html#servo for more info
[drive_hardware-3]   warnings.warn(PWMSoftwareFallback(
[visualization-4] Traceback (most recent call last):
[visualization-4]   File "/home/pi/drone-home/ros2_ws/install/drone_home/lib/drone_home/visualization", line 33, in <module>
[visualization-4]     sys.exit(load_entry_point('drone-home==0.0.0', 'console_scripts', 'visualization')())
[visualization-4]              ^^^^^^^^^^^^^^^^^^^^^^^^^^^^^^^^^^^^^^^^^^^^^^^^^^^^^^^^^^^^^^^^^^^^^^^^^
[visualization-4]   File "/home/pi/drone-home/ros2_ws/install/drone_home/lib/drone_home/visualization", line 25, in importlib_load_entry_point
[visualization-4]     return next(matches).load()
[visualization-4]            ^^^^^^^^^^^^^^^^^^^^
[visualization-4]   File "/usr/lib/python3.12/importlib/metadata/__init__.py", line 205, in load
[visualization-4]     module = import_module(match.group('module'))
[visualization-4]              ^^^^^^^^^^^^^^^^^^^^^^^^^^^^^^^^^^^^
[visualization-4]   File "/usr/lib/python3.12/importlib/__init__.py", line 90, in import_module
[visualization-4]     return _bootstrap._gcd_import(name[level:], package, level)
[visualization-4]            ^^^^^^^^^^^^^^^^^^^^^^^^^^^^^^^^^^^^^^^^^^^^^^^^^^^^
[visualization-4]   File "<frozen importlib._bootstrap>", line 1387, in _gcd_import
[visualization-4]   File "<frozen importlib._bootstrap>", line 1360, in _find_and_load
[visualization-4]   File "<frozen importlib._bootstrap>", line 1331, in _find_and_load_unlocked
[visualization-4]   File "<frozen importlib._bootstrap>", line 935, in _load_unlocked
[visualization-4]   File "<frozen importlib._bootstrap_external>", line 995, in exec_module
[visualization-4]   File "<frozen importlib._bootstrap>", line 488, in _call_with_frames_removed
[visualization-4]   File "/home/pi/drone-home/ros2_ws/install/drone_home/lib/python3.12/site-packages/drone_home/markers.py", line 9, in <module>
[visualization-4]     from .geo_tools import GeoTools
[visualization-4]   File "/home/pi/drone-home/ros2_ws/install/drone_home/lib/python3.12/site-packages/drone_home/geo_tools.py", line 5, in <module>
[visualization-4]     class GeoTools:
[visualization-4]   File "/home/pi/drone-home/ros2_ws/install/drone_home/lib/python3.12/site-packages/drone_home/geo_tools.py", line 109, in GeoTools
[visualization-4]     for lat, lon in waypoints:
[visualization-4]                     ^^^^^^^^^
[visualization-4] NameError: name 'waypoints' is not defined
[ERROR] [visualization-4]: process has died [pid 76858, exit code 1, cmd '/home/pi/drone-home/ros2_ws/install/drone_home/lib/drone_home/visualization --ros-args -r __node:=sim -r __ns:=/drone_home1'].
[imu_publisher-2] [INFO] [1732733063.557625641] [drone_home1.sim]: Calibration status: (True, 'Calibration (sys:0, gyro:0, accel:3, mag:0)')
