[INFO] [launch]: All log files can be found below /home/pi/.ros/log/2024-11-25-22-47-48-140690-drone-home-3194
[INFO] [launch]: Default logging verbosity is set to INFO
[WARNING] [imu_publisher-2]: there are now at least 2 nodes with the name /drone_home1/sim created within this launch context
[WARNING] [joy_node-3]: there are now at least 3 nodes with the name /drone_home1/sim created within this launch context
[WARNING] [drive_hardware-4]: there are now at least 4 nodes with the name /drone_home1/sim created within this launch context
[WARNING] [controller-5]: there are now at least 5 nodes with the name /drone_home1/sim created within this launch context
[WARNING] [static_transform_publisher-7]: there are now at least 2 nodes with the name /drone_home1/static_transform_publisher created within this launch context
[INFO] [drive_publisher-1]: process started with pid [3214]
[INFO] [imu_publisher-2]: process started with pid [3215]
[INFO] [joy_node-3]: process started with pid [3216]
[INFO] [drive_hardware-4]: process started with pid [3217]
[INFO] [controller-5]: process started with pid [3218]
[INFO] [static_transform_publisher-6]: process started with pid [3219]
[INFO] [static_transform_publisher-7]: process started with pid [3220]
[static_transform_publisher-7] [WARN] [1732592868.632197746] []: Old-style arguments are deprecated; see --help for new-style arguments
[static_transform_publisher-6] [WARN] [1732592868.633718592] []: Old-style arguments are deprecated; see --help for new-style arguments
[static_transform_publisher-6] [INFO] [1732592869.108929265] [drone_home1.static_transform_publisher]: Spinning until stopped - publishing transform
[static_transform_publisher-6] translation: ('0.000000', '0.000000', '0.000000')
[static_transform_publisher-6] rotation: ('0.000000', '0.000000', '0.000000', '1.000000')
[static_transform_publisher-6] from 'map' to 'imu_frame'
[static_transform_publisher-7] [INFO] [1732592869.108929358] [drone_home1.static_transform_publisher]: Spinning until stopped - publishing transform
[static_transform_publisher-7] translation: ('0.000000', '0.000000', '0.000000')
[static_transform_publisher-7] rotation: ('0.000000', '0.000000', '0.000000', '1.000000')
[static_transform_publisher-7] from 'map' to 'gps_sensor'
[drive_hardware-4] /usr/lib/python3/dist-packages/gpiozero/output_devices.py:1509: PWMSoftwareFallback: To reduce servo jitter, use the pigpio pin factory.See https://gpiozero.readthedocs.io/en/stable/api_output.html#servo for more info
[drive_hardware-4]   warnings.warn(PWMSoftwareFallback(
[controller-5] [INFO] [1732592870.261735461] [drone_home1.sim]: Controller running
[imu_publisher-2] [INFO] [1732592871.334914601] [drone_home1.sim]: Calibration status: (False, 'Calibration (sys:0, gyro:0, accel:3, mag:0)')
[imu_publisher-2] [INFO] [1732592871.837018434] [drone_home1.sim]: Calibration status: (False, 'Calibration (sys:0, gyro:3, accel:3, mag:0)')
[imu_publisher-2] [INFO] [1732592872.339060451] [drone_home1.sim]: Calibration status: (False, 'Calibration (sys:0, gyro:3, accel:3, mag:0)')
[imu_publisher-2] [INFO] [1732592872.841093173] [drone_home1.sim]: Calibration status: (False, 'Calibration (sys:0, gyro:3, accel:3, mag:0)')
[imu_publisher-2] [INFO] [1732592873.343182305] [drone_home1.sim]: Calibration status: (False, 'Calibration (sys:0, gyro:3, accel:3, mag:0)')
[imu_publisher-2] [INFO] [1732592873.844698872] [drone_home1.sim]: Calibration status: (False, 'Calibration (sys:0, gyro:3, accel:3, mag:0)')
[imu_publisher-2] [INFO] [1732592874.346319739] [drone_home1.sim]: Calibration status: (False, 'Calibration (sys:0, gyro:3, accel:3, mag:0)')
[imu_publisher-2] [INFO] [1732592874.847901053] [drone_home1.sim]: Calibration status: (False, 'Calibration (sys:0, gyro:3, accel:3, mag:0)')
[imu_publisher-2] [INFO] [1732592875.349904823] [drone_home1.sim]: Calibration status: (False, 'Calibration (sys:0, gyro:3, accel:3, mag:0)')
[imu_publisher-2] [INFO] [1732592875.851427902] [drone_home1.sim]: Calibration status: (False, 'Calibration (sys:0, gyro:3, accel:3, mag:0)')
[imu_publisher-2] [INFO] [1732592876.353009189] [drone_home1.sim]: Calibration status: (False, 'Calibration (sys:0, gyro:3, accel:3, mag:0)')
[imu_publisher-2] [INFO] [1732592876.854767299] [drone_home1.sim]: Calibration status: (False, 'Calibration (sys:0, gyro:3, accel:3, mag:0)')
[imu_publisher-2] [INFO] [1732592877.356330391] [drone_home1.sim]: Calibration status: (False, 'Calibration (sys:0, gyro:3, accel:3, mag:0)')
[imu_publisher-2] [INFO] [1732592877.857917656] [drone_home1.sim]: Calibration status: (False, 'Calibration (sys:0, gyro:3, accel:3, mag:0)')
[imu_publisher-2] [INFO] [1732592878.359826895] [drone_home1.sim]: Calibration status: (False, 'Calibration (sys:0, gyro:3, accel:3, mag:0)')
[imu_publisher-2] [INFO] [1732592878.861857235] [drone_home1.sim]: Calibration status: (False, 'Calibration (sys:0, gyro:3, accel:3, mag:0)')
[imu_publisher-2] [INFO] [1732592879.363926489] [drone_home1.sim]: Calibration status: (False, 'Calibration (sys:0, gyro:3, accel:3, mag:0)')
[imu_publisher-2] [INFO] [1732592879.865505314] [drone_home1.sim]: Calibration status: (False, 'Calibration (sys:0, gyro:3, accel:3, mag:0)')
[imu_publisher-2] [INFO] [1732592880.367067442] [drone_home1.sim]: Calibration status: (False, 'Calibration (sys:0, gyro:3, accel:3, mag:0)')
[imu_publisher-2] [INFO] [1732592880.868612650] [drone_home1.sim]: Calibration status: (False, 'Calibration (sys:0, gyro:3, accel:3, mag:0)')
[imu_publisher-2] [INFO] [1732592881.370224331] [drone_home1.sim]: Calibration status: (False, 'Calibration (sys:0, gyro:3, accel:3, mag:0)')
[imu_publisher-2] [INFO] [1732592881.872404326] [drone_home1.sim]: Calibration status: (False, 'Calibration (sys:0, gyro:3, accel:3, mag:0)')
