[INFO] [launch]: All log files can be found below /home/pi/.ros/log/2024-11-26-21-33-37-746296-drone-home-10538
[INFO] [launch]: Default logging verbosity is set to INFO
[WARNING] [imu_publisher-2]: there are now at least 2 nodes with the name /drone_home1/sim created within this launch context
[WARNING] [drive_hardware-3]: there are now at least 3 nodes with the name /drone_home1/sim created within this launch context
[WARNING] [static_transform_publisher-5]: there are now at least 2 nodes with the name /drone_home1/static_transform_publisher created within this launch context
[INFO] [drive_publisher-1]: process started with pid [10545]
[INFO] [imu_publisher-2]: process started with pid [10546]
[INFO] [drive_hardware-3]: process started with pid [10547]
[INFO] [static_transform_publisher-4]: process started with pid [10548]
[INFO] [static_transform_publisher-5]: process started with pid [10549]
[static_transform_publisher-4] [WARN] [1732674817.897684353] []: Old-style arguments are deprecated; see --help for new-style arguments
[static_transform_publisher-5] [WARN] [1732674817.910932870] []: Old-style arguments are deprecated; see --help for new-style arguments
[static_transform_publisher-5] [INFO] [1732674817.949987352] [drone_home1.static_transform_publisher]: Spinning until stopped - publishing transform
[static_transform_publisher-5] translation: ('0.000000', '0.000000', '0.000000')
[static_transform_publisher-5] rotation: ('0.000000', '0.000000', '0.000000', '1.000000')
[static_transform_publisher-5] from 'map' to 'gps_sensor'
[static_transform_publisher-4] [INFO] [1732674817.963805659] [drone_home1.static_transform_publisher]: Spinning until stopped - publishing transform
[static_transform_publisher-4] translation: ('0.000000', '0.000000', '0.000000')
[static_transform_publisher-4] rotation: ('0.000000', '0.000000', '0.000000', '1.000000')
[static_transform_publisher-4] from 'map' to 'imu_frame'
[drive_hardware-3] /usr/lib/python3/dist-packages/gpiozero/output_devices.py:1509: PWMSoftwareFallback: To reduce servo jitter, use the pigpio pin factory.See https://gpiozero.readthedocs.io/en/stable/api_output.html#servo for more info
[drive_hardware-3]   warnings.warn(PWMSoftwareFallback(
[imu_publisher-2] [INFO] [1732674820.270102842] [drone_home1.sim]: Calibration status: (True, 'Calibration (sys:0, gyro:0, accel:3, mag:3)')
