[INFO] [launch]: All log files can be found below /root/.ros/log/2025-03-04-13-23-54-558926-drone-home-276
[INFO] [launch]: Default logging verbosity is set to INFO
[INFO] [cv_controller-1]: process started with pid [278]
[INFO] [controller-2]: process started with pid [280]
[INFO] [pwm_publisher-3]: process started with pid [282]
[INFO] [gps_publisher-4]: process started with pid [284]
[INFO] [imu_publisher-5]: process started with pid [286]
[INFO] [drive_hardware-6]: process started with pid [288]
[cv_controller-1] [INFO] [1741112635.634330162] [drone_home1.sim]: CV Controller running
[controller-2] [INFO] [1741112635.837297151] [drone_home1.controller]: Controller running
[imu_publisher-5] [INFO] [1741112637.235727460] [drone_home1.imu_publisher]: Calibration status: (True, 'Calibration (sys:0, gyro:0, accel:3, mag:0)')
[controller-2] [INFO] [1741112642.219429665] [drone_home1.controller]: Service request to change coordinate custom_messages.srv.SetCoordinate_Request(new_coordinate=sensor_msgs.msg.NavSatFix(header=std_msgs.msg.Header(stamp=builtin_interfaces.msg.Time(sec=0, nanosec=0), frame_id=''), status=sensor_msgs.msg.NavSatStatus(status=0, service=0), latitude=29.632671, longitude=-82.36249, altitude=0.0, position_covariance=array([0., 0., 0., 0., 0., 0., 0., 0., 0.]), position_covariance_type=0))
[controller-2] [INFO] [1741112642.220978418] [drone_home1.controller]: Waypoints now: [(29.632671, -82.36249)]
[drive_hardware-6] [INFO] [1741112642.390244218] [drone_home1.drive_hardware]: Service request to change drive mode custom_messages.srv.SetMode_Request(mode='manual')
[drive_hardware-6] [INFO] [1741112642.391362415] [drone_home1.drive_hardware]: Drive mode now: manual
[drive_hardware-6] [INFO] [1741112648.003510551] [drone_home1.drive_hardware]: Service request to change drive mode custom_messages.srv.SetMode_Request(mode='manual')
[drive_hardware-6] [INFO] [1741112648.005067785] [drone_home1.drive_hardware]: Drive mode now: manual
[controller-2] [INFO] [1741112921.283540599] [drone_home1.controller]: Service request to change coordinate custom_messages.srv.SetCoordinate_Request(new_coordinate=sensor_msgs.msg.NavSatFix(header=std_msgs.msg.Header(stamp=builtin_interfaces.msg.Time(sec=0, nanosec=0), frame_id=''), status=sensor_msgs.msg.NavSatStatus(status=0, service=0), latitude=29.632671, longitude=-82.36249, altitude=0.0, position_covariance=array([0., 0., 0., 0., 0., 0., 0., 0., 0.]), position_covariance_type=0))
[controller-2] [INFO] [1741112921.287557546] [drone_home1.controller]: Waypoints now: [(29.632671, -82.36249)]
[drive_hardware-6] [INFO] [1741112921.392650619] [drone_home1.drive_hardware]: Service request to change drive mode custom_messages.srv.SetMode_Request(mode='manual')
[drive_hardware-6] [INFO] [1741112921.393536768] [drone_home1.drive_hardware]: Drive mode now: manual
[drive_hardware-6] [INFO] [1741112938.599310713] [drone_home1.drive_hardware]: Service request to change drive mode custom_messages.srv.SetMode_Request(mode='manual')
[drive_hardware-6] [INFO] [1741112938.600419263] [drone_home1.drive_hardware]: Drive mode now: manual
[drive_hardware-6] [INFO] [1741113013.569816637] [drone_home1.drive_hardware]: Service request to change drive mode custom_messages.srv.SetMode_Request(mode='manual')
[drive_hardware-6] [INFO] [1741113013.570876707] [drone_home1.drive_hardware]: Drive mode now: manual
[controller-2] [INFO] [1741113050.385081059] [drone_home1.controller]: Service request to change coordinate custom_messages.srv.SetCoordinate_Request(new_coordinate=sensor_msgs.msg.NavSatFix(header=std_msgs.msg.Header(stamp=builtin_interfaces.msg.Time(sec=0, nanosec=0), frame_id=''), status=sensor_msgs.msg.NavSatStatus(status=0, service=0), latitude=29.632671, longitude=-82.36249, altitude=0.0, position_covariance=array([0., 0., 0., 0., 0., 0., 0., 0., 0.]), position_covariance_type=0))
[controller-2] [INFO] [1741113050.386700715] [drone_home1.controller]: Waypoints now: [(29.632671, -82.36249)]
[drive_hardware-6] [INFO] [1741113050.508367967] [drone_home1.drive_hardware]: Service request to change drive mode custom_messages.srv.SetMode_Request(mode='manual')
[drive_hardware-6] [INFO] [1741113050.509236355] [drone_home1.drive_hardware]: Drive mode now: manual
[drive_hardware-6] [INFO] [1741113051.814842017] [drone_home1.drive_hardware]: Service request to change drive mode custom_messages.srv.SetMode_Request(mode='manual')
[drive_hardware-6] [INFO] [1741113051.816057063] [drone_home1.drive_hardware]: Drive mode now: manual
[controller-2] [INFO] [1741113247.954923099] [drone_home1.controller]: Service request to change coordinate custom_messages.srv.SetCoordinate_Request(new_coordinate=sensor_msgs.msg.NavSatFix(header=std_msgs.msg.Header(stamp=builtin_interfaces.msg.Time(sec=0, nanosec=0), frame_id=''), status=sensor_msgs.msg.NavSatStatus(status=0, service=0), latitude=29.641454, longitude=-82.350465, altitude=0.0, position_covariance=array([0., 0., 0., 0., 0., 0., 0., 0., 0.]), position_covariance_type=0))
[controller-2] [INFO] [1741113247.959087344] [drone_home1.controller]: Waypoints now: [(29.641454, -82.350465)]
