[INFO] [launch]: All log files can be found below /home/pi/.ros/log/2024-12-02-14-25-46-052814-drone-home-16264
[INFO] [launch]: Default logging verbosity is set to INFO
[INFO] [visualization-1]: process started with pid [16274]
[visualization-1] [INFO] [1733167546.940493793] [drone_home1.sim]: Heading 169.36136556151862
[visualization-1] [INFO] [1733167547.014703111] [drone_home1.sim]: Heading 168.7603880812935
[visualization-1] [INFO] [1733167547.114666588] [drone_home1.sim]: Heading 168.0519909138777
[visualization-1] [INFO] [1733167547.214653453] [drone_home1.sim]: Heading 167.66383056134288
[visualization-1] [INFO] [1733167547.314652263] [drone_home1.sim]: Heading 168.67743335043914
[visualization-1] [INFO] [1733167547.414651869] [drone_home1.sim]: Heading 173.74566594488195
[visualization-1] [INFO] [1733167547.514642605] [drone_home1.sim]: Heading 179.40264208049626
[visualization-1] [INFO] [1733167547.614670563] [drone_home1.sim]: Heading -176.9403207798657
[visualization-1] [INFO] [1733167547.714649169] [drone_home1.sim]: Heading -175.42234482605758
[visualization-1] [INFO] [1733167547.814684830] [drone_home1.sim]: Heading -175.17031107765683
[visualization-1] [INFO] [1733167547.914607585] [drone_home1.sim]: Heading -175.21385841201118
[visualization-1] [INFO] [1733167548.014634968] [drone_home1.sim]: Heading -175.70265446988782
[visualization-1] [INFO] [1733167548.114618148] [drone_home1.sim]: Heading -176.27210315224886
[visualization-1] [INFO] [1733167548.214710124] [drone_home1.sim]: Heading -177.02482908335298
[visualization-1] [INFO] [1733167548.314808378] [drone_home1.sim]: Heading -177.9070706705196
[visualization-1] [INFO] [1733167548.414671725] [drone_home1.sim]: Heading -178.79066430964315
[visualization-1] [INFO] [1733167548.514643720] [drone_home1.sim]: Heading -179.7587822492684
[visualization-1] [INFO] [1733167548.614663196] [drone_home1.sim]: Heading 179.53064976030188
[visualization-1] [INFO] [1733167548.714677339] [drone_home1.sim]: Heading 178.7280845361596
[visualization-1] [INFO] [1733167548.814649222] [drone_home1.sim]: Heading 177.86589973031178
[visualization-1] [INFO] [1733167548.914620291] [drone_home1.sim]: Heading 177.19419752955903
[visualization-1] [INFO] [1733167549.014512823] [drone_home1.sim]: Heading 176.31893373018647
[visualization-1] [INFO] [1733167549.114647984] [drone_home1.sim]: Heading 175.49697917693095
[visualization-1] [INFO] [1733167549.214667034] [drone_home1.sim]: Heading 174.56656776445928
[visualization-1] [INFO] [1733167549.314669529] [drone_home1.sim]: Heading 173.4675455985811
[visualization-1] [INFO] [1733167549.414656542] [drone_home1.sim]: Heading 171.8077116333648
[visualization-1] [INFO] [1733167549.514694962] [drone_home1.sim]: Heading 174.41281358225086
[visualization-1] [INFO] [1733167549.614700734] [drone_home1.sim]: Heading -178.30759253707268
[visualization-1] [INFO] [1733167549.714627637] [drone_home1.sim]: Heading -170.42125521733914
[visualization-1] [INFO] [1733167549.814729612] [drone_home1.sim]: Heading -162.40652187825987
[visualization-1] [INFO] [1733167549.914660385] [drone_home1.sim]: Heading -154.6594169904156
[visualization-1] [INFO] [1733167550.014752786] [drone_home1.sim]: Heading -146.9700332845419
[visualization-1] [INFO] [1733167550.114654300] [drone_home1.sim]: Heading -138.7840445849577
[visualization-1] [INFO] [1733167550.214652886] [drone_home1.sim]: Heading -129.8892051171226
[visualization-1] [INFO] [1733167550.314671344] [drone_home1.sim]: Heading -122.89082553281615
[visualization-1] [INFO] [1733167550.414642894] [drone_home1.sim]: Heading -114.54319357983412
[visualization-1] [INFO] [1733167550.514660888] [drone_home1.sim]: Heading -106.41995587441865
[visualization-1] [INFO] [1733167550.614665012] [drone_home1.sim]: Heading -98.77795166234914
[visualization-1] [INFO] [1733167550.714655358] [drone_home1.sim]: Heading -91.28767792186014
[visualization-1] [INFO] [1733167550.814811037] [drone_home1.sim]: Heading -85.65377175065439
[visualization-1] [INFO] [1733167550.914635402] [drone_home1.sim]: Heading -83.77645692452816
[visualization-1] [INFO] [1733167551.014628471] [drone_home1.sim]: Heading -83.92790800326858
[visualization-1] [INFO] [1733167551.114655391] [drone_home1.sim]: Heading -84.724360102523
[visualization-1] [INFO] [1733167551.214892477] [drone_home1.sim]: Heading -85.48855071315602
[visualization-1] [INFO] [1733167551.314665064] [drone_home1.sim]: Heading -86.32367498446591
[visualization-1] [INFO] [1733167551.414625151] [drone_home1.sim]: Heading -87.22098708663096
[visualization-1] [INFO] [1733167551.514552572] [drone_home1.sim]: Heading -87.53493446713976
[visualization-1] [INFO] [1733167551.614654528] [drone_home1.sim]: Heading -87.94276579887804
[visualization-1] [INFO] [1733167551.714644856] [drone_home1.sim]: Heading -87.89519998697855
[visualization-1] [INFO] [1733167551.814615869] [drone_home1.sim]: Heading -87.76358661243665
[visualization-1] [INFO] [1733167551.914652677] [drone_home1.sim]: Heading -87.53139256427514
[visualization-1] [INFO] [1733167552.014720653] [drone_home1.sim]: Heading -86.98114886883019
[visualization-1] [INFO] [1733167552.114677647] [drone_home1.sim]: Heading -86.69625266622417
[visualization-1] [INFO] [1733167552.214660826] [drone_home1.sim]: Heading -86.19449459536638
[visualization-1] [INFO] [1733167552.314642857] [drone_home1.sim]: Heading -86.09721800108916
[visualization-1] [INFO] [1733167552.414786258] [drone_home1.sim]: Heading -85.63344328437687
[visualization-1] [INFO] [1733167552.514647141] [drone_home1.sim]: Heading -85.77816454848391
[visualization-1] [INFO] [1733167552.614745727] [drone_home1.sim]: Heading -86.04402881910625
[visualization-1] [INFO] [1733167552.714644926] [drone_home1.sim]: Heading -86.66874428317418
[visualization-1] [INFO] [1733167552.814680530] [drone_home1.sim]: Heading -87.35732284147991
[visualization-1] [INFO] [1733167552.914702617] [drone_home1.sim]: Heading -87.91146147273588
[visualization-1] [INFO] [1733167553.014658463] [drone_home1.sim]: Heading -88.3469156443422
[visualization-1] [INFO] [1733167553.114615235] [drone_home1.sim]: Heading -88.40428247101576
[visualization-1] [INFO] [1733167553.214656284] [drone_home1.sim]: Heading -88.4110808656588
[visualization-1] [INFO] [1733167553.314651777] [drone_home1.sim]: Heading -88.02610774350747
[visualization-1] [INFO] [1733167553.414646697] [drone_home1.sim]: Heading -87.95792242731096
[visualization-1] [INFO] [1733167553.514573099] [drone_home1.sim]: Heading -87.65731213966795
[visualization-1] [INFO] [1733167553.614751036] [drone_home1.sim]: Heading -87.66316875684888
[visualization-1] [INFO] [1733167553.714698438] [drone_home1.sim]: Heading -87.3783919849205
[visualization-1] [INFO] [1733167553.814646228] [drone_home1.sim]: Heading -87.41147660375502
[visualization-1] [INFO] [1733167553.914648684] [drone_home1.sim]: Heading -87.41372437012458
[visualization-1] [INFO] [1733167554.014685697] [drone_home1.sim]: Heading -87.90121114178561
[visualization-1] [INFO] [1733167554.114672727] [drone_home1.sim]: Heading -88.41983322497956
[visualization-1] [INFO] [1733167554.214652054] [drone_home1.sim]: Heading -89.28654712017776
[visualization-1] [INFO] [1733167554.314644400] [drone_home1.sim]: Heading -89.83824913950804
[visualization-1] [INFO] [1733167555.152820178] [drone_home1.sim]: Heading -89.83824913950804
[visualization-1] [INFO] [1733167555.484636274] [drone_home1.sim]: Heading -91.21363111600563
[visualization-1] [INFO] [1733167555.514830136] [drone_home1.sim]: Heading -91.83099894686187
[visualization-1] [INFO] [1733167555.614819907] [drone_home1.sim]: Heading -92.25918517800515
[visualization-1] [INFO] [1733167555.714657623] [drone_home1.sim]: Heading -93.23956531426761
[visualization-1] [INFO] [1733167555.814562413] [drone_home1.sim]: Heading -93.87917978422895
[visualization-1] [INFO] [1733167555.914654406] [drone_home1.sim]: Heading -94.83470543258274
[visualization-1] [INFO] [1733167556.014689510] [drone_home1.sim]: Heading -95.39928481026038
[visualization-1] [INFO] [1733167556.114680337] [drone_home1.sim]: Heading -96.15762627426696
[visualization-1] [INFO] [1733167556.214700200] [drone_home1.sim]: Heading -96.50451935074508
[visualization-1] [INFO] [1733167556.314655249] [drone_home1.sim]: Heading -96.94504387319627
[visualization-1] [INFO] [1733167556.414609502] [drone_home1.sim]: Heading -97.12943894204858
[visualization-1] [INFO] [1733167556.514514496] [drone_home1.sim]: Heading -97.16328660902283
[visualization-1] [INFO] [1733167556.614610877] [drone_home1.sim]: Heading -97.26391618745936
[visualization-1] [INFO] [1733167556.714658592] [drone_home1.sim]: Heading -97.2588782193914
[visualization-1] [INFO] [1733167556.814661678] [drone_home1.sim]: Heading -97.38230290641233
[visualization-1] [INFO] [1733167556.914713023] [drone_home1.sim]: Heading -97.30528826400389
[visualization-1] [INFO] [1733167557.014570239] [drone_home1.sim]: Heading -97.20981069781246
[visualization-1] [INFO] [1733167557.114650769] [drone_home1.sim]: Heading -97.15011558398696
[visualization-1] [INFO] [1733167557.214786372] [drone_home1.sim]: Heading -97.10082292946225
[visualization-1] [INFO] [1733167557.314647514] [drone_home1.sim]: Heading -91.55495296242579
[visualization-1] [INFO] [1733167557.414673766] [drone_home1.sim]: Heading -83.84353913511417
[visualization-1] [INFO] [1733167557.514750481] [drone_home1.sim]: Heading -75.54075580189273
[visualization-1] [INFO] [1733167557.614607382] [drone_home1.sim]: Heading -67.93156159512807
[visualization-1] [INFO] [1733167557.714648838] [drone_home1.sim]: Heading -60.186572470961174
[visualization-1] [INFO] [1733167557.814795904] [drone_home1.sim]: Heading -52.665185460864286
[visualization-1] [INFO] [1733167557.914643602] [drone_home1.sim]: Heading -44.69612126728696
[visualization-1] [INFO] [1733167558.014643113] [drone_home1.sim]: Heading -36.79354901088014
[visualization-1] [INFO] [1733167558.114697976] [drone_home1.sim]: Heading -28.79169967553061
[visualization-1] [INFO] [1733167558.214657506] [drone_home1.sim]: Heading -21.586037978455753
[visualization-1] [INFO] [1733167558.314653684] [drone_home1.sim]: Heading -13.375345202335202
[visualization-1] [INFO] [1733167558.414644362] [drone_home1.sim]: Heading -5.001696214671011
[visualization-1] [INFO] [1733167558.514659503] [drone_home1.sim]: Heading 3.6963303904883875
[visualization-1] [INFO] [1733167558.614670662] [drone_home1.sim]: Heading 12.236814371684744
[visualization-1] [INFO] [1733167558.714645303] [drone_home1.sim]: Heading 21.066432860998994
[visualization-1] [INFO] [1733167558.814654222] [drone_home1.sim]: Heading 29.574199751354747
[visualization-1] [INFO] [1733167558.914692363] [drone_home1.sim]: Heading 39.11382847816256
[visualization-1] [INFO] [1733167559.014624930] [drone_home1.sim]: Heading 46.27894384535599
[visualization-1] [INFO] [1733167559.114661348] [drone_home1.sim]: Heading 48.57555255272257
[visualization-1] [INFO] [1733167559.214705304] [drone_home1.sim]: Heading 46.327364051994635
[visualization-1] [INFO] [1733167559.314645574] [drone_home1.sim]: Heading 42.35472431246724
[visualization-1] [INFO] [1733167559.414669900] [drone_home1.sim]: Heading 39.22752636305324
[visualization-1] [INFO] [1733167559.514644023] [drone_home1.sim]: Heading 38.04186367912488
[visualization-1] [INFO] [1733167559.614672830] [drone_home1.sim]: Heading 38.25382994858813
[visualization-1] [INFO] [1733167559.714684008] [drone_home1.sim]: Heading 38.91987232840164
[visualization-1] [INFO] [1733167559.814854222] [drone_home1.sim]: Heading 39.68025047070845
[visualization-1] [INFO] [1733167559.914651919] [drone_home1.sim]: Heading 39.20860699435911
[visualization-1] [INFO] [1733167560.014737467] [drone_home1.sim]: Heading 37.986930165925955
[visualization-1] [INFO] [1733167560.114642145] [drone_home1.sim]: Heading 36.40844523395145
[visualization-1] [INFO] [1733167560.214688026] [drone_home1.sim]: Heading 34.2606969909163
[visualization-1] [INFO] [1733167560.314654611] [drone_home1.sim]: Heading 32.479467079331535
[visualization-1] [INFO] [1733167560.414641474] [drone_home1.sim]: Heading 30.682461296356763
[visualization-1] [INFO] [1733167560.514601874] [drone_home1.sim]: Heading 27.95610058866038
[visualization-1] [INFO] [1733167560.614455070] [drone_home1.sim]: Heading 24.333465980616474
[visualization-1] [INFO] [1733167560.714687043] [drone_home1.sim]: Heading 19.530345717560113
[visualization-1] [INFO] [1733167560.814855313] [drone_home1.sim]: Heading 14.79685494855674
[visualization-1] [INFO] [1733167560.914658825] [drone_home1.sim]: Heading 11.65607909037945
[visualization-1] [INFO] [1733167561.014651447] [drone_home1.sim]: Heading 8.743419217502957
[visualization-1] [INFO] [1733167561.114532958] [drone_home1.sim]: Heading 6.249364043359186
[visualization-1] [INFO] [1733167561.214787245] [drone_home1.sim]: Heading 3.940966933007601
[visualization-1] [INFO] [1733167561.314659516] [drone_home1.sim]: Heading -0.4415548239739934
[visualization-1] [INFO] [1733167561.414736082] [drone_home1.sim]: Heading -5.70622500351962
[visualization-1] [INFO] [1733167561.514539205] [drone_home1.sim]: Heading -9.418698351274838
[visualization-1] [INFO] [1733167561.614748548] [drone_home1.sim]: Heading -12.337176249431991
[visualization-1] [INFO] [1733167561.714645485] [drone_home1.sim]: Heading -17.527283833649644
[visualization-1] [INFO] [1733167561.814614588] [drone_home1.sim]: Heading -22.713381474389422
[visualization-1] [INFO] [1733167561.914686191] [drone_home1.sim]: Heading -26.445578003030324
[visualization-1] [INFO] [1733167562.014596480] [drone_home1.sim]: Heading -26.926060539762037
[visualization-1] [INFO] [1733167562.114653139] [drone_home1.sim]: Heading -27.064199007094096
[visualization-1] [INFO] [1733167562.214628205] [drone_home1.sim]: Heading -27.596664708549454
[visualization-1] [INFO] [1733167562.314648419] [drone_home1.sim]: Heading -30.52901857162656
[visualization-1] [INFO] [1733167562.414688133] [drone_home1.sim]: Heading -33.626634697947345
[visualization-1] [INFO] [1733167562.514651496] [drone_home1.sim]: Heading -35.38705441638478
[visualization-1] [INFO] [1733167562.614654062] [drone_home1.sim]: Heading -36.32951131650574
[visualization-1] [INFO] [1733167562.714641461] [drone_home1.sim]: Heading -36.52766534261513
[visualization-1] [INFO] [1733167562.814637361] [drone_home1.sim]: Heading -36.32675673311993
[visualization-1] [INFO] [1733167562.914669834] [drone_home1.sim]: Heading -36.0080929583444
[visualization-1] [INFO] [1733167563.014616364] [drone_home1.sim]: Heading -35.1068817870401
[visualization-1] [INFO] [1733167563.114613411] [drone_home1.sim]: Heading -33.153579555718174
[visualization-1] [INFO] [1733167563.214662958] [drone_home1.sim]: Heading -31.674656363370303
[visualization-1] [INFO] [1733167563.314683431] [drone_home1.sim]: Heading -30.286915502517278
[visualization-1] [INFO] [1733167563.414684016] [drone_home1.sim]: Heading -29.10465593304868
[visualization-1] [INFO] [1733167563.514927322] [drone_home1.sim]: Heading -27.731569990932133
[visualization-1] [INFO] [1733167563.614651407] [drone_home1.sim]: Heading -24.205836601783393
[visualization-1] [INFO] [1733167563.716699613] [drone_home1.sim]: Heading -22.462667109140174
[visualization-1] [INFO] [1733167563.814727076] [drone_home1.sim]: Heading -20.821504340495018
[visualization-1] [INFO] [1733167563.914640512] [drone_home1.sim]: Heading -14.87949762057257
[visualization-1] [INFO] [1733167564.014614671] [drone_home1.sim]: Heading -7.921771334856928
[visualization-1] [INFO] [1733167564.114655496] [drone_home1.sim]: Heading -1.0630938734270663
[visualization-1] [INFO] [1733167564.214877635] [drone_home1.sim]: Heading 8.754350683860427
[visualization-1] [INFO] [1733167564.314654035] [drone_home1.sim]: Heading 17.698583852607868
[visualization-1] [INFO] [1733167564.417722199] [drone_home1.sim]: Heading 28.521630024748287
[visualization-1] [INFO] [1733167564.514718536] [drone_home1.sim]: Heading 35.670085114279686
[visualization-1] [INFO] [1733167564.614661417] [drone_home1.sim]: Heading 36.01371204010376
[visualization-1] [INFO] [1733167564.714748019] [drone_home1.sim]: Heading 33.48018452551965
[visualization-1] [INFO] [1733167564.814653604] [drone_home1.sim]: Heading 36.36274791523062
[visualization-1] [INFO] [1733167564.914570559] [drone_home1.sim]: Heading 46.30840818881485
[visualization-1] [INFO] [1733167565.014673624] [drone_home1.sim]: Heading 58.29108169402147
[visualization-1] [INFO] [1733167565.114676542] [drone_home1.sim]: Heading 69.97647036573305
[visualization-1] [INFO] [1733167565.214719014] [drone_home1.sim]: Heading 81.88926009583176
[visualization-1] [INFO] [1733167565.314654691] [drone_home1.sim]: Heading 93.52820351383922
[visualization-1] [INFO] [1733167565.414681646] [drone_home1.sim]: Heading 101.31541340076292
[visualization-1] [INFO] [1733167565.514664952] [drone_home1.sim]: Heading 102.82044641916875
[visualization-1] [INFO] [1733167565.614660925] [drone_home1.sim]: Heading 97.6895322277702
[visualization-1] [INFO] [1733167565.714694879] [drone_home1.sim]: Heading 89.93071772988077
[visualization-1] [INFO] [1733167565.814662593] [drone_home1.sim]: Heading 84.83279264530796
[visualization-1] [INFO] [1733167565.914623344] [drone_home1.sim]: Heading 84.37030505872008
[visualization-1] [INFO] [1733167566.014578743] [drone_home1.sim]: Heading 88.08452660274094
[visualization-1] [INFO] [1733167566.114616382] [drone_home1.sim]: Heading 92.26740013094613
[visualization-1] [INFO] [1733167566.214687207] [drone_home1.sim]: Heading 95.20750327585253
[visualization-1] [INFO] [1733167566.314650124] [drone_home1.sim]: Heading 95.96759420654706
[visualization-1] [INFO] [1733167566.414658875] [drone_home1.sim]: Heading 94.6624443078752
[visualization-1] [INFO] [1733167566.514487311] [drone_home1.sim]: Heading 92.14322412498764
[visualization-1] [INFO] [1733167566.614640524] [drone_home1.sim]: Heading 89.63914441321653
[visualization-1] [INFO] [1733167566.714557627] [drone_home1.sim]: Heading 88.0646455075027
[visualization-1] [INFO] [1733167566.814664321] [drone_home1.sim]: Heading 88.19442917851897
[visualization-1] [INFO] [1733167566.914609294] [drone_home1.sim]: Heading 89.21776906657836
[visualization-1] [INFO] [1733167567.014641952] [drone_home1.sim]: Heading 90.36127574048876
[visualization-1] [INFO] [1733167567.114649554] [drone_home1.sim]: Heading 91.37727842470308
[visualization-1] [INFO] [1733167567.214657582] [drone_home1.sim]: Heading 92.3609732345267
[visualization-1] [INFO] [1733167567.314680388] [drone_home1.sim]: Heading 92.54793765921825
[visualization-1] [INFO] [1733167567.414644398] [drone_home1.sim]: Heading 92.24956262419946
[visualization-1] [INFO] [1733167567.514994887] [drone_home1.sim]: Heading 92.22659664200015
[visualization-1] [INFO] [1733167567.614659047] [drone_home1.sim]: Heading 90.99174402700113
[visualization-1] [INFO] [1733167567.714613038] [drone_home1.sim]: Heading 89.92583760380494
[visualization-1] [INFO] [1733167567.814862880] [drone_home1.sim]: Heading 89.00589527313039
[visualization-1] [INFO] [1733167567.914653483] [drone_home1.sim]: Heading 88.4360222190698
[visualization-1] [INFO] [1733167568.014663770] [drone_home1.sim]: Heading 87.93119641113182
[visualization-1] [INFO] [1733167568.114679631] [drone_home1.sim]: Heading 87.82057567887377
[visualization-1] [INFO] [1733167568.214712344] [drone_home1.sim]: Heading 87.7280668025261
[visualization-1] [INFO] [1733167568.314689298] [drone_home1.sim]: Heading 87.5630407115875
[visualization-1] [INFO] [1733167568.414661308] [drone_home1.sim]: Heading 87.38938061217624
[visualization-1] [INFO] [1733167568.514682836] [drone_home1.sim]: Heading 87.05893722980058
[visualization-1] [INFO] [1733167568.614623401] [drone_home1.sim]: Heading 86.70726751482312
[visualization-1] [INFO] [1733167568.714654040] [drone_home1.sim]: Heading 85.89485394218588
[visualization-1] [INFO] [1733167568.814581753] [drone_home1.sim]: Heading 84.83806685377839
[visualization-1] [INFO] [1733167568.914680892] [drone_home1.sim]: Heading 83.76123621785378
[visualization-1] [INFO] [1733167569.014793771] [drone_home1.sim]: Heading 82.57968412570766
[visualization-1] [INFO] [1733167569.114672559] [drone_home1.sim]: Heading 81.36779616786313
[visualization-1] [INFO] [1733167569.214662624] [drone_home1.sim]: Heading 80.26389934739528
[visualization-1] [INFO] [1733167569.314814854] [drone_home1.sim]: Heading 78.99135251668046
[visualization-1] [INFO] [1733167569.414649790] [drone_home1.sim]: Heading 76.5509777858251
[visualization-1] [INFO] [1733167569.514661929] [drone_home1.sim]: Heading 72.21267861863188
[visualization-1] [INFO] [1733167569.614731142] [drone_home1.sim]: Heading 66.82334957538755
[visualization-1] [INFO] [1733167569.714872947] [drone_home1.sim]: Heading 61.377275965937535
[visualization-1] [INFO] [1733167569.814512106] [drone_home1.sim]: Heading 55.625193991854566
[visualization-1] [INFO] [1733167569.914668633] [drone_home1.sim]: Heading 50.69658602149631
[visualization-1] [INFO] [1733167570.014571420] [drone_home1.sim]: Heading 44.90850143849629
[visualization-1] [INFO] [1733167570.114781928] [drone_home1.sim]: Heading 39.395244811697985
[visualization-1] [INFO] [1733167570.214674253] [drone_home1.sim]: Heading 33.705773323666804
[visualization-1] [INFO] [1733167570.314658447] [drone_home1.sim]: Heading 27.900060720229376
[visualization-1] [INFO] [1733167570.414826085] [drone_home1.sim]: Heading 21.95531667923804
[visualization-1] [INFO] [1733167570.514656002] [drone_home1.sim]: Heading 15.946869557774214
[visualization-1] [INFO] [1733167570.614616104] [drone_home1.sim]: Heading 11.416258237152551
[visualization-1] [INFO] [1733167570.919190928] [drone_home1.sim]: Heading 11.416258237152551
[visualization-1] [INFO] [1733167571.014643140] [drone_home1.sim]: Heading -12.135716929057761
[visualization-1] [INFO] [1733167571.114612575] [drone_home1.sim]: Heading -19.724505348598786
[visualization-1] [INFO] [1733167571.214649843] [drone_home1.sim]: Heading -27.492267197255497
[visualization-1] [INFO] [1733167571.314655574] [drone_home1.sim]: Heading -35.04503093865261
[visualization-1] [INFO] [1733167571.414678768] [drone_home1.sim]: Heading -42.56842725846651
[visualization-1] [INFO] [1733167571.514528962] [drone_home1.sim]: Heading -49.8965582214136
[visualization-1] [INFO] [1733167571.614673952] [drone_home1.sim]: Heading -57.11508733944918
[visualization-1] [INFO] [1733167571.714652998] [drone_home1.sim]: Heading -64.36589732011738
[visualization-1] [INFO] [1733167571.814664303] [drone_home1.sim]: Heading -71.12477696625572
[visualization-1] [INFO] [1733167571.914653997] [drone_home1.sim]: Heading -78.59592151169402
[visualization-1] [INFO] [1733167572.014890265] [drone_home1.sim]: Heading -86.05610093248924
[visualization-1] [INFO] [1733167572.114606997] [drone_home1.sim]: Heading -93.97336358640702
[visualization-1] [INFO] [1733167572.214646598] [drone_home1.sim]: Heading -102.12091259096242
[visualization-1] [INFO] [1733167572.314662106] [drone_home1.sim]: Heading -110.35926094752351
[visualization-1] [INFO] [1733167572.414671689] [drone_home1.sim]: Heading -118.81504417544228
[visualization-1] [INFO] [1733167572.514665087] [drone_home1.sim]: Heading -127.34673325922955
[visualization-1] [INFO] [1733167572.614645577] [drone_home1.sim]: Heading -135.58808631460914
[visualization-1] [INFO] [1733167572.714632604] [drone_home1.sim]: Heading -143.9397379483472
[visualization-1] [INFO] [1733167572.814681705] [drone_home1.sim]: Heading -152.25587743135318
[visualization-1] [INFO] [1733167572.914655270] [drone_home1.sim]: Heading -159.74182078334442
[visualization-1] [INFO] [1733167573.014622260] [drone_home1.sim]: Heading -165.43293727067362
[visualization-1] [INFO] [1733167573.114677046] [drone_home1.sim]: Heading -168.58859381440655
[visualization-1] [INFO] [1733167573.214606203] [drone_home1.sim]: Heading -168.46138421832762
[visualization-1] [INFO] [1733167573.314648822] [drone_home1.sim]: Heading -167.75898535343384
[visualization-1] [INFO] [1733167573.414533387] [drone_home1.sim]: Heading -168.64468516347745
[visualization-1] [INFO] [1733167573.514805598] [drone_home1.sim]: Heading -170.8424397072479
[visualization-1] [INFO] [1733167573.614591292] [drone_home1.sim]: Heading -173.6170381903302
[visualization-1] [INFO] [1733167573.714656245] [drone_home1.sim]: Heading -176.6569010092522
[visualization-1] [INFO] [1733167573.814684087] [drone_home1.sim]: Heading 179.80292823578625
[visualization-1] [INFO] [1733167573.914608077] [drone_home1.sim]: Heading 176.8030024054585
[visualization-1] [INFO] [1733167574.014672919] [drone_home1.sim]: Heading 174.28256430712483
[visualization-1] [INFO] [1733167574.114673890] [drone_home1.sim]: Heading 172.76485857695118
[visualization-1] [INFO] [1733167574.214648787] [drone_home1.sim]: Heading 172.44001475130094
[visualization-1] [INFO] [1733167574.314647333] [drone_home1.sim]: Heading 171.73851602307874
[visualization-1] [INFO] [1733167574.414662378] [drone_home1.sim]: Heading 171.3391372929178
[visualization-1] [INFO] [1733167574.514528109] [drone_home1.sim]: Heading 170.799282346763
[visualization-1] [INFO] [1733167574.614654506] [drone_home1.sim]: Heading 168.49149416589182
[visualization-1] [INFO] [1733167574.714641477] [drone_home1.sim]: Heading 165.80213518107905
[visualization-1] [INFO] [1733167574.814857262] [drone_home1.sim]: Heading 163.2582190351624
[visualization-1] [INFO] [1733167574.914649160] [drone_home1.sim]: Heading 160.9794293250876
[visualization-1] [INFO] [1733167575.014649631] [drone_home1.sim]: Heading 158.95462349427433
[visualization-1] [INFO] [1733167575.114648269] [drone_home1.sim]: Heading 156.91863255627695
[visualization-1] [INFO] [1733167575.214657666] [drone_home1.sim]: Heading 154.7530353033381
[visualization-1] [INFO] [1733167575.314832044] [drone_home1.sim]: Heading 153.494793239155
[visualization-1] [INFO] [1733167575.414694738] [drone_home1.sim]: Heading 152.85365052748685
[visualization-1] [INFO] [1733167575.514656542] [drone_home1.sim]: Heading 152.78627791820318
[visualization-1] [INFO] [1733167575.614703569] [drone_home1.sim]: Heading 152.7412035497519
[visualization-1] [INFO] [1733167575.714672707] [drone_home1.sim]: Heading 153.02043427131056
[visualization-1] [INFO] [1733167575.814655937] [drone_home1.sim]: Heading 153.04244390397997
[visualization-1] [INFO] [1733167575.914693038] [drone_home1.sim]: Heading 153.0268220619399
[visualization-1] [INFO] [1733167576.014645324] [drone_home1.sim]: Heading 152.7866311503969
[visualization-1] [INFO] [1733167576.114609628] [drone_home1.sim]: Heading 152.19303425324404
[visualization-1] [INFO] [1733167576.214646154] [drone_home1.sim]: Heading 151.46621828056325
[visualization-1] [INFO] [1733167576.314607977] [drone_home1.sim]: Heading 151.87955303711772
[visualization-1] [INFO] [1733167576.414820503] [drone_home1.sim]: Heading 155.62695041302746
[visualization-1] [INFO] [1733167576.514519697] [drone_home1.sim]: Heading 160.1594138506951
[visualization-1] [INFO] [1733167576.614620538] [drone_home1.sim]: Heading 163.23409414048086
[visualization-1] [INFO] [1733167576.732806844] [drone_home1.sim]: Heading 163.23409414048086
[visualization-1] [INFO] [1733167576.814746091] [drone_home1.sim]: Heading 166.65959991891629
[visualization-1] [INFO] [1733167576.914644599] [drone_home1.sim]: Heading 168.41573324378646
[visualization-1] [INFO] [1733167577.014510237] [drone_home1.sim]: Heading 170.4599855206904
[visualization-1] [INFO] [1733167577.114622467] [drone_home1.sim]: Heading 172.37968543803578
[visualization-1] [INFO] [1733167577.214679974] [drone_home1.sim]: Heading 173.42016807264002
[visualization-1] [INFO] [1733167577.314671963] [drone_home1.sim]: Heading 174.15046931575543
[visualization-1] [INFO] [1733167577.414644508] [drone_home1.sim]: Heading 174.5703960649641
[visualization-1] [INFO] [1733167577.514720368] [drone_home1.sim]: Heading 174.93371684331527
[visualization-1] [INFO] [1733167577.614697320] [drone_home1.sim]: Heading 175.7349571561362
[visualization-1] [INFO] [1733167577.714615458] [drone_home1.sim]: Heading 178.53781377911386
[visualization-1] [INFO] [1733167577.814565503] [drone_home1.sim]: Heading -178.46448859109393
[visualization-1] [INFO] [1733167577.914693991] [drone_home1.sim]: Heading -176.42928224305666
[visualization-1] [INFO] [1733167578.014835628] [drone_home1.sim]: Heading -175.93549186356873
[visualization-1] [INFO] [1733167578.114669414] [drone_home1.sim]: Heading -175.88762400638578
[visualization-1] [INFO] [1733167578.214671107] [drone_home1.sim]: Heading -176.15905462425687
[visualization-1] [INFO] [1733167578.314673503] [drone_home1.sim]: Heading -176.7526745315974
[visualization-1] [INFO] [1733167578.414649196] [drone_home1.sim]: Heading -178.90627489288124
[visualization-1] [INFO] [1733167578.514658241] [drone_home1.sim]: Heading 175.86488036196923
[visualization-1] [INFO] [1733167578.614808655] [drone_home1.sim]: Heading 171.2975850244987
[visualization-1] [INFO] [1733167579.093695722] [drone_home1.sim]: Heading 171.2975850244987
[visualization-1] [INFO] [1733167579.114477361] [drone_home1.sim]: Heading 167.92936244332958
[visualization-1] [INFO] [1733167579.826184273] [drone_home1.sim]: Heading 167.92936244332958
[visualization-1] [INFO] [1733167579.914669604] [drone_home1.sim]: Heading 145.14733833669172
[visualization-1] [INFO] [1733167580.014533890] [drone_home1.sim]: Heading 145.23940777169108
[visualization-1] [INFO] [1733167580.114649619] [drone_home1.sim]: Heading 145.26089354314337
[visualization-1] [INFO] [1733167580.214649830] [drone_home1.sim]: Heading 145.18623067039744
[visualization-1] [INFO] [1733167580.314650578] [drone_home1.sim]: Heading 144.68676637865016
[visualization-1] [INFO] [1733167580.414533400] [drone_home1.sim]: Heading 144.06854020504525
[visualization-1] [INFO] [1733167580.514653037] [drone_home1.sim]: Heading 143.12925809065916
[visualization-1] [INFO] [1733167580.614842469] [drone_home1.sim]: Heading 141.59801253405263
[visualization-1] [INFO] [1733167580.714674643] [drone_home1.sim]: Heading 139.68279056618553
[visualization-1] [INFO] [1733167580.814624780] [drone_home1.sim]: Heading 137.59126985154225
[visualization-1] [INFO] [1733167580.914685806] [drone_home1.sim]: Heading 135.65846775536943
[visualization-1] [INFO] [1733167581.014558369] [drone_home1.sim]: Heading 133.61168811754933
[visualization-1] [INFO] [1733167581.114680431] [drone_home1.sim]: Heading 131.7730846101059
[visualization-1] [INFO] [1733167581.214653587] [drone_home1.sim]: Heading 129.74355041053238
[visualization-1] [INFO] [1733167581.314622964] [drone_home1.sim]: Heading 127.76700152926892
[visualization-1] [INFO] [1733167581.414668656] [drone_home1.sim]: Heading 126.09877686100245
[visualization-1] [INFO] [1733167581.514625386] [drone_home1.sim]: Heading 124.18813889664463
[visualization-1] [INFO] [1733167581.614645911] [drone_home1.sim]: Heading 122.48422279279607
[visualization-1] [INFO] [1733167581.714660381] [drone_home1.sim]: Heading 120.7236808179526
[visualization-1] [INFO] [1733167581.814603036] [drone_home1.sim]: Heading 119.11707466798033
[visualization-1] [INFO] [1733167581.914668247] [drone_home1.sim]: Heading 121.86856116211688
[visualization-1] [INFO] [1733167582.014612050] [drone_home1.sim]: Heading 129.29356777673016
[visualization-1] [INFO] [1733167582.114678112] [drone_home1.sim]: Heading 137.2691852479357
[visualization-1] [INFO] [1733167582.214644175] [drone_home1.sim]: Heading 144.81701121432073
[visualization-1] [INFO] [1733167582.473316213] [drone_home1.sim]: Heading 144.81701121432073
[visualization-1] [INFO] [1733167582.964739578] [drone_home1.sim]: Heading -164.57085786475972
[visualization-1] [INFO] [1733167583.496952260] [drone_home1.sim]: Heading -124.19044323753093
[visualization-1] [INFO] [1733167584.194651704] [drone_home1.sim]: Heading -80.25355205570656
[visualization-1] [INFO] [1733167584.618702448] [drone_home1.sim]: Heading -87.62224504801716
[visualization-1] [INFO] [1733167584.904456636] [drone_home1.sim]: Heading -86.76158169281605
[visualization-1] [INFO] [1733167584.973331323] [drone_home1.sim]: Heading -86.19151152171032
[visualization-1] [INFO] [1733167585.014656583] [drone_home1.sim]: Heading -84.78436030913893
[visualization-1] [INFO] [1733167585.114661571] [drone_home1.sim]: Heading -84.13118990290674
[visualization-1] [INFO] [1733167585.214677577] [drone_home1.sim]: Heading -84.08872196739082
[visualization-1] [INFO] [1733167585.314733768] [drone_home1.sim]: Heading -84.0744531749513
[visualization-1] [INFO] [1733167585.414507275] [drone_home1.sim]: Heading -84.4576265572412
[visualization-1] [INFO] [1733167585.514610707] [drone_home1.sim]: Heading -84.52195063183734
[visualization-1] [INFO] [1733167585.614640306] [drone_home1.sim]: Heading -85.01954467506384
[visualization-1] [INFO] [1733167585.714619738] [drone_home1.sim]: Heading -85.23832969095501
[visualization-1] [INFO] [1733167585.814616985] [drone_home1.sim]: Heading -85.34817184592362
[visualization-1] [INFO] [1733167585.914661788] [drone_home1.sim]: Heading -85.25799852900221
[visualization-1] [INFO] [1733167586.014670368] [drone_home1.sim]: Heading -85.23806310084458
[visualization-1] [INFO] [1733167586.114680356] [drone_home1.sim]: Heading -85.09362675325802
[visualization-1] [INFO] [1733167586.214720899] [drone_home1.sim]: Heading -85.01546351023634
[visualization-1] [INFO] [1733167586.314657275] [drone_home1.sim]: Heading -85.24305084336288
[visualization-1] [INFO] [1733167586.414661004] [drone_home1.sim]: Heading -85.65369449024884
[visualization-1] [INFO] [1733167586.514535714] [drone_home1.sim]: Heading -86.18834541313986
[visualization-1] [INFO] [1733167586.614658331] [drone_home1.sim]: Heading -86.22535835124732
[visualization-1] [INFO] [1733167586.714607078] [drone_home1.sim]: Heading -86.46287077441616
[visualization-1] [INFO] [1733167586.814643769] [drone_home1.sim]: Heading -86.34086034571756
[visualization-1] [INFO] [1733167587.093468317] [drone_home1.sim]: Heading -86.34086034571756
[visualization-1] [INFO] [1733167587.114515473] [drone_home1.sim]: Heading -86.44935220168709
[visualization-1] [INFO] [1733167587.214679145] [drone_home1.sim]: Heading -86.3963971976943
[visualization-1] [INFO] [1733167587.314724299] [drone_home1.sim]: Heading -86.42755274285115
[visualization-1] [INFO] [1733167587.414682305] [drone_home1.sim]: Heading -86.62786236190455
[visualization-1] [INFO] [1733167587.514658792] [drone_home1.sim]: Heading -86.96573861988135
[visualization-1] [INFO] [1733167587.615119389] [drone_home1.sim]: Heading -86.96336118008124
[visualization-1] [INFO] [1733167587.729655725] [drone_home1.sim]: Heading -87.33879232454825
[visualization-1] [INFO] [1733167587.814650921] [drone_home1.sim]: Heading -87.8846880613334
[visualization-1] [INFO] [1733167587.914668779] [drone_home1.sim]: Heading -88.0077494013461
[visualization-1] [INFO] [1733167588.014610655] [drone_home1.sim]: Heading -88.22036085893528
[visualization-1] [INFO] [1733167588.114647291] [drone_home1.sim]: Heading -88.25438588743505
[visualization-1] [INFO] [1733167588.214837147] [drone_home1.sim]: Heading -88.54531802128203
[visualization-1] [INFO] [1733167588.314659747] [drone_home1.sim]: Heading -88.37245690009162
[visualization-1] [INFO] [1733167588.414655993] [drone_home1.sim]: Heading -88.45306168151919
[visualization-1] [INFO] [1733167588.514680832] [drone_home1.sim]: Heading -89.08580453101185
[visualization-1] [INFO] [1733167588.614660153] [drone_home1.sim]: Heading -90.04908210022076
[visualization-1] [INFO] [1733167588.714527566] [drone_home1.sim]: Heading -90.40424231858525
[visualization-1] [INFO] [1733167588.814649572] [drone_home1.sim]: Heading -90.58044241704424
[visualization-1] [INFO] [1733167588.914670781] [drone_home1.sim]: Heading -90.45554679032804
[visualization-1] [INFO] [1733167589.014706916] [drone_home1.sim]: Heading -90.51974928921219
[visualization-1] [INFO] [1733167589.114684070] [drone_home1.sim]: Heading -90.50421732291308
[visualization-1] [INFO] [1733167589.214559761] [drone_home1.sim]: Heading -90.62197501692911
[visualization-1] [INFO] [1733167589.314644563] [drone_home1.sim]: Heading -91.11867636453509
[visualization-1] [INFO] [1733167589.414785660] [drone_home1.sim]: Heading -91.76184206915443
[visualization-1] [INFO] [1733167589.514675000] [drone_home1.sim]: Heading -92.41345255445596
[visualization-1] [INFO] [1733167589.614853912] [drone_home1.sim]: Heading -92.5392337490667
[visualization-1] [INFO] [1733167589.714657696] [drone_home1.sim]: Heading -92.8812792974945
[visualization-1] [INFO] [1733167589.814731813] [drone_home1.sim]: Heading -93.26833622202867
[visualization-1] [INFO] [1733167589.914651615] [drone_home1.sim]: Heading -94.11206869644438
[visualization-1] [INFO] [1733167590.014758583] [drone_home1.sim]: Heading -94.6586853596224
[visualization-1] [INFO] [1733167590.117086820] [drone_home1.sim]: Heading -94.6586853596224
[visualization-1] [INFO] [1733167590.215009407] [drone_home1.sim]: Heading -96.07658528953934
[visualization-1] [INFO] [1733167590.314675118] [drone_home1.sim]: Heading -96.86740891725387
[visualization-1] [INFO] [1733167590.414682049] [drone_home1.sim]: Heading -97.39756493961656
[visualization-1] [INFO] [1733167590.514794313] [drone_home1.sim]: Heading -98.29274200025796
[visualization-1] [INFO] [1733167590.614637449] [drone_home1.sim]: Heading -98.97639454198742
[visualization-1] [INFO] [1733167590.714757565] [drone_home1.sim]: Heading -99.96235240136379
[visualization-1] [INFO] [1733167590.814652774] [drone_home1.sim]: Heading -100.25567038966513
[visualization-1] [INFO] [1733167590.916241570] [drone_home1.sim]: Heading -100.25567038966513
[visualization-1] [INFO] [1733167591.014747044] [drone_home1.sim]: Heading -86.01594171338832
[visualization-1] [INFO] [1733167591.114559698] [drone_home1.sim]: Heading -76.98410405519711
[visualization-1] [INFO] [1733167591.214714573] [drone_home1.sim]: Heading -68.17648790771324
[visualization-1] [INFO] [1733167591.314685523] [drone_home1.sim]: Heading -59.80744784580876
[visualization-1] [INFO] [1733167591.414857342] [drone_home1.sim]: Heading -55.53913486366963
[visualization-1] [INFO] [1733167591.514632997] [drone_home1.sim]: Heading -43.14917386439952
[visualization-1] [INFO] [1733167591.614666502] [drone_home1.sim]: Heading -34.605300961244325
[visualization-1] [INFO] [1733167591.714674451] [drone_home1.sim]: Heading -26.689274642198594
[visualization-1] [INFO] [1733167591.814667234] [drone_home1.sim]: Heading -17.980114606506138
[visualization-1] [INFO] [1733167591.916680083] [drone_home1.sim]: Heading -17.980114606506138
[visualization-1] [INFO] [1733167592.014745633] [drone_home1.sim]: Heading -0.2331919268766697
[visualization-1] [INFO] [1733167592.114672490] [drone_home1.sim]: Heading 9.265166562323046
[visualization-1] [INFO] [1733167592.214643218] [drone_home1.sim]: Heading 18.30279067418292
[visualization-1] [INFO] [1733167592.314685223] [drone_home1.sim]: Heading 27.45931400229314
[visualization-1] [INFO] [1733167592.414666302] [drone_home1.sim]: Heading 35.74021933578009
[visualization-1] [INFO] [1733167592.514681640] [drone_home1.sim]: Heading 39.29109080994743
[visualization-1] [INFO] [1733167592.614692182] [drone_home1.sim]: Heading 38.157167262623034
[visualization-1] [INFO] [1733167592.714774261] [drone_home1.sim]: Heading 35.268259705294334
[visualization-1] [INFO] [1733167592.814659729] [drone_home1.sim]: Heading 32.69938664648085
[visualization-1] [INFO] [1733167592.914598642] [drone_home1.sim]: Heading 31.114078235660735
[visualization-1] [INFO] [1733167593.014649999] [drone_home1.sim]: Heading 30.568996054653113
[visualization-1] [INFO] [1733167593.114663467] [drone_home1.sim]: Heading 30.676007054652455
[visualization-1] [INFO] [1733167593.214668045] [drone_home1.sim]: Heading 30.56598898448126
[visualization-1] [INFO] [1733167593.314789420] [drone_home1.sim]: Heading 30.193398380644776
[visualization-1] [INFO] [1733167593.414461482] [drone_home1.sim]: Heading 28.311303435701095
[visualization-1] [INFO] [1733167593.514665986] [drone_home1.sim]: Heading 24.795103872383635
[visualization-1] [INFO] [1733167593.614772935] [drone_home1.sim]: Heading 20.862220737487664
[visualization-1] [INFO] [1733167593.714684384] [drone_home1.sim]: Heading 18.386603590983803
[visualization-1] [INFO] [1733167593.814668297] [drone_home1.sim]: Heading 15.899240398031441
[visualization-1] [INFO] [1733167593.914677450] [drone_home1.sim]: Heading 11.314125365131563
[visualization-1] [INFO] [1733167594.014757176] [drone_home1.sim]: Heading 8.136934782642246
[visualization-1] [INFO] [1733167594.118103483] [drone_home1.sim]: Heading 8.136934782642246
[visualization-1] [INFO] [1733167594.214585390] [drone_home1.sim]: Heading 2.4235386724270658
[visualization-1] [INFO] [1733167594.314635172] [drone_home1.sim]: Heading -1.8623755417527637
[visualization-1] [INFO] [1733167594.414642714] [drone_home1.sim]: Heading -6.511136409453312
[visualization-1] [INFO] [1733167594.514650608] [drone_home1.sim]: Heading -10.709040390812108
[visualization-1] [INFO] [1733167594.614697094] [drone_home1.sim]: Heading -15.526302202838718
[visualization-1] [INFO] [1733167594.714653839] [drone_home1.sim]: Heading -19.220625506748345
[visualization-1] [INFO] [1733167594.814615363] [drone_home1.sim]: Heading -22.127966413958518
[visualization-1] [INFO] [1733167594.914656738] [drone_home1.sim]: Heading -23.637425455073732
[visualization-1] [INFO] [1733167595.014636353] [drone_home1.sim]: Heading -25.611517234888687
[visualization-1] [INFO] [1733167595.114539395] [drone_home1.sim]: Heading -29.35185282340467
[visualization-1] [INFO] [1733167595.214636566] [drone_home1.sim]: Heading -32.59482892658283
[visualization-1] [INFO] [1733167595.314801274] [drone_home1.sim]: Heading -33.889571369487896
[visualization-1] [INFO] [1733167595.414683223] [drone_home1.sim]: Heading -34.63385944680702
[visualization-1] [INFO] [1733167595.514819134] [drone_home1.sim]: Heading -36.51920922541228
[visualization-1] [INFO] [1733167595.614660677] [drone_home1.sim]: Heading -38.356765080428325
[visualization-1] [INFO] [1733167595.714964902] [drone_home1.sim]: Heading -39.873503367192946
[visualization-1] [INFO] [1733167595.814684185] [drone_home1.sim]: Heading -41.14882743318776
[visualization-1] [INFO] [1733167595.914820338] [drone_home1.sim]: Heading -41.878505959144334
[visualization-1] [INFO] [1733167596.014695935] [drone_home1.sim]: Heading -42.25867416337877
[visualization-1] [INFO] [1733167596.114655754] [drone_home1.sim]: Heading -42.42470618556591
[visualization-1] [INFO] [1733167596.214669092] [drone_home1.sim]: Heading -42.74902331672989
[visualization-1] [INFO] [1733167596.314648208] [drone_home1.sim]: Heading -43.27374607203305
[visualization-1] [INFO] [1733167596.414671064] [drone_home1.sim]: Heading -43.50548165319854
[visualization-1] [INFO] [1733167596.514557994] [drone_home1.sim]: Heading -42.594474901712076
[visualization-1] [INFO] [1733167596.614644739] [drone_home1.sim]: Heading -41.32698854830905
[visualization-1] [INFO] [1733167596.715002131] [drone_home1.sim]: Heading -41.23683184789684
[visualization-1] [INFO] [1733167596.814815821] [drone_home1.sim]: Heading -41.51166951712633
[visualization-1] [INFO] [1733167596.914664733] [drone_home1.sim]: Heading -40.25990488382732
[visualization-1] [INFO] [1733167597.014669330] [drone_home1.sim]: Heading -39.25888000457543
[visualization-1] [INFO] [1733167597.114615186] [drone_home1.sim]: Heading -38.276628953250864
[visualization-1] [INFO] [1733167597.214718524] [drone_home1.sim]: Heading -35.55725857855739
[visualization-1] [INFO] [1733167597.314643269] [drone_home1.sim]: Heading -30.65321681254976
[visualization-1] [INFO] [1733167597.414656310] [drone_home1.sim]: Heading -27.367615710518347
[visualization-1] [INFO] [1733167597.514609703] [drone_home1.sim]: Heading -25.055533166954984
[visualization-1] [INFO] [1733167597.614691299] [drone_home1.sim]: Heading -18.221107728970722
[visualization-1] [INFO] [1733167597.718240789] [drone_home1.sim]: Heading -18.221107728970722
[visualization-1] [INFO] [1733167597.814658975] [drone_home1.sim]: Heading -1.5524038744163173
[visualization-1] [INFO] [1733167597.914654534] [drone_home1.sim]: Heading 10.153515075190949
[visualization-1] [INFO] [1733167598.014726668] [drone_home1.sim]: Heading 21.588986369951105
[visualization-1] [INFO] [1733167598.114694357] [drone_home1.sim]: Heading 33.01833665590873
[visualization-1] [INFO] [1733167598.214794601] [drone_home1.sim]: Heading 44.38898389986297
[visualization-1] [INFO] [1733167598.314663254] [drone_home1.sim]: Heading 55.89904848175021
[visualization-1] [INFO] [1733167598.414506444] [drone_home1.sim]: Heading 67.23078364984595
[visualization-1] [INFO] [1733167598.514796835] [drone_home1.sim]: Heading 77.94546486328767
[visualization-1] [INFO] [1733167598.621375294] [drone_home1.sim]: Heading 77.94546486328767
[visualization-1] [INFO] [1733167598.714686844] [drone_home1.sim]: Heading 99.13818573324446
[visualization-1] [INFO] [1733167598.814673144] [drone_home1.sim]: Heading 104.3233502210161
[visualization-1] [INFO] [1733167598.914670093] [drone_home1.sim]: Heading 102.10183564786388
[visualization-1] [INFO] [1733167599.014744893] [drone_home1.sim]: Heading 95.02518998235217
[visualization-1] [INFO] [1733167599.114674600] [drone_home1.sim]: Heading 88.0414197549856
[visualization-1] [INFO] [1733167599.214671623] [drone_home1.sim]: Heading 84.00711525698044
[visualization-1] [INFO] [1733167599.314655497] [drone_home1.sim]: Heading 85.30780878015698
[visualization-1] [INFO] [1733167599.414615371] [drone_home1.sim]: Heading 89.00789534638602
[visualization-1] [INFO] [1733167599.515031225] [drone_home1.sim]: Heading 91.18612724933817
[visualization-1] [INFO] [1733167599.616393557] [drone_home1.sim]: Heading 93.50313972902792
[visualization-1] [INFO] [1733167599.714641512] [drone_home1.sim]: Heading 96.38192545452051
[visualization-1] [INFO] [1733167599.814776867] [drone_home1.sim]: Heading 95.04792537422638
[visualization-1] [INFO] [1733167599.914575353] [drone_home1.sim]: Heading 93.0815681134096
[visualization-1] [INFO] [1733167600.014729949] [drone_home1.sim]: Heading 91.34226510442153
[visualization-1] [INFO] [1733167600.114627027] [drone_home1.sim]: Heading 90.48637093357091
[visualization-1] [INFO] [1733167600.839083565] [drone_home1.sim]: Heading 90.48637093357091
[visualization-1] [INFO] [1733167601.152291429] [drone_home1.sim]: Heading 91.55731563057005
[visualization-1] [INFO] [1733167601.215286138] [drone_home1.sim]: Heading 91.11695572080538
[visualization-1] [INFO] [1733167601.314658366] [drone_home1.sim]: Heading 89.14131929970499
[visualization-1] [INFO] [1733167601.414617573] [drone_home1.sim]: Heading 88.34085863719118
[visualization-1] [INFO] [1733167601.514536077] [drone_home1.sim]: Heading 87.43613866988939
[visualization-1] [INFO] [1733167601.614696987] [drone_home1.sim]: Heading 86.77973238286735
[visualization-1] [INFO] [1733167601.724523192] [drone_home1.sim]: Heading 86.77973238286735
[visualization-1] [INFO] [1733167601.814656587] [drone_home1.sim]: Heading 86.08113498562506
[visualization-1] [INFO] [1733167601.914842423] [drone_home1.sim]: Heading 85.48508680115562
[visualization-1] [INFO] [1733167602.014942019] [drone_home1.sim]: Heading 85.44356912496369
[visualization-1] [INFO] [1733167602.114850059] [drone_home1.sim]: Heading 84.92364067541644
[visualization-1] [INFO] [1733167602.214637804] [drone_home1.sim]: Heading 84.34778317236379
[visualization-1] [INFO] [1733167602.314703659] [drone_home1.sim]: Heading 83.55630853919908
[visualization-1] [INFO] [1733167602.414696681] [drone_home1.sim]: Heading 82.90968834584392
[visualization-1] [INFO] [1733167602.514642721] [drone_home1.sim]: Heading 82.28338409484472
[visualization-1] [INFO] [1733167602.614644854] [drone_home1.sim]: Heading 81.68275684503553
[visualization-1] [INFO] [1733167602.714654709] [drone_home1.sim]: Heading 80.88992006483736
[visualization-1] [INFO] [1733167602.814717879] [drone_home1.sim]: Heading 80.22936081166264
[visualization-1] [INFO] [1733167602.914646420] [drone_home1.sim]: Heading 79.51934643422989
[visualization-1] [INFO] [1733167603.014853107] [drone_home1.sim]: Heading 78.6000761578349
[visualization-1] [INFO] [1733167603.114605167] [drone_home1.sim]: Heading 77.12543093412731
[visualization-1] [INFO] [1733167603.214612244] [drone_home1.sim]: Heading 75.01883437499423
[visualization-1] [INFO] [1733167603.314655043] [drone_home1.sim]: Heading 72.70754275461792
[visualization-1] [INFO] [1733167603.414824546] [drone_home1.sim]: Heading 70.56968372931617
[visualization-1] [INFO] [1733167603.514652105] [drone_home1.sim]: Heading 68.5384656670347
[visualization-1] [INFO] [1733167603.614793700] [drone_home1.sim]: Heading 66.64856194073137
[visualization-1] [INFO] [1733167603.714524408] [drone_home1.sim]: Heading 65.06670642843234
[visualization-1] [INFO] [1733167603.814748521] [drone_home1.sim]: Heading 63.02426321656834
[visualization-1] [INFO] [1733167603.914642488] [drone_home1.sim]: Heading 60.638191847634594
[visualization-1] [INFO] [1733167604.014653380] [drone_home1.sim]: Heading 58.345158387676484
[visualization-1] [INFO] [1733167604.114638994] [drone_home1.sim]: Heading 56.058973780255805
[visualization-1] [INFO] [1733167604.214653330] [drone_home1.sim]: Heading 53.98502193116201
[visualization-1] [INFO] [1733167604.314657740] [drone_home1.sim]: Heading 52.2920788007306
[visualization-1] [INFO] [1733167604.414648836] [drone_home1.sim]: Heading 50.77029995873605
[visualization-1] [INFO] [1733167604.514649894] [drone_home1.sim]: Heading 49.525041763938354
[visualization-1] [INFO] [1733167604.614674915] [drone_home1.sim]: Heading 48.46111389742567
[visualization-1] [INFO] [1733167604.714605789] [drone_home1.sim]: Heading 47.690131062413194
[visualization-1] [INFO] [1733167604.814653792] [drone_home1.sim]: Heading 47.16844687299256
[visualization-1] [INFO] [1733167604.914658443] [drone_home1.sim]: Heading 46.84796800717176
[visualization-1] [INFO] [1733167605.014696890] [drone_home1.sim]: Heading 46.73392197354148
[visualization-1] [INFO] [1733167605.114666337] [drone_home1.sim]: Heading 46.79254180349447
[visualization-1] [INFO] [1733167605.214647840] [drone_home1.sim]: Heading 46.975642700777044
[visualization-1] [INFO] [1733167605.314683806] [drone_home1.sim]: Heading 47.09065406772445
[visualization-1] [INFO] [1733167605.414580420] [drone_home1.sim]: Heading 47.16445396403488
[visualization-1] [INFO] [1733167605.523965422] [drone_home1.sim]: Heading 47.16445396403488
[visualization-1] [INFO] [1733167605.629616939] [drone_home1.sim]: Heading 47.21701872596185
[visualization-1] [INFO] [1733167605.730734066] [drone_home1.sim]: Heading 47.253464851684534
[visualization-1] [INFO] [1733167605.814616875] [drone_home1.sim]: Heading 46.93794839555086
[visualization-1] [INFO] [1733167605.914604211] [drone_home1.sim]: Heading 45.702019641408235
[visualization-1] [INFO] [1733167606.014741232] [drone_home1.sim]: Heading 42.78505876171735
[visualization-1] [INFO] [1733167606.114660142] [drone_home1.sim]: Heading 39.62710941547107
[visualization-1] [INFO] [1733167606.214691515] [drone_home1.sim]: Heading 35.69126678676068
[visualization-1] [INFO] [1733167606.314645184] [drone_home1.sim]: Heading 31.588029780394407
[visualization-1] [INFO] [1733167606.414639372] [drone_home1.sim]: Heading 26.77897706708716
[visualization-1] [INFO] [1733167606.548643107] [drone_home1.sim]: Heading 26.77897706708716
[visualization-1] [INFO] [1733167606.614787821] [drone_home1.sim]: Heading 17.055129739333307
[visualization-1] [INFO] [1733167606.714688343] [drone_home1.sim]: Heading 14.58665965275988
[visualization-1] [INFO] [1733167606.814656290] [drone_home1.sim]: Heading 13.566373743799593
[visualization-1] [INFO] [1733167606.914645811] [drone_home1.sim]: Heading 14.250921361863963
[visualization-1] [INFO] [1733167607.014675832] [drone_home1.sim]: Heading 15.564447454100387
[visualization-1] [INFO] [1733167607.114650631] [drone_home1.sim]: Heading 16.595355388137847
[visualization-1] [INFO] [1733167607.214665874] [drone_home1.sim]: Heading 18.34002391142924
[visualization-1] [INFO] [1733167607.314653321] [drone_home1.sim]: Heading 19.65762047729127
[visualization-1] [INFO] [1733167607.414673860] [drone_home1.sim]: Heading 20.92831417360687
[visualization-1] [INFO] [1733167607.514609289] [drone_home1.sim]: Heading 22.34499475271705
[visualization-1] [INFO] [1733167607.614646643] [drone_home1.sim]: Heading 23.760686444147446
[visualization-1] [INFO] [1733167607.714744608] [drone_home1.sim]: Heading 24.98222036701739
[visualization-1] [INFO] [1733167607.814618370] [drone_home1.sim]: Heading 26.543441315585106
[visualization-1] [INFO] [1733167607.914727279] [drone_home1.sim]: Heading 28.00730432177185
[visualization-1] [INFO] [1733167608.053069756] [drone_home1.sim]: Heading 28.00730432177185
[visualization-1] [INFO] [1733167608.114629969] [drone_home1.sim]: Heading 40.29897008289252
[visualization-1] [INFO] [1733167608.214649805] [drone_home1.sim]: Heading 49.87483250852558
[visualization-1] [INFO] [1733167608.326091279] [drone_home1.sim]: Heading 49.87483250852558
[visualization-1] [INFO] [1733167608.414671050] [drone_home1.sim]: Heading 67.43876471759589
[visualization-1] [INFO] [1733167608.514836366] [drone_home1.sim]: Heading 75.35620499624618
[visualization-1] [INFO] [1733167608.614987146] [drone_home1.sim]: Heading 76.82870886687466
[visualization-1] [INFO] [1733167608.727143987] [drone_home1.sim]: Heading 84.3250146698491
[visualization-1] [INFO] [1733167608.834456516] [drone_home1.sim]: Heading 91.64546910003206
[visualization-1] [INFO] [1733167608.914682505] [drone_home1.sim]: Heading 102.04689508963367
[visualization-1] [INFO] [1733167609.014660563] [drone_home1.sim]: Heading 107.4684276867109
[visualization-1] [INFO] [1733167609.114723991] [drone_home1.sim]: Heading 112.39456561219929
[visualization-1] [INFO] [1733167609.251022661] [drone_home1.sim]: Heading 112.39456561219929
[visualization-1] [INFO] [1733167609.358565188] [drone_home1.sim]: Heading 119.13159227592654
[visualization-1] [INFO] [1733167609.414665923] [drone_home1.sim]: Heading 124.74960594924214
[visualization-1] [INFO] [1733167609.515582681] [drone_home1.sim]: Heading 124.74960594924214
[visualization-1] [INFO] [1733167609.614688890] [drone_home1.sim]: Heading 130.15479479434586
[visualization-1] [INFO] [1733167609.714620318] [drone_home1.sim]: Heading 132.57922518116686
[visualization-1] [INFO] [1733167609.814493136] [drone_home1.sim]: Heading 134.41503712918524
[visualization-1] [INFO] [1733167609.944833181] [drone_home1.sim]: Heading 134.41503712918524
[visualization-1] [INFO] [1733167610.047245340] [drone_home1.sim]: Heading 136.57292453056465
[visualization-1] [INFO] [1733167610.124888414] [drone_home1.sim]: Heading 137.37414670045018
[visualization-1] [INFO] [1733167610.236328925] [drone_home1.sim]: Heading 138.21812732500464
[visualization-1] [INFO] [1733167610.339961838] [drone_home1.sim]: Heading 138.62819756586762
[visualization-1] [INFO] [1733167610.414694332] [drone_home1.sim]: Heading 138.9052585767892
[visualization-1] [INFO] [1733167610.514871833] [drone_home1.sim]: Heading 141.59415432266292
[visualization-1] [INFO] [1733167610.614645095] [drone_home1.sim]: Heading 145.1283460101352
[visualization-1] [INFO] [1733167610.714647763] [drone_home1.sim]: Heading 148.9420484376721
[visualization-1] [INFO] [1733167610.814561617] [drone_home1.sim]: Heading 153.0219155488207
[visualization-1] [INFO] [1733167610.914737396] [drone_home1.sim]: Heading 157.4519729745862
[visualization-1] [INFO] [1733167611.014654436] [drone_home1.sim]: Heading 162.1874247747099
[visualization-1] [INFO] [1733167611.114644845] [drone_home1.sim]: Heading 167.87734469530483
[visualization-1] [INFO] [1733167611.214648476] [drone_home1.sim]: Heading 174.12277304681427
[visualization-1] [INFO] [1733167611.317695928] [drone_home1.sim]: Heading 174.12277304681427
[visualization-1] [INFO] [1733167611.414540813] [drone_home1.sim]: Heading -170.21955807429688
[visualization-1] [INFO] [1733167611.514535389] [drone_home1.sim]: Heading -162.33265055208616
[visualization-1] [INFO] [1733167611.614622816] [drone_home1.sim]: Heading -153.22807956676954
[visualization-1] [INFO] [1733167611.727009564] [drone_home1.sim]: Heading -153.22807956676954
[visualization-1] [INFO] [1733167611.814700264] [drone_home1.sim]: Heading -133.0999412707998
[visualization-1] [INFO] [1733167611.969058693] [drone_home1.sim]: Heading -133.0999412707998
[visualization-1] [INFO] [1733167612.408525095] [drone_home1.sim]: Heading -127.72605898061806
[visualization-1] [INFO] [1733167612.891057858] [drone_home1.sim]: Heading -129.89001531138632
[visualization-1] [INFO] [1733167612.914479078] [drone_home1.sim]: Heading -132.42807392657033
[visualization-1] [INFO] [1733167613.048055110] [drone_home1.sim]: Heading -132.42807392657033
[visualization-1] [INFO] [1733167613.114663506] [drone_home1.sim]: Heading -136.1274098682012
[visualization-1] [INFO] [1733167613.214757341] [drone_home1.sim]: Heading -137.91886146395873
[visualization-1] [INFO] [1733167613.314668435] [drone_home1.sim]: Heading -139.34887097503113
[visualization-1] [INFO] [1733167613.414688695] [drone_home1.sim]: Heading -141.7454355676119
[visualization-1] [INFO] [1733167613.514572808] [drone_home1.sim]: Heading -144.56813197351548
[visualization-1] [INFO] [1733167613.614731068] [drone_home1.sim]: Heading -146.38266256271297
[visualization-1] [INFO] [1733167613.714616292] [drone_home1.sim]: Heading -149.16668007708532
[visualization-1] [INFO] [1733167613.814604275] [drone_home1.sim]: Heading -155.1762592154794
[visualization-1] [INFO] [1733167613.914660128] [drone_home1.sim]: Heading -161.52882140419115
[visualization-1] [INFO] [1733167614.014616463] [drone_home1.sim]: Heading -164.57387145976932
[visualization-1] [INFO] [1733167614.135928137] [drone_home1.sim]: Heading -164.57387145976932
[visualization-1] [INFO] [1733167614.214640743] [drone_home1.sim]: Heading -166.25428837389154
[visualization-1] [INFO] [1733167614.314666503] [drone_home1.sim]: Heading -169.59946306560354
[visualization-1] [INFO] [1733167614.414692579] [drone_home1.sim]: Heading -173.56227420041807
[visualization-1] [INFO] [1733167614.514692969] [drone_home1.sim]: Heading -179.21338535563217
[visualization-1] [INFO] [1733167614.614621526] [drone_home1.sim]: Heading 172.04846340032344
[visualization-1] [INFO] [1733167614.714541712] [drone_home1.sim]: Heading 163.40623364640675
[visualization-1] [INFO] [1733167614.816279169] [drone_home1.sim]: Heading 163.40623364640675
[visualization-1] [INFO] [1733167614.914628418] [drone_home1.sim]: Heading 152.18308798557433
[visualization-1] [INFO] [1733167615.014727808] [drone_home1.sim]: Heading 151.40388478220922
[visualization-1] [INFO] [1733167615.114674068] [drone_home1.sim]: Heading 151.9565856107254
[visualization-1] [INFO] [1733167615.214653384] [drone_home1.sim]: Heading 147.366277491515
[visualization-1] [INFO] [1733167615.314736922] [drone_home1.sim]: Heading 141.62991273860368
[visualization-1] [INFO] [1733167615.414679849] [drone_home1.sim]: Heading 139.2314378300228
[visualization-1] [INFO] [1733167615.514755442] [drone_home1.sim]: Heading 138.29912555507408
[visualization-1] [INFO] [1733167615.614515667] [drone_home1.sim]: Heading 138.6148357990852
[visualization-1] [INFO] [1733167615.714626056] [drone_home1.sim]: Heading 139.0200263535075
[visualization-1] [INFO] [1733167615.814989611] [drone_home1.sim]: Heading 139.41922761509704
[visualization-1] [INFO] [1733167615.914497651] [drone_home1.sim]: Heading 139.372950132454
[visualization-1] [INFO] [1733167616.014564374] [drone_home1.sim]: Heading 138.37717083207622
[visualization-1] [INFO] [1733167616.114574986] [drone_home1.sim]: Heading 136.76142814395388
[visualization-1] [INFO] [1733167616.250987376] [drone_home1.sim]: Heading 136.76142814395388
[visualization-1] [INFO] [1733167616.362092091] [drone_home1.sim]: Heading 133.36714464775835
[visualization-1] [INFO] [1733167616.414727840] [drone_home1.sim]: Heading 130.44668190746495
[visualization-1] [INFO] [1733167616.514511971] [drone_home1.sim]: Heading 129.68247708354838
[visualization-1] [INFO] [1733167616.614618194] [drone_home1.sim]: Heading 129.53565350576287
[visualization-1] [INFO] [1733167616.714758805] [drone_home1.sim]: Heading 130.45410163021177
[visualization-1] [INFO] [1733167616.814527011] [drone_home1.sim]: Heading 132.2387572793532
[visualization-1] [INFO] [1733167616.914757918] [drone_home1.sim]: Heading 133.89729824135554
[visualization-1] [INFO] [1733167617.014649623] [drone_home1.sim]: Heading 135.42375190231155
[visualization-1] [INFO] [1733167617.114666994] [drone_home1.sim]: Heading 137.2641317628146
[visualization-1] [INFO] [1733167617.214654457] [drone_home1.sim]: Heading 138.8687803561227
[visualization-1] [INFO] [1733167617.314503125] [drone_home1.sim]: Heading 140.69633374548735
[visualization-1] [INFO] [1733167617.414674477] [drone_home1.sim]: Heading 144.08240194522918
[visualization-1] [INFO] [1733167617.673464665] [drone_home1.sim]: Heading 144.08240194522918
[visualization-1] [INFO] [1733167618.052439198] [drone_home1.sim]: Heading 170.58212481306097
[visualization-1] [INFO] [1733167618.489609252] [drone_home1.sim]: Heading -171.05186810443737
[visualization-1] [INFO] [1733167618.514653725] [drone_home1.sim]: Heading -167.34943112413384
[visualization-1] [INFO] [1733167618.616054386] [drone_home1.sim]: Heading -164.30428706686448
[visualization-1] [INFO] [1733167618.714927354] [drone_home1.sim]: Heading -161.12772011866653
[visualization-1] [INFO] [1733167618.814705689] [drone_home1.sim]: Heading -157.97978759115756
[visualization-1] [INFO] [1733167618.914544746] [drone_home1.sim]: Heading -154.33570165647703
[visualization-1] [INFO] [1733167619.014816171] [drone_home1.sim]: Heading -150.92995403760358
[visualization-1] [INFO] [1733167619.586959008] [drone_home1.sim]: Heading -150.92995403760358
[visualization-1] [INFO] [1733167619.668674046] [drone_home1.sim]: Heading -135.2212622750414
[visualization-1] [INFO] [1733167619.714989098] [drone_home1.sim]: Heading -131.45416730576517
[visualization-1] [INFO] [1733167619.814584360] [drone_home1.sim]: Heading -123.28229030997659
[visualization-1] [INFO] [1733167619.914615101] [drone_home1.sim]: Heading -116.82533072052634
[visualization-1] [INFO] [1733167620.014616342] [drone_home1.sim]: Heading -109.38633699835205
[visualization-1] [INFO] [1733167620.114557916] [drone_home1.sim]: Heading -101.76725765519778
[visualization-1] [INFO] [1733167620.214743045] [drone_home1.sim]: Heading -93.5206855361459
[visualization-1] [INFO] [1733167620.314643138] [drone_home1.sim]: Heading -85.8792149966398
[visualization-1] [INFO] [1733167620.415090044] [drone_home1.sim]: Heading -82.03563814521254
[visualization-1] [INFO] [1733167620.514833601] [drone_home1.sim]: Heading -82.57606953874476
[visualization-1] [INFO] [1733167620.614645731] [drone_home1.sim]: Heading -85.74223832696109
[visualization-1] [INFO] [1733167620.714675713] [drone_home1.sim]: Heading -88.33335138752437
[visualization-1] [INFO] [1733167620.814670269] [drone_home1.sim]: Heading -89.10413491380451
[visualization-1] [INFO] [1733167620.914649306] [drone_home1.sim]: Heading -89.96934887481294
[visualization-1] [INFO] [1733167621.014857231] [drone_home1.sim]: Heading -88.94078755600796
[visualization-1] [INFO] [1733167621.114693676] [drone_home1.sim]: Heading -87.79110118091398
[visualization-1] [INFO] [1733167621.215086489] [drone_home1.sim]: Heading -86.79554799590214
[visualization-1] [INFO] [1733167621.315568839] [drone_home1.sim]: Heading -86.20525619872338
[visualization-1] [INFO] [1733167621.414627269] [drone_home1.sim]: Heading -86.03069658804033
[visualization-1] [INFO] [1733167621.514605362] [drone_home1.sim]: Heading -86.10401961632738
[visualization-1] [INFO] [1733167621.614668954] [drone_home1.sim]: Heading -86.53754759867428
[visualization-1] [INFO] [1733167621.714614491] [drone_home1.sim]: Heading -86.72549574032335
[visualization-1] [INFO] [1733167621.814939971] [drone_home1.sim]: Heading -86.85294587063058
[visualization-1] [INFO] [1733167621.914979527] [drone_home1.sim]: Heading -86.75020821527994
[visualization-1] [INFO] [1733167622.067341350] [drone_home1.sim]: Heading -86.75020821527994
[visualization-1] [INFO] [1733167622.224293377] [drone_home1.sim]: Heading -86.97174068565246
[visualization-1] [INFO] [1733167622.366516039] [drone_home1.sim]: Heading -88.69109966805429
[visualization-1] [INFO] [1733167622.509551974] [drone_home1.sim]: Heading -90.13951189573532
[visualization-1] [INFO] [1733167622.590724088] [drone_home1.sim]: Heading -90.37013364731317
[visualization-1] [INFO] [1733167622.621712832] [drone_home1.sim]: Heading -90.09974238001904
[visualization-1] [INFO] [1733167622.726948903] [drone_home1.sim]: Heading -90.09065696233844
[visualization-1] [INFO] [1733167622.815103358] [drone_home1.sim]: Heading -90.05851133691027
[visualization-1] [INFO] [1733167622.920181837] [drone_home1.sim]: Heading -90.05029169099386
[visualization-1] [INFO] [1733167623.070057115] [drone_home1.sim]: Heading -90.00702289491709
[visualization-1] [INFO] [1733167623.190621364] [drone_home1.sim]: Heading -90.23057052204493
[visualization-1] [INFO] [1733167623.214556304] [drone_home1.sim]: Heading -90.62835522305606
[visualization-1] [INFO] [1733167623.314666377] [drone_home1.sim]: Heading -91.84349209031707
[visualization-1] [INFO] [1733167623.414676210] [drone_home1.sim]: Heading -92.92781988456129
[visualization-1] [INFO] [1733167623.530137980] [drone_home1.sim]: Heading -92.92781988456129
[visualization-1] [INFO] [1733167623.641054602] [drone_home1.sim]: Heading -94.87647296915705
[visualization-1] [INFO] [1733167623.714661968] [drone_home1.sim]: Heading -96.18467717068081
[visualization-1] [INFO] [1733167623.814646950] [drone_home1.sim]: Heading -96.76980178302402
[visualization-1] [INFO] [1733167623.914656153] [drone_home1.sim]: Heading -97.14184738442678
[visualization-1] [INFO] [1733167624.014651430] [drone_home1.sim]: Heading -97.58717402439669
[visualization-1] [INFO] [1733167624.114707096] [drone_home1.sim]: Heading -98.27087943360421
[visualization-1] [INFO] [1733167624.214614744] [drone_home1.sim]: Heading -98.72375541649981
