[INFO] [launch]: All log files can be found below /home/pi/.ros/log/2024-11-26-09-30-43-754845-drone-home-8922
[INFO] [launch]: Default logging verbosity is set to INFO
[WARNING] [imu_publisher-2]: there are now at least 2 nodes with the name /drone_home1/sim created within this launch context
[WARNING] [joy_node-3]: there are now at least 3 nodes with the name /drone_home1/sim created within this launch context
[WARNING] [drive_hardware-4]: there are now at least 4 nodes with the name /drone_home1/sim created within this launch context
[WARNING] [controller-5]: there are now at least 5 nodes with the name /drone_home1/sim created within this launch context
[WARNING] [static_transform_publisher-7]: there are now at least 2 nodes with the name /drone_home1/static_transform_publisher created within this launch context
[INFO] [drive_publisher-1]: process started with pid [8929]
[INFO] [imu_publisher-2]: process started with pid [8930]
[INFO] [joy_node-3]: process started with pid [8931]
[INFO] [drive_hardware-4]: process started with pid [8932]
[INFO] [controller-5]: process started with pid [8933]
[INFO] [static_transform_publisher-6]: process started with pid [8934]
[INFO] [static_transform_publisher-7]: process started with pid [8935]
[static_transform_publisher-6] [WARN] [1732631443.932674206] []: Old-style arguments are deprecated; see --help for new-style arguments
[static_transform_publisher-7] [WARN] [1732631443.944957179] []: Old-style arguments are deprecated; see --help for new-style arguments
[static_transform_publisher-6] [INFO] [1732631443.980751207] [drone_home1.static_transform_publisher]: Spinning until stopped - publishing transform
[static_transform_publisher-6] translation: ('0.000000', '0.000000', '0.000000')
[static_transform_publisher-6] rotation: ('0.000000', '0.000000', '0.000000', '1.000000')
[static_transform_publisher-6] from 'map' to 'imu_frame'
[static_transform_publisher-7] [INFO] [1732631444.004292504] [drone_home1.static_transform_publisher]: Spinning until stopped - publishing transform
[static_transform_publisher-7] translation: ('0.000000', '0.000000', '0.000000')
[static_transform_publisher-7] rotation: ('0.000000', '0.000000', '0.000000', '1.000000')
[static_transform_publisher-7] from 'map' to 'gps_sensor'
[drive_hardware-4] /usr/lib/python3/dist-packages/gpiozero/output_devices.py:1509: PWMSoftwareFallback: To reduce servo jitter, use the pigpio pin factory.See https://gpiozero.readthedocs.io/en/stable/api_output.html#servo for more info
[drive_hardware-4]   warnings.warn(PWMSoftwareFallback(
[controller-5] [INFO] [1732631445.093562113] [drone_home1.sim]: Controller running
[imu_publisher-2] [INFO] [1732631446.454869760] [drone_home1.sim]: Calibration status: (True, 'Calibration (sys:0, gyro:0, accel:3, mag:0)')
[controller-5] [INFO] [1732631446.470637018] [drone_home1.sim]: Current Yaw: -0.04407454330137801, target = 0.0
[controller-5] [INFO] [1732631446.471327426] [drone_home1.sim]: CurrentDiff: -0.04407454330137801
[controller-5] [INFO] [1732631446.472219661] [drone_home1.sim]: Going to 1: 9269762.00 meters
[controller-5] [INFO] [1732631446.520435114] [drone_home1.sim]: Current Yaw: -0.04407454330137801, target = -97.42636351220534
[controller-5] [INFO] [1732631446.521121486] [drone_home1.sim]: CurrentDiff: -97.3523310853266
[controller-5] [INFO] [1732631446.521997571] [drone_home1.sim]: Going to 1: 9269762.00 meters
[controller-5] [INFO] [1732631446.570385645] [drone_home1.sim]: Current Yaw: -0.04407454330137801, target = -97.42636351220534
[controller-5] [INFO] [1732631446.571077554] [drone_home1.sim]: CurrentDiff: -97.3523310853266
[controller-5] [INFO] [1732631446.571939212] [drone_home1.sim]: Going to 1: 9269762.00 meters
[controller-5] [INFO] [1732631446.620307730] [drone_home1.sim]: Current Yaw: -0.04407454330137801, target = -97.42636351220534
[controller-5] [INFO] [1732631446.621009805] [drone_home1.sim]: CurrentDiff: -97.3523310853266
[controller-5] [INFO] [1732631446.621884298] [drone_home1.sim]: Going to 1: 9269762.00 meters
[controller-5] [INFO] [1732631446.670329357] [drone_home1.sim]: Current Yaw: -0.04407454330137801, target = -97.42636351220534
[controller-5] [INFO] [1732631446.671007653] [drone_home1.sim]: CurrentDiff: -97.3523310853266
[controller-5] [INFO] [1732631446.671915555] [drone_home1.sim]: Going to 1: 9269762.00 meters
[controller-5] [INFO] [1732631446.720312649] [drone_home1.sim]: Current Yaw: -0.04407454330137801, target = -97.42636351220534
[controller-5] [INFO] [1732631446.721074728] [drone_home1.sim]: CurrentDiff: -97.3523310853266
[controller-5] [INFO] [1732631446.722012094] [drone_home1.sim]: Going to 1: 9269762.00 meters
[controller-5] [INFO] [1732631446.770674202] [drone_home1.sim]: Current Yaw: -0.04407454330137801, target = -97.42636351220534
[controller-5] [INFO] [1732631446.771415057] [drone_home1.sim]: CurrentDiff: -97.3523310853266
[controller-5] [INFO] [1732631446.772329812] [drone_home1.sim]: Going to 1: 9269762.00 meters
[controller-5] [INFO] [1732631446.820542321] [drone_home1.sim]: Current Yaw: -0.04407454330137801, target = -97.42636351220534
[controller-5] [INFO] [1732631446.821282695] [drone_home1.sim]: CurrentDiff: -97.3523310853266
[controller-5] [INFO] [1732631446.822218135] [drone_home1.sim]: Going to 1: 9269762.00 meters
[controller-5] [INFO] [1732631446.870465257] [drone_home1.sim]: Current Yaw: -0.04407454330137801, target = -97.42636351220534
[controller-5] [INFO] [1732631446.871158443] [drone_home1.sim]: CurrentDiff: -97.3523310853266
[controller-5] [INFO] [1732631446.872068216] [drone_home1.sim]: Going to 1: 9269762.00 meters
[controller-5] [INFO] [1732631446.920717008] [drone_home1.sim]: Current Yaw: -0.04407454330137801, target = -97.42636351220534
[controller-5] [INFO] [1732631446.921483143] [drone_home1.sim]: CurrentDiff: -97.3523310853266
[controller-5] [INFO] [1732631446.922434417] [drone_home1.sim]: Going to 1: 9269762.00 meters
[controller-5] [INFO] [1732631446.970262627] [drone_home1.sim]: Current Yaw: -0.04407454330137801, target = -97.42636351220534
[controller-5] [INFO] [1732631446.970976945] [drone_home1.sim]: CurrentDiff: -97.3523310853266
[controller-5] [INFO] [1732631446.971953813] [drone_home1.sim]: Going to 1: 9269762.00 meters
[controller-5] [INFO] [1732631447.020501007] [drone_home1.sim]: Current Yaw: -0.04407454330137801, target = -97.42636351220534
[controller-5] [INFO] [1732631447.021255679] [drone_home1.sim]: CurrentDiff: -97.3523310853266
[controller-5] [INFO] [1732631447.022183711] [drone_home1.sim]: Going to 1: 9269762.00 meters
[controller-5] [INFO] [1732631447.070472984] [drone_home1.sim]: Current Yaw: -0.04407454330137801, target = -97.42636351220534
[controller-5] [INFO] [1732631447.071148984] [drone_home1.sim]: CurrentDiff: -97.3523310853266
[controller-5] [INFO] [1732631447.072016810] [drone_home1.sim]: Going to 1: 9269762.00 meters
[controller-5] [INFO] [1732631447.120457258] [drone_home1.sim]: Current Yaw: -0.04407454330137801, target = -97.42636351220534
[controller-5] [INFO] [1732631447.121207318] [drone_home1.sim]: CurrentDiff: -97.3523310853266
[controller-5] [INFO] [1732631447.122132850] [drone_home1.sim]: Going to 1: 9269762.00 meters
[controller-5] [INFO] [1732631447.170536963] [drone_home1.sim]: Current Yaw: -0.04407454330137801, target = -97.42636351220534
[controller-5] [INFO] [1732631447.171244909] [drone_home1.sim]: CurrentDiff: -97.3523310853266
[controller-5] [INFO] [1732631447.172123457] [drone_home1.sim]: Going to 1: 9269762.00 meters
[controller-5] [INFO] [1732631447.220559979] [drone_home1.sim]: Current Yaw: -0.04407454330137801, target = -97.42636351220534
[controller-5] [INFO] [1732631447.221337392] [drone_home1.sim]: CurrentDiff: -97.3523310853266
[controller-5] [INFO] [1732631447.222290630] [drone_home1.sim]: Going to 1: 9269762.00 meters
[controller-5] [INFO] [1732631447.270573402] [drone_home1.sim]: Current Yaw: -0.04407454330137801, target = -97.42636351220534
[controller-5] [INFO] [1732631447.271283516] [drone_home1.sim]: CurrentDiff: -97.3523310853266
[controller-5] [INFO] [1732631447.272209567] [drone_home1.sim]: Going to 1: 9269762.00 meters
[controller-5] [INFO] [1732631447.320409112] [drone_home1.sim]: Current Yaw: -0.04407454330137801, target = -97.42636351220534
[controller-5] [INFO] [1732631447.321150061] [drone_home1.sim]: CurrentDiff: -97.3523310853266
[controller-5] [INFO] [1732631447.322033646] [drone_home1.sim]: Going to 1: 9269762.00 meters
[controller-5] [INFO] [1732631447.370450685] [drone_home1.sim]: Current Yaw: -0.04407454330137801, target = -97.42636351220534
[controller-5] [INFO] [1732631447.371152761] [drone_home1.sim]: CurrentDiff: -97.3523310853266
[controller-5] [INFO] [1732631447.372031828] [drone_home1.sim]: Going to 1: 9269762.00 meters
[controller-5] [INFO] [1732631447.420366585] [drone_home1.sim]: Current Yaw: -0.04407454330137801, target = -97.42636351220534
[controller-5] [INFO] [1732631447.421075272] [drone_home1.sim]: CurrentDiff: -97.3523310853266
[controller-5] [INFO] [1732631447.421980655] [drone_home1.sim]: Going to 1: 9269762.00 meters
[controller-5] [INFO] [1732631447.470385083] [drone_home1.sim]: Current Yaw: -0.04407454330137801, target = -97.42636351220534
[controller-5] [INFO] [1732631447.471130513] [drone_home1.sim]: CurrentDiff: -97.3523310853266
[controller-5] [INFO] [1732631447.472050841] [drone_home1.sim]: Going to 1: 9269762.00 meters
[controller-5] [INFO] [1732631447.520363800] [drone_home1.sim]: Current Yaw: -0.04407454330137801, target = -97.42636351220534
[controller-5] [INFO] [1732631447.521087618] [drone_home1.sim]: CurrentDiff: -97.3523310853266
[controller-5] [INFO] [1732631447.521940998] [drone_home1.sim]: Going to 1: 9269762.00 meters
[controller-5] [INFO] [1732631447.570339666] [drone_home1.sim]: Current Yaw: -0.04407454330137801, target = -97.42636351220534
[controller-5] [INFO] [1732631447.571070262] [drone_home1.sim]: CurrentDiff: -97.3523310853266
[controller-5] [INFO] [1732631447.572137802] [drone_home1.sim]: Going to 1: 9269762.00 meters
[controller-5] [INFO] [1732631447.620371831] [drone_home1.sim]: Current Yaw: -0.04407454330137801, target = -97.42636351220534
[controller-5] [INFO] [1732631447.621086722] [drone_home1.sim]: CurrentDiff: -97.3523310853266
[controller-5] [INFO] [1732631447.621988013] [drone_home1.sim]: Going to 1: 9269762.00 meters
[controller-5] [INFO] [1732631447.670401385] [drone_home1.sim]: Current Yaw: -0.04407454330137801, target = -97.42636351220534
[controller-5] [INFO] [1732631447.671169594] [drone_home1.sim]: CurrentDiff: -97.3523310853266
[controller-5] [INFO] [1732631447.672099238] [drone_home1.sim]: Going to 1: 9269762.00 meters
[controller-5] [INFO] [1732631447.720388177] [drone_home1.sim]: Current Yaw: -0.04407454330137801, target = -97.42636351220534
[controller-5] [INFO] [1732631447.721116810] [drone_home1.sim]: CurrentDiff: -97.3523310853266
[controller-5] [INFO] [1732631447.722033416] [drone_home1.sim]: Going to 1: 9269762.00 meters
[controller-5] [INFO] [1732631447.770372062] [drone_home1.sim]: Current Yaw: -0.04407454330137801, target = -97.42636351220534
[controller-5] [INFO] [1732631447.771081120] [drone_home1.sim]: CurrentDiff: -97.3523310853266
[controller-5] [INFO] [1732631447.771946408] [drone_home1.sim]: Going to 1: 9269762.00 meters
[controller-5] [INFO] [1732631447.820356984] [drone_home1.sim]: Current Yaw: -0.04407454330137801, target = -97.42636351220534
[controller-5] [INFO] [1732631447.821099766] [drone_home1.sim]: CurrentDiff: -97.3523310853266
[controller-5] [INFO] [1732631447.822051281] [drone_home1.sim]: Going to 1: 9269762.00 meters
[controller-5] [INFO] [1732631447.870335276] [drone_home1.sim]: Current Yaw: -0.04407454330137801, target = -97.42636351220534
[controller-5] [INFO] [1732631447.871036277] [drone_home1.sim]: CurrentDiff: -97.3523310853266
[controller-5] [INFO] [1732631447.871912363] [drone_home1.sim]: Going to 1: 9269762.00 meters
[controller-5] [INFO] [1732631447.920395479] [drone_home1.sim]: Current Yaw: -0.04407454330137801, target = -97.42636351220534
[controller-5] [INFO] [1732631447.921167337] [drone_home1.sim]: CurrentDiff: -97.3523310853266
[controller-5] [INFO] [1732631447.922113056] [drone_home1.sim]: Going to 1: 9269762.00 meters
[controller-5] [INFO] [1732631447.970333250] [drone_home1.sim]: Current Yaw: -0.04407454330137801, target = -97.42636351220534
[controller-5] [INFO] [1732631447.971163796] [drone_home1.sim]: CurrentDiff: -97.3523310853266
[controller-5] [INFO] [1732631447.972109663] [drone_home1.sim]: Going to 1: 9269762.00 meters
[controller-5] [INFO] [1732631448.020374305] [drone_home1.sim]: Current Yaw: -0.04407454330137801, target = -97.42636351220534
[controller-5] [INFO] [1732631448.021087456] [drone_home1.sim]: CurrentDiff: -97.3523310853266
[controller-5] [INFO] [1732631448.021988079] [drone_home1.sim]: Going to 1: 9269762.00 meters
[controller-5] [INFO] [1732631448.070321596] [drone_home1.sim]: Current Yaw: -0.04407454330137801, target = -97.42636351220534
[controller-5] [INFO] [1732631448.070993670] [drone_home1.sim]: CurrentDiff: -97.3523310853266
[controller-5] [INFO] [1732631448.071852180] [drone_home1.sim]: Going to 1: 9269762.00 meters
[controller-5] [INFO] [1732631448.120379318] [drone_home1.sim]: Current Yaw: -0.04407454330137801, target = -97.42636351220534
[controller-5] [INFO] [1732631448.121127859] [drone_home1.sim]: CurrentDiff: -97.3523310853266
[controller-5] [INFO] [1732631448.122050058] [drone_home1.sim]: Going to 1: 9269762.00 meters
[controller-5] [INFO] [1732631448.170354980] [drone_home1.sim]: Current Yaw: -0.04407454330137801, target = -97.42636351220534
[controller-5] [INFO] [1732631448.171091410] [drone_home1.sim]: CurrentDiff: -97.3523310853266
[controller-5] [INFO] [1732631448.172057556] [drone_home1.sim]: Going to 1: 9269762.00 meters
[controller-5] [INFO] [1732631448.220367682] [drone_home1.sim]: Current Yaw: -0.04407454330137801, target = -97.42636351220534
[controller-5] [INFO] [1732631448.221084499] [drone_home1.sim]: CurrentDiff: -97.3523310853266
[controller-5] [INFO] [1732631448.221980456] [drone_home1.sim]: Going to 1: 9269762.00 meters
[controller-5] [INFO] [1732631448.270322362] [drone_home1.sim]: Current Yaw: -0.04407454330137801, target = -97.42636351220534
[controller-5] [INFO] [1732631448.271016678] [drone_home1.sim]: CurrentDiff: -97.3523310853266
[controller-5] [INFO] [1732631448.271882874] [drone_home1.sim]: Going to 1: 9269762.00 meters
[controller-5] [INFO] [1732631448.320379955] [drone_home1.sim]: Current Yaw: -0.04407454330137801, target = -97.42636351220534
[controller-5] [INFO] [1732631448.321123514] [drone_home1.sim]: CurrentDiff: -97.3523310853266
[controller-5] [INFO] [1732631448.322082400] [drone_home1.sim]: Going to 1: 9269762.00 meters
[controller-5] [INFO] [1732631448.370319096] [drone_home1.sim]: Current Yaw: -0.04407454330137801, target = -97.42636351220534
[controller-5] [INFO] [1732631448.370996078] [drone_home1.sim]: CurrentDiff: -97.3523310853266
[controller-5] [INFO] [1732631448.371905239] [drone_home1.sim]: Going to 1: 9269762.00 meters
[controller-5] [INFO] [1732631448.420364244] [drone_home1.sim]: Current Yaw: -0.04407454330137801, target = -97.42636351220534
[controller-5] [INFO] [1732631448.421075617] [drone_home1.sim]: CurrentDiff: -97.3523310853266
[controller-5] [INFO] [1732631448.421982093] [drone_home1.sim]: Going to 1: 9269762.00 meters
[controller-5] [INFO] [1732631448.470319924] [drone_home1.sim]: Current Yaw: -0.04407454330137801, target = -97.42636351220534
[controller-5] [INFO] [1732631448.471010277] [drone_home1.sim]: CurrentDiff: -97.3523310853266
[controller-5] [INFO] [1732631448.471901307] [drone_home1.sim]: Going to 1: 9269762.00 meters
[controller-5] [INFO] [1732631448.520419278] [drone_home1.sim]: Current Yaw: -0.04407454330137801, target = -97.42636351220534
[controller-5] [INFO] [1732631448.521133003] [drone_home1.sim]: CurrentDiff: -97.3523310853266
[controller-5] [INFO] [1732631448.522031941] [drone_home1.sim]: Going to 1: 9269762.00 meters
[controller-5] [INFO] [1732631448.570503650] [drone_home1.sim]: Current Yaw: -0.04407454330137801, target = -97.42636351220534
[controller-5] [INFO] [1732631448.571259896] [drone_home1.sim]: CurrentDiff: -97.3523310853266
[controller-5] [INFO] [1732631448.572199818] [drone_home1.sim]: Going to 1: 9269762.00 meters
[controller-5] [INFO] [1732631448.620622506] [drone_home1.sim]: Current Yaw: -0.04407454330137801, target = -97.42636351220534
[controller-5] [INFO] [1732631448.621324970] [drone_home1.sim]: CurrentDiff: -97.3523310853266
[controller-5] [INFO] [1732631448.622254985] [drone_home1.sim]: Going to 1: 9269762.00 meters
[controller-5] [INFO] [1732631448.670402435] [drone_home1.sim]: Current Yaw: -0.04407454330137801, target = -97.42636351220534
[controller-5] [INFO] [1732631448.671115160] [drone_home1.sim]: CurrentDiff: -97.3523310853266
[controller-5] [INFO] [1732631448.671986282] [drone_home1.sim]: Going to 1: 9269762.00 meters
[controller-5] [INFO] [1732631448.720636501] [drone_home1.sim]: Current Yaw: -0.04407454330137801, target = -97.42636351220534
[controller-5] [INFO] [1732631448.721474288] [drone_home1.sim]: CurrentDiff: -97.3523310853266
[controller-5] [INFO] [1732631448.722388338] [drone_home1.sim]: Going to 1: 9269762.00 meters
[controller-5] [INFO] [1732631448.770607255] [drone_home1.sim]: Current Yaw: -0.04407454330137801, target = -97.42636351220534
[controller-5] [INFO] [1732631448.771360834] [drone_home1.sim]: CurrentDiff: -97.3523310853266
[controller-5] [INFO] [1732631448.772315072] [drone_home1.sim]: Going to 1: 9269762.00 meters
[controller-5] [INFO] [1732631448.820717647] [drone_home1.sim]: Current Yaw: -0.04407454330137801, target = -97.42636351220534
[controller-5] [INFO] [1732631448.821274419] [drone_home1.sim]: CurrentDiff: -97.3523310853266
[controller-5] [INFO] [1732631448.822084982] [drone_home1.sim]: Going to 1: 9269762.00 meters
[controller-5] [INFO] [1732631448.870462019] [drone_home1.sim]: Current Yaw: -0.04407454330137801, target = -97.42636351220534
[controller-5] [INFO] [1732631448.871010420] [drone_home1.sim]: CurrentDiff: -97.3523310853266
[controller-5] [INFO] [1732631448.871674068] [drone_home1.sim]: Going to 1: 9269762.00 meters
[controller-5] [INFO] [1732631448.920482425] [drone_home1.sim]: Current Yaw: -0.04407454330137801, target = -97.42636351220534
[controller-5] [INFO] [1732631448.921098514] [drone_home1.sim]: CurrentDiff: -97.3523310853266
[controller-5] [INFO] [1732631448.921798275] [drone_home1.sim]: Going to 1: 9269762.00 meters
[controller-5] [INFO] [1732631448.970367138] [drone_home1.sim]: Current Yaw: -0.04407454330137801, target = -97.42636351220534
[controller-5] [INFO] [1732631448.970992839] [drone_home1.sim]: CurrentDiff: -97.3523310853266
[controller-5] [INFO] [1732631448.971684414] [drone_home1.sim]: Going to 1: 9269762.00 meters
[controller-5] [INFO] [1732631449.020345356] [drone_home1.sim]: Current Yaw: -0.04407454330137801, target = -97.42636351220534
[controller-5] [INFO] [1732631449.020931870] [drone_home1.sim]: CurrentDiff: -97.3523310853266
[controller-5] [INFO] [1732631449.021687708] [drone_home1.sim]: Going to 1: 9269762.00 meters
[controller-5] [INFO] [1732631449.070510011] [drone_home1.sim]: Current Yaw: -0.04407454330137801, target = -97.42636351220534
[controller-5] [INFO] [1732631449.071074634] [drone_home1.sim]: CurrentDiff: -97.3523310853266
[controller-5] [INFO] [1732631449.071735504] [drone_home1.sim]: Going to 1: 9269762.00 meters
[controller-5] [INFO] [1732631449.120243086] [drone_home1.sim]: Current Yaw: -0.04407454330137801, target = -97.42636351220534
[controller-5] [INFO] [1732631449.120788746] [drone_home1.sim]: CurrentDiff: -97.3523310853266
[controller-5] [INFO] [1732631449.121490136] [drone_home1.sim]: Going to 1: 9269762.00 meters
[controller-5] [INFO] [1732631449.170234842] [drone_home1.sim]: Current Yaw: -0.04407454330137801, target = -97.42636351220534
[controller-5] [INFO] [1732631449.170792447] [drone_home1.sim]: CurrentDiff: -97.3523310853266
[controller-5] [INFO] [1732631449.171486263] [drone_home1.sim]: Going to 1: 9269762.00 meters
[controller-5] [INFO] [1732631449.220269805] [drone_home1.sim]: Current Yaw: -0.04407454330137801, target = -97.42636351220534
[controller-5] [INFO] [1732631449.220841132] [drone_home1.sim]: CurrentDiff: -97.3523310853266
[controller-5] [INFO] [1732631449.221555913] [drone_home1.sim]: Going to 1: 9269762.00 meters
[controller-5] [INFO] [1732631449.270487740] [drone_home1.sim]: Current Yaw: -0.04407454330137801, target = -97.42636351220534
[controller-5] [INFO] [1732631449.271039456] [drone_home1.sim]: CurrentDiff: -97.3523310853266
[controller-5] [INFO] [1732631449.271743328] [drone_home1.sim]: Going to 1: 9269762.00 meters
[controller-5] [INFO] [1732631449.320145070] [drone_home1.sim]: Current Yaw: -0.04407454330137801, target = -97.42636351220534
[controller-5] [INFO] [1732631449.320696342] [drone_home1.sim]: CurrentDiff: -97.3523310853266
[controller-5] [INFO] [1732631449.321465884] [drone_home1.sim]: Going to 1: 9269762.00 meters
[controller-5] [INFO] [1732631449.370306669] [drone_home1.sim]: Current Yaw: -0.04407454330137801, target = -97.42636351220534
[controller-5] [INFO] [1732631449.370914018] [drone_home1.sim]: CurrentDiff: -97.3523310853266
[controller-5] [INFO] [1732631449.371610686] [drone_home1.sim]: Going to 1: 9269762.00 meters
[controller-5] [INFO] [1732631449.420216532] [drone_home1.sim]: Current Yaw: -0.04407454330137801, target = -97.42636351220534
[controller-5] [INFO] [1732631449.420815824] [drone_home1.sim]: CurrentDiff: -97.3523310853266
[controller-5] [INFO] [1732631449.421575477] [drone_home1.sim]: Going to 1: 9269762.00 meters
[controller-5] [INFO] [1732631449.470300219] [drone_home1.sim]: Current Yaw: -0.04407454330137801, target = -97.42636351220534
[controller-5] [INFO] [1732631449.471019870] [drone_home1.sim]: CurrentDiff: -97.3523310853266
[controller-5] [INFO] [1732631449.471797320] [drone_home1.sim]: Going to 1: 9269762.00 meters
[controller-5] [INFO] [1732631449.520182081] [drone_home1.sim]: Current Yaw: -0.04407454330137801, target = -97.42636351220534
[controller-5] [INFO] [1732631449.520737296] [drone_home1.sim]: CurrentDiff: -97.3523310853266
[controller-5] [INFO] [1732631449.521524118] [drone_home1.sim]: Going to 1: 9269762.00 meters
[controller-5] [INFO] [1732631449.570208376] [drone_home1.sim]: Current Yaw: -0.04407454330137801, target = -97.42636351220534
[controller-5] [INFO] [1732631449.570767314] [drone_home1.sim]: CurrentDiff: -97.3523310853266
[controller-5] [INFO] [1732631449.571663771] [drone_home1.sim]: Going to 1: 9269762.00 meters
[controller-5] [INFO] [1732631449.620195354] [drone_home1.sim]: Current Yaw: -0.04407454330137801, target = -97.42636351220534
[controller-5] [INFO] [1732631449.620773071] [drone_home1.sim]: CurrentDiff: -97.3523310853266
[controller-5] [INFO] [1732631449.621582116] [drone_home1.sim]: Going to 1: 9269762.00 meters
[controller-5] [INFO] [1732631449.670761827] [drone_home1.sim]: Current Yaw: -0.04407454330137801, target = -97.42636351220534
[controller-5] [INFO] [1732631449.671564223] [drone_home1.sim]: CurrentDiff: -97.3523310853266
[controller-5] [INFO] [1732631449.672563463] [drone_home1.sim]: Going to 1: 9269762.00 meters
[controller-5] [INFO] [1732631449.720444289] [drone_home1.sim]: Current Yaw: -0.04407454330137801, target = -97.42636351220534
[controller-5] [INFO] [1732631449.721337727] [drone_home1.sim]: CurrentDiff: -97.3523310853266
[controller-5] [INFO] [1732631449.722289187] [drone_home1.sim]: Going to 1: 9269762.00 meters
[controller-5] [INFO] [1732631449.770179605] [drone_home1.sim]: Current Yaw: -0.04407454330137801, target = -97.42636351220534
[controller-5] [INFO] [1732631449.770737117] [drone_home1.sim]: CurrentDiff: -97.3523310853266
[controller-5] [INFO] [1732631449.771502029] [drone_home1.sim]: Going to 1: 9269762.00 meters
[controller-5] [INFO] [1732631449.820233846] [drone_home1.sim]: Current Yaw: -0.04407454330137801, target = -97.42636351220534
[controller-5] [INFO] [1732631449.820796247] [drone_home1.sim]: CurrentDiff: -97.3523310853266
[controller-5] [INFO] [1732631449.821575272] [drone_home1.sim]: Going to 1: 9269762.00 meters
[controller-5] [INFO] [1732631449.870205194] [drone_home1.sim]: Current Yaw: -0.04407454330137801, target = -97.42636351220534
[controller-5] [INFO] [1732631449.870803560] [drone_home1.sim]: CurrentDiff: -97.3523310853266
[controller-5] [INFO] [1732631449.871534619] [drone_home1.sim]: Going to 1: 9269762.00 meters
[controller-5] [INFO] [1732631449.920183560] [drone_home1.sim]: Current Yaw: -0.04407454330137801, target = -97.42636351220534
[controller-5] [INFO] [1732631449.920779815] [drone_home1.sim]: CurrentDiff: -97.3523310853266
[controller-5] [INFO] [1732631449.921742016] [drone_home1.sim]: Going to 1: 9269762.00 meters
[controller-5] [INFO] [1732631449.970196818] [drone_home1.sim]: Current Yaw: -0.04407454330137801, target = -97.42636351220534
[controller-5] [INFO] [1732631449.970777090] [drone_home1.sim]: CurrentDiff: -97.3523310853266
[controller-5] [INFO] [1732631449.971544244] [drone_home1.sim]: Going to 1: 9269762.00 meters
[controller-5] [INFO] [1732631450.020171573] [drone_home1.sim]: Current Yaw: -0.04407454330137801, target = -97.42636351220534
[controller-5] [INFO] [1732631450.020702936] [drone_home1.sim]: CurrentDiff: -97.3523310853266
[controller-5] [INFO] [1732631450.021396937] [drone_home1.sim]: Going to 1: 9269762.00 meters
[controller-5] [INFO] [1732631450.070185312] [drone_home1.sim]: Current Yaw: -0.04407454330137801, target = -97.42636351220534
[controller-5] [INFO] [1732631450.070785771] [drone_home1.sim]: CurrentDiff: -97.3523310853266
[controller-5] [INFO] [1732631450.071665394] [drone_home1.sim]: Going to 1: 9269762.00 meters
[controller-5] [INFO] [1732631450.120214571] [drone_home1.sim]: Current Yaw: -0.04407454330137801, target = -97.42636351220534
[controller-5] [INFO] [1732631450.120791806] [drone_home1.sim]: CurrentDiff: -97.3523310853266
[controller-5] [INFO] [1732631450.121520161] [drone_home1.sim]: Going to 1: 9269762.00 meters
[controller-5] [INFO] [1732631450.170409413] [drone_home1.sim]: Current Yaw: -0.04407454330137801, target = -97.42636351220534
[controller-5] [INFO] [1732631450.171229458] [drone_home1.sim]: CurrentDiff: -97.3523310853266
[controller-5] [INFO] [1732631450.172718614] [drone_home1.sim]: Going to 1: 9269762.00 meters
[controller-5] [INFO] [1732631450.220188065] [drone_home1.sim]: Current Yaw: -0.04407454330137801, target = -97.42636351220534
[controller-5] [INFO] [1732631450.220749263] [drone_home1.sim]: CurrentDiff: -97.3523310853266
[controller-5] [INFO] [1732631450.221499397] [drone_home1.sim]: Going to 1: 9269762.00 meters
[controller-5] [INFO] [1732631450.270348720] [drone_home1.sim]: Current Yaw: -0.04407454330137801, target = -97.42636351220534
[controller-5] [INFO] [1732631450.270974384] [drone_home1.sim]: CurrentDiff: -97.3523310853266
[controller-5] [INFO] [1732631450.271723999] [drone_home1.sim]: Going to 1: 9269762.00 meters
[controller-5] [INFO] [1732631450.320194079] [drone_home1.sim]: Current Yaw: -0.04407454330137801, target = -97.42636351220534
[controller-5] [INFO] [1732631450.320735350] [drone_home1.sim]: CurrentDiff: -97.3523310853266
[controller-5] [INFO] [1732631450.321441759] [drone_home1.sim]: Going to 1: 9269762.00 meters
[controller-5] [INFO] [1732631450.370158390] [drone_home1.sim]: Current Yaw: -0.04407454330137801, target = -97.42636351220534
[controller-5] [INFO] [1732631450.370706550] [drone_home1.sim]: CurrentDiff: -97.3523310853266
[controller-5] [INFO] [1732631450.371434757] [drone_home1.sim]: Going to 1: 9269762.00 meters
[controller-5] [INFO] [1732631450.420079328] [drone_home1.sim]: Current Yaw: -0.04407454330137801, target = -97.42636351220534
[controller-5] [INFO] [1732631450.420605542] [drone_home1.sim]: CurrentDiff: -97.3523310853266
[controller-5] [INFO] [1732631450.421346731] [drone_home1.sim]: Going to 1: 9269762.00 meters
[controller-5] [INFO] [1732631450.470169238] [drone_home1.sim]: Current Yaw: -0.04407454330137801, target = -97.42636351220534
[controller-5] [INFO] [1732631450.470724713] [drone_home1.sim]: CurrentDiff: -97.3523310853266
[controller-5] [INFO] [1732631450.471430567] [drone_home1.sim]: Going to 1: 178243.20 meters
[controller-5] [INFO] [1732631450.520316411] [drone_home1.sim]: Current Yaw: -0.04407454330137801, target = 85.85559273834134
[controller-5] [INFO] [1732631450.520883535] [drone_home1.sim]: CurrentDiff: 85.92198170285222
[controller-5] [INFO] [1732631450.521599204] [drone_home1.sim]: Going to 1: 178243.20 meters
[controller-5] [INFO] [1732631450.570165363] [drone_home1.sim]: Current Yaw: -0.04407454330137801, target = 85.85559273834134
[controller-5] [INFO] [1732631450.570711727] [drone_home1.sim]: CurrentDiff: 85.92198170285222
[controller-5] [INFO] [1732631450.571398431] [drone_home1.sim]: Going to 1: 178243.29 meters
[controller-5] [INFO] [1732631450.620614312] [drone_home1.sim]: Current Yaw: -0.04407454330137801, target = 85.85566903578554
[controller-5] [INFO] [1732631450.621199714] [drone_home1.sim]: CurrentDiff: 85.92205765810223
[controller-5] [INFO] [1732631450.622045168] [drone_home1.sim]: Going to 1: 178243.29 meters
[controller-5] [INFO] [1732631450.670497562] [drone_home1.sim]: Current Yaw: -0.04407454330137801, target = 85.85566903578554
[controller-5] [INFO] [1732631450.671077168] [drone_home1.sim]: CurrentDiff: 85.92205765810223
[controller-5] [INFO] [1732631450.671754539] [drone_home1.sim]: Going to 1: 178243.19 meters
[controller-5] [INFO] [1732631450.720464077] [drone_home1.sim]: Current Yaw: -0.04407454330137801, target = 85.85572361244492
[controller-5] [INFO] [1732631450.721188709] [drone_home1.sim]: CurrentDiff: 85.92211198998491
[controller-5] [INFO] [1732631450.722199043] [drone_home1.sim]: Going to 1: 178243.19 meters
[controller-5] [INFO] [1732631450.770682346] [drone_home1.sim]: Current Yaw: -0.04407454330137801, target = 85.85572361244492
[controller-5] [INFO] [1732631450.771235321] [drone_home1.sim]: CurrentDiff: 85.92211198998491
[controller-5] [INFO] [1732631450.771919025] [drone_home1.sim]: Going to 1: 178243.37 meters
[controller-5] [INFO] [1732631450.820792868] [drone_home1.sim]: Current Yaw: -0.04407454330137801, target = 85.85574533341897
[controller-5] [INFO] [1732631450.821415162] [drone_home1.sim]: CurrentDiff: 85.92213361354018
[controller-5] [INFO] [1732631450.822103163] [drone_home1.sim]: Going to 1: 178243.37 meters
[controller-5] [INFO] [1732631450.870241706] [drone_home1.sim]: Current Yaw: -0.04407454330137801, target = 85.85574533341897
[controller-5] [INFO] [1732631450.870768568] [drone_home1.sim]: CurrentDiff: 85.92213361354018
[controller-5] [INFO] [1732631450.871483756] [drone_home1.sim]: Going to 1: 178243.07 meters
[controller-5] [INFO] [1732631450.920161681] [drone_home1.sim]: Current Yaw: -0.04407454330137801, target = 85.8556691454924
[controller-5] [INFO] [1732631450.920713933] [drone_home1.sim]: CurrentDiff: 85.92205776731706
[controller-5] [INFO] [1732631450.921577370] [drone_home1.sim]: Going to 1: 178243.07 meters
[controller-5] [INFO] [1732631450.971268573] [drone_home1.sim]: Current Yaw: -0.04407454330137801, target = 85.8556691454924
[controller-5] [INFO] [1732631450.971844197] [drone_home1.sim]: CurrentDiff: 85.92205776731706
[controller-5] [INFO] [1732631450.972568015] [drone_home1.sim]: Going to 1: 178243.03 meters
[controller-5] [INFO] [1732631451.020534104] [drone_home1.sim]: Current Yaw: -0.04407454330137801, target = 85.85569097614264
[controller-5] [INFO] [1732631451.021215809] [drone_home1.sim]: CurrentDiff: 85.92207950005673
[controller-5] [INFO] [1732631451.021989296] [drone_home1.sim]: Going to 1: 178243.03 meters
[controller-5] [INFO] [1732631451.070315794] [drone_home1.sim]: Current Yaw: -0.04407454330137801, target = 85.85569097614264
[controller-5] [INFO] [1732631451.070894585] [drone_home1.sim]: CurrentDiff: 85.92207950005673
[controller-5] [INFO] [1732631451.071596069] [drone_home1.sim]: Going to 1: 178243.03 meters
[controller-5] [INFO] [1732631451.120248233] [drone_home1.sim]: Current Yaw: -0.04407454330137801, target = 85.85569097614264
[controller-5] [INFO] [1732631451.120778818] [drone_home1.sim]: CurrentDiff: 85.92207950005673
[controller-5] [INFO] [1732631451.121511840] [drone_home1.sim]: Going to 1: 178243.03 meters
[controller-5] [INFO] [1732631451.170094927] [drone_home1.sim]: Current Yaw: -0.04407454330137801, target = 85.85569097614264
[controller-5] [INFO] [1732631451.170619881] [drone_home1.sim]: CurrentDiff: 85.92207950005673
[controller-5] [INFO] [1732631451.171588305] [drone_home1.sim]: Going to 1: 178243.03 meters
[controller-5] [INFO] [1732631451.220317067] [drone_home1.sim]: Current Yaw: -0.04407454330137801, target = 85.85569097614264
[controller-5] [INFO] [1732631451.220860745] [drone_home1.sim]: CurrentDiff: 85.92207950005673
[controller-5] [INFO] [1732631451.221563080] [drone_home1.sim]: Going to 1: 178243.03 meters
[controller-5] [INFO] [1732631451.270415663] [drone_home1.sim]: Current Yaw: -0.04407454330137801, target = 85.85569097614264
[controller-5] [INFO] [1732631451.271000139] [drone_home1.sim]: CurrentDiff: 85.92207950005673
[controller-5] [INFO] [1732631451.271763626] [drone_home1.sim]: Going to 1: 178243.03 meters
[controller-5] [INFO] [1732631451.320252281] [drone_home1.sim]: Current Yaw: -0.04407454330137801, target = 85.85569097614264
[controller-5] [INFO] [1732631451.320799126] [drone_home1.sim]: CurrentDiff: 85.92207950005673
[controller-5] [INFO] [1732631451.321572317] [drone_home1.sim]: Going to 1: 178243.03 meters
[controller-5] [INFO] [1732631451.370262928] [drone_home1.sim]: Current Yaw: -0.04407454330137801, target = 85.85569097614264
[controller-5] [INFO] [1732631451.371099678] [drone_home1.sim]: CurrentDiff: 85.92207950005673
[controller-5] [INFO] [1732631451.372013895] [drone_home1.sim]: Going to 1: 178243.03 meters
[controller-5] [INFO] [1732631451.420459345] [drone_home1.sim]: Current Yaw: -0.04407454330137801, target = 85.85569097614264
[controller-5] [INFO] [1732631451.421236221] [drone_home1.sim]: CurrentDiff: 85.92207950005673
[controller-5] [INFO] [1732631451.422136956] [drone_home1.sim]: Going to 1: 178243.03 meters
[controller-5] [INFO] [1732631451.470354189] [drone_home1.sim]: Current Yaw: -0.04407454330137801, target = 85.85569097614264
[controller-5] [INFO] [1732631451.471177364] [drone_home1.sim]: CurrentDiff: 85.92207950005673
[controller-5] [INFO] [1732631451.472101693] [drone_home1.sim]: Going to 1: 178243.03 meters
[controller-5] [INFO] [1732631451.520388689] [drone_home1.sim]: Current Yaw: -0.04407454330137801, target = 85.85569097614264
[controller-5] [INFO] [1732631451.521152805] [drone_home1.sim]: CurrentDiff: 85.92207950005673
[controller-5] [INFO] [1732631451.522072152] [drone_home1.sim]: Going to 1: 178243.03 meters
[controller-5] [INFO] [1732631451.570314461] [drone_home1.sim]: Current Yaw: -0.04407454330137801, target = 85.85569097614264
[controller-5] [INFO] [1732631451.571004610] [drone_home1.sim]: CurrentDiff: 85.92207950005673
[controller-5] [INFO] [1732631451.571920327] [drone_home1.sim]: Going to 1: 178243.03 meters
[controller-5] [INFO] [1732631451.620536545] [drone_home1.sim]: Current Yaw: -0.04407454330137801, target = 85.85569097614264
[controller-5] [INFO] [1732631451.621337941] [drone_home1.sim]: CurrentDiff: 85.92207950005673
[controller-5] [INFO] [1732631451.622351497] [drone_home1.sim]: Going to 1: 178243.03 meters
[controller-5] [INFO] [1732631451.670322458] [drone_home1.sim]: Current Yaw: -0.04407454330137801, target = 85.85569097614264
[controller-5] [INFO] [1732631451.671006755] [drone_home1.sim]: CurrentDiff: 85.92207950005673
[controller-5] [INFO] [1732631451.671870376] [drone_home1.sim]: Going to 1: 178243.03 meters
[controller-5] [INFO] [1732631451.720356643] [drone_home1.sim]: Current Yaw: -0.04407454330137801, target = 85.85569097614264
[controller-5] [INFO] [1732631451.721086016] [drone_home1.sim]: CurrentDiff: 85.92207950005673
[controller-5] [INFO] [1732631451.721985047] [drone_home1.sim]: Going to 1: 178243.03 meters
[controller-5] [INFO] [1732631451.770317565] [drone_home1.sim]: Current Yaw: -0.04407454330137801, target = 85.85569097614264
[controller-5] [INFO] [1732631451.771011047] [drone_home1.sim]: CurrentDiff: 85.92207950005673
[controller-5] [INFO] [1732631451.771879206] [drone_home1.sim]: Going to 1: 178243.03 meters
[controller-5] [INFO] [1732631451.820359491] [drone_home1.sim]: Current Yaw: -0.04407454330137801, target = 85.85569097614264
[controller-5] [INFO] [1732631451.821085901] [drone_home1.sim]: CurrentDiff: 85.92207950005673
[controller-5] [INFO] [1732631451.821984433] [drone_home1.sim]: Going to 1: 178243.03 meters
[controller-5] [INFO] [1732631451.870310079] [drone_home1.sim]: Current Yaw: -0.04407454330137801, target = 85.85569097614264
[controller-5] [INFO] [1732631451.870986246] [drone_home1.sim]: CurrentDiff: 85.92207950005673
[controller-5] [INFO] [1732631451.871906686] [drone_home1.sim]: Going to 1: 178243.03 meters
[controller-5] [INFO] [1732631451.920382081] [drone_home1.sim]: Current Yaw: -0.04407454330137801, target = 85.85569097614264
[controller-5] [INFO] [1732631451.921118103] [drone_home1.sim]: CurrentDiff: 85.92207950005673
[controller-5] [INFO] [1732631451.922017282] [drone_home1.sim]: Going to 1: 178243.03 meters
[controller-5] [INFO] [1732631451.970338262] [drone_home1.sim]: Current Yaw: -0.04407454330137801, target = 85.85569097614264
[controller-5] [INFO] [1732631451.971046542] [drone_home1.sim]: CurrentDiff: 85.92207950005673
[controller-5] [INFO] [1732631451.971933498] [drone_home1.sim]: Going to 1: 178243.03 meters
[controller-5] [INFO] [1732631452.020331019] [drone_home1.sim]: Current Yaw: -0.04407454330137801, target = 85.85569097614264
[controller-5] [INFO] [1732631452.021008557] [drone_home1.sim]: CurrentDiff: 85.92207950005673
[controller-5] [INFO] [1732631452.021868919] [drone_home1.sim]: Going to 1: 178243.03 meters
[controller-5] [INFO] [1732631452.070255588] [drone_home1.sim]: Current Yaw: -0.04407454330137801, target = 85.85569097614264
[controller-5] [INFO] [1732631452.070881159] [drone_home1.sim]: CurrentDiff: 85.92207950005673
[controller-5] [INFO] [1732631452.071655480] [drone_home1.sim]: Going to 1: 178243.03 meters
[controller-5] [INFO] [1732631452.120373093] [drone_home1.sim]: Current Yaw: -0.04407454330137801, target = 85.85569097614264
[controller-5] [INFO] [1732631452.121117467] [drone_home1.sim]: CurrentDiff: 85.92207950005673
[controller-5] [INFO] [1732631452.122028406] [drone_home1.sim]: Going to 1: 178243.03 meters
[controller-5] [INFO] [1732631452.170346442] [drone_home1.sim]: Current Yaw: -0.04407454330137801, target = 85.85569097614264
[controller-5] [INFO] [1732631452.171072741] [drone_home1.sim]: CurrentDiff: 85.92207950005673
[controller-5] [INFO] [1732631452.171935048] [drone_home1.sim]: Going to 1: 178243.03 meters
[controller-5] [INFO] [1732631452.220385683] [drone_home1.sim]: Current Yaw: -0.04407454330137801, target = 85.85569097614264
[controller-5] [INFO] [1732631452.221145188] [drone_home1.sim]: CurrentDiff: 85.92207950005673
[controller-5] [INFO] [1732631452.222119779] [drone_home1.sim]: Going to 1: 178243.03 meters
[controller-5] [INFO] [1732631452.270320641] [drone_home1.sim]: Current Yaw: -0.04407454330137801, target = 85.85569097614264
[controller-5] [INFO] [1732631452.270994048] [drone_home1.sim]: CurrentDiff: 85.92207950005673
[controller-5] [INFO] [1732631452.271847373] [drone_home1.sim]: Going to 1: 178243.03 meters
[controller-5] [INFO] [1732631452.320365883] [drone_home1.sim]: Current Yaw: -0.04407454330137801, target = 85.85569097614264
[controller-5] [INFO] [1732631452.321093719] [drone_home1.sim]: CurrentDiff: 85.92207950005673
[controller-5] [INFO] [1732631452.322027733] [drone_home1.sim]: Going to 1: 178243.03 meters
[controller-5] [INFO] [1732631452.370371215] [drone_home1.sim]: Current Yaw: -0.04407454330137801, target = 85.85569097614264
[controller-5] [INFO] [1732631452.371094180] [drone_home1.sim]: CurrentDiff: 85.92207950005673
[controller-5] [INFO] [1732631452.371974933] [drone_home1.sim]: Going to 1: 178243.03 meters
[controller-5] [INFO] [1732631452.420492627] [drone_home1.sim]: Current Yaw: -0.04407454330137801, target = 85.85569097614264
[controller-5] [INFO] [1732631452.421261207] [drone_home1.sim]: CurrentDiff: 85.92207950005673
[controller-5] [INFO] [1732631452.422192425] [drone_home1.sim]: Going to 1: 178243.03 meters
[controller-5] [INFO] [1732631452.470565019] [drone_home1.sim]: Current Yaw: -0.04407454330137801, target = 85.85569097614264
[controller-5] [INFO] [1732631452.471284410] [drone_home1.sim]: CurrentDiff: 85.92207950005673
[controller-5] [INFO] [1732631452.472134661] [drone_home1.sim]: Going to 1: 178243.03 meters
[controller-5] [INFO] [1732631452.520485531] [drone_home1.sim]: Current Yaw: -0.04407454330137801, target = 85.85569097614264
[controller-5] [INFO] [1732631452.521291465] [drone_home1.sim]: CurrentDiff: 85.92207950005673
[controller-5] [INFO] [1732631452.522237683] [drone_home1.sim]: Going to 1: 178243.03 meters
[controller-5] [INFO] [1732631452.570648687] [drone_home1.sim]: Current Yaw: -0.04407454330137801, target = 85.85569097614264
[controller-5] [INFO] [1732631452.571407395] [drone_home1.sim]: CurrentDiff: 85.92207950005673
[controller-5] [INFO] [1732631452.572318761] [drone_home1.sim]: Going to 1: 178243.03 meters
[controller-5] [INFO] [1732631452.620500659] [drone_home1.sim]: Current Yaw: -0.04407454330137801, target = 85.85569097614264
[controller-5] [INFO] [1732631452.621303314] [drone_home1.sim]: CurrentDiff: 85.92207950005673
[controller-5] [INFO] [1732631452.622265552] [drone_home1.sim]: Going to 1: 178243.03 meters
[controller-5] [INFO] [1732631452.670283756] [drone_home1.sim]: Current Yaw: -0.04407454330137801, target = 85.85569097614264
[controller-5] [INFO] [1732631452.670998240] [drone_home1.sim]: CurrentDiff: 85.92207950005673
[controller-5] [INFO] [1732631452.671869492] [drone_home1.sim]: Going to 1: 178243.03 meters
[controller-5] [INFO] [1732631452.720337999] [drone_home1.sim]: Current Yaw: -0.04407454330137801, target = 85.85569097614264
[controller-5] [INFO] [1732631452.721054816] [drone_home1.sim]: CurrentDiff: 85.92207950005673
[controller-5] [INFO] [1732631452.721957810] [drone_home1.sim]: Going to 1: 178243.03 meters
[controller-5] [INFO] [1732631452.770326422] [drone_home1.sim]: Current Yaw: -0.04407454330137801, target = 85.85569097614264
[controller-5] [INFO] [1732631452.771022516] [drone_home1.sim]: CurrentDiff: 85.92207950005673
[controller-5] [INFO] [1732631452.771878008] [drone_home1.sim]: Going to 1: 178243.03 meters
[controller-5] [INFO] [1732631452.820380609] [drone_home1.sim]: Current Yaw: -0.04407454330137801, target = 85.85569097614264
[controller-5] [INFO] [1732631452.821135428] [drone_home1.sim]: CurrentDiff: 85.92207950005673
[controller-5] [INFO] [1732631452.822060980] [drone_home1.sim]: Going to 1: 178243.03 meters
[controller-5] [INFO] [1732631452.870328494] [drone_home1.sim]: Current Yaw: -0.04407454330137801, target = 85.85569097614264
[controller-5] [INFO] [1732631452.871014328] [drone_home1.sim]: CurrentDiff: 85.92207950005673
[controller-5] [INFO] [1732631452.871928989] [drone_home1.sim]: Going to 1: 178243.03 meters
[controller-5] [INFO] [1732631452.920336604] [drone_home1.sim]: Current Yaw: -0.04407454330137801, target = 85.85569097614264
[controller-5] [INFO] [1732631452.921043050] [drone_home1.sim]: CurrentDiff: 85.92207950005673
[controller-5] [INFO] [1732631452.921921802] [drone_home1.sim]: Going to 1: 178243.03 meters
[controller-5] [INFO] [1732631452.970339732] [drone_home1.sim]: Current Yaw: -0.04407454330137801, target = 85.85569097614264
[controller-5] [INFO] [1732631452.971088310] [drone_home1.sim]: CurrentDiff: 85.92207950005673
[controller-5] [INFO] [1732631452.971999064] [drone_home1.sim]: Going to 1: 178243.03 meters
[controller-5] [INFO] [1732631453.020377288] [drone_home1.sim]: Current Yaw: -0.04407454330137801, target = 85.85569097614264
[controller-5] [INFO] [1732631453.021128848] [drone_home1.sim]: CurrentDiff: 85.92207950005673
[controller-5] [INFO] [1732631453.022030028] [drone_home1.sim]: Going to 1: 178243.03 meters
[controller-5] [INFO] [1732631453.070339192] [drone_home1.sim]: Current Yaw: -0.04407454330137801, target = 85.85569097614264
[controller-5] [INFO] [1732631453.071086548] [drone_home1.sim]: CurrentDiff: 85.92207950005673
[controller-5] [INFO] [1732631453.071983320] [drone_home1.sim]: Going to 1: 178243.03 meters
[controller-5] [INFO] [1732631453.120381231] [drone_home1.sim]: Current Yaw: -0.04407454330137801, target = 85.85569097614264
[controller-5] [INFO] [1732631453.121103826] [drone_home1.sim]: CurrentDiff: 85.92207950005673
[controller-5] [INFO] [1732631453.122044915] [drone_home1.sim]: Going to 1: 178243.03 meters
[controller-5] [INFO] [1732631453.170315430] [drone_home1.sim]: Current Yaw: -0.04407454330137801, target = 85.85569097614264
[controller-5] [INFO] [1732631453.171003190] [drone_home1.sim]: CurrentDiff: 85.92207950005673
[controller-5] [INFO] [1732631453.171912832] [drone_home1.sim]: Going to 1: 178243.03 meters
[controller-5] [INFO] [1732631453.220368079] [drone_home1.sim]: Current Yaw: -0.04407454330137801, target = 85.85569097614264
[controller-5] [INFO] [1732631453.221102750] [drone_home1.sim]: CurrentDiff: 85.92207950005673
[controller-5] [INFO] [1732631453.222009003] [drone_home1.sim]: Going to 1: 178243.03 meters
[controller-5] [INFO] [1732631453.270325594] [drone_home1.sim]: Current Yaw: -0.04407454330137801, target = 85.85569097614264
[controller-5] [INFO] [1732631453.271019670] [drone_home1.sim]: CurrentDiff: 85.92207950005673
[controller-5] [INFO] [1732631453.271904848] [drone_home1.sim]: Going to 1: 178243.03 meters
[controller-5] [INFO] [1732631453.320338538] [drone_home1.sim]: Current Yaw: -0.04407454330137801, target = 85.85569097614264
[controller-5] [INFO] [1732631453.321060134] [drone_home1.sim]: CurrentDiff: 85.92207950005673
[controller-5] [INFO] [1732631453.322006445] [drone_home1.sim]: Going to 1: 178243.03 meters
[controller-5] [INFO] [1732631453.370318888] [drone_home1.sim]: Current Yaw: -0.04407454330137801, target = 85.85569097614264
[controller-5] [INFO] [1732631453.371020927] [drone_home1.sim]: CurrentDiff: 85.92207950005673
[controller-5] [INFO] [1732631453.371898327] [drone_home1.sim]: Going to 1: 178243.03 meters
[controller-5] [INFO] [1732631453.420370334] [drone_home1.sim]: Current Yaw: -0.04407454330137801, target = 85.85569097614264
[controller-5] [INFO] [1732631453.421102226] [drone_home1.sim]: CurrentDiff: 85.92207950005673
[controller-5] [INFO] [1732631453.422006721] [drone_home1.sim]: Going to 1: 178243.03 meters
[controller-5] [INFO] [1732631453.470325275] [drone_home1.sim]: Current Yaw: -0.04407454330137801, target = 85.85569097614264
[controller-5] [INFO] [1732631453.471033073] [drone_home1.sim]: CurrentDiff: 85.92207950005673
[controller-5] [INFO] [1732631453.471980311] [drone_home1.sim]: Going to 1: 178243.03 meters
[controller-5] [INFO] [1732631453.520359128] [drone_home1.sim]: Current Yaw: -0.04407454330137801, target = 85.85569097614264
[controller-5] [INFO] [1732631453.521083371] [drone_home1.sim]: CurrentDiff: 85.92207950005673
[controller-5] [INFO] [1732631453.521998329] [drone_home1.sim]: Going to 1: 178243.03 meters
[controller-5] [INFO] [1732631453.570318717] [drone_home1.sim]: Current Yaw: -0.04407454330137801, target = 85.85569097614264
[controller-5] [INFO] [1732631453.571002329] [drone_home1.sim]: CurrentDiff: 85.92207950005673
[controller-5] [INFO] [1732631453.571857431] [drone_home1.sim]: Going to 1: 178243.03 meters
[controller-5] [INFO] [1732631453.620361422] [drone_home1.sim]: Current Yaw: -0.04407454330137801, target = 85.85569097614264
[controller-5] [INFO] [1732631453.621075665] [drone_home1.sim]: CurrentDiff: 85.92207950005673
[controller-5] [INFO] [1732631453.622009624] [drone_home1.sim]: Going to 1: 178243.03 meters
[controller-5] [INFO] [1732631453.670374736] [drone_home1.sim]: Current Yaw: -0.04407454330137801, target = 85.85569097614264
[controller-5] [INFO] [1732631453.671098295] [drone_home1.sim]: CurrentDiff: 85.92207950005673
[controller-5] [INFO] [1732631453.672013901] [drone_home1.sim]: Going to 1: 178243.03 meters
[controller-5] [INFO] [1732631453.720383347] [drone_home1.sim]: Current Yaw: -0.04407454330137801, target = 85.85569097614264
[controller-5] [INFO] [1732631453.721130036] [drone_home1.sim]: CurrentDiff: 85.92207950005673
[controller-5] [INFO] [1732631453.722042383] [drone_home1.sim]: Going to 1: 178243.03 meters
[controller-5] [INFO] [1732631453.770323490] [drone_home1.sim]: Current Yaw: -0.04407454330137801, target = 85.85569097614264
[controller-5] [INFO] [1732631453.771101996] [drone_home1.sim]: CurrentDiff: 85.92207950005673
[controller-5] [INFO] [1732631453.771956414] [drone_home1.sim]: Going to 1: 178243.03 meters
[controller-5] [INFO] [1732631453.820375233] [drone_home1.sim]: Current Yaw: -0.04407454330137801, target = 85.85569097614264
[controller-5] [INFO] [1732631453.821116107] [drone_home1.sim]: CurrentDiff: 85.92207950005673
[controller-5] [INFO] [1732631453.822045714] [drone_home1.sim]: Going to 1: 178243.03 meters
[controller-5] [INFO] [1732631453.870344693] [drone_home1.sim]: Current Yaw: -0.04407454330137801, target = 85.85569097614264
[controller-5] [INFO] [1732631453.871069955] [drone_home1.sim]: CurrentDiff: 85.92207950005673
[controller-5] [INFO] [1732631453.872051843] [drone_home1.sim]: Going to 1: 178243.03 meters
[controller-5] [INFO] [1732631453.920372916] [drone_home1.sim]: Current Yaw: -0.04407454330137801, target = 85.85569097614264
[controller-5] [INFO] [1732631453.921122253] [drone_home1.sim]: CurrentDiff: 85.92207950005673
[controller-5] [INFO] [1732631453.922046526] [drone_home1.sim]: Going to 1: 178243.03 meters
[controller-5] [INFO] [1732631453.970323245] [drone_home1.sim]: Current Yaw: -0.04407454330137801, target = 85.85569097614264
[controller-5] [INFO] [1732631453.970994060] [drone_home1.sim]: CurrentDiff: 85.92207950005673
[controller-5] [INFO] [1732631453.971852570] [drone_home1.sim]: Going to 1: 178243.03 meters
[controller-5] [INFO] [1732631454.020368913] [drone_home1.sim]: Current Yaw: -0.04407454330137801, target = 85.85569097614264
[controller-5] [INFO] [1732631454.021090546] [drone_home1.sim]: CurrentDiff: 85.92207950005673
[controller-5] [INFO] [1732631454.022020689] [drone_home1.sim]: Going to 1: 178243.03 meters
[controller-5] [INFO] [1732631454.070315039] [drone_home1.sim]: Current Yaw: -0.04407454330137801, target = 85.85569097614264
[controller-5] [INFO] [1732631454.071023986] [drone_home1.sim]: CurrentDiff: 85.92207950005673
[controller-5] [INFO] [1732631454.071900201] [drone_home1.sim]: Going to 1: 178243.03 meters
[controller-5] [INFO] [1732631454.120270258] [drone_home1.sim]: Current Yaw: -0.04407454330137801, target = 85.85569097614264
[controller-5] [INFO] [1732631454.120983001] [drone_home1.sim]: CurrentDiff: 85.92207950005673
[controller-5] [INFO] [1732631454.121852067] [drone_home1.sim]: Going to 1: 178243.03 meters
[controller-5] [INFO] [1732631454.170332946] [drone_home1.sim]: Current Yaw: -0.04407454330137801, target = 85.85569097614264
[controller-5] [INFO] [1732631454.171027410] [drone_home1.sim]: CurrentDiff: 85.92207950005673
[controller-5] [INFO] [1732631454.171997149] [drone_home1.sim]: Going to 1: 178243.03 meters
[controller-5] [INFO] [1732631454.220347761] [drone_home1.sim]: Current Yaw: -0.04407454330137801, target = 85.85569097614264
[controller-5] [INFO] [1732631454.221094432] [drone_home1.sim]: CurrentDiff: 85.92207950005673
[controller-5] [INFO] [1732631454.222011241] [drone_home1.sim]: Going to 1: 178243.03 meters
[controller-5] [INFO] [1732631454.270337796] [drone_home1.sim]: Current Yaw: -0.04407454330137801, target = 85.85569097614264
[controller-5] [INFO] [1732631454.271034390] [drone_home1.sim]: CurrentDiff: 85.92207950005673
[controller-5] [INFO] [1732631454.271901290] [drone_home1.sim]: Going to 1: 178243.03 meters
[controller-5] [INFO] [1732631454.320376094] [drone_home1.sim]: Current Yaw: -0.04407454330137801, target = 85.85569097614264
[controller-5] [INFO] [1732631454.321140729] [drone_home1.sim]: CurrentDiff: 85.92207950005673
[controller-5] [INFO] [1732631454.322045279] [drone_home1.sim]: Going to 1: 178243.03 meters
[controller-5] [INFO] [1732631454.370419966] [drone_home1.sim]: Current Yaw: -0.04407454330137801, target = 85.85569097614264
[controller-5] [INFO] [1732631454.371123653] [drone_home1.sim]: CurrentDiff: 85.92207950005673
[controller-5] [INFO] [1732631454.372043389] [drone_home1.sim]: Going to 1: 178243.03 meters
[controller-5] [INFO] [1732631454.420389352] [drone_home1.sim]: Current Yaw: -0.04407454330137801, target = 85.85569097614264
[controller-5] [INFO] [1732631454.421138209] [drone_home1.sim]: CurrentDiff: 85.92207950005673
[controller-5] [INFO] [1732631454.422079890] [drone_home1.sim]: Going to 1: 178243.03 meters
[controller-5] [INFO] [1732631454.470570473] [drone_home1.sim]: Current Yaw: -0.04407454330137801, target = 85.85569097614264
[controller-5] [INFO] [1732631454.471278753] [drone_home1.sim]: CurrentDiff: 85.92207950005673
[controller-5] [INFO] [1732631454.472160060] [drone_home1.sim]: Going to 1: 178243.03 meters
[controller-5] [INFO] [1732631454.520594862] [drone_home1.sim]: Current Yaw: -0.04407454330137801, target = 85.85569097614264
[controller-5] [INFO] [1732631454.521436927] [drone_home1.sim]: CurrentDiff: 85.92207950005673
[controller-5] [INFO] [1732631454.522363386] [drone_home1.sim]: Going to 1: 178243.03 meters
[controller-5] [INFO] [1732631454.570428352] [drone_home1.sim]: Current Yaw: -0.04407454330137801, target = 85.85569097614264
[controller-5] [INFO] [1732631454.571191950] [drone_home1.sim]: CurrentDiff: 85.92207950005673
[controller-5] [INFO] [1732631454.572170985] [drone_home1.sim]: Going to 1: 178243.03 meters
[controller-5] [INFO] [1732631454.620724201] [drone_home1.sim]: Current Yaw: -0.04407454330137801, target = 85.85569097614264
[controller-5] [INFO] [1732631454.621476872] [drone_home1.sim]: CurrentDiff: 85.92207950005673
[controller-5] [INFO] [1732631454.622418757] [drone_home1.sim]: Going to 1: 178243.03 meters
[controller-5] [INFO] [1732631454.670467668] [drone_home1.sim]: Current Yaw: -0.04407454330137801, target = 85.85569097614264
[controller-5] [INFO] [1732631454.671101203] [drone_home1.sim]: CurrentDiff: 85.92207950005673
[controller-5] [INFO] [1732631454.671799797] [drone_home1.sim]: Going to 1: 178243.03 meters
[controller-5] [INFO] [1732631454.720263526] [drone_home1.sim]: Current Yaw: -0.04407454330137801, target = 85.85569097614264
[controller-5] [INFO] [1732631454.720859614] [drone_home1.sim]: CurrentDiff: 85.92207950005673
[controller-5] [INFO] [1732631454.721629731] [drone_home1.sim]: Going to 1: 178243.03 meters
[controller-5] [INFO] [1732631454.770459962] [drone_home1.sim]: Current Yaw: -0.04407454330137801, target = 85.85569097614264
[controller-5] [INFO] [1732631454.771141148] [drone_home1.sim]: CurrentDiff: 85.92207950005673
[controller-5] [INFO] [1732631454.772017344] [drone_home1.sim]: Going to 1: 178243.03 meters
[controller-5] [INFO] [1732631454.820512408] [drone_home1.sim]: Current Yaw: -0.04407454330137801, target = 85.85569097614264
[controller-5] [INFO] [1732631454.821229448] [drone_home1.sim]: CurrentDiff: 85.92207950005673
[controller-5] [INFO] [1732631454.822107033] [drone_home1.sim]: Going to 1: 178243.03 meters
[controller-5] [INFO] [1732631454.870640415] [drone_home1.sim]: Current Yaw: -0.04407454330137801, target = 85.85569097614264
[controller-5] [INFO] [1732631454.871446126] [drone_home1.sim]: CurrentDiff: 85.92207950005673
[controller-5] [INFO] [1732631454.872358398] [drone_home1.sim]: Going to 1: 178243.03 meters
[controller-5] [INFO] [1732631454.920603356] [drone_home1.sim]: Current Yaw: -0.04407454330137801, target = 85.85569097614264
[controller-5] [INFO] [1732631454.921359435] [drone_home1.sim]: CurrentDiff: 85.92207950005673
[controller-5] [INFO] [1732631454.922320118] [drone_home1.sim]: Going to 1: 178243.03 meters
[controller-5] [INFO] [1732631454.970527314] [drone_home1.sim]: Current Yaw: -0.04407454330137801, target = 85.85569097614264
[controller-5] [INFO] [1732631454.971229223] [drone_home1.sim]: CurrentDiff: 85.92207950005673
[controller-5] [INFO] [1732631454.972093290] [drone_home1.sim]: Going to 1: 178243.03 meters
[controller-5] [INFO] [1732631455.020286856] [drone_home1.sim]: Current Yaw: -0.04407454330137801, target = 85.85569097614264
[controller-5] [INFO] [1732631455.021000618] [drone_home1.sim]: CurrentDiff: 85.92207950005673
[controller-5] [INFO] [1732631455.021878592] [drone_home1.sim]: Going to 1: 178243.03 meters
[controller-5] [INFO] [1732631455.070250150] [drone_home1.sim]: Current Yaw: -0.04407454330137801, target = 85.85569097614264
[controller-5] [INFO] [1732631455.070955837] [drone_home1.sim]: CurrentDiff: 85.92207950005673
[controller-5] [INFO] [1732631455.071843886] [drone_home1.sim]: Going to 1: 178243.03 meters
[controller-5] [INFO] [1732631455.120552981] [drone_home1.sim]: Current Yaw: -0.04407454330137801, target = 85.85569097614264
[controller-5] [INFO] [1732631455.121320542] [drone_home1.sim]: CurrentDiff: 85.92207950005673
[controller-5] [INFO] [1732631455.122257427] [drone_home1.sim]: Going to 1: 178243.03 meters
[controller-5] [INFO] [1732631455.170450790] [drone_home1.sim]: Current Yaw: -0.04407454330137801, target = 85.85569097614264
[controller-5] [INFO] [1732631455.171130790] [drone_home1.sim]: CurrentDiff: 85.92207950005673
[controller-5] [INFO] [1732631455.171999801] [drone_home1.sim]: Going to 1: 178243.03 meters
[controller-5] [INFO] [1732631455.220492014] [drone_home1.sim]: Current Yaw: -0.04407454330137801, target = 85.85569097614264
[controller-5] [INFO] [1732631455.221268056] [drone_home1.sim]: CurrentDiff: 85.92207950005673
[controller-5] [INFO] [1732631455.222208960] [drone_home1.sim]: Going to 1: 178243.03 meters
[controller-5] [INFO] [1732631455.270344098] [drone_home1.sim]: Current Yaw: -0.04407454330137801, target = 85.85569097614264
[controller-5] [INFO] [1732631455.271049618] [drone_home1.sim]: CurrentDiff: 85.92207950005673
[controller-5] [INFO] [1732631455.271943371] [drone_home1.sim]: Going to 1: 178243.03 meters
[controller-5] [INFO] [1732631455.320373895] [drone_home1.sim]: Current Yaw: -0.04407454330137801, target = 85.85569097614264
[controller-5] [INFO] [1732631455.321111973] [drone_home1.sim]: CurrentDiff: 85.92207950005673
[controller-5] [INFO] [1732631455.322029486] [drone_home1.sim]: Going to 1: 178243.03 meters
[controller-5] [INFO] [1732631455.370392933] [drone_home1.sim]: Current Yaw: -0.04407454330137801, target = 85.85569097614264
[controller-5] [INFO] [1732631455.371108454] [drone_home1.sim]: CurrentDiff: 85.92207950005673
[controller-5] [INFO] [1732631455.372029190] [drone_home1.sim]: Going to 1: 178243.03 meters
[controller-5] [INFO] [1732631455.420365672] [drone_home1.sim]: Current Yaw: -0.04407454330137801, target = 85.85569097614264
[controller-5] [INFO] [1732631455.421093156] [drone_home1.sim]: CurrentDiff: 85.92207950005673
[controller-5] [INFO] [1732631455.422019967] [drone_home1.sim]: Going to 1: 178243.03 meters
[controller-5] [INFO] [1732631455.470316168] [drone_home1.sim]: Current Yaw: -0.04407454330137801, target = 85.85569097614264
[controller-5] [INFO] [1732631455.471017003] [drone_home1.sim]: CurrentDiff: 85.92207950005673
[controller-5] [INFO] [1732631455.471889977] [drone_home1.sim]: Going to 1: 178243.03 meters
[controller-5] [INFO] [1732631455.520395672] [drone_home1.sim]: Current Yaw: -0.04407454330137801, target = 85.85569097614264
[controller-5] [INFO] [1732631455.521148936] [drone_home1.sim]: CurrentDiff: 85.92207950005673
[controller-5] [INFO] [1732631455.522085191] [drone_home1.sim]: Going to 1: 178243.03 meters
[controller-5] [INFO] [1732631455.570333909] [drone_home1.sim]: Current Yaw: -0.04407454330137801, target = 85.85569097614264
[controller-5] [INFO] [1732631455.571013854] [drone_home1.sim]: CurrentDiff: 85.92207950005673
[controller-5] [INFO] [1732631455.571877809] [drone_home1.sim]: Going to 1: 178243.03 meters
[controller-5] [INFO] [1732631455.620332594] [drone_home1.sim]: Current Yaw: -0.04407454330137801, target = 85.85569097614264
[controller-5] [INFO] [1732631455.621046504] [drone_home1.sim]: CurrentDiff: 85.92207950005673
[controller-5] [INFO] [1732631455.621932386] [drone_home1.sim]: Going to 1: 178243.03 meters
[controller-5] [INFO] [1732631455.670371929] [drone_home1.sim]: Current Yaw: -0.04407454330137801, target = 85.85569097614264
[controller-5] [INFO] [1732631455.671122396] [drone_home1.sim]: CurrentDiff: 85.92207950005673
[controller-5] [INFO] [1732631455.672054522] [drone_home1.sim]: Going to 1: 178243.03 meters
[controller-5] [INFO] [1732631455.720517177] [drone_home1.sim]: Current Yaw: -0.04407454330137801, target = 85.85569097614264
[controller-5] [INFO] [1732631455.721473119] [drone_home1.sim]: CurrentDiff: 85.92207950005673
[controller-5] [INFO] [1732631455.722520732] [drone_home1.sim]: Going to 1: 178243.03 meters
[controller-5] [INFO] [1732631455.770379391] [drone_home1.sim]: Current Yaw: -0.04407454330137801, target = 85.85569097614264
[controller-5] [INFO] [1732631455.771079856] [drone_home1.sim]: CurrentDiff: 85.92207950005673
[controller-5] [INFO] [1732631455.771975905] [drone_home1.sim]: Going to 1: 178243.03 meters
[controller-5] [INFO] [1732631455.820375298] [drone_home1.sim]: Current Yaw: -0.04407454330137801, target = 85.85569097614264
[controller-5] [INFO] [1732631455.821103079] [drone_home1.sim]: CurrentDiff: 85.92207950005673
[controller-5] [INFO] [1732631455.822009370] [drone_home1.sim]: Going to 1: 178243.03 meters
[controller-5] [INFO] [1732631455.870312257] [drone_home1.sim]: Current Yaw: -0.04407454330137801, target = 85.85569097614264
[controller-5] [INFO] [1732631455.870996943] [drone_home1.sim]: CurrentDiff: 85.92207950005673
[controller-5] [INFO] [1732631455.871880177] [drone_home1.sim]: Going to 1: 178243.03 meters
[controller-5] [INFO] [1732631455.920358204] [drone_home1.sim]: Current Yaw: -0.04407454330137801, target = 85.85569097614264
[controller-5] [INFO] [1732631455.921075799] [drone_home1.sim]: CurrentDiff: 85.92207950005673
[controller-5] [INFO] [1732631455.921988053] [drone_home1.sim]: Going to 1: 178243.03 meters
[controller-5] [INFO] [1732631455.970341147] [drone_home1.sim]: Current Yaw: -0.04407454330137801, target = 85.85569097614264
[controller-5] [INFO] [1732631455.971049297] [drone_home1.sim]: CurrentDiff: 85.92207950005673
[controller-5] [INFO] [1732631455.972012554] [drone_home1.sim]: Going to 1: 178243.03 meters
[controller-5] [INFO] [1732631456.020427725] [drone_home1.sim]: Current Yaw: -0.04407454330137801, target = 85.85569097614264
[controller-5] [INFO] [1732631456.021168803] [drone_home1.sim]: CurrentDiff: 85.92207950005673
[controller-5] [INFO] [1732631456.022059667] [drone_home1.sim]: Going to 1: 178243.03 meters
[controller-5] [INFO] [1732631456.070417928] [drone_home1.sim]: Current Yaw: -0.04407454330137801, target = 85.85569097614264
[controller-5] [INFO] [1732631456.071216917] [drone_home1.sim]: CurrentDiff: 85.92207950005673
[controller-5] [INFO] [1732631456.072139820] [drone_home1.sim]: Going to 1: 178243.03 meters
[controller-5] [INFO] [1732631456.120329886] [drone_home1.sim]: Current Yaw: -0.04407454330137801, target = 85.85569097614264
[controller-5] [INFO] [1732631456.121004294] [drone_home1.sim]: CurrentDiff: 85.92207950005673
[controller-5] [INFO] [1732631456.121865082] [drone_home1.sim]: Going to 1: 178243.03 meters
[controller-5] [INFO] [1732631456.170315737] [drone_home1.sim]: Current Yaw: -0.04407454330137801, target = 85.85569097614264
[controller-5] [INFO] [1732631456.171018295] [drone_home1.sim]: CurrentDiff: 85.92207950005673
[controller-5] [INFO] [1732631456.171908714] [drone_home1.sim]: Going to 1: 178243.03 meters
[controller-5] [INFO] [1732631456.220320034] [drone_home1.sim]: Current Yaw: -0.04407454330137801, target = 85.85569097614264
[controller-5] [INFO] [1732631456.220995886] [drone_home1.sim]: CurrentDiff: 85.92207950005673
[controller-5] [INFO] [1732631456.221864434] [drone_home1.sim]: Going to 1: 178243.03 meters
[controller-5] [INFO] [1732631456.270326497] [drone_home1.sim]: Current Yaw: -0.04407454330137801, target = 85.85569097614264
[controller-5] [INFO] [1732631456.271031684] [drone_home1.sim]: CurrentDiff: 85.92207950005673
[controller-5] [INFO] [1732631456.271896676] [drone_home1.sim]: Going to 1: 178243.03 meters
[controller-5] [INFO] [1732631456.320389445] [drone_home1.sim]: Current Yaw: -0.04407454330137801, target = 85.85569097614264
[controller-5] [INFO] [1732631456.321120967] [drone_home1.sim]: CurrentDiff: 85.92207950005673
[controller-5] [INFO] [1732631456.322032110] [drone_home1.sim]: Going to 1: 178243.03 meters
[controller-5] [INFO] [1732631456.370262086] [drone_home1.sim]: Current Yaw: -0.04407454330137801, target = 85.85569097614264
[controller-5] [INFO] [1732631456.371197452] [drone_home1.sim]: CurrentDiff: 85.92207950005673
[controller-5] [INFO] [1732631456.372075519] [drone_home1.sim]: Going to 1: 178243.03 meters
[controller-5] [INFO] [1732631456.420441577] [drone_home1.sim]: Current Yaw: -0.04407454330137801, target = 85.85569097614264
[controller-5] [INFO] [1732631456.421206749] [drone_home1.sim]: CurrentDiff: 85.92207950005673
[controller-5] [INFO] [1732631456.422128504] [drone_home1.sim]: Going to 1: 178243.03 meters
[controller-5] [INFO] [1732631456.470405575] [drone_home1.sim]: Current Yaw: -0.04407454330137801, target = 85.85569097614264
[controller-5] [INFO] [1732631456.470966032] [drone_home1.sim]: CurrentDiff: 85.92207950005673
[controller-5] [INFO] [1732631456.471697609] [drone_home1.sim]: Going to 1: 178243.03 meters
[controller-5] [INFO] [1732631456.520751131] [drone_home1.sim]: Current Yaw: -0.04407454330137801, target = 85.85569097614264
[controller-5] [INFO] [1732631456.521544360] [drone_home1.sim]: CurrentDiff: 85.92207950005673
[controller-5] [INFO] [1732631456.522497024] [drone_home1.sim]: Going to 1: 178243.03 meters
[controller-5] [INFO] [1732631456.570598308] [drone_home1.sim]: Current Yaw: -0.04407454330137801, target = 85.85569097614264
[controller-5] [INFO] [1732631456.571243695] [drone_home1.sim]: CurrentDiff: 85.92207950005673
[controller-5] [INFO] [1732631456.572092279] [drone_home1.sim]: Going to 1: 178243.03 meters
[controller-5] [INFO] [1732631456.620664960] [drone_home1.sim]: Current Yaw: -0.04407454330137801, target = 85.85569097614264
[controller-5] [INFO] [1732631456.621188859] [drone_home1.sim]: CurrentDiff: 85.92207950005673
[controller-5] [INFO] [1732631456.621872100] [drone_home1.sim]: Going to 1: 178243.03 meters
[controller-5] [INFO] [1732631456.670432613] [drone_home1.sim]: Current Yaw: -0.04407454330137801, target = 85.85569097614264
[controller-5] [INFO] [1732631456.671140449] [drone_home1.sim]: CurrentDiff: 85.92207950005673
[controller-5] [INFO] [1732631456.672031442] [drone_home1.sim]: Going to 1: 178243.03 meters
[controller-5] [INFO] [1732631456.720688035] [drone_home1.sim]: Current Yaw: -0.04407454330137801, target = 85.85569097614264
[controller-5] [INFO] [1732631456.721440410] [drone_home1.sim]: CurrentDiff: 85.92207950005673
[controller-5] [INFO] [1732631456.722356201] [drone_home1.sim]: Going to 1: 178243.03 meters
[controller-5] [INFO] [1732631456.770490765] [drone_home1.sim]: Current Yaw: -0.04407454330137801, target = 85.85569097614264
[controller-5] [INFO] [1732631456.771203508] [drone_home1.sim]: CurrentDiff: 85.92207950005673
[controller-5] [INFO] [1732631456.772072370] [drone_home1.sim]: Going to 1: 178243.03 meters
[controller-5] [INFO] [1732631456.820314088] [drone_home1.sim]: Current Yaw: -0.04407454330137801, target = 85.85569097614264
[controller-5] [INFO] [1732631456.821087834] [drone_home1.sim]: CurrentDiff: 85.92207950005673
[controller-5] [INFO] [1732631456.822040980] [drone_home1.sim]: Going to 1: 178243.03 meters
[controller-5] [INFO] [1732631456.870113336] [drone_home1.sim]: Current Yaw: -0.04407454330137801, target = 85.85569097614264
[controller-5] [INFO] [1732631456.870627013] [drone_home1.sim]: CurrentDiff: 85.92207950005673
[controller-5] [INFO] [1732631456.871350886] [drone_home1.sim]: Going to 1: 178243.03 meters
[controller-5] [INFO] [1732631456.920573676] [drone_home1.sim]: Current Yaw: -0.04407454330137801, target = 85.85569097614264
[controller-5] [INFO] [1732631456.921348626] [drone_home1.sim]: CurrentDiff: 85.92207950005673
[controller-5] [INFO] [1732631456.922291493] [drone_home1.sim]: Going to 1: 178243.03 meters
[controller-5] [INFO] [1732631456.970510580] [drone_home1.sim]: Current Yaw: -0.04407454330137801, target = 85.85569097614264
[controller-5] [INFO] [1732631456.971239954] [drone_home1.sim]: CurrentDiff: 85.92207950005673
[controller-5] [INFO] [1732631456.972135688] [drone_home1.sim]: Going to 1: 178243.03 meters
[controller-5] [INFO] [1732631457.020605826] [drone_home1.sim]: Current Yaw: -0.04407454330137801, target = 85.85569097614264
[controller-5] [INFO] [1732631457.021341848] [drone_home1.sim]: CurrentDiff: 85.92207950005673
[controller-5] [INFO] [1732631457.022284511] [drone_home1.sim]: Going to 1: 178243.03 meters
[controller-5] [INFO] [1732631457.070472301] [drone_home1.sim]: Current Yaw: -0.04407454330137801, target = 85.85569097614264
[controller-5] [INFO] [1732631457.071142023] [drone_home1.sim]: CurrentDiff: 85.92207950005673
[controller-5] [INFO] [1732631457.071981254] [drone_home1.sim]: Going to 1: 178243.03 meters
[controller-5] [INFO] [1732631457.120368888] [drone_home1.sim]: Current Yaw: -0.04407454330137801, target = 85.85569097614264
[controller-5] [INFO] [1732631457.121088094] [drone_home1.sim]: CurrentDiff: 85.92207950005673
[controller-5] [INFO] [1732631457.121963550] [drone_home1.sim]: Going to 1: 178243.03 meters
[controller-5] [INFO] [1732631457.170342238] [drone_home1.sim]: Current Yaw: -0.04407454330137801, target = 85.85569097614264
[controller-5] [INFO] [1732631457.171070260] [drone_home1.sim]: CurrentDiff: 85.92207950005673
[controller-5] [INFO] [1732631457.171966309] [drone_home1.sim]: Going to 1: 178243.03 meters
[controller-5] [INFO] [1732631457.220350091] [drone_home1.sim]: Current Yaw: -0.04407454330137801, target = 85.85569097614264
[controller-5] [INFO] [1732631457.221067353] [drone_home1.sim]: CurrentDiff: 85.92207950005673
[controller-5] [INFO] [1732631457.222026387] [drone_home1.sim]: Going to 1: 178243.03 meters
[controller-5] [INFO] [1732631457.270318534] [drone_home1.sim]: Current Yaw: -0.04407454330137801, target = 85.85569097614264
[controller-5] [INFO] [1732631457.271021369] [drone_home1.sim]: CurrentDiff: 85.92207950005673
[controller-5] [INFO] [1732631457.271915548] [drone_home1.sim]: Going to 1: 178243.03 meters
[controller-5] [INFO] [1732631457.320371204] [drone_home1.sim]: Current Yaw: -0.04407454330137801, target = 85.85569097614264
[controller-5] [INFO] [1732631457.321129579] [drone_home1.sim]: CurrentDiff: 85.92207950005673
[controller-5] [INFO] [1732631457.322066427] [drone_home1.sim]: Going to 1: 178243.03 meters
[controller-5] [INFO] [1732631457.370359814] [drone_home1.sim]: Current Yaw: -0.04407454330137801, target = 85.85569097614264
[controller-5] [INFO] [1732631457.371096151] [drone_home1.sim]: CurrentDiff: 85.92207950005673
[controller-5] [INFO] [1732631457.371982274] [drone_home1.sim]: Going to 1: 178243.03 meters
[controller-5] [INFO] [1732631457.420379853] [drone_home1.sim]: Current Yaw: -0.04407454330137801, target = 85.85569097614264
[controller-5] [INFO] [1732631457.421146136] [drone_home1.sim]: CurrentDiff: 85.92207950005673
[controller-5] [INFO] [1732631457.422095244] [drone_home1.sim]: Going to 1: 178243.03 meters
[controller-5] [INFO] [1732631457.470327387] [drone_home1.sim]: Current Yaw: -0.04407454330137801, target = 85.85569097614264
[controller-5] [INFO] [1732631457.471021685] [drone_home1.sim]: CurrentDiff: 85.92207950005673
[controller-5] [INFO] [1732631457.471909326] [drone_home1.sim]: Going to 1: 178243.03 meters
[controller-5] [INFO] [1732631457.520325980] [drone_home1.sim]: Current Yaw: -0.04407454330137801, target = 85.85569097614264
[controller-5] [INFO] [1732631457.521047705] [drone_home1.sim]: CurrentDiff: 85.92207950005673
[controller-5] [INFO] [1732631457.521936032] [drone_home1.sim]: Going to 1: 178243.03 meters
[controller-5] [INFO] [1732631457.570322832] [drone_home1.sim]: Current Yaw: -0.04407454330137801, target = 85.85569097614264
[controller-5] [INFO] [1732631457.571156674] [drone_home1.sim]: CurrentDiff: 85.92207950005673
[controller-5] [INFO] [1732631457.572094078] [drone_home1.sim]: Going to 1: 178243.03 meters
[controller-5] [INFO] [1732631457.620363538] [drone_home1.sim]: Current Yaw: -0.04407454330137801, target = 85.85569097614264
[controller-5] [INFO] [1732631457.621122284] [drone_home1.sim]: CurrentDiff: 85.92207950005673
[controller-5] [INFO] [1732631457.622063669] [drone_home1.sim]: Going to 1: 178243.03 meters
[controller-5] [INFO] [1732631457.670340167] [drone_home1.sim]: Current Yaw: -0.04407454330137801, target = 85.85569097614264
[controller-5] [INFO] [1732631457.671039354] [drone_home1.sim]: CurrentDiff: 85.92207950005673
[controller-5] [INFO] [1732631457.671900383] [drone_home1.sim]: Going to 1: 178243.03 meters
[controller-5] [INFO] [1732631457.720363446] [drone_home1.sim]: Current Yaw: -0.04407454330137801, target = 85.85569097614264
[controller-5] [INFO] [1732631457.721098487] [drone_home1.sim]: CurrentDiff: 85.92207950005673
[controller-5] [INFO] [1732631457.722022445] [drone_home1.sim]: Going to 1: 178243.03 meters
[controller-5] [INFO] [1732631457.770315388] [drone_home1.sim]: Current Yaw: -0.04407454330137801, target = 85.85569097614264
[controller-5] [INFO] [1732631457.771026094] [drone_home1.sim]: CurrentDiff: 85.92207950005673
[controller-5] [INFO] [1732631457.771913550] [drone_home1.sim]: Going to 1: 178243.03 meters
[controller-5] [INFO] [1732631457.820389522] [drone_home1.sim]: Current Yaw: -0.04407454330137801, target = 85.85569097614264
[controller-5] [INFO] [1732631457.821163269] [drone_home1.sim]: CurrentDiff: 85.92207950005673
[controller-5] [INFO] [1732631457.822095264] [drone_home1.sim]: Going to 1: 178243.03 meters
[controller-5] [INFO] [1732631457.870349168] [drone_home1.sim]: Current Yaw: -0.04407454330137801, target = 85.85569097614264
[controller-5] [INFO] [1732631457.871099617] [drone_home1.sim]: CurrentDiff: 85.92207950005673
[controller-5] [INFO] [1732631457.872081708] [drone_home1.sim]: Going to 1: 178243.03 meters
[controller-5] [INFO] [1732631457.920371911] [drone_home1.sim]: Current Yaw: -0.04407454330137801, target = 85.85569097614264
[controller-5] [INFO] [1732631457.921095506] [drone_home1.sim]: CurrentDiff: 85.92207950005673
[controller-5] [INFO] [1732631457.922010408] [drone_home1.sim]: Going to 1: 178243.03 meters
