[INFO] [launch]: All log files can be found below /root/.ros/log/2025-02-19-19-59-02-083843-drone-home-1214
[INFO] [launch]: Default logging verbosity is set to INFO
[INFO] [cv_controller-1]: process started with pid [1216]
[INFO] [controller-2]: process started with pid [1218]
[INFO] [pwm_publisher-3]: process started with pid [1220]
[INFO] [gps_publisher-4]: process started with pid [1222]
[INFO] [imu_publisher-5]: process started with pid [1224]
[INFO] [drive_hardware-6]: process started with pid [1226]
[cv_controller-1] [INFO] [1740013143.067642292] [drone_home1.sim]: CV Controller running
[controller-2] [INFO] [1740013143.163818847] [drone_home1.controller]: Controller running
[imu_publisher-5] [INFO] [1740013144.580709882] [drone_home1.imu_publisher]: Calibration status: (True, 'Calibration (sys:0, gyro:0, accel:3, mag:0)')
[controller-2] [INFO] [1740013146.752762184] [drone_home1.controller]: Service request to change coordinate custom_messages.srv.SetCoordinate_Request(new_coordinate=sensor_msgs.msg.NavSatFix(header=std_msgs.msg.Header(stamp=builtin_interfaces.msg.Time(sec=0, nanosec=0), frame_id=''), status=sensor_msgs.msg.NavSatStatus(status=0, service=0), latitude=29.644907, longitude=-82.350412, altitude=0.0, position_covariance=array([0., 0., 0., 0., 0., 0., 0., 0., 0.]), position_covariance_type=0))
[controller-2] [INFO] [1740013146.754519195] [drone_home1.controller]: Waypoints now: [(29.644907, -82.350412)]
[drive_hardware-6] [INFO] [1740013146.809645880] [drone_home1.drive_hardware]: Service request to change drive mode custom_messages.srv.SetMode_Request(mode='automatic')
[drive_hardware-6] [INFO] [1740013146.810849649] [drone_home1.drive_hardware]: Drive mode now: automatic
[drive_hardware-6] [INFO] [1740013233.428614093] [drone_home1.drive_hardware]: Service request to change drive mode custom_messages.srv.SetMode_Request(mode='manual')
[drive_hardware-6] [INFO] [1740013233.429849603] [drone_home1.drive_hardware]: Drive mode now: manual
[drive_hardware-6] [INFO] [1740013234.531005446] [drone_home1.drive_hardware]: Service request to change drive mode custom_messages.srv.SetMode_Request(mode='automatic')
[drive_hardware-6] [INFO] [1740013234.532597642] [drone_home1.drive_hardware]: Drive mode now: automatic
[controller-2] [INFO] [1740013248.569951583] [drone_home1.controller]: Service request to change coordinate custom_messages.srv.SetCoordinate_Request(new_coordinate=sensor_msgs.msg.NavSatFix(header=std_msgs.msg.Header(stamp=builtin_interfaces.msg.Time(sec=0, nanosec=0), frame_id=''), status=sensor_msgs.msg.NavSatStatus(status=0, service=0), latitude=29.63, longitude=-82.36, altitude=0.0, position_covariance=array([0., 0., 0., 0., 0., 0., 0., 0., 0.]), position_covariance_type=0))
[controller-2] [INFO] [1740013248.571000587] [drone_home1.controller]: Waypoints now: [(29.63, -82.36)]
[controller-2] [INFO] [1740013389.878738742] [drone_home1.controller]: Service request to change coordinate custom_messages.srv.SetCoordinate_Request(new_coordinate=sensor_msgs.msg.NavSatFix(header=std_msgs.msg.Header(stamp=builtin_interfaces.msg.Time(sec=0, nanosec=0), frame_id=''), status=sensor_msgs.msg.NavSatStatus(status=0, service=0), latitude=29.63, longitude=-82.36, altitude=0.0, position_covariance=array([0., 0., 0., 0., 0., 0., 0., 0., 0.]), position_covariance_type=0))
[controller-2] [INFO] [1740013389.881230770] [drone_home1.controller]: Waypoints now: [(29.63, -82.36)]
[drive_hardware-6] [INFO] [1740013389.988336854] [drone_home1.drive_hardware]: Service request to change drive mode custom_messages.srv.SetMode_Request(mode='automatic')
[drive_hardware-6] [INFO] [1740013389.989920144] [drone_home1.drive_hardware]: Drive mode now: automatic
[controller-2] [INFO] [1740013449.697969622] [drone_home1.controller]: Service request to change coordinate custom_messages.srv.SetCoordinate_Request(new_coordinate=sensor_msgs.msg.NavSatFix(header=std_msgs.msg.Header(stamp=builtin_interfaces.msg.Time(sec=0, nanosec=0), frame_id=''), status=sensor_msgs.msg.NavSatStatus(status=0, service=0), latitude=29.63, longitude=-82.36, altitude=0.0, position_covariance=array([0., 0., 0., 0., 0., 0., 0., 0., 0.]), position_covariance_type=0))
[controller-2] [INFO] [1740013449.699978717] [drone_home1.controller]: Waypoints now: [(29.63, -82.36)]
[drive_hardware-6] [INFO] [1740013449.706175895] [drone_home1.drive_hardware]: Service request to change drive mode custom_messages.srv.SetMode_Request(mode='automatic')
[drive_hardware-6] [INFO] [1740013449.707812528] [drone_home1.drive_hardware]: Drive mode now: automatic
[controller-2] [INFO] [1740013509.820211706] [drone_home1.controller]: Service request to change coordinate custom_messages.srv.SetCoordinate_Request(new_coordinate=sensor_msgs.msg.NavSatFix(header=std_msgs.msg.Header(stamp=builtin_interfaces.msg.Time(sec=0, nanosec=0), frame_id=''), status=sensor_msgs.msg.NavSatStatus(status=0, service=0), latitude=29.63, longitude=-82.36, altitude=0.0, position_covariance=array([0., 0., 0., 0., 0., 0., 0., 0., 0.]), position_covariance_type=0))
[controller-2] [INFO] [1740013509.822332833] [drone_home1.controller]: Waypoints now: [(29.63, -82.36)]
[drive_hardware-6] [INFO] [1740013509.829209031] [drone_home1.drive_hardware]: Service request to change drive mode custom_messages.srv.SetMode_Request(mode='automatic')
[drive_hardware-6] [INFO] [1740013509.830750683] [drone_home1.drive_hardware]: Drive mode now: automatic
[controller-2] [INFO] [1740013563.624019839] [drone_home1.controller]: Service request to change coordinate custom_messages.srv.SetCoordinate_Request(new_coordinate=sensor_msgs.msg.NavSatFix(header=std_msgs.msg.Header(stamp=builtin_interfaces.msg.Time(sec=0, nanosec=0), frame_id=''), status=sensor_msgs.msg.NavSatStatus(status=0, service=0), latitude=29.63, longitude=-82.36, altitude=0.0, position_covariance=array([0., 0., 0., 0., 0., 0., 0., 0., 0.]), position_covariance_type=0))
[controller-2] [INFO] [1740013563.625550704] [drone_home1.controller]: Waypoints now: [(29.63, -82.36)]
[drive_hardware-6] [INFO] [1740013563.773984559] [drone_home1.drive_hardware]: Service request to change drive mode custom_messages.srv.SetMode_Request(mode='automatic')
[drive_hardware-6] [INFO] [1740013563.775817994] [drone_home1.drive_hardware]: Drive mode now: automatic
[controller-2] [INFO] [1740013638.857296991] [drone_home1.controller]: Service request to change coordinate custom_messages.srv.SetCoordinate_Request(new_coordinate=sensor_msgs.msg.NavSatFix(header=std_msgs.msg.Header(stamp=builtin_interfaces.msg.Time(sec=0, nanosec=0), frame_id=''), status=sensor_msgs.msg.NavSatStatus(status=0, service=0), latitude=29.63, longitude=-82.36, altitude=0.0, position_covariance=array([0., 0., 0., 0., 0., 0., 0., 0., 0.]), position_covariance_type=0))
[controller-2] [INFO] [1740013638.859050164] [drone_home1.controller]: Waypoints now: [(29.63, -82.36)]
[drive_hardware-6] [INFO] [1740013638.869470834] [drone_home1.drive_hardware]: Service request to change drive mode custom_messages.srv.SetMode_Request(mode='automatic')
[drive_hardware-6] [INFO] [1740013638.871101635] [drone_home1.drive_hardware]: Drive mode now: automatic
[controller-2] [INFO] [1740014034.741436471] [drone_home1.controller]: Service request to change coordinate custom_messages.srv.SetCoordinate_Request(new_coordinate=sensor_msgs.msg.NavSatFix(header=std_msgs.msg.Header(stamp=builtin_interfaces.msg.Time(sec=0, nanosec=0), frame_id=''), status=sensor_msgs.msg.NavSatStatus(status=0, service=0), latitude=29.63, longitude=-82.36, altitude=0.0, position_covariance=array([0., 0., 0., 0., 0., 0., 0., 0., 0.]), position_covariance_type=0))
[controller-2] [INFO] [1740014034.743466633] [drone_home1.controller]: Waypoints now: [(29.63, -82.36)]
[drive_hardware-6] [INFO] [1740014034.749640290] [drone_home1.drive_hardware]: Service request to change drive mode custom_messages.srv.SetMode_Request(mode='automatic')
[drive_hardware-6] [INFO] [1740014034.751505008] [drone_home1.drive_hardware]: Drive mode now: automatic
[controller-2] [INFO] [1740014244.885525732] [drone_home1.controller]: Service request to change coordinate custom_messages.srv.SetCoordinate_Request(new_coordinate=sensor_msgs.msg.NavSatFix(header=std_msgs.msg.Header(stamp=builtin_interfaces.msg.Time(sec=0, nanosec=0), frame_id=''), status=sensor_msgs.msg.NavSatStatus(status=0, service=0), latitude=29.63, longitude=-82.36, altitude=0.0, position_covariance=array([0., 0., 0., 0., 0., 0., 0., 0., 0.]), position_covariance_type=0))
[controller-2] [INFO] [1740014244.887832953] [drone_home1.controller]: Waypoints now: [(29.63, -82.36)]
[drive_hardware-6] [INFO] [1740014244.991667898] [drone_home1.drive_hardware]: Service request to change drive mode custom_messages.srv.SetMode_Request(mode='automatic')
[drive_hardware-6] [INFO] [1740014244.992427019] [drone_home1.drive_hardware]: Drive mode now: automatic
[controller-2] [INFO] [1740014433.872568474] [drone_home1.controller]: Service request to change coordinate custom_messages.srv.SetCoordinate_Request(new_coordinate=sensor_msgs.msg.NavSatFix(header=std_msgs.msg.Header(stamp=builtin_interfaces.msg.Time(sec=0, nanosec=0), frame_id=''), status=sensor_msgs.msg.NavSatStatus(status=0, service=0), latitude=29.63, longitude=-82.36, altitude=0.0, position_covariance=array([0., 0., 0., 0., 0., 0., 0., 0., 0.]), position_covariance_type=0))
[controller-2] [INFO] [1740014433.874256639] [drone_home1.controller]: Waypoints now: [(29.63, -82.36)]
[drive_hardware-6] [INFO] [1740014434.002725465] [drone_home1.drive_hardware]: Service request to change drive mode custom_messages.srv.SetMode_Request(mode='automatic')
[drive_hardware-6] [INFO] [1740014434.004237626] [drone_home1.drive_hardware]: Drive mode now: automatic
[controller-2] [INFO] [1740014502.706913361] [drone_home1.controller]: Service request to change coordinate custom_messages.srv.SetCoordinate_Request(new_coordinate=sensor_msgs.msg.NavSatFix(header=std_msgs.msg.Header(stamp=builtin_interfaces.msg.Time(sec=0, nanosec=0), frame_id=''), status=sensor_msgs.msg.NavSatStatus(status=0, service=0), latitude=29.63, longitude=-82.36, altitude=0.0, position_covariance=array([0., 0., 0., 0., 0., 0., 0., 0., 0.]), position_covariance_type=0))
[controller-2] [INFO] [1740014502.708526132] [drone_home1.controller]: Waypoints now: [(29.63, -82.36)]
[drive_hardware-6] [INFO] [1740014502.825249737] [drone_home1.drive_hardware]: Service request to change drive mode custom_messages.srv.SetMode_Request(mode='automatic')
[drive_hardware-6] [INFO] [1740014502.826021434] [drone_home1.drive_hardware]: Drive mode now: automatic
[controller-2] [INFO] [1740014898.681988910] [drone_home1.controller]: Service request to change coordinate custom_messages.srv.SetCoordinate_Request(new_coordinate=sensor_msgs.msg.NavSatFix(header=std_msgs.msg.Header(stamp=builtin_interfaces.msg.Time(sec=0, nanosec=0), frame_id=''), status=sensor_msgs.msg.NavSatStatus(status=0, service=0), latitude=29.63, longitude=-82.36, altitude=0.0, position_covariance=array([0., 0., 0., 0., 0., 0., 0., 0., 0.]), position_covariance_type=0))
[controller-2] [INFO] [1740014898.683169928] [drone_home1.controller]: Waypoints now: [(29.63, -82.36)]
[drive_hardware-6] [INFO] [1740014898.698049320] [drone_home1.drive_hardware]: Service request to change drive mode custom_messages.srv.SetMode_Request(mode='automatic')
[drive_hardware-6] [INFO] [1740014898.700199653] [drone_home1.drive_hardware]: Drive mode now: automatic
[controller-2] [INFO] [1740014973.782627442] [drone_home1.controller]: Service request to change coordinate custom_messages.srv.SetCoordinate_Request(new_coordinate=sensor_msgs.msg.NavSatFix(header=std_msgs.msg.Header(stamp=builtin_interfaces.msg.Time(sec=0, nanosec=0), frame_id=''), status=sensor_msgs.msg.NavSatStatus(status=0, service=0), latitude=29.63, longitude=-82.36, altitude=0.0, position_covariance=array([0., 0., 0., 0., 0., 0., 0., 0., 0.]), position_covariance_type=0))
[controller-2] [INFO] [1740014973.784173859] [drone_home1.controller]: Waypoints now: [(29.63, -82.36)]
[drive_hardware-6] [INFO] [1740014973.791069705] [drone_home1.drive_hardware]: Service request to change drive mode custom_messages.srv.SetMode_Request(mode='automatic')
[drive_hardware-6] [INFO] [1740014973.792634972] [drone_home1.drive_hardware]: Drive mode now: automatic
[controller-2] [INFO] [1740015042.782244353] [drone_home1.controller]: Service request to change coordinate custom_messages.srv.SetCoordinate_Request(new_coordinate=sensor_msgs.msg.NavSatFix(header=std_msgs.msg.Header(stamp=builtin_interfaces.msg.Time(sec=0, nanosec=0), frame_id=''), status=sensor_msgs.msg.NavSatStatus(status=0, service=0), latitude=29.63, longitude=-82.36, altitude=0.0, position_covariance=array([0., 0., 0., 0., 0., 0., 0., 0., 0.]), position_covariance_type=0))
[controller-2] [INFO] [1740015042.783791590] [drone_home1.controller]: Waypoints now: [(29.63, -82.36)]
[drive_hardware-6] [INFO] [1740015042.791550212] [drone_home1.drive_hardware]: Service request to change drive mode custom_messages.srv.SetMode_Request(mode='automatic')
[drive_hardware-6] [INFO] [1740015042.793236373] [drone_home1.drive_hardware]: Drive mode now: automatic
[controller-2] [INFO] [1740015162.933040597] [drone_home1.controller]: Service request to change coordinate custom_messages.srv.SetCoordinate_Request(new_coordinate=sensor_msgs.msg.NavSatFix(header=std_msgs.msg.Header(stamp=builtin_interfaces.msg.Time(sec=0, nanosec=0), frame_id=''), status=sensor_msgs.msg.NavSatStatus(status=0, service=0), latitude=29.63, longitude=-82.36, altitude=0.0, position_covariance=array([0., 0., 0., 0., 0., 0., 0., 0., 0.]), position_covariance_type=0))
[controller-2] [INFO] [1740015162.933934233] [drone_home1.controller]: Waypoints now: [(29.63, -82.36)]
[drive_hardware-6] [INFO] [1740015162.941360680] [drone_home1.drive_hardware]: Service request to change drive mode custom_messages.srv.SetMode_Request(mode='automatic')
[drive_hardware-6] [INFO] [1740015162.942917597] [drone_home1.drive_hardware]: Drive mode now: automatic
[controller-2] [INFO] [1740015219.874751283] [drone_home1.controller]: Service request to change coordinate custom_messages.srv.SetCoordinate_Request(new_coordinate=sensor_msgs.msg.NavSatFix(header=std_msgs.msg.Header(stamp=builtin_interfaces.msg.Time(sec=0, nanosec=0), frame_id=''), status=sensor_msgs.msg.NavSatStatus(status=0, service=0), latitude=29.63, longitude=-82.36, altitude=0.0, position_covariance=array([0., 0., 0., 0., 0., 0., 0., 0., 0.]), position_covariance_type=0))
[controller-2] [INFO] [1740015219.876362790] [drone_home1.controller]: Waypoints now: [(29.63, -82.36)]
[drive_hardware-6] [INFO] [1740015219.882706376] [drone_home1.drive_hardware]: Service request to change drive mode custom_messages.srv.SetMode_Request(mode='automatic')
[drive_hardware-6] [INFO] [1740015219.883451325] [drone_home1.drive_hardware]: Drive mode now: automatic
[controller-2] [INFO] [1740015371.013422207] [drone_home1.controller]: Service request to change coordinate custom_messages.srv.SetCoordinate_Request(new_coordinate=sensor_msgs.msg.NavSatFix(header=std_msgs.msg.Header(stamp=builtin_interfaces.msg.Time(sec=0, nanosec=0), frame_id=''), status=sensor_msgs.msg.NavSatStatus(status=0, service=0), latitude=29.63, longitude=-82.36, altitude=0.0, position_covariance=array([0., 0., 0., 0., 0., 0., 0., 0., 0.]), position_covariance_type=0))
[controller-2] [INFO] [1740015371.014991743] [drone_home1.controller]: Waypoints now: [(29.63, -82.36)]
[drive_hardware-6] [INFO] [1740015371.139083792] [drone_home1.drive_hardware]: Service request to change drive mode custom_messages.srv.SetMode_Request(mode='automatic')
[drive_hardware-6] [INFO] [1740015371.139912771] [drone_home1.drive_hardware]: Drive mode now: automatic
[controller-2] [INFO] [1740015409.547927514] [drone_home1.controller]: Service request to change coordinate custom_messages.srv.SetCoordinate_Request(new_coordinate=sensor_msgs.msg.NavSatFix(header=std_msgs.msg.Header(stamp=builtin_interfaces.msg.Time(sec=0, nanosec=0), frame_id=''), status=sensor_msgs.msg.NavSatStatus(status=0, service=0), latitude=29.632, longitude=-82.3623, altitude=0.0, position_covariance=array([0., 0., 0., 0., 0., 0., 0., 0., 0.]), position_covariance_type=0))
[controller-2] [INFO] [1740015409.549366032] [drone_home1.controller]: Waypoints now: [(29.632, -82.3623)]
[controller-2] [INFO] [1740016257.809026400] [drone_home1.controller]: Service request to change coordinate custom_messages.srv.SetCoordinate_Request(new_coordinate=sensor_msgs.msg.NavSatFix(header=std_msgs.msg.Header(stamp=builtin_interfaces.msg.Time(sec=0, nanosec=0), frame_id=''), status=sensor_msgs.msg.NavSatStatus(status=0, service=0), latitude=29.632, longitude=-82.3623, altitude=0.0, position_covariance=array([0., 0., 0., 0., 0., 0., 0., 0., 0.]), position_covariance_type=0))
[controller-2] [INFO] [1740016257.810633406] [drone_home1.controller]: Waypoints now: [(29.632, -82.3623)]
[drive_hardware-6] [INFO] [1740016257.927508328] [drone_home1.drive_hardware]: Service request to change drive mode custom_messages.srv.SetMode_Request(mode='automatic')
[drive_hardware-6] [INFO] [1740016257.929043011] [drone_home1.drive_hardware]: Drive mode now: automatic
[controller-2] [INFO] [1740016359.991009049] [drone_home1.controller]: Service request to change coordinate custom_messages.srv.SetCoordinate_Request(new_coordinate=sensor_msgs.msg.NavSatFix(header=std_msgs.msg.Header(stamp=builtin_interfaces.msg.Time(sec=0, nanosec=0), frame_id=''), status=sensor_msgs.msg.NavSatStatus(status=0, service=0), latitude=29.632, longitude=-82.3623, altitude=0.0, position_covariance=array([0., 0., 0., 0., 0., 0., 0., 0., 0.]), position_covariance_type=0))
[controller-2] [INFO] [1740016359.992783357] [drone_home1.controller]: Waypoints now: [(29.632, -82.3623)]
[drive_hardware-6] [INFO] [1740016359.998315023] [drone_home1.drive_hardware]: Service request to change drive mode custom_messages.srv.SetMode_Request(mode='automatic')
[drive_hardware-6] [INFO] [1740016360.000559301] [drone_home1.drive_hardware]: Drive mode now: automatic
[controller-2] [INFO] [1740016441.297755437] [drone_home1.controller]: Service request to change coordinate custom_messages.srv.SetCoordinate_Request(new_coordinate=sensor_msgs.msg.NavSatFix(header=std_msgs.msg.Header(stamp=builtin_interfaces.msg.Time(sec=0, nanosec=0), frame_id=''), status=sensor_msgs.msg.NavSatStatus(status=0, service=0), latitude=29.632, longitude=-82.3623, altitude=0.0, position_covariance=array([0., 0., 0., 0., 0., 0., 0., 0., 0.]), position_covariance_type=0))
[controller-2] [INFO] [1740016441.299270150] [drone_home1.controller]: Waypoints now: [(29.632, -82.3623)]
[drive_hardware-6] [INFO] [1740016441.403605966] [drone_home1.drive_hardware]: Service request to change drive mode custom_messages.srv.SetMode_Request(mode='automatic')
[drive_hardware-6] [INFO] [1740016441.404352234] [drone_home1.drive_hardware]: Drive mode now: automatic
[controller-2] [INFO] [1740016513.790019316] [drone_home1.controller]: Service request to change coordinate custom_messages.srv.SetCoordinate_Request(new_coordinate=sensor_msgs.msg.NavSatFix(header=std_msgs.msg.Header(stamp=builtin_interfaces.msg.Time(sec=0, nanosec=0), frame_id=''), status=sensor_msgs.msg.NavSatStatus(status=0, service=0), latitude=29.632, longitude=-82.3623, altitude=0.0, position_covariance=array([0., 0., 0., 0., 0., 0., 0., 0., 0.]), position_covariance_type=0))
[controller-2] [INFO] [1740016513.790908757] [drone_home1.controller]: Waypoints now: [(29.632, -82.3623)]
[drive_hardware-6] [INFO] [1740016513.885354368] [drone_home1.drive_hardware]: Service request to change drive mode custom_messages.srv.SetMode_Request(mode='automatic')
[drive_hardware-6] [INFO] [1740016513.886088539] [drone_home1.drive_hardware]: Drive mode now: automatic
[controller-2] [INFO] [1740016606.055258955] [drone_home1.controller]: Service request to change coordinate custom_messages.srv.SetCoordinate_Request(new_coordinate=sensor_msgs.msg.NavSatFix(header=std_msgs.msg.Header(stamp=builtin_interfaces.msg.Time(sec=0, nanosec=0), frame_id=''), status=sensor_msgs.msg.NavSatStatus(status=0, service=0), latitude=29.632, longitude=-82.3623, altitude=0.0, position_covariance=array([0., 0., 0., 0., 0., 0., 0., 0., 0.]), position_covariance_type=0))
[controller-2] [INFO] [1740016606.056855173] [drone_home1.controller]: Waypoints now: [(29.632, -82.3623)]
[drive_hardware-6] [INFO] [1740016606.063445558] [drone_home1.drive_hardware]: Service request to change drive mode custom_messages.srv.SetMode_Request(mode='automatic')
[drive_hardware-6] [INFO] [1740016606.065108915] [drone_home1.drive_hardware]: Drive mode now: automatic
[controller-2] [INFO] [1740016666.098927635] [drone_home1.controller]: Service request to change coordinate custom_messages.srv.SetCoordinate_Request(new_coordinate=sensor_msgs.msg.NavSatFix(header=std_msgs.msg.Header(stamp=builtin_interfaces.msg.Time(sec=0, nanosec=0), frame_id=''), status=sensor_msgs.msg.NavSatStatus(status=0, service=0), latitude=29.632, longitude=-82.3623, altitude=0.0, position_covariance=array([0., 0., 0., 0., 0., 0., 0., 0., 0.]), position_covariance_type=0))
[controller-2] [INFO] [1740016666.101204614] [drone_home1.controller]: Waypoints now: [(29.632, -82.3623)]
[drive_hardware-6] [INFO] [1740016666.108735831] [drone_home1.drive_hardware]: Service request to change drive mode custom_messages.srv.SetMode_Request(mode='automatic')
[drive_hardware-6] [INFO] [1740016666.110452597] [drone_home1.drive_hardware]: Drive mode now: automatic
[controller-2] [INFO] [1740016707.844019573] [drone_home1.controller]: Service request to change coordinate custom_messages.srv.SetCoordinate_Request(new_coordinate=sensor_msgs.msg.NavSatFix(header=std_msgs.msg.Header(stamp=builtin_interfaces.msg.Time(sec=0, nanosec=0), frame_id=''), status=sensor_msgs.msg.NavSatStatus(status=0, service=0), latitude=29.632, longitude=-82.3623, altitude=0.0, position_covariance=array([0., 0., 0., 0., 0., 0., 0., 0., 0.]), position_covariance_type=0))
[controller-2] [INFO] [1740016707.845648880] [drone_home1.controller]: Waypoints now: [(29.632, -82.3623)]
[drive_hardware-6] [INFO] [1740016707.853296740] [drone_home1.drive_hardware]: Service request to change drive mode custom_messages.srv.SetMode_Request(mode='automatic')
[drive_hardware-6] [INFO] [1740016707.854872605] [drone_home1.drive_hardware]: Drive mode now: automatic
[controller-2] [INFO] [1740016901.980353087] [drone_home1.controller]: Service request to change coordinate custom_messages.srv.SetCoordinate_Request(new_coordinate=sensor_msgs.msg.NavSatFix(header=std_msgs.msg.Header(stamp=builtin_interfaces.msg.Time(sec=0, nanosec=0), frame_id=''), status=sensor_msgs.msg.NavSatStatus(status=0, service=0), latitude=29.632, longitude=-82.3623, altitude=0.0, position_covariance=array([0., 0., 0., 0., 0., 0., 0., 0., 0.]), position_covariance_type=0))
[controller-2] [INFO] [1740016901.982269838] [drone_home1.controller]: Waypoints now: [(29.632, -82.3623)]
[drive_hardware-6] [INFO] [1740016902.107699637] [drone_home1.drive_hardware]: Service request to change drive mode custom_messages.srv.SetMode_Request(mode='automatic')
[drive_hardware-6] [INFO] [1740016902.109293681] [drone_home1.drive_hardware]: Drive mode now: automatic
[controller-2] [INFO] [1740017113.208436928] [drone_home1.controller]: Service request to change coordinate custom_messages.srv.SetCoordinate_Request(new_coordinate=sensor_msgs.msg.NavSatFix(header=std_msgs.msg.Header(stamp=builtin_interfaces.msg.Time(sec=0, nanosec=0), frame_id=''), status=sensor_msgs.msg.NavSatStatus(status=0, service=0), latitude=29.632, longitude=-82.3623, altitude=0.0, position_covariance=array([0., 0., 0., 0., 0., 0., 0., 0., 0.]), position_covariance_type=0))
[controller-2] [INFO] [1740017113.210123446] [drone_home1.controller]: Waypoints now: [(29.632, -82.3623)]
[drive_hardware-6] [INFO] [1740017113.324933919] [drone_home1.drive_hardware]: Service request to change drive mode custom_messages.srv.SetMode_Request(mode='automatic')
[drive_hardware-6] [INFO] [1740017113.326448716] [drone_home1.drive_hardware]: Drive mode now: automatic
[controller-2] [INFO] [1740017392.217279191] [drone_home1.controller]: Service request to change coordinate custom_messages.srv.SetCoordinate_Request(new_coordinate=sensor_msgs.msg.NavSatFix(header=std_msgs.msg.Header(stamp=builtin_interfaces.msg.Time(sec=0, nanosec=0), frame_id=''), status=sensor_msgs.msg.NavSatStatus(status=0, service=0), latitude=29.632, longitude=-82.3623, altitude=0.0, position_covariance=array([0., 0., 0., 0., 0., 0., 0., 0., 0.]), position_covariance_type=0))
[controller-2] [INFO] [1740017392.219076904] [drone_home1.controller]: Waypoints now: [(29.632, -82.3623)]
[drive_hardware-6] [INFO] [1740017392.348156844] [drone_home1.drive_hardware]: Service request to change drive mode custom_messages.srv.SetMode_Request(mode='automatic')
[drive_hardware-6] [INFO] [1740017392.348947632] [drone_home1.drive_hardware]: Drive mode now: automatic
[controller-2] [INFO] [1740017457.820313384] [drone_home1.controller]: Service request to change coordinate custom_messages.srv.SetCoordinate_Request(new_coordinate=sensor_msgs.msg.NavSatFix(header=std_msgs.msg.Header(stamp=builtin_interfaces.msg.Time(sec=0, nanosec=0), frame_id=''), status=sensor_msgs.msg.NavSatStatus(status=0, service=0), latitude=29.632, longitude=-82.3623, altitude=0.0, position_covariance=array([0., 0., 0., 0., 0., 0., 0., 0., 0.]), position_covariance_type=0))
[controller-2] [INFO] [1740017457.822332513] [drone_home1.controller]: Waypoints now: [(29.632, -82.3623)]
[drive_hardware-6] [INFO] [1740017457.929327390] [drone_home1.drive_hardware]: Service request to change drive mode custom_messages.srv.SetMode_Request(mode='automatic')
[drive_hardware-6] [INFO] [1740017457.930060766] [drone_home1.drive_hardware]: Drive mode now: automatic
[controller-2] [INFO] [1740017544.818469123] [drone_home1.controller]: Service request to change coordinate custom_messages.srv.SetCoordinate_Request(new_coordinate=sensor_msgs.msg.NavSatFix(header=std_msgs.msg.Header(stamp=builtin_interfaces.msg.Time(sec=0, nanosec=0), frame_id=''), status=sensor_msgs.msg.NavSatStatus(status=0, service=0), latitude=29.632, longitude=-82.3623, altitude=0.0, position_covariance=array([0., 0., 0., 0., 0., 0., 0., 0., 0.]), position_covariance_type=0))
[controller-2] [INFO] [1740017544.821389824] [drone_home1.controller]: Waypoints now: [(29.632, -82.3623)]
[drive_hardware-6] [INFO] [1740017544.934151292] [drone_home1.drive_hardware]: Service request to change drive mode custom_messages.srv.SetMode_Request(mode='automatic')
[drive_hardware-6] [INFO] [1740017544.934900700] [drone_home1.drive_hardware]: Drive mode now: automatic
