[INFO] [launch]: All log files can be found below /root/.ros/log/2025-03-25-11-30-06-457644-drone-home-276
[INFO] [launch]: Default logging verbosity is set to INFO
[INFO] [cv_controller-1]: process started with pid [278]
[INFO] [controller-2]: process started with pid [280]
[INFO] [pwm_publisher-3]: process started with pid [282]
[INFO] [gps_publisher-4]: process started with pid [284]
[INFO] [imu_publisher-5]: process started with pid [286]
[INFO] [drive_hardware-6]: process started with pid [288]
[controller-2] [INFO] [1742916607.929131649] [drone_home1.controller]: Controller running
[cv_controller-1] [INFO] [1742916607.965459181] [drone_home1.sim]: CV Controller running
[imu_publisher-5] [INFO] [1742916609.446963717] [drone_home1.imu_publisher]: Calibration status: (True, 'Calibration (sys:0, gyro:0, accel:3, mag:0)')
[controller-2] [INFO] [1742916614.245441068] [drone_home1.controller]: Service request to change coordinate custom_messages.srv.SetCoordinate_Request(new_coordinate=sensor_msgs.msg.NavSatFix(header=std_msgs.msg.Header(stamp=builtin_interfaces.msg.Time(sec=0, nanosec=0), frame_id=''), status=sensor_msgs.msg.NavSatStatus(status=0, service=0), latitude=29.64736, longitude=-82.34719, altitude=0.0, position_covariance=array([0., 0., 0., 0., 0., 0., 0., 0., 0.]), position_covariance_type=0))
[controller-2] [INFO] [1742916614.251185361] [drone_home1.controller]: Waypoints now: [(29.64736, -82.34719)]
[drive_hardware-6] [INFO] [1742916614.401393189] [drone_home1.drive_hardware]: Service request to change drive mode custom_messages.srv.SetMode_Request(mode='manual')
[drive_hardware-6] [INFO] [1742916614.404561060] [drone_home1.drive_hardware]: Drive mode now: manual
[controller-2] [INFO] [1742918748.304848050] [drone_home1.controller]: Service request to change coordinate custom_messages.srv.SetCoordinate_Request(new_coordinate=sensor_msgs.msg.NavSatFix(header=std_msgs.msg.Header(stamp=builtin_interfaces.msg.Time(sec=0, nanosec=0), frame_id=''), status=sensor_msgs.msg.NavSatStatus(status=0, service=0), latitude=29.64736, longitude=-82.34719, altitude=0.0, position_covariance=array([0., 0., 0., 0., 0., 0., 0., 0., 0.]), position_covariance_type=0))
[controller-2] [INFO] [1742918748.306223412] [drone_home1.controller]: Waypoints now: [(29.64736, -82.34719)]
[drive_hardware-6] [INFO] [1742918748.415463303] [drone_home1.drive_hardware]: Service request to change drive mode custom_messages.srv.SetMode_Request(mode='manual')
[drive_hardware-6] [INFO] [1742918748.417303125] [drone_home1.drive_hardware]: Drive mode now: manual
[controller-2] [INFO] [1742918946.838259446] [drone_home1.controller]: Service request to change coordinate custom_messages.srv.SetCoordinate_Request(new_coordinate=sensor_msgs.msg.NavSatFix(header=std_msgs.msg.Header(stamp=builtin_interfaces.msg.Time(sec=0, nanosec=0), frame_id=''), status=sensor_msgs.msg.NavSatStatus(status=0, service=0), latitude=29.64736, longitude=-82.34719, altitude=0.0, position_covariance=array([0., 0., 0., 0., 0., 0., 0., 0., 0.]), position_covariance_type=0))
[controller-2] [INFO] [1742918946.839159434] [drone_home1.controller]: Waypoints now: [(29.64736, -82.34719)]
[drive_hardware-6] [INFO] [1742918946.946899685] [drone_home1.drive_hardware]: Service request to change drive mode custom_messages.srv.SetMode_Request(mode='manual')
[drive_hardware-6] [INFO] [1742918946.948590060] [drone_home1.drive_hardware]: Drive mode now: manual
[controller-2] [INFO] [1742919077.758579902] [drone_home1.controller]: Service request to change coordinate custom_messages.srv.SetCoordinate_Request(new_coordinate=sensor_msgs.msg.NavSatFix(header=std_msgs.msg.Header(stamp=builtin_interfaces.msg.Time(sec=0, nanosec=0), frame_id=''), status=sensor_msgs.msg.NavSatStatus(status=0, service=0), latitude=29.64736, longitude=-82.34719, altitude=0.0, position_covariance=array([0., 0., 0., 0., 0., 0., 0., 0., 0.]), position_covariance_type=0))
[controller-2] [INFO] [1742919077.760227554] [drone_home1.controller]: Waypoints now: [(29.64736, -82.34719)]
[drive_hardware-6] [INFO] [1742919077.886359306] [drone_home1.drive_hardware]: Service request to change drive mode custom_messages.srv.SetMode_Request(mode='manual')
[drive_hardware-6] [INFO] [1742919077.887905900] [drone_home1.drive_hardware]: Drive mode now: manual
[controller-2] [INFO] [1742919164.371562174] [drone_home1.controller]: Service request to change coordinate custom_messages.srv.SetCoordinate_Request(new_coordinate=sensor_msgs.msg.NavSatFix(header=std_msgs.msg.Header(stamp=builtin_interfaces.msg.Time(sec=0, nanosec=0), frame_id=''), status=sensor_msgs.msg.NavSatStatus(status=0, service=0), latitude=29.64736, longitude=-82.34719, altitude=0.0, position_covariance=array([0., 0., 0., 0., 0., 0., 0., 0., 0.]), position_covariance_type=0))
[controller-2] [INFO] [1742919164.373216194] [drone_home1.controller]: Waypoints now: [(29.64736, -82.34719)]
[drive_hardware-6] [INFO] [1742919164.491163932] [drone_home1.drive_hardware]: Service request to change drive mode custom_messages.srv.SetMode_Request(mode='manual')
[drive_hardware-6] [INFO] [1742919164.491999918] [drone_home1.drive_hardware]: Drive mode now: manual
[controller-2] [INFO] [1742919290.340267489] [drone_home1.controller]: Service request to change coordinate custom_messages.srv.SetCoordinate_Request(new_coordinate=sensor_msgs.msg.NavSatFix(header=std_msgs.msg.Header(stamp=builtin_interfaces.msg.Time(sec=0, nanosec=0), frame_id=''), status=sensor_msgs.msg.NavSatStatus(status=0, service=0), latitude=29.64736, longitude=-82.34719, altitude=0.0, position_covariance=array([0., 0., 0., 0., 0., 0., 0., 0., 0.]), position_covariance_type=0))
[controller-2] [INFO] [1742919290.342045606] [drone_home1.controller]: Waypoints now: [(29.64736, -82.34719)]
[drive_hardware-6] [INFO] [1742919290.458214357] [drone_home1.drive_hardware]: Service request to change drive mode custom_messages.srv.SetMode_Request(mode='manual')
[drive_hardware-6] [INFO] [1742919290.459759541] [drone_home1.drive_hardware]: Drive mode now: manual
[controller-2] [INFO] [1742919322.625717034] [drone_home1.controller]: Service request to change coordinate custom_messages.srv.SetCoordinate_Request(new_coordinate=sensor_msgs.msg.NavSatFix(header=std_msgs.msg.Header(stamp=builtin_interfaces.msg.Time(sec=0, nanosec=0), frame_id=''), status=sensor_msgs.msg.NavSatStatus(status=0, service=0), latitude=29.64736, longitude=-82.34719, altitude=0.0, position_covariance=array([0., 0., 0., 0., 0., 0., 0., 0., 0.]), position_covariance_type=0))
[controller-2] [INFO] [1742919322.627503247] [drone_home1.controller]: Waypoints now: [(29.64736, -82.34719)]
[drive_hardware-6] [INFO] [1742919322.738037883] [drone_home1.drive_hardware]: Service request to change drive mode custom_messages.srv.SetMode_Request(mode='manual')
[drive_hardware-6] [INFO] [1742919322.738870092] [drone_home1.drive_hardware]: Drive mode now: manual
[controller-2] [INFO] [1742919365.773401939] [drone_home1.controller]: Service request to change coordinate custom_messages.srv.SetCoordinate_Request(new_coordinate=sensor_msgs.msg.NavSatFix(header=std_msgs.msg.Header(stamp=builtin_interfaces.msg.Time(sec=0, nanosec=0), frame_id=''), status=sensor_msgs.msg.NavSatStatus(status=0, service=0), latitude=29.64736, longitude=-82.34719, altitude=0.0, position_covariance=array([0., 0., 0., 0., 0., 0., 0., 0., 0.]), position_covariance_type=0))
[controller-2] [INFO] [1742919365.775187095] [drone_home1.controller]: Waypoints now: [(29.64736, -82.34719)]
[drive_hardware-6] [INFO] [1742919365.897517732] [drone_home1.drive_hardware]: Service request to change drive mode custom_messages.srv.SetMode_Request(mode='manual')
[drive_hardware-6] [INFO] [1742919365.899056675] [drone_home1.drive_hardware]: Drive mode now: manual
[controller-2] [INFO] [1742919641.609734618] [drone_home1.controller]: Service request to change coordinate custom_messages.srv.SetCoordinate_Request(new_coordinate=sensor_msgs.msg.NavSatFix(header=std_msgs.msg.Header(stamp=builtin_interfaces.msg.Time(sec=0, nanosec=0), frame_id=''), status=sensor_msgs.msg.NavSatStatus(status=0, service=0), latitude=29.64736, longitude=-82.34719, altitude=0.0, position_covariance=array([0., 0., 0., 0., 0., 0., 0., 0., 0.]), position_covariance_type=0))
[controller-2] [INFO] [1742919641.611393594] [drone_home1.controller]: Waypoints now: [(29.64736, -82.34719)]
[drive_hardware-6] [INFO] [1742919641.729820573] [drone_home1.drive_hardware]: Service request to change drive mode custom_messages.srv.SetMode_Request(mode='manual')
[drive_hardware-6] [INFO] [1742919641.731468893] [drone_home1.drive_hardware]: Drive mode now: manual
[controller-2] [INFO] [1742919767.272052505] [drone_home1.controller]: Service request to change coordinate custom_messages.srv.SetCoordinate_Request(new_coordinate=sensor_msgs.msg.NavSatFix(header=std_msgs.msg.Header(stamp=builtin_interfaces.msg.Time(sec=0, nanosec=0), frame_id=''), status=sensor_msgs.msg.NavSatStatus(status=0, service=0), latitude=29.64736, longitude=-82.34719, altitude=0.0, position_covariance=array([0., 0., 0., 0., 0., 0., 0., 0., 0.]), position_covariance_type=0))
[controller-2] [INFO] [1742919767.273718797] [drone_home1.controller]: Waypoints now: [(29.64736, -82.34719)]
[drive_hardware-6] [INFO] [1742919767.395878509] [drone_home1.drive_hardware]: Service request to change drive mode custom_messages.srv.SetMode_Request(mode='manual')
[drive_hardware-6] [INFO] [1742919767.396787070] [drone_home1.drive_hardware]: Drive mode now: manual
[controller-2] [INFO] [1742919893.429860587] [drone_home1.controller]: Service request to change coordinate custom_messages.srv.SetCoordinate_Request(new_coordinate=sensor_msgs.msg.NavSatFix(header=std_msgs.msg.Header(stamp=builtin_interfaces.msg.Time(sec=0, nanosec=0), frame_id=''), status=sensor_msgs.msg.NavSatStatus(status=0, service=0), latitude=29.64736, longitude=-82.34719, altitude=0.0, position_covariance=array([0., 0., 0., 0., 0., 0., 0., 0., 0.]), position_covariance_type=0))
[controller-2] [INFO] [1742919893.431632561] [drone_home1.controller]: Waypoints now: [(29.64736, -82.34719)]
[drive_hardware-6] [INFO] [1742919893.550133414] [drone_home1.drive_hardware]: Service request to change drive mode custom_messages.srv.SetMode_Request(mode='manual')
[drive_hardware-6] [INFO] [1742919893.551051948] [drone_home1.drive_hardware]: Drive mode now: manual
[controller-2] [INFO] [1742920061.666763415] [drone_home1.controller]: Service request to change coordinate custom_messages.srv.SetCoordinate_Request(new_coordinate=sensor_msgs.msg.NavSatFix(header=std_msgs.msg.Header(stamp=builtin_interfaces.msg.Time(sec=0, nanosec=0), frame_id=''), status=sensor_msgs.msg.NavSatStatus(status=0, service=0), latitude=29.64736, longitude=-82.34719, altitude=0.0, position_covariance=array([0., 0., 0., 0., 0., 0., 0., 0., 0.]), position_covariance_type=0))
[controller-2] [INFO] [1742920061.668496067] [drone_home1.controller]: Waypoints now: [(29.64736, -82.34719)]
[drive_hardware-6] [INFO] [1742920061.796215403] [drone_home1.drive_hardware]: Service request to change drive mode custom_messages.srv.SetMode_Request(mode='manual')
[drive_hardware-6] [INFO] [1742920061.798294283] [drone_home1.drive_hardware]: Drive mode now: manual
[controller-2] [INFO] [1742920102.830840867] [drone_home1.controller]: Service request to change coordinate custom_messages.srv.SetCoordinate_Request(new_coordinate=sensor_msgs.msg.NavSatFix(header=std_msgs.msg.Header(stamp=builtin_interfaces.msg.Time(sec=0, nanosec=0), frame_id=''), status=sensor_msgs.msg.NavSatStatus(status=0, service=0), latitude=29.64736, longitude=-82.34719, altitude=0.0, position_covariance=array([0., 0., 0., 0., 0., 0., 0., 0., 0.]), position_covariance_type=0))
[controller-2] [INFO] [1742920102.832923806] [drone_home1.controller]: Waypoints now: [(29.64736, -82.34719)]
[drive_hardware-6] [INFO] [1742920102.938326308] [drone_home1.drive_hardware]: Service request to change drive mode custom_messages.srv.SetMode_Request(mode='manual')
[drive_hardware-6] [INFO] [1742920102.939530059] [drone_home1.drive_hardware]: Drive mode now: manual
[controller-2] [INFO] [1742920151.433734592] [drone_home1.controller]: Service request to change coordinate custom_messages.srv.SetCoordinate_Request(new_coordinate=sensor_msgs.msg.NavSatFix(header=std_msgs.msg.Header(stamp=builtin_interfaces.msg.Time(sec=0, nanosec=0), frame_id=''), status=sensor_msgs.msg.NavSatStatus(status=0, service=0), latitude=29.64736, longitude=-82.34719, altitude=0.0, position_covariance=array([0., 0., 0., 0., 0., 0., 0., 0., 0.]), position_covariance_type=0))
[controller-2] [INFO] [1742920151.435297784] [drone_home1.controller]: Waypoints now: [(29.64736, -82.34719)]
[drive_hardware-6] [INFO] [1742920151.558017847] [drone_home1.drive_hardware]: Service request to change drive mode custom_messages.srv.SetMode_Request(mode='manual')
[drive_hardware-6] [INFO] [1742920151.559816796] [drone_home1.drive_hardware]: Drive mode now: manual
[controller-2] [INFO] [1742920209.553825668] [drone_home1.controller]: Service request to change coordinate custom_messages.srv.SetCoordinate_Request(new_coordinate=sensor_msgs.msg.NavSatFix(header=std_msgs.msg.Header(stamp=builtin_interfaces.msg.Time(sec=0, nanosec=0), frame_id=''), status=sensor_msgs.msg.NavSatStatus(status=0, service=0), latitude=29.64736, longitude=-82.34719, altitude=0.0, position_covariance=array([0., 0., 0., 0., 0., 0., 0., 0., 0.]), position_covariance_type=0))
[controller-2] [INFO] [1742920209.556198050] [drone_home1.controller]: Waypoints now: [(29.64736, -82.34719)]
[drive_hardware-6] [INFO] [1742920209.682153164] [drone_home1.drive_hardware]: Service request to change drive mode custom_messages.srv.SetMode_Request(mode='manual')
[drive_hardware-6] [INFO] [1742920209.683719167] [drone_home1.drive_hardware]: Drive mode now: manual
[controller-2] [INFO] [1742920274.561971492] [drone_home1.controller]: Service request to change coordinate custom_messages.srv.SetCoordinate_Request(new_coordinate=sensor_msgs.msg.NavSatFix(header=std_msgs.msg.Header(stamp=builtin_interfaces.msg.Time(sec=0, nanosec=0), frame_id=''), status=sensor_msgs.msg.NavSatStatus(status=0, service=0), latitude=29.64736, longitude=-82.34719, altitude=0.0, position_covariance=array([0., 0., 0., 0., 0., 0., 0., 0., 0.]), position_covariance_type=0))
[controller-2] [INFO] [1742920274.562860336] [drone_home1.controller]: Waypoints now: [(29.64736, -82.34719)]
[drive_hardware-6] [INFO] [1742920274.671415146] [drone_home1.drive_hardware]: Service request to change drive mode custom_messages.srv.SetMode_Request(mode='manual')
[drive_hardware-6] [INFO] [1742920274.673245030] [drone_home1.drive_hardware]: Drive mode now: manual
[controller-2] [INFO] [1742920331.381481814] [drone_home1.controller]: Service request to change coordinate custom_messages.srv.SetCoordinate_Request(new_coordinate=sensor_msgs.msg.NavSatFix(header=std_msgs.msg.Header(stamp=builtin_interfaces.msg.Time(sec=0, nanosec=0), frame_id=''), status=sensor_msgs.msg.NavSatStatus(status=0, service=0), latitude=29.64736, longitude=-82.34719, altitude=0.0, position_covariance=array([0., 0., 0., 0., 0., 0., 0., 0., 0.]), position_covariance_type=0))
[controller-2] [INFO] [1742920331.382908602] [drone_home1.controller]: Waypoints now: [(29.64736, -82.34719)]
[drive_hardware-6] [INFO] [1742920331.506892939] [drone_home1.drive_hardware]: Service request to change drive mode custom_messages.srv.SetMode_Request(mode='manual')
[drive_hardware-6] [INFO] [1742920331.508670016] [drone_home1.drive_hardware]: Drive mode now: manual
[controller-2] [INFO] [1742920385.301137856] [drone_home1.controller]: Service request to change coordinate custom_messages.srv.SetCoordinate_Request(new_coordinate=sensor_msgs.msg.NavSatFix(header=std_msgs.msg.Header(stamp=builtin_interfaces.msg.Time(sec=0, nanosec=0), frame_id=''), status=sensor_msgs.msg.NavSatStatus(status=0, service=0), latitude=29.64736, longitude=-82.34719, altitude=0.0, position_covariance=array([0., 0., 0., 0., 0., 0., 0., 0., 0.]), position_covariance_type=0))
[controller-2] [INFO] [1742920385.302214353] [drone_home1.controller]: Waypoints now: [(29.64736, -82.34719)]
[drive_hardware-6] [INFO] [1742920385.424135236] [drone_home1.drive_hardware]: Service request to change drive mode custom_messages.srv.SetMode_Request(mode='manual')
[drive_hardware-6] [INFO] [1742920385.424977706] [drone_home1.drive_hardware]: Drive mode now: manual
[controller-2] [INFO] [1742920415.153828284] [drone_home1.controller]: Service request to change coordinate custom_messages.srv.SetCoordinate_Request(new_coordinate=sensor_msgs.msg.NavSatFix(header=std_msgs.msg.Header(stamp=builtin_interfaces.msg.Time(sec=0, nanosec=0), frame_id=''), status=sensor_msgs.msg.NavSatStatus(status=0, service=0), latitude=29.64736, longitude=-82.34719, altitude=0.0, position_covariance=array([0., 0., 0., 0., 0., 0., 0., 0., 0.]), position_covariance_type=0))
[controller-2] [INFO] [1742920415.154827817] [drone_home1.controller]: Waypoints now: [(29.64736, -82.34719)]
[drive_hardware-6] [INFO] [1742920415.262868209] [drone_home1.drive_hardware]: Service request to change drive mode custom_messages.srv.SetMode_Request(mode='manual')
[drive_hardware-6] [INFO] [1742920415.263705111] [drone_home1.drive_hardware]: Drive mode now: manual
