[INFO] [launch]: All log files can be found below /home/pi/.ros/log/2024-11-26-09-11-03-395398-drone-home-4196
[INFO] [launch]: Default logging verbosity is set to INFO
[WARNING] [imu_publisher-2]: there are now at least 2 nodes with the name /drone_home1/sim created within this launch context
[WARNING] [joy_node-3]: there are now at least 3 nodes with the name /drone_home1/sim created within this launch context
[WARNING] [drive_hardware-4]: there are now at least 4 nodes with the name /drone_home1/sim created within this launch context
[WARNING] [controller-5]: there are now at least 5 nodes with the name /drone_home1/sim created within this launch context
[WARNING] [static_transform_publisher-7]: there are now at least 2 nodes with the name /drone_home1/static_transform_publisher created within this launch context
[INFO] [drive_publisher-1]: process started with pid [4203]
[INFO] [imu_publisher-2]: process started with pid [4204]
[INFO] [joy_node-3]: process started with pid [4205]
[INFO] [drive_hardware-4]: process started with pid [4206]
[INFO] [controller-5]: process started with pid [4207]
[INFO] [static_transform_publisher-6]: process started with pid [4208]
[INFO] [static_transform_publisher-7]: process started with pid [4209]
[static_transform_publisher-6] [WARN] [1732630263.591354622] []: Old-style arguments are deprecated; see --help for new-style arguments
[static_transform_publisher-6] [37;1m2024-11-26 09:11:03.592 [31;1m[[37;1mXMLPARSER[31;1m Error] [37mInvalid element found into 'locatorType'. Name: UDPv4[34;1m -> Function [36mgetXMLLocatorList[m
[static_transform_publisher-6] [37;1m2024-11-26 09:11:03.598 [31;1m[[37;1mXMLPARSER[31;1m Error] [37mError parsing participant profile[34;1m -> Function [36mparseXMLParticipantProf[m
[static_transform_publisher-6] [37;1m2024-11-26 09:11:03.598 [31;1m[[37;1mXMLPARSER[31;1m Error] [37mError parsing profile's tag participant[34;1m -> Function [36mparseProfiles[m
[static_transform_publisher-6] [37;1m2024-11-26 09:11:03.598 [31;1m[[37;1mXMLPARSER[31;1m Error] [37mError parsing '/home/pi/dds_config.xml'[34;1m -> Function [36mloadXMLFile[m
[static_transform_publisher-7] [WARN] [1732630263.609704888] []: Old-style arguments are deprecated; see --help for new-style arguments
[static_transform_publisher-7] [37;1m2024-11-26 09:11:03.613 [31;1m[[37;1mXMLPARSER[31;1m Error] [37mInvalid element found into 'locatorType'. Name: UDPv4[34;1m -> Function [36mgetXMLLocatorList[m
[static_transform_publisher-7] [37;1m2024-11-26 09:11:03.621 [31;1m[[37;1mXMLPARSER[31;1m Error] [37mError parsing participant profile[34;1m -> Function [36mparseXMLParticipantProf[m
[static_transform_publisher-7] [37;1m2024-11-26 09:11:03.621 [31;1m[[37;1mXMLPARSER[31;1m Error] [37mError parsing profile's tag participant[34;1m -> Function [36mparseProfiles[m
[static_transform_publisher-7] [37;1m2024-11-26 09:11:03.621 [31;1m[[37;1mXMLPARSER[31;1m Error] [37mError parsing '/home/pi/dds_config.xml'[34;1m -> Function [36mloadXMLFile[m
[static_transform_publisher-6] [INFO] [1732630263.714663007] [drone_home1.static_transform_publisher]: Spinning until stopped - publishing transform
[static_transform_publisher-6] translation: ('0.000000', '0.000000', '0.000000')
[static_transform_publisher-6] rotation: ('0.000000', '0.000000', '0.000000', '1.000000')
[static_transform_publisher-6] from 'map' to 'imu_frame'
[static_transform_publisher-7] [INFO] [1732630263.755603046] [drone_home1.static_transform_publisher]: Spinning until stopped - publishing transform
[static_transform_publisher-7] translation: ('0.000000', '0.000000', '0.000000')
[static_transform_publisher-7] rotation: ('0.000000', '0.000000', '0.000000', '1.000000')
[static_transform_publisher-7] from 'map' to 'gps_sensor'
[drive_hardware-4] /usr/lib/python3/dist-packages/gpiozero/output_devices.py:1509: PWMSoftwareFallback: To reduce servo jitter, use the pigpio pin factory.See https://gpiozero.readthedocs.io/en/stable/api_output.html#servo for more info
[drive_hardware-4]   warnings.warn(PWMSoftwareFallback(
