[INFO] [launch]: All log files can be found below /home/pi/.ros/log/2024-11-27-13-58-46-693451-drone-home-83761
[INFO] [launch]: Default logging verbosity is set to INFO
[WARNING] [imu_publisher-2]: there are now at least 2 nodes with the name /drone_home1/sim created within this launch context
[WARNING] [drive_hardware-3]: there are now at least 3 nodes with the name /drone_home1/sim created within this launch context
[WARNING] [visualization-4]: there are now at least 4 nodes with the name /drone_home1/sim created within this launch context
[WARNING] [static_transform_publisher-6]: there are now at least 2 nodes with the name /drone_home1/static_transform_publisher created within this launch context
[INFO] [controller-1]: process started with pid [83768]
[INFO] [imu_publisher-2]: process started with pid [83769]
[INFO] [drive_hardware-3]: process started with pid [83770]
[INFO] [visualization-4]: process started with pid [83771]
[INFO] [static_transform_publisher-5]: process started with pid [83772]
[INFO] [static_transform_publisher-6]: process started with pid [83773]
[static_transform_publisher-6] [WARN] [1732733926.858764310] []: Old-style arguments are deprecated; see --help for new-style arguments
[static_transform_publisher-5] [WARN] [1732733926.872516446] []: Old-style arguments are deprecated; see --help for new-style arguments
[static_transform_publisher-6] [INFO] [1732733926.895347964] [drone_home1.static_transform_publisher]: Spinning until stopped - publishing transform
[static_transform_publisher-6] translation: ('0.000000', '0.000000', '0.000000')
[static_transform_publisher-6] rotation: ('0.000000', '0.000000', '0.000000', '1.000000')
[static_transform_publisher-6] from 'map' to 'gps_sensor'
[static_transform_publisher-5] [INFO] [1732733926.915771826] [drone_home1.static_transform_publisher]: Spinning until stopped - publishing transform
[static_transform_publisher-5] translation: ('0.000000', '0.000000', '0.000000')
[static_transform_publisher-5] rotation: ('0.000000', '0.000000', '0.000000', '1.000000')
[static_transform_publisher-5] from 'map' to 'imu_frame'
[drive_hardware-3] /usr/lib/python3/dist-packages/gpiozero/output_devices.py:1509: PWMSoftwareFallback: To reduce servo jitter, use the pigpio pin factory.See https://gpiozero.readthedocs.io/en/stable/api_output.html#servo for more info
[drive_hardware-3]   warnings.warn(PWMSoftwareFallback(
[controller-1] [INFO] [1732733927.926474915] [drone_home1.sim]: Controller running
[imu_publisher-2] [INFO] [1732733929.270026461] [drone_home1.sim]: Calibration status: (True, 'Calibration (sys:0, gyro:0, accel:3, mag:0)')
[controller-1] [INFO] [1732733929.352702073] [drone_home1.sim]: Current Yaw: 0.1676672109225258, target = 0.0
[controller-1] [INFO] [1732733929.353504162] [drone_home1.sim]: CurrentDiff: 0.1676672109225258
[controller-1] [INFO] [1732733929.354494972] [drone_home1.sim]: Going to 1: 50.92 meters
[controller-1] [INFO] [1732733929.403786063] [drone_home1.sim]: Current Yaw: 0.1676672109225258, target = 72.23163770290259
[controller-1] [INFO] [1732733929.404517115] [drone_home1.sim]: CurrentDiff: 72.15475231485559
[controller-1] [INFO] [1732733929.405409018] [drone_home1.sim]: Going to 1: 50.92 meters
[controller-1] [INFO] [1732733929.452558231] [drone_home1.sim]: Current Yaw: 0.1676672109225258, target = 72.23163770290259
[controller-1] [INFO] [1732733929.453164746] [drone_home1.sim]: CurrentDiff: 72.15475231485559
[controller-1] [INFO] [1732733929.454384740] [drone_home1.sim]: Going to 1: 50.92 meters
[controller-1] [INFO] [1732733929.502616448] [drone_home1.sim]: Current Yaw: 0.1676672109225258, target = 72.23163770290259
[controller-1] [INFO] [1732733929.503333055] [drone_home1.sim]: CurrentDiff: 72.15475231485559
[controller-1] [INFO] [1732733929.504382143] [drone_home1.sim]: Going to 1: 50.92 meters
[controller-1] [INFO] [1732733929.552582758] [drone_home1.sim]: Current Yaw: 0.1676672109225258, target = 72.23163770290259
[controller-1] [INFO] [1732733929.553255699] [drone_home1.sim]: CurrentDiff: 72.15475231485559
[controller-1] [INFO] [1732733929.554127639] [drone_home1.sim]: Going to 1: 50.92 meters
[controller-1] [INFO] [1732733929.602495753] [drone_home1.sim]: Current Yaw: 0.1676672109225258, target = 72.23163770290259
[controller-1] [INFO] [1732733929.603162824] [drone_home1.sim]: CurrentDiff: 72.15475231485559
[controller-1] [INFO] [1732733929.603935653] [drone_home1.sim]: Going to 1: 50.92 meters
[controller-1] [INFO] [1732733929.652598155] [drone_home1.sim]: Current Yaw: 0.1676672109225258, target = 72.23163770290259
[controller-1] [INFO] [1732733929.653205522] [drone_home1.sim]: CurrentDiff: 72.15475231485559
[controller-1] [INFO] [1732733929.653872538] [drone_home1.sim]: Going to 1: 50.92 meters
[controller-1] [INFO] [1732733929.702692168] [drone_home1.sim]: Current Yaw: 0.1676672109225258, target = 72.23163770290259
[controller-1] [INFO] [1732733929.703415239] [drone_home1.sim]: CurrentDiff: 72.15475231485559
[controller-1] [INFO] [1732733929.704323623] [drone_home1.sim]: Going to 1: 50.92 meters
[controller-1] [INFO] [1732733929.752603738] [drone_home1.sim]: Current Yaw: 0.1676672109225258, target = 72.23163770290259
[controller-1] [INFO] [1732733929.753478307] [drone_home1.sim]: CurrentDiff: 72.15475231485559
[controller-1] [INFO] [1732733929.754551839] [drone_home1.sim]: Going to 1: 50.92 meters
[controller-1] [INFO] [1732733929.802644584] [drone_home1.sim]: Current Yaw: 0.1676672109225258, target = 72.23163770290259
[controller-1] [INFO] [1732733929.803438321] [drone_home1.sim]: CurrentDiff: 72.15475231485559
[controller-1] [INFO] [1732733929.804424261] [drone_home1.sim]: Going to 1: 50.92 meters
[controller-1] [INFO] [1732733929.852546395] [drone_home1.sim]: Current Yaw: 0.1676672109225258, target = 72.23163770290259
[controller-1] [INFO] [1732733929.853278261] [drone_home1.sim]: CurrentDiff: 72.15475231485559
[controller-1] [INFO] [1732733929.854260368] [drone_home1.sim]: Going to 1: 50.55 meters
[controller-1] [INFO] [1732733929.902609315] [drone_home1.sim]: Current Yaw: 0.1676672109225258, target = 71.84632891207247
[controller-1] [INFO] [1732733929.903390386] [drone_home1.sim]: CurrentDiff: 71.77179477519233
[controller-1] [INFO] [1732733929.904377029] [drone_home1.sim]: Going to 1: 50.55 meters
[controller-1] [INFO] [1732733929.952556496] [drone_home1.sim]: Current Yaw: 0.1676672109225258, target = 71.84632891207247
[controller-1] [INFO] [1732733929.953330362] [drone_home1.sim]: CurrentDiff: 71.77179477519233
[controller-1] [INFO] [1732733929.954304543] [drone_home1.sim]: Going to 1: 50.55 meters
[controller-1] [INFO] [1732733930.002558380] [drone_home1.sim]: Current Yaw: 0.1676672109225258, target = 71.84632891207247
[controller-1] [INFO] [1732733930.003353950] [drone_home1.sim]: CurrentDiff: 71.77179477519233
[controller-1] [INFO] [1732733930.004332464] [drone_home1.sim]: Going to 1: 50.55 meters
[controller-1] [INFO] [1732733930.052615652] [drone_home1.sim]: Current Yaw: 0.1676672109225258, target = 71.84632891207247
[controller-1] [INFO] [1732733930.053419019] [drone_home1.sim]: CurrentDiff: 71.77179477519233
[controller-1] [INFO] [1732733930.054424254] [drone_home1.sim]: Going to 1: 50.55 meters
[controller-1] [INFO] [1732733930.102597610] [drone_home1.sim]: Current Yaw: 0.1676672109225258, target = 71.84632891207247
[controller-1] [INFO] [1732733930.103586180] [drone_home1.sim]: CurrentDiff: 71.77179477519233
[controller-1] [INFO] [1732733930.104580304] [drone_home1.sim]: Going to 1: 50.55 meters
[controller-1] [INFO] [1732733930.152630105] [drone_home1.sim]: Current Yaw: 0.1676672109225258, target = 71.84632891207247
[controller-1] [INFO] [1732733930.153342991] [drone_home1.sim]: CurrentDiff: 71.77179477519233
[controller-1] [INFO] [1732733930.154228412] [drone_home1.sim]: Going to 1: 50.55 meters
[controller-1] [INFO] [1732733930.202641230] [drone_home1.sim]: Current Yaw: 0.1676672109225258, target = 71.84632891207247
[controller-1] [INFO] [1732733930.203443504] [drone_home1.sim]: CurrentDiff: 71.77179477519233
[controller-1] [INFO] [1732733930.204454776] [drone_home1.sim]: Going to 1: 50.55 meters
[controller-1] [INFO] [1732733930.252639169] [drone_home1.sim]: Current Yaw: 0.1676672109225258, target = 71.84632891207247
[controller-1] [INFO] [1732733930.253378277] [drone_home1.sim]: CurrentDiff: 71.77179477519233
[controller-1] [INFO] [1732733930.254237736] [drone_home1.sim]: Going to 1: 50.55 meters
[controller-1] [INFO] [1732733930.302663646] [drone_home1.sim]: Current Yaw: 0.1676672109225258, target = 71.84632891207247
[controller-1] [INFO] [1732733930.303399068] [drone_home1.sim]: CurrentDiff: 71.77179477519233
[controller-1] [INFO] [1732733930.304288990] [drone_home1.sim]: Going to 1: 50.55 meters
[controller-1] [INFO] [1732733930.352613937] [drone_home1.sim]: Current Yaw: 0.1676672109225258, target = 71.84632891207247
[controller-1] [INFO] [1732733930.353396248] [drone_home1.sim]: CurrentDiff: 71.77179477519233
[controller-1] [INFO] [1732733930.354301892] [drone_home1.sim]: Going to 1: 50.55 meters
[controller-1] [INFO] [1732733930.402694784] [drone_home1.sim]: Current Yaw: 0.1676672109225258, target = 71.84632891207247
[controller-1] [INFO] [1732733930.403381540] [drone_home1.sim]: CurrentDiff: 71.77179477519233
[controller-1] [INFO] [1732733930.404283461] [drone_home1.sim]: Going to 1: 50.55 meters
[controller-1] [INFO] [1732733930.452556409] [drone_home1.sim]: Current Yaw: 0.1676672109225258, target = 71.84632891207247
[controller-1] [INFO] [1732733930.453195980] [drone_home1.sim]: CurrentDiff: 71.77179477519233
[controller-1] [INFO] [1732733930.453991754] [drone_home1.sim]: Going to 1: 50.55 meters
[controller-1] [INFO] [1732733930.502702274] [drone_home1.sim]: Current Yaw: 0.1676672109225258, target = 71.84632891207247
[controller-1] [INFO] [1732733930.503518770] [drone_home1.sim]: CurrentDiff: 71.77179477519233
[controller-1] [INFO] [1732733930.504509913] [drone_home1.sim]: Going to 1: 50.55 meters
[controller-1] [INFO] [1732733930.552614436] [drone_home1.sim]: Current Yaw: 0.1676672109225258, target = 71.84632891207247
[controller-1] [INFO] [1732733930.553372303] [drone_home1.sim]: CurrentDiff: 71.77179477519233
[controller-1] [INFO] [1732733930.554311909] [drone_home1.sim]: Going to 1: 50.55 meters
[controller-1] [INFO] [1732733930.602675486] [drone_home1.sim]: Current Yaw: 0.1676672109225258, target = 71.84632891207247
[controller-1] [INFO] [1732733930.603483149] [drone_home1.sim]: CurrentDiff: 71.77179477519233
[controller-1] [INFO] [1732733930.604477496] [drone_home1.sim]: Going to 1: 50.55 meters
[controller-1] [INFO] [1732733930.652668629] [drone_home1.sim]: Current Yaw: 0.1676672109225258, target = 71.84632891207247
[controller-1] [INFO] [1732733930.653431626] [drone_home1.sim]: CurrentDiff: 71.77179477519233
[controller-1] [INFO] [1732733930.654420621] [drone_home1.sim]: Going to 1: 50.45 meters
[controller-1] [INFO] [1732733930.702727976] [drone_home1.sim]: Current Yaw: 0.1676672109225258, target = 71.80734228876246
[controller-1] [INFO] [1732733930.703550213] [drone_home1.sim]: CurrentDiff: 71.73304683476434
[controller-1] [INFO] [1732733930.704545782] [drone_home1.sim]: Going to 1: 50.45 meters
[controller-1] [INFO] [1732733930.752622398] [drone_home1.sim]: Current Yaw: 0.1676672109225258, target = 71.80734228876246
[controller-1] [INFO] [1732733930.753417023] [drone_home1.sim]: CurrentDiff: 71.73304683476434
[controller-1] [INFO] [1732733930.754397926] [drone_home1.sim]: Going to 1: 50.45 meters
[controller-1] [INFO] [1732733930.802657374] [drone_home1.sim]: Current Yaw: 0.1676672109225258, target = 71.80734228876246
[controller-1] [INFO] [1732733930.803417241] [drone_home1.sim]: CurrentDiff: 71.73304683476434
[controller-1] [INFO] [1732733930.804350273] [drone_home1.sim]: Going to 1: 50.45 meters
[controller-1] [INFO] [1732733930.852673258] [drone_home1.sim]: Current Yaw: 0.1676672109225258, target = 71.80734228876246
[controller-1] [INFO] [1732733930.853474532] [drone_home1.sim]: CurrentDiff: 71.73304683476434
[controller-1] [INFO] [1732733930.854465582] [drone_home1.sim]: Going to 1: 50.45 meters
[controller-1] [INFO] [1732733930.902589864] [drone_home1.sim]: Current Yaw: 0.1676672109225258, target = 71.80734228876246
[controller-1] [INFO] [1732733930.903334935] [drone_home1.sim]: CurrentDiff: 71.73304683476434
[controller-1] [INFO] [1732733930.904205653] [drone_home1.sim]: Going to 1: 50.45 meters
[controller-1] [INFO] [1732733930.952573989] [drone_home1.sim]: Current Yaw: 0.1676672109225258, target = 71.80734228876246
[controller-1] [INFO] [1732733930.953340856] [drone_home1.sim]: CurrentDiff: 71.73304683476434
[controller-1] [INFO] [1732733930.954257036] [drone_home1.sim]: Going to 1: 50.45 meters
[controller-1] [INFO] [1732733931.002657576] [drone_home1.sim]: Current Yaw: 0.1676672109225258, target = 71.80734228876246
[controller-1] [INFO] [1732733931.003423887] [drone_home1.sim]: CurrentDiff: 71.73304683476434
[controller-1] [INFO] [1732733931.004351753] [drone_home1.sim]: Going to 1: 50.45 meters
[controller-1] [INFO] [1732733931.052678553] [drone_home1.sim]: Current Yaw: 0.1676672109225258, target = 71.80734228876246
[controller-1] [INFO] [1732733931.053482419] [drone_home1.sim]: CurrentDiff: 71.73304683476434
[controller-1] [INFO] [1732733931.054502247] [drone_home1.sim]: Going to 1: 50.45 meters
[controller-1] [INFO] [1732733931.102739918] [drone_home1.sim]: Current Yaw: 0.1676672109225258, target = 71.80734228876246
[controller-1] [INFO] [1732733931.103540710] [drone_home1.sim]: CurrentDiff: 71.73304683476434
[controller-1] [INFO] [1732733931.104527465] [drone_home1.sim]: Going to 1: 50.45 meters
[controller-1] [INFO] [1732733931.152611395] [drone_home1.sim]: Current Yaw: 0.1676672109225258, target = 71.80734228876246
[controller-1] [INFO] [1732733931.153353225] [drone_home1.sim]: CurrentDiff: 71.73304683476434
[controller-1] [INFO] [1732733931.154339312] [drone_home1.sim]: Going to 1: 50.45 meters
[controller-1] [INFO] [1732733931.202658594] [drone_home1.sim]: Current Yaw: 0.1676672109225258, target = 71.80734228876246
[controller-1] [INFO] [1732733931.203408701] [drone_home1.sim]: CurrentDiff: 71.73304683476434
[controller-1] [INFO] [1732733931.204272919] [drone_home1.sim]: Going to 1: 50.45 meters
[controller-1] [INFO] [1732733931.252670033] [drone_home1.sim]: Current Yaw: 0.1676672109225258, target = 71.80734228876246
[controller-1] [INFO] [1732733931.253421529] [drone_home1.sim]: CurrentDiff: 71.73304683476434
[controller-1] [INFO] [1732733931.254314247] [drone_home1.sim]: Going to 1: 50.45 meters
[controller-1] [INFO] [1732733931.302609139] [drone_home1.sim]: Current Yaw: 0.1676672109225258, target = 71.80734228876246
[controller-1] [INFO] [1732733931.303402673] [drone_home1.sim]: CurrentDiff: 71.73304683476434
[controller-1] [INFO] [1732733931.304402371] [drone_home1.sim]: Going to 1: 50.45 meters
[controller-1] [INFO] [1732733931.352637894] [drone_home1.sim]: Current Yaw: 0.1676672109225258, target = 71.80734228876246
[controller-1] [INFO] [1732733931.353432649] [drone_home1.sim]: CurrentDiff: 71.73304683476434
[controller-1] [INFO] [1732733931.354443403] [drone_home1.sim]: Going to 1: 50.45 meters
[controller-1] [INFO] [1732733931.402593056] [drone_home1.sim]: Current Yaw: 0.1676672109225258, target = 71.80734228876246
[controller-1] [INFO] [1732733931.403335311] [drone_home1.sim]: CurrentDiff: 71.73304683476434
[controller-1] [INFO] [1732733931.404258640] [drone_home1.sim]: Going to 1: 50.45 meters
[controller-1] [INFO] [1732733931.452648550] [drone_home1.sim]: Current Yaw: 0.1676672109225258, target = 71.80734228876246
[controller-1] [INFO] [1732733931.453408695] [drone_home1.sim]: CurrentDiff: 71.73304683476434
[controller-1] [INFO] [1732733931.454358820] [drone_home1.sim]: Going to 1: 50.23 meters
[controller-1] [INFO] [1732733931.502606453] [drone_home1.sim]: Current Yaw: 0.1676672109225258, target = 71.7288817259657
[controller-1] [INFO] [1732733931.503391560] [drone_home1.sim]: CurrentDiff: 71.65506704811803
[controller-1] [INFO] [1732733931.504339815] [drone_home1.sim]: Going to 1: 50.23 meters
[controller-1] [INFO] [1732733931.552731836] [drone_home1.sim]: Current Yaw: 0.1676672109225258, target = 71.7288817259657
[controller-1] [INFO] [1732733931.553526758] [drone_home1.sim]: CurrentDiff: 71.65506704811803
[controller-1] [INFO] [1732733931.554517920] [drone_home1.sim]: Going to 1: 50.18 meters
[controller-1] [INFO] [1732733931.602662035] [drone_home1.sim]: Current Yaw: 0.1676672109225258, target = 71.96286057774014
[controller-1] [INFO] [1732733931.603455346] [drone_home1.sim]: CurrentDiff: 71.88761385867294
[controller-1] [INFO] [1732733931.604438712] [drone_home1.sim]: Going to 1: 50.18 meters
[controller-1] [INFO] [1732733931.652343828] [drone_home1.sim]: Current Yaw: 0.1676672109225258, target = 71.96286057774014
[controller-1] [INFO] [1732733931.652862974] [drone_home1.sim]: CurrentDiff: 71.88761385867294
[controller-1] [INFO] [1732733931.653573007] [drone_home1.sim]: Going to 1: 50.18 meters
[controller-1] [INFO] [1732733931.702704951] [drone_home1.sim]: Current Yaw: 0.1676672109225258, target = 71.96286057774014
[controller-1] [INFO] [1732733931.703534910] [drone_home1.sim]: CurrentDiff: 71.88761385867294
[controller-1] [INFO] [1732733931.704537887] [drone_home1.sim]: Going to 1: 50.18 meters
[controller-1] [INFO] [1732733931.752697539] [drone_home1.sim]: Current Yaw: 0.1676672109225258, target = 71.96286057774014
[controller-1] [INFO] [1732733931.753455535] [drone_home1.sim]: CurrentDiff: 71.88761385867294
[controller-1] [INFO] [1732733931.754393049] [drone_home1.sim]: Going to 1: 50.18 meters
[controller-1] [INFO] [1732733931.802737163] [drone_home1.sim]: Current Yaw: 0.1676672109225258, target = 71.96286057774014
[controller-1] [INFO] [1732733931.803562456] [drone_home1.sim]: CurrentDiff: 71.88761385867294
[controller-1] [INFO] [1732733931.804551321] [drone_home1.sim]: Going to 1: 50.18 meters
[controller-1] [INFO] [1732733931.852678807] [drone_home1.sim]: Current Yaw: 0.1676672109225258, target = 71.96286057774014
[controller-1] [INFO] [1732733931.853485562] [drone_home1.sim]: CurrentDiff: 71.88761385867294
[controller-1] [INFO] [1732733931.854478816] [drone_home1.sim]: Going to 1: 50.18 meters
[controller-1] [INFO] [1732733931.902597247] [drone_home1.sim]: Current Yaw: 0.1676672109225258, target = 71.96286057774014
[controller-1] [INFO] [1732733931.903391891] [drone_home1.sim]: CurrentDiff: 71.88761385867294
[controller-1] [INFO] [1732733931.904381608] [drone_home1.sim]: Going to 1: 50.18 meters
[controller-1] [INFO] [1732733931.952570057] [drone_home1.sim]: Current Yaw: 0.1676672109225258, target = 71.96286057774014
[controller-1] [INFO] [1732733931.953309294] [drone_home1.sim]: CurrentDiff: 71.88761385867294
[controller-1] [INFO] [1732733931.954266622] [drone_home1.sim]: Going to 1: 50.18 meters
[controller-1] [INFO] [1732733932.002564737] [drone_home1.sim]: Current Yaw: 0.1676672109225258, target = 71.96286057774014
[controller-1] [INFO] [1732733932.003351640] [drone_home1.sim]: CurrentDiff: 71.88761385867294
[controller-1] [INFO] [1732733932.004325413] [drone_home1.sim]: Going to 1: 50.18 meters
[controller-1] [INFO] [1732733932.052645546] [drone_home1.sim]: Current Yaw: 0.1676672109225258, target = 71.96286057774014
[controller-1] [INFO] [1732733932.053391635] [drone_home1.sim]: CurrentDiff: 71.88761385867294
[controller-1] [INFO] [1732733932.054261964] [drone_home1.sim]: Going to 1: 50.18 meters
[controller-1] [INFO] [1732733932.102568671] [drone_home1.sim]: Current Yaw: 0.1676672109225258, target = 71.96286057774014
[controller-1] [INFO] [1732733932.103344575] [drone_home1.sim]: CurrentDiff: 71.88761385867294
[controller-1] [INFO] [1732733932.104267033] [drone_home1.sim]: Going to 1: 50.18 meters
[controller-1] [INFO] [1732733932.152596463] [drone_home1.sim]: Current Yaw: 0.1676672109225258, target = 71.96286057774014
[controller-1] [INFO] [1732733932.153364718] [drone_home1.sim]: CurrentDiff: 71.88761385867294
[controller-1] [INFO] [1732733932.154277269] [drone_home1.sim]: Going to 1: 50.18 meters
[controller-1] [INFO] [1732733932.202859993] [drone_home1.sim]: Current Yaw: 0.1676672109225258, target = 71.96286057774014
[controller-1] [INFO] [1732733932.203811415] [drone_home1.sim]: CurrentDiff: 71.88761385867294
[controller-1] [INFO] [1732733932.204974094] [drone_home1.sim]: Going to 1: 50.18 meters
[controller-1] [INFO] [1732733932.252584194] [drone_home1.sim]: Current Yaw: 0.1676672109225258, target = 71.96286057774014
[controller-1] [INFO] [1732733932.253373671] [drone_home1.sim]: CurrentDiff: 71.88761385867294
[controller-1] [INFO] [1732733932.254322741] [drone_home1.sim]: Going to 1: 50.18 meters
[controller-1] [INFO] [1732733932.302628762] [drone_home1.sim]: Current Yaw: 0.1676672109225258, target = 71.96286057774014
[controller-1] [INFO] [1732733932.303444203] [drone_home1.sim]: CurrentDiff: 71.88761385867294
[controller-1] [INFO] [1732733932.304447420] [drone_home1.sim]: Going to 1: 50.18 meters
[controller-1] [INFO] [1732733932.352562128] [drone_home1.sim]: Current Yaw: 0.1676672109225258, target = 71.96286057774014
[controller-1] [INFO] [1732733932.353345624] [drone_home1.sim]: CurrentDiff: 71.88761385867294
[controller-1] [INFO] [1732733932.354321842] [drone_home1.sim]: Going to 1: 50.12 meters
[controller-1] [INFO] [1732733932.402749326] [drone_home1.sim]: Current Yaw: 0.1676672109225258, target = 72.19746328499453
[controller-1] [INFO] [1732733932.403597452] [drone_home1.sim]: CurrentDiff: 72.12078586863373
[controller-1] [INFO] [1732733932.404624113] [drone_home1.sim]: Going to 1: 50.12 meters
[controller-1] [INFO] [1732733932.452569655] [drone_home1.sim]: Current Yaw: 0.1676672109225258, target = 72.19746328499453
[controller-1] [INFO] [1732733932.453404892] [drone_home1.sim]: CurrentDiff: 72.12078586863373
[controller-1] [INFO] [1732733932.454323573] [drone_home1.sim]: Going to 1: 49.91 meters
[controller-1] [INFO] [1732733932.502673039] [drone_home1.sim]: Current Yaw: 0.1676672109225258, target = 72.1201013724174
[controller-1] [INFO] [1732733932.503477072] [drone_home1.sim]: CurrentDiff: 72.04389516157802
[controller-1] [INFO] [1732733932.504443993] [drone_home1.sim]: Going to 1: 49.91 meters
[controller-1] [INFO] [1732733932.552732404] [drone_home1.sim]: Current Yaw: 0.1676672109225258, target = 72.1201013724174
[controller-1] [INFO] [1732733932.553501900] [drone_home1.sim]: CurrentDiff: 72.04389516157802
[controller-1] [INFO] [1732733932.554446840] [drone_home1.sim]: Going to 1: 49.91 meters
[controller-1] [INFO] [1732733932.602579955] [drone_home1.sim]: Current Yaw: 0.1676672109225258, target = 72.1201013724174
[controller-1] [INFO] [1732733932.603373248] [drone_home1.sim]: CurrentDiff: 72.04389516157802
[controller-1] [INFO] [1732733932.604363724] [drone_home1.sim]: Going to 1: 49.91 meters
[controller-1] [INFO] [1732733932.652705709] [drone_home1.sim]: Current Yaw: 0.1676672109225258, target = 72.1201013724174
[controller-1] [INFO] [1732733932.653512335] [drone_home1.sim]: CurrentDiff: 72.04389516157802
[controller-1] [INFO] [1732733932.654522626] [drone_home1.sim]: Going to 1: 49.91 meters
[controller-1] [INFO] [1732733932.702756407] [drone_home1.sim]: Current Yaw: 0.1676672109225258, target = 72.1201013724174
[controller-1] [INFO] [1732733932.703588737] [drone_home1.sim]: CurrentDiff: 72.04389516157802
[controller-1] [INFO] [1732733932.704614713] [drone_home1.sim]: Going to 1: 49.91 meters
[controller-1] [INFO] [1732733932.752705366] [drone_home1.sim]: Current Yaw: 0.1676672109225258, target = 72.1201013724174
[controller-1] [INFO] [1732733932.753506917] [drone_home1.sim]: CurrentDiff: 72.04389516157802
[controller-1] [INFO] [1732733932.754495357] [drone_home1.sim]: Going to 1: 49.96 meters
[controller-1] [INFO] [1732733932.802670139] [drone_home1.sim]: Current Yaw: 0.1676672109225258, target = 71.88461738932133
[controller-1] [INFO] [1732733932.803443190] [drone_home1.sim]: CurrentDiff: 71.80984898138664
[controller-1] [INFO] [1732733932.804433223] [drone_home1.sim]: Going to 1: 49.96 meters
[controller-1] [INFO] [1732733932.852771078] [drone_home1.sim]: Current Yaw: 0.1676672109225258, target = 71.88461738932133
[controller-1] [INFO] [1732733932.853709610] [drone_home1.sim]: CurrentDiff: 71.80984898138664
[controller-1] [INFO] [1732733932.854827216] [drone_home1.sim]: Going to 1: 49.96 meters
[controller-1] [INFO] [1732733932.902742110] [drone_home1.sim]: Current Yaw: 0.1676672109225258, target = 71.88461738932133
[controller-1] [INFO] [1732733932.903464440] [drone_home1.sim]: CurrentDiff: 71.80984898138664
[controller-1] [INFO] [1732733932.904304676] [drone_home1.sim]: Going to 1: 49.96 meters
[controller-1] [INFO] [1732733932.952656791] [drone_home1.sim]: Current Yaw: 0.1676672109225258, target = 71.88461738932133
[controller-1] [INFO] [1732733932.953402139] [drone_home1.sim]: CurrentDiff: 71.80984898138664
[controller-1] [INFO] [1732733932.954250672] [drone_home1.sim]: Going to 1: 49.96 meters
