[INFO] [launch]: All log files can be found below /root/.ros/log/2025-02-19-21-31-40-415127-drone-home-22468
[INFO] [launch]: Default logging verbosity is set to INFO
[INFO] [cv_controller-1]: process started with pid [22474]
[INFO] [controller-2]: process started with pid [22476]
[INFO] [pwm_publisher-3]: process started with pid [22478]
[INFO] [gps_publisher-4]: process started with pid [22480]
[INFO] [imu_publisher-5]: process started with pid [22482]
[INFO] [drive_hardware-6]: process started with pid [22484]
[cv_controller-1] [INFO] [1740018701.381305809] [drone_home1.sim]: CV Controller running
[controller-2] [INFO] [1740018701.574253794] [drone_home1.controller]: Controller running
[imu_publisher-5] [INFO] [1740018703.015530205] [drone_home1.imu_publisher]: Calibration status: (True, 'Calibration (sys:0, gyro:0, accel:3, mag:0)')
[controller-2] [INFO] [1740018708.191146093] [drone_home1.controller]: Service request to change coordinate custom_messages.srv.SetCoordinate_Request(new_coordinate=sensor_msgs.msg.NavSatFix(header=std_msgs.msg.Header(stamp=builtin_interfaces.msg.Time(sec=0, nanosec=0), frame_id=''), status=sensor_msgs.msg.NavSatStatus(status=0, service=0), latitude=29.632, longitude=-82.3623, altitude=0.0, position_covariance=array([0., 0., 0., 0., 0., 0., 0., 0., 0.]), position_covariance_type=0))
[controller-2] [INFO] [1740018708.192823372] [drone_home1.controller]: Waypoints now: [(29.632, -82.3623)]
[drive_hardware-6] [INFO] [1740018708.323901650] [drone_home1.drive_hardware]: Service request to change drive mode custom_messages.srv.SetMode_Request(mode='automatic')
[drive_hardware-6] [INFO] [1740018708.324763410] [drone_home1.drive_hardware]: Drive mode now: automatic
[controller-2] [INFO] [1740018737.751517500] [drone_home1.controller]: Service request to change coordinate custom_messages.srv.SetCoordinate_Request(new_coordinate=sensor_msgs.msg.NavSatFix(header=std_msgs.msg.Header(stamp=builtin_interfaces.msg.Time(sec=0, nanosec=0), frame_id=''), status=sensor_msgs.msg.NavSatStatus(status=0, service=0), latitude=29.632, longitude=-82.3623, altitude=0.0, position_covariance=array([0., 0., 0., 0., 0., 0., 0., 0., 0.]), position_covariance_type=0))
[controller-2] [INFO] [1740018737.752304602] [drone_home1.controller]: Waypoints now: [(29.632, -82.3623)]
[drive_hardware-6] [INFO] [1740018737.852156013] [drone_home1.drive_hardware]: Service request to change drive mode custom_messages.srv.SetMode_Request(mode='automatic')
[drive_hardware-6] [INFO] [1740018737.853024461] [drone_home1.drive_hardware]: Drive mode now: automatic
[controller-2] [INFO] [1740018795.053175399] [drone_home1.controller]: Service request to change coordinate custom_messages.srv.SetCoordinate_Request(new_coordinate=sensor_msgs.msg.NavSatFix(header=std_msgs.msg.Header(stamp=builtin_interfaces.msg.Time(sec=0, nanosec=0), frame_id=''), status=sensor_msgs.msg.NavSatStatus(status=0, service=0), latitude=29.632, longitude=-82.3623, altitude=0.0, position_covariance=array([0., 0., 0., 0., 0., 0., 0., 0., 0.]), position_covariance_type=0))
[controller-2] [INFO] [1740018795.055054830] [drone_home1.controller]: Waypoints now: [(29.632, -82.3623)]
[drive_hardware-6] [INFO] [1740018795.065241162] [drone_home1.drive_hardware]: Service request to change drive mode custom_messages.srv.SetMode_Request(mode='automatic')
[drive_hardware-6] [INFO] [1740018795.067179826] [drone_home1.drive_hardware]: Drive mode now: automatic
[controller-2] [INFO] [1740019122.143331013] [drone_home1.controller]: Service request to change coordinate custom_messages.srv.SetCoordinate_Request(new_coordinate=sensor_msgs.msg.NavSatFix(header=std_msgs.msg.Header(stamp=builtin_interfaces.msg.Time(sec=0, nanosec=0), frame_id=''), status=sensor_msgs.msg.NavSatStatus(status=0, service=0), latitude=29.632, longitude=-82.3623, altitude=0.0, position_covariance=array([0., 0., 0., 0., 0., 0., 0., 0., 0.]), position_covariance_type=0))
[controller-2] [INFO] [1740019122.144937069] [drone_home1.controller]: Waypoints now: [(29.632, -82.3623)]
[drive_hardware-6] [INFO] [1740019122.151678396] [drone_home1.drive_hardware]: Service request to change drive mode custom_messages.srv.SetMode_Request(mode='automatic')
[drive_hardware-6] [INFO] [1740019122.152424573] [drone_home1.drive_hardware]: Drive mode now: automatic
