[INFO] [launch]: All log files can be found below /home/pi/.ros/log/2024-11-26-18-01-24-575531-drone-home-13656
[INFO] [launch]: Default logging verbosity is set to INFO
[WARNING] [imu_publisher-2]: there are now at least 2 nodes with the name /drone_home1/sim created within this launch context
[WARNING] [drive_hardware-3]: there are now at least 3 nodes with the name /drone_home1/sim created within this launch context
[WARNING] [static_transform_publisher-5]: there are now at least 2 nodes with the name /drone_home1/static_transform_publisher created within this launch context
[INFO] [drive_publisher-1]: process started with pid [13663]
[INFO] [imu_publisher-2]: process started with pid [13664]
[INFO] [drive_hardware-3]: process started with pid [13665]
[INFO] [static_transform_publisher-4]: process started with pid [13666]
[INFO] [static_transform_publisher-5]: process started with pid [13667]
[static_transform_publisher-4] [WARN] [1732662084.726973073] []: Old-style arguments are deprecated; see --help for new-style arguments
[static_transform_publisher-5] [WARN] [1732662084.738802267] []: Old-style arguments are deprecated; see --help for new-style arguments
[static_transform_publisher-4] [INFO] [1732662084.769889144] [drone_home1.static_transform_publisher]: Spinning until stopped - publishing transform
[static_transform_publisher-4] translation: ('0.000000', '0.000000', '0.000000')
[static_transform_publisher-4] rotation: ('0.000000', '0.000000', '0.000000', '1.000000')
[static_transform_publisher-4] from 'map' to 'imu_frame'
[static_transform_publisher-5] [INFO] [1732662084.789796362] [drone_home1.static_transform_publisher]: Spinning until stopped - publishing transform
[static_transform_publisher-5] translation: ('0.000000', '0.000000', '0.000000')
[static_transform_publisher-5] rotation: ('0.000000', '0.000000', '0.000000', '1.000000')
[static_transform_publisher-5] from 'map' to 'gps_sensor'
[drive_hardware-3] /usr/lib/python3/dist-packages/gpiozero/output_devices.py:1509: PWMSoftwareFallback: To reduce servo jitter, use the pigpio pin factory.See https://gpiozero.readthedocs.io/en/stable/api_output.html#servo for more info
[drive_hardware-3]   warnings.warn(PWMSoftwareFallback(
[imu_publisher-2] [INFO] [1732662087.112510604] [drone_home1.sim]: Calibration status: (True, 'Calibration (sys:0, gyro:0, accel:3, mag:0)')
[drive_publisher-1] [INFO] [1732662832.713829913] [drone_home1.sim]: Sent: 0.0, -0.5
[drive_publisher-1] [INFO] [1732662832.749576208] [drone_home1.sim]: Sent: 0.0, -0.5
[drive_publisher-1] [INFO] [1732662832.841573600] [drone_home1.sim]: Sent: 0.0, -0.5
[drive_publisher-1] [INFO] [1732662832.869673370] [drone_home1.sim]: Sent: -0.02027666485590844, -0.5
[drive_publisher-1] [INFO] [1732662832.901572950] [drone_home1.sim]: Sent: -0.02676095854133921, -0.5
[drive_publisher-1] [INFO] [1732662832.937716263] [drone_home1.sim]: Sent: -0.033245255152606144, -0.5
[drive_publisher-1] [INFO] [1732662833.029731228] [drone_home1.sim]: Sent: -0.046213842523467684, -0.5
[drive_publisher-1] [INFO] [1732662833.041654432] [drone_home1.sim]: Sent: -0.033245255152606144, -0.5
[drive_publisher-1] [INFO] [1732662833.093626497] [drone_home1.sim]: Sent: -0.033245255152606144, -0.5
[drive_publisher-1] [INFO] [1732662833.193500579] [drone_home1.sim]: Sent: -0.033245255152606144, -0.5
[drive_publisher-1] [INFO] [1732662833.221734664] [drone_home1.sim]: Sent: -0.02676095854133921, -0.5
[drive_publisher-1] [INFO] [1732662833.269486829] [drone_home1.sim]: Sent: -0.02676095854133921, -0.5
[drive_publisher-1] [INFO] [1732662833.283275659] [drone_home1.sim]: Sent: -0.02027666485590844, -0.5
[drive_publisher-1] [INFO] [1732662833.297571062] [drone_home1.sim]: Sent: -0.02676095854133921, -0.5
[drive_publisher-1] [INFO] [1732662833.332265155] [drone_home1.sim]: Sent: -0.02027666485590844, -0.5
[drive_publisher-1] [INFO] [1732662833.427605911] [drone_home1.sim]: Sent: 0.0, -0.5
[drive_publisher-1] [INFO] [1732662833.529659230] [drone_home1.sim]: Sent: 0.0, -0.5
[drive_publisher-1] [INFO] [1732662833.577209914] [drone_home1.sim]: Sent: 0.0, -0.5
[drive_publisher-1] [INFO] [1732662833.601752356] [drone_home1.sim]: Sent: 0.026735729056144172, -0.5
[drive_publisher-1] [INFO] [1732662833.617411331] [drone_home1.sim]: Sent: 0.03322002274157494, -0.5
[drive_publisher-1] [INFO] [1732662833.633396584] [drone_home1.sim]: Sent: 0.05267290379786725, -0.5
[drive_publisher-1] [INFO] [1732662833.652492183] [drone_home1.sim]: Sent: 0.059157200409134185, -0.5
[drive_publisher-1] [INFO] [1732662833.667930158] [drone_home1.sim]: Sent: 0.07861008439126266, -0.5
[drive_publisher-1] [INFO] [1732662833.686021796] [drone_home1.sim]: Sent: 0.08509437515085726, -0.5
[drive_publisher-1] [INFO] [1732662833.699431905] [drone_home1.sim]: Sent: 0.10454726498465805, -0.5
[drive_publisher-1] [INFO] [1732662833.713383734] [drone_home1.sim]: Sent: 0.11103154989258035, -0.5
[drive_publisher-1] [INFO] [1732662833.729820042] [drone_home1.sim]: Sent: 0.13048443972638113, -0.5
[drive_publisher-1] [INFO] [1732662833.749668973] [drone_home1.sim]: Sent: 0.14345302124557036, -0.5
[drive_publisher-1] [INFO] [1732662833.765540614] [drone_home1.sim]: Sent: 0.1564216144681042, -0.5
[drive_publisher-1] [INFO] [1732662833.778074243] [drone_home1.sim]: Sent: 0.16939019598729343, -0.5
[drive_publisher-1] [INFO] [1732662833.793721996] [drone_home1.sim]: Sent: 0.1823587892098273, -0.5
[drive_publisher-1] [INFO] [1732662833.809446434] [drone_home1.sim]: Sent: 0.19532738243236114, -0.5
[drive_publisher-1] [INFO] [1732662833.828887755] [drone_home1.sim]: Sent: 0.21478024885947267, -0.5
[drive_publisher-1] [INFO] [1732662833.843505342] [drone_home1.sim]: Sent: 0.22126455717408425, -0.5
[drive_publisher-1] [INFO] [1732662833.857874542] [drone_home1.sim]: Sent: 0.2407174353045404, -0.5
[drive_publisher-1] [INFO] [1732662833.877173363] [drone_home1.sim]: Sent: 0.24720172021246267, -0.5
[drive_publisher-1] [INFO] [1732662833.894014299] [drone_home1.sim]: Sent: 0.2601703134349965, -0.5
[drive_publisher-1] [INFO] [1732662833.905437596] [drone_home1.sim]: Sent: 0.2666546217496081, -0.5
[drive_publisher-1] [INFO] [1732662833.926111748] [drone_home1.sim]: Sent: 0.2731389066575304, -0.5
[drive_publisher-1] [INFO] [1732662833.954684462] [drone_home1.sim]: Sent: 0.28610749988006423, -0.5
[drive_publisher-1] [INFO] [1732662834.003304977] [drone_home1.sim]: Sent: 0.28610749988006423, -0.5
[drive_publisher-1] [INFO] [1732662834.056014319] [drone_home1.sim]: Sent: 0.28610749988006423, -0.5
[drive_publisher-1] [INFO] [1732662834.131748272] [drone_home1.sim]: Sent: 0.2731389066575304, -0.5
[drive_publisher-1] [INFO] [1732662834.185688297] [drone_home1.sim]: Sent: 0.28610749988006423, -0.5
[drive_publisher-1] [INFO] [1732662834.197127112] [drone_home1.sim]: Sent: 0.2731389066575304, -0.5
[drive_publisher-1] [INFO] [1732662834.213250475] [drone_home1.sim]: Sent: 0.28610749988006423, -0.5
[drive_publisher-1] [INFO] [1732662834.229211375] [drone_home1.sim]: Sent: 0.2731389066575304, -0.5
[drive_publisher-1] [INFO] [1732662834.241601263] [drone_home1.sim]: Sent: 0.28610749988006423, -0.5
[drive_publisher-1] [INFO] [1732662834.307442510] [drone_home1.sim]: Sent: 0.3055603780105204, -0.5
[drive_publisher-1] [INFO] [1732662834.337650220] [drone_home1.sim]: Sent: 0.3185289712330543, -0.5
[drive_publisher-1] [INFO] [1732662834.357403133] [drone_home1.sim]: Sent: 0.33149756445558815, -0.5
[drive_publisher-1] [INFO] [1732662834.372434980] [drone_home1.sim]: Sent: 0.33798184936351044, -0.5
[drive_publisher-1] [INFO] [1732662834.389443267] [drone_home1.sim]: Sent: 0.3574347274939666, -0.5
[drive_publisher-1] [INFO] [1732662834.405166890] [drone_home1.sim]: Sent: 0.36391903580857815, -0.5
[drive_publisher-1] [INFO] [1732662834.419298331] [drone_home1.sim]: Sent: 0.3833719139390343, -0.5
[drive_publisher-1] [INFO] [1732662834.435196750] [drone_home1.sim]: Sent: 0.3898561988469566, -0.5
[drive_publisher-1] [INFO] [1732662834.449352264] [drone_home1.sim]: Sent: 0.40930907697741276, -0.5
[drive_publisher-1] [INFO] [1732662834.469374343] [drone_home1.sim]: Sent: 0.4287619551078689, -0.5
[drive_publisher-1] [INFO] [1732662834.483548450] [drone_home1.sim]: Sent: 0.44821483323832506, -0.5
[drive_publisher-1] [INFO] [1732662834.501767958] [drone_home1.sim]: Sent: 0.4676677113687812, -0.5
[drive_publisher-1] [INFO] [1732662834.517591988] [drone_home1.sim]: Sent: 0.4806363279980043, -0.5
[drive_publisher-1] [INFO] [1732662834.531653429] [drone_home1.sim]: Sent: 0.5065735144430721, -0.5
[drive_publisher-1] [INFO] [1732662834.545706610] [drone_home1.sim]: Sent: 0.5260263925735282, -0.5
[drive_publisher-1] [INFO] [1732662834.563004305] [drone_home1.sim]: Sent: 0.5454792707039844, -0.5
[drive_publisher-1] [INFO] [1732662834.581270516] [drone_home1.sim]: Sent: 0.5714164571490521, -0.5
[drive_publisher-1] [INFO] [1732662834.601484373] [drone_home1.sim]: Sent: 0.5843850269648967, -0.5
[drive_publisher-1] [INFO] [1732662834.609625045] [drone_home1.sim]: Sent: 0.6103222134099644, -0.5
[drive_publisher-1] [INFO] [1732662834.625325131] [drone_home1.sim]: Sent: 0.616806521724576, -0.5
[drive_publisher-1] [INFO] [1732662834.645478358] [drone_home1.sim]: Sent: 0.7853981633974483, -0.5
[drive_publisher-1] [INFO] [1732662834.680065340] [drone_home1.sim]: Sent: 0.6427436613562652, -0.5
[drive_publisher-1] [INFO] [1732662834.682294743] [drone_home1.sim]: Sent: 0.6621965394867213, -0.5
[drive_publisher-1] [INFO] [1732662834.691625803] [drone_home1.sim]: Sent: 0.6686808478013329, -0.5
[drive_publisher-1] [INFO] [1732662834.705285077] [drone_home1.sim]: Sent: 0.681649464430556, -0.5
[drive_publisher-1] [INFO] [1732662834.723505085] [drone_home1.sim]: Sent: 0.7011023425610121, -0.5
[drive_publisher-1] [INFO] [1732662834.757544753] [drone_home1.sim]: Sent: 0.7075866040622452, -0.5
[drive_publisher-1] [INFO] [1732662834.775618890] [drone_home1.sim]: Sent: 0.7140709123768567, -0.5
[drive_publisher-1] [INFO] [1732662834.783887636] [drone_home1.sim]: Sent: 0.7270394821927013, -0.5
[drive_publisher-1] [INFO] [1732662834.801619941] [drone_home1.sim]: Sent: 0.7335237905073129, -0.5
[drive_publisher-1] [INFO] [1732662834.841584378] [drone_home1.sim]: Sent: 0.7464923603231575, -0.5
[drive_publisher-1] [INFO] [1732662834.913634503] [drone_home1.sim]: Sent: 0.7335237905073129, -0.5
[drive_publisher-1] [INFO] [1732662834.961567093] [drone_home1.sim]: Sent: 0.7140709123768567, -0.5
[drive_publisher-1] [INFO] [1732662834.977535642] [drone_home1.sim]: Sent: 0.7011023425610121, -0.5
[drive_publisher-1] [INFO] [1732662834.993361450] [drone_home1.sim]: Sent: 0.6621965394867213, -0.5
[drive_publisher-1] [INFO] [1732662835.017089041] [drone_home1.sim]: Sent: 0.6297750915404206, -0.5
[drive_publisher-1] [INFO] [1732662835.041442483] [drone_home1.sim]: Sent: 0.5908693352795082, -0.5
[drive_publisher-1] [INFO] [1732662835.043931461] [drone_home1.sim]: Sent: 0.5454792707039844, -0.5
[drive_publisher-1] [INFO] [1732662835.061299581] [drone_home1.sim]: Sent: 0.5000892061284605, -0.5
[drive_publisher-1] [INFO] [1732662835.074497782] [drone_home1.sim]: Sent: 0.4546991415529366, -0.5
[drive_publisher-1] [INFO] [1732662835.089359740] [drone_home1.sim]: Sent: 0.40930907697741276, -0.5
[drive_publisher-1] [INFO] [1732662835.105616769] [drone_home1.sim]: Sent: 0.3574347274939666, -0.5
[drive_publisher-1] [INFO] [1732662835.123275074] [drone_home1.sim]: Sent: 0.3055603780105204, -0.5
[drive_publisher-1] [INFO] [1732662835.137208644] [drone_home1.sim]: Sent: 0.24720172021246267, -0.5
[drive_publisher-1] [INFO] [1732662835.152233731] [drone_home1.sim]: Sent: 0.19532738243236114, -0.5
[drive_publisher-1] [INFO] [1732662835.173199920] [drone_home1.sim]: Sent: 0.14345302124557036, -0.5
[drive_publisher-1] [INFO] [1732662835.187299841] [drone_home1.sim]: Sent: 0.08509437515085726, -0.5
[drive_publisher-1] [INFO] [1732662835.205418220] [drone_home1.sim]: Sent: 0.03322002274157494, -0.5
[drive_publisher-1] [INFO] [1732662835.221296564] [drone_home1.sim]: Sent: 0.0, -0.5
[drive_publisher-1] [INFO] [1732662835.251972848] [drone_home1.sim]: Sent: -0.02676095854133921, -0.5
[drive_publisher-1] [INFO] [1732662835.272950074] [drone_home1.sim]: Sent: -0.06566672357976, -0.5
[drive_publisher-1] [INFO] [1732662835.289485751] [drone_home1.sim]: Sent: -0.11105678230361155, -0.5
[drive_publisher-1] [INFO] [1732662835.305296059] [drone_home1.sim]: Sent: -0.1629311317870577, -0.5
[drive_publisher-1] [INFO] [1732662835.313507527] [drone_home1.sim]: Sent: -0.2083211963625816, -0.5
[drive_publisher-1] [INFO] [1732662835.333452458] [drone_home1.sim]: Sent: -0.2472269526234939, -0.5
[drive_publisher-1] [INFO] [1732662835.345291124] [drone_home1.sim]: Sent: -0.29910132551362933, -0.5
[drive_publisher-1] [INFO] [1732662835.361319598] [drone_home1.sim]: Sent: -0.33800708177454164, -0.5
[drive_publisher-1] [INFO] [1732662835.381205733] [drone_home1.sim]: Sent: -0.37691283803545395, -0.5
[drive_publisher-1] [INFO] [1732662835.397334041] [drone_home1.sim]: Sent: -0.4028500010738324, -0.5
[drive_publisher-1] [INFO] [1732662835.407725616] [drone_home1.sim]: Sent: -0.43527149583351166, -0.5
[drive_publisher-1] [INFO] [1732662835.425424236] [drone_home1.sim]: Sent: -0.46120868227857936, -0.5
[drive_publisher-1] [INFO] [1732662835.449820808] [drone_home1.sim]: Sent: -0.5001144385394917, -0.5
[drive_publisher-1] [INFO] [1732662835.457569295] [drone_home1.sim]: Sent: -0.5195673166699478, -0.5
[drive_publisher-1] [INFO] [1732662835.473423677] [drone_home1.sim]: Sent: -0.5519888114296271, -0.5
[drive_publisher-1] [INFO] [1732662835.493496386] [drone_home1.sim]: Sent: -0.5714416895600832, -0.5
[drive_publisher-1] [INFO] [1732662835.505558737] [drone_home1.sim]: Sent: -0.5973788291917724, -0.5
[drive_publisher-1] [INFO] [1732662835.519681121] [drone_home1.sim]: Sent: -0.6168317073222286, -0.5
[drive_publisher-1] [INFO] [1732662835.535374448] [drone_home1.sim]: Sent: -0.6362846322660632, -0.5
[drive_publisher-1] [INFO] [1732662835.553785418] [drone_home1.sim]: Sent: -0.6557375103965194, -0.5
[drive_publisher-1] [INFO] [1732662835.570354947] [drone_home1.sim]: Sent: -0.668706080212364, -0.5
[drive_publisher-1] [INFO] [1732662835.586431218] [drone_home1.sim]: Sent: -0.6881589583428201, -0.5
[drive_publisher-1] [INFO] [1732662835.601502693] [drone_home1.sim]: Sent: -0.7076118364732763, -0.5
[drive_publisher-1] [INFO] [1732662835.617445742] [drone_home1.sim]: Sent: -0.7140961447878879, -0.5
[drive_publisher-1] [INFO] [1732662835.635475250] [drone_home1.sim]: Sent: -0.733549022918344, -0.5
[drive_publisher-1] [INFO] [1732662835.649573227] [drone_home1.sim]: Sent: -0.7465175927341886, -0.5
[drive_publisher-1] [INFO] [1732662835.665430961] [drone_home1.sim]: Sent: -0.7659705176780234, -0.5
[drive_publisher-1] [INFO] [1732662835.686148224] [drone_home1.sim]: Sent: -0.7724547791792563, -0.5
[drive_publisher-1] [INFO] [1732662835.701377107] [drone_home1.sim]: Sent: -0.7853981633974483, -0.5
[drive_publisher-1] [INFO] [1732662835.796252528] [drone_home1.sim]: Sent: -0.7853981633974483, -0.5
[drive_publisher-1] [INFO] [1732662835.897653347] [drone_home1.sim]: Sent: -0.7853981633974483, -0.5
[drive_publisher-1] [INFO] [1732662836.014056178] [drone_home1.sim]: Sent: -0.7853981633974483, -0.5
[drive_publisher-1] [INFO] [1732662836.109931393] [drone_home1.sim]: Sent: -0.7853981633974483, -0.5
[drive_publisher-1] [INFO] [1732662836.202011966] [drone_home1.sim]: Sent: -0.7853981633974483, -0.5
[drive_publisher-1] [INFO] [1732662836.306330112] [drone_home1.sim]: Sent: -0.7853981633974483, -0.5
[drive_publisher-1] [INFO] [1732662836.448062790] [drone_home1.sim]: Sent: -0.7853981633974483, -0.5
[drive_publisher-1] [INFO] [1732662836.450960026] [drone_home1.sim]: Sent: -0.7853981633974483, -0.5
[drive_publisher-1] [INFO] [1732662836.502126073] [drone_home1.sim]: Sent: -0.7853981633974483, -0.5
[drive_publisher-1] [INFO] [1732662836.650318759] [drone_home1.sim]: Sent: -0.7853981633974483, -0.5
[drive_publisher-1] [INFO] [1732662836.652492959] [drone_home1.sim]: Sent: -0.7853981633974483, -0.5
[drive_publisher-1] [INFO] [1732662836.848306198] [drone_home1.sim]: Sent: -0.7853981633974483, -0.5
[drive_publisher-1] [INFO] [1732662836.853811152] [drone_home1.sim]: Sent: -0.7853981633974483, -0.5
[drive_publisher-1] [INFO] [1732662836.901383371] [drone_home1.sim]: Sent: -0.7853981633974483, -0.5
[drive_publisher-1] [INFO] [1732662837.053804420] [drone_home1.sim]: Sent: -0.7853981633974483, -0.5
[drive_publisher-1] [INFO] [1732662837.102624248] [drone_home1.sim]: Sent: -0.7853981633974483, -0.5
[drive_publisher-1] [INFO] [1732662837.258235976] [drone_home1.sim]: Sent: -0.7853981633974483, -0.5
[drive_publisher-1] [INFO] [1732662837.260340306] [drone_home1.sim]: Sent: -0.7853981633974483, -0.5
[drive_publisher-1] [INFO] [1732662837.305414325] [drone_home1.sim]: Sent: -0.7853981633974483, -0.5
[drive_publisher-1] [INFO] [1732662837.465616953] [drone_home1.sim]: Sent: -0.7853981633974483, -0.5
[drive_publisher-1] [INFO] [1732662837.467979505] [drone_home1.sim]: Sent: -0.7853981633974483, -0.5
[drive_publisher-1] [INFO] [1732662837.502302523] [drone_home1.sim]: Sent: -0.7853981633974483, -0.5
[drive_publisher-1] [INFO] [1732662837.671552025] [drone_home1.sim]: Sent: -0.7853981633974483, -0.5
[drive_publisher-1] [INFO] [1732662837.673468818] [drone_home1.sim]: Sent: -0.7853981633974483, -0.5
[drive_publisher-1] [INFO] [1732662837.751734931] [drone_home1.sim]: Sent: -0.7853981633974483, -0.5
[drive_publisher-1] [INFO] [1732662837.873952066] [drone_home1.sim]: Sent: -0.7853981633974483, -0.5
[drive_publisher-1] [INFO] [1732662837.905718236] [drone_home1.sim]: Sent: -0.7853981633974483, -0.5
[drive_publisher-1] [INFO] [1732662838.077958973] [drone_home1.sim]: Sent: -0.7853981633974483, -0.5
[drive_publisher-1] [INFO] [1732662838.104140597] [drone_home1.sim]: Sent: -0.7853981633974483, -0.5
[drive_publisher-1] [INFO] [1732662838.159788302] [drone_home1.sim]: Sent: -0.7853981633974483, -0.5
[drive_publisher-1] [INFO] [1732662838.285857559] [drone_home1.sim]: Sent: -0.7659705176780234, -0.5
[drive_publisher-1] [INFO] [1732662838.287870981] [drone_home1.sim]: Sent: -0.733549022918344, -0.5
[drive_publisher-1] [INFO] [1732662838.290290700] [drone_home1.sim]: Sent: -0.7076118364732763, -0.5
[drive_publisher-1] [INFO] [1732662838.293062380] [drone_home1.sim]: Sent: -0.668706080212364, -0.5
[drive_publisher-1] [INFO] [1732662838.295688172] [drone_home1.sim]: Sent: -0.6298003239514517, -0.5
[drive_publisher-1] [INFO] [1732662838.299782517] [drone_home1.sim]: Sent: -0.5973788291917724, -0.5
[drive_publisher-1] [INFO] [1732662838.302637513] [drone_home1.sim]: Sent: -0.5584730729308601, -0.5
[drive_publisher-1] [INFO] [1732662838.309306539] [drone_home1.sim]: Sent: -0.5195673166699478, -0.5
[drive_publisher-1] [INFO] [1732662838.323468997] [drone_home1.sim]: Sent: -0.47417725209442396, -0.5
[drive_publisher-1] [INFO] [1732662838.341927485] [drone_home1.sim]: Sent: -0.43527149583351166, -0.5
[drive_publisher-1] [INFO] [1732662838.357318423] [drone_home1.sim]: Sent: -0.39636573957259935, -0.5
[drive_publisher-1] [INFO] [1732662838.373289990] [drone_home1.sim]: Sent: -0.34449136668246394, -0.5
[drive_publisher-1] [INFO] [1732662838.489712299] [drone_home1.sim]: Sent: -0.30558561042155163, -0.5
[drive_publisher-1] [INFO] [1732662838.492053684] [drone_home1.sim]: Sent: -0.2601955458460277, -0.5
[drive_publisher-1] [INFO] [1732662838.495704641] [drone_home1.sim]: Sent: -0.22128978958511544, -0.5
[drive_publisher-1] [INFO] [1732662838.497822397] [drone_home1.sim]: Sent: -0.18238402162085848, -0.5
[drive_publisher-1] [INFO] [1732662838.499854486] [drone_home1.sim]: Sent: -0.14996255026786848, -0.5
[drive_publisher-1] [INFO] [1732662838.502182834] [drone_home1.sim]: Sent: -0.11105678230361155, -0.5
[drive_publisher-1] [INFO] [1732662838.503809905] [drone_home1.sim]: Sent: -0.08511960756188847, -0.5
[drive_publisher-1] [INFO] [1732662838.505775273] [drone_home1.sim]: Sent: -0.052698136208898454, -0.5
[drive_publisher-1] [INFO] [1732662838.513475149] [drone_home1.sim]: Sent: -0.033245255152606144, -0.5
[drive_publisher-1] [INFO] [1732662838.528258125] [drone_home1.sim]: Sent: 0.0, -0.5
[drive_publisher-1] [INFO] [1732662838.697087644] [drone_home1.sim]: Sent: 0.0, -0.5
[drive_publisher-1] [INFO] [1732662838.700038399] [drone_home1.sim]: Sent: 0.0, -0.5
[drive_publisher-1] [INFO] [1732662838.771775114] [drone_home1.sim]: Sent: 0.0, -0.5
[drive_publisher-1] [INFO] [1732662838.914553584] [drone_home1.sim]: Sent: 0.0, -0.5
[drive_publisher-1] [INFO] [1732662838.918617596] [drone_home1.sim]: Sent: 0.0, -0.5
[drive_publisher-1] [INFO] [1732662838.936450511] [drone_home1.sim]: Sent: 0.0, -0.5
[drive_publisher-1] [INFO] [1732662839.149793253] [drone_home1.sim]: Sent: 0.0, -0.5
[drive_publisher-1] [INFO] [1732662839.151913731] [drone_home1.sim]: Sent: 0.0, -0.5
[drive_publisher-1] [INFO] [1732662839.190123853] [drone_home1.sim]: Sent: 0.0, -0.5
[drive_publisher-1] [INFO] [1732662839.323935336] [drone_home1.sim]: Sent: 0.0, -0.5
[drive_publisher-1] [INFO] [1732662839.381885759] [drone_home1.sim]: Sent: 0.0, -0.5
[drive_publisher-1] [INFO] [1732662839.518649886] [drone_home1.sim]: Sent: 0.0, -0.5
[drive_publisher-1] [INFO] [1732662839.581482190] [drone_home1.sim]: Sent: 0.0, -0.5
[drive_publisher-1] [INFO] [1732662839.589795380] [drone_home1.sim]: Sent: 0.0, -0.5
[drive_publisher-1] [INFO] [1732662839.683001763] [drone_home1.sim]: Sent: 0.0, -0.5
