[INFO] [launch]: All log files can be found below /home/pi/.ros/log/2024-11-26-17-54-36-413828-drone-home-10009
[INFO] [launch]: Default logging verbosity is set to INFO
[WARNING] [imu_publisher-2]: there are now at least 2 nodes with the name /drone_home1/sim created within this launch context
[WARNING] [drive_hardware-3]: there are now at least 3 nodes with the name /drone_home1/sim created within this launch context
[WARNING] [static_transform_publisher-5]: there are now at least 2 nodes with the name /drone_home1/static_transform_publisher created within this launch context
[INFO] [drive_publisher-1]: process started with pid [10015]
[INFO] [imu_publisher-2]: process started with pid [10016]
[INFO] [drive_hardware-3]: process started with pid [10017]
[INFO] [static_transform_publisher-4]: process started with pid [10018]
[INFO] [static_transform_publisher-5]: process started with pid [10019]
[static_transform_publisher-4] [WARN] [1732661676.577375166] []: Old-style arguments are deprecated; see --help for new-style arguments
[static_transform_publisher-5] [WARN] [1732661676.600387856] []: Old-style arguments are deprecated; see --help for new-style arguments
[static_transform_publisher-4] [INFO] [1732661676.604081932] [drone_home1.static_transform_publisher]: Spinning until stopped - publishing transform
[static_transform_publisher-4] translation: ('0.000000', '0.000000', '0.000000')
[static_transform_publisher-4] rotation: ('0.000000', '0.000000', '0.000000', '1.000000')
[static_transform_publisher-4] from 'map' to 'imu_frame'
[static_transform_publisher-5] [INFO] [1732661676.642135922] [drone_home1.static_transform_publisher]: Spinning until stopped - publishing transform
[static_transform_publisher-5] translation: ('0.000000', '0.000000', '0.000000')
[static_transform_publisher-5] rotation: ('0.000000', '0.000000', '0.000000', '1.000000')
[static_transform_publisher-5] from 'map' to 'gps_sensor'
[drive_hardware-3] /usr/lib/python3/dist-packages/gpiozero/output_devices.py:1509: PWMSoftwareFallback: To reduce servo jitter, use the pigpio pin factory.See https://gpiozero.readthedocs.io/en/stable/api_output.html#servo for more info
[drive_hardware-3]   warnings.warn(PWMSoftwareFallback(
[drive_publisher-1] Traceback (most recent call last):
[drive_publisher-1]   File "/home/pi/drone-home/ros2_ws/install/drone_home/lib/drone_home/drive_publisher", line 33, in <module>
[drive_publisher-1]     sys.exit(load_entry_point('drone-home==0.0.0', 'console_scripts', 'drive_publisher')())
[drive_publisher-1]              ^^^^^^^^^^^^^^^^^^^^^^^^^^^^^^^^^^^^^^^^^^^^^^^^^^^^^^^^^^^^^^^^^^^^^^^^^^^^^
[drive_publisher-1]   File "/home/pi/drone-home/ros2_ws/install/drone_home/lib/python3.12/site-packages/drone_home/joy_to_ackermann.py", line 52, in main
[drive_publisher-1]     joy_subscriber = cdcJoySubscriber()
[drive_publisher-1]                      ^^^^^^^^^^^^^^^^^^
[drive_publisher-1]   File "/home/pi/drone-home/ros2_ws/install/drone_home/lib/python3.12/site-packages/drone_home/joy_to_ackermann.py", line 14, in __init__
[drive_publisher-1]     Jooy,
[drive_publisher-1]     ^^^^
[drive_publisher-1] NameError: name 'Jooy' is not defined. Did you mean: 'Joy'?
[ERROR] [drive_publisher-1]: process has died [pid 10015, exit code 1, cmd '/home/pi/drone-home/ros2_ws/install/drone_home/lib/drone_home/drive_publisher --ros-args -r __node:=sim -r __ns:=/drone_home1'].
[imu_publisher-2] [INFO] [1732661678.993541064] [drone_home1.sim]: Calibration status: (True, 'Calibration (sys:0, gyro:0, accel:3, mag:0)')
