[INFO] [launch]: All log files can be found below /home/pi/.ros/log/2024-11-27-12-48-53-856197-drone-home-50975
[INFO] [launch]: Default logging verbosity is set to INFO
[WARNING] [imu_publisher-2]: there are now at least 2 nodes with the name /drone_home1/sim created within this launch context
[WARNING] [drive_hardware-3]: there are now at least 3 nodes with the name /drone_home1/sim created within this launch context
[WARNING] [static_transform_publisher-5]: there are now at least 2 nodes with the name /drone_home1/static_transform_publisher created within this launch context
[INFO] [drive_publisher-1]: process started with pid [50981]
[INFO] [imu_publisher-2]: process started with pid [50982]
[INFO] [drive_hardware-3]: process started with pid [50983]
[INFO] [static_transform_publisher-4]: process started with pid [50984]
[INFO] [static_transform_publisher-5]: process started with pid [50985]
[static_transform_publisher-4] [WARN] [1732729733.998452382] []: Old-style arguments are deprecated; see --help for new-style arguments
[static_transform_publisher-5] [WARN] [1732729734.017495011] []: Old-style arguments are deprecated; see --help for new-style arguments
[static_transform_publisher-4] [INFO] [1732729734.034646593] [drone_home1.static_transform_publisher]: Spinning until stopped - publishing transform
[static_transform_publisher-4] translation: ('0.000000', '0.000000', '0.000000')
[static_transform_publisher-4] rotation: ('0.000000', '0.000000', '0.000000', '1.000000')
[static_transform_publisher-4] from 'map' to 'imu_frame'
[static_transform_publisher-5] [INFO] [1732729734.054677791] [drone_home1.static_transform_publisher]: Spinning until stopped - publishing transform
[static_transform_publisher-5] translation: ('0.000000', '0.000000', '0.000000')
[static_transform_publisher-5] rotation: ('0.000000', '0.000000', '0.000000', '1.000000')
[static_transform_publisher-5] from 'map' to 'gps_sensor'
[drive_hardware-3] /usr/lib/python3/dist-packages/gpiozero/output_devices.py:1509: PWMSoftwareFallback: To reduce servo jitter, use the pigpio pin factory.See https://gpiozero.readthedocs.io/en/stable/api_output.html#servo for more info
[drive_hardware-3]   warnings.warn(PWMSoftwareFallback(
[imu_publisher-2] [INFO] [1732729736.297966793] [drone_home1.sim]: Calibration status: (True, 'Calibration (sys:0, gyro:0, accel:3, mag:0)')
[imu_publisher-2] [INFO] [1732729736.352948374] [drone_home1.sim]: -0.015882554333164312
[imu_publisher-2] [INFO] [1732729736.402404464] [drone_home1.sim]: -0.015882554333164312
[imu_publisher-2] [INFO] [1732729736.452068497] [drone_home1.sim]: -0.015882554333164312
[imu_publisher-2] [INFO] [1732729736.502433287] [drone_home1.sim]: -0.015882554333164312
[imu_publisher-2] [INFO] [1732729736.552858094] [drone_home1.sim]: -0.015882554333164312
[imu_publisher-2] [INFO] [1732729736.611318622] [drone_home1.sim]: -0.015882554333164312
[imu_publisher-2] [INFO] [1732729736.672065823] [drone_home1.sim]: -0.015882554333164312
[imu_publisher-2] [INFO] [1732729736.703297169] [drone_home1.sim]: -0.015882554333164312
[imu_publisher-2] [INFO] [1732729736.802766809] [drone_home1.sim]: -0.015882554333164312
[imu_publisher-2] [INFO] [1732729736.813737348] [drone_home1.sim]: -0.015882554333164312
[imu_publisher-2] [INFO] [1732729736.901017400] [drone_home1.sim]: -0.015882554333164312
[imu_publisher-2] [INFO] [1732729737.003367767] [drone_home1.sim]: -0.015882554333164312
[imu_publisher-2] [INFO] [1732729737.009008017] [drone_home1.sim]: -0.015882554333164312
[imu_publisher-2] [INFO] [1732729737.066848288] [drone_home1.sim]: -0.015882554333164312
[imu_publisher-2] [INFO] [1732729737.104256549] [drone_home1.sim]: -0.015882554333164312
[imu_publisher-2] [INFO] [1732729737.155519556] [drone_home1.sim]: -0.015882554333164312
[imu_publisher-2] [INFO] [1732729737.219009706] [drone_home1.sim]: -0.015882554333164312
[imu_publisher-2] [INFO] [1732729737.254672105] [drone_home1.sim]: -0.015882554333164312
[imu_publisher-2] [INFO] [1732729737.304498730] [drone_home1.sim]: -0.015882554333164312
[imu_publisher-2] [INFO] [1732729737.369751002] [drone_home1.sim]: -0.015882554333164312
[imu_publisher-2] [INFO] [1732729737.462626082] [drone_home1.sim]: -0.015882554333164312
[imu_publisher-2] [INFO] [1732729737.512277375] [drone_home1.sim]: -0.015882554333164312
[imu_publisher-2] [INFO] [1732729737.572557338] [drone_home1.sim]: -0.015882554333164312
[imu_publisher-2] [INFO] [1732729737.603715962] [drone_home1.sim]: -0.015882554333164312
[imu_publisher-2] [INFO] [1732729737.658849339] [drone_home1.sim]: -0.015882554333164312
[imu_publisher-2] [INFO] [1732729737.726598654] [drone_home1.sim]: -0.015882554333164312
[imu_publisher-2] [INFO] [1732729737.753054635] [drone_home1.sim]: -0.015882554333164312
[imu_publisher-2] [INFO] [1732729737.811836476] [drone_home1.sim]: -0.015882554333164312
[imu_publisher-2] [INFO] [1732729737.869401322] [drone_home1.sim]: -0.015882554333164312
[imu_publisher-2] [INFO] [1732729737.949718057] [drone_home1.sim]: -0.015882554333164312
[imu_publisher-2] [INFO] [1732729737.959469157] [drone_home1.sim]: -0.015882554333164312
[imu_publisher-2] [INFO] [1732729738.069597374] [drone_home1.sim]: -0.015882554333164312
[imu_publisher-2] [INFO] [1732729738.102597490] [drone_home1.sim]: -0.015882554333164312
[imu_publisher-2] [INFO] [1732729738.152671262] [drone_home1.sim]: -0.015882554333164312
[imu_publisher-2] [INFO] [1732729738.202580757] [drone_home1.sim]: -0.015882554333164312
[imu_publisher-2] [INFO] [1732729738.252548512] [drone_home1.sim]: -0.015882554333164312
[imu_publisher-2] [INFO] [1732729738.302552803] [drone_home1.sim]: -0.015882554333164312
[imu_publisher-2] [INFO] [1732729738.379346758] [drone_home1.sim]: -0.015882554333164312
[imu_publisher-2] [INFO] [1732729738.428728256] [drone_home1.sim]: -0.015882554333164312
[imu_publisher-2] [INFO] [1732729738.505230565] [drone_home1.sim]: -0.015882554333164312
[imu_publisher-2] [INFO] [1732729738.553186070] [drone_home1.sim]: -0.015882554333164312
[imu_publisher-2] [INFO] [1732729738.629401973] [drone_home1.sim]: -0.015882554333164312
[imu_publisher-2] [INFO] [1732729738.711672550] [drone_home1.sim]: -0.015882554333164312
[imu_publisher-2] [INFO] [1732729738.753629491] [drone_home1.sim]: -0.015882554333164312
[imu_publisher-2] [INFO] [1732729738.803874374] [drone_home1.sim]: -0.015882554333164312
[imu_publisher-2] [INFO] [1732729738.853641129] [drone_home1.sim]: -0.015882554333164312
[imu_publisher-2] [INFO] [1732729738.936977682] [drone_home1.sim]: -0.015882554333164312
[imu_publisher-2] [INFO] [1732729739.042085962] [drone_home1.sim]: -0.015882554333164312
[imu_publisher-2] [INFO] [1732729739.104057490] [drone_home1.sim]: -0.015882554333164312
[imu_publisher-2] [INFO] [1732729739.154185151] [drone_home1.sim]: -0.015882554333164312
[imu_publisher-2] [INFO] [1732729739.204229997] [drone_home1.sim]: -0.015882554333164312
[imu_publisher-2] [INFO] [1732729739.253945771] [drone_home1.sim]: -0.015882554333164312
[imu_publisher-2] [INFO] [1732729739.304414505] [drone_home1.sim]: -0.015882554333164312
[imu_publisher-2] [INFO] [1732729739.354190815] [drone_home1.sim]: -0.015882554333164312
[imu_publisher-2] [INFO] [1732729739.404176440] [drone_home1.sim]: -0.015882554333164312
[imu_publisher-2] [INFO] [1732729739.476772527] [drone_home1.sim]: -0.015882554333164312
[imu_publisher-2] [INFO] [1732729739.504405984] [drone_home1.sim]: -0.015882554333164312
[imu_publisher-2] [INFO] [1732729739.618174665] [drone_home1.sim]: -0.015882554333164312
[imu_publisher-2] [INFO] [1732729739.654246358] [drone_home1.sim]: -0.015882554333164312
[imu_publisher-2] [INFO] [1732729739.703759559] [drone_home1.sim]: -0.015882554333164312
[imu_publisher-2] [INFO] [1732729739.753339186] [drone_home1.sim]: -0.015882554333164312
[imu_publisher-2] [INFO] [1732729739.808052065] [drone_home1.sim]: -0.015882554333164312
[imu_publisher-2] [INFO] [1732729739.853392953] [drone_home1.sim]: -0.015882554333164312
[imu_publisher-2] [INFO] [1732729739.935958935] [drone_home1.sim]: -0.015882554333164312
[imu_publisher-2] [INFO] [1732729739.952464336] [drone_home1.sim]: -0.015882554333164312
[imu_publisher-2] [INFO] [1732729740.018898268] [drone_home1.sim]: -0.015882554333164312
[imu_publisher-2] [INFO] [1732729740.069986054] [drone_home1.sim]: -0.015882554333164312
[imu_publisher-2] [INFO] [1732729740.102233062] [drone_home1.sim]: -0.015882554333164312
[imu_publisher-2] [INFO] [1732729740.152885554] [drone_home1.sim]: -0.015882554333164312
[imu_publisher-2] [INFO] [1732729740.218573712] [drone_home1.sim]: -0.015882554333164312
[imu_publisher-2] [INFO] [1732729740.291471465] [drone_home1.sim]: -0.015882554333164312
[imu_publisher-2] [INFO] [1732729740.302077079] [drone_home1.sim]: -0.015882554333164312
[imu_publisher-2] [INFO] [1732729740.356647792] [drone_home1.sim]: -0.015882554333164312
[imu_publisher-2] [INFO] [1732729740.402627788] [drone_home1.sim]: -0.015882554333164312
[imu_publisher-2] [INFO] [1732729740.452416432] [drone_home1.sim]: -0.015882554333164312
[imu_publisher-2] [INFO] [1732729740.537505218] [drone_home1.sim]: -0.015882554333164312
[imu_publisher-2] [INFO] [1732729740.552594792] [drone_home1.sim]: -0.015882554333164312
[imu_publisher-2] [INFO] [1732729740.603077303] [drone_home1.sim]: -0.015882554333164312
[imu_publisher-2] [INFO] [1732729740.656286059] [drone_home1.sim]: -0.015882554333164312
[imu_publisher-2] [INFO] [1732729740.703250977] [drone_home1.sim]: -0.015882554333164312
[imu_publisher-2] [INFO] [1732729740.753428230] [drone_home1.sim]: -0.015882554333164312
[imu_publisher-2] [INFO] [1732729740.803661149] [drone_home1.sim]: -0.015882554333164312
[imu_publisher-2] [INFO] [1732729740.853646996] [drone_home1.sim]: -0.015882554333164312
[imu_publisher-2] [INFO] [1732729740.903855620] [drone_home1.sim]: -0.015882554333164312
[imu_publisher-2] [INFO] [1732729740.953872411] [drone_home1.sim]: -0.015882554333164312
[imu_publisher-2] [INFO] [1732729741.034054368] [drone_home1.sim]: -0.015882554333164312
[imu_publisher-2] [INFO] [1732729741.106442327] [drone_home1.sim]: -0.015882554333164312
[imu_publisher-2] [INFO] [1732729741.154145777] [drone_home1.sim]: -0.015882554333164312
[imu_publisher-2] [INFO] [1732729741.203601442] [drone_home1.sim]: -0.015882554333164312
[imu_publisher-2] [INFO] [1732729741.253326438] [drone_home1.sim]: -0.015882554333164312
[imu_publisher-2] [INFO] [1732729741.317754565] [drone_home1.sim]: -0.015882554333164312
[imu_publisher-2] [INFO] [1732729741.422209237] [drone_home1.sim]: -0.015882554333164312
[imu_publisher-2] [INFO] [1732729741.452478032] [drone_home1.sim]: -0.015882554333164312
[imu_publisher-2] [INFO] [1732729741.507393633] [drone_home1.sim]: -0.015882554333164312
[imu_publisher-2] [INFO] [1732729741.552655003] [drone_home1.sim]: -0.015882554333164312
[imu_publisher-2] [INFO] [1732729741.627531653] [drone_home1.sim]: -0.015882554333164312
[imu_publisher-2] [INFO] [1732729741.652447030] [drone_home1.sim]: -0.015882554333164312
[imu_publisher-2] [INFO] [1732729741.702133712] [drone_home1.sim]: -0.015882554333164312
[imu_publisher-2] [INFO] [1732729741.751806301] [drone_home1.sim]: -0.015882554333164312
[imu_publisher-2] [INFO] [1732729741.801684056] [drone_home1.sim]: -0.015882554333164312
[imu_publisher-2] [INFO] [1732729741.865743500] [drone_home1.sim]: -0.015882554333164312
[imu_publisher-2] [INFO] [1732729741.939197268] [drone_home1.sim]: -0.015882554333164312
[imu_publisher-2] [INFO] [1732729741.990573016] [drone_home1.sim]: -0.015882554333164312
[imu_publisher-2] [INFO] [1732729742.049487411] [drone_home1.sim]: -0.015882554333164312
[imu_publisher-2] [INFO] [1732729742.059290418] [drone_home1.sim]: -0.015882554333164312
[imu_publisher-2] [INFO] [1732729742.126616291] [drone_home1.sim]: -0.015882554333164312
[imu_publisher-2] [INFO] [1732729742.182368850] [drone_home1.sim]: -0.015882554333164312
[imu_publisher-2] [INFO] [1732729742.249152318] [drone_home1.sim]: -0.015882554333164312
[imu_publisher-2] [INFO] [1732729742.270536157] [drone_home1.sim]: -0.015882554333164312
[imu_publisher-2] [INFO] [1732729742.342321915] [drone_home1.sim]: -0.015882554333164312
[imu_publisher-2] [INFO] [1732729742.481757526] [drone_home1.sim]: -0.015882554333164312
[imu_publisher-2] [INFO] [1732729743.005214563] [drone_home1.sim]: -0.015882554333164312
[imu_publisher-2] [INFO] [1732729743.054363395] [drone_home1.sim]: -0.015882554333164312
[imu_publisher-2] [INFO] [1732729743.104643129] [drone_home1.sim]: -0.015882554333164312
[imu_publisher-2] [INFO] [1732729743.154328922] [drone_home1.sim]: -0.015882554333164312
[imu_publisher-2] [INFO] [1732729743.217075595] [drone_home1.sim]: -0.015882554333164312
[imu_publisher-2] [INFO] [1732729743.271727104] [drone_home1.sim]: -0.015882554333164312
[imu_publisher-2] [INFO] [1732729743.384363791] [drone_home1.sim]: -0.015882554333164312
[imu_publisher-2] [INFO] [1732729743.410553051] [drone_home1.sim]: -0.015882554333164312
[imu_publisher-2] [INFO] [1732729743.472801560] [drone_home1.sim]: -0.015882554333164312
[imu_publisher-2] [INFO] [1732729743.557417495] [drone_home1.sim]: -0.015882554333164312
[imu_publisher-2] [INFO] [1732729743.633715750] [drone_home1.sim]: -0.015882554333164312
[imu_publisher-2] [INFO] [1732729743.654034650] [drone_home1.sim]: -0.015882554333164312
[imu_publisher-2] [INFO] [1732729743.703971923] [drone_home1.sim]: -0.015882554333164312
[imu_publisher-2] [INFO] [1732729743.753868214] [drone_home1.sim]: -0.015882554333164312
[imu_publisher-2] [INFO] [1732729743.803922246] [drone_home1.sim]: -0.015882554333164312
[imu_publisher-2] [INFO] [1732729743.899703108] [drone_home1.sim]: -0.015882554333164312
[imu_publisher-2] [INFO] [1732729743.906565038] [drone_home1.sim]: -0.015882554333164312
[imu_publisher-2] [INFO] [1732729743.961906080] [drone_home1.sim]: -0.015882554333164312
[imu_publisher-2] [INFO] [1732729744.002366881] [drone_home1.sim]: -0.015882554333164312
[imu_publisher-2] [INFO] [1732729744.052188322] [drone_home1.sim]: -0.015882554333164312
[imu_publisher-2] [INFO] [1732729744.137805697] [drone_home1.sim]: -0.015882554333164312
[imu_publisher-2] [INFO] [1732729744.210730875] [drone_home1.sim]: -0.015882554333164312
[imu_publisher-2] [INFO] [1732729744.262221807] [drone_home1.sim]: -0.015882554333164312
[imu_publisher-2] [INFO] [1732729744.316292689] [drone_home1.sim]: -0.015882554333164312
[imu_publisher-2] [INFO] [1732729744.393775679] [drone_home1.sim]: -0.015882554333164312
[imu_publisher-2] [INFO] [1732729744.407699499] [drone_home1.sim]: -0.015882554333164312
[imu_publisher-2] [INFO] [1732729744.521787901] [drone_home1.sim]: -0.015882554333164312
[imu_publisher-2] [INFO] [1732729744.553033210] [drone_home1.sim]: -0.015882554333164312
[imu_publisher-2] [INFO] [1732729744.603028298] [drone_home1.sim]: -0.015882554333164312
[imu_publisher-2] [INFO] [1732729744.653308680] [drone_home1.sim]: -0.015882554333164312
[imu_publisher-2] [INFO] [1732729744.703138861] [drone_home1.sim]: -0.015882554333164312
[imu_publisher-2] [INFO] [1732729744.760374672] [drone_home1.sim]: -0.015882554333164312
[imu_publisher-2] [INFO] [1732729744.834355049] [drone_home1.sim]: -0.015882554333164312
[imu_publisher-2] [INFO] [1732729744.883846158] [drone_home1.sim]: -0.015882554333164312
[imu_publisher-2] [INFO] [1732729744.944126083] [drone_home1.sim]: -0.015882554333164312
[imu_publisher-2] [INFO] [1732729744.979711242] [drone_home1.sim]: -0.015882554333164312
[imu_publisher-2] [INFO] [1732729745.031341581] [drone_home1.sim]: -0.015882554333164312
[imu_publisher-2] [INFO] [1732729745.094395345] [drone_home1.sim]: -0.015882554333164312
[imu_publisher-2] [INFO] [1732729745.119826053] [drone_home1.sim]: -0.015882554333164312
[imu_publisher-2] [INFO] [1732729745.194065169] [drone_home1.sim]: -0.015882554333164312
[imu_publisher-2] [INFO] [1732729745.255131647] [drone_home1.sim]: -0.015882554333164312
[imu_publisher-2] [INFO] [1732729745.304352220] [drone_home1.sim]: -0.015882554333164312
[imu_publisher-2] [INFO] [1732729745.354419362] [drone_home1.sim]: -0.015882554333164312
[imu_publisher-2] [INFO] [1732729745.404282913] [drone_home1.sim]: -0.015882554333164312
[imu_publisher-2] [INFO] [1732729745.455708290] [drone_home1.sim]: -0.015882554333164312
[imu_publisher-2] [INFO] [1732729745.542780992] [drone_home1.sim]: -0.015882554333164312
