[INFO] [launch]: All log files can be found below /home/pi/.ros/log/2024-11-21-09-59-03-355903-drone-home-4976
[INFO] [launch]: Default logging verbosity is set to INFO
[WARNING] [imu_publisher-2]: there are now at least 2 nodes with the name /drone_home1/sim created within this launch context
[WARNING] [joy_node-3]: there are now at least 3 nodes with the name /drone_home1/sim created within this launch context
[WARNING] [drive_hardware-4]: there are now at least 4 nodes with the name /drone_home1/sim created within this launch context
[WARNING] [controller-5]: there are now at least 5 nodes with the name /drone_home1/sim created within this launch context
[WARNING] [static_transform_publisher-7]: there are now at least 2 nodes with the name /drone_home1/static_transform_publisher created within this launch context
[INFO] [drive_publisher-1]: process started with pid [4981]
[INFO] [imu_publisher-2]: process started with pid [4982]
[INFO] [joy_node-3]: process started with pid [4983]
[INFO] [drive_hardware-4]: process started with pid [4984]
[INFO] [controller-5]: process started with pid [4985]
[INFO] [static_transform_publisher-6]: process started with pid [4986]
[INFO] [static_transform_publisher-7]: process started with pid [4987]
[static_transform_publisher-7] [WARN] [1732201143.640558636] []: Old-style arguments are deprecated; see --help for new-style arguments
[static_transform_publisher-6] [WARN] [1732201143.640558359] []: Old-style arguments are deprecated; see --help for new-style arguments
[static_transform_publisher-7] [INFO] [1732201143.748424376] [drone_home1.static_transform_publisher]: Spinning until stopped - publishing transform
[static_transform_publisher-7] translation: ('0.000000', '0.000000', '0.000000')
[static_transform_publisher-7] rotation: ('0.000000', '0.000000', '0.000000', '1.000000')
[static_transform_publisher-7] from 'map' to 'gps_sensor'
[static_transform_publisher-6] [INFO] [1732201143.756743255] [drone_home1.static_transform_publisher]: Spinning until stopped - publishing transform
[static_transform_publisher-6] translation: ('0.000000', '0.000000', '0.000000')
[static_transform_publisher-6] rotation: ('0.000000', '0.000000', '0.000000', '1.000000')
[static_transform_publisher-6] from 'map' to 'imu_frame'
[drive_hardware-4] /usr/lib/python3/dist-packages/gpiozero/output_devices.py:1509: PWMSoftwareFallback: To reduce servo jitter, use the pigpio pin factory.See https://gpiozero.readthedocs.io/en/stable/api_output.html#servo for more info
[drive_hardware-4]   warnings.warn(PWMSoftwareFallback(
[controller-5] [INFO] [1732201145.105791969] [drone_home1.sim]: Controller running
[imu_publisher-2] [INFO] [1732201146.184559739] [drone_home1.sim]: Calibration status: (False, 'Calibration (sys:0, gyro:0, accel:3, mag:0)')
[imu_publisher-2] [INFO] [1732201146.686632150] [drone_home1.sim]: Calibration status: (False, 'Calibration (sys:0, gyro:3, accel:3, mag:0)')
[imu_publisher-2] [INFO] [1732201147.188615509] [drone_home1.sim]: Calibration status: (False, 'Calibration (sys:0, gyro:3, accel:3, mag:0)')
[imu_publisher-2] [INFO] [1732201147.690583318] [drone_home1.sim]: Calibration status: (False, 'Calibration (sys:0, gyro:3, accel:3, mag:0)')
[imu_publisher-2] [INFO] [1732201148.192173739] [drone_home1.sim]: Calibration status: (False, 'Calibration (sys:0, gyro:3, accel:3, mag:0)')
[imu_publisher-2] [INFO] [1732201148.693721787] [drone_home1.sim]: Calibration status: (False, 'Calibration (sys:0, gyro:3, accel:3, mag:0)')
[imu_publisher-2] [INFO] [1732201149.195260047] [drone_home1.sim]: Calibration status: (False, 'Calibration (sys:0, gyro:3, accel:3, mag:0)')
[imu_publisher-2] [INFO] [1732201149.697284419] [drone_home1.sim]: Calibration status: (False, 'Calibration (sys:0, gyro:3, accel:3, mag:0)')
[imu_publisher-2] [INFO] [1732201150.198873760] [drone_home1.sim]: Calibration status: (False, 'Calibration (sys:0, gyro:3, accel:3, mag:0)')
[imu_publisher-2] [INFO] [1732201150.700440236] [drone_home1.sim]: Calibration status: (False, 'Calibration (sys:0, gyro:3, accel:3, mag:0)')
[imu_publisher-2] [INFO] [1732201151.201941413] [drone_home1.sim]: Calibration status: (False, 'Calibration (sys:0, gyro:3, accel:3, mag:0)')
[imu_publisher-2] [INFO] [1732201151.703513235] [drone_home1.sim]: Calibration status: (False, 'Calibration (sys:0, gyro:3, accel:3, mag:0)')
[imu_publisher-2] [INFO] [1732201152.205067459] [drone_home1.sim]: Calibration status: (False, 'Calibration (sys:0, gyro:3, accel:3, mag:0)')
[imu_publisher-2] [INFO] [1732201152.706748807] [drone_home1.sim]: Calibration status: (False, 'Calibration (sys:0, gyro:3, accel:3, mag:0)')
[imu_publisher-2] [INFO] [1732201153.208387047] [drone_home1.sim]: Calibration status: (False, 'Calibration (sys:0, gyro:3, accel:3, mag:0)')
[imu_publisher-2] [INFO] [1732201153.709991392] [drone_home1.sim]: Calibration status: (False, 'Calibration (sys:0, gyro:3, accel:3, mag:0)')
[imu_publisher-2] [INFO] [1732201154.211588115] [drone_home1.sim]: Calibration status: (False, 'Calibration (sys:0, gyro:3, accel:3, mag:0)')
[imu_publisher-2] [INFO] [1732201154.713155645] [drone_home1.sim]: Calibration status: (False, 'Calibration (sys:0, gyro:3, accel:3, mag:0)')
[imu_publisher-2] [INFO] [1732201155.214746979] [drone_home1.sim]: Calibration status: (False, 'Calibration (sys:0, gyro:3, accel:3, mag:0)')
[imu_publisher-2] [INFO] [1732201155.716319901] [drone_home1.sim]: Calibration status: (False, 'Calibration (sys:0, gyro:3, accel:3, mag:0)')
[imu_publisher-2] [INFO] [1732201156.218515072] [drone_home1.sim]: Calibration status: (False, 'Calibration (sys:0, gyro:3, accel:3, mag:0)')
[imu_publisher-2] [INFO] [1732201156.720553776] [drone_home1.sim]: Calibration status: (False, 'Calibration (sys:0, gyro:3, accel:3, mag:0)')
[imu_publisher-2] [INFO] [1732201157.222589286] [drone_home1.sim]: Calibration status: (False, 'Calibration (sys:0, gyro:3, accel:3, mag:0)')
[imu_publisher-2] [INFO] [1732201157.724841254] [drone_home1.sim]: Calibration status: (False, 'Calibration (sys:0, gyro:3, accel:3, mag:0)')
[imu_publisher-2] [INFO] [1732201158.226932242] [drone_home1.sim]: Calibration status: (False, 'Calibration (sys:0, gyro:3, accel:3, mag:0)')
[imu_publisher-2] [INFO] [1732201158.728968705] [drone_home1.sim]: Calibration status: (False, 'Calibration (sys:0, gyro:3, accel:3, mag:0)')
[imu_publisher-2] [INFO] [1732201159.230777664] [drone_home1.sim]: Calibration status: (False, 'Calibration (sys:0, gyro:3, accel:3, mag:0)')
[imu_publisher-2] [INFO] [1732201159.732372199] [drone_home1.sim]: Calibration status: (False, 'Calibration (sys:0, gyro:3, accel:3, mag:0)')
[imu_publisher-2] [INFO] [1732201160.233891362] [drone_home1.sim]: Calibration status: (False, 'Calibration (sys:0, gyro:3, accel:3, mag:0)')
[imu_publisher-2] [INFO] [1732201160.736055610] [drone_home1.sim]: Calibration status: (False, 'Calibration (sys:0, gyro:3, accel:3, mag:0)')
[imu_publisher-2] [INFO] [1732201161.238084776] [drone_home1.sim]: Calibration status: (False, 'Calibration (sys:0, gyro:3, accel:3, mag:0)')
[imu_publisher-2] [INFO] [1732201161.740106710] [drone_home1.sim]: Calibration status: (False, 'Calibration (sys:0, gyro:3, accel:3, mag:0)')
[imu_publisher-2] [INFO] [1732201162.242063314] [drone_home1.sim]: Calibration status: (False, 'Calibration (sys:0, gyro:3, accel:3, mag:0)')
[imu_publisher-2] [INFO] [1732201162.743883332] [drone_home1.sim]: Calibration status: (False, 'Calibration (sys:0, gyro:3, accel:3, mag:0)')
[imu_publisher-2] [INFO] [1732201163.245420894] [drone_home1.sim]: Calibration status: (False, 'Calibration (sys:0, gyro:3, accel:3, mag:0)')
[imu_publisher-2] [INFO] [1732201163.746941355] [drone_home1.sim]: Calibration status: (False, 'Calibration (sys:0, gyro:3, accel:3, mag:0)')
[imu_publisher-2] [INFO] [1732201164.248527966] [drone_home1.sim]: Calibration status: (False, 'Calibration (sys:0, gyro:3, accel:3, mag:0)')
[imu_publisher-2] [INFO] [1732201164.750540224] [drone_home1.sim]: Calibration status: (False, 'Calibration (sys:0, gyro:3, accel:3, mag:0)')
[imu_publisher-2] [INFO] [1732201165.252573684] [drone_home1.sim]: Calibration status: (False, 'Calibration (sys:0, gyro:3, accel:3, mag:0)')
[imu_publisher-2] [INFO] [1732201165.754605002] [drone_home1.sim]: Calibration status: (False, 'Calibration (sys:0, gyro:3, accel:3, mag:0)')
[imu_publisher-2] [INFO] [1732201166.256667204] [drone_home1.sim]: Calibration status: (False, 'Calibration (sys:0, gyro:3, accel:3, mag:0)')
[imu_publisher-2] [INFO] [1732201166.758714146] [drone_home1.sim]: Calibration status: (False, 'Calibration (sys:0, gyro:3, accel:3, mag:0)')
[imu_publisher-2] [INFO] [1732201167.260275035] [drone_home1.sim]: Calibration status: (False, 'Calibration (sys:0, gyro:3, accel:3, mag:0)')
[imu_publisher-2] [INFO] [1732201167.761712341] [drone_home1.sim]: Calibration status: (False, 'Calibration (sys:0, gyro:3, accel:3, mag:0)')
[imu_publisher-2] [INFO] [1732201168.263312202] [drone_home1.sim]: Calibration status: (False, 'Calibration (sys:0, gyro:3, accel:3, mag:0)')
[imu_publisher-2] [INFO] [1732201168.765331036] [drone_home1.sim]: Calibration status: (False, 'Calibration (sys:0, gyro:3, accel:3, mag:0)')
[imu_publisher-2] [INFO] [1732201169.266912512] [drone_home1.sim]: Calibration status: (False, 'Calibration (sys:0, gyro:3, accel:3, mag:0)')
[imu_publisher-2] [INFO] [1732201169.768506621] [drone_home1.sim]: Calibration status: (False, 'Calibration (sys:0, gyro:3, accel:3, mag:0)')
[imu_publisher-2] [INFO] [1732201170.270070314] [drone_home1.sim]: Calibration status: (False, 'Calibration (sys:0, gyro:3, accel:3, mag:0)')
[imu_publisher-2] [INFO] [1732201170.771702743] [drone_home1.sim]: Calibration status: (False, 'Calibration (sys:0, gyro:3, accel:3, mag:0)')
[imu_publisher-2] [INFO] [1732201171.273299807] [drone_home1.sim]: Calibration status: (False, 'Calibration (sys:0, gyro:3, accel:3, mag:0)')
[imu_publisher-2] [INFO] [1732201171.774868048] [drone_home1.sim]: Calibration status: (False, 'Calibration (sys:0, gyro:3, accel:3, mag:0)')
[imu_publisher-2] [INFO] [1732201172.276439706] [drone_home1.sim]: Calibration status: (False, 'Calibration (sys:0, gyro:3, accel:3, mag:0)')
[imu_publisher-2] [INFO] [1732201172.777927887] [drone_home1.sim]: Calibration status: (False, 'Calibration (sys:0, gyro:3, accel:3, mag:0)')
[imu_publisher-2] [INFO] [1732201173.279533697] [drone_home1.sim]: Calibration status: (False, 'Calibration (sys:0, gyro:3, accel:3, mag:0)')
[imu_publisher-2] [INFO] [1732201173.781084335] [drone_home1.sim]: Calibration status: (False, 'Calibration (sys:0, gyro:3, accel:3, mag:0)')
[imu_publisher-2] [INFO] [1732201174.282693824] [drone_home1.sim]: Calibration status: (False, 'Calibration (sys:0, gyro:3, accel:3, mag:0)')
[imu_publisher-2] [INFO] [1732201174.784280903] [drone_home1.sim]: Calibration status: (False, 'Calibration (sys:0, gyro:3, accel:3, mag:0)')
[imu_publisher-2] [INFO] [1732201175.286311495] [drone_home1.sim]: Calibration status: (False, 'Calibration (sys:0, gyro:3, accel:3, mag:0)')
[imu_publisher-2] [INFO] [1732201175.788340741] [drone_home1.sim]: Calibration status: (False, 'Calibration (sys:0, gyro:3, accel:3, mag:0)')
[imu_publisher-2] [INFO] [1732201176.290336290] [drone_home1.sim]: Calibration status: (False, 'Calibration (sys:0, gyro:3, accel:3, mag:0)')
[imu_publisher-2] [INFO] [1732201176.792324067] [drone_home1.sim]: Calibration status: (False, 'Calibration (sys:0, gyro:3, accel:3, mag:0)')
[imu_publisher-2] [INFO] [1732201177.294286865] [drone_home1.sim]: Calibration status: (False, 'Calibration (sys:0, gyro:3, accel:3, mag:0)')
[imu_publisher-2] [INFO] [1732201177.795766249] [drone_home1.sim]: Calibration status: (False, 'Calibration (sys:0, gyro:3, accel:3, mag:0)')
[imu_publisher-2] [INFO] [1732201178.297294940] [drone_home1.sim]: Calibration status: (False, 'Calibration (sys:0, gyro:3, accel:3, mag:1)')
[imu_publisher-2] [INFO] [1732201178.799022673] [drone_home1.sim]: Calibration status: (False, 'Calibration (sys:0, gyro:3, accel:3, mag:2)')
[imu_publisher-2] [INFO] [1732201179.301030815] [drone_home1.sim]: Calibration status: (False, 'Calibration (sys:1, gyro:3, accel:3, mag:2)')
[imu_publisher-2] [INFO] [1732201179.803025683] [drone_home1.sim]: Calibration status: (False, 'Calibration (sys:3, gyro:3, accel:3, mag:2)')
[imu_publisher-2] [INFO] [1732201180.305085293] [drone_home1.sim]: Calibration status: (False, 'Calibration (sys:1, gyro:3, accel:3, mag:2)')
[imu_publisher-2] [INFO] [1732201180.807119571] [drone_home1.sim]: Calibration status: (False, 'Calibration (sys:1, gyro:3, accel:3, mag:2)')
[imu_publisher-2] [INFO] [1732201181.309540224] [drone_home1.sim]: Calibration status: (True, 'Calibration (sys:3, gyro:3, accel:3, mag:3)')
[imu_publisher-2] [INFO] [1732201182.375909551] [drone_home1.sim]: Calibration magnetometer values: ((3, 3, 3, 3), (-2899, -3477, -341))
[imu_publisher-2] [INFO] [1732201183.436066279] [drone_home1.sim]: Calibration magnetometer values: ((3, 3, 3, 3), (-2899, -3475, -343))
[imu_publisher-2] [INFO] [1732201184.495974301] [drone_home1.sim]: Calibration magnetometer values: ((1, 3, 3, 3), (-2900, -3479, -347))
[imu_publisher-2] [INFO] [1732201185.555720702] [drone_home1.sim]: Calibration magnetometer values: ((2, 3, 3, 3), (-2900, -3480, -351))
[imu_publisher-2] [INFO] [1732201186.615729450] [drone_home1.sim]: Calibration magnetometer values: ((0, 3, 3, 3), (-2900, -3480, -351))
[imu_publisher-2] [INFO] [1732201187.675849748] [drone_home1.sim]: Calibration magnetometer values: ((2, 3, 3, 3), (-2900, -3480, -351))
[imu_publisher-2] [INFO] [1732201188.735949495] [drone_home1.sim]: Calibration magnetometer values: ((3, 3, 3, 3), (-2900, -3480, -351))
[imu_publisher-2] [INFO] [1732201189.795749062] [drone_home1.sim]: Calibration magnetometer values: ((3, 3, 3, 3), (-2900, -3480, -351))
[imu_publisher-2] [INFO] [1732201190.855704339] [drone_home1.sim]: Calibration magnetometer values: ((3, 3, 3, 3), (-2900, -3480, -351))
[imu_publisher-2] [INFO] [1732201191.915580335] [drone_home1.sim]: Calibration magnetometer values: ((3, 3, 3, 3), (-2900, -3480, -351))
[imu_publisher-2] [INFO] [1732201192.975636740] [drone_home1.sim]: Calibration magnetometer values: ((3, 3, 3, 3), (-2900, -3480, -351))
[imu_publisher-2] [INFO] [1732201194.035518752] [drone_home1.sim]: Calibration magnetometer values: ((3, 3, 3, 3), (-2900, -3480, -351))
[imu_publisher-2] [INFO] [1732201195.095430706] [drone_home1.sim]: Calibration magnetometer values: ((3, 3, 3, 3), (-2900, -3480, -351))
[imu_publisher-2] [INFO] [1732201196.159938232] [drone_home1.sim]: Calibration magnetometer values: ((3, 3, 3, 3), (-2900, -3480, -351))
[imu_publisher-2] [INFO] [1732201197.229215089] [drone_home1.sim]: Calibration magnetometer values: ((3, 3, 3, 3), (-2900, -3480, -351))
[imu_publisher-2] [INFO] [1732201198.289461140] [drone_home1.sim]: Calibration magnetometer values: ((3, 3, 3, 3), (-2900, -3480, -351))
[imu_publisher-2] [INFO] [1732201199.349637917] [drone_home1.sim]: Calibration magnetometer values: ((3, 3, 3, 3), (-2900, -3480, -351))
[imu_publisher-2] [INFO] [1732201200.409778261] [drone_home1.sim]: Calibration magnetometer values: ((3, 3, 3, 3), (-2900, -3480, -351))
[imu_publisher-2] [INFO] [1732201201.471514259] [drone_home1.sim]: Calibration magnetometer values: ((3, 3, 3, 3), (-2900, -3480, -351))
[imu_publisher-2] [INFO] [1732201202.534056913] [drone_home1.sim]: Calibration magnetometer values: ((3, 3, 3, 3), (-2900, -3480, -351))
[imu_publisher-2] [INFO] [1732201203.594273053] [drone_home1.sim]: Calibration magnetometer values: ((3, 3, 3, 3), (-2900, -3480, -351))
[imu_publisher-2] [INFO] [1732201204.654604584] [drone_home1.sim]: Calibration magnetometer values: ((3, 3, 3, 3), (-2900, -3480, -351))
[imu_publisher-2] [INFO] [1732201205.714754681] [drone_home1.sim]: Calibration magnetometer values: ((3, 3, 3, 3), (-2900, -3480, -351))
