[INFO] [launch]: All log files can be found below /root/.ros/log/2025-03-25-10-48-06-529600-drone-home-275
[INFO] [launch]: Default logging verbosity is set to INFO
[INFO] [cv_controller-1]: process started with pid [277]
[INFO] [controller-2]: process started with pid [279]
[INFO] [pwm_publisher-3]: process started with pid [281]
[INFO] [gps_publisher-4]: process started with pid [283]
[INFO] [imu_publisher-5]: process started with pid [285]
[INFO] [drive_hardware-6]: process started with pid [287]
[cv_controller-1] [INFO] [1742914088.031697253] [drone_home1.sim]: CV Controller running
[controller-2] [INFO] [1742914088.074255173] [drone_home1.controller]: Controller running
[imu_publisher-5] [INFO] [1742914089.564833605] [drone_home1.imu_publisher]: Calibration status: (True, 'Calibration (sys:0, gyro:0, accel:3, mag:0)')
[controller-2] [INFO] [1742914093.805288357] [drone_home1.controller]: Service request to change coordinate custom_messages.srv.SetCoordinate_Request(new_coordinate=sensor_msgs.msg.NavSatFix(header=std_msgs.msg.Header(stamp=builtin_interfaces.msg.Time(sec=0, nanosec=0), frame_id=''), status=sensor_msgs.msg.NavSatStatus(status=0, service=0), latitude=29.64736, longitude=-82.34719, altitude=0.0, position_covariance=array([0., 0., 0., 0., 0., 0., 0., 0., 0.]), position_covariance_type=0))
[controller-2] [INFO] [1742914093.806156389] [drone_home1.controller]: Waypoints now: [(29.64736, -82.34719)]
[drive_hardware-6] [INFO] [1742914093.977134789] [drone_home1.drive_hardware]: Service request to change drive mode custom_messages.srv.SetMode_Request(mode='manual')
[drive_hardware-6] [INFO] [1742914093.978335589] [drone_home1.drive_hardware]: Drive mode now: manual
[controller-2] [INFO] [1742914729.357253689] [drone_home1.controller]: Service request to change coordinate custom_messages.srv.SetCoordinate_Request(new_coordinate=sensor_msgs.msg.NavSatFix(header=std_msgs.msg.Header(stamp=builtin_interfaces.msg.Time(sec=0, nanosec=0), frame_id=''), status=sensor_msgs.msg.NavSatStatus(status=0, service=0), latitude=29.64736, longitude=-82.34719, altitude=0.0, position_covariance=array([0., 0., 0., 0., 0., 0., 0., 0., 0.]), position_covariance_type=0))
[controller-2] [INFO] [1742914729.358207428] [drone_home1.controller]: Waypoints now: [(29.64736, -82.34719)]
[drive_hardware-6] [INFO] [1742914729.465265564] [drone_home1.drive_hardware]: Service request to change drive mode custom_messages.srv.SetMode_Request(mode='manual')
[drive_hardware-6] [INFO] [1742914729.466847650] [drone_home1.drive_hardware]: Drive mode now: manual
[controller-2] [INFO] [1742914790.614717353] [drone_home1.controller]: Service request to change coordinate custom_messages.srv.SetCoordinate_Request(new_coordinate=sensor_msgs.msg.NavSatFix(header=std_msgs.msg.Header(stamp=builtin_interfaces.msg.Time(sec=0, nanosec=0), frame_id=''), status=sensor_msgs.msg.NavSatStatus(status=0, service=0), latitude=29.64736, longitude=-82.34719, altitude=0.0, position_covariance=array([0., 0., 0., 0., 0., 0., 0., 0., 0.]), position_covariance_type=0))
[controller-2] [INFO] [1742914790.616372521] [drone_home1.controller]: Waypoints now: [(29.64736, -82.34719)]
[drive_hardware-6] [INFO] [1742914790.732838688] [drone_home1.drive_hardware]: Service request to change drive mode custom_messages.srv.SetMode_Request(mode='manual')
[drive_hardware-6] [INFO] [1742914790.733677818] [drone_home1.drive_hardware]: Drive mode now: manual
[controller-2] [INFO] [1742914853.585521824] [drone_home1.controller]: Service request to change coordinate custom_messages.srv.SetCoordinate_Request(new_coordinate=sensor_msgs.msg.NavSatFix(header=std_msgs.msg.Header(stamp=builtin_interfaces.msg.Time(sec=0, nanosec=0), frame_id=''), status=sensor_msgs.msg.NavSatStatus(status=0, service=0), latitude=29.64736, longitude=-82.34719, altitude=0.0, position_covariance=array([0., 0., 0., 0., 0., 0., 0., 0., 0.]), position_covariance_type=0))
[controller-2] [INFO] [1742914853.587104614] [drone_home1.controller]: Waypoints now: [(29.64736, -82.34719)]
[drive_hardware-6] [INFO] [1742914853.716753632] [drone_home1.drive_hardware]: Service request to change drive mode custom_messages.srv.SetMode_Request(mode='manual')
[drive_hardware-6] [INFO] [1742914853.717567792] [drone_home1.drive_hardware]: Drive mode now: manual
[controller-2] [INFO] [1742914877.899359772] [drone_home1.controller]: Service request to change coordinate custom_messages.srv.SetCoordinate_Request(new_coordinate=sensor_msgs.msg.NavSatFix(header=std_msgs.msg.Header(stamp=builtin_interfaces.msg.Time(sec=0, nanosec=0), frame_id=''), status=sensor_msgs.msg.NavSatStatus(status=0, service=0), latitude=29.64736, longitude=-82.34719, altitude=0.0, position_covariance=array([0., 0., 0., 0., 0., 0., 0., 0., 0.]), position_covariance_type=0))
[controller-2] [INFO] [1742914877.900308360] [drone_home1.controller]: Waypoints now: [(29.64736, -82.34719)]
[drive_hardware-6] [INFO] [1742914878.008616083] [drone_home1.drive_hardware]: Service request to change drive mode custom_messages.srv.SetMode_Request(mode='manual')
[drive_hardware-6] [INFO] [1742914878.010237544] [drone_home1.drive_hardware]: Drive mode now: manual
