[INFO] [launch]: All log files can be found below /root/.ros/log/2025-02-18-15-39-12-748828-drone-home-9123
[INFO] [launch]: Default logging verbosity is set to INFO
[INFO] [cv_controller-1]: process started with pid [9125]
[INFO] [controller-2]: process started with pid [9127]
[INFO] [pwm_publisher-3]: process started with pid [9129]
[INFO] [gps_publisher-4]: process started with pid [9131]
[INFO] [imu_publisher-5]: process started with pid [9133]
[INFO] [drive_hardware-6]: process started with pid [9135]
[cv_controller-1] [INFO] [1739911154.191353453] [drone_home1.sim]: CV Controller running
[controller-2] [INFO] [1739911154.307404032] [drone_home1.controller]: Controller running
[imu_publisher-5] [INFO] [1739911155.701398045] [drone_home1.imu_publisher]: Calibration status: (True, 'Calibration (sys:0, gyro:0, accel:3, mag:0)')
[controller-2] [INFO] [1739911175.918701087] [drone_home1.controller]: Service request to change coordinate custom_messages.srv.SetCoordinate_Request(new_coordinate=sensor_msgs.msg.NavSatFix(header=std_msgs.msg.Header(stamp=builtin_interfaces.msg.Time(sec=0, nanosec=0), frame_id=''), status=sensor_msgs.msg.NavSatStatus(status=0, service=0), latitude=29.644791, longitude=-82.356297, altitude=0.0, position_covariance=array([0., 0., 0., 0., 0., 0., 0., 0., 0.]), position_covariance_type=0))
[controller-2] [INFO] [1739911175.921034563] [drone_home1.controller]: Waypoints now: [(29.644791, -82.356297)]
[controller-2] [INFO] [1739911231.436167687] [drone_home1.controller]: Service request to change coordinate custom_messages.srv.SetCoordinate_Request(new_coordinate=sensor_msgs.msg.NavSatFix(header=std_msgs.msg.Header(stamp=builtin_interfaces.msg.Time(sec=0, nanosec=0), frame_id=''), status=sensor_msgs.msg.NavSatStatus(status=0, service=0), latitude=29.644791, longitude=-82.356297, altitude=0.0, position_covariance=array([0., 0., 0., 0., 0., 0., 0., 0., 0.]), position_covariance_type=0))
[controller-2] [INFO] [1739911231.437169008] [drone_home1.controller]: Waypoints now: [(29.644791, -82.356297)]
[controller-2] [INFO] [1739911236.343172159] [drone_home1.controller]: Service request to change coordinate custom_messages.srv.SetCoordinate_Request(new_coordinate=sensor_msgs.msg.NavSatFix(header=std_msgs.msg.Header(stamp=builtin_interfaces.msg.Time(sec=0, nanosec=0), frame_id=''), status=sensor_msgs.msg.NavSatStatus(status=0, service=0), latitude=29.744791, longitude=-82.356297, altitude=0.0, position_covariance=array([0., 0., 0., 0., 0., 0., 0., 0., 0.]), position_covariance_type=0))
[controller-2] [INFO] [1739911236.345350295] [drone_home1.controller]: Waypoints now: [(29.744791, -82.356297)]
[controller-2] [INFO] [1739911249.288883461] [drone_home1.controller]: Service request to change coordinate custom_messages.srv.SetCoordinate_Request(new_coordinate=sensor_msgs.msg.NavSatFix(header=std_msgs.msg.Header(stamp=builtin_interfaces.msg.Time(sec=0, nanosec=0), frame_id=''), status=sensor_msgs.msg.NavSatStatus(status=0, service=0), latitude=29.624791, longitude=-82.356297, altitude=0.0, position_covariance=array([0., 0., 0., 0., 0., 0., 0., 0., 0.]), position_covariance_type=0))
[controller-2] [INFO] [1739911249.289825962] [drone_home1.controller]: Waypoints now: [(29.624791, -82.356297)]
[controller-2] [INFO] [1739912461.764591264] [drone_home1.controller]: Service request to change coordinate custom_messages.srv.SetCoordinate_Request(new_coordinate=sensor_msgs.msg.NavSatFix(header=std_msgs.msg.Header(stamp=builtin_interfaces.msg.Time(sec=0, nanosec=0), frame_id=''), status=sensor_msgs.msg.NavSatStatus(status=0, service=0), latitude=29.6, longitude=-82.0, altitude=0.0, position_covariance=array([0., 0., 0., 0., 0., 0., 0., 0., 0.]), position_covariance_type=0))
[controller-2] [INFO] [1739912461.766246819] [drone_home1.controller]: Waypoints now: [(29.6, -82.0)]
[controller-2] [INFO] [1739912475.368491202] [drone_home1.controller]: Service request to change coordinate custom_messages.srv.SetCoordinate_Request(new_coordinate=sensor_msgs.msg.NavSatFix(header=std_msgs.msg.Header(stamp=builtin_interfaces.msg.Time(sec=0, nanosec=0), frame_id=''), status=sensor_msgs.msg.NavSatStatus(status=0, service=0), latitude=29.644791, longitude=-82.356297, altitude=0.0, position_covariance=array([0., 0., 0., 0., 0., 0., 0., 0., 0.]), position_covariance_type=0))
[controller-2] [INFO] [1739912475.370123461] [drone_home1.controller]: Waypoints now: [(29.644791, -82.356297)]
[drive_hardware-6] [INFO] [1739912477.444238765] [drone_home1.drive_hardware]: Service request to change drive mode custom_messages.srv.SetMode_Request(mode='automatic')
[drive_hardware-6] [INFO] [1739912477.445551497] [drone_home1.drive_hardware]: Drive mode now: automatic
[drive_hardware-6] [INFO] [1739912755.967671410] [drone_home1.drive_hardware]: Service request to change drive mode custom_messages.srv.SetMode_Request(mode='automatic')
[drive_hardware-6] [INFO] [1739912755.968546700] [drone_home1.drive_hardware]: Drive mode now: automatic
[controller-2] [INFO] [1739912781.337660626] [drone_home1.controller]: Service request to change coordinate custom_messages.srv.SetCoordinate_Request(new_coordinate=sensor_msgs.msg.NavSatFix(header=std_msgs.msg.Header(stamp=builtin_interfaces.msg.Time(sec=0, nanosec=0), frame_id=''), status=sensor_msgs.msg.NavSatStatus(status=0, service=0), latitude=29.6, longitude=-82.3, altitude=0.0, position_covariance=array([0., 0., 0., 0., 0., 0., 0., 0., 0.]), position_covariance_type=0))
[controller-2] [INFO] [1739912781.343232540] [drone_home1.controller]: Waypoints now: [(29.6, -82.3)]
[controller-2] [INFO] [1739912804.815787863] [drone_home1.controller]: Service request to change coordinate custom_messages.srv.SetCoordinate_Request(new_coordinate=sensor_msgs.msg.NavSatFix(header=std_msgs.msg.Header(stamp=builtin_interfaces.msg.Time(sec=0, nanosec=0), frame_id=''), status=sensor_msgs.msg.NavSatStatus(status=0, service=0), latitude=29.6, longitude=-82.3, altitude=0.0, position_covariance=array([0., 0., 0., 0., 0., 0., 0., 0., 0.]), position_covariance_type=0))
[controller-2] [INFO] [1739912804.817022981] [drone_home1.controller]: Waypoints now: [(29.6, -82.3)]
[drive_hardware-6] [INFO] [1739913409.694987905] [drone_home1.drive_hardware]: Service request to change drive mode custom_messages.srv.SetMode_Request(mode='automatic')
[drive_hardware-6] [INFO] [1739913409.696032329] [drone_home1.drive_hardware]: Drive mode now: automatic
[controller-2] [INFO] [1739913414.039714608] [drone_home1.controller]: Service request to change coordinate custom_messages.srv.SetCoordinate_Request(new_coordinate=sensor_msgs.msg.NavSatFix(header=std_msgs.msg.Header(stamp=builtin_interfaces.msg.Time(sec=0, nanosec=0), frame_id=''), status=sensor_msgs.msg.NavSatStatus(status=0, service=0), latitude=29.644791, longitude=-82.356297, altitude=0.0, position_covariance=array([0., 0., 0., 0., 0., 0., 0., 0., 0.]), position_covariance_type=0))
[controller-2] [INFO] [1739913414.041058147] [drone_home1.controller]: Waypoints now: [(29.644791, -82.356297)]
[controller-2] [INFO] [1739913698.963082991] [drone_home1.controller]: Service request to change coordinate custom_messages.srv.SetCoordinate_Request(new_coordinate=sensor_msgs.msg.NavSatFix(header=std_msgs.msg.Header(stamp=builtin_interfaces.msg.Time(sec=0, nanosec=0), frame_id=''), status=sensor_msgs.msg.NavSatStatus(status=0, service=0), latitude=29.6449, longitude=29.6449, altitude=0.0, position_covariance=array([0., 0., 0., 0., 0., 0., 0., 0., 0.]), position_covariance_type=0))
[controller-2] [INFO] [1739913698.964978511] [drone_home1.controller]: Waypoints now: [(29.6449, 29.6449)]
[drive_hardware-6] [INFO] [1739913699.086895894] [drone_home1.drive_hardware]: Service request to change drive mode custom_messages.srv.SetMode_Request(mode='manual')
[drive_hardware-6] [INFO] [1739913699.088431241] [drone_home1.drive_hardware]: Drive mode now: manual
[drive_hardware-6] [INFO] [1739913712.915785581] [drone_home1.drive_hardware]: Service request to change drive mode custom_messages.srv.SetMode_Request(mode='automatic')
[drive_hardware-6] [INFO] [1739913712.917392675] [drone_home1.drive_hardware]: Drive mode now: automatic
[controller-2] [INFO] [1739913719.421270788] [drone_home1.controller]: Service request to change coordinate custom_messages.srv.SetCoordinate_Request(new_coordinate=sensor_msgs.msg.NavSatFix(header=std_msgs.msg.Header(stamp=builtin_interfaces.msg.Time(sec=0, nanosec=0), frame_id=''), status=sensor_msgs.msg.NavSatStatus(status=0, service=0), latitude=29.644791, longitude=-82.356297, altitude=0.0, position_covariance=array([0., 0., 0., 0., 0., 0., 0., 0., 0.]), position_covariance_type=0))
[controller-2] [INFO] [1739913719.423207716] [drone_home1.controller]: Waypoints now: [(29.644791, -82.356297)]
[controller-2] [INFO] [1739913723.901314150] [drone_home1.controller]: Service request to change coordinate custom_messages.srv.SetCoordinate_Request(new_coordinate=sensor_msgs.msg.NavSatFix(header=std_msgs.msg.Header(stamp=builtin_interfaces.msg.Time(sec=0, nanosec=0), frame_id=''), status=sensor_msgs.msg.NavSatStatus(status=0, service=0), latitude=29.64, longitude=-82.356, altitude=0.0, position_covariance=array([0., 0., 0., 0., 0., 0., 0., 0., 0.]), position_covariance_type=0))
[controller-2] [INFO] [1739913723.902995518] [drone_home1.controller]: Waypoints now: [(29.64, -82.356)]
[controller-2] [INFO] [1739913745.632343851] [drone_home1.controller]: Service request to change coordinate custom_messages.srv.SetCoordinate_Request(new_coordinate=sensor_msgs.msg.NavSatFix(header=std_msgs.msg.Header(stamp=builtin_interfaces.msg.Time(sec=0, nanosec=0), frame_id=''), status=sensor_msgs.msg.NavSatStatus(status=0, service=0), latitude=29.64, longitude=29.64, altitude=0.0, position_covariance=array([0., 0., 0., 0., 0., 0., 0., 0., 0.]), position_covariance_type=0))
[controller-2] [INFO] [1739913745.633923455] [drone_home1.controller]: Waypoints now: [(29.64, 29.64)]
[drive_hardware-6] [INFO] [1739913745.743922300] [drone_home1.drive_hardware]: Service request to change drive mode custom_messages.srv.SetMode_Request(mode='automatic')
[drive_hardware-6] [INFO] [1739913745.745497744] [drone_home1.drive_hardware]: Drive mode now: automatic
[controller-2] [INFO] [1739914275.564549500] [drone_home1.controller]: Service request to change coordinate custom_messages.srv.SetCoordinate_Request(new_coordinate=sensor_msgs.msg.NavSatFix(header=std_msgs.msg.Header(stamp=builtin_interfaces.msg.Time(sec=0, nanosec=0), frame_id=''), status=sensor_msgs.msg.NavSatStatus(status=0, service=0), latitude=29.64, longitude=29.64, altitude=0.0, position_covariance=array([0., 0., 0., 0., 0., 0., 0., 0., 0.]), position_covariance_type=0))
[controller-2] [INFO] [1739914275.566221836] [drone_home1.controller]: Waypoints now: [(29.64, 29.64)]
[drive_hardware-6] [INFO] [1739914275.572476099] [drone_home1.drive_hardware]: Service request to change drive mode custom_messages.srv.SetMode_Request(mode='automatic')
[drive_hardware-6] [INFO] [1739914275.573315611] [drone_home1.drive_hardware]: Drive mode now: automatic
[controller-2] [INFO] [1739914463.945606758] [drone_home1.controller]: Service request to change coordinate custom_messages.srv.SetCoordinate_Request(new_coordinate=sensor_msgs.msg.NavSatFix(header=std_msgs.msg.Header(stamp=builtin_interfaces.msg.Time(sec=0, nanosec=0), frame_id=''), status=sensor_msgs.msg.NavSatStatus(status=0, service=0), latitude=29.64, longitude=29.64, altitude=0.0, position_covariance=array([0., 0., 0., 0., 0., 0., 0., 0., 0.]), position_covariance_type=0))
[controller-2] [INFO] [1739914463.947609503] [drone_home1.controller]: Waypoints now: [(29.64, 29.64)]
[drive_hardware-6] [INFO] [1739914464.077392210] [drone_home1.drive_hardware]: Service request to change drive mode custom_messages.srv.SetMode_Request(mode='automatic')
[drive_hardware-6] [INFO] [1739914464.079102722] [drone_home1.drive_hardware]: Drive mode now: automatic
[controller-2] [INFO] [1739914503.874569813] [drone_home1.controller]: Service request to change coordinate custom_messages.srv.SetCoordinate_Request(new_coordinate=sensor_msgs.msg.NavSatFix(header=std_msgs.msg.Header(stamp=builtin_interfaces.msg.Time(sec=0, nanosec=0), frame_id=''), status=sensor_msgs.msg.NavSatStatus(status=0, service=0), latitude=29.64, longitude=29.64, altitude=0.0, position_covariance=array([0., 0., 0., 0., 0., 0., 0., 0., 0.]), position_covariance_type=0))
[controller-2] [INFO] [1739914503.876070496] [drone_home1.controller]: Waypoints now: [(29.64, 29.64)]
[drive_hardware-6] [INFO] [1739914503.999684694] [drone_home1.drive_hardware]: Service request to change drive mode custom_messages.srv.SetMode_Request(mode='automatic')
[drive_hardware-6] [INFO] [1739914504.001234082] [drone_home1.drive_hardware]: Drive mode now: automatic
[drive_hardware-6] [INFO] [1739914514.259487277] [drone_home1.drive_hardware]: Service request to change drive mode custom_messages.srv.SetMode_Request(mode='automatic')
[drive_hardware-6] [INFO] [1739914514.260922262] [drone_home1.drive_hardware]: Drive mode now: automatic
[drive_hardware-6] [INFO] [1739914515.354635109] [drone_home1.drive_hardware]: Service request to change drive mode custom_messages.srv.SetMode_Request(mode='manual')
[drive_hardware-6] [INFO] [1739914515.355576159] [drone_home1.drive_hardware]: Drive mode now: manual
[drive_hardware-6] [INFO] [1739914517.576085053] [drone_home1.drive_hardware]: Service request to change drive mode custom_messages.srv.SetMode_Request(mode='automatic')
[drive_hardware-6] [INFO] [1739914517.577085178] [drone_home1.drive_hardware]: Drive mode now: automatic
[controller-2] [INFO] [1739914653.079716388] [drone_home1.controller]: Service request to change coordinate custom_messages.srv.SetCoordinate_Request(new_coordinate=sensor_msgs.msg.NavSatFix(header=std_msgs.msg.Header(stamp=builtin_interfaces.msg.Time(sec=0, nanosec=0), frame_id=''), status=sensor_msgs.msg.NavSatStatus(status=0, service=0), latitude=29.64, longitude=29.64, altitude=0.0, position_covariance=array([0., 0., 0., 0., 0., 0., 0., 0., 0.]), position_covariance_type=0))
[controller-2] [INFO] [1739914653.081572745] [drone_home1.controller]: Waypoints now: [(29.64, 29.64)]
[drive_hardware-6] [INFO] [1739914653.088594950] [drone_home1.drive_hardware]: Service request to change drive mode custom_messages.srv.SetMode_Request(mode='automatic')
[drive_hardware-6] [INFO] [1739914653.090357734] [drone_home1.drive_hardware]: Drive mode now: automatic
[controller-2] [INFO] [1739914724.998307581] [drone_home1.controller]: Service request to change coordinate custom_messages.srv.SetCoordinate_Request(new_coordinate=sensor_msgs.msg.NavSatFix(header=std_msgs.msg.Header(stamp=builtin_interfaces.msg.Time(sec=0, nanosec=0), frame_id=''), status=sensor_msgs.msg.NavSatStatus(status=0, service=0), latitude=29.64, longitude=29.64, altitude=0.0, position_covariance=array([0., 0., 0., 0., 0., 0., 0., 0., 0.]), position_covariance_type=0))
[controller-2] [INFO] [1739914724.999981747] [drone_home1.controller]: Waypoints now: [(29.64, 29.64)]
[drive_hardware-6] [INFO] [1739914725.129326228] [drone_home1.drive_hardware]: Service request to change drive mode custom_messages.srv.SetMode_Request(mode='automatic')
[drive_hardware-6] [INFO] [1739914725.130922437] [drone_home1.drive_hardware]: Drive mode now: automatic
[controller-2] [INFO] [1739914791.242378363] [drone_home1.controller]: Service request to change coordinate custom_messages.srv.SetCoordinate_Request(new_coordinate=sensor_msgs.msg.NavSatFix(header=std_msgs.msg.Header(stamp=builtin_interfaces.msg.Time(sec=0, nanosec=0), frame_id=''), status=sensor_msgs.msg.NavSatStatus(status=0, service=0), latitude=29.64, longitude=29.64, altitude=0.0, position_covariance=array([0., 0., 0., 0., 0., 0., 0., 0., 0.]), position_covariance_type=0))
[controller-2] [INFO] [1739914791.243259174] [drone_home1.controller]: Waypoints now: [(29.64, 29.64)]
[drive_hardware-6] [INFO] [1739914791.350008116] [drone_home1.drive_hardware]: Service request to change drive mode custom_messages.srv.SetMode_Request(mode='automatic')
[drive_hardware-6] [INFO] [1739914791.354095515] [drone_home1.drive_hardware]: Drive mode now: automatic
[controller-2] [INFO] [1739914857.206818359] [drone_home1.controller]: Service request to change coordinate custom_messages.srv.SetCoordinate_Request(new_coordinate=sensor_msgs.msg.NavSatFix(header=std_msgs.msg.Header(stamp=builtin_interfaces.msg.Time(sec=0, nanosec=0), frame_id=''), status=sensor_msgs.msg.NavSatStatus(status=0, service=0), latitude=29.64, longitude=29.64, altitude=0.0, position_covariance=array([0., 0., 0., 0., 0., 0., 0., 0., 0.]), position_covariance_type=0))
[controller-2] [INFO] [1739914857.208458755] [drone_home1.controller]: Waypoints now: [(29.64, 29.64)]
[drive_hardware-6] [INFO] [1739914857.215210205] [drone_home1.drive_hardware]: Service request to change drive mode custom_messages.srv.SetMode_Request(mode='automatic')
[drive_hardware-6] [INFO] [1739914857.216785382] [drone_home1.drive_hardware]: Drive mode now: automatic
[controller-2] [INFO] [1739914886.350053845] [drone_home1.controller]: Service request to change coordinate custom_messages.srv.SetCoordinate_Request(new_coordinate=sensor_msgs.msg.NavSatFix(header=std_msgs.msg.Header(stamp=builtin_interfaces.msg.Time(sec=0, nanosec=0), frame_id=''), status=sensor_msgs.msg.NavSatStatus(status=0, service=0), latitude=29.64, longitude=29.64, altitude=0.0, position_covariance=array([0., 0., 0., 0., 0., 0., 0., 0., 0.]), position_covariance_type=0))
[controller-2] [INFO] [1739914886.352781681] [drone_home1.controller]: Waypoints now: [(29.64, 29.64)]
[drive_hardware-6] [INFO] [1739914886.460124976] [drone_home1.drive_hardware]: Service request to change drive mode custom_messages.srv.SetMode_Request(mode='automatic')
[drive_hardware-6] [INFO] [1739914886.461633717] [drone_home1.drive_hardware]: Drive mode now: automatic
[controller-2] [INFO] [1739914946.832431394] [drone_home1.controller]: Service request to change coordinate custom_messages.srv.SetCoordinate_Request(new_coordinate=sensor_msgs.msg.NavSatFix(header=std_msgs.msg.Header(stamp=builtin_interfaces.msg.Time(sec=0, nanosec=0), frame_id=''), status=sensor_msgs.msg.NavSatStatus(status=0, service=0), latitude=29.64, longitude=29.64, altitude=0.0, position_covariance=array([0., 0., 0., 0., 0., 0., 0., 0., 0.]), position_covariance_type=0))
[controller-2] [INFO] [1739914946.834303508] [drone_home1.controller]: Waypoints now: [(29.64, 29.64)]
[drive_hardware-6] [INFO] [1739914946.843220251] [drone_home1.drive_hardware]: Service request to change drive mode custom_messages.srv.SetMode_Request(mode='automatic')
[drive_hardware-6] [INFO] [1739914946.844905925] [drone_home1.drive_hardware]: Drive mode now: automatic
[controller-2] [INFO] [1739915124.186217552] [drone_home1.controller]: Service request to change coordinate custom_messages.srv.SetCoordinate_Request(new_coordinate=sensor_msgs.msg.NavSatFix(header=std_msgs.msg.Header(stamp=builtin_interfaces.msg.Time(sec=0, nanosec=0), frame_id=''), status=sensor_msgs.msg.NavSatStatus(status=0, service=0), latitude=29.64, longitude=29.64, altitude=0.0, position_covariance=array([0., 0., 0., 0., 0., 0., 0., 0., 0.]), position_covariance_type=0))
[controller-2] [INFO] [1739915124.187931605] [drone_home1.controller]: Waypoints now: [(29.64, 29.64)]
[drive_hardware-6] [INFO] [1739915124.194801639] [drone_home1.drive_hardware]: Service request to change drive mode custom_messages.srv.SetMode_Request(mode='automatic')
[drive_hardware-6] [INFO] [1739915124.196359141] [drone_home1.drive_hardware]: Drive mode now: automatic
[drive_hardware-6] [INFO] [1739915137.122845315] [drone_home1.drive_hardware]: Service request to change drive mode custom_messages.srv.SetMode_Request(mode='manual')
[drive_hardware-6] [INFO] [1739915137.123708741] [drone_home1.drive_hardware]: Drive mode now: manual
[controller-2] [INFO] [1739915137.620038466] [drone_home1.controller]: Service request to change coordinate custom_messages.srv.SetCoordinate_Request(new_coordinate=sensor_msgs.msg.NavSatFix(header=std_msgs.msg.Header(stamp=builtin_interfaces.msg.Time(sec=0, nanosec=0), frame_id=''), status=sensor_msgs.msg.NavSatStatus(status=0, service=0), latitude=29.644791, longitude=-82.356297, altitude=0.0, position_covariance=array([0., 0., 0., 0., 0., 0., 0., 0., 0.]), position_covariance_type=0))
[controller-2] [INFO] [1739915137.621191248] [drone_home1.controller]: Waypoints now: [(29.644791, -82.356297)]
[drive_hardware-6] [INFO] [1739915138.594900365] [drone_home1.drive_hardware]: Service request to change drive mode custom_messages.srv.SetMode_Request(mode='manual')
[drive_hardware-6] [INFO] [1739915138.596048091] [drone_home1.drive_hardware]: Drive mode now: manual
[drive_hardware-6] [INFO] [1739915139.127077773] [drone_home1.drive_hardware]: Service request to change drive mode custom_messages.srv.SetMode_Request(mode='manual')
[drive_hardware-6] [INFO] [1739915139.128103606] [drone_home1.drive_hardware]: Drive mode now: manual
[drive_hardware-6] [INFO] [1739915139.942590318] [drone_home1.drive_hardware]: Service request to change drive mode custom_messages.srv.SetMode_Request(mode='manual')
[drive_hardware-6] [INFO] [1739915139.943445776] [drone_home1.drive_hardware]: Drive mode now: manual
[drive_hardware-6] [INFO] [1739915140.342641031] [drone_home1.drive_hardware]: Service request to change drive mode custom_messages.srv.SetMode_Request(mode='manual')
[drive_hardware-6] [INFO] [1739915140.343716433] [drone_home1.drive_hardware]: Drive mode now: manual
[drive_hardware-6] [INFO] [1739915140.935184783] [drone_home1.drive_hardware]: Service request to change drive mode custom_messages.srv.SetMode_Request(mode='manual')
[drive_hardware-6] [INFO] [1739915140.936300219] [drone_home1.drive_hardware]: Drive mode now: manual
[drive_hardware-6] [INFO] [1739915141.383305426] [drone_home1.drive_hardware]: Service request to change drive mode custom_messages.srv.SetMode_Request(mode='manual')
[drive_hardware-6] [INFO] [1739915141.384373724] [drone_home1.drive_hardware]: Drive mode now: manual
[drive_hardware-6] [INFO] [1739915141.961574426] [drone_home1.drive_hardware]: Service request to change drive mode custom_messages.srv.SetMode_Request(mode='manual')
[drive_hardware-6] [INFO] [1739915141.962918607] [drone_home1.drive_hardware]: Drive mode now: manual
[drive_hardware-6] [INFO] [1739915160.799000531] [drone_home1.drive_hardware]: Service request to change drive mode custom_messages.srv.SetMode_Request(mode='manual')
[drive_hardware-6] [INFO] [1739915160.800135551] [drone_home1.drive_hardware]: Drive mode now: manual
[drive_hardware-6] [INFO] [1739915161.243032121] [drone_home1.drive_hardware]: Service request to change drive mode custom_messages.srv.SetMode_Request(mode='manual')
[drive_hardware-6] [INFO] [1739915161.244097923] [drone_home1.drive_hardware]: Drive mode now: manual
[drive_hardware-6] [INFO] [1739915161.371095967] [drone_home1.drive_hardware]: Service request to change drive mode custom_messages.srv.SetMode_Request(mode='manual')
[drive_hardware-6] [INFO] [1739915161.372022628] [drone_home1.drive_hardware]: Drive mode now: manual
[drive_hardware-6] [INFO] [1739915161.787177400] [drone_home1.drive_hardware]: Service request to change drive mode custom_messages.srv.SetMode_Request(mode='manual')
[drive_hardware-6] [INFO] [1739915161.788220961] [drone_home1.drive_hardware]: Drive mode now: manual
[drive_hardware-6] [INFO] [1739915161.943475604] [drone_home1.drive_hardware]: Service request to change drive mode custom_messages.srv.SetMode_Request(mode='manual')
[drive_hardware-6] [INFO] [1739915161.945283387] [drone_home1.drive_hardware]: Drive mode now: manual
[drive_hardware-6] [INFO] [1739915162.426829816] [drone_home1.drive_hardware]: Service request to change drive mode custom_messages.srv.SetMode_Request(mode='manual')
[drive_hardware-6] [INFO] [1739915162.427833311] [drone_home1.drive_hardware]: Drive mode now: manual
[drive_hardware-6] [INFO] [1739915162.619833298] [drone_home1.drive_hardware]: Service request to change drive mode custom_messages.srv.SetMode_Request(mode='manual')
[drive_hardware-6] [INFO] [1739915162.620881211] [drone_home1.drive_hardware]: Drive mode now: manual
[controller-2] [INFO] [1739915164.672020780] [drone_home1.controller]: Service request to change coordinate custom_messages.srv.SetCoordinate_Request(new_coordinate=sensor_msgs.msg.NavSatFix(header=std_msgs.msg.Header(stamp=builtin_interfaces.msg.Time(sec=0, nanosec=0), frame_id=''), status=sensor_msgs.msg.NavSatStatus(status=0, service=0), latitude=29.644791, longitude=-82.356297, altitude=0.0, position_covariance=array([0., 0., 0., 0., 0., 0., 0., 0., 0.]), position_covariance_type=0))
[controller-2] [INFO] [1739915164.673725103] [drone_home1.controller]: Waypoints now: [(29.644791, -82.356297)]
[drive_hardware-6] [INFO] [1739915166.851256177] [drone_home1.drive_hardware]: Service request to change drive mode custom_messages.srv.SetMode_Request(mode='manual')
[drive_hardware-6] [INFO] [1739915166.852203222] [drone_home1.drive_hardware]: Drive mode now: manual
[drive_hardware-6] [INFO] [1739915167.336099559] [drone_home1.drive_hardware]: Service request to change drive mode custom_messages.srv.SetMode_Request(mode='manual')
[drive_hardware-6] [INFO] [1739915167.337596962] [drone_home1.drive_hardware]: Drive mode now: manual
[controller-2] [INFO] [1739915327.872074149] [drone_home1.controller]: Service request to change coordinate custom_messages.srv.SetCoordinate_Request(new_coordinate=sensor_msgs.msg.NavSatFix(header=std_msgs.msg.Header(stamp=builtin_interfaces.msg.Time(sec=0, nanosec=0), frame_id=''), status=sensor_msgs.msg.NavSatStatus(status=0, service=0), latitude=29.644791, longitude=-82.356297, altitude=0.0, position_covariance=array([0., 0., 0., 0., 0., 0., 0., 0., 0.]), position_covariance_type=0))
[controller-2] [INFO] [1739915327.873009544] [drone_home1.controller]: Waypoints now: [(29.644791, -82.356297)]
[drive_hardware-6] [INFO] [1739915327.888607270] [drone_home1.drive_hardware]: Service request to change drive mode custom_messages.srv.SetMode_Request(mode='manual')
[drive_hardware-6] [INFO] [1739915327.890974237] [drone_home1.drive_hardware]: Drive mode now: manual
[drive_hardware-6] [INFO] [1739915332.865189035] [drone_home1.drive_hardware]: Service request to change drive mode custom_messages.srv.SetMode_Request(mode='automatic')
[drive_hardware-6] [INFO] [1739915332.866425976] [drone_home1.drive_hardware]: Drive mode now: automatic
[drive_hardware-6] [INFO] [1739915333.373262204] [drone_home1.drive_hardware]: Service request to change drive mode custom_messages.srv.SetMode_Request(mode='manual')
[drive_hardware-6] [INFO] [1739915333.374317058] [drone_home1.drive_hardware]: Drive mode now: manual
[drive_hardware-6] [INFO] [1739915338.095969676] [drone_home1.drive_hardware]: Service request to change drive mode custom_messages.srv.SetMode_Request(mode='automatic')
[drive_hardware-6] [INFO] [1739915338.097154871] [drone_home1.drive_hardware]: Drive mode now: automatic
[controller-2] [INFO] [1739915358.148749416] [drone_home1.controller]: Service request to change coordinate custom_messages.srv.SetCoordinate_Request(new_coordinate=sensor_msgs.msg.NavSatFix(header=std_msgs.msg.Header(stamp=builtin_interfaces.msg.Time(sec=0, nanosec=0), frame_id=''), status=sensor_msgs.msg.NavSatStatus(status=0, service=0), latitude=29.644791, longitude=-82.356297, altitude=0.0, position_covariance=array([0., 0., 0., 0., 0., 0., 0., 0., 0.]), position_covariance_type=0))
[controller-2] [INFO] [1739915358.150456327] [drone_home1.controller]: Waypoints now: [(29.644791, -82.356297)]
[drive_hardware-6] [INFO] [1739915358.162008780] [drone_home1.drive_hardware]: Service request to change drive mode custom_messages.srv.SetMode_Request(mode='automatic')
[drive_hardware-6] [INFO] [1739915358.164116952] [drone_home1.drive_hardware]: Drive mode now: automatic
[controller-2] [INFO] [1739915466.146112542] [drone_home1.controller]: Service request to change coordinate custom_messages.srv.SetCoordinate_Request(new_coordinate=sensor_msgs.msg.NavSatFix(header=std_msgs.msg.Header(stamp=builtin_interfaces.msg.Time(sec=0, nanosec=0), frame_id=''), status=sensor_msgs.msg.NavSatStatus(status=0, service=0), latitude=29.644791, longitude=-82.356297, altitude=0.0, position_covariance=array([0., 0., 0., 0., 0., 0., 0., 0., 0.]), position_covariance_type=0))
[controller-2] [INFO] [1739915466.147802745] [drone_home1.controller]: Waypoints now: [(29.644791, -82.356297)]
[drive_hardware-6] [INFO] [1739915466.157928159] [drone_home1.drive_hardware]: Service request to change drive mode custom_messages.srv.SetMode_Request(mode='automatic')
[drive_hardware-6] [INFO] [1739915466.159592250] [drone_home1.drive_hardware]: Drive mode now: automatic
[controller-2] [INFO] [1739915543.532637607] [drone_home1.controller]: Service request to change coordinate custom_messages.srv.SetCoordinate_Request(new_coordinate=sensor_msgs.msg.NavSatFix(header=std_msgs.msg.Header(stamp=builtin_interfaces.msg.Time(sec=0, nanosec=0), frame_id=''), status=sensor_msgs.msg.NavSatStatus(status=0, service=0), latitude=29.644791, longitude=-82.356297, altitude=0.0, position_covariance=array([0., 0., 0., 0., 0., 0., 0., 0., 0.]), position_covariance_type=0))
[controller-2] [INFO] [1739915543.534263903] [drone_home1.controller]: Waypoints now: [(29.644791, -82.356297)]
[drive_hardware-6] [INFO] [1739915543.541374038] [drone_home1.drive_hardware]: Service request to change drive mode custom_messages.srv.SetMode_Request(mode='automatic')
[drive_hardware-6] [INFO] [1739915543.542971533] [drone_home1.drive_hardware]: Drive mode now: automatic
[controller-2] [INFO] [1739915576.911679019] [drone_home1.controller]: Service request to change coordinate custom_messages.srv.SetCoordinate_Request(new_coordinate=sensor_msgs.msg.NavSatFix(header=std_msgs.msg.Header(stamp=builtin_interfaces.msg.Time(sec=0, nanosec=0), frame_id=''), status=sensor_msgs.msg.NavSatStatus(status=0, service=0), latitude=29.644791, longitude=-82.356297, altitude=0.0, position_covariance=array([0., 0., 0., 0., 0., 0., 0., 0., 0.]), position_covariance_type=0))
[controller-2] [INFO] [1739915576.913399910] [drone_home1.controller]: Waypoints now: [(29.644791, -82.356297)]
[drive_hardware-6] [INFO] [1739915577.046173079] [drone_home1.drive_hardware]: Service request to change drive mode custom_messages.srv.SetMode_Request(mode='automatic')
[drive_hardware-6] [INFO] [1739915577.047917395] [drone_home1.drive_hardware]: Drive mode now: automatic
[drive_hardware-6] [INFO] [1739915580.146057980] [drone_home1.drive_hardware]: Service request to change drive mode custom_messages.srv.SetMode_Request(mode='manual')
[drive_hardware-6] [INFO] [1739915580.147647123] [drone_home1.drive_hardware]: Drive mode now: manual
[drive_hardware-6] [INFO] [1739915581.095634570] [drone_home1.drive_hardware]: Service request to change drive mode custom_messages.srv.SetMode_Request(mode='automatic')
[drive_hardware-6] [INFO] [1739915581.097501450] [drone_home1.drive_hardware]: Drive mode now: automatic
[controller-2] [INFO] [1739915631.157197561] [drone_home1.controller]: Service request to change coordinate custom_messages.srv.SetCoordinate_Request(new_coordinate=sensor_msgs.msg.NavSatFix(header=std_msgs.msg.Header(stamp=builtin_interfaces.msg.Time(sec=0, nanosec=0), frame_id=''), status=sensor_msgs.msg.NavSatStatus(status=0, service=0), latitude=29.644791, longitude=-82.356297, altitude=0.0, position_covariance=array([0., 0., 0., 0., 0., 0., 0., 0., 0.]), position_covariance_type=0))
[controller-2] [INFO] [1739915631.158672331] [drone_home1.controller]: Waypoints now: [(29.644791, -82.356297)]
[drive_hardware-6] [INFO] [1739915631.165557461] [drone_home1.drive_hardware]: Service request to change drive mode custom_messages.srv.SetMode_Request(mode='automatic')
[drive_hardware-6] [INFO] [1739915631.167213805] [drone_home1.drive_hardware]: Drive mode now: automatic
[drive_hardware-6] [INFO] [1739915634.923066845] [drone_home1.drive_hardware]: Service request to change drive mode custom_messages.srv.SetMode_Request(mode='manual')
[drive_hardware-6] [INFO] [1739915634.924576368] [drone_home1.drive_hardware]: Drive mode now: manual
[drive_hardware-6] [INFO] [1739915635.485522950] [drone_home1.drive_hardware]: Service request to change drive mode custom_messages.srv.SetMode_Request(mode='automatic')
[drive_hardware-6] [INFO] [1739915635.486911637] [drone_home1.drive_hardware]: Drive mode now: automatic
[drive_hardware-6] [INFO] [1739915635.969263871] [drone_home1.drive_hardware]: Service request to change drive mode custom_messages.srv.SetMode_Request(mode='manual')
[drive_hardware-6] [INFO] [1739915635.970282658] [drone_home1.drive_hardware]: Drive mode now: manual
[drive_hardware-6] [INFO] [1739915636.602260604] [drone_home1.drive_hardware]: Service request to change drive mode custom_messages.srv.SetMode_Request(mode='automatic')
[drive_hardware-6] [INFO] [1739915636.603857106] [drone_home1.drive_hardware]: Drive mode now: automatic
[drive_hardware-6] [INFO] [1739915637.280971621] [drone_home1.drive_hardware]: Service request to change drive mode custom_messages.srv.SetMode_Request(mode='manual')
[drive_hardware-6] [INFO] [1739915637.282293234] [drone_home1.drive_hardware]: Drive mode now: manual
[drive_hardware-6] [INFO] [1739915638.060663276] [drone_home1.drive_hardware]: Service request to change drive mode custom_messages.srv.SetMode_Request(mode='automatic')
[drive_hardware-6] [INFO] [1739915638.062664239] [drone_home1.drive_hardware]: Drive mode now: automatic
[drive_hardware-6] [INFO] [1739915638.806174694] [drone_home1.drive_hardware]: Service request to change drive mode custom_messages.srv.SetMode_Request(mode='manual')
[drive_hardware-6] [INFO] [1739915638.808296782] [drone_home1.drive_hardware]: Drive mode now: manual
[drive_hardware-6] [INFO] [1739915644.864958714] [drone_home1.drive_hardware]: Service request to change drive mode custom_messages.srv.SetMode_Request(mode='automatic')
[drive_hardware-6] [INFO] [1739915644.865789527] [drone_home1.drive_hardware]: Drive mode now: automatic
[drive_hardware-6] [INFO] [1739915650.559349363] [drone_home1.drive_hardware]: Service request to change drive mode custom_messages.srv.SetMode_Request(mode='manual')
[drive_hardware-6] [INFO] [1739915650.560394807] [drone_home1.drive_hardware]: Drive mode now: manual
[drive_hardware-6] [INFO] [1739915654.693377923] [drone_home1.drive_hardware]: Service request to change drive mode custom_messages.srv.SetMode_Request(mode='automatic')
[drive_hardware-6] [INFO] [1739915654.694440231] [drone_home1.drive_hardware]: Drive mode now: automatic
[controller-2] [INFO] [1739915669.251946651] [drone_home1.controller]: Service request to change coordinate custom_messages.srv.SetCoordinate_Request(new_coordinate=sensor_msgs.msg.NavSatFix(header=std_msgs.msg.Header(stamp=builtin_interfaces.msg.Time(sec=0, nanosec=0), frame_id=''), status=sensor_msgs.msg.NavSatStatus(status=0, service=0), latitude=29.644, longitude=-82.356, altitude=0.0, position_covariance=array([0., 0., 0., 0., 0., 0., 0., 0., 0.]), position_covariance_type=0))
[controller-2] [INFO] [1739915669.253298281] [drone_home1.controller]: Waypoints now: [(29.644, -82.356)]
[controller-2] [INFO] [1739915687.958063395] [drone_home1.controller]: Service request to change coordinate custom_messages.srv.SetCoordinate_Request(new_coordinate=sensor_msgs.msg.NavSatFix(header=std_msgs.msg.Header(stamp=builtin_interfaces.msg.Time(sec=0, nanosec=0), frame_id=''), status=sensor_msgs.msg.NavSatStatus(status=0, service=0), latitude=29.644, longitude=-82.356, altitude=0.0, position_covariance=array([0., 0., 0., 0., 0., 0., 0., 0., 0.]), position_covariance_type=0))
[controller-2] [INFO] [1739915687.959711258] [drone_home1.controller]: Waypoints now: [(29.644, -82.356)]
[drive_hardware-6] [INFO] [1739915687.966537088] [drone_home1.drive_hardware]: Service request to change drive mode custom_messages.srv.SetMode_Request(mode='automatic')
[drive_hardware-6] [INFO] [1739915687.968060435] [drone_home1.drive_hardware]: Drive mode now: automatic
[drive_hardware-6] [INFO] [1739915694.583466990] [drone_home1.drive_hardware]: Service request to change drive mode custom_messages.srv.SetMode_Request(mode='automatic')
[drive_hardware-6] [INFO] [1739915694.584319787] [drone_home1.drive_hardware]: Drive mode now: automatic
[controller-2] [INFO] [1739915710.411631373] [drone_home1.controller]: Service request to change coordinate custom_messages.srv.SetCoordinate_Request(new_coordinate=sensor_msgs.msg.NavSatFix(header=std_msgs.msg.Header(stamp=builtin_interfaces.msg.Time(sec=0, nanosec=0), frame_id=''), status=sensor_msgs.msg.NavSatStatus(status=0, service=0), latitude=29.644, longitude=-82.356, altitude=0.0, position_covariance=array([0., 0., 0., 0., 0., 0., 0., 0., 0.]), position_covariance_type=0))
[controller-2] [INFO] [1739915710.412822325] [drone_home1.controller]: Waypoints now: [(29.644, -82.356)]
[drive_hardware-6] [INFO] [1739915710.519729965] [drone_home1.drive_hardware]: Service request to change drive mode custom_messages.srv.SetMode_Request(mode='automatic')
[drive_hardware-6] [INFO] [1739915710.522719697] [drone_home1.drive_hardware]: Drive mode now: automatic
[controller-2] [INFO] [1739915757.029671265] [drone_home1.controller]: Service request to change coordinate custom_messages.srv.SetCoordinate_Request(new_coordinate=sensor_msgs.msg.NavSatFix(header=std_msgs.msg.Header(stamp=builtin_interfaces.msg.Time(sec=0, nanosec=0), frame_id=''), status=sensor_msgs.msg.NavSatStatus(status=0, service=0), latitude=29.644, longitude=-82.356, altitude=0.0, position_covariance=array([0., 0., 0., 0., 0., 0., 0., 0., 0.]), position_covariance_type=0))
[controller-2] [INFO] [1739915757.031345945] [drone_home1.controller]: Waypoints now: [(29.644, -82.356)]
[drive_hardware-6] [INFO] [1739915757.038223773] [drone_home1.drive_hardware]: Service request to change drive mode custom_messages.srv.SetMode_Request(mode='automatic')
[drive_hardware-6] [INFO] [1739915757.039950006] [drone_home1.drive_hardware]: Drive mode now: automatic
[controller-2] [INFO] [1739915844.216793157] [drone_home1.controller]: Service request to change coordinate custom_messages.srv.SetCoordinate_Request(new_coordinate=sensor_msgs.msg.NavSatFix(header=std_msgs.msg.Header(stamp=builtin_interfaces.msg.Time(sec=0, nanosec=0), frame_id=''), status=sensor_msgs.msg.NavSatStatus(status=0, service=0), latitude=29.644, longitude=-82.356, altitude=0.0, position_covariance=array([0., 0., 0., 0., 0., 0., 0., 0., 0.]), position_covariance_type=0))
[controller-2] [INFO] [1739915844.218486748] [drone_home1.controller]: Waypoints now: [(29.644, -82.356)]
[drive_hardware-6] [INFO] [1739915844.228174010] [drone_home1.drive_hardware]: Service request to change drive mode custom_messages.srv.SetMode_Request(mode='automatic')
[drive_hardware-6] [INFO] [1739915844.229712460] [drone_home1.drive_hardware]: Drive mode now: automatic
[controller-2] [INFO] [1739915896.780839011] [drone_home1.controller]: Service request to change coordinate custom_messages.srv.SetCoordinate_Request(new_coordinate=sensor_msgs.msg.NavSatFix(header=std_msgs.msg.Header(stamp=builtin_interfaces.msg.Time(sec=0, nanosec=0), frame_id=''), status=sensor_msgs.msg.NavSatStatus(status=0, service=0), latitude=29.644, longitude=-82.356, altitude=0.0, position_covariance=array([0., 0., 0., 0., 0., 0., 0., 0., 0.]), position_covariance_type=0))
[controller-2] [INFO] [1739915896.782597501] [drone_home1.controller]: Waypoints now: [(29.644, -82.356)]
[drive_hardware-6] [INFO] [1739915896.890045699] [drone_home1.drive_hardware]: Service request to change drive mode custom_messages.srv.SetMode_Request(mode='automatic')
[drive_hardware-6] [INFO] [1739915896.891642807] [drone_home1.drive_hardware]: Drive mode now: automatic
[controller-2] [INFO] [1739915972.977811603] [drone_home1.controller]: Service request to change coordinate custom_messages.srv.SetCoordinate_Request(new_coordinate=sensor_msgs.msg.NavSatFix(header=std_msgs.msg.Header(stamp=builtin_interfaces.msg.Time(sec=0, nanosec=0), frame_id=''), status=sensor_msgs.msg.NavSatStatus(status=0, service=0), latitude=29.644, longitude=-82.356, altitude=0.0, position_covariance=array([0., 0., 0., 0., 0., 0., 0., 0., 0.]), position_covariance_type=0))
[controller-2] [INFO] [1739915972.979595180] [drone_home1.controller]: Waypoints now: [(29.644, -82.356)]
[drive_hardware-6] [INFO] [1739915973.103575400] [drone_home1.drive_hardware]: Service request to change drive mode custom_messages.srv.SetMode_Request(mode='automatic')
[drive_hardware-6] [INFO] [1739915973.104436579] [drone_home1.drive_hardware]: Drive mode now: automatic
[controller-2] [INFO] [1739916012.143268707] [drone_home1.controller]: Service request to change coordinate custom_messages.srv.SetCoordinate_Request(new_coordinate=sensor_msgs.msg.NavSatFix(header=std_msgs.msg.Header(stamp=builtin_interfaces.msg.Time(sec=0, nanosec=0), frame_id=''), status=sensor_msgs.msg.NavSatStatus(status=0, service=0), latitude=29.644, longitude=-82.356, altitude=0.0, position_covariance=array([0., 0., 0., 0., 0., 0., 0., 0., 0.]), position_covariance_type=0))
[controller-2] [INFO] [1739916012.144881815] [drone_home1.controller]: Waypoints now: [(29.644, -82.356)]
[drive_hardware-6] [INFO] [1739916012.152390152] [drone_home1.drive_hardware]: Service request to change drive mode custom_messages.srv.SetMode_Request(mode='automatic')
[drive_hardware-6] [INFO] [1739916012.153590575] [drone_home1.drive_hardware]: Drive mode now: automatic
[controller-2] [INFO] [1739916051.106872778] [drone_home1.controller]: Service request to change coordinate custom_messages.srv.SetCoordinate_Request(new_coordinate=sensor_msgs.msg.NavSatFix(header=std_msgs.msg.Header(stamp=builtin_interfaces.msg.Time(sec=0, nanosec=0), frame_id=''), status=sensor_msgs.msg.NavSatStatus(status=0, service=0), latitude=29.644, longitude=-82.356, altitude=0.0, position_covariance=array([0., 0., 0., 0., 0., 0., 0., 0., 0.]), position_covariance_type=0))
[controller-2] [INFO] [1739916051.108262550] [drone_home1.controller]: Waypoints now: [(29.644, -82.356)]
[drive_hardware-6] [INFO] [1739916051.228196528] [drone_home1.drive_hardware]: Service request to change drive mode custom_messages.srv.SetMode_Request(mode='automatic')
[drive_hardware-6] [INFO] [1739916051.229041675] [drone_home1.drive_hardware]: Drive mode now: automatic
[controller-2] [INFO] [1739916134.735320756] [drone_home1.controller]: Service request to change coordinate custom_messages.srv.SetCoordinate_Request(new_coordinate=sensor_msgs.msg.NavSatFix(header=std_msgs.msg.Header(stamp=builtin_interfaces.msg.Time(sec=0, nanosec=0), frame_id=''), status=sensor_msgs.msg.NavSatStatus(status=0, service=0), latitude=29.644, longitude=-82.356, altitude=0.0, position_covariance=array([0., 0., 0., 0., 0., 0., 0., 0., 0.]), position_covariance_type=0))
[controller-2] [INFO] [1739916134.737229169] [drone_home1.controller]: Waypoints now: [(29.644, -82.356)]
[drive_hardware-6] [INFO] [1739916134.744039465] [drone_home1.drive_hardware]: Service request to change drive mode custom_messages.srv.SetMode_Request(mode='automatic')
[drive_hardware-6] [INFO] [1739916134.745708158] [drone_home1.drive_hardware]: Drive mode now: automatic
[controller-2] [INFO] [1739916232.916472452] [drone_home1.controller]: Service request to change coordinate custom_messages.srv.SetCoordinate_Request(new_coordinate=sensor_msgs.msg.NavSatFix(header=std_msgs.msg.Header(stamp=builtin_interfaces.msg.Time(sec=0, nanosec=0), frame_id=''), status=sensor_msgs.msg.NavSatStatus(status=0, service=0), latitude=29.644, longitude=-82.356, altitude=0.0, position_covariance=array([0., 0., 0., 0., 0., 0., 0., 0., 0.]), position_covariance_type=0))
[controller-2] [INFO] [1739916232.923025779] [drone_home1.controller]: Waypoints now: [(29.644, -82.356)]
[drive_hardware-6] [INFO] [1739916233.032477547] [drone_home1.drive_hardware]: Service request to change drive mode custom_messages.srv.SetMode_Request(mode='automatic')
[drive_hardware-6] [INFO] [1739916233.034293316] [drone_home1.drive_hardware]: Drive mode now: automatic
[controller-2] [INFO] [1739916398.958603730] [drone_home1.controller]: Service request to change coordinate custom_messages.srv.SetCoordinate_Request(new_coordinate=sensor_msgs.msg.NavSatFix(header=std_msgs.msg.Header(stamp=builtin_interfaces.msg.Time(sec=0, nanosec=0), frame_id=''), status=sensor_msgs.msg.NavSatStatus(status=0, service=0), latitude=29.644, longitude=-82.356, altitude=0.0, position_covariance=array([0., 0., 0., 0., 0., 0., 0., 0., 0.]), position_covariance_type=0))
[controller-2] [INFO] [1739916398.960974748] [drone_home1.controller]: Waypoints now: [(29.644, -82.356)]
[drive_hardware-6] [INFO] [1739916399.088336738] [drone_home1.drive_hardware]: Service request to change drive mode custom_messages.srv.SetMode_Request(mode='automatic')
[drive_hardware-6] [INFO] [1739916399.090164955] [drone_home1.drive_hardware]: Drive mode now: automatic
[controller-2] [INFO] [1739916435.633726574] [drone_home1.controller]: Service request to change coordinate custom_messages.srv.SetCoordinate_Request(new_coordinate=sensor_msgs.msg.NavSatFix(header=std_msgs.msg.Header(stamp=builtin_interfaces.msg.Time(sec=0, nanosec=0), frame_id=''), status=sensor_msgs.msg.NavSatStatus(status=0, service=0), latitude=29.644, longitude=-82.356, altitude=0.0, position_covariance=array([0., 0., 0., 0., 0., 0., 0., 0., 0.]), position_covariance_type=0))
[controller-2] [INFO] [1739916435.635432835] [drone_home1.controller]: Waypoints now: [(29.644, -82.356)]
[drive_hardware-6] [INFO] [1739916435.743581195] [drone_home1.drive_hardware]: Service request to change drive mode custom_messages.srv.SetMode_Request(mode='automatic')
[drive_hardware-6] [INFO] [1739916435.744699918] [drone_home1.drive_hardware]: Drive mode now: automatic
[drive_hardware-6] [INFO] [1739916442.847065056] [drone_home1.drive_hardware]: Service request to change drive mode custom_messages.srv.SetMode_Request(mode='manual')
[drive_hardware-6] [INFO] [1739916442.847914907] [drone_home1.drive_hardware]: Drive mode now: manual
[drive_hardware-6] [INFO] [1739916445.382057036] [drone_home1.drive_hardware]: Service request to change drive mode custom_messages.srv.SetMode_Request(mode='automatic')
[drive_hardware-6] [INFO] [1739916445.383255569] [drone_home1.drive_hardware]: Drive mode now: automatic
[drive_hardware-6] [INFO] [1739916446.314176998] [drone_home1.drive_hardware]: Service request to change drive mode custom_messages.srv.SetMode_Request(mode='manual')
[drive_hardware-6] [INFO] [1739916446.315273064] [drone_home1.drive_hardware]: Drive mode now: manual
