[INFO] [launch]: All log files can be found below /root/.ros/log/2025-02-25-20-53-46-789477-drone-home-276
[INFO] [launch]: Default logging verbosity is set to INFO
[INFO] [cv_controller-1]: process started with pid [278]
[INFO] [controller-2]: process started with pid [280]
[INFO] [pwm_publisher-3]: process started with pid [282]
[INFO] [gps_publisher-4]: process started with pid [284]
[INFO] [imu_publisher-5]: process started with pid [286]
[INFO] [drive_hardware-6]: process started with pid [288]
[cv_controller-1] [INFO] [1740534828.192321521] [drone_home1.sim]: CV Controller running
[controller-2] [INFO] [1740534828.257764704] [drone_home1.controller]: Controller running
[imu_publisher-5] [INFO] [1740534829.948456043] [drone_home1.imu_publisher]: Calibration status: (True, 'Calibration (sys:0, gyro:0, accel:3, mag:0)')
[controller-2] [INFO] [1740534833.989733059] [drone_home1.controller]: Service request to change coordinate custom_messages.srv.SetCoordinate_Request(new_coordinate=sensor_msgs.msg.NavSatFix(header=std_msgs.msg.Header(stamp=builtin_interfaces.msg.Time(sec=0, nanosec=0), frame_id=''), status=sensor_msgs.msg.NavSatStatus(status=0, service=0), latitude=29.632671, longitude=-82.36249, altitude=0.0, position_covariance=array([0., 0., 0., 0., 0., 0., 0., 0., 0.]), position_covariance_type=0))
[controller-2] [INFO] [1740534833.993266536] [drone_home1.controller]: Waypoints now: [(29.632671, -82.36249)]
[drive_hardware-6] [INFO] [1740534834.154489590] [drone_home1.drive_hardware]: Service request to change drive mode custom_messages.srv.SetMode_Request(mode='automatic')
[drive_hardware-6] [INFO] [1740534834.155790843] [drone_home1.drive_hardware]: Drive mode now: automatic
[drive_hardware-6] [INFO] [1740534851.558219979] [drone_home1.drive_hardware]: Service request to change drive mode custom_messages.srv.SetMode_Request(mode='automatic')
[drive_hardware-6] [INFO] [1740534851.559122661] [drone_home1.drive_hardware]: Drive mode now: automatic
[drive_hardware-6] [INFO] [1740534878.190155986] [drone_home1.drive_hardware]: Service request to change drive mode custom_messages.srv.SetMode_Request(mode='automatic')
[drive_hardware-6] [INFO] [1740534878.191021676] [drone_home1.drive_hardware]: Drive mode now: automatic
[drive_hardware-6] [INFO] [1740534879.214614619] [drone_home1.drive_hardware]: Service request to change drive mode custom_messages.srv.SetMode_Request(mode='automatic')
[drive_hardware-6] [INFO] [1740534879.215500756] [drone_home1.drive_hardware]: Drive mode now: automatic
[drive_hardware-6] [INFO] [1740534880.682362384] [drone_home1.drive_hardware]: Service request to change drive mode custom_messages.srv.SetMode_Request(mode='automatic')
[drive_hardware-6] [INFO] [1740534880.683263531] [drone_home1.drive_hardware]: Drive mode now: automatic
[drive_hardware-6] [INFO] [1740534882.644007757] [drone_home1.drive_hardware]: Service request to change drive mode custom_messages.srv.SetMode_Request(mode='automatic')
[drive_hardware-6] [INFO] [1740534882.644936392] [drone_home1.drive_hardware]: Drive mode now: automatic
