[INFO] [launch]: All log files can be found below /home/pi/.ros/log/2024-11-27-12-49-09-751316-drone-home-51338
[INFO] [launch]: Default logging verbosity is set to INFO
[WARNING] [imu_publisher-2]: there are now at least 2 nodes with the name /drone_home1/sim created within this launch context
[WARNING] [drive_hardware-3]: there are now at least 3 nodes with the name /drone_home1/sim created within this launch context
[WARNING] [static_transform_publisher-5]: there are now at least 2 nodes with the name /drone_home1/static_transform_publisher created within this launch context
[INFO] [drive_publisher-1]: process started with pid [51345]
[INFO] [imu_publisher-2]: process started with pid [51346]
[INFO] [drive_hardware-3]: process started with pid [51347]
[INFO] [static_transform_publisher-4]: process started with pid [51348]
[INFO] [static_transform_publisher-5]: process started with pid [51349]
[static_transform_publisher-4] [WARN] [1732729749.897345080] []: Old-style arguments are deprecated; see --help for new-style arguments
[static_transform_publisher-5] [WARN] [1732729749.915338529] []: Old-style arguments are deprecated; see --help for new-style arguments
[static_transform_publisher-4] [INFO] [1732729749.917415370] [drone_home1.static_transform_publisher]: Spinning until stopped - publishing transform
[static_transform_publisher-4] translation: ('0.000000', '0.000000', '0.000000')
[static_transform_publisher-4] rotation: ('0.000000', '0.000000', '0.000000', '1.000000')
[static_transform_publisher-4] from 'map' to 'imu_frame'
[static_transform_publisher-5] [INFO] [1732729749.934798489] [drone_home1.static_transform_publisher]: Spinning until stopped - publishing transform
[static_transform_publisher-5] translation: ('0.000000', '0.000000', '0.000000')
[static_transform_publisher-5] rotation: ('0.000000', '0.000000', '0.000000', '1.000000')
[static_transform_publisher-5] from 'map' to 'gps_sensor'
[drive_hardware-3] /usr/lib/python3/dist-packages/gpiozero/output_devices.py:1509: PWMSoftwareFallback: To reduce servo jitter, use the pigpio pin factory.See https://gpiozero.readthedocs.io/en/stable/api_output.html#servo for more info
[drive_hardware-3]   warnings.warn(PWMSoftwareFallback(
[imu_publisher-2] [INFO] [1732729752.159219960] [drone_home1.sim]: Calibration status: (True, 'Calibration (sys:0, gyro:0, accel:3, mag:0)')
[imu_publisher-2] [INFO] [1732729752.214619762] [drone_home1.sim]: -0.016285267110988832
[imu_publisher-2] [INFO] [1732729752.264489961] [drone_home1.sim]: -0.016285267110988832
[imu_publisher-2] [INFO] [1732729752.313745256] [drone_home1.sim]: -0.016285267110988832
[imu_publisher-2] [INFO] [1732729752.401140382] [drone_home1.sim]: -0.016285267110988832
[imu_publisher-2] [INFO] [1732729752.414443242] [drone_home1.sim]: -0.016285267110988832
[imu_publisher-2] [INFO] [1732729752.506252198] [drone_home1.sim]: -0.016285267110988832
[imu_publisher-2] [INFO] [1732729752.517473736] [drone_home1.sim]: -0.016285267110988832
[imu_publisher-2] [INFO] [1732729752.603084444] [drone_home1.sim]: -0.016285267110988832
[imu_publisher-2] [INFO] [1732729752.614938960] [drone_home1.sim]: -0.016285267110988832
[imu_publisher-2] [INFO] [1732729752.665223657] [drone_home1.sim]: -0.016285267110988832
[imu_publisher-2] [INFO] [1732729752.717589270] [drone_home1.sim]: -0.016285267110988832
[imu_publisher-2] [INFO] [1732729752.765517201] [drone_home1.sim]: -0.016285267110988832
[imu_publisher-2] [INFO] [1732729752.847583372] [drone_home1.sim]: -0.016285267110988832
[imu_publisher-2] [INFO] [1732729752.928698177] [drone_home1.sim]: -0.016285267110988832
[imu_publisher-2] [INFO] [1732729752.965430959] [drone_home1.sim]: -0.016285267110988832
[imu_publisher-2] [INFO] [1732729753.015341677] [drone_home1.sim]: -0.016285267110988832
[imu_publisher-2] [INFO] [1732729753.065285950] [drone_home1.sim]: -0.016285267110988832
[imu_publisher-2] [INFO] [1732729753.116111441] [drone_home1.sim]: -0.016285267110988832
[imu_publisher-2] [INFO] [1732729753.165651605] [drone_home1.sim]: -0.016285267110988832
[imu_publisher-2] [INFO] [1732729753.215152639] [drone_home1.sim]: -0.016285267110988832
[imu_publisher-2] [INFO] [1732729753.265698187] [drone_home1.sim]: -0.016285267110988832
[imu_publisher-2] [INFO] [1732729753.357224089] [drone_home1.sim]: -0.016285267110988832
[imu_publisher-2] [INFO] [1732729753.443778423] [drone_home1.sim]: -0.016285267110988832
[imu_publisher-2] [INFO] [1732729753.464403729] [drone_home1.sim]: -0.016285267110988832
[imu_publisher-2] [INFO] [1732729753.514077318] [drone_home1.sim]: -0.016285267110988832
[imu_publisher-2] [INFO] [1732729753.563886091] [drone_home1.sim]: -0.016285267110988832
[imu_publisher-2] [INFO] [1732729753.613813013] [drone_home1.sim]: -0.016285267110988832
[imu_publisher-2] [INFO] [1732729753.663642045] [drone_home1.sim]: -0.016285267110988832
[imu_publisher-2] [INFO] [1732729753.713380523] [drone_home1.sim]: -0.016285267110988832
[imu_publisher-2] [INFO] [1732729753.791152011] [drone_home1.sim]: -0.016285267110988832
[imu_publisher-2] [INFO] [1732729753.848847339] [drone_home1.sim]: -0.016285267110988832
[imu_publisher-2] [INFO] [1732729753.863318582] [drone_home1.sim]: -0.016285267110988832
[imu_publisher-2] [INFO] [1732729753.929685312] [drone_home1.sim]: -0.016285267110988832
[imu_publisher-2] [INFO] [1732729753.983882527] [drone_home1.sim]: -0.016285267110988832
[imu_publisher-2] [INFO] [1732729754.013748306] [drone_home1.sim]: -0.016285267110988832
[imu_publisher-2] [INFO] [1732729754.063701690] [drone_home1.sim]: -0.016285267110988832
[imu_publisher-2] [INFO] [1732729754.113303539] [drone_home1.sim]: -0.016285267110988832
[imu_publisher-2] [INFO] [1732729754.163247478] [drone_home1.sim]: -0.016285267110988832
[imu_publisher-2] [INFO] [1732729754.231783882] [drone_home1.sim]: -0.016285267110988832
[imu_publisher-2] [INFO] [1732729754.286393762] [drone_home1.sim]: -0.016285267110988832
[imu_publisher-2] [INFO] [1732729754.397259254] [drone_home1.sim]: -0.016285267110988832
[imu_publisher-2] [INFO] [1732729754.423697161] [drone_home1.sim]: -0.016285267110988832
[imu_publisher-2] [INFO] [1732729754.499598751] [drone_home1.sim]: -0.016285267110988832
[imu_publisher-2] [INFO] [1732729754.555712697] [drone_home1.sim]: -0.016285267110988832
[imu_publisher-2] [INFO] [1732729754.640990352] [drone_home1.sim]: -0.016285267110988832
[imu_publisher-2] [INFO] [1732729754.746359445] [drone_home1.sim]: -0.016285267110988832
[imu_publisher-2] [INFO] [1732729754.805778820] [drone_home1.sim]: -0.016285267110988832
[imu_publisher-2] [INFO] [1732729754.829029872] [drone_home1.sim]: -0.016285267110988832
[imu_publisher-2] [INFO] [1732729754.883418512] [drone_home1.sim]: -0.016285267110988832
[imu_publisher-2] [INFO] [1732729754.946436036] [drone_home1.sim]: -0.016285267110988832
[imu_publisher-2] [INFO] [1732729754.965287647] [drone_home1.sim]: -0.016285267110988832
[imu_publisher-2] [INFO] [1732729755.078363980] [drone_home1.sim]: -0.016285267110988832
[imu_publisher-2] [INFO] [1732729755.159392970] [drone_home1.sim]: -0.016285267110988832
[imu_publisher-2] [INFO] [1732729755.215062715] [drone_home1.sim]: -0.016285267110988832
[imu_publisher-2] [INFO] [1732729755.265595337] [drone_home1.sim]: -0.016285267110988832
[imu_publisher-2] [INFO] [1732729755.341691778] [drone_home1.sim]: -0.016285267110988832
[imu_publisher-2] [INFO] [1732729755.365053607] [drone_home1.sim]: -0.016285267110988832
[imu_publisher-2] [INFO] [1732729755.419522932] [drone_home1.sim]: -0.016285267110988832
[imu_publisher-2] [INFO] [1732729755.478395995] [drone_home1.sim]: -0.016285267110988832
[imu_publisher-2] [INFO] [1732729755.542815641] [drone_home1.sim]: -0.016285267110988832
[imu_publisher-2] [INFO] [1732729755.568486478] [drone_home1.sim]: -0.016285267110988832
[imu_publisher-2] [INFO] [1732729755.641168361] [drone_home1.sim]: -0.016285267110988832
[imu_publisher-2] [INFO] [1732729755.701323973] [drone_home1.sim]: -0.016285267110988832
[imu_publisher-2] [INFO] [1732729755.788308934] [drone_home1.sim]: -0.016285267110988832
[imu_publisher-2] [INFO] [1732729755.813767846] [drone_home1.sim]: -0.016285267110988832
[imu_publisher-2] [INFO] [1732729755.863692138] [drone_home1.sim]: -0.016285267110988832
[imu_publisher-2] [INFO] [1732729755.913837743] [drone_home1.sim]: -0.016285267110988832
[imu_publisher-2] [INFO] [1732729755.982325907] [drone_home1.sim]: -0.016285267110988832
[imu_publisher-2] [INFO] [1732729756.042731924] [drone_home1.sim]: -0.016285267110988832
[imu_publisher-2] [INFO] [1732729756.123013882] [drone_home1.sim]: -0.016285267110988832
[imu_publisher-2] [INFO] [1732729756.164113439] [drone_home1.sim]: -0.016285267110988832
[imu_publisher-2] [INFO] [1732729756.240950043] [drone_home1.sim]: -0.016285267110988832
[imu_publisher-2] [INFO] [1732729756.264088596] [drone_home1.sim]: -0.016285267110988832
[imu_publisher-2] [INFO] [1732729756.322274513] [drone_home1.sim]: -0.016285267110988832
[imu_publisher-2] [INFO] [1732729756.376781264] [drone_home1.sim]: -0.016285267110988832
[imu_publisher-2] [INFO] [1732729756.454550752] [drone_home1.sim]: -0.016285267110988832
[imu_publisher-2] [INFO] [1732729756.468795663] [drone_home1.sim]: -0.016285267110988832
[imu_publisher-2] [INFO] [1732729756.556025179] [drone_home1.sim]: -0.016285267110988832
[imu_publisher-2] [INFO] [1732729756.609967655] [drone_home1.sim]: -0.016285267110988832
[imu_publisher-2] [INFO] [1732729756.723660300] [drone_home1.sim]: -0.016285267110988832
[imu_publisher-2] [INFO] [1732729756.765496816] [drone_home1.sim]: -0.016285267110988832
[imu_publisher-2] [INFO] [1732729756.814389150] [drone_home1.sim]: -0.016285267110988832
[imu_publisher-2] [INFO] [1732729756.877180693] [drone_home1.sim]: -0.016285267110988832
[imu_publisher-2] [INFO] [1732729756.914652009] [drone_home1.sim]: -0.016285267110988832
[imu_publisher-2] [INFO] [1732729756.972721964] [drone_home1.sim]: -0.016285267110988832
[imu_publisher-2] [INFO] [1732729757.027975230] [drone_home1.sim]: -0.016285267110988832
[imu_publisher-2] [INFO] [1732729757.137855134] [drone_home1.sim]: -0.016285267110988832
[imu_publisher-2] [INFO] [1732729757.163458156] [drone_home1.sim]: -0.016285267110988832
[imu_publisher-2] [INFO] [1732729757.236453909] [drone_home1.sim]: -0.016285267110988832
[imu_publisher-2] [INFO] [1732729757.295212620] [drone_home1.sim]: -0.016285267110988832
[imu_publisher-2] [INFO] [1732729757.381994990] [drone_home1.sim]: -0.016285267110988832
[imu_publisher-2] [INFO] [1732729757.413759093] [drone_home1.sim]: -0.016285267110988832
[imu_publisher-2] [INFO] [1732729757.463692514] [drone_home1.sim]: -0.016285267110988832
[imu_publisher-2] [INFO] [1732729757.519356074] [drone_home1.sim]: -0.016285267110988832
[imu_publisher-2] [INFO] [1732729757.563754670] [drone_home1.sim]: -0.016285267110988832
[imu_publisher-2] [INFO] [1732729757.648902252] [drone_home1.sim]: -0.016285267110988832
[imu_publisher-2] [INFO] [1732729757.663447014] [drone_home1.sim]: -0.016285267110988832
[imu_publisher-2] [INFO] [1732729757.713799748] [drone_home1.sim]: -0.016285267110988832
[imu_publisher-2] [INFO] [1732729757.763639836] [drone_home1.sim]: -0.016285267110988832
[imu_publisher-2] [INFO] [1732729757.813705182] [drone_home1.sim]: -0.016285267110988832
[imu_publisher-2] [INFO] [1732729757.892243037] [drone_home1.sim]: -0.016285267110988832
[imu_publisher-2] [INFO] [1732729757.913471674] [drone_home1.sim]: -0.016285267110988832
[imu_publisher-2] [INFO] [1732729757.963442298] [drone_home1.sim]: -0.016285267110988832
[imu_publisher-2] [INFO] [1732729758.024147648] [drone_home1.sim]: -0.016285267110988832
[imu_publisher-2] [INFO] [1732729758.110769630] [drone_home1.sim]: -0.016285267110988832
[imu_publisher-2] [INFO] [1732729758.115822660] [drone_home1.sim]: -0.016285267110988832
[imu_publisher-2] [INFO] [1732729758.167698109] [drone_home1.sim]: -0.016285267110988832
[imu_publisher-2] [INFO] [1732729758.232686253] [drone_home1.sim]: -0.016285267110988832
[imu_publisher-2] [INFO] [1732729758.264401986] [drone_home1.sim]: -0.016285267110988832
[imu_publisher-2] [INFO] [1732729758.331897524] [drone_home1.sim]: -0.016285267110988832
[imu_publisher-2] [INFO] [1732729758.441082117] [drone_home1.sim]: -0.016285267110988832
[imu_publisher-2] [INFO] [1732729758.503526736] [drone_home1.sim]: -0.016285267110988832
[imu_publisher-2] [INFO] [1732729758.526366050] [drone_home1.sim]: -0.016285267110988832
[imu_publisher-2] [INFO] [1732729758.587232103] [drone_home1.sim]: -0.016285267110988832
[imu_publisher-2] [INFO] [1732729758.674223194] [drone_home1.sim]: -0.016285267110988832
[imu_publisher-2] [INFO] [1732729758.715554805] [drone_home1.sim]: -0.016285267110988832
[imu_publisher-2] [INFO] [1732729758.765136913] [drone_home1.sim]: -0.016285267110988832
[imu_publisher-2] [INFO] [1732729758.815632054] [drone_home1.sim]: -0.016285267110988832
[imu_publisher-2] [INFO] [1732729758.865502846] [drone_home1.sim]: -0.016285267110988832
[imu_publisher-2] [INFO] [1732729758.943720536] [drone_home1.sim]: -0.016285267110988832
[imu_publisher-2] [INFO] [1732729758.965353689] [drone_home1.sim]: -0.016285267110988832
[imu_publisher-2] [INFO] [1732729759.017145230] [drone_home1.sim]: -0.016285267110988832
[imu_publisher-2] [INFO] [1732729759.072594050] [drone_home1.sim]: -0.016285267110988832
[imu_publisher-2] [INFO] [1732729759.138172969] [drone_home1.sim]: -0.016285267110988832
[imu_publisher-2] [INFO] [1732729759.165504538] [drone_home1.sim]: -0.016285267110988832
[imu_publisher-2] [INFO] [1732729759.236673911] [drone_home1.sim]: -0.016285267110988832
[imu_publisher-2] [INFO] [1732729759.291146421] [drone_home1.sim]: -0.016285267110988832
[imu_publisher-2] [INFO] [1732729759.376482353] [drone_home1.sim]: -0.016285267110988832
[imu_publisher-2] [INFO] [1732729759.480697285] [drone_home1.sim]: -0.016285267110988832
[imu_publisher-2] [INFO] [1732729759.515155949] [drone_home1.sim]: -0.016285267110988832
[imu_publisher-2] [INFO] [1732729759.564564077] [drone_home1.sim]: -0.016285267110988832
[imu_publisher-2] [INFO] [1732729759.614442943] [drone_home1.sim]: -0.016285267110988832
[imu_publisher-2] [INFO] [1732729759.663815330] [drone_home1.sim]: -0.016285267110988832
[imu_publisher-2] [INFO] [1732729759.713722955] [drone_home1.sim]: -0.016285267110988832
[imu_publisher-2] [INFO] [1732729759.763660117] [drone_home1.sim]: -0.016285267110988832
[imu_publisher-2] [INFO] [1732729759.813662297] [drone_home1.sim]: -0.016285267110988832
[imu_publisher-2] [INFO] [1732729759.863775662] [drone_home1.sim]: -0.016285267110988832
[imu_publisher-2] [INFO] [1732729759.926529798] [drone_home1.sim]: -0.016285267110988832
[imu_publisher-2] [INFO] [1732729759.963780985] [drone_home1.sim]: -0.016285267110988832
[imu_publisher-2] [INFO] [1732729760.044646384] [drone_home1.sim]: -0.016285267110988832
[imu_publisher-2] [INFO] [1732729760.125774559] [drone_home1.sim]: -0.016285267110988832
[imu_publisher-2] [INFO] [1732729760.181643785] [drone_home1.sim]: -0.016285267110988832
[imu_publisher-2] [INFO] [1732729760.213682387] [drone_home1.sim]: -0.016285267110988832
[imu_publisher-2] [INFO] [1732729760.305890137] [drone_home1.sim]: -0.016285267110988832
[imu_publisher-2] [INFO] [1732729760.321189432] [drone_home1.sim]: -0.016285267110988832
[imu_publisher-2] [INFO] [1732729760.406293366] [drone_home1.sim]: -0.016285267110988832
[imu_publisher-2] [INFO] [1732729760.511601126] [drone_home1.sim]: -0.016285267110988832
[imu_publisher-2] [INFO] [1732729760.516589027] [drone_home1.sim]: -0.016285267110988832
[imu_publisher-2] [INFO] [1732729760.577060434] [drone_home1.sim]: -0.016285267110988832
[imu_publisher-2] [INFO] [1732729760.614616472] [drone_home1.sim]: -0.016285267110988832
[imu_publisher-2] [INFO] [1732729760.664998613] [drone_home1.sim]: -0.016285267110988832
[imu_publisher-2] [INFO] [1732729760.730449976] [drone_home1.sim]: -0.016285267110988832
[imu_publisher-2] [INFO] [1732729760.765293194] [drone_home1.sim]: -0.016285267110988832
[imu_publisher-2] [INFO] [1732729760.815802242] [drone_home1.sim]: -0.016285267110988832
[imu_publisher-2] [INFO] [1732729760.876549147] [drone_home1.sim]: -0.016285267110988832
[imu_publisher-2] [INFO] [1732729760.915376086] [drone_home1.sim]: -0.016285267110988832
[imu_publisher-2] [INFO] [1732729761.003780726] [drone_home1.sim]: -0.016285267110988832
[imu_publisher-2] [INFO] [1732729761.083095003] [drone_home1.sim]: -0.016285267110988832
[imu_publisher-2] [INFO] [1732729761.115445344] [drone_home1.sim]: -0.016285267110988832
[imu_publisher-2] [INFO] [1732729761.165450431] [drone_home1.sim]: -0.016285267110988832
[imu_publisher-2] [INFO] [1732729761.215353130] [drone_home1.sim]: -0.016285267110988832
[imu_publisher-2] [INFO] [1732729761.265647605] [drone_home1.sim]: -0.016285267110988832
[imu_publisher-2] [INFO] [1732729761.315481212] [drone_home1.sim]: -0.016285267110988832
[imu_publisher-2] [INFO] [1732729761.364843747] [drone_home1.sim]: -0.016285267110988832
[imu_publisher-2] [INFO] [1732729761.415435128] [drone_home1.sim]: -0.016285267110988832
[imu_publisher-2] [INFO] [1732729761.465193884] [drone_home1.sim]: -0.016285267110988832
[imu_publisher-2] [INFO] [1732729761.515149731] [drone_home1.sim]: -0.016285267110988832
[imu_publisher-2] [INFO] [1732729761.590870451] [drone_home1.sim]: -0.016285267110988832
[imu_publisher-2] [INFO] [1732729761.646539011] [drone_home1.sim]: -0.016285267110988832
[imu_publisher-2] [INFO] [1732729761.721067015] [drone_home1.sim]: -0.016285267110988832
[imu_publisher-2] [INFO] [1732729761.779637505] [drone_home1.sim]: -0.016285267110988832
[imu_publisher-2] [INFO] [1732729761.861592195] [drone_home1.sim]: -0.016285267110988832
[imu_publisher-2] [INFO] [1732729761.872590845] [drone_home1.sim]: -0.016285267110988832
[imu_publisher-2] [INFO] [1732729761.983078987] [drone_home1.sim]: -0.016285267110988832
[imu_publisher-2] [INFO] [1732729762.014154556] [drone_home1.sim]: -0.016285267110988832
[imu_publisher-2] [INFO] [1732729762.065319823] [drone_home1.sim]: -0.016285267110988832
[imu_publisher-2] [INFO] [1732729762.113861066] [drone_home1.sim]: -0.016285267110988832
[imu_publisher-2] [INFO] [1732729762.163780877] [drone_home1.sim]: -0.016285267110988832
[imu_publisher-2] [INFO] [1732729762.213845760] [drone_home1.sim]: -0.016285267110988832
[imu_publisher-2] [INFO] [1732729762.263874218] [drone_home1.sim]: -0.016285267110988832
[imu_publisher-2] [INFO] [1732729762.324490124] [drone_home1.sim]: -0.016285267110988832
[imu_publisher-2] [INFO] [1732729762.364085837] [drone_home1.sim]: -0.016285267110988832
[imu_publisher-2] [INFO] [1732729762.414248683] [drone_home1.sim]: -0.016285267110988832
[imu_publisher-2] [INFO] [1732729762.473540428] [drone_home1.sim]: -0.016285267110988832
[imu_publisher-2] [INFO] [1732729762.555090287] [drone_home1.sim]: -0.016285267110988832
[imu_publisher-2] [INFO] [1732729762.634564674] [drone_home1.sim]: -0.016285267110988832
[imu_publisher-2] [INFO] [1732729762.665118061] [drone_home1.sim]: -0.016285267110988832
[imu_publisher-2] [INFO] [1732729762.715095371] [drone_home1.sim]: -0.016285267110988832
[imu_publisher-2] [INFO] [1732729762.765156181] [drone_home1.sim]: -0.016285267110988832
[imu_publisher-2] [INFO] [1732729762.826266954] [drone_home1.sim]: -0.016285267110988832
[imu_publisher-2] [INFO] [1732729762.888262742] [drone_home1.sim]: -0.016285267110988832
[imu_publisher-2] [INFO] [1732729762.915514219] [drone_home1.sim]: -0.016285267110988832
[imu_publisher-2] [INFO] [1732729762.974618059] [drone_home1.sim]: -0.016285267110988832
[imu_publisher-2] [INFO] [1732729763.035319964] [drone_home1.sim]: -0.016285267110988832
[imu_publisher-2] [INFO] [1732729763.118002298] [drone_home1.sim]: -0.016285267110988832
[imu_publisher-2] [INFO] [1732729763.165713453] [drone_home1.sim]: -0.016285267110988832
[imu_publisher-2] [INFO] [1732729763.215637170] [drone_home1.sim]: -0.016285267110988832
[imu_publisher-2] [INFO] [1732729763.265579110] [drone_home1.sim]: -0.016285267110988832
[imu_publisher-2] [INFO] [1732729763.315407884] [drone_home1.sim]: -0.016285267110988832
[imu_publisher-2] [INFO] [1732729763.378163890] [drone_home1.sim]: -0.016285267110988832
[imu_publisher-2] [INFO] [1732729763.415501151] [drone_home1.sim]: -0.016285267110988832
[imu_publisher-2] [INFO] [1732729763.465701627] [drone_home1.sim]: -0.016285267110988832
[imu_publisher-2] [INFO] [1732729763.515599400] [drone_home1.sim]: -0.016285267110988832
[imu_publisher-2] [INFO] [1732729763.565321952] [drone_home1.sim]: -0.016285267110988832
[imu_publisher-2] [INFO] [1732729763.614974597] [drone_home1.sim]: -0.016285267110988832
[imu_publisher-2] [INFO] [1732729763.664998703] [drone_home1.sim]: -0.016285267110988832
[imu_publisher-2] [INFO] [1732729763.714394627] [drone_home1.sim]: -0.016285267110988832
[imu_publisher-2] [INFO] [1732729763.938934597] [drone_home1.sim]: -0.016285267110988832
[imu_publisher-2] [INFO] [1732729763.988980574] [drone_home1.sim]: -0.016285267110988832
[imu_publisher-2] [INFO] [1732729764.014254375] [drone_home1.sim]: -0.016285267110988832
[imu_publisher-2] [INFO] [1732729764.063586040] [drone_home1.sim]: -0.016285267110988832
[imu_publisher-2] [INFO] [1732729764.113943645] [drone_home1.sim]: -0.016285267110988832
[imu_publisher-2] [INFO] [1732729764.202645005] [drone_home1.sim]: -0.016285267110988832
[imu_publisher-2] [INFO] [1732729764.213453563] [drone_home1.sim]: -0.016285267110988832
[imu_publisher-2] [INFO] [1732729764.289131358] [drone_home1.sim]: -0.016285267110988832
[imu_publisher-2] [INFO] [1732729764.349115989] [drone_home1.sim]: -0.016285267110988832
[imu_publisher-2] [INFO] [1732729764.413529987] [drone_home1.sim]: -0.016285267110988832
[imu_publisher-2] [INFO] [1732729764.420506435] [drone_home1.sim]: -0.016285267110988832
[imu_publisher-2] [INFO] [1732729764.463965499] [drone_home1.sim]: -0.016285267110988832
[imu_publisher-2] [INFO] [1732729764.514397770] [drone_home1.sim]: -0.016285267110988832
[imu_publisher-2] [INFO] [1732729764.565269094] [drone_home1.sim]: -0.016285267110988832
[imu_publisher-2] [INFO] [1732729764.654757913] [drone_home1.sim]: -0.016285267110988832
[imu_publisher-2] [INFO] [1732729764.759286881] [drone_home1.sim]: -0.016285267110988832
[imu_publisher-2] [INFO] [1732729764.764943612] [drone_home1.sim]: -0.016285267110988832
[imu_publisher-2] [INFO] [1732729764.825488907] [drone_home1.sim]: -0.016285267110988832
[imu_publisher-2] [INFO] [1732729764.865122250] [drone_home1.sim]: -0.016285267110988832
[imu_publisher-2] [INFO] [1732729764.915107078] [drone_home1.sim]: -0.016285267110988832
[imu_publisher-2] [INFO] [1732729764.975980687] [drone_home1.sim]: -0.016285267110988832
[imu_publisher-2] [INFO] [1732729765.015180790] [drone_home1.sim]: -0.016285267110988832
[imu_publisher-2] [INFO] [1732729765.065260211] [drone_home1.sim]: -0.016285267110988832
[imu_publisher-2] [INFO] [1732729765.117488862] [drone_home1.sim]: -0.016285267110988832
[imu_publisher-2] [INFO] [1732729765.165595607] [drone_home1.sim]: -0.016285267110988832
[imu_publisher-2] [INFO] [1732729765.215404658] [drone_home1.sim]: -0.016285267110988832
[imu_publisher-2] [INFO] [1732729765.265342468] [drone_home1.sim]: -0.016285267110988832
[imu_publisher-2] [INFO] [1732729765.323448238] [drone_home1.sim]: -0.016285267110988832
[imu_publisher-2] [INFO] [1732729765.365257533] [drone_home1.sim]: -0.016285267110988832
[imu_publisher-2] [INFO] [1732729765.420647872] [drone_home1.sim]: -0.016285267110988832
[imu_publisher-2] [INFO] [1732729765.521554876] [drone_home1.sim]: -0.016285267110988832
[imu_publisher-2] [INFO] [1732729765.660681841] [drone_home1.sim]: -0.016285267110988832
[imu_publisher-2] [INFO] [1732729765.667541640] [drone_home1.sim]: -0.016285267110988832
[imu_publisher-2] [INFO] [1732729765.728668747] [drone_home1.sim]: -0.016285267110988832
[imu_publisher-2] [INFO] [1732729765.764279720] [drone_home1.sim]: -0.016285267110988832
[imu_publisher-2] [INFO] [1732729765.813836792] [drone_home1.sim]: -0.016285267110988832
[imu_publisher-2] [INFO] [1732729765.899413056] [drone_home1.sim]: -0.016285267110988832
[imu_publisher-2] [INFO] [1732729765.913322562] [drone_home1.sim]: -0.016285267110988832
[imu_publisher-2] [INFO] [1732729765.963500352] [drone_home1.sim]: -0.016285267110988832
[imu_publisher-2] [INFO] [1732729766.018056455] [drone_home1.sim]: -0.016285267110988832
[imu_publisher-2] [INFO] [1732729766.063798582] [drone_home1.sim]: -0.016285267110988832
[imu_publisher-2] [INFO] [1732729766.143705541] [drone_home1.sim]: -0.016285267110988832
[imu_publisher-2] [INFO] [1732729766.163464333] [drone_home1.sim]: -0.016285267110988832
[imu_publisher-2] [INFO] [1732729766.224560959] [drone_home1.sim]: -0.016285267110988832
[imu_publisher-2] [INFO] [1732729766.263626952] [drone_home1.sim]: -0.016285267110988832
[imu_publisher-2] [INFO] [1732729766.314028963] [drone_home1.sim]: -0.016285267110988832
[imu_publisher-2] [INFO] [1732729766.363840848] [drone_home1.sim]: -0.016285267110988832
[imu_publisher-2] [INFO] [1732729766.421700416] [drone_home1.sim]: -0.016285267110988832
[imu_publisher-2] [INFO] [1732729766.464500372] [drone_home1.sim]: -0.016285267110988832
[imu_publisher-2] [INFO] [1732729766.513774945] [drone_home1.sim]: -0.016285267110988832
[imu_publisher-2] [INFO] [1732729766.564378752] [drone_home1.sim]: -0.016285267110988832
[imu_publisher-2] [INFO] [1732729766.614510246] [drone_home1.sim]: -0.016285267110988832
[imu_publisher-2] [INFO] [1732729766.684608791] [drone_home1.sim]: -0.016285267110988832
[imu_publisher-2] [INFO] [1732729766.714552977] [drone_home1.sim]: -0.016285267110988832
[imu_publisher-2] [INFO] [1732729766.764840489] [drone_home1.sim]: -0.016285267110988832
[imu_publisher-2] [INFO] [1732729766.815109205] [drone_home1.sim]: -0.016285267110988832
[imu_publisher-2] [INFO] [1732729766.864957960] [drone_home1.sim]: -0.016285267110988832
[imu_publisher-2] [INFO] [1732729766.921424497] [drone_home1.sim]: -0.016285267110988832
[imu_publisher-2] [INFO] [1732729766.996630850] [drone_home1.sim]: -0.016285267110988832
[imu_publisher-2] [INFO] [1732729767.053224591] [drone_home1.sim]: -0.016285267110988832
[imu_publisher-2] [INFO] [1732729767.104602820] [drone_home1.sim]: -0.016285267110988832
[imu_publisher-2] [INFO] [1732729767.184814240] [drone_home1.sim]: -0.016285267110988832
[imu_publisher-2] [INFO] [1732729767.214331429] [drone_home1.sim]: -0.016285267110988832
[imu_publisher-2] [INFO] [1732729767.304062451] [drone_home1.sim]: -0.016285267110988832
[imu_publisher-2] [INFO] [1732729767.313247665] [drone_home1.sim]: -0.016285267110988832
[imu_publisher-2] [INFO] [1732729767.386542286] [drone_home1.sim]: -0.016285267110988832
[imu_publisher-2] [INFO] [1732729767.438586827] [drone_home1.sim]: -0.016285267110988832
[imu_publisher-2] [INFO] [1732729767.463692314] [drone_home1.sim]: -0.016285267110988832
[imu_publisher-2] [INFO] [1732729767.563157085] [drone_home1.sim]: -0.016285267110988832
[imu_publisher-2] [INFO] [1732729767.578379918] [drone_home1.sim]: -0.016285267110988832
[imu_publisher-2] [INFO] [1732729767.661397769] [drone_home1.sim]: -0.016285267110988832
[imu_publisher-2] [INFO] [1732729767.715186875] [drone_home1.sim]: -0.016285267110988832
[imu_publisher-2] [INFO] [1732729767.829044056] [drone_home1.sim]: -0.016285267110988832
[imu_publisher-2] [INFO] [1732729767.863657423] [drone_home1.sim]: -0.016285267110988832
[imu_publisher-2] [INFO] [1732729767.923076409] [drone_home1.sim]: -0.016285267110988832
[imu_publisher-2] [INFO] [1732729767.979035523] [drone_home1.sim]: -0.016285267110988832
[imu_publisher-2] [INFO] [1732729768.050609208] [drone_home1.sim]: -0.016285267110988832
[imu_publisher-2] [INFO] [1732729768.080468414] [drone_home1.sim]: -0.016285267110988832
[imu_publisher-2] [INFO] [1732729768.132597713] [drone_home1.sim]: -0.016285267110988832
[imu_publisher-2] [INFO] [1732729768.189730932] [drone_home1.sim]: -0.016285267110988832
[imu_publisher-2] [INFO] [1732729768.273297503] [drone_home1.sim]: -0.016285267110988832
[imu_publisher-2] [INFO] [1732729768.313731508] [drone_home1.sim]: -0.016285267110988832
[imu_publisher-2] [INFO] [1732729768.422350215] [drone_home1.sim]: -0.016285267110988832
[imu_publisher-2] [INFO] [1732729768.464124066] [drone_home1.sim]: -0.016285267110988832
[imu_publisher-2] [INFO] [1732729768.514097542] [drone_home1.sim]: -0.016285267110988832
[imu_publisher-2] [INFO] [1732729768.564306851] [drone_home1.sim]: -0.016285267110988832
[imu_publisher-2] [INFO] [1732729768.614413253] [drone_home1.sim]: -0.016285267110988832
[imu_publisher-2] [INFO] [1732729768.682429623] [drone_home1.sim]: -0.016285267110988832
[imu_publisher-2] [INFO] [1732729768.766293914] [drone_home1.sim]: -0.016285267110988832
[imu_publisher-2] [INFO] [1732729768.814938379] [drone_home1.sim]: -0.016285267110988832
[imu_publisher-2] [INFO] [1732729768.865065114] [drone_home1.sim]: -0.016285267110988832
[imu_publisher-2] [INFO] [1732729768.915224219] [drone_home1.sim]: -0.016285267110988832
[imu_publisher-2] [INFO] [1732729769.003866247] [drone_home1.sim]: -0.016285267110988832
[imu_publisher-2] [INFO] [1732729769.015444986] [drone_home1.sim]: -0.016285267110988832
[imu_publisher-2] [INFO] [1732729769.065427204] [drone_home1.sim]: -0.016285267110988832
[imu_publisher-2] [INFO] [1732729769.135854154] [drone_home1.sim]: -0.016285267110988832
[imu_publisher-2] [INFO] [1732729769.165461046] [drone_home1.sim]: -0.016285267110988832
[imu_publisher-2] [INFO] [1732729769.266941658] [drone_home1.sim]: -0.016285267110988832
[imu_publisher-2] [INFO] [1732729769.351242985] [drone_home1.sim]: -0.016285267110988832
[imu_publisher-2] [INFO] [1732729769.365518100] [drone_home1.sim]: -0.016285267110988832
[imu_publisher-2] [INFO] [1732729769.428942584] [drone_home1.sim]: -0.016285267110988832
[imu_publisher-2] [INFO] [1732729769.486765800] [drone_home1.sim]: -0.016285267110988832
[imu_publisher-2] [INFO] [1732729769.548962495] [drone_home1.sim]: -0.016285267110988832
[imu_publisher-2] [INFO] [1732729769.579669122] [drone_home1.sim]: -0.016285267110988832
[imu_publisher-2] [INFO] [1732729769.628668436] [drone_home1.sim]: -0.016285267110988832
[imu_publisher-2] [INFO] [1732729769.690641576] [drone_home1.sim]: -0.016285267110988832
[imu_publisher-2] [INFO] [1732729769.718736105] [drone_home1.sim]: -0.016285267110988832
[imu_publisher-2] [INFO] [1732729769.764787694] [drone_home1.sim]: -0.016285267110988832
[imu_publisher-2] [INFO] [1732729769.863258099] [drone_home1.sim]: -0.016285267110988832
[imu_publisher-2] [INFO] [1732729769.940026796] [drone_home1.sim]: -0.016285267110988832
[imu_publisher-2] [INFO] [1732729769.994630731] [drone_home1.sim]: -0.016285267110988832
[imu_publisher-2] [INFO] [1732729770.052831389] [drone_home1.sim]: -0.016285267110988832
[imu_publisher-2] [INFO] [1732729770.065855992] [drone_home1.sim]: -0.016285267110988832
[imu_publisher-2] [INFO] [1732729770.181063759] [drone_home1.sim]: -0.016285267110988832
[imu_publisher-2] [INFO] [1732729770.213919931] [drone_home1.sim]: -0.016285267110988832
[imu_publisher-2] [INFO] [1732729770.269325307] [drone_home1.sim]: -0.016285267110988832
[imu_publisher-2] [INFO] [1732729770.313691978] [drone_home1.sim]: -0.016285267110988832
[imu_publisher-2] [INFO] [1732729770.363703677] [drone_home1.sim]: -0.016285267110988832
[imu_publisher-2] [INFO] [1732729770.413761431] [drone_home1.sim]: -0.016285267110988832
[imu_publisher-2] [INFO] [1732729770.463671778] [drone_home1.sim]: -0.016285267110988832
[imu_publisher-2] [INFO] [1732729770.513920032] [drone_home1.sim]: -0.016285267110988832
[imu_publisher-2] [INFO] [1732729770.564079618] [drone_home1.sim]: -0.016285267110988832
[imu_publisher-2] [INFO] [1732729770.614114965] [drone_home1.sim]: -0.016285267110988832
[imu_publisher-2] [INFO] [1732729770.695090530] [drone_home1.sim]: -0.016285267110988832
[imu_publisher-2] [INFO] [1732729770.800618308] [drone_home1.sim]: -0.016285267110988832
[imu_publisher-2] [INFO] [1732729770.919896796] [drone_home1.sim]: -0.016285267110988832
[imu_publisher-2] [INFO] [1732729770.965054556] [drone_home1.sim]: -0.016285267110988832
[imu_publisher-2] [INFO] [1732729771.037484478] [drone_home1.sim]: -0.016285267110988832
[imu_publisher-2] [INFO] [1732729771.147280772] [drone_home1.sim]: -0.016285267110988832
[imu_publisher-2] [INFO] [1732729771.175996279] [drone_home1.sim]: -0.016285267110988832
[imu_publisher-2] [INFO] [1732729771.257301713] [drone_home1.sim]: -0.016285267110988832
[imu_publisher-2] [INFO] [1732729771.286893604] [drone_home1.sim]: -0.016285267110988832
[imu_publisher-2] [INFO] [1732729771.346634663] [drone_home1.sim]: -0.016285267110988832
[imu_publisher-2] [INFO] [1732729771.429782143] [drone_home1.sim]: -0.016285267110988832
[imu_publisher-2] [INFO] [1732729771.533964946] [drone_home1.sim]: -0.016285267110988832
[imu_publisher-2] [INFO] [1732729771.565378662] [drone_home1.sim]: -0.016285267110988832
[imu_publisher-2] [INFO] [1732729771.615268787] [drone_home1.sim]: -0.016285267110988832
[imu_publisher-2] [INFO] [1732729771.665590170] [drone_home1.sim]: -0.016285267110988832
[imu_publisher-2] [INFO] [1732729771.714881446] [drone_home1.sim]: -0.016285267110988832
[imu_publisher-2] [INFO] [1732729771.765309106] [drone_home1.sim]: -0.016285267110988832
[imu_publisher-2] [INFO] [1732729771.814225199] [drone_home1.sim]: -0.016285267110988832
[imu_publisher-2] [INFO] [1732729771.864703006] [drone_home1.sim]: -0.016285267110988832
[imu_publisher-2] [INFO] [1732729771.913771821] [drone_home1.sim]: -0.016285267110988832
[imu_publisher-2] [INFO] [1732729771.972576587] [drone_home1.sim]: -0.016285267110988832
[imu_publisher-2] [INFO] [1732729772.013737348] [drone_home1.sim]: -0.016285267110988832
[imu_publisher-2] [INFO] [1732729772.100348756] [drone_home1.sim]: -0.016285267110988832
[imu_publisher-2] [INFO] [1732729772.182186354] [drone_home1.sim]: -0.016285267110988832
[imu_publisher-2] [INFO] [1732729772.234737485] [drone_home1.sim]: -0.016285267110988832
[imu_publisher-2] [INFO] [1732729772.263598213] [drone_home1.sim]: -0.016285267110988832
[imu_publisher-2] [INFO] [1732729772.362883133] [drone_home1.sim]: -0.016285267110988832
[imu_publisher-2] [INFO] [1732729772.374762612] [drone_home1.sim]: -0.016285267110988832
[imu_publisher-2] [INFO] [1732729772.461240687] [drone_home1.sim]: -0.016285267110988832
[imu_publisher-2] [INFO] [1732729772.563674332] [drone_home1.sim]: -0.016285267110988832
[imu_publisher-2] [INFO] [1732729772.624083720] [drone_home1.sim]: -0.016285267110988832
[imu_publisher-2] [INFO] [1732729772.663961821] [drone_home1.sim]: -0.016285267110988832
[imu_publisher-2] [INFO] [1732729772.714235796] [drone_home1.sim]: -0.016285267110988832
[imu_publisher-2] [INFO] [1732729772.764760288] [drone_home1.sim]: -0.016285267110988832
[imu_publisher-2] [INFO] [1732729772.814527655] [drone_home1.sim]: -0.016285267110988832
[imu_publisher-2] [INFO] [1732729772.864570261] [drone_home1.sim]: -0.016285267110988832
[imu_publisher-2] [INFO] [1732729772.914926217] [drone_home1.sim]: -0.016285267110988832
[imu_publisher-2] [INFO] [1732729772.965062508] [drone_home1.sim]: -0.016285267110988832
[imu_publisher-2] [INFO] [1732729773.014773023] [drone_home1.sim]: -0.016285267110988832
[imu_publisher-2] [INFO] [1732729773.065011850] [drone_home1.sim]: -0.016285267110988832
[imu_publisher-2] [INFO] [1732729773.142880820] [drone_home1.sim]: -0.016285267110988832
[imu_publisher-2] [INFO] [1732729773.165465968] [drone_home1.sim]: -0.016285267110988832
[imu_publisher-2] [INFO] [1732729773.252122190] [drone_home1.sim]: -0.016285267110988832
[imu_publisher-2] [INFO] [1732729773.265541754] [drone_home1.sim]: -0.016285267110988832
[imu_publisher-2] [INFO] [1732729773.317260019] [drone_home1.sim]: -0.016285267110988832
[imu_publisher-2] [INFO] [1732729773.365766984] [drone_home1.sim]: -0.016285267110988832
[imu_publisher-2] [INFO] [1732729773.415518962] [drone_home1.sim]: -0.016285267110988832
[imu_publisher-2] [INFO] [1732729773.468289554] [drone_home1.sim]: -0.016285267110988832
[imu_publisher-2] [INFO] [1732729773.515352138] [drone_home1.sim]: -0.016285267110988832
[imu_publisher-2] [INFO] [1732729773.565409911] [drone_home1.sim]: -0.016285267110988832
[imu_publisher-2] [INFO] [1732729773.615601275] [drone_home1.sim]: -0.016285267110988832
[imu_publisher-2] [INFO] [1732729773.665664196] [drone_home1.sim]: -0.016285267110988832
[imu_publisher-2] [INFO] [1732729773.834453719] [drone_home1.sim]: -0.016285267110988832
[imu_publisher-2] [INFO] [1732729774.354532442] [drone_home1.sim]: -0.016285267110988832
[imu_publisher-2] [INFO] [1732729774.700688186] [drone_home1.sim]: -0.016285267110988832
[imu_publisher-2] [INFO] [1732729775.187666349] [drone_home1.sim]: -0.016285267110988832
[imu_publisher-2] [INFO] [1732729775.215581416] [drone_home1.sim]: -0.016285267110988832
[imu_publisher-2] [INFO] [1732729775.265561133] [drone_home1.sim]: -0.016285267110988832
[imu_publisher-2] [INFO] [1732729775.346692068] [drone_home1.sim]: -0.016285267110988832
[imu_publisher-2] [INFO] [1732729775.420461261] [drone_home1.sim]: -0.016285267110988832
[imu_publisher-2] [INFO] [1732729775.465524058] [drone_home1.sim]: -0.016285267110988832
[imu_publisher-2] [INFO] [1732729775.515399795] [drone_home1.sim]: -0.016285267110988832
[imu_publisher-2] [INFO] [1732729775.565333475] [drone_home1.sim]: -0.016285267110988832
[imu_publisher-2] [INFO] [1732729775.615814857] [drone_home1.sim]: -0.016285267110988832
[imu_publisher-2] [INFO] [1732729775.690868229] [drone_home1.sim]: -0.016285267110988832
[imu_publisher-2] [INFO] [1732729775.715414034] [drone_home1.sim]: -0.016285267110988832
[imu_publisher-2] [INFO] [1732729775.779599441] [drone_home1.sim]: -0.016285267110988832
[imu_publisher-2] [INFO] [1732729775.839399462] [drone_home1.sim]: -0.016285267110988832
[imu_publisher-2] [INFO] [1732729775.926049166] [drone_home1.sim]: -0.016285267110988832
[imu_publisher-2] [INFO] [1732729775.964829717] [drone_home1.sim]: -0.016285267110988832
[imu_publisher-2] [INFO] [1732729776.014422288] [drone_home1.sim]: -0.016285267110988832
[imu_publisher-2] [INFO] [1732729776.064100803] [drone_home1.sim]: -0.016285267110988832
[imu_publisher-2] [INFO] [1732729776.141665589] [drone_home1.sim]: -0.016285267110988832
[imu_publisher-2] [INFO] [1732729776.163397538] [drone_home1.sim]: -0.016285267110988832
[imu_publisher-2] [INFO] [1732729776.213573087] [drone_home1.sim]: -0.016285267110988832
[imu_publisher-2] [INFO] [1732729776.263691860] [drone_home1.sim]: -0.016285267110988832
[imu_publisher-2] [INFO] [1732729776.313745632] [drone_home1.sim]: -0.016285267110988832
[imu_publisher-2] [INFO] [1732729776.390040591] [drone_home1.sim]: -0.016285267110988832
[imu_publisher-2] [INFO] [1732729776.413683938] [drone_home1.sim]: -0.016285267110988832
[imu_publisher-2] [INFO] [1732729776.471619450] [drone_home1.sim]: -0.016285267110988832
[imu_publisher-2] [INFO] [1732729776.513794298] [drone_home1.sim]: -0.016285267110988832
[imu_publisher-2] [INFO] [1732729776.564164069] [drone_home1.sim]: -0.016285267110988832
[imu_publisher-2] [INFO] [1732729776.613636937] [drone_home1.sim]: -0.016285267110988832
[imu_publisher-2] [INFO] [1732729776.682115619] [drone_home1.sim]: -0.016285267110988832
[imu_publisher-2] [INFO] [1732729776.713845686] [drone_home1.sim]: -0.016285267110988832
[imu_publisher-2] [INFO] [1732729776.818130155] [drone_home1.sim]: -0.016285267110988832
[imu_publisher-2] [INFO] [1732729776.864232928] [drone_home1.sim]: -0.016285267110988832
[imu_publisher-2] [INFO] [1732729776.961460173] [drone_home1.sim]: -0.016285267110988832
[imu_publisher-2] [INFO] [1732729777.045063892] [drone_home1.sim]: -0.016285267110988832
[imu_publisher-2] [INFO] [1732729777.064604889] [drone_home1.sim]: -0.016285267110988832
[imu_publisher-2] [INFO] [1732729777.124131004] [drone_home1.sim]: -0.016285267110988832
[imu_publisher-2] [INFO] [1732729777.185536869] [drone_home1.sim]: -0.016285267110988832
[imu_publisher-2] [INFO] [1732729777.276253979] [drone_home1.sim]: -0.016285267110988832
[imu_publisher-2] [INFO] [1732729777.315428768] [drone_home1.sim]: -0.016285267110988832
[imu_publisher-2] [INFO] [1732729777.365002691] [drone_home1.sim]: -0.016285267110988832
[imu_publisher-2] [INFO] [1732729777.413503619] [drone_home1.sim]: -0.016285267110988832
