[INFO] [launch]: All log files can be found below /root/.ros/log/2025-02-20-09-12-15-739872-drone-home-6444
[INFO] [launch]: Default logging verbosity is set to INFO
[INFO] [cv_controller-1]: process started with pid [6446]
[INFO] [controller-2]: process started with pid [6448]
[INFO] [pwm_publisher-3]: process started with pid [6450]
[INFO] [gps_publisher-4]: process started with pid [6452]
[INFO] [imu_publisher-5]: process started with pid [6454]
[INFO] [drive_hardware-6]: process started with pid [6456]
[cv_controller-1] [INFO] [1740060736.803820553] [drone_home1.sim]: CV Controller running
[controller-2] [INFO] [1740060736.876444103] [drone_home1.controller]: Controller running
[imu_publisher-5] [INFO] [1740060738.310692276] [drone_home1.imu_publisher]: Calibration status: (False, 'Calibration (sys:0, gyro:0, accel:3, mag:0)')
[imu_publisher-5] [INFO] [1740060738.813430175] [drone_home1.imu_publisher]: Calibration status: (False, 'Calibration (sys:1, gyro:3, accel:3, mag:0)')
[imu_publisher-5] [INFO] [1740060739.316256427] [drone_home1.imu_publisher]: Calibration status: (False, 'Calibration (sys:3, gyro:3, accel:3, mag:0)')
[imu_publisher-5] [INFO] [1740060739.819144856] [drone_home1.imu_publisher]: Calibration status: (False, 'Calibration (sys:3, gyro:3, accel:3, mag:0)')
[imu_publisher-5] [INFO] [1740060740.323150266] [drone_home1.imu_publisher]: Calibration status: (False, 'Calibration (sys:3, gyro:3, accel:3, mag:0)')
[imu_publisher-5] [INFO] [1740060740.825879907] [drone_home1.imu_publisher]: Calibration status: (False, 'Calibration (sys:3, gyro:3, accel:3, mag:0)')
[imu_publisher-5] [INFO] [1740060741.328236837] [drone_home1.imu_publisher]: Calibration status: (False, 'Calibration (sys:3, gyro:3, accel:3, mag:0)')
[imu_publisher-5] [INFO] [1740060741.831116208] [drone_home1.imu_publisher]: Calibration status: (False, 'Calibration (sys:3, gyro:3, accel:3, mag:0)')
[imu_publisher-5] [INFO] [1740060742.334248447] [drone_home1.imu_publisher]: Calibration status: (False, 'Calibration (sys:3, gyro:3, accel:3, mag:0)')
[imu_publisher-5] [INFO] [1740060742.837003431] [drone_home1.imu_publisher]: Calibration status: (False, 'Calibration (sys:3, gyro:3, accel:3, mag:0)')
[imu_publisher-5] [INFO] [1740060743.339718446] [drone_home1.imu_publisher]: Calibration status: (False, 'Calibration (sys:3, gyro:3, accel:3, mag:0)')
[imu_publisher-5] [INFO] [1740060743.842494069] [drone_home1.imu_publisher]: Calibration status: (False, 'Calibration (sys:3, gyro:3, accel:3, mag:0)')
[imu_publisher-5] [INFO] [1740060744.348216498] [drone_home1.imu_publisher]: Calibration status: (False, 'Calibration (sys:3, gyro:3, accel:3, mag:0)')
[imu_publisher-5] [INFO] [1740060744.851649605] [drone_home1.imu_publisher]: Calibration status: (False, 'Calibration (sys:3, gyro:3, accel:3, mag:0)')
[imu_publisher-5] [INFO] [1740060745.354263368] [drone_home1.imu_publisher]: Calibration status: (False, 'Calibration (sys:3, gyro:3, accel:3, mag:0)')
[imu_publisher-5] [INFO] [1740060745.859264791] [drone_home1.imu_publisher]: Calibration status: (False, 'Calibration (sys:3, gyro:3, accel:3, mag:0)')
[imu_publisher-5] [INFO] [1740060746.361914522] [drone_home1.imu_publisher]: Calibration status: (False, 'Calibration (sys:3, gyro:3, accel:3, mag:0)')
[imu_publisher-5] [INFO] [1740060746.863953201] [drone_home1.imu_publisher]: Calibration status: (False, 'Calibration (sys:3, gyro:3, accel:3, mag:0)')
[imu_publisher-5] [INFO] [1740060747.371758002] [drone_home1.imu_publisher]: Calibration status: (False, 'Calibration (sys:3, gyro:3, accel:3, mag:0)')
[imu_publisher-5] [INFO] [1740060747.874172272] [drone_home1.imu_publisher]: Calibration status: (False, 'Calibration (sys:3, gyro:3, accel:3, mag:0)')
[imu_publisher-5] [INFO] [1740060748.376494987] [drone_home1.imu_publisher]: Calibration status: (False, 'Calibration (sys:3, gyro:3, accel:3, mag:0)')
[imu_publisher-5] [INFO] [1740060748.879187820] [drone_home1.imu_publisher]: Calibration status: (False, 'Calibration (sys:3, gyro:3, accel:3, mag:0)')
[imu_publisher-5] [INFO] [1740060749.381396900] [drone_home1.imu_publisher]: Calibration status: (False, 'Calibration (sys:3, gyro:3, accel:3, mag:0)')
[imu_publisher-5] [INFO] [1740060749.884455404] [drone_home1.imu_publisher]: Calibration status: (False, 'Calibration (sys:3, gyro:3, accel:3, mag:0)')
[imu_publisher-5] [INFO] [1740060750.386667715] [drone_home1.imu_publisher]: Calibration status: (False, 'Calibration (sys:3, gyro:3, accel:3, mag:0)')
[imu_publisher-5] [INFO] [1740060750.888948636] [drone_home1.imu_publisher]: Calibration status: (False, 'Calibration (sys:3, gyro:3, accel:3, mag:0)')
[imu_publisher-5] [INFO] [1740060751.392043970] [drone_home1.imu_publisher]: Calibration status: (False, 'Calibration (sys:3, gyro:3, accel:3, mag:0)')
[imu_publisher-5] [INFO] [1740060751.898061631] [drone_home1.imu_publisher]: Calibration status: (False, 'Calibration (sys:3, gyro:3, accel:3, mag:0)')
[imu_publisher-5] [INFO] [1740060752.404986987] [drone_home1.imu_publisher]: Calibration status: (False, 'Calibration (sys:3, gyro:3, accel:3, mag:0)')
[imu_publisher-5] [INFO] [1740060752.907418245] [drone_home1.imu_publisher]: Calibration status: (False, 'Calibration (sys:3, gyro:3, accel:3, mag:0)')
[imu_publisher-5] [INFO] [1740060753.410055329] [drone_home1.imu_publisher]: Calibration status: (False, 'Calibration (sys:3, gyro:3, accel:3, mag:0)')
[imu_publisher-5] [INFO] [1740060753.913024740] [drone_home1.imu_publisher]: Calibration status: (False, 'Calibration (sys:3, gyro:3, accel:3, mag:0)')
[imu_publisher-5] [INFO] [1740060754.415073876] [drone_home1.imu_publisher]: Calibration status: (False, 'Calibration (sys:3, gyro:3, accel:3, mag:0)')
[imu_publisher-5] [INFO] [1740060754.927176479] [drone_home1.imu_publisher]: Calibration status: (False, 'Calibration (sys:3, gyro:3, accel:3, mag:0)')
[imu_publisher-5] [INFO] [1740060755.429340529] [drone_home1.imu_publisher]: Calibration status: (False, 'Calibration (sys:3, gyro:3, accel:3, mag:0)')
[imu_publisher-5] [INFO] [1740060755.933979792] [drone_home1.imu_publisher]: Calibration status: (False, 'Calibration (sys:3, gyro:3, accel:3, mag:0)')
[imu_publisher-5] [INFO] [1740060756.440712342] [drone_home1.imu_publisher]: Calibration status: (False, 'Calibration (sys:3, gyro:3, accel:3, mag:0)')
[imu_publisher-5] [INFO] [1740060756.943575892] [drone_home1.imu_publisher]: Calibration status: (False, 'Calibration (sys:3, gyro:3, accel:3, mag:0)')
[imu_publisher-5] [INFO] [1740060757.446635028] [drone_home1.imu_publisher]: Calibration status: (False, 'Calibration (sys:3, gyro:3, accel:3, mag:0)')
[imu_publisher-5] [INFO] [1740060757.952322406] [drone_home1.imu_publisher]: Calibration status: (False, 'Calibration (sys:3, gyro:3, accel:3, mag:0)')
[imu_publisher-5] [INFO] [1740060758.457184007] [drone_home1.imu_publisher]: Calibration status: (False, 'Calibration (sys:3, gyro:3, accel:3, mag:0)')
[imu_publisher-5] [INFO] [1740060758.959333814] [drone_home1.imu_publisher]: Calibration status: (False, 'Calibration (sys:3, gyro:3, accel:3, mag:0)')
[imu_publisher-5] [INFO] [1740060759.462767388] [drone_home1.imu_publisher]: Calibration status: (False, 'Calibration (sys:3, gyro:3, accel:3, mag:0)')
[imu_publisher-5] [INFO] [1740060759.965481301] [drone_home1.imu_publisher]: Calibration status: (False, 'Calibration (sys:3, gyro:3, accel:3, mag:0)')
[imu_publisher-5] [INFO] [1740060760.468192973] [drone_home1.imu_publisher]: Calibration status: (False, 'Calibration (sys:3, gyro:3, accel:3, mag:0)')
[imu_publisher-5] [INFO] [1740060760.972637476] [drone_home1.imu_publisher]: Calibration status: (False, 'Calibration (sys:3, gyro:3, accel:3, mag:0)')
[imu_publisher-5] [INFO] [1740060761.475283226] [drone_home1.imu_publisher]: Calibration status: (False, 'Calibration (sys:3, gyro:3, accel:3, mag:0)')
[imu_publisher-5] [INFO] [1740060761.978816896] [drone_home1.imu_publisher]: Calibration status: (False, 'Calibration (sys:3, gyro:3, accel:3, mag:0)')
[imu_publisher-5] [INFO] [1740060762.481553303] [drone_home1.imu_publisher]: Calibration status: (False, 'Calibration (sys:3, gyro:3, accel:3, mag:0)')
[imu_publisher-5] [INFO] [1740060762.988225974] [drone_home1.imu_publisher]: Calibration status: (False, 'Calibration (sys:3, gyro:3, accel:3, mag:0)')
[imu_publisher-5] [INFO] [1740060763.490364769] [drone_home1.imu_publisher]: Calibration status: (False, 'Calibration (sys:3, gyro:3, accel:3, mag:0)')
[imu_publisher-5] [INFO] [1740060763.995276799] [drone_home1.imu_publisher]: Calibration status: (True, 'Calibration (sys:3, gyro:3, accel:3, mag:3)')
[imu_publisher-5] [INFO] [1740060765.158636487] [drone_home1.imu_publisher]: Calibration magnetometer, accel values: ((0, 3, 3, 3), (-448, -891, -312), (11, -90, -29))
[imu_publisher-5] [INFO] [1740060766.278855890] [drone_home1.imu_publisher]: Calibration magnetometer, accel values: ((2, 3, 3, 3), (-447, -895, -311), (11, -90, -29))
[imu_publisher-5] [INFO] [1740060767.401511112] [drone_home1.imu_publisher]: Calibration magnetometer, accel values: ((3, 3, 3, 3), (-447, -896, -311), (11, -90, -29))
[imu_publisher-5] [INFO] [1740060768.538649959] [drone_home1.imu_publisher]: Calibration magnetometer, accel values: ((3, 3, 3, 3), (-447, -896, -311), (11, -90, -29))
[imu_publisher-5] [INFO] [1740060769.661017491] [drone_home1.imu_publisher]: Calibration magnetometer, accel values: ((3, 3, 3, 3), (-447, -896, -311), (11, -90, -29))
[imu_publisher-5] [INFO] [1740060770.776433758] [drone_home1.imu_publisher]: Calibration magnetometer, accel values: ((3, 3, 3, 3), (-447, -896, -311), (11, -90, -29))
[imu_publisher-5] [INFO] [1740060771.892529235] [drone_home1.imu_publisher]: Calibration magnetometer, accel values: ((3, 3, 3, 3), (-447, -896, -311), (11, -90, -29))
[imu_publisher-5] [INFO] [1740060773.009041901] [drone_home1.imu_publisher]: Calibration magnetometer, accel values: ((3, 3, 3, 3), (-447, -896, -311), (11, -90, -29))
[imu_publisher-5] [INFO] [1740060774.135919268] [drone_home1.imu_publisher]: Calibration magnetometer, accel values: ((3, 3, 3, 3), (-447, -896, -311), (11, -90, -29))
[imu_publisher-5] [INFO] [1740060775.252450875] [drone_home1.imu_publisher]: Calibration magnetometer, accel values: ((3, 3, 3, 3), (-447, -896, -311), (11, -90, -29))
[imu_publisher-5] [INFO] [1740060776.373086683] [drone_home1.imu_publisher]: Calibration magnetometer, accel values: ((3, 3, 3, 3), (-447, -896, -311), (11, -90, -29))
[imu_publisher-5] [INFO] [1740060777.498858328] [drone_home1.imu_publisher]: Calibration magnetometer, accel values: ((3, 3, 3, 3), (-447, -896, -311), (11, -90, -29))
[imu_publisher-5] [INFO] [1740060778.629564238] [drone_home1.imu_publisher]: Calibration magnetometer, accel values: ((3, 3, 3, 3), (-447, -896, -311), (11, -90, -29))
[imu_publisher-5] [INFO] [1740060779.747144880] [drone_home1.imu_publisher]: Calibration magnetometer, accel values: ((3, 3, 3, 3), (-447, -896, -311), (11, -90, -29))
[imu_publisher-5] [INFO] [1740060780.863143411] [drone_home1.imu_publisher]: Calibration magnetometer, accel values: ((3, 3, 3, 3), (-447, -896, -311), (11, -90, -29))
[imu_publisher-5] [INFO] [1740060781.985952113] [drone_home1.imu_publisher]: Calibration magnetometer, accel values: ((3, 3, 3, 3), (-447, -896, -311), (11, -90, -29))
[imu_publisher-5] [INFO] [1740060783.121783101] [drone_home1.imu_publisher]: Calibration magnetometer, accel values: ((3, 3, 3, 3), (-447, -896, -311), (11, -90, -29))
[imu_publisher-5] [INFO] [1740060784.244212944] [drone_home1.imu_publisher]: Calibration magnetometer, accel values: ((3, 3, 3, 3), (-447, -896, -311), (11, -90, -29))
[imu_publisher-5] [INFO] [1740060785.364745278] [drone_home1.imu_publisher]: Calibration magnetometer, accel values: ((3, 3, 3, 3), (-447, -896, -311), (11, -90, -29))
[imu_publisher-5] [INFO] [1740060786.484988453] [drone_home1.imu_publisher]: Calibration magnetometer, accel values: ((3, 3, 3, 3), (-447, -896, -311), (11, -90, -29))
[imu_publisher-5] [INFO] [1740060787.615738987] [drone_home1.imu_publisher]: Calibration magnetometer, accel values: ((3, 3, 3, 3), (-447, -896, -311), (11, -90, -29))
[imu_publisher-5] [INFO] [1740060788.741803321] [drone_home1.imu_publisher]: Calibration magnetometer, accel values: ((3, 3, 3, 3), (-447, -896, -311), (11, -90, -29))
