[INFO] [launch]: All log files can be found below /home/pi/.ros/log/2024-11-27-12-49-42-256268-drone-home-51969
[INFO] [launch]: Default logging verbosity is set to INFO
[WARNING] [imu_publisher-2]: there are now at least 2 nodes with the name /drone_home1/sim created within this launch context
[WARNING] [drive_hardware-3]: there are now at least 3 nodes with the name /drone_home1/sim created within this launch context
[WARNING] [static_transform_publisher-5]: there are now at least 2 nodes with the name /drone_home1/static_transform_publisher created within this launch context
[INFO] [drive_publisher-1]: process started with pid [51980]
[INFO] [imu_publisher-2]: process started with pid [51981]
[INFO] [drive_hardware-3]: process started with pid [51982]
[INFO] [static_transform_publisher-4]: process started with pid [51983]
[INFO] [static_transform_publisher-5]: process started with pid [51984]
[static_transform_publisher-4] [WARN] [1732729782.405475102] []: Old-style arguments are deprecated; see --help for new-style arguments
[static_transform_publisher-4] [INFO] [1732729782.426740775] [drone_home1.static_transform_publisher]: Spinning until stopped - publishing transform
[static_transform_publisher-4] translation: ('0.000000', '0.000000', '0.000000')
[static_transform_publisher-4] rotation: ('0.000000', '0.000000', '0.000000', '1.000000')
[static_transform_publisher-4] from 'map' to 'imu_frame'
[static_transform_publisher-5] [WARN] [1732729782.428397693] []: Old-style arguments are deprecated; see --help for new-style arguments
[static_transform_publisher-5] [INFO] [1732729782.452974646] [drone_home1.static_transform_publisher]: Spinning until stopped - publishing transform
[static_transform_publisher-5] translation: ('0.000000', '0.000000', '0.000000')
[static_transform_publisher-5] rotation: ('0.000000', '0.000000', '0.000000', '1.000000')
[static_transform_publisher-5] from 'map' to 'gps_sensor'
[drive_hardware-3] /usr/lib/python3/dist-packages/gpiozero/output_devices.py:1509: PWMSoftwareFallback: To reduce servo jitter, use the pigpio pin factory.See https://gpiozero.readthedocs.io/en/stable/api_output.html#servo for more info
[drive_hardware-3]   warnings.warn(PWMSoftwareFallback(
[imu_publisher-2] [INFO] [1732729784.720362679] [drone_home1.sim]: Calibration status: (True, 'Calibration (sys:0, gyro:0, accel:3, mag:0)')
[imu_publisher-2] [INFO] [1732729784.776114590] [drone_home1.sim]: -0.016153518017232645
[imu_publisher-2] [INFO] [1732729784.826746489] [drone_home1.sim]: -0.016153518017232645
[imu_publisher-2] [INFO] [1732729785.009097798] [drone_home1.sim]: -0.016153518017232645
[imu_publisher-2] [INFO] [1732729785.379932310] [drone_home1.sim]: -0.016110693122580826
[imu_publisher-2] [INFO] [1732729785.425118477] [drone_home1.sim]: -0.016110693122580826
[imu_publisher-2] [INFO] [1732729785.475548248] [drone_home1.sim]: -0.016110693122580826
[imu_publisher-2] [INFO] [1732729785.549444200] [drone_home1.sim]: -0.016110693122580826
[imu_publisher-2] [INFO] [1732729785.602850419] [drone_home1.sim]: -0.016110693122580826
[imu_publisher-2] [INFO] [1732729785.714140206] [drone_home1.sim]: -0.016110693122580826
[imu_publisher-2] [INFO] [1732729785.742729843] [drone_home1.sim]: -0.016110693122580826
[imu_publisher-2] [INFO] [1732729785.774875519] [drone_home1.sim]: -0.016110693122580826
[imu_publisher-2] [INFO] [1732729785.824922088] [drone_home1.sim]: -0.016110693122580826
[imu_publisher-2] [INFO] [1732729785.931282973] [drone_home1.sim]: -0.016110693122580826
[imu_publisher-2] [INFO] [1732729785.974762889] [drone_home1.sim]: -0.016110693122580826
[imu_publisher-2] [INFO] [1732729786.025050791] [drone_home1.sim]: -0.016110693122580826
[imu_publisher-2] [INFO] [1732729786.075099952] [drone_home1.sim]: -0.016110693122580826
[imu_publisher-2] [INFO] [1732729786.134927862] [drone_home1.sim]: -0.016110693122580826
[imu_publisher-2] [INFO] [1732729786.194503551] [drone_home1.sim]: -0.016110693122580826
[imu_publisher-2] [INFO] [1732729786.306771704] [drone_home1.sim]: -0.016110693122580826
[imu_publisher-2] [INFO] [1732729786.337439553] [drone_home1.sim]: -0.016110693122580826
[imu_publisher-2] [INFO] [1732729786.391693490] [drone_home1.sim]: -0.016110693122580826
[imu_publisher-2] [INFO] [1732729786.452664895] [drone_home1.sim]: -0.016110693122580826
[imu_publisher-2] [INFO] [1732729786.518123888] [drone_home1.sim]: -0.016110693122580826
[imu_publisher-2] [INFO] [1732729786.528651762] [drone_home1.sim]: -0.016110693122580826
[imu_publisher-2] [INFO] [1732729786.692696420] [drone_home1.sim]: -0.016110693122580826
[imu_publisher-2] [INFO] [1732729786.726883048] [drone_home1.sim]: -0.016110693122580826
[imu_publisher-2] [INFO] [1732729786.776610804] [drone_home1.sim]: -0.016110693122580826
[imu_publisher-2] [INFO] [1732729786.868762407] [drone_home1.sim]: -0.016110693122580826
[imu_publisher-2] [INFO] [1732729786.882066749] [drone_home1.sim]: -0.016110693122580826
[imu_publisher-2] [INFO] [1732729786.996706686] [drone_home1.sim]: -0.016110693122580826
[imu_publisher-2] [INFO] [1732729787.026736798] [drone_home1.sim]: -0.016110693122580826
[imu_publisher-2] [INFO] [1732729787.076579035] [drone_home1.sim]: -0.016110693122580826
[imu_publisher-2] [INFO] [1732729787.126601437] [drone_home1.sim]: -0.016110693122580826
[imu_publisher-2] [INFO] [1732729787.176663191] [drone_home1.sim]: -0.016110693122580826
[imu_publisher-2] [INFO] [1732729787.226753501] [drone_home1.sim]: -0.016110693122580826
[imu_publisher-2] [INFO] [1732729787.276546127] [drone_home1.sim]: -0.016110693122580826
[imu_publisher-2] [INFO] [1732729787.326450493] [drone_home1.sim]: -0.016110693122580826
[imu_publisher-2] [INFO] [1732729787.431440181] [drone_home1.sim]: -0.016110693122580826
[imu_publisher-2] [INFO] [1732729787.475933611] [drone_home1.sim]: -0.016110693122580826
[imu_publisher-2] [INFO] [1732729787.525346350] [drone_home1.sim]: -0.016110693122580826
[imu_publisher-2] [INFO] [1732729787.574702256] [drone_home1.sim]: -0.016110693122580826
[imu_publisher-2] [INFO] [1732729787.624940953] [drone_home1.sim]: -0.016110693122580826
[imu_publisher-2] [INFO] [1732729787.734984950] [drone_home1.sim]: -0.016110693122580826
[imu_publisher-2] [INFO] [1732729787.774726422] [drone_home1.sim]: -0.016110693122580826
[imu_publisher-2] [INFO] [1732729787.825033823] [drone_home1.sim]: -0.016110693122580826
[imu_publisher-2] [INFO] [1732729787.934475785] [drone_home1.sim]: -0.016110693122580826
[imu_publisher-2] [INFO] [1732729788.065980121] [drone_home1.sim]: -0.016110693122580826
[imu_publisher-2] [INFO] [1732729788.074790170] [drone_home1.sim]: -0.016110693122580826
[imu_publisher-2] [INFO] [1732729788.125051294] [drone_home1.sim]: -0.016110693122580826
[imu_publisher-2] [INFO] [1732729788.226427796] [drone_home1.sim]: -0.016110693122580826
[imu_publisher-2] [INFO] [1732729788.275646110] [drone_home1.sim]: -0.016110693122580826
[imu_publisher-2] [INFO] [1732729788.349735802] [drone_home1.sim]: -0.016110693122580826
[imu_publisher-2] [INFO] [1732729788.403322594] [drone_home1.sim]: -0.016110693122580826
[imu_publisher-2] [INFO] [1732729788.463538502] [drone_home1.sim]: -0.016110693122580826
[imu_publisher-2] [INFO] [1732729788.533990879] [drone_home1.sim]: -0.016110693122580826
[imu_publisher-2] [INFO] [1732729788.588748406] [drone_home1.sim]: -0.016110693122580826
[imu_publisher-2] [INFO] [1732729788.723182320] [drone_home1.sim]: -0.016110693122580826
[imu_publisher-2] [INFO] [1732729788.728980755] [drone_home1.sim]: -0.016110693122580826
[imu_publisher-2] [INFO] [1732729788.782955934] [drone_home1.sim]: -0.016110693122580826
[imu_publisher-2] [INFO] [1732729788.888125399] [drone_home1.sim]: -0.016110693122580826
[imu_publisher-2] [INFO] [1732729788.925904566] [drone_home1.sim]: -0.016110693122580826
[imu_publisher-2] [INFO] [1732729788.975447693] [drone_home1.sim]: -0.016110693122580826
[imu_publisher-2] [INFO] [1732729789.072825437] [drone_home1.sim]: -0.009196873885912374
[imu_publisher-2] [INFO] [1732729789.078671871] [drone_home1.sim]: -0.009196873885912374
[imu_publisher-2] [INFO] [1732729789.125006829] [drone_home1.sim]: 0.01078819355060144
[imu_publisher-2] [INFO] [1732729789.175068805] [drone_home1.sim]: 0.01478071503173766
[imu_publisher-2] [INFO] [1732729789.224883375] [drone_home1.sim]: 0.0633011925672703
[imu_publisher-2] [INFO] [1732729789.274920500] [drone_home1.sim]: 0.34020072539041435
[imu_publisher-2] [INFO] [1732729789.374620881] [drone_home1.sim]: 0.7362838111396013
[imu_publisher-2] [INFO] [1732729789.403983533] [drone_home1.sim]: 0.8144362459110499
[imu_publisher-2] [INFO] [1732729789.458808727] [drone_home1.sim]: 1.0020428235068222
[imu_publisher-2] [INFO] [1732729789.511085285] [drone_home1.sim]: 1.2882800310680715
[imu_publisher-2] [INFO] [1732729789.567706377] [drone_home1.sim]: 1.8830385023878675
[imu_publisher-2] [INFO] [1732729789.578707879] [drone_home1.sim]: 2.001374523387436
[imu_publisher-2] [INFO] [1732729789.694878327] [drone_home1.sim]: 4.397119659711431
[imu_publisher-2] [INFO] [1732729789.754298498] [drone_home1.sim]: 6.1586201080317275
[imu_publisher-2] [INFO] [1732729789.816479675] [drone_home1.sim]: 8.13673018362241
[imu_publisher-2] [INFO] [1732729789.871864069] [drone_home1.sim]: 9.85394499918094
[imu_publisher-2] [INFO] [1732729789.893672370] [drone_home1.sim]: 10.866428390514683
[imu_publisher-2] [INFO] [1732729789.946968626] [drone_home1.sim]: 12.484865674292195
[imu_publisher-2] [INFO] [1732729790.019221253] [drone_home1.sim]: 14.572690511840012
[imu_publisher-2] [INFO] [1732729790.130778761] [drone_home1.sim]: 17.394148159047766
[imu_publisher-2] [INFO] [1732729790.175457394] [drone_home1.sim]: 18.464254865028856
[imu_publisher-2] [INFO] [1732729790.225613110] [drone_home1.sim]: 19.430081267580835
[imu_publisher-2] [INFO] [1732729790.275664716] [drone_home1.sim]: 20.345964987407775
[imu_publisher-2] [INFO] [1732729790.326255820] [drone_home1.sim]: 21.250607606234464
[imu_publisher-2] [INFO] [1732729790.437866179] [drone_home1.sim]: 22.890326855563078
[imu_publisher-2] [INFO] [1732729790.510585637] [drone_home1.sim]: 23.71251022911226
[imu_publisher-2] [INFO] [1732729790.574300287] [drone_home1.sim]: 24.336814498659525
[imu_publisher-2] [INFO] [1732729790.644719219] [drone_home1.sim]: 24.567352541538064
[imu_publisher-2] [INFO] [1732729790.703758596] [drone_home1.sim]: 24.53193069720072
[imu_publisher-2] [INFO] [1732729790.817389594] [drone_home1.sim]: 24.442927069866478
[imu_publisher-2] [INFO] [1732729790.843541984] [drone_home1.sim]: 24.371881546674633
[imu_publisher-2] [INFO] [1732729790.897496552] [drone_home1.sim]: 24.265510365022465
[imu_publisher-2] [INFO] [1732729791.000520787] [drone_home1.sim]: 24.19302888617685
[imu_publisher-2] [INFO] [1732729791.026862121] [drone_home1.sim]: 24.19298985323759
[imu_publisher-2] [INFO] [1732729791.076972245] [drone_home1.sim]: 24.187130639003673
[imu_publisher-2] [INFO] [1732729791.127554034] [drone_home1.sim]: 23.800677973011066
[imu_publisher-2] [INFO] [1732729791.195649107] [drone_home1.sim]: 23.08097750101508
[imu_publisher-2] [INFO] [1732729791.258638446] [drone_home1.sim]: 22.089360546808944
[imu_publisher-2] [INFO] [1732729791.328032754] [drone_home1.sim]: 20.680220863481733
[imu_publisher-2] [INFO] [1732729791.387008927] [drone_home1.sim]: 19.132025281396693
[imu_publisher-2] [INFO] [1732729791.496609204] [drone_home1.sim]: 15.614157453756183
[imu_publisher-2] [INFO] [1732729791.526164744] [drone_home1.sim]: 14.554682431501085
[imu_publisher-2] [INFO] [1732729791.585405508] [drone_home1.sim]: 12.355380383182121
[imu_publisher-2] [INFO] [1732729791.638709339] [drone_home1.sim]: 10.470565487271813
[imu_publisher-2] [INFO] [1732729791.697678235] [drone_home1.sim]: 8.006419236490855
[imu_publisher-2] [INFO] [1732729791.724879676] [drone_home1.sim]: 6.70826320644102
[imu_publisher-2] [INFO] [1732729791.779845758] [drone_home1.sim]: 4.54119650936332
[imu_publisher-2] [INFO] [1732729791.884943853] [drone_home1.sim]: -0.1938030714662727
[imu_publisher-2] [INFO] [1732729791.925027971] [drone_home1.sim]: -1.8797584011939272
[imu_publisher-2] [INFO] [1732729791.975091447] [drone_home1.sim]: -3.794033676961631
[imu_publisher-2] [INFO] [1732729792.025612366] [drone_home1.sim]: -5.371274004105989
[imu_publisher-2] [INFO] [1732729792.083221453] [drone_home1.sim]: -6.6071023294912665
[imu_publisher-2] [INFO] [1732729792.193770781] [drone_home1.sim]: -8.395542904039246
[imu_publisher-2] [INFO] [1732729792.225434589] [drone_home1.sim]: -8.760319341944259
[imu_publisher-2] [INFO] [1732729792.275344918] [drone_home1.sim]: -8.97788989583208
[imu_publisher-2] [INFO] [1732729792.325472153] [drone_home1.sim]: -8.907538854880553
[imu_publisher-2] [INFO] [1732729792.385070935] [drone_home1.sim]: -8.766089768150755
[imu_publisher-2] [INFO] [1732729792.425594643] [drone_home1.sim]: -8.55449457413409
[imu_publisher-2] [INFO] [1732729792.565149106] [drone_home1.sim]: -8.01850459040023
[imu_publisher-2] [INFO] [1732729792.575594110] [drone_home1.sim]: -7.983576660722241
[imu_publisher-2] [INFO] [1732729792.627016784] [drone_home1.sim]: -7.828888748054061
[imu_publisher-2] [INFO] [1732729792.698903468] [drone_home1.sim]: -7.694930407630546
[imu_publisher-2] [INFO] [1732729792.753477293] [drone_home1.sim]: -7.5948373607769435
[imu_publisher-2] [INFO] [1732729792.868356173] [drone_home1.sim]: -6.5606851616237405
[imu_publisher-2] [INFO] [1732729792.886782268] [drone_home1.sim]: -6.385461474155175
[imu_publisher-2] [INFO] [1732729792.938693976] [drone_home1.sim]: -5.0850898205904835
[imu_publisher-2] [INFO] [1732729793.040497439] [drone_home1.sim]: -1.8873318072000322
[imu_publisher-2] [INFO] [1732729793.076753206] [drone_home1.sim]: -0.6390478149785005
[imu_publisher-2] [INFO] [1732729793.167363335] [drone_home1.sim]: 3.792999093700661
[imu_publisher-2] [INFO] [1732729793.218777119] [drone_home1.sim]: 6.579485441728075
[imu_publisher-2] [INFO] [1732729793.225768289] [drone_home1.sim]: 7.146984979468396
[imu_publisher-2] [INFO] [1732729793.282118920] [drone_home1.sim]: 10.446040677121264
[imu_publisher-2] [INFO] [1732729793.350751694] [drone_home1.sim]: 13.374477593351795
[imu_publisher-2] [INFO] [1732729793.410886399] [drone_home1.sim]: 14.766373582198998
[imu_publisher-2] [INFO] [1732729793.478803324] [drone_home1.sim]: 15.051982091822879
[imu_publisher-2] [INFO] [1732729793.525942834] [drone_home1.sim]: 14.851912909820502
[imu_publisher-2] [INFO] [1732729793.576283198] [drone_home1.sim]: 14.701782669986983
[imu_publisher-2] [INFO] [1732729793.625379735] [drone_home1.sim]: 14.612142104492914
[imu_publisher-2] [INFO] [1732729793.707941052] [drone_home1.sim]: 14.534637480370183
[imu_publisher-2] [INFO] [1732729793.724837802] [drone_home1.sim]: 14.506098252699752
[imu_publisher-2] [INFO] [1732729793.831659111] [drone_home1.sim]: 14.182025103623328
[imu_publisher-2] [INFO] [1732729793.875053509] [drone_home1.sim]: 13.81093592427542
[imu_publisher-2] [INFO] [1732729793.924950357] [drone_home1.sim]: 13.218205626270027
[imu_publisher-2] [INFO] [1732729793.975063888] [drone_home1.sim]: 12.540278941089996
[imu_publisher-2] [INFO] [1732729794.083203969] [drone_home1.sim]: 11.005143868347353
[imu_publisher-2] [INFO] [1732729794.214433213] [drone_home1.sim]: 8.944931314523773
[imu_publisher-2] [INFO] [1732729794.224429683] [drone_home1.sim]: 8.671729491726328
[imu_publisher-2] [INFO] [1732729794.274922490] [drone_home1.sim]: 8.083253771754748
[imu_publisher-2] [INFO] [1732729794.375975087] [drone_home1.sim]: 7.626896102954208
[imu_publisher-2] [INFO] [1732729794.425459696] [drone_home1.sim]: 7.712233571656023
[imu_publisher-2] [INFO] [1732729794.500721197] [drone_home1.sim]: 7.804904308498485
[imu_publisher-2] [INFO] [1732729794.550648933] [drone_home1.sim]: 7.832231824589104
[imu_publisher-2] [INFO] [1732729794.657410298] [drone_home1.sim]: 8.014514966788463
[imu_publisher-2] [INFO] [1732729794.686772987] [drone_home1.sim]: 8.056331196589051
[imu_publisher-2] [INFO] [1732729794.791410918] [drone_home1.sim]: 8.147389073645208
[imu_publisher-2] [INFO] [1732729794.852513618] [drone_home1.sim]: 8.175091316360989
[imu_publisher-2] [INFO] [1732729794.916094250] [drone_home1.sim]: 8.175086011883625
[imu_publisher-2] [INFO] [1732729795.007440395] [drone_home1.sim]: 8.175086011883625
[imu_publisher-2] [INFO] [1732729795.064848039] [drone_home1.sim]: 8.175086011883625
[imu_publisher-2] [INFO] [1732729795.176748175] [drone_home1.sim]: 8.175201331324029
[imu_publisher-2] [INFO] [1732729795.226621078] [drone_home1.sim]: 8.175201331324029
[imu_publisher-2] [INFO] [1732729795.276711184] [drone_home1.sim]: 8.175201331324029
[imu_publisher-2] [INFO] [1732729795.326551625] [drone_home1.sim]: 8.175201331324029
[imu_publisher-2] [INFO] [1732729795.376846007] [drone_home1.sim]: 8.175201331324029
[imu_publisher-2] [INFO] [1732729795.426773892] [drone_home1.sim]: 8.175201331324029
[imu_publisher-2] [INFO] [1732729795.510336889] [drone_home1.sim]: 8.175201331324029
[imu_publisher-2] [INFO] [1732729795.526452384] [drone_home1.sim]: 8.175201331324029
[imu_publisher-2] [INFO] [1732729795.576320084] [drone_home1.sim]: 8.175201331324029
[imu_publisher-2] [INFO] [1732729795.669091202] [drone_home1.sim]: 8.175201331324029
[imu_publisher-2] [INFO] [1732729795.730106125] [drone_home1.sim]: 8.175201331324029
[imu_publisher-2] [INFO] [1732729795.806728008] [drone_home1.sim]: 8.175201331324029
[imu_publisher-2] [INFO] [1732729795.867800505] [drone_home1.sim]: 8.175201331324029
[imu_publisher-2] [INFO] [1732729795.979760548] [drone_home1.sim]: 8.175201331324029
[imu_publisher-2] [INFO] [1732729796.025149066] [drone_home1.sim]: 8.175201331324029
[imu_publisher-2] [INFO] [1732729796.075032043] [drone_home1.sim]: 8.175201331324029
[imu_publisher-2] [INFO] [1732729796.124922909] [drone_home1.sim]: 8.175201331324029
[imu_publisher-2] [INFO] [1732729796.188542875] [drone_home1.sim]: 8.175201331324029
[imu_publisher-2] [INFO] [1732729796.246336554] [drone_home1.sim]: 8.175201331324029
[imu_publisher-2] [INFO] [1732729796.313199318] [drone_home1.sim]: 8.175201331324029
[imu_publisher-2] [INFO] [1732729796.384825652] [drone_home1.sim]: 8.175201331324029
[imu_publisher-2] [INFO] [1732729796.441386523] [drone_home1.sim]: 8.175201331324029
[imu_publisher-2] [INFO] [1732729796.493955283] [drone_home1.sim]: 8.175201331324029
[imu_publisher-2] [INFO] [1732729796.552566995] [drone_home1.sim]: 8.175201331324029
[imu_publisher-2] [INFO] [1732729796.575424642] [drone_home1.sim]: 8.175201331324029
[imu_publisher-2] [INFO] [1732729796.677029718] [drone_home1.sim]: 8.175201331324029
[imu_publisher-2] [INFO] [1732729796.726048440] [drone_home1.sim]: 8.175201331324029
[imu_publisher-2] [INFO] [1732729796.776236342] [drone_home1.sim]: 8.175201331324029
[imu_publisher-2] [INFO] [1732729796.826233078] [drone_home1.sim]: 8.175201331324029
[imu_publisher-2] [INFO] [1732729796.876271888] [drone_home1.sim]: 8.175201331324029
[imu_publisher-2] [INFO] [1732729796.931469858] [drone_home1.sim]: 8.175201331324029
[imu_publisher-2] [INFO] [1732729797.045897111] [drone_home1.sim]: 8.175201331324029
[imu_publisher-2] [INFO] [1732729797.117992090] [drone_home1.sim]: 8.175201331324029
[imu_publisher-2] [INFO] [1732729797.126581974] [drone_home1.sim]: 8.175201331324029
[imu_publisher-2] [INFO] [1732729797.180978281] [drone_home1.sim]: 8.175201331324029
[imu_publisher-2] [INFO] [1732729797.255545934] [drone_home1.sim]: 8.175201331324029
[imu_publisher-2] [INFO] [1732729797.314402330] [drone_home1.sim]: 8.175201331324029
[imu_publisher-2] [INFO] [1732729797.381879925] [drone_home1.sim]: 8.175201331324029
[imu_publisher-2] [INFO] [1732729797.436090325] [drone_home1.sim]: 8.175201331324029
[imu_publisher-2] [INFO] [1732729797.509975074] [drone_home1.sim]: 8.175201331324029
[imu_publisher-2] [INFO] [1732729797.561067027] [drone_home1.sim]: 8.175201331324029
[imu_publisher-2] [INFO] [1732729797.619064446] [drone_home1.sim]: 8.175201331324029
[imu_publisher-2] [INFO] [1732729797.629946652] [drone_home1.sim]: 8.175201331324029
[imu_publisher-2] [INFO] [1732729797.793811995] [drone_home1.sim]: 8.175201331324029
[imu_publisher-2] [INFO] [1732729797.825710080] [drone_home1.sim]: 8.175201331324029
[imu_publisher-2] [INFO] [1732729797.875221003] [drone_home1.sim]: 8.175201331324029
[imu_publisher-2] [INFO] [1732729797.924997926] [drone_home1.sim]: 8.175201331324029
[imu_publisher-2] [INFO] [1732729798.049754258] [drone_home1.sim]: 8.175201331324029
[imu_publisher-2] [INFO] [1732729798.074985486] [drone_home1.sim]: 8.175201331324029
[imu_publisher-2] [INFO] [1732729798.182140386] [drone_home1.sim]: 8.175201331324029
[imu_publisher-2] [INFO] [1732729798.224879454] [drone_home1.sim]: 8.175201331324029
[imu_publisher-2] [INFO] [1732729798.274839838] [drone_home1.sim]: 8.175201331324029
[imu_publisher-2] [INFO] [1732729798.325194295] [drone_home1.sim]: 8.175201331324029
[imu_publisher-2] [INFO] [1732729798.398468657] [drone_home1.sim]: 8.175201331324029
[imu_publisher-2] [INFO] [1732729798.425050008] [drone_home1.sim]: 8.175201331324029
[imu_publisher-2] [INFO] [1732729798.475142244] [drone_home1.sim]: 8.175201331324029
[imu_publisher-2] [INFO] [1732729798.525336035] [drone_home1.sim]: 8.175201331324029
[imu_publisher-2] [INFO] [1732729798.595246006] [drone_home1.sim]: 8.203403890554965
[imu_publisher-2] [INFO] [1732729798.648839391] [drone_home1.sim]: 8.182131289764316
[imu_publisher-2] [INFO] [1732729798.719370045] [drone_home1.sim]: 8.182492790571198
[imu_publisher-2] [INFO] [1732729798.725375775] [drone_home1.sim]: 8.182492790571198
[imu_publisher-2] [INFO] [1732729798.831608328] [drone_home1.sim]: 8.182251790106156
[imu_publisher-2] [INFO] [1732729798.886152060] [drone_home1.sim]: 8.182251790106156
[imu_publisher-2] [INFO] [1732729798.987634988] [drone_home1.sim]: 8.182251790106156
[imu_publisher-2] [INFO] [1732729799.026833184] [drone_home1.sim]: 8.182251790106156
[imu_publisher-2] [INFO] [1732729799.112313265] [drone_home1.sim]: 8.2454756999085
[imu_publisher-2] [INFO] [1732729799.171926120] [drone_home1.sim]: 8.145229565149295
[imu_publisher-2] [INFO] [1732729799.177715740] [drone_home1.sim]: 8.145229565149295
[imu_publisher-2] [INFO] [1732729799.238971458] [drone_home1.sim]: 7.809890244628423
[imu_publisher-2] [INFO] [1732729799.309360761] [drone_home1.sim]: 7.626221850516309
[imu_publisher-2] [INFO] [1732729799.368367841] [drone_home1.sim]: 7.188754299214733
[imu_publisher-2] [INFO] [1732729799.431292366] [drone_home1.sim]: 7.053563867533293
[imu_publisher-2] [INFO] [1732729799.506395664] [drone_home1.sim]: 5.982687165027695
[imu_publisher-2] [INFO] [1732729799.556874046] [drone_home1.sim]: 4.883563123731717
[imu_publisher-2] [INFO] [1732729799.618720057] [drone_home1.sim]: 3.227251523703341
[imu_publisher-2] [INFO] [1732729799.688335789] [drone_home1.sim]: 0.8616975253147583
[imu_publisher-2] [INFO] [1732729799.725017813] [drone_home1.sim]: -0.7675903811406244
[imu_publisher-2] [INFO] [1732729799.855520654] [drone_home1.sim]: -6.988814604267643
[imu_publisher-2] [INFO] [1732729799.884344939] [drone_home1.sim]: -8.593551053504912
[imu_publisher-2] [INFO] [1732729799.937192050] [drone_home1.sim]: -11.29649584781993
[imu_publisher-2] [INFO] [1732729799.991438506] [drone_home1.sim]: -14.036468375550188
[imu_publisher-2] [INFO] [1732729800.051248323] [drone_home1.sim]: -17.264948469753076
[imu_publisher-2] [INFO] [1732729800.074648653] [drone_home1.sim]: -18.833169103220467
[imu_publisher-2] [INFO] [1732729800.174009628] [drone_home1.sim]: -23.791168741493493
[imu_publisher-2] [INFO] [1732729800.224840749] [drone_home1.sim]: -26.001520176648466
[imu_publisher-2] [INFO] [1732729800.230183167] [drone_home1.sim]: -26.001520176648466
[imu_publisher-2] [INFO] [1732729800.288238716] [drone_home1.sim]: -28.405102707952523
[imu_publisher-2] [INFO] [1732729800.356938897] [drone_home1.sim]: -30.979314565578267
[imu_publisher-2] [INFO] [1732729800.415220222] [drone_home1.sim]: -32.79637506525095
[imu_publisher-2] [INFO] [1732729800.483152518] [drone_home1.sim]: -34.51498065914858
[imu_publisher-2] [INFO] [1732729800.525430237] [drone_home1.sim]: -35.83175868847825
[imu_publisher-2] [INFO] [1732729800.575679101] [drone_home1.sim]: -37.043316410297464
[imu_publisher-2] [INFO] [1732729800.626101131] [drone_home1.sim]: -38.23899263161042
[imu_publisher-2] [INFO] [1732729800.675691925] [drone_home1.sim]: -39.401498422803954
[imu_publisher-2] [INFO] [1732729800.725847216] [drone_home1.sim]: -40.641089444031536
[imu_publisher-2] [INFO] [1732729800.776078173] [drone_home1.sim]: -41.610850148208065
[imu_publisher-2] [INFO] [1732729800.845861331] [drone_home1.sim]: -43.222075958294475
[imu_publisher-2] [INFO] [1732729800.909460241] [drone_home1.sim]: -45.06085897440884
[imu_publisher-2] [INFO] [1732729800.926190307] [drone_home1.sim]: -45.31349499217579
[imu_publisher-2] [INFO] [1732729800.976704429] [drone_home1.sim]: -46.56564411405568
[imu_publisher-2] [INFO] [1732729801.041986535] [drone_home1.sim]: -48.39568396518203
[imu_publisher-2] [INFO] [1732729801.100804191] [drone_home1.sim]: -50.011466130255656
[imu_publisher-2] [INFO] [1732729801.166025611] [drone_home1.sim]: -51.853414685309225
[imu_publisher-2] [INFO] [1732729801.237295484] [drone_home1.sim]: -54.21936268433504
[imu_publisher-2] [INFO] [1732729801.288325030] [drone_home1.sim]: -56.063013674509044
[imu_publisher-2] [INFO] [1732729801.348502345] [drone_home1.sim]: -58.30111921550553
[imu_publisher-2] [INFO] [1732729801.423224775] [drone_home1.sim]: -61.02468321457393
[imu_publisher-2] [INFO] [1732729801.481283008] [drone_home1.sim]: -62.71023259206684
[imu_publisher-2] [INFO] [1732729801.593674050] [drone_home1.sim]: -64.45762041943141
[imu_publisher-2] [INFO] [1732729801.626822535] [drone_home1.sim]: -64.50206603238396
[imu_publisher-2] [INFO] [1732729801.676844215] [drone_home1.sim]: -64.35556885279482
[imu_publisher-2] [INFO] [1732729801.727574355] [drone_home1.sim]: -64.29263751677335
[imu_publisher-2] [INFO] [1732729801.784692871] [drone_home1.sim]: -64.30186039393497
[imu_publisher-2] [INFO] [1732729801.896394953] [drone_home1.sim]: -64.30142518937325
[imu_publisher-2] [INFO] [1732729801.956009864] [drone_home1.sim]: -64.29282385225892
[imu_publisher-2] [INFO] [1732729801.974494384] [drone_home1.sim]: -64.2839582812595
[imu_publisher-2] [INFO] [1732729802.024945674] [drone_home1.sim]: -64.21474252324823
[imu_publisher-2] [INFO] [1732729802.090126095] [drone_home1.sim]: -64.2110177021912
[imu_publisher-2] [INFO] [1732729802.147153537] [drone_home1.sim]: -64.20782803951163
[imu_publisher-2] [INFO] [1732729802.212739104] [drone_home1.sim]: -64.17414013267832
[imu_publisher-2] [INFO] [1732729802.283643182] [drone_home1.sim]: -64.31149486392971
[imu_publisher-2] [INFO] [1732729802.325214237] [drone_home1.sim]: -64.31435730708242
[imu_publisher-2] [INFO] [1732729802.374950919] [drone_home1.sim]: -64.25694639968073
[imu_publisher-2] [INFO] [1732729802.449989866] [drone_home1.sim]: -64.22409877627811
[imu_publisher-2] [INFO] [1732729802.474991261] [drone_home1.sim]: -64.22510758979321
[imu_publisher-2] [INFO] [1732729802.584672334] [drone_home1.sim]: -64.32272221014217
[imu_publisher-2] [INFO] [1732729802.625644800] [drone_home1.sim]: -64.68876204680234
[imu_publisher-2] [INFO] [1732729802.675655295] [drone_home1.sim]: -65.65387909414454
[imu_publisher-2] [INFO] [1732729802.725558087] [drone_home1.sim]: -67.26123875855176
[imu_publisher-2] [INFO] [1732729802.784125244] [drone_home1.sim]: -69.45500328898167
[imu_publisher-2] [INFO] [1732729802.942898206] [drone_home1.sim]: -78.59884722642668
[imu_publisher-2] [INFO] [1732729802.975832341] [drone_home1.sim]: -80.21948668781943
[imu_publisher-2] [INFO] [1732729803.026546055] [drone_home1.sim]: -82.54831452295325
[imu_publisher-2] [INFO] [1732729803.133305142] [drone_home1.sim]: -85.56345527053857
[imu_publisher-2] [INFO] [1732729803.199170633] [drone_home1.sim]: -86.4138543000852
[imu_publisher-2] [INFO] [1732729803.244948335] [drone_home1.sim]: -86.54524271407962
[imu_publisher-2] [INFO] [1732729803.276578217] [drone_home1.sim]: -86.50631932130553
[imu_publisher-2] [INFO] [1732729803.326598101] [drone_home1.sim]: -86.52766460163447
[imu_publisher-2] [INFO] [1732729803.419745866] [drone_home1.sim]: -86.49568601506611
[imu_publisher-2] [INFO] [1732729803.431352957] [drone_home1.sim]: -86.49621458616042
[imu_publisher-2] [INFO] [1732729803.549422581] [drone_home1.sim]: -86.48338466072943
[imu_publisher-2] [INFO] [1732729803.600572034] [drone_home1.sim]: -86.47948355991186
[imu_publisher-2] [INFO] [1732729803.626395444] [drone_home1.sim]: -86.47793195496806
[imu_publisher-2] [INFO] [1732729803.675583314] [drone_home1.sim]: -86.47576730917287
[imu_publisher-2] [INFO] [1732729803.738222525] [drone_home1.sim]: -86.4722962256338
[imu_publisher-2] [INFO] [1732729803.795286745] [drone_home1.sim]: -86.55564835436833
[imu_publisher-2] [INFO] [1732729803.863360430] [drone_home1.sim]: -86.52579366915472
[imu_publisher-2] [INFO] [1732729803.874637782] [drone_home1.sim]: -86.53389194912535
[imu_publisher-2] [INFO] [1732729803.925288663] [drone_home1.sim]: -86.55953911529589
[imu_publisher-2] [INFO] [1732729803.990559120] [drone_home1.sim]: -87.01546345984973
[imu_publisher-2] [INFO] [1732729804.041605036] [drone_home1.sim]: -87.85712532246988
[imu_publisher-2] [INFO] [1732729804.103651121] [drone_home1.sim]: -89.63606490382934
[imu_publisher-2] [INFO] [1732729804.124890998] [drone_home1.sim]: -90.22073816396389
[imu_publisher-2] [INFO] [1732729804.282189948] [drone_home1.sim]: -92.84228969734436
[imu_publisher-2] [INFO] [1732729804.325099293] [drone_home1.sim]: -92.80748825758455
[imu_publisher-2] [INFO] [1732729804.375252233] [drone_home1.sim]: -92.71070206584903
[imu_publisher-2] [INFO] [1732729804.425012359] [drone_home1.sim]: -92.55319959994563
[imu_publisher-2] [INFO] [1732729804.475342241] [drone_home1.sim]: -92.18055569342155
[imu_publisher-2] [INFO] [1732729804.587893319] [drone_home1.sim]: -88.38582756703141
[imu_publisher-2] [INFO] [1732729804.625344394] [drone_home1.sim]: -85.576627539745
[imu_publisher-2] [INFO] [1732729804.675767443] [drone_home1.sim]: -81.28265238164924
[imu_publisher-2] [INFO] [1732729804.725475218] [drone_home1.sim]: -77.21279313714595
[imu_publisher-2] [INFO] [1732729804.777169408] [drone_home1.sim]: -70.1874064171587
[imu_publisher-2] [INFO] [1732729804.886121892] [drone_home1.sim]: -57.25542814160917
[imu_publisher-2] [INFO] [1732729804.926283380] [drone_home1.sim]: -51.910737285834955
[imu_publisher-2] [INFO] [1732729804.976352135] [drone_home1.sim]: -45.48488558685947
[imu_publisher-2] [INFO] [1732729805.026512981] [drone_home1.sim]: -39.68173020557975
[imu_publisher-2] [INFO] [1732729805.136885273] [drone_home1.sim]: -28.326895746355788
[imu_publisher-2] [INFO] [1732729805.188539797] [drone_home1.sim]: -23.496052074414095
[imu_publisher-2] [INFO] [1732729805.226483259] [drone_home1.sim]: -21.527794457619876
[imu_publisher-2] [INFO] [1732729805.276740957] [drone_home1.sim]: -18.86980139076516
[imu_publisher-2] [INFO] [1732729805.385367461] [drone_home1.sim]: -14.746940322105425
[imu_publisher-2] [INFO] [1732729805.456402594] [drone_home1.sim]: -12.633756522943639
[imu_publisher-2] [INFO] [1732729805.516846575] [drone_home1.sim]: -11.212526841135487
[imu_publisher-2] [INFO] [1732729805.586008291] [drone_home1.sim]: -10.484797309257475
[imu_publisher-2] [INFO] [1732729805.649283555] [drone_home1.sim]: -10.497693080888348
[imu_publisher-2] [INFO] [1732729805.718463215] [drone_home1.sim]: -10.50286240754383
[imu_publisher-2] [INFO] [1732729805.790297289] [drone_home1.sim]: -10.502973533270612
[imu_publisher-2] [INFO] [1732729805.844109506] [drone_home1.sim]: -10.504987378458074
[imu_publisher-2] [INFO] [1732729805.948507457] [drone_home1.sim]: -10.69305156597316
[imu_publisher-2] [INFO] [1732729805.975041753] [drone_home1.sim]: -10.672410280400952
[imu_publisher-2] [INFO] [1732729806.073306400] [drone_home1.sim]: -10.623760716743286
[imu_publisher-2] [INFO] [1732729806.124312650] [drone_home1.sim]: -10.63705664369242
[imu_publisher-2] [INFO] [1732729806.130736822] [drone_home1.sim]: -10.63705664369242
[imu_publisher-2] [INFO] [1732729806.192086595] [drone_home1.sim]: -10.637808794914966
[imu_publisher-2] [INFO] [1732729806.260676129] [drone_home1.sim]: -10.636324921325409
[imu_publisher-2] [INFO] [1732729806.320551205] [drone_home1.sim]: -10.637121076278142
[imu_publisher-2] [INFO] [1732729806.455625543] [drone_home1.sim]: -10.637259280241569
[imu_publisher-2] [INFO] [1732729806.474651727] [drone_home1.sim]: -10.631053410324395
[imu_publisher-2] [INFO] [1732729806.525000924] [drone_home1.sim]: -10.54099282641724
[imu_publisher-2] [INFO] [1732729806.617687007] [drone_home1.sim]: -9.468754825007073
[imu_publisher-2] [INFO] [1732729806.627846179] [drone_home1.sim]: -9.258004522747417
[imu_publisher-2] [INFO] [1732729806.742854893] [drone_home1.sim]: -5.728987316143758
[imu_publisher-2] [INFO] [1732729806.775044549] [drone_home1.sim]: -4.313239995367459
[imu_publisher-2] [INFO] [1732729806.825997096] [drone_home1.sim]: -1.5038362634790279
[imu_publisher-2] [INFO] [1732729806.916144987] [drone_home1.sim]: 4.731896425293547
[imu_publisher-2] [INFO] [1732729806.928060725] [drone_home1.sim]: 6.27309404221935
[imu_publisher-2] [INFO] [1732729807.042093202] [drone_home1.sim]: 15.644110493471963
[imu_publisher-2] [INFO] [1732729807.098984034] [drone_home1.sim]: 21.186729618511944
[imu_publisher-2] [INFO] [1732729807.164182399] [drone_home1.sim]: 26.526202430707645
[imu_publisher-2] [INFO] [1732729807.216849048] [drone_home1.sim]: 30.622860340161107
[imu_publisher-2] [INFO] [1732729807.239698695] [drone_home1.sim]: 32.778853803029165
[imu_publisher-2] [INFO] [1732729807.301109783] [drone_home1.sim]: 36.37091047350063
[imu_publisher-2] [INFO] [1732729807.364206640] [drone_home1.sim]: 39.30368984891379
[imu_publisher-2] [INFO] [1732729807.471811186] [drone_home1.sim]: 44.4028139924629
[imu_publisher-2] [INFO] [1732729807.532624740] [drone_home1.sim]: 46.86145781905572
[imu_publisher-2] [INFO] [1732729807.601257958] [drone_home1.sim]: 49.59108753120545
[imu_publisher-2] [INFO] [1732729807.660869833] [drone_home1.sim]: 51.79527061297056
[imu_publisher-2] [INFO] [1732729807.772451878] [drone_home1.sim]: 55.50584080663792
[imu_publisher-2] [INFO] [1732729807.802673581] [drone_home1.sim]: 56.34238680406015
[imu_publisher-2] [INFO] [1732729807.857685145] [drone_home1.sim]: 57.633891439047936
[imu_publisher-2] [INFO] [1732729807.959375738] [drone_home1.sim]: 59.6811109856667
[imu_publisher-2] [INFO] [1732729807.974068759] [drone_home1.sim]: 60.08665154479164
[imu_publisher-2] [INFO] [1732729808.040218008] [drone_home1.sim]: 61.43834800123487
[imu_publisher-2] [INFO] [1732729808.142486544] [drone_home1.sim]: 64.03118875621587
[imu_publisher-2] [INFO] [1732729808.174983199] [drone_home1.sim]: 65.25905960980135
[imu_publisher-2] [INFO] [1732729808.224695788] [drone_home1.sim]: 66.86985994453842
[imu_publisher-2] [INFO] [1732729808.286746817] [drone_home1.sim]: 68.8325770045961
[imu_publisher-2] [INFO] [1732729808.346162452] [drone_home1.sim]: 70.74129467343715
[imu_publisher-2] [INFO] [1732729808.457111444] [drone_home1.sim]: 74.1350110297486
[imu_publisher-2] [INFO] [1732729808.485823674] [drone_home1.sim]: 75.16512163685651
[imu_publisher-2] [INFO] [1732729808.539202060] [drone_home1.sim]: 77.0633684110558
[imu_publisher-2] [INFO] [1732729808.644620024] [drone_home1.sim]: 81.48105793587898
[imu_publisher-2] [INFO] [1732729808.675213633] [drone_home1.sim]: 83.00805449965833
[imu_publisher-2] [INFO] [1732729808.766779832] [drone_home1.sim]: 88.41910887560189
[imu_publisher-2] [INFO] [1732729808.827792366] [drone_home1.sim]: 91.65133929259312
[imu_publisher-2] [INFO] [1732729808.888546013] [drone_home1.sim]: 94.84209434391717
[imu_publisher-2] [INFO] [1732729808.957824006] [drone_home1.sim]: 98.40917055648096
[imu_publisher-2] [INFO] [1732729809.017844212] [drone_home1.sim]: 101.3582287256622
[imu_publisher-2] [INFO] [1732729809.082077452] [drone_home1.sim]: 104.17627403773943
[imu_publisher-2] [INFO] [1732729809.156861085] [drone_home1.sim]: 107.44388831356463
[imu_publisher-2] [INFO] [1732729809.209622456] [drone_home1.sim]: 110.32579939535216
[imu_publisher-2] [INFO] [1732729809.263309730] [drone_home1.sim]: 112.81594287322434
[imu_publisher-2] [INFO] [1732729809.319458232] [drone_home1.sim]: 115.98355717620701
[imu_publisher-2] [INFO] [1732729809.333256479] [drone_home1.sim]: 116.53629251021545
[imu_publisher-2] [INFO] [1732729809.452064377] [drone_home1.sim]: 123.4605062199822
[imu_publisher-2] [INFO] [1732729809.514999809] [drone_home1.sim]: 127.10440223466804
[imu_publisher-2] [INFO] [1732729809.524381782] [drone_home1.sim]: 127.72114905888014
[imu_publisher-2] [INFO] [1732729809.578857329] [drone_home1.sim]: 130.8144549780593
[imu_publisher-2] [INFO] [1732729809.652222507] [drone_home1.sim]: 135.7142446431072
[imu_publisher-2] [INFO] [1732729809.709510133] [drone_home1.sim]: 138.6064798342644
[imu_publisher-2] [INFO] [1732729809.781786575] [drone_home1.sim]: 142.672100718752
[imu_publisher-2] [INFO] [1732729809.885050512] [drone_home1.sim]: 146.13079224194348
[imu_publisher-2] [INFO] [1732729810.016866218] [drone_home1.sim]: 147.1315133324556
[imu_publisher-2] [INFO] [1732729810.024482347] [drone_home1.sim]: 147.11479646985111
[imu_publisher-2] [INFO] [1732729810.074699934] [drone_home1.sim]: 147.05335255542772
[imu_publisher-2] [INFO] [1732729810.175858086] [drone_home1.sim]: 147.01773510056208
[imu_publisher-2] [INFO] [1732729810.224930808] [drone_home1.sim]: 147.0160492332229
[imu_publisher-2] [INFO] [1732729810.348251555] [drone_home1.sim]: 147.0477532093844
[imu_publisher-2] [INFO] [1732729810.375106034] [drone_home1.sim]: 147.02121814525515
[imu_publisher-2] [INFO] [1732729810.424956382] [drone_home1.sim]: 147.0125739923147
[imu_publisher-2] [INFO] [1732729810.489513158] [drone_home1.sim]: 147.00587523027912
[imu_publisher-2] [INFO] [1732729810.553812583] [drone_home1.sim]: 147.01196355095698
[imu_publisher-2] [INFO] [1732729810.665616664] [drone_home1.sim]: 147.06186900987976
[imu_publisher-2] [INFO] [1732729810.716573637] [drone_home1.sim]: 147.08318900421378
[imu_publisher-2] [INFO] [1732729810.776775563] [drone_home1.sim]: 147.08251021134748
[imu_publisher-2] [INFO] [1732729810.846107760] [drone_home1.sim]: 147.08159974629277
[imu_publisher-2] [INFO] [1732729810.876008132] [drone_home1.sim]: 147.07573079913666
[imu_publisher-2] [INFO] [1732729811.014133566] [drone_home1.sim]: 147.16554984638793
[imu_publisher-2] [INFO] [1732729811.041093100] [drone_home1.sim]: 147.3065600794863
[imu_publisher-2] [INFO] [1732729811.076718240] [drone_home1.sim]: 147.55496524840288
[imu_publisher-2] [INFO] [1732729811.126778587] [drone_home1.sim]: 148.09197183897757
[imu_publisher-2] [INFO] [1732729811.202217180] [drone_home1.sim]: 148.9752035026058
[imu_publisher-2] [INFO] [1732729811.226566227] [drone_home1.sim]: 149.21337102075304
[imu_publisher-2] [INFO] [1732729811.378462593] [drone_home1.sim]: 152.34755093131463
[imu_publisher-2] [INFO] [1732729811.426804263] [drone_home1.sim]: 153.79951550539027
[imu_publisher-2] [INFO] [1732729811.476540908] [drone_home1.sim]: 155.3209478288951
[imu_publisher-2] [INFO] [1732729811.526669996] [drone_home1.sim]: 156.81862571152493
[imu_publisher-2] [INFO] [1732729811.576748120] [drone_home1.sim]: 158.22295897335863
[imu_publisher-2] [INFO] [1732729811.634399189] [drone_home1.sim]: 159.73398529398452
[imu_publisher-2] [INFO] [1732729811.688203629] [drone_home1.sim]: 160.89782170510776
[imu_publisher-2] [INFO] [1732729811.760392590] [drone_home1.sim]: 162.57182300496834
[imu_publisher-2] [INFO] [1732729811.811474043] [drone_home1.sim]: 164.0574118443071
[imu_publisher-2] [INFO] [1732729811.870746419] [drone_home1.sim]: 165.27091217233888
[imu_publisher-2] [INFO] [1732729811.881615532] [drone_home1.sim]: 165.73583813861538
[imu_publisher-2] [INFO] [1732729811.994488515] [drone_home1.sim]: 167.53339815956988
[imu_publisher-2] [INFO] [1732729812.055651086] [drone_home1.sim]: 167.7937728343501
[imu_publisher-2] [INFO] [1732729812.116245251] [drone_home1.sim]: 167.76295516658877
[imu_publisher-2] [INFO] [1732729812.185688540] [drone_home1.sim]: 167.7628230826904
[imu_publisher-2] [INFO] [1732729812.245238785] [drone_home1.sim]: 167.74179775825505
[imu_publisher-2] [INFO] [1732729812.361334012] [drone_home1.sim]: 167.6332351717583
[imu_publisher-2] [INFO] [1732729812.387649049] [drone_home1.sim]: 167.62588545241547
[imu_publisher-2] [INFO] [1732729812.438203024] [drone_home1.sim]: 167.6153562897736
[imu_publisher-2] [INFO] [1732729812.500523366] [drone_home1.sim]: 167.61544832916442
[imu_publisher-2] [INFO] [1732729812.566345673] [drone_home1.sim]: 167.61488504414854
[imu_publisher-2] [INFO] [1732729812.576522882] [drone_home1.sim]: 167.61488504414854
[imu_publisher-2] [INFO] [1732729812.735132734] [drone_home1.sim]: 167.6137390603564
[imu_publisher-2] [INFO] [1732729812.775183778] [drone_home1.sim]: 167.61295775155955
[imu_publisher-2] [INFO] [1732729812.825456365] [drone_home1.sim]: 167.61215661097904
[imu_publisher-2] [INFO] [1732729812.875865117] [drone_home1.sim]: 167.60940931465757
[imu_publisher-2] [INFO] [1732729812.928741506] [drone_home1.sim]: 167.60900333123772
[imu_publisher-2] [INFO] [1732729812.975588536] [drone_home1.sim]: 167.6085947500088
[imu_publisher-2] [INFO] [1732729813.055263830] [drone_home1.sim]: 167.60913454083374
[imu_publisher-2] [INFO] [1732729813.114306077] [drone_home1.sim]: 167.6088415829094
[imu_publisher-2] [INFO] [1732729813.126325740] [drone_home1.sim]: 167.6088415829094
[imu_publisher-2] [INFO] [1732729813.177289305] [drone_home1.sim]: 167.60842949297654
[imu_publisher-2] [INFO] [1732729813.247798478] [drone_home1.sim]: 167.6080246680969
[imu_publisher-2] [INFO] [1732729813.306221802] [drone_home1.sim]: 167.60787983034123
[imu_publisher-2] [INFO] [1732729813.368193758] [drone_home1.sim]: 167.60655151685015
[imu_publisher-2] [INFO] [1732729813.479455341] [drone_home1.sim]: 167.60614423663694
[imu_publisher-2] [INFO] [1732729813.526766758] [drone_home1.sim]: 167.605479787679
[imu_publisher-2] [INFO] [1732729813.576831642] [drone_home1.sim]: 167.60581681209135
[imu_publisher-2] [INFO] [1732729813.626047363] [drone_home1.sim]: 167.60549814588862
[imu_publisher-2] [INFO] [1732729813.676489634] [drone_home1.sim]: 167.60549814588862
[imu_publisher-2] [INFO] [1732729813.742093090] [drone_home1.sim]: 167.61934021939751
[imu_publisher-2] [INFO] [1732729813.811589860] [drone_home1.sim]: 167.61940231356994
[imu_publisher-2] [INFO] [1732729813.861979798] [drone_home1.sim]: 167.61957877394974
[imu_publisher-2] [INFO] [1732729813.922080318] [drone_home1.sim]: 167.6121892129641
[imu_publisher-2] [INFO] [1732729813.992225882] [drone_home1.sim]: 167.52583611477536
[imu_publisher-2] [INFO] [1732729814.050861112] [drone_home1.sim]: 167.31351172776382
[imu_publisher-2] [INFO] [1732729814.182445337] [drone_home1.sim]: 165.31192988720588
[imu_publisher-2] [INFO] [1732729814.225076295] [drone_home1.sim]: 163.334813352586
[imu_publisher-2] [INFO] [1732729814.274871440] [drone_home1.sim]: 160.48608097221427
[imu_publisher-2] [INFO] [1732729814.342520589] [drone_home1.sim]: 155.93695794146922
[imu_publisher-2] [INFO] [1732729814.374941263] [drone_home1.sim]: 152.08961583590607
[imu_publisher-2] [INFO] [1732729814.424794167] [drone_home1.sim]: 146.42161523622778
[imu_publisher-2] [INFO] [1732729814.474836477] [drone_home1.sim]: 139.92381199551733
[imu_publisher-2] [INFO] [1732729814.586021284] [drone_home1.sim]: 123.89038597915206
[imu_publisher-2] [INFO] [1732729814.638022991] [drone_home1.sim]: 116.50763478207368
[imu_publisher-2] [INFO] [1732729814.674957384] [drone_home1.sim]: 110.65172768902589
[imu_publisher-2] [INFO] [1732729814.725053713] [drone_home1.sim]: 103.80149037111187
[imu_publisher-2] [INFO] [1732729814.834657138] [drone_home1.sim]: 92.43767117147911
[imu_publisher-2] [INFO] [1732729814.875316179] [drone_home1.sim]: 87.5000072951302
[imu_publisher-2] [INFO] [1732729814.925548340] [drone_home1.sim]: 83.6832099283479
[imu_publisher-2] [INFO] [1732729814.975689039] [drone_home1.sim]: 79.13523044251043
[imu_publisher-2] [INFO] [1732729815.039105765] [drone_home1.sim]: 72.97362774127195
[imu_publisher-2] [INFO] [1732729815.076081713] [drone_home1.sim]: 70.32393419236413
[imu_publisher-2] [INFO] [1732729815.266562890] [drone_home1.sim]: 52.50857501774106
[imu_publisher-2] [INFO] [1732729815.288713744] [drone_home1.sim]: 49.58074153960274
[imu_publisher-2] [INFO] [1732729815.400410159] [drone_home1.sim]: 39.46393259394054
[imu_publisher-2] [INFO] [1732729815.453106252] [drone_home1.sim]: 35.74501493597711
[imu_publisher-2] [INFO] [1732729815.477573873] [drone_home1.sim]: 34.418084687289664
[imu_publisher-2] [INFO] [1732729815.536274752] [drone_home1.sim]: 30.796075345270793
[imu_publisher-2] [INFO] [1732729815.599599534] [drone_home1.sim]: 27.14399194838093
[imu_publisher-2] [INFO] [1732729815.670492816] [drone_home1.sim]: 23.3010307553832
[imu_publisher-2] [INFO] [1732729815.968387484] [drone_home1.sim]: 6.5096810837753125
[imu_publisher-2] [INFO] [1732729816.071055499] [drone_home1.sim]: 4.667404707984421
[imu_publisher-2] [INFO] [1732729816.082132759] [drone_home1.sim]: 4.444242434187498
[imu_publisher-2] [INFO] [1732729816.150155481] [drone_home1.sim]: 3.8094449328227333
[imu_publisher-2] [INFO] [1732729816.175158507] [drone_home1.sim]: 3.510914770660468
[imu_publisher-2] [INFO] [1732729816.257108605] [drone_home1.sim]: 2.513193632491512
[imu_publisher-2] [INFO] [1732729816.317401643] [drone_home1.sim]: 1.5283004855576394
[imu_publisher-2] [INFO] [1732729816.386167416] [drone_home1.sim]: 0.3214607639027788
[imu_publisher-2] [INFO] [1732729816.446431898] [drone_home1.sim]: -0.6540624889317957
[imu_publisher-2] [INFO] [1732729816.557656871] [drone_home1.sim]: -0.9158956943227378
[imu_publisher-2] [INFO] [1732729816.592356053] [drone_home1.sim]: -0.8890495608279297
[imu_publisher-2] [INFO] [1732729816.834369070] [drone_home1.sim]: -1.3687250033973044
[imu_publisher-2] [INFO] [1732729817.197764398] [drone_home1.sim]: -1.4381472962355442
[imu_publisher-2] [INFO] [1732729817.731524965] [drone_home1.sim]: -1.491953675184834
[imu_publisher-2] [INFO] [1732729818.158421038] [drone_home1.sim]: -1.5075832599966423
[imu_publisher-2] [INFO] [1732729818.370606072] [drone_home1.sim]: -1.5079379102906443
[imu_publisher-2] [INFO] [1732729818.422360521] [drone_home1.sim]: -1.5080430520456174
[imu_publisher-2] [INFO] [1732729818.437532503] [drone_home1.sim]: -1.507865663620123
[imu_publisher-2] [INFO] [1732729818.551694387] [drone_home1.sim]: -1.5150506580907266
[imu_publisher-2] [INFO] [1732729818.613464936] [drone_home1.sim]: -1.5149821591023043
[imu_publisher-2] [INFO] [1732729818.673774696] [drone_home1.sim]: -1.5150681883777388
[imu_publisher-2] [INFO] [1732729818.726251864] [drone_home1.sim]: -1.5150150999660128
[imu_publisher-2] [INFO] [1732729818.775013903] [drone_home1.sim]: -1.515026482445123
[imu_publisher-2] [INFO] [1732729818.852135858] [drone_home1.sim]: -1.5150344729885301
[imu_publisher-2] [INFO] [1732729818.907344087] [drone_home1.sim]: -1.515234218822665
[imu_publisher-2] [INFO] [1732729819.019496870] [drone_home1.sim]: -1.5151060063945707
[imu_publisher-2] [INFO] [1732729819.025707210] [drone_home1.sim]: -1.5151717344205546
[imu_publisher-2] [INFO] [1732729819.085079827] [drone_home1.sim]: -1.51521313453877
[imu_publisher-2] [INFO] [1732729819.125799405] [drone_home1.sim]: -1.515078639664361
[imu_publisher-2] [INFO] [1732729819.176012103] [drone_home1.sim]: -1.5152092418061087
[imu_publisher-2] [INFO] [1732729819.226043820] [drone_home1.sim]: -1.5153398439321073
[imu_publisher-2] [INFO] [1732729819.537222739] [drone_home1.sim]: -1.5153201751997885
[imu_publisher-2] [INFO] [1732729819.576137825] [drone_home1.sim]: -1.5153201751997885
[imu_publisher-2] [INFO] [1732729819.667323841] [drone_home1.sim]: -1.5153201751997885
[imu_publisher-2] [INFO] [1732729819.728327986] [drone_home1.sim]: -1.5153201751997885
[imu_publisher-2] [INFO] [1732729819.774990646] [drone_home1.sim]: -1.5153201751997885
[imu_publisher-2] [INFO] [1732729819.839254646] [drone_home1.sim]: -1.5153201751997885
[imu_publisher-2] [INFO] [1732729819.874680824] [drone_home1.sim]: -1.5153201751997885
[imu_publisher-2] [INFO] [1732729820.039556979] [drone_home1.sim]: -1.5153201751997885
[imu_publisher-2] [INFO] [1732729820.075059323] [drone_home1.sim]: -1.5153201751997885
[imu_publisher-2] [INFO] [1732729820.124907393] [drone_home1.sim]: -1.5153201751997885
[imu_publisher-2] [INFO] [1732729820.200366208] [drone_home1.sim]: -1.5153201751997885
[imu_publisher-2] [INFO] [1732729820.225164920] [drone_home1.sim]: -1.5153201751997885
[imu_publisher-2] [INFO] [1732729820.323321124] [drone_home1.sim]: -1.5153201751997885
[imu_publisher-2] [INFO] [1732729820.382165446] [drone_home1.sim]: -1.5153201751997885
[imu_publisher-2] [INFO] [1732729820.447557811] [drone_home1.sim]: -1.5153201751997885
[imu_publisher-2] [INFO] [1732729820.502373153] [drone_home1.sim]: -1.5153201751997885
[imu_publisher-2] [INFO] [1732729820.524810765] [drone_home1.sim]: -1.5153201751997885
[imu_publisher-2] [INFO] [1732729820.578500261] [drone_home1.sim]: -1.5153201751997885
[imu_publisher-2] [INFO] [1732729820.650440723] [drone_home1.sim]: -1.5153201751997885
[imu_publisher-2] [INFO] [1732729820.753686087] [drone_home1.sim]: -1.5153201751997885
[imu_publisher-2] [INFO] [1732729820.884041281] [drone_home1.sim]: -1.5153201751997885
[imu_publisher-2] [INFO] [1732729820.983367831] [drone_home1.sim]: -1.5153201751997885
[imu_publisher-2] [INFO] [1732729821.043613017] [drone_home1.sim]: -1.5153201751997885
[imu_publisher-2] [INFO] [1732729821.155044193] [drone_home1.sim]: -1.5153201751997885
[imu_publisher-2] [INFO] [1732729821.215670247] [drone_home1.sim]: -1.5153201751997885
[imu_publisher-2] [INFO] [1732729821.225864105] [drone_home1.sim]: -1.5153201751997885
[imu_publisher-2] [INFO] [1732729821.280247653] [drone_home1.sim]: -1.5153201751997885
[imu_publisher-2] [INFO] [1732729821.349310888] [drone_home1.sim]: -1.5153201751997885
[imu_publisher-2] [INFO] [1732729821.407510733] [drone_home1.sim]: -1.5153201751997885
[imu_publisher-2] [INFO] [1732729821.538488868] [drone_home1.sim]: -1.5153201751997885
[imu_publisher-2] [INFO] [1732729821.576998383] [drone_home1.sim]: -1.5153201751997885
[imu_publisher-2] [INFO] [1732729821.626679084] [drone_home1.sim]: -1.5153201751997885
[imu_publisher-2] [INFO] [1732729821.699304135] [drone_home1.sim]: -1.5153201751997885
[imu_publisher-2] [INFO] [1732729821.726591186] [drone_home1.sim]: -1.5153201751997885
[imu_publisher-2] [INFO] [1732729821.779312113] [drone_home1.sim]: -1.5153201751997885
[imu_publisher-2] [INFO] [1732729821.883542342] [drone_home1.sim]: -1.5153201751997885
[imu_publisher-2] [INFO] [1732729821.926837926] [drone_home1.sim]: -1.5153201751997885
[imu_publisher-2] [INFO] [1732729821.976818292] [drone_home1.sim]: -1.5153201751997885
[imu_publisher-2] [INFO] [1732729822.026509826] [drone_home1.sim]: -1.5153201751997885
[imu_publisher-2] [INFO] [1732729822.078986254] [drone_home1.sim]: -1.5153201751997885
[imu_publisher-2] [INFO] [1732729822.190884705] [drone_home1.sim]: -1.5153201751997885
[imu_publisher-2] [INFO] [1732729822.225830738] [drone_home1.sim]: -1.5153201751997885
[imu_publisher-2] [INFO] [1732729822.275320440] [drone_home1.sim]: -1.5153201751997885
[imu_publisher-2] [INFO] [1732729822.324800160] [drone_home1.sim]: -1.5153201751997885
[imu_publisher-2] [INFO] [1732729822.391900757] [drone_home1.sim]: -1.5153201751997885
[imu_publisher-2] [INFO] [1732729822.452113591] [drone_home1.sim]: -1.5153201751997885
[imu_publisher-2] [INFO] [1732729822.562631919] [drone_home1.sim]: -1.5153201751997885
[imu_publisher-2] [INFO] [1732729822.593847396] [drone_home1.sim]: -1.5153201751997885
[imu_publisher-2] [INFO] [1732729822.643529171] [drone_home1.sim]: -1.5153201751997885
[imu_publisher-2] [INFO] [1732729822.704286632] [drone_home1.sim]: -1.5153201751997885
[imu_publisher-2] [INFO] [1732729822.773024332] [drone_home1.sim]: -1.5153201751997885
[imu_publisher-2] [INFO] [1732729822.783407522] [drone_home1.sim]: -1.5153201751997885
[imu_publisher-2] [INFO] [1732729822.893090354] [drone_home1.sim]: -1.5153201751997885
[imu_publisher-2] [INFO] [1732729822.964121469] [drone_home1.sim]: -1.5153201751997885
[imu_publisher-2] [INFO] [1732729822.975230063] [drone_home1.sim]: -1.5153201751997885
[imu_publisher-2] [INFO] [1732729823.025477539] [drone_home1.sim]: -1.5153201751997885
[imu_publisher-2] [INFO] [1732729823.124441627] [drone_home1.sim]: -1.5153201751997885
[imu_publisher-2] [INFO] [1732729823.135711665] [drone_home1.sim]: -1.5153201751997885
[imu_publisher-2] [INFO] [1732729823.246986082] [drone_home1.sim]: -1.5153201751997885
[imu_publisher-2] [INFO] [1732729823.306016459] [drone_home1.sim]: -1.5153201751997885
[imu_publisher-2] [INFO] [1732729823.374165773] [drone_home1.sim]: -1.5153201751997885
[imu_publisher-2] [INFO] [1732729823.426806515] [drone_home1.sim]: -1.5153201751997885
[imu_publisher-2] [INFO] [1732729823.476845899] [drone_home1.sim]: -1.5153201751997885
[imu_publisher-2] [INFO] [1732729823.526785469] [drone_home1.sim]: -1.5153201751997885
[imu_publisher-2] [INFO] [1732729823.576793668] [drone_home1.sim]: -1.5153201751997885
[imu_publisher-2] [INFO] [1732729823.628168342] [drone_home1.sim]: -1.5153201751997885
[imu_publisher-2] [INFO] [1732729823.677777877] [drone_home1.sim]: -1.5153201751997885
[imu_publisher-2] [INFO] [1732729823.738452209] [drone_home1.sim]: -1.5153201751997885
[imu_publisher-2] [INFO] [1732729823.807588907] [drone_home1.sim]: -1.5153201751997885
[imu_publisher-2] [INFO] [1732729823.826568536] [drone_home1.sim]: -1.5153201751997885
[imu_publisher-2] [INFO] [1732729823.972198025] [drone_home1.sim]: -1.5153201751997885
[imu_publisher-2] [INFO] [1732729823.978736197] [drone_home1.sim]: -1.5153201751997885
[imu_publisher-2] [INFO] [1732729824.026631166] [drone_home1.sim]: -1.5153201751997885
[imu_publisher-2] [INFO] [1732729824.076204904] [drone_home1.sim]: -1.5153201751997885
[imu_publisher-2] [INFO] [1732729824.162984794] [drone_home1.sim]: -1.5153201751997885
[imu_publisher-2] [INFO] [1732729824.301131931] [drone_home1.sim]: -1.5153201751997885
[imu_publisher-2] [INFO] [1732729824.325334646] [drone_home1.sim]: -1.5153201751997885
[imu_publisher-2] [INFO] [1732729824.404488739] [drone_home1.sim]: -1.5153201751997885
[imu_publisher-2] [INFO] [1732729824.462468918] [drone_home1.sim]: -1.5153201751997885
[imu_publisher-2] [INFO] [1732729824.573872186] [drone_home1.sim]: -1.5153201751997885
[imu_publisher-2] [INFO] [1732729824.592833815] [drone_home1.sim]: -1.5153201751997885
[imu_publisher-2] [INFO] [1732729824.645170670] [drone_home1.sim]: -1.5153201751997885
[imu_publisher-2] [INFO] [1732729824.748986994] [drone_home1.sim]: -1.5153201751997885
[imu_publisher-2] [INFO] [1732729824.774717905] [drone_home1.sim]: -1.5153201751997885
[imu_publisher-2] [INFO] [1732729824.874703637] [drone_home1.sim]: -1.5153201751997885
[imu_publisher-2] [INFO] [1732729824.933173498] [drone_home1.sim]: -1.5153201751997885
[imu_publisher-2] [INFO] [1732729824.997650367] [drone_home1.sim]: -1.5153201751997885
[imu_publisher-2] [INFO] [1732729825.050523682] [drone_home1.sim]: -1.5153201751997885
[imu_publisher-2] [INFO] [1732729825.075623596] [drone_home1.sim]: -1.5153201751997885
[imu_publisher-2] [INFO] [1732729825.133025185] [drone_home1.sim]: -1.5153201751997885
[imu_publisher-2] [INFO] [1732729825.244259843] [drone_home1.sim]: -1.5153201751997885
[imu_publisher-2] [INFO] [1732729825.305785004] [drone_home1.sim]: -1.5153201751997885
[imu_publisher-2] [INFO] [1732729825.366198227] [drone_home1.sim]: -1.5153201751997885
[imu_publisher-2] [INFO] [1732729825.437841375] [drone_home1.sim]: -1.5153201751997885
[imu_publisher-2] [INFO] [1732729825.496503921] [drone_home1.sim]: -1.5153201751997885
[imu_publisher-2] [INFO] [1732729825.614366695] [drone_home1.sim]: -1.5153201751997885
[imu_publisher-2] [INFO] [1732729825.629629824] [drone_home1.sim]: -1.5153201751997885
[imu_publisher-2] [INFO] [1732729825.685531346] [drone_home1.sim]: -1.5153201751997885
[imu_publisher-2] [INFO] [1732729825.787732789] [drone_home1.sim]: -1.5153201751997885
[imu_publisher-2] [INFO] [1732729825.826719654] [drone_home1.sim]: -1.5153201751997885
[imu_publisher-2] [INFO] [1732729825.911293183] [drone_home1.sim]: -1.5153201751997885
[imu_publisher-2] [INFO] [1732729825.961291957] [drone_home1.sim]: -1.5153201751997885
[imu_publisher-2] [INFO] [1732729825.976573567] [drone_home1.sim]: -1.5153201751997885
[imu_publisher-2] [INFO] [1732729826.028184777] [drone_home1.sim]: -1.5153201751997885
[imu_publisher-2] [INFO] [1732729826.097627862] [drone_home1.sim]: -1.5153201751997885
[imu_publisher-2] [INFO] [1732729826.160344666] [drone_home1.sim]: -1.5153201751997885
[imu_publisher-2] [INFO] [1732729826.291341338] [drone_home1.sim]: -1.5153201751997885
[imu_publisher-2] [INFO] [1732729826.325296042] [drone_home1.sim]: -1.5153201751997885
[imu_publisher-2] [INFO] [1732729826.374847281] [drone_home1.sim]: -1.5153201751997885
[imu_publisher-2] [INFO] [1732729826.450239041] [drone_home1.sim]: -1.5153201751997885
[imu_publisher-2] [INFO] [1732729826.474809217] [drone_home1.sim]: -1.5153201751997885
[imu_publisher-2] [INFO] [1732729826.524864471] [drone_home1.sim]: -1.5153201751997885
[imu_publisher-2] [INFO] [1732729826.632156741] [drone_home1.sim]: -1.5153201751997885
[imu_publisher-2] [INFO] [1732729826.675194419] [drone_home1.sim]: -1.5153201751997885
[imu_publisher-2] [INFO] [1732729826.725128378] [drone_home1.sim]: -1.5153201751997885
[imu_publisher-2] [INFO] [1732729826.775104948] [drone_home1.sim]: -1.5153201751997885
[imu_publisher-2] [INFO] [1732729826.824846963] [drone_home1.sim]: -1.5153201751997885
[imu_publisher-2] [INFO] [1732729826.934901349] [drone_home1.sim]: -1.5153201751997885
[imu_publisher-2] [INFO] [1732729826.974986912] [drone_home1.sim]: -1.5153201751997885
[imu_publisher-2] [INFO] [1732729827.025876403] [drone_home1.sim]: -1.5153201751997885
[imu_publisher-2] [INFO] [1732729827.075643307] [drone_home1.sim]: -1.5153201751997885
[imu_publisher-2] [INFO] [1732729827.142727979] [drone_home1.sim]: -1.5153201751997885
[imu_publisher-2] [INFO] [1732729827.202819517] [drone_home1.sim]: -1.5153201751997885
[imu_publisher-2] [INFO] [1732729827.264541992] [drone_home1.sim]: -1.5153201751997885
[imu_publisher-2] [INFO] [1732729827.337626393] [drone_home1.sim]: -1.5153201751997885
[imu_publisher-2] [INFO] [1732729827.376432518] [drone_home1.sim]: -1.5153201751997885
[imu_publisher-2] [INFO] [1732729827.426541013] [drone_home1.sim]: -1.5153201751997885
[imu_publisher-2] [INFO] [1732729827.497236333] [drone_home1.sim]: -1.5153201751997885
[imu_publisher-2] [INFO] [1732729827.526606911] [drone_home1.sim]: -1.5153201751997885
[imu_publisher-2] [INFO] [1732729827.618997310] [drone_home1.sim]: -1.5153201751997885
[imu_publisher-2] [INFO] [1732729827.626636939] [drone_home1.sim]: -1.5153201751997885
[imu_publisher-2] [INFO] [1732729827.682579276] [drone_home1.sim]: -1.5153201751997885
[imu_publisher-2] [INFO] [1732729827.742476075] [drone_home1.sim]: -1.5153201751997885
[imu_publisher-2] [INFO] [1732729827.812355862] [drone_home1.sim]: -1.5153201751997885
[imu_publisher-2] [INFO] [1732729827.869992450] [drone_home1.sim]: -1.5153201751997885
[imu_publisher-2] [INFO] [1732729827.981928549] [drone_home1.sim]: -1.5153201751997885
[imu_publisher-2] [INFO] [1732729828.061459900] [drone_home1.sim]: -1.5153201751997885
[imu_publisher-2] [INFO] [1732729828.076404419] [drone_home1.sim]: -1.5153201751997885
[imu_publisher-2] [INFO] [1732729828.126975560] [drone_home1.sim]: -1.5153201751997885
[imu_publisher-2] [INFO] [1732729828.192742775] [drone_home1.sim]: -1.5153201751997885
[imu_publisher-2] [INFO] [1732729828.250784286] [drone_home1.sim]: -1.5153201751997885
[imu_publisher-2] [INFO] [1732729828.314567233] [drone_home1.sim]: -1.5153201751997885
[imu_publisher-2] [INFO] [1732729828.369366038] [drone_home1.sim]: -1.5153201751997885
[imu_publisher-2] [INFO] [1732729828.441738683] [drone_home1.sim]: -1.5153201751997885
[imu_publisher-2] [INFO] [1732729828.495360013] [drone_home1.sim]: -1.5153201751997885
[imu_publisher-2] [INFO] [1732729828.554574945] [drone_home1.sim]: -1.5153201751997885
[imu_publisher-2] [INFO] [1732729828.574847160] [drone_home1.sim]: -1.5153201751997885
[imu_publisher-2] [INFO] [1732729828.680819585] [drone_home1.sim]: -1.5153201751997885
[imu_publisher-2] [INFO] [1732729828.725056368] [drone_home1.sim]: -1.5153201751997885
[imu_publisher-2] [INFO] [1732729828.796083742] [drone_home1.sim]: -1.5153201751997885
[imu_publisher-2] [INFO] [1732729828.851216861] [drone_home1.sim]: -1.5153201751997885
[imu_publisher-2] [INFO] [1732729828.874864356] [drone_home1.sim]: -1.5153201751997885
[imu_publisher-2] [INFO] [1732729828.932335222] [drone_home1.sim]: -1.5153201751997885
[imu_publisher-2] [INFO] [1732729828.996188243] [drone_home1.sim]: -1.5153201751997885
[imu_publisher-2] [INFO] [1732729829.068007928] [drone_home1.sim]: -1.5153201751997885
[imu_publisher-2] [INFO] [1732729829.116301413] [drone_home1.sim]: -1.5153201751997885
[imu_publisher-2] [INFO] [1732729829.179761602] [drone_home1.sim]: -1.5153201751997885
[imu_publisher-2] [INFO] [1732729829.243688474] [drone_home1.sim]: -1.5153201751997885
[imu_publisher-2] [INFO] [1732729830.412086115] [drone_home1.sim]: -1.5153201751997885
[imu_publisher-2] [INFO] [1732729830.462401184] [drone_home1.sim]: -1.5153201751997885
[imu_publisher-2] [INFO] [1732729830.794434056] [drone_home1.sim]: -1.5153201751997885
[imu_publisher-2] [INFO] [1732729830.844459366] [drone_home1.sim]: -1.5153201751997885
[imu_publisher-2] [INFO] [1732729830.893981716] [drone_home1.sim]: -1.5153201751997885
[imu_publisher-2] [INFO] [1732729830.944494061] [drone_home1.sim]: -1.5153201751997885
[imu_publisher-2] [INFO] [1732729830.993083434] [drone_home1.sim]: -1.5153201751997885
[imu_publisher-2] [INFO] [1732729831.426980177] [drone_home1.sim]: -1.5153201751997885
[imu_publisher-2] [INFO] [1732729832.111082082] [drone_home1.sim]: -1.5153201751997885
[imu_publisher-2] [INFO] [1732729832.250475510] [drone_home1.sim]: -1.5153201751997885
[imu_publisher-2] [INFO] [1732729832.300811856] [drone_home1.sim]: -1.5153201751997885
[imu_publisher-2] [INFO] [1732729832.396845237] [drone_home1.sim]: -1.5153201751997885
[imu_publisher-2] [INFO] [1732729832.447616377] [drone_home1.sim]: -1.5153201751997885
[imu_publisher-2] [INFO] [1732729832.495372069] [drone_home1.sim]: -1.5153201751997885
[imu_publisher-2] [INFO] [1732729832.544504809] [drone_home1.sim]: -1.5153201751997885
[imu_publisher-2] [INFO] [1732729832.594593712] [drone_home1.sim]: -1.5153201751997885
[imu_publisher-2] [INFO] [1732729832.643518065] [drone_home1.sim]: -1.5153201751997885
[imu_publisher-2] [INFO] [1732729832.693619078] [drone_home1.sim]: -1.5153201751997885
[imu_publisher-2] [INFO] [1732729832.742839078] [drone_home1.sim]: -1.5153201751997885
[imu_publisher-2] [INFO] [1732729832.792828684] [drone_home1.sim]: -1.5153201751997885
[imu_publisher-2] [INFO] [1732729832.843866416] [drone_home1.sim]: -1.5153201751997885
[imu_publisher-2] [INFO] [1732729832.874811709] [drone_home1.sim]: -1.5153201751997885
[imu_publisher-2] [INFO] [1732729832.925167184] [drone_home1.sim]: -1.5153201751997885
[imu_publisher-2] [INFO] [1732729832.974870403] [drone_home1.sim]: -1.5153201751997885
[imu_publisher-2] [INFO] [1732729833.025680821] [drone_home1.sim]: -1.5153201751997885
[imu_publisher-2] [INFO] [1732729833.075590391] [drone_home1.sim]: -1.5153201751997885
[imu_publisher-2] [INFO] [1732729833.125604090] [drone_home1.sim]: -1.5153201751997885
[imu_publisher-2] [INFO] [1732729833.175735011] [drone_home1.sim]: -1.5153201751997885
[imu_publisher-2] [INFO] [1732729833.225890432] [drone_home1.sim]: -1.5153201751997885
[imu_publisher-2] [INFO] [1732729833.275865668] [drone_home1.sim]: -1.5153201751997885
[imu_publisher-2] [INFO] [1732729833.326262255] [drone_home1.sim]: -1.5153201751997885
[imu_publisher-2] [INFO] [1732729833.376267843] [drone_home1.sim]: -1.5153201751997885
[imu_publisher-2] [INFO] [1732729833.434011449] [drone_home1.sim]: -1.5153201751997885
[imu_publisher-2] [INFO] [1732729833.597487462] [drone_home1.sim]: -1.5153201751997885
[imu_publisher-2] [INFO] [1732729837.436650124] [drone_home1.sim]: -1.5153201751997885
[imu_publisher-2] [INFO] [1732729838.615759141] [drone_home1.sim]: -1.5153201751997885
[imu_publisher-2] [INFO] [1732729838.734290671] [drone_home1.sim]: -1.5153201751997885
[imu_publisher-2] [INFO] [1732729838.800238459] [drone_home1.sim]: -1.5153201751997885
[imu_publisher-2] [INFO] [1732729838.863699519] [drone_home1.sim]: -1.5153201751997885
[imu_publisher-2] [INFO] [1732729838.976336467] [drone_home1.sim]: -1.5153201751997885
[imu_publisher-2] [INFO] [1732729839.126626934] [drone_home1.sim]: -1.5153201751997885
[imu_publisher-2] [INFO] [1732729839.239226289] [drone_home1.sim]: -1.5153201751997885
[imu_publisher-2] [INFO] [1732729839.305826667] [drone_home1.sim]: -1.5153201751997885
[imu_publisher-2] [INFO] [1732729839.420798973] [drone_home1.sim]: -1.5153201751997885
[imu_publisher-2] [INFO] [1732729839.648063693] [drone_home1.sim]: -1.5153201751997885
[imu_publisher-2] [INFO] [1732729839.909504615] [drone_home1.sim]: -1.5153201751997885
