[INFO] [launch]: All log files can be found below /home/pi/.ros/log/2024-11-27-13-29-29-774127-drone-home-70585
[INFO] [launch]: Default logging verbosity is set to INFO
[WARNING] [imu_publisher-2]: there are now at least 2 nodes with the name /drone_home1/sim created within this launch context
[WARNING] [drive_hardware-3]: there are now at least 3 nodes with the name /drone_home1/sim created within this launch context
[WARNING] [visualization-4]: there are now at least 4 nodes with the name /drone_home1/sim created within this launch context
[WARNING] [static_transform_publisher-6]: there are now at least 2 nodes with the name /drone_home1/static_transform_publisher created within this launch context
[INFO] [drive_publisher-1]: process started with pid [70592]
[INFO] [imu_publisher-2]: process started with pid [70593]
[INFO] [drive_hardware-3]: process started with pid [70594]
[INFO] [visualization-4]: process started with pid [70595]
[INFO] [static_transform_publisher-5]: process started with pid [70596]
[INFO] [static_transform_publisher-6]: process started with pid [70597]
[static_transform_publisher-5] [WARN] [1732732169.923280147] []: Old-style arguments are deprecated; see --help for new-style arguments
[static_transform_publisher-6] [WARN] [1732732169.946409720] []: Old-style arguments are deprecated; see --help for new-style arguments
[static_transform_publisher-5] [INFO] [1732732169.959750323] [drone_home1.static_transform_publisher]: Spinning until stopped - publishing transform
[static_transform_publisher-5] translation: ('0.000000', '0.000000', '0.000000')
[static_transform_publisher-5] rotation: ('0.000000', '0.000000', '0.000000', '1.000000')
[static_transform_publisher-5] from 'map' to 'imu_frame'
[static_transform_publisher-6] [INFO] [1732732169.984533185] [drone_home1.static_transform_publisher]: Spinning until stopped - publishing transform
[static_transform_publisher-6] translation: ('0.000000', '0.000000', '0.000000')
[static_transform_publisher-6] rotation: ('0.000000', '0.000000', '0.000000', '1.000000')
[static_transform_publisher-6] from 'map' to 'gps_sensor'
[visualization-4] Traceback (most recent call last):
[visualization-4]   File "/home/pi/drone-home/ros2_ws/install/drone_home/lib/drone_home/visualization", line 33, in <module>
[visualization-4]     sys.exit(load_entry_point('drone-home==0.0.0', 'console_scripts', 'visualization')())
[visualization-4]              ^^^^^^^^^^^^^^^^^^^^^^^^^^^^^^^^^^^^^^^^^^^^^^^^^^^^^^^^^^^^^^^^^^^^^^^^^^^
[visualization-4]   File "/home/pi/drone-home/ros2_ws/install/drone_home/lib/python3.12/site-packages/drone_home/markers.py", line 43, in main
[visualization-4]     node = GPSVisualizationNode()
[visualization-4]            ^^^^^^^^^^^^^^^^^^^^^^
[visualization-4]   File "/home/pi/drone-home/ros2_ws/install/drone_home/lib/python3.12/site-packages/drone_home/markers.py", line 14, in __init__
[visualization-4]     self.pose_subscriber = self.create_subscription(PoseStamped, 'vehicle/pose', self.pose_callback, 10)
[visualization-4]                                                     ^^^^^^^^^^^
[visualization-4] NameError: name 'PoseStamped' is not defined
[drive_hardware-3] /usr/lib/python3/dist-packages/gpiozero/output_devices.py:1509: PWMSoftwareFallback: To reduce servo jitter, use the pigpio pin factory.See https://gpiozero.readthedocs.io/en/stable/api_output.html#servo for more info
[drive_hardware-3]   warnings.warn(PWMSoftwareFallback(
[ERROR] [visualization-4]: process has died [pid 70595, exit code 1, cmd '/home/pi/drone-home/ros2_ws/install/drone_home/lib/drone_home/visualization --ros-args -r __node:=sim -r __ns:=/drone_home1'].
[imu_publisher-2] [INFO] [1732732172.350190528] [drone_home1.sim]: Calibration status: (True, 'Calibration (sys:0, gyro:0, accel:3, mag:0)')
