[INFO] [launch]: All log files can be found below /root/.ros/log/2025-02-25-12-27-44-487329-drone-home-276
[INFO] [launch]: Default logging verbosity is set to INFO
[INFO] [cv_controller-1]: process started with pid [278]
[INFO] [controller-2]: process started with pid [280]
[INFO] [pwm_publisher-3]: process started with pid [282]
[INFO] [gps_publisher-4]: process started with pid [284]
[INFO] [imu_publisher-5]: process started with pid [286]
[INFO] [drive_hardware-6]: process started with pid [288]
[controller-2] [INFO] [1740504465.708061277] [drone_home1.controller]: Controller running
[cv_controller-1] [INFO] [1740504465.712104370] [drone_home1.sim]: CV Controller running
[imu_publisher-5] [INFO] [1740504467.008217089] [drone_home1.imu_publisher]: Calibration status: (True, 'Calibration (sys:0, gyro:0, accel:3, mag:0)')
[controller-2] [INFO] [1740504472.299473873] [drone_home1.controller]: Service request to change coordinate custom_messages.srv.SetCoordinate_Request(new_coordinate=sensor_msgs.msg.NavSatFix(header=std_msgs.msg.Header(stamp=builtin_interfaces.msg.Time(sec=0, nanosec=0), frame_id=''), status=sensor_msgs.msg.NavSatStatus(status=0, service=0), latitude=29.63, longitude=-83.36, altitude=0.0, position_covariance=array([0., 0., 0., 0., 0., 0., 0., 0., 0.]), position_covariance_type=0))
[controller-2] [INFO] [1740504472.301180739] [drone_home1.controller]: Waypoints now: [(29.63, -83.36)]
[drive_hardware-6] [INFO] [1740504472.347268762] [drone_home1.drive_hardware]: Service request to change drive mode custom_messages.srv.SetMode_Request(mode='manual')
[drive_hardware-6] [INFO] [1740504472.348429531] [drone_home1.drive_hardware]: Drive mode now: manual
[controller-2] [INFO] [1740504481.290403373] [drone_home1.controller]: Service request to change coordinate custom_messages.srv.SetCoordinate_Request(new_coordinate=sensor_msgs.msg.NavSatFix(header=std_msgs.msg.Header(stamp=builtin_interfaces.msg.Time(sec=0, nanosec=0), frame_id=''), status=sensor_msgs.msg.NavSatStatus(status=0, service=0), latitude=29.63, longitude=-83.36, altitude=0.0, position_covariance=array([0., 0., 0., 0., 0., 0., 0., 0., 0.]), position_covariance_type=0))
[controller-2] [INFO] [1740504481.291326087] [drone_home1.controller]: Waypoints now: [(29.63, -83.36)]
[drive_hardware-6] [INFO] [1740504481.300254090] [drone_home1.drive_hardware]: Service request to change drive mode custom_messages.srv.SetMode_Request(mode='manual')
[drive_hardware-6] [INFO] [1740504481.301217286] [drone_home1.drive_hardware]: Drive mode now: manual
[controller-2] [INFO] [1740504519.138622127] [drone_home1.controller]: Service request to change coordinate custom_messages.srv.SetCoordinate_Request(new_coordinate=sensor_msgs.msg.NavSatFix(header=std_msgs.msg.Header(stamp=builtin_interfaces.msg.Time(sec=0, nanosec=0), frame_id=''), status=sensor_msgs.msg.NavSatStatus(status=0, service=0), latitude=29.63, longitude=-83.36, altitude=0.0, position_covariance=array([0., 0., 0., 0., 0., 0., 0., 0., 0.]), position_covariance_type=0))
[controller-2] [INFO] [1740504519.139738160] [drone_home1.controller]: Waypoints now: [(29.63, -83.36)]
[drive_hardware-6] [INFO] [1740504519.257081559] [drone_home1.drive_hardware]: Service request to change drive mode custom_messages.srv.SetMode_Request(mode='manual')
[drive_hardware-6] [INFO] [1740504519.257951696] [drone_home1.drive_hardware]: Drive mode now: manual
[drive_hardware-6] [INFO] [1740504537.459113927] [drone_home1.drive_hardware]: Service request to change drive mode custom_messages.srv.SetMode_Request(mode='manual')
[drive_hardware-6] [INFO] [1740504537.462050940] [drone_home1.drive_hardware]: Drive mode now: manual
[drive_hardware-6] [INFO] [1740504537.734666708] [drone_home1.drive_hardware]: Service request to change drive mode custom_messages.srv.SetMode_Request(mode='automatic')
[drive_hardware-6] [INFO] [1740504537.735508301] [drone_home1.drive_hardware]: Drive mode now: automatic
[drive_hardware-6] [INFO] [1740504538.106627146] [drone_home1.drive_hardware]: Service request to change drive mode custom_messages.srv.SetMode_Request(mode='manual')
[drive_hardware-6] [INFO] [1740504538.109651778] [drone_home1.drive_hardware]: Drive mode now: manual
[drive_hardware-6] [INFO] [1740504538.927298918] [drone_home1.drive_hardware]: Service request to change drive mode custom_messages.srv.SetMode_Request(mode='automatic')
[drive_hardware-6] [INFO] [1740504538.928167167] [drone_home1.drive_hardware]: Drive mode now: automatic
[drive_hardware-6] [INFO] [1740504539.572238335] [drone_home1.drive_hardware]: Service request to change drive mode custom_messages.srv.SetMode_Request(mode='manual')
[drive_hardware-6] [INFO] [1740504539.573133529] [drone_home1.drive_hardware]: Drive mode now: manual
[drive_hardware-6] [INFO] [1740504540.063681562] [drone_home1.drive_hardware]: Service request to change drive mode custom_messages.srv.SetMode_Request(mode='automatic')
[drive_hardware-6] [INFO] [1740504540.064584500] [drone_home1.drive_hardware]: Drive mode now: automatic
[controller-2] [INFO] [1740504568.536808539] [drone_home1.controller]: Service request to change coordinate custom_messages.srv.SetCoordinate_Request(new_coordinate=sensor_msgs.msg.NavSatFix(header=std_msgs.msg.Header(stamp=builtin_interfaces.msg.Time(sec=0, nanosec=0), frame_id=''), status=sensor_msgs.msg.NavSatStatus(status=0, service=0), latitude=29.63, longitude=-83.36, altitude=0.0, position_covariance=array([0., 0., 0., 0., 0., 0., 0., 0., 0.]), position_covariance_type=0))
[controller-2] [INFO] [1740504568.538919961] [drone_home1.controller]: Waypoints now: [(29.63, -83.36)]
[drive_hardware-6] [INFO] [1740504568.545463446] [drone_home1.drive_hardware]: Service request to change drive mode custom_messages.srv.SetMode_Request(mode='automatic')
[drive_hardware-6] [INFO] [1740504568.547088293] [drone_home1.drive_hardware]: Drive mode now: automatic
[drive_hardware-6] [INFO] [1740504575.180978702] [drone_home1.drive_hardware]: Service request to change drive mode custom_messages.srv.SetMode_Request(mode='manual')
[drive_hardware-6] [INFO] [1740504575.182312053] [drone_home1.drive_hardware]: Drive mode now: manual
[controller-2] [INFO] [1740504593.357340648] [drone_home1.controller]: Service request to change coordinate custom_messages.srv.SetCoordinate_Request(new_coordinate=sensor_msgs.msg.NavSatFix(header=std_msgs.msg.Header(stamp=builtin_interfaces.msg.Time(sec=0, nanosec=0), frame_id=''), status=sensor_msgs.msg.NavSatStatus(status=0, service=0), latitude=29.63, longitude=-83.36, altitude=0.0, position_covariance=array([0., 0., 0., 0., 0., 0., 0., 0., 0.]), position_covariance_type=0))
[controller-2] [INFO] [1740504593.358907925] [drone_home1.controller]: Waypoints now: [(29.63, -83.36)]
[drive_hardware-6] [INFO] [1740504593.467044913] [drone_home1.drive_hardware]: Service request to change drive mode custom_messages.srv.SetMode_Request(mode='manual')
[drive_hardware-6] [INFO] [1740504593.468968520] [drone_home1.drive_hardware]: Drive mode now: manual
[drive_hardware-6] [INFO] [1740504631.210592592] [drone_home1.drive_hardware]: Service request to change drive mode custom_messages.srv.SetMode_Request(mode='manual')
[drive_hardware-6] [INFO] [1740504631.211534507] [drone_home1.drive_hardware]: Drive mode now: manual
[drive_hardware-6] [INFO] [1740504633.577889242] [drone_home1.drive_hardware]: Service request to change drive mode custom_messages.srv.SetMode_Request(mode='automatic')
[drive_hardware-6] [INFO] [1740504633.578796020] [drone_home1.drive_hardware]: Drive mode now: automatic
[drive_hardware-6] [INFO] [1740504634.380159066] [drone_home1.drive_hardware]: Service request to change drive mode custom_messages.srv.SetMode_Request(mode='manual')
[drive_hardware-6] [INFO] [1740504634.381677990] [drone_home1.drive_hardware]: Drive mode now: manual
[drive_hardware-6] [INFO] [1740504635.225392919] [drone_home1.drive_hardware]: Service request to change drive mode custom_messages.srv.SetMode_Request(mode='automatic')
[drive_hardware-6] [INFO] [1740504635.226390836] [drone_home1.drive_hardware]: Drive mode now: automatic
[drive_hardware-6] [INFO] [1740504635.875839563] [drone_home1.drive_hardware]: Service request to change drive mode custom_messages.srv.SetMode_Request(mode='manual')
[drive_hardware-6] [INFO] [1740504635.877235283] [drone_home1.drive_hardware]: Drive mode now: manual
[controller-2] [INFO] [1740504691.487683144] [drone_home1.controller]: Service request to change coordinate custom_messages.srv.SetCoordinate_Request(new_coordinate=sensor_msgs.msg.NavSatFix(header=std_msgs.msg.Header(stamp=builtin_interfaces.msg.Time(sec=0, nanosec=0), frame_id=''), status=sensor_msgs.msg.NavSatStatus(status=0, service=0), latitude=29.6377, longitude=-83.3677, altitude=0.0, position_covariance=array([0., 0., 0., 0., 0., 0., 0., 0., 0.]), position_covariance_type=0))
[controller-2] [INFO] [1740504691.489348632] [drone_home1.controller]: Waypoints now: [(29.6377, -83.3677)]
[drive_hardware-6] [INFO] [1740504691.614208887] [drone_home1.drive_hardware]: Service request to change drive mode custom_messages.srv.SetMode_Request(mode='manual')
[drive_hardware-6] [INFO] [1740504691.615884488] [drone_home1.drive_hardware]: Drive mode now: manual
[controller-2] [INFO] [1740505006.339848928] [drone_home1.controller]: Service request to change coordinate custom_messages.srv.SetCoordinate_Request(new_coordinate=sensor_msgs.msg.NavSatFix(header=std_msgs.msg.Header(stamp=builtin_interfaces.msg.Time(sec=0, nanosec=0), frame_id=''), status=sensor_msgs.msg.NavSatStatus(status=0, service=0), latitude=29.6377, longitude=-83.3677, altitude=0.0, position_covariance=array([0., 0., 0., 0., 0., 0., 0., 0., 0.]), position_covariance_type=0))
[controller-2] [INFO] [1740505006.342192996] [drone_home1.controller]: Waypoints now: [(29.6377, -83.3677)]
[drive_hardware-6] [INFO] [1740505006.464475063] [drone_home1.drive_hardware]: Service request to change drive mode custom_messages.srv.SetMode_Request(mode='manual')
[drive_hardware-6] [INFO] [1740505006.465371793] [drone_home1.drive_hardware]: Drive mode now: manual
[controller-2] [INFO] [1740505066.492454922] [drone_home1.controller]: Service request to change coordinate custom_messages.srv.SetCoordinate_Request(new_coordinate=sensor_msgs.msg.NavSatFix(header=std_msgs.msg.Header(stamp=builtin_interfaces.msg.Time(sec=0, nanosec=0), frame_id=''), status=sensor_msgs.msg.NavSatStatus(status=0, service=0), latitude=29.6377, longitude=-83.3677, altitude=0.0, position_covariance=array([0., 0., 0., 0., 0., 0., 0., 0., 0.]), position_covariance_type=0))
[controller-2] [INFO] [1740505066.495102550] [drone_home1.controller]: Waypoints now: [(29.6377, -83.3677)]
[drive_hardware-6] [INFO] [1740505066.501963357] [drone_home1.drive_hardware]: Service request to change drive mode custom_messages.srv.SetMode_Request(mode='manual')
[drive_hardware-6] [INFO] [1740505066.503596268] [drone_home1.drive_hardware]: Drive mode now: manual
[controller-2] [INFO] [1740505168.314405949] [drone_home1.controller]: Service request to change coordinate custom_messages.srv.SetCoordinate_Request(new_coordinate=sensor_msgs.msg.NavSatFix(header=std_msgs.msg.Header(stamp=builtin_interfaces.msg.Time(sec=0, nanosec=0), frame_id=''), status=sensor_msgs.msg.NavSatStatus(status=0, service=0), latitude=29.6377, longitude=-83.3677, altitude=0.0, position_covariance=array([0., 0., 0., 0., 0., 0., 0., 0., 0.]), position_covariance_type=0))
[controller-2] [INFO] [1740505168.315707075] [drone_home1.controller]: Waypoints now: [(29.6377, -83.3677)]
[drive_hardware-6] [INFO] [1740505168.321346150] [drone_home1.drive_hardware]: Service request to change drive mode custom_messages.srv.SetMode_Request(mode='manual')
[drive_hardware-6] [INFO] [1740505168.322224928] [drone_home1.drive_hardware]: Drive mode now: manual
[controller-2] [INFO] [1740505188.689798477] [drone_home1.controller]: Service request to change coordinate custom_messages.srv.SetCoordinate_Request(new_coordinate=sensor_msgs.msg.NavSatFix(header=std_msgs.msg.Header(stamp=builtin_interfaces.msg.Time(sec=0, nanosec=0), frame_id=''), status=sensor_msgs.msg.NavSatStatus(status=0, service=0), latitude=29.63778, longitude=-83.36778, altitude=0.0, position_covariance=array([0., 0., 0., 0., 0., 0., 0., 0., 0.]), position_covariance_type=0))
[controller-2] [INFO] [1740505188.691136980] [drone_home1.controller]: Waypoints now: [(29.63778, -83.36778)]
[drive_hardware-6] [INFO] [1740505192.479422181] [drone_home1.drive_hardware]: Service request to change drive mode custom_messages.srv.SetMode_Request(mode='automatic')
[drive_hardware-6] [INFO] [1740505192.480281214] [drone_home1.drive_hardware]: Drive mode now: automatic
[controller-2] [INFO] [1740505204.290152252] [drone_home1.controller]: Service request to change coordinate custom_messages.srv.SetCoordinate_Request(new_coordinate=sensor_msgs.msg.NavSatFix(header=std_msgs.msg.Header(stamp=builtin_interfaces.msg.Time(sec=0, nanosec=0), frame_id=''), status=sensor_msgs.msg.NavSatStatus(status=0, service=0), latitude=29.63778, longitude=-83.36778, altitude=0.0, position_covariance=array([0., 0., 0., 0., 0., 0., 0., 0., 0.]), position_covariance_type=0))
[controller-2] [INFO] [1740505204.291889391] [drone_home1.controller]: Waypoints now: [(29.63778, -83.36778)]
[drive_hardware-6] [INFO] [1740505204.298637650] [drone_home1.drive_hardware]: Service request to change drive mode custom_messages.srv.SetMode_Request(mode='automatic')
[drive_hardware-6] [INFO] [1740505204.300247168] [drone_home1.drive_hardware]: Drive mode now: automatic
[drive_hardware-6] [INFO] [1740505209.616288894] [drone_home1.drive_hardware]: Service request to change drive mode custom_messages.srv.SetMode_Request(mode='manual')
[drive_hardware-6] [INFO] [1740505209.617913261] [drone_home1.drive_hardware]: Drive mode now: manual
[drive_hardware-6] [INFO] [1740505210.267362837] [drone_home1.drive_hardware]: Service request to change drive mode custom_messages.srv.SetMode_Request(mode='automatic')
[drive_hardware-6] [INFO] [1740505210.268844000] [drone_home1.drive_hardware]: Drive mode now: automatic
[drive_hardware-6] [INFO] [1740505210.738175373] [drone_home1.drive_hardware]: Service request to change drive mode custom_messages.srv.SetMode_Request(mode='manual')
[drive_hardware-6] [INFO] [1740505210.739113704] [drone_home1.drive_hardware]: Drive mode now: manual
[drive_hardware-6] [INFO] [1740505211.217130863] [drone_home1.drive_hardware]: Service request to change drive mode custom_messages.srv.SetMode_Request(mode='automatic')
[drive_hardware-6] [INFO] [1740505211.218184270] [drone_home1.drive_hardware]: Drive mode now: automatic
[drive_hardware-6] [INFO] [1740505211.761668860] [drone_home1.drive_hardware]: Service request to change drive mode custom_messages.srv.SetMode_Request(mode='manual')
[drive_hardware-6] [INFO] [1740505211.762606935] [drone_home1.drive_hardware]: Drive mode now: manual
[controller-2] [INFO] [1740505261.492945169] [drone_home1.controller]: Service request to change coordinate custom_messages.srv.SetCoordinate_Request(new_coordinate=sensor_msgs.msg.NavSatFix(header=std_msgs.msg.Header(stamp=builtin_interfaces.msg.Time(sec=0, nanosec=0), frame_id=''), status=sensor_msgs.msg.NavSatStatus(status=0, service=0), latitude=29.63778, longitude=-83.36778, altitude=0.0, position_covariance=array([0., 0., 0., 0., 0., 0., 0., 0., 0.]), position_covariance_type=0))
[controller-2] [INFO] [1740505261.494613633] [drone_home1.controller]: Waypoints now: [(29.63778, -83.36778)]
[drive_hardware-6] [INFO] [1740505266.496237712] [drone_home1.drive_hardware]: Service request to change drive mode custom_messages.srv.SetMode_Request(mode='manual')
[drive_hardware-6] [INFO] [1740505266.497656409] [drone_home1.drive_hardware]: Drive mode now: manual
[controller-2] [INFO] [1740505330.590693284] [drone_home1.controller]: Service request to change coordinate custom_messages.srv.SetCoordinate_Request(new_coordinate=sensor_msgs.msg.NavSatFix(header=std_msgs.msg.Header(stamp=builtin_interfaces.msg.Time(sec=0, nanosec=0), frame_id=''), status=sensor_msgs.msg.NavSatStatus(status=0, service=0), latitude=29.63778, longitude=-83.36778, altitude=0.0, position_covariance=array([0., 0., 0., 0., 0., 0., 0., 0., 0.]), position_covariance_type=0))
[controller-2] [INFO] [1740505330.592442551] [drone_home1.controller]: Waypoints now: [(29.63778, -83.36778)]
[drive_hardware-6] [INFO] [1740505330.716822981] [drone_home1.drive_hardware]: Service request to change drive mode custom_messages.srv.SetMode_Request(mode='manual')
[drive_hardware-6] [INFO] [1740505330.718386355] [drone_home1.drive_hardware]: Drive mode now: manual
[controller-2] [INFO] [1740505393.555153724] [drone_home1.controller]: Service request to change coordinate custom_messages.srv.SetCoordinate_Request(new_coordinate=sensor_msgs.msg.NavSatFix(header=std_msgs.msg.Header(stamp=builtin_interfaces.msg.Time(sec=0, nanosec=0), frame_id=''), status=sensor_msgs.msg.NavSatStatus(status=0, service=0), latitude=29.63778, longitude=-83.36778, altitude=0.0, position_covariance=array([0., 0., 0., 0., 0., 0., 0., 0., 0.]), position_covariance_type=0))
[controller-2] [INFO] [1740505393.556879630] [drone_home1.controller]: Waypoints now: [(29.63778, -83.36778)]
[drive_hardware-6] [INFO] [1740505393.673305239] [drone_home1.drive_hardware]: Service request to change drive mode custom_messages.srv.SetMode_Request(mode='manual')
[drive_hardware-6] [INFO] [1740505393.675269040] [drone_home1.drive_hardware]: Drive mode now: manual
[controller-2] [INFO] [1740506365.472256353] [drone_home1.controller]: Service request to change coordinate custom_messages.srv.SetCoordinate_Request(new_coordinate=sensor_msgs.msg.NavSatFix(header=std_msgs.msg.Header(stamp=builtin_interfaces.msg.Time(sec=0, nanosec=0), frame_id=''), status=sensor_msgs.msg.NavSatStatus(status=0, service=0), latitude=29.63778, longitude=-83.36778, altitude=0.0, position_covariance=array([0., 0., 0., 0., 0., 0., 0., 0., 0.]), position_covariance_type=0))
[controller-2] [INFO] [1740506365.474098094] [drone_home1.controller]: Waypoints now: [(29.63778, -83.36778)]
[drive_hardware-6] [INFO] [1740506365.598422832] [drone_home1.drive_hardware]: Service request to change drive mode custom_messages.srv.SetMode_Request(mode='manual')
[drive_hardware-6] [INFO] [1740506365.599939823] [drone_home1.drive_hardware]: Drive mode now: manual
[drive_hardware-6] [INFO] [1740506481.151387111] [drone_home1.drive_hardware]: Service request to change drive mode custom_messages.srv.SetMode_Request(mode='automatic')
[drive_hardware-6] [INFO] [1740506481.152356557] [drone_home1.drive_hardware]: Drive mode now: automatic
[drive_hardware-6] [INFO] [1740506481.788460928] [drone_home1.drive_hardware]: Service request to change drive mode custom_messages.srv.SetMode_Request(mode='manual')
[drive_hardware-6] [INFO] [1740506481.789524970] [drone_home1.drive_hardware]: Drive mode now: manual
[drive_hardware-6] [INFO] [1740506490.220763859] [drone_home1.drive_hardware]: Service request to change drive mode custom_messages.srv.SetMode_Request(mode='automatic')
[drive_hardware-6] [INFO] [1740506490.221722168] [drone_home1.drive_hardware]: Drive mode now: automatic
[drive_hardware-6] [INFO] [1740506538.674677819] [drone_home1.drive_hardware]: Service request to change drive mode custom_messages.srv.SetMode_Request(mode='manual')
[drive_hardware-6] [INFO] [1740506538.676428927] [drone_home1.drive_hardware]: Drive mode now: manual
[drive_hardware-6] [INFO] [1740506539.135980669] [drone_home1.drive_hardware]: Service request to change drive mode custom_messages.srv.SetMode_Request(mode='automatic')
[drive_hardware-6] [INFO] [1740506539.137051270] [drone_home1.drive_hardware]: Drive mode now: automatic
[drive_hardware-6] [INFO] [1740506539.574245440] [drone_home1.drive_hardware]: Service request to change drive mode custom_messages.srv.SetMode_Request(mode='manual')
[drive_hardware-6] [INFO] [1740506539.575184580] [drone_home1.drive_hardware]: Drive mode now: manual
[drive_hardware-6] [INFO] [1740506540.021227859] [drone_home1.drive_hardware]: Service request to change drive mode custom_messages.srv.SetMode_Request(mode='automatic')
[drive_hardware-6] [INFO] [1740506540.022196569] [drone_home1.drive_hardware]: Drive mode now: automatic
[drive_hardware-6] [INFO] [1740506542.847653871] [drone_home1.drive_hardware]: Service request to change drive mode custom_messages.srv.SetMode_Request(mode='manual')
[drive_hardware-6] [INFO] [1740506542.848732920] [drone_home1.drive_hardware]: Drive mode now: manual
[drive_hardware-6] [INFO] [1740506543.701376215] [drone_home1.drive_hardware]: Service request to change drive mode custom_messages.srv.SetMode_Request(mode='automatic')
[drive_hardware-6] [INFO] [1740506543.702277146] [drone_home1.drive_hardware]: Drive mode now: automatic
[drive_hardware-6] [INFO] [1740506593.135766555] [drone_home1.drive_hardware]: Service request to change drive mode custom_messages.srv.SetMode_Request(mode='manual')
[drive_hardware-6] [INFO] [1740506593.137183505] [drone_home1.drive_hardware]: Drive mode now: manual
[drive_hardware-6] [INFO] [1740506594.310040055] [drone_home1.drive_hardware]: Service request to change drive mode custom_messages.srv.SetMode_Request(mode='automatic')
[drive_hardware-6] [INFO] [1740506594.310899128] [drone_home1.drive_hardware]: Drive mode now: automatic
[drive_hardware-6] [INFO] [1740506594.661217596] [drone_home1.drive_hardware]: Service request to change drive mode custom_messages.srv.SetMode_Request(mode='manual')
[drive_hardware-6] [INFO] [1740506594.662147455] [drone_home1.drive_hardware]: Drive mode now: manual
[controller-2] [INFO] [1740506683.682868612] [drone_home1.controller]: Service request to change coordinate custom_messages.srv.SetCoordinate_Request(new_coordinate=sensor_msgs.msg.NavSatFix(header=std_msgs.msg.Header(stamp=builtin_interfaces.msg.Time(sec=0, nanosec=0), frame_id=''), status=sensor_msgs.msg.NavSatStatus(status=0, service=0), latitude=29.63778, longitude=-83.36778, altitude=0.0, position_covariance=array([0., 0., 0., 0., 0., 0., 0., 0., 0.]), position_covariance_type=0))
[controller-2] [INFO] [1740506683.684478463] [drone_home1.controller]: Waypoints now: [(29.63778, -83.36778)]
[drive_hardware-6] [INFO] [1740506683.812967431] [drone_home1.drive_hardware]: Service request to change drive mode custom_messages.srv.SetMode_Request(mode='manual')
[drive_hardware-6] [INFO] [1740506683.813835271] [drone_home1.drive_hardware]: Drive mode now: manual
[controller-2] [INFO] [1740506776.466892570] [drone_home1.controller]: Service request to change coordinate custom_messages.srv.SetCoordinate_Request(new_coordinate=sensor_msgs.msg.NavSatFix(header=std_msgs.msg.Header(stamp=builtin_interfaces.msg.Time(sec=0, nanosec=0), frame_id=''), status=sensor_msgs.msg.NavSatStatus(status=0, service=0), latitude=29.63778, longitude=-83.36778, altitude=0.0, position_covariance=array([0., 0., 0., 0., 0., 0., 0., 0., 0.]), position_covariance_type=0))
[controller-2] [INFO] [1740506776.468535510] [drone_home1.controller]: Waypoints now: [(29.63778, -83.36778)]
[drive_hardware-6] [INFO] [1740506776.588471769] [drone_home1.drive_hardware]: Service request to change drive mode custom_messages.srv.SetMode_Request(mode='manual')
[drive_hardware-6] [INFO] [1740506776.589404314] [drone_home1.drive_hardware]: Drive mode now: manual
[controller-2] [INFO] [1740506890.274619349] [drone_home1.controller]: Service request to change coordinate custom_messages.srv.SetCoordinate_Request(new_coordinate=sensor_msgs.msg.NavSatFix(header=std_msgs.msg.Header(stamp=builtin_interfaces.msg.Time(sec=0, nanosec=0), frame_id=''), status=sensor_msgs.msg.NavSatStatus(status=0, service=0), latitude=29.63778, longitude=-83.36778, altitude=0.0, position_covariance=array([0., 0., 0., 0., 0., 0., 0., 0., 0.]), position_covariance_type=0))
[controller-2] [INFO] [1740506890.276643356] [drone_home1.controller]: Waypoints now: [(29.63778, -83.36778)]
[drive_hardware-6] [INFO] [1740506890.406643192] [drone_home1.drive_hardware]: Service request to change drive mode custom_messages.srv.SetMode_Request(mode='manual')
[drive_hardware-6] [INFO] [1740506890.408542267] [drone_home1.drive_hardware]: Drive mode now: manual
[controller-2] [INFO] [1740507112.415591426] [drone_home1.controller]: Service request to change coordinate custom_messages.srv.SetCoordinate_Request(new_coordinate=sensor_msgs.msg.NavSatFix(header=std_msgs.msg.Header(stamp=builtin_interfaces.msg.Time(sec=0, nanosec=0), frame_id=''), status=sensor_msgs.msg.NavSatStatus(status=0, service=0), latitude=29.63778, longitude=-83.36778, altitude=0.0, position_covariance=array([0., 0., 0., 0., 0., 0., 0., 0., 0.]), position_covariance_type=0))
[controller-2] [INFO] [1740507112.417671049] [drone_home1.controller]: Waypoints now: [(29.63778, -83.36778)]
[drive_hardware-6] [INFO] [1740507112.545363830] [drone_home1.drive_hardware]: Service request to change drive mode custom_messages.srv.SetMode_Request(mode='manual')
[drive_hardware-6] [INFO] [1740507112.546212434] [drone_home1.drive_hardware]: Drive mode now: manual
[controller-2] [INFO] [1740507118.137558822] [drone_home1.controller]: Service request to change coordinate custom_messages.srv.SetCoordinate_Request(new_coordinate=sensor_msgs.msg.NavSatFix(header=std_msgs.msg.Header(stamp=builtin_interfaces.msg.Time(sec=0, nanosec=0), frame_id=''), status=sensor_msgs.msg.NavSatStatus(status=0, service=0), latitude=29.63778, longitude=-83.36778, altitude=0.0, position_covariance=array([0., 0., 0., 0., 0., 0., 0., 0., 0.]), position_covariance_type=0))
[controller-2] [INFO] [1740507118.138744846] [drone_home1.controller]: Waypoints now: [(29.63778, -83.36778)]
[drive_hardware-6] [INFO] [1740507118.246833535] [drone_home1.drive_hardware]: Service request to change drive mode custom_messages.srv.SetMode_Request(mode='manual')
[drive_hardware-6] [INFO] [1740507118.247928548] [drone_home1.drive_hardware]: Drive mode now: manual
[controller-2] [INFO] [1740508810.749468226] [drone_home1.controller]: Service request to change coordinate custom_messages.srv.SetCoordinate_Request(new_coordinate=sensor_msgs.msg.NavSatFix(header=std_msgs.msg.Header(stamp=builtin_interfaces.msg.Time(sec=0, nanosec=0), frame_id=''), status=sensor_msgs.msg.NavSatStatus(status=0, service=0), latitude=29.63778, longitude=-83.36778, altitude=0.0, position_covariance=array([0., 0., 0., 0., 0., 0., 0., 0., 0.]), position_covariance_type=0))
[controller-2] [INFO] [1740508810.751217786] [drone_home1.controller]: Waypoints now: [(29.63778, -83.36778)]
[drive_hardware-6] [INFO] [1740508810.863365889] [drone_home1.drive_hardware]: Service request to change drive mode custom_messages.srv.SetMode_Request(mode='manual')
[drive_hardware-6] [INFO] [1740508810.864563975] [drone_home1.drive_hardware]: Drive mode now: manual
[controller-2] [INFO] [1740509518.829024083] [drone_home1.controller]: Service request to change coordinate custom_messages.srv.SetCoordinate_Request(new_coordinate=sensor_msgs.msg.NavSatFix(header=std_msgs.msg.Header(stamp=builtin_interfaces.msg.Time(sec=0, nanosec=0), frame_id=''), status=sensor_msgs.msg.NavSatStatus(status=0, service=0), latitude=29.63778, longitude=-83.36778, altitude=0.0, position_covariance=array([0., 0., 0., 0., 0., 0., 0., 0., 0.]), position_covariance_type=0))
[controller-2] [INFO] [1740509518.830028147] [drone_home1.controller]: Waypoints now: [(29.63778, -83.36778)]
[drive_hardware-6] [INFO] [1740509518.938410236] [drone_home1.drive_hardware]: Service request to change drive mode custom_messages.srv.SetMode_Request(mode='manual')
[drive_hardware-6] [INFO] [1740509518.940037936] [drone_home1.drive_hardware]: Drive mode now: manual
[controller-2] [INFO] [1740509524.759277371] [drone_home1.controller]: Service request to change coordinate custom_messages.srv.SetCoordinate_Request(new_coordinate=sensor_msgs.msg.NavSatFix(header=std_msgs.msg.Header(stamp=builtin_interfaces.msg.Time(sec=0, nanosec=0), frame_id=''), status=sensor_msgs.msg.NavSatStatus(status=0, service=0), latitude=29.63778, longitude=-83.36778, altitude=0.0, position_covariance=array([0., 0., 0., 0., 0., 0., 0., 0., 0.]), position_covariance_type=0))
[controller-2] [INFO] [1740509524.760267226] [drone_home1.controller]: Waypoints now: [(29.63778, -83.36778)]
[drive_hardware-6] [INFO] [1740509524.872092336] [drone_home1.drive_hardware]: Service request to change drive mode custom_messages.srv.SetMode_Request(mode='manual')
[drive_hardware-6] [INFO] [1740509524.873136113] [drone_home1.drive_hardware]: Drive mode now: manual
[drive_hardware-6] [INFO] [1740509691.519106392] [drone_home1.drive_hardware]: Service request to change drive mode custom_messages.srv.SetMode_Request(mode='automatic')
[drive_hardware-6] [INFO] [1740509691.520072087] [drone_home1.drive_hardware]: Drive mode now: automatic
[drive_hardware-6] [INFO] [1740509692.230009675] [drone_home1.drive_hardware]: Service request to change drive mode custom_messages.srv.SetMode_Request(mode='manual')
[drive_hardware-6] [INFO] [1740509692.231654559] [drone_home1.drive_hardware]: Drive mode now: manual
[drive_hardware-6] [INFO] [1740509692.670824820] [drone_home1.drive_hardware]: Service request to change drive mode custom_messages.srv.SetMode_Request(mode='automatic')
[drive_hardware-6] [INFO] [1740509692.672979544] [drone_home1.drive_hardware]: Drive mode now: automatic
[controller-2] [INFO] [1740509968.569596583] [drone_home1.controller]: Service request to change coordinate custom_messages.srv.SetCoordinate_Request(new_coordinate=sensor_msgs.msg.NavSatFix(header=std_msgs.msg.Header(stamp=builtin_interfaces.msg.Time(sec=0, nanosec=0), frame_id=''), status=sensor_msgs.msg.NavSatStatus(status=0, service=0), latitude=29.63778, longitude=-83.36778, altitude=0.0, position_covariance=array([0., 0., 0., 0., 0., 0., 0., 0., 0.]), position_covariance_type=0))
[controller-2] [INFO] [1740509968.571229339] [drone_home1.controller]: Waypoints now: [(29.63778, -83.36778)]
[drive_hardware-6] [INFO] [1740509968.698309683] [drone_home1.drive_hardware]: Service request to change drive mode custom_messages.srv.SetMode_Request(mode='automatic')
[drive_hardware-6] [INFO] [1740509968.699187982] [drone_home1.drive_hardware]: Drive mode now: automatic
[drive_hardware-6] [INFO] [1740510787.884217231] [drone_home1.drive_hardware]: Service request to change drive mode custom_messages.srv.SetMode_Request(mode='manual')
[drive_hardware-6] [INFO] [1740510787.885604044] [drone_home1.drive_hardware]: Drive mode now: manual
[drive_hardware-6] [INFO] [1740510788.457958780] [drone_home1.drive_hardware]: Service request to change drive mode custom_messages.srv.SetMode_Request(mode='automatic')
[drive_hardware-6] [INFO] [1740510788.458865220] [drone_home1.drive_hardware]: Drive mode now: automatic
[drive_hardware-6] [INFO] [1740510789.194276781] [drone_home1.drive_hardware]: Service request to change drive mode custom_messages.srv.SetMode_Request(mode='manual')
[drive_hardware-6] [INFO] [1740510789.195119475] [drone_home1.drive_hardware]: Drive mode now: manual
[drive_hardware-6] [INFO] [1740510789.556683556] [drone_home1.drive_hardware]: Service request to change drive mode custom_messages.srv.SetMode_Request(mode='automatic')
[drive_hardware-6] [INFO] [1740510789.557653199] [drone_home1.drive_hardware]: Drive mode now: automatic
[drive_hardware-6] [INFO] [1740511180.697286206] [drone_home1.drive_hardware]: Service request to change drive mode custom_messages.srv.SetMode_Request(mode='manual')
[drive_hardware-6] [INFO] [1740511180.698383754] [drone_home1.drive_hardware]: Drive mode now: manual
[drive_hardware-6] [INFO] [1740511180.718345003] [drone_home1.drive_hardware]: Service request to change drive mode custom_messages.srv.SetMode_Request(mode='automatic')
[drive_hardware-6] [INFO] [1740511180.722228678] [drone_home1.drive_hardware]: Drive mode now: automatic
[controller-2] [INFO] [1740513127.717567674] [drone_home1.controller]: Service request to change coordinate custom_messages.srv.SetCoordinate_Request(new_coordinate=sensor_msgs.msg.NavSatFix(header=std_msgs.msg.Header(stamp=builtin_interfaces.msg.Time(sec=0, nanosec=0), frame_id=''), status=sensor_msgs.msg.NavSatStatus(status=0, service=0), latitude=29.63778, longitude=-83.36778, altitude=0.0, position_covariance=array([0., 0., 0., 0., 0., 0., 0., 0., 0.]), position_covariance_type=0))
[controller-2] [INFO] [1740513127.719794635] [drone_home1.controller]: Waypoints now: [(29.63778, -83.36778)]
[drive_hardware-6] [INFO] [1740513127.848777284] [drone_home1.drive_hardware]: Service request to change drive mode custom_messages.srv.SetMode_Request(mode='automatic')
[drive_hardware-6] [INFO] [1740513127.850403808] [drone_home1.drive_hardware]: Drive mode now: automatic
[drive_hardware-6] [INFO] [1740513147.809410029] [drone_home1.drive_hardware]: Service request to change drive mode custom_messages.srv.SetMode_Request(mode='manual')
[drive_hardware-6] [INFO] [1740513147.810360688] [drone_home1.drive_hardware]: Drive mode now: manual
[controller-2] [INFO] [1740513162.366504433] [drone_home1.controller]: Service request to change coordinate custom_messages.srv.SetCoordinate_Request(new_coordinate=sensor_msgs.msg.NavSatFix(header=std_msgs.msg.Header(stamp=builtin_interfaces.msg.Time(sec=0, nanosec=0), frame_id=''), status=sensor_msgs.msg.NavSatStatus(status=0, service=0), latitude=29.63778, longitude=-83.36778, altitude=0.0, position_covariance=array([0., 0., 0., 0., 0., 0., 0., 0., 0.]), position_covariance_type=0))
[controller-2] [INFO] [1740513162.368940010] [drone_home1.controller]: Waypoints now: [(29.63778, -83.36778)]
[drive_hardware-6] [INFO] [1740513162.476809476] [drone_home1.drive_hardware]: Service request to change drive mode custom_messages.srv.SetMode_Request(mode='manual')
[drive_hardware-6] [INFO] [1740513162.477921772] [drone_home1.drive_hardware]: Drive mode now: manual
[controller-2] [INFO] [1740513649.608924875] [drone_home1.controller]: Service request to change coordinate custom_messages.srv.SetCoordinate_Request(new_coordinate=sensor_msgs.msg.NavSatFix(header=std_msgs.msg.Header(stamp=builtin_interfaces.msg.Time(sec=0, nanosec=0), frame_id=''), status=sensor_msgs.msg.NavSatStatus(status=0, service=0), latitude=29.63778, longitude=-83.36778, altitude=0.0, position_covariance=array([0., 0., 0., 0., 0., 0., 0., 0., 0.]), position_covariance_type=0))
[controller-2] [INFO] [1740513649.610637289] [drone_home1.controller]: Waypoints now: [(29.63778, -83.36778)]
[drive_hardware-6] [INFO] [1740513649.739052150] [drone_home1.drive_hardware]: Service request to change drive mode custom_messages.srv.SetMode_Request(mode='manual')
[drive_hardware-6] [INFO] [1740513649.739926646] [drone_home1.drive_hardware]: Drive mode now: manual
[controller-2] [INFO] [1740513868.593186190] [drone_home1.controller]: Service request to change coordinate custom_messages.srv.SetCoordinate_Request(new_coordinate=sensor_msgs.msg.NavSatFix(header=std_msgs.msg.Header(stamp=builtin_interfaces.msg.Time(sec=0, nanosec=0), frame_id=''), status=sensor_msgs.msg.NavSatStatus(status=0, service=0), latitude=29.63778, longitude=-83.36778, altitude=0.0, position_covariance=array([0., 0., 0., 0., 0., 0., 0., 0., 0.]), position_covariance_type=0))
[controller-2] [INFO] [1740513868.594807369] [drone_home1.controller]: Waypoints now: [(29.63778, -83.36778)]
[drive_hardware-6] [INFO] [1740513868.723783277] [drone_home1.drive_hardware]: Service request to change drive mode custom_messages.srv.SetMode_Request(mode='manual')
[drive_hardware-6] [INFO] [1740513868.724644652] [drone_home1.drive_hardware]: Drive mode now: manual
[drive_hardware-6] [INFO] [1740513873.550760571] [drone_home1.drive_hardware]: Service request to change drive mode custom_messages.srv.SetMode_Request(mode='automatic')
[drive_hardware-6] [INFO] [1740513873.551652156] [drone_home1.drive_hardware]: Drive mode now: automatic
[controller-2] [INFO] [1740513886.717054814] [drone_home1.controller]: Service request to change coordinate custom_messages.srv.SetCoordinate_Request(new_coordinate=sensor_msgs.msg.NavSatFix(header=std_msgs.msg.Header(stamp=builtin_interfaces.msg.Time(sec=0, nanosec=0), frame_id=''), status=sensor_msgs.msg.NavSatStatus(status=0, service=0), latitude=29.63778, longitude=-83.36778, altitude=0.0, position_covariance=array([0., 0., 0., 0., 0., 0., 0., 0., 0.]), position_covariance_type=0))
[controller-2] [INFO] [1740513886.720472987] [drone_home1.controller]: Waypoints now: [(29.63778, -83.36778)]
[drive_hardware-6] [INFO] [1740513886.838959231] [drone_home1.drive_hardware]: Service request to change drive mode custom_messages.srv.SetMode_Request(mode='automatic')
[drive_hardware-6] [INFO] [1740513886.839929539] [drone_home1.drive_hardware]: Drive mode now: automatic
[drive_hardware-6] [INFO] [1740513897.434158839] [drone_home1.drive_hardware]: Service request to change drive mode custom_messages.srv.SetMode_Request(mode='automatic')
[drive_hardware-6] [INFO] [1740513897.435075705] [drone_home1.drive_hardware]: Drive mode now: automatic
[drive_hardware-6] [INFO] [1740513900.681105734] [drone_home1.drive_hardware]: Service request to change drive mode custom_messages.srv.SetMode_Request(mode='automatic')
[drive_hardware-6] [INFO] [1740513900.682265040] [drone_home1.drive_hardware]: Drive mode now: automatic
[drive_hardware-6] [INFO] [1740513903.648858695] [drone_home1.drive_hardware]: Service request to change drive mode custom_messages.srv.SetMode_Request(mode='automatic')
[drive_hardware-6] [INFO] [1740513903.651017173] [drone_home1.drive_hardware]: Drive mode now: automatic
[drive_hardware-6] [INFO] [1740513907.418086733] [drone_home1.drive_hardware]: Service request to change drive mode custom_messages.srv.SetMode_Request(mode='automatic')
[drive_hardware-6] [INFO] [1740513907.419006383] [drone_home1.drive_hardware]: Drive mode now: automatic
[drive_hardware-6] [INFO] [1740513914.224570367] [drone_home1.drive_hardware]: Service request to change drive mode custom_messages.srv.SetMode_Request(mode='automatic')
[drive_hardware-6] [INFO] [1740513914.225654630] [drone_home1.drive_hardware]: Drive mode now: automatic
[drive_hardware-6] [INFO] [1740513917.082110090] [drone_home1.drive_hardware]: Service request to change drive mode custom_messages.srv.SetMode_Request(mode='automatic')
[drive_hardware-6] [INFO] [1740513917.083219283] [drone_home1.drive_hardware]: Drive mode now: automatic
[drive_hardware-6] [INFO] [1740513920.012295378] [drone_home1.drive_hardware]: Service request to change drive mode custom_messages.srv.SetMode_Request(mode='automatic')
[drive_hardware-6] [INFO] [1740513920.014166518] [drone_home1.drive_hardware]: Drive mode now: automatic
[controller-2] [INFO] [1740514150.666745012] [drone_home1.controller]: Service request to change coordinate custom_messages.srv.SetCoordinate_Request(new_coordinate=sensor_msgs.msg.NavSatFix(header=std_msgs.msg.Header(stamp=builtin_interfaces.msg.Time(sec=0, nanosec=0), frame_id=''), status=sensor_msgs.msg.NavSatStatus(status=0, service=0), latitude=29.63778, longitude=-83.36778, altitude=0.0, position_covariance=array([0., 0., 0., 0., 0., 0., 0., 0., 0.]), position_covariance_type=0))
[controller-2] [INFO] [1740514150.668415042] [drone_home1.controller]: Waypoints now: [(29.63778, -83.36778)]
[drive_hardware-6] [INFO] [1740514150.801473239] [drone_home1.drive_hardware]: Service request to change drive mode custom_messages.srv.SetMode_Request(mode='automatic')
[drive_hardware-6] [INFO] [1740514150.802371119] [drone_home1.drive_hardware]: Drive mode now: automatic
[drive_hardware-6] [INFO] [1740514180.305955344] [drone_home1.drive_hardware]: Service request to change drive mode custom_messages.srv.SetMode_Request(mode='automatic')
[drive_hardware-6] [INFO] [1740514180.307127056] [drone_home1.drive_hardware]: Drive mode now: automatic
[drive_hardware-6] [INFO] [1740514182.320473887] [drone_home1.drive_hardware]: Service request to change drive mode custom_messages.srv.SetMode_Request(mode='automatic')
[drive_hardware-6] [INFO] [1740514182.322254928] [drone_home1.drive_hardware]: Drive mode now: automatic
[drive_hardware-6] [INFO] [1740514184.390086367] [drone_home1.drive_hardware]: Service request to change drive mode custom_messages.srv.SetMode_Request(mode='automatic')
[drive_hardware-6] [INFO] [1740514184.391088539] [drone_home1.drive_hardware]: Drive mode now: automatic
[controller-2] [INFO] [1740514372.980883350] [drone_home1.controller]: Service request to change coordinate custom_messages.srv.SetCoordinate_Request(new_coordinate=sensor_msgs.msg.NavSatFix(header=std_msgs.msg.Header(stamp=builtin_interfaces.msg.Time(sec=0, nanosec=0), frame_id=''), status=sensor_msgs.msg.NavSatStatus(status=0, service=0), latitude=29.63778, longitude=-83.36778, altitude=0.0, position_covariance=array([0., 0., 0., 0., 0., 0., 0., 0., 0.]), position_covariance_type=0))
[controller-2] [INFO] [1740514372.982492998] [drone_home1.controller]: Waypoints now: [(29.63778, -83.36778)]
[drive_hardware-6] [INFO] [1740514373.102307383] [drone_home1.drive_hardware]: Service request to change drive mode custom_messages.srv.SetMode_Request(mode='automatic')
[drive_hardware-6] [INFO] [1740514373.103143696] [drone_home1.drive_hardware]: Drive mode now: automatic
[controller-2] [INFO] [1740514439.957902715] [drone_home1.controller]: Service request to change coordinate custom_messages.srv.SetCoordinate_Request(new_coordinate=sensor_msgs.msg.NavSatFix(header=std_msgs.msg.Header(stamp=builtin_interfaces.msg.Time(sec=0, nanosec=0), frame_id=''), status=sensor_msgs.msg.NavSatStatus(status=0, service=0), latitude=29.63778, longitude=-83.36778, altitude=0.0, position_covariance=array([0., 0., 0., 0., 0., 0., 0., 0., 0.]), position_covariance_type=0))
[controller-2] [INFO] [1740514439.959583311] [drone_home1.controller]: Waypoints now: [(29.63778, -83.36778)]
[drive_hardware-6] [INFO] [1740514440.078927649] [drone_home1.drive_hardware]: Service request to change drive mode custom_messages.srv.SetMode_Request(mode='automatic')
[drive_hardware-6] [INFO] [1740514440.080396686] [drone_home1.drive_hardware]: Drive mode now: automatic
[controller-2] [INFO] [1740514531.422383245] [drone_home1.controller]: Service request to change coordinate custom_messages.srv.SetCoordinate_Request(new_coordinate=sensor_msgs.msg.NavSatFix(header=std_msgs.msg.Header(stamp=builtin_interfaces.msg.Time(sec=0, nanosec=0), frame_id=''), status=sensor_msgs.msg.NavSatStatus(status=0, service=0), latitude=29.63778, longitude=-83.36778, altitude=0.0, position_covariance=array([0., 0., 0., 0., 0., 0., 0., 0., 0.]), position_covariance_type=0))
[controller-2] [INFO] [1740514531.423779673] [drone_home1.controller]: Waypoints now: [(29.63778, -83.36778)]
[drive_hardware-6] [INFO] [1740514531.534297970] [drone_home1.drive_hardware]: Service request to change drive mode custom_messages.srv.SetMode_Request(mode='automatic')
[drive_hardware-6] [INFO] [1740514531.535144492] [drone_home1.drive_hardware]: Drive mode now: automatic
[controller-2] [INFO] [1740514591.601251321] [drone_home1.controller]: Service request to change coordinate custom_messages.srv.SetCoordinate_Request(new_coordinate=sensor_msgs.msg.NavSatFix(header=std_msgs.msg.Header(stamp=builtin_interfaces.msg.Time(sec=0, nanosec=0), frame_id=''), status=sensor_msgs.msg.NavSatStatus(status=0, service=0), latitude=29.63778, longitude=-83.36778, altitude=0.0, position_covariance=array([0., 0., 0., 0., 0., 0., 0., 0., 0.]), position_covariance_type=0))
[controller-2] [INFO] [1740514591.602602789] [drone_home1.controller]: Waypoints now: [(29.63778, -83.36778)]
[drive_hardware-6] [INFO] [1740514591.722328916] [drone_home1.drive_hardware]: Service request to change drive mode custom_messages.srv.SetMode_Request(mode='automatic')
[drive_hardware-6] [INFO] [1740514591.723158446] [drone_home1.drive_hardware]: Drive mode now: automatic
[controller-2] [INFO] [1740514699.852678474] [drone_home1.controller]: Service request to change coordinate custom_messages.srv.SetCoordinate_Request(new_coordinate=sensor_msgs.msg.NavSatFix(header=std_msgs.msg.Header(stamp=builtin_interfaces.msg.Time(sec=0, nanosec=0), frame_id=''), status=sensor_msgs.msg.NavSatStatus(status=0, service=0), latitude=29.63778, longitude=-83.36778, altitude=0.0, position_covariance=array([0., 0., 0., 0., 0., 0., 0., 0., 0.]), position_covariance_type=0))
[controller-2] [INFO] [1740514699.854376513] [drone_home1.controller]: Waypoints now: [(29.63778, -83.36778)]
[drive_hardware-6] [INFO] [1740514699.983267500] [drone_home1.drive_hardware]: Service request to change drive mode custom_messages.srv.SetMode_Request(mode='automatic')
[drive_hardware-6] [INFO] [1740514699.984909985] [drone_home1.drive_hardware]: Drive mode now: automatic
[controller-2] [INFO] [1740514822.895256995] [drone_home1.controller]: Service request to change coordinate custom_messages.srv.SetCoordinate_Request(new_coordinate=sensor_msgs.msg.NavSatFix(header=std_msgs.msg.Header(stamp=builtin_interfaces.msg.Time(sec=0, nanosec=0), frame_id=''), status=sensor_msgs.msg.NavSatStatus(status=0, service=0), latitude=29.63778, longitude=-83.36778, altitude=0.0, position_covariance=array([0., 0., 0., 0., 0., 0., 0., 0., 0.]), position_covariance_type=0))
[controller-2] [INFO] [1740514822.897321992] [drone_home1.controller]: Waypoints now: [(29.63778, -83.36778)]
[drive_hardware-6] [INFO] [1740514823.030182822] [drone_home1.drive_hardware]: Service request to change drive mode custom_messages.srv.SetMode_Request(mode='automatic')
[drive_hardware-6] [INFO] [1740514823.031728121] [drone_home1.drive_hardware]: Drive mode now: automatic
[controller-2] [INFO] [1740514850.794659386] [drone_home1.controller]: Service request to change coordinate custom_messages.srv.SetCoordinate_Request(new_coordinate=sensor_msgs.msg.NavSatFix(header=std_msgs.msg.Header(stamp=builtin_interfaces.msg.Time(sec=0, nanosec=0), frame_id=''), status=sensor_msgs.msg.NavSatStatus(status=0, service=0), latitude=29.63778, longitude=-83.36778, altitude=0.0, position_covariance=array([0., 0., 0., 0., 0., 0., 0., 0., 0.]), position_covariance_type=0))
[controller-2] [INFO] [1740514850.796275888] [drone_home1.controller]: Waypoints now: [(29.63778, -83.36778)]
[drive_hardware-6] [INFO] [1740514850.905171710] [drone_home1.drive_hardware]: Service request to change drive mode custom_messages.srv.SetMode_Request(mode='automatic')
[drive_hardware-6] [INFO] [1740514850.906692689] [drone_home1.drive_hardware]: Drive mode now: automatic
[controller-2] [INFO] [1740514966.816460533] [drone_home1.controller]: Service request to change coordinate custom_messages.srv.SetCoordinate_Request(new_coordinate=sensor_msgs.msg.NavSatFix(header=std_msgs.msg.Header(stamp=builtin_interfaces.msg.Time(sec=0, nanosec=0), frame_id=''), status=sensor_msgs.msg.NavSatStatus(status=0, service=0), latitude=29.63778, longitude=-83.36778, altitude=0.0, position_covariance=array([0., 0., 0., 0., 0., 0., 0., 0., 0.]), position_covariance_type=0))
[controller-2] [INFO] [1740514966.819225842] [drone_home1.controller]: Waypoints now: [(29.63778, -83.36778)]
[drive_hardware-6] [INFO] [1740514966.945795812] [drone_home1.drive_hardware]: Service request to change drive mode custom_messages.srv.SetMode_Request(mode='automatic')
[drive_hardware-6] [INFO] [1740514966.947398330] [drone_home1.drive_hardware]: Drive mode now: automatic
[controller-2] [INFO] [1740515053.818538731] [drone_home1.controller]: Service request to change coordinate custom_messages.srv.SetCoordinate_Request(new_coordinate=sensor_msgs.msg.NavSatFix(header=std_msgs.msg.Header(stamp=builtin_interfaces.msg.Time(sec=0, nanosec=0), frame_id=''), status=sensor_msgs.msg.NavSatStatus(status=0, service=0), latitude=29.63778, longitude=-83.36778, altitude=0.0, position_covariance=array([0., 0., 0., 0., 0., 0., 0., 0., 0.]), position_covariance_type=0))
[controller-2] [INFO] [1740515053.820142721] [drone_home1.controller]: Waypoints now: [(29.63778, -83.36778)]
[drive_hardware-6] [INFO] [1740515053.954269398] [drone_home1.drive_hardware]: Service request to change drive mode custom_messages.srv.SetMode_Request(mode='automatic')
[drive_hardware-6] [INFO] [1740515053.955780714] [drone_home1.drive_hardware]: Drive mode now: automatic
[controller-2] [INFO] [1740515086.616387920] [drone_home1.controller]: Service request to change coordinate custom_messages.srv.SetCoordinate_Request(new_coordinate=sensor_msgs.msg.NavSatFix(header=std_msgs.msg.Header(stamp=builtin_interfaces.msg.Time(sec=0, nanosec=0), frame_id=''), status=sensor_msgs.msg.NavSatStatus(status=0, service=0), latitude=29.63778, longitude=-83.36778, altitude=0.0, position_covariance=array([0., 0., 0., 0., 0., 0., 0., 0., 0.]), position_covariance_type=0))
[controller-2] [INFO] [1740515086.618420118] [drone_home1.controller]: Waypoints now: [(29.63778, -83.36778)]
[drive_hardware-6] [INFO] [1740515086.730556265] [drone_home1.drive_hardware]: Service request to change drive mode custom_messages.srv.SetMode_Request(mode='automatic')
[drive_hardware-6] [INFO] [1740515086.732070268] [drone_home1.drive_hardware]: Drive mode now: automatic
[controller-2] [INFO] [1740515230.784308851] [drone_home1.controller]: Service request to change coordinate custom_messages.srv.SetCoordinate_Request(new_coordinate=sensor_msgs.msg.NavSatFix(header=std_msgs.msg.Header(stamp=builtin_interfaces.msg.Time(sec=0, nanosec=0), frame_id=''), status=sensor_msgs.msg.NavSatStatus(status=0, service=0), latitude=29.63778, longitude=-83.36778, altitude=0.0, position_covariance=array([0., 0., 0., 0., 0., 0., 0., 0., 0.]), position_covariance_type=0))
[controller-2] [INFO] [1740515230.785991565] [drone_home1.controller]: Waypoints now: [(29.63778, -83.36778)]
[drive_hardware-6] [INFO] [1740515230.910523344] [drone_home1.drive_hardware]: Service request to change drive mode custom_messages.srv.SetMode_Request(mode='automatic')
[drive_hardware-6] [INFO] [1740515230.912399953] [drone_home1.drive_hardware]: Drive mode now: automatic
[controller-2] [INFO] [1740515350.643679666] [drone_home1.controller]: Service request to change coordinate custom_messages.srv.SetCoordinate_Request(new_coordinate=sensor_msgs.msg.NavSatFix(header=std_msgs.msg.Header(stamp=builtin_interfaces.msg.Time(sec=0, nanosec=0), frame_id=''), status=sensor_msgs.msg.NavSatStatus(status=0, service=0), latitude=29.63778, longitude=-83.36778, altitude=0.0, position_covariance=array([0., 0., 0., 0., 0., 0., 0., 0., 0.]), position_covariance_type=0))
[controller-2] [INFO] [1740515350.645405678] [drone_home1.controller]: Waypoints now: [(29.63778, -83.36778)]
[drive_hardware-6] [INFO] [1740515350.771895855] [drone_home1.drive_hardware]: Service request to change drive mode custom_messages.srv.SetMode_Request(mode='automatic')
[drive_hardware-6] [INFO] [1740515350.772880785] [drone_home1.drive_hardware]: Drive mode now: automatic
[controller-2] [INFO] [1740515692.666136592] [drone_home1.controller]: Service request to change coordinate custom_messages.srv.SetCoordinate_Request(new_coordinate=sensor_msgs.msg.NavSatFix(header=std_msgs.msg.Header(stamp=builtin_interfaces.msg.Time(sec=0, nanosec=0), frame_id=''), status=sensor_msgs.msg.NavSatStatus(status=0, service=0), latitude=29.63778, longitude=-83.36778, altitude=0.0, position_covariance=array([0., 0., 0., 0., 0., 0., 0., 0., 0.]), position_covariance_type=0))
[controller-2] [INFO] [1740515692.667917934] [drone_home1.controller]: Waypoints now: [(29.63778, -83.36778)]
[drive_hardware-6] [INFO] [1740515692.793941872] [drone_home1.drive_hardware]: Service request to change drive mode custom_messages.srv.SetMode_Request(mode='automatic')
[drive_hardware-6] [INFO] [1740515692.795527208] [drone_home1.drive_hardware]: Drive mode now: automatic
[controller-2] [INFO] [1740515907.701982384] [drone_home1.controller]: Service request to change coordinate custom_messages.srv.SetCoordinate_Request(new_coordinate=sensor_msgs.msg.NavSatFix(header=std_msgs.msg.Header(stamp=builtin_interfaces.msg.Time(sec=0, nanosec=0), frame_id=''), status=sensor_msgs.msg.NavSatStatus(status=0, service=0), latitude=29.632671, longitude=-82.36249, altitude=0.0, position_covariance=array([0., 0., 0., 0., 0., 0., 0., 0., 0.]), position_covariance_type=0))
[controller-2] [INFO] [1740515907.703818833] [drone_home1.controller]: Waypoints now: [(29.632671, -82.36249)]
[drive_hardware-6] [INFO] [1740515945.581859519] [drone_home1.drive_hardware]: Service request to change drive mode custom_messages.srv.SetMode_Request(mode='automatic')
[drive_hardware-6] [INFO] [1740515945.582926500] [drone_home1.drive_hardware]: Drive mode now: automatic
[controller-2] [INFO] [1740516237.821670658] [drone_home1.controller]: Service request to change coordinate custom_messages.srv.SetCoordinate_Request(new_coordinate=sensor_msgs.msg.NavSatFix(header=std_msgs.msg.Header(stamp=builtin_interfaces.msg.Time(sec=0, nanosec=0), frame_id=''), status=sensor_msgs.msg.NavSatStatus(status=0, service=0), latitude=29.632671, longitude=-82.36249, altitude=0.0, position_covariance=array([0., 0., 0., 0., 0., 0., 0., 0., 0.]), position_covariance_type=0))
[controller-2] [INFO] [1740516237.823444033] [drone_home1.controller]: Waypoints now: [(29.632671, -82.36249)]
[drive_hardware-6] [INFO] [1740516237.935209389] [drone_home1.drive_hardware]: Service request to change drive mode custom_messages.srv.SetMode_Request(mode='automatic')
[drive_hardware-6] [INFO] [1740516237.936049931] [drone_home1.drive_hardware]: Drive mode now: automatic
[controller-2] [INFO] [1740516547.615614890] [drone_home1.controller]: Service request to change coordinate custom_messages.srv.SetCoordinate_Request(new_coordinate=sensor_msgs.msg.NavSatFix(header=std_msgs.msg.Header(stamp=builtin_interfaces.msg.Time(sec=0, nanosec=0), frame_id=''), status=sensor_msgs.msg.NavSatStatus(status=0, service=0), latitude=29.632671, longitude=-82.36249, altitude=0.0, position_covariance=array([0., 0., 0., 0., 0., 0., 0., 0., 0.]), position_covariance_type=0))
[controller-2] [INFO] [1740516547.617308550] [drone_home1.controller]: Waypoints now: [(29.632671, -82.36249)]
[drive_hardware-6] [INFO] [1740516547.750650037] [drone_home1.drive_hardware]: Service request to change drive mode custom_messages.srv.SetMode_Request(mode='automatic')
[drive_hardware-6] [INFO] [1740516547.751852320] [drone_home1.drive_hardware]: Drive mode now: automatic
[controller-2] [INFO] [1740516583.943900357] [drone_home1.controller]: Service request to change coordinate custom_messages.srv.SetCoordinate_Request(new_coordinate=sensor_msgs.msg.NavSatFix(header=std_msgs.msg.Header(stamp=builtin_interfaces.msg.Time(sec=0, nanosec=0), frame_id=''), status=sensor_msgs.msg.NavSatStatus(status=0, service=0), latitude=29.632671, longitude=-82.36249, altitude=0.0, position_covariance=array([0., 0., 0., 0., 0., 0., 0., 0., 0.]), position_covariance_type=0))
[controller-2] [INFO] [1740516583.946106771] [drone_home1.controller]: Waypoints now: [(29.632671, -82.36249)]
[drive_hardware-6] [INFO] [1740516584.078222583] [drone_home1.drive_hardware]: Service request to change drive mode custom_messages.srv.SetMode_Request(mode='automatic')
[drive_hardware-6] [INFO] [1740516584.079082614] [drone_home1.drive_hardware]: Drive mode now: automatic
[controller-2] [INFO] [1740516634.809829657] [drone_home1.controller]: Service request to change coordinate custom_messages.srv.SetCoordinate_Request(new_coordinate=sensor_msgs.msg.NavSatFix(header=std_msgs.msg.Header(stamp=builtin_interfaces.msg.Time(sec=0, nanosec=0), frame_id=''), status=sensor_msgs.msg.NavSatStatus(status=0, service=0), latitude=29.632671, longitude=-82.36249, altitude=0.0, position_covariance=array([0., 0., 0., 0., 0., 0., 0., 0., 0.]), position_covariance_type=0))
[controller-2] [INFO] [1740516634.811116935] [drone_home1.controller]: Waypoints now: [(29.632671, -82.36249)]
[drive_hardware-6] [INFO] [1740516634.933128230] [drone_home1.drive_hardware]: Service request to change drive mode custom_messages.srv.SetMode_Request(mode='automatic')
[drive_hardware-6] [INFO] [1740516634.934777025] [drone_home1.drive_hardware]: Drive mode now: automatic
[controller-2] [INFO] [1740516736.828387113] [drone_home1.controller]: Service request to change coordinate custom_messages.srv.SetCoordinate_Request(new_coordinate=sensor_msgs.msg.NavSatFix(header=std_msgs.msg.Header(stamp=builtin_interfaces.msg.Time(sec=0, nanosec=0), frame_id=''), status=sensor_msgs.msg.NavSatStatus(status=0, service=0), latitude=29.632671, longitude=-82.36249, altitude=0.0, position_covariance=array([0., 0., 0., 0., 0., 0., 0., 0., 0.]), position_covariance_type=0))
[controller-2] [INFO] [1740516736.829425294] [drone_home1.controller]: Waypoints now: [(29.632671, -82.36249)]
[drive_hardware-6] [INFO] [1740516736.955015694] [drone_home1.drive_hardware]: Service request to change drive mode custom_messages.srv.SetMode_Request(mode='automatic')
[drive_hardware-6] [INFO] [1740516736.956488386] [drone_home1.drive_hardware]: Drive mode now: automatic
[controller-2] [INFO] [1740516781.860823900] [drone_home1.controller]: Service request to change coordinate custom_messages.srv.SetCoordinate_Request(new_coordinate=sensor_msgs.msg.NavSatFix(header=std_msgs.msg.Header(stamp=builtin_interfaces.msg.Time(sec=0, nanosec=0), frame_id=''), status=sensor_msgs.msg.NavSatStatus(status=0, service=0), latitude=29.632671, longitude=-82.36249, altitude=0.0, position_covariance=array([0., 0., 0., 0., 0., 0., 0., 0., 0.]), position_covariance_type=0))
[controller-2] [INFO] [1740516781.863833766] [drone_home1.controller]: Waypoints now: [(29.632671, -82.36249)]
[drive_hardware-6] [INFO] [1740516781.988993303] [drone_home1.drive_hardware]: Service request to change drive mode custom_messages.srv.SetMode_Request(mode='automatic')
[drive_hardware-6] [INFO] [1740516781.990512333] [drone_home1.drive_hardware]: Drive mode now: automatic
[controller-2] [INFO] [1740516842.951476827] [drone_home1.controller]: Service request to change coordinate custom_messages.srv.SetCoordinate_Request(new_coordinate=sensor_msgs.msg.NavSatFix(header=std_msgs.msg.Header(stamp=builtin_interfaces.msg.Time(sec=0, nanosec=0), frame_id=''), status=sensor_msgs.msg.NavSatStatus(status=0, service=0), latitude=29.632671, longitude=-82.36249, altitude=0.0, position_covariance=array([0., 0., 0., 0., 0., 0., 0., 0., 0.]), position_covariance_type=0))
[controller-2] [INFO] [1740516842.963263741] [drone_home1.controller]: Waypoints now: [(29.632671, -82.36249)]
[drive_hardware-6] [INFO] [1740516843.072474458] [drone_home1.drive_hardware]: Service request to change drive mode custom_messages.srv.SetMode_Request(mode='automatic')
[drive_hardware-6] [INFO] [1740516843.074103763] [drone_home1.drive_hardware]: Drive mode now: automatic
[controller-2] [INFO] [1740516883.741179884] [drone_home1.controller]: Service request to change coordinate custom_messages.srv.SetCoordinate_Request(new_coordinate=sensor_msgs.msg.NavSatFix(header=std_msgs.msg.Header(stamp=builtin_interfaces.msg.Time(sec=0, nanosec=0), frame_id=''), status=sensor_msgs.msg.NavSatStatus(status=0, service=0), latitude=29.632671, longitude=-82.36249, altitude=0.0, position_covariance=array([0., 0., 0., 0., 0., 0., 0., 0., 0.]), position_covariance_type=0))
[controller-2] [INFO] [1740516883.742778821] [drone_home1.controller]: Waypoints now: [(29.632671, -82.36249)]
[drive_hardware-6] [INFO] [1740516883.871920228] [drone_home1.drive_hardware]: Service request to change drive mode custom_messages.srv.SetMode_Request(mode='automatic')
[drive_hardware-6] [INFO] [1740516883.873513373] [drone_home1.drive_hardware]: Drive mode now: automatic
[controller-2] [INFO] [1740516961.655546202] [drone_home1.controller]: Service request to change coordinate custom_messages.srv.SetCoordinate_Request(new_coordinate=sensor_msgs.msg.NavSatFix(header=std_msgs.msg.Header(stamp=builtin_interfaces.msg.Time(sec=0, nanosec=0), frame_id=''), status=sensor_msgs.msg.NavSatStatus(status=0, service=0), latitude=29.632671, longitude=-82.36249, altitude=0.0, position_covariance=array([0., 0., 0., 0., 0., 0., 0., 0., 0.]), position_covariance_type=0))
[controller-2] [INFO] [1740516961.657345434] [drone_home1.controller]: Waypoints now: [(29.632671, -82.36249)]
[drive_hardware-6] [INFO] [1740516961.789011252] [drone_home1.drive_hardware]: Service request to change drive mode custom_messages.srv.SetMode_Request(mode='automatic')
[drive_hardware-6] [INFO] [1740516961.789974070] [drone_home1.drive_hardware]: Drive mode now: automatic
[controller-2] [INFO] [1740516994.666943277] [drone_home1.controller]: Service request to change coordinate custom_messages.srv.SetCoordinate_Request(new_coordinate=sensor_msgs.msg.NavSatFix(header=std_msgs.msg.Header(stamp=builtin_interfaces.msg.Time(sec=0, nanosec=0), frame_id=''), status=sensor_msgs.msg.NavSatStatus(status=0, service=0), latitude=29.632671, longitude=-82.36249, altitude=0.0, position_covariance=array([0., 0., 0., 0., 0., 0., 0., 0., 0.]), position_covariance_type=0))
[controller-2] [INFO] [1740516994.669059736] [drone_home1.controller]: Waypoints now: [(29.632671, -82.36249)]
[drive_hardware-6] [INFO] [1740516994.793362381] [drone_home1.drive_hardware]: Service request to change drive mode custom_messages.srv.SetMode_Request(mode='automatic')
[drive_hardware-6] [INFO] [1740516994.794830017] [drone_home1.drive_hardware]: Drive mode now: automatic
[controller-2] [INFO] [1740517045.855290790] [drone_home1.controller]: Service request to change coordinate custom_messages.srv.SetCoordinate_Request(new_coordinate=sensor_msgs.msg.NavSatFix(header=std_msgs.msg.Header(stamp=builtin_interfaces.msg.Time(sec=0, nanosec=0), frame_id=''), status=sensor_msgs.msg.NavSatStatus(status=0, service=0), latitude=29.632671, longitude=-82.36249, altitude=0.0, position_covariance=array([0., 0., 0., 0., 0., 0., 0., 0., 0.]), position_covariance_type=0))
[controller-2] [INFO] [1740517045.856926112] [drone_home1.controller]: Waypoints now: [(29.632671, -82.36249)]
[drive_hardware-6] [INFO] [1740517045.987548758] [drone_home1.drive_hardware]: Service request to change drive mode custom_messages.srv.SetMode_Request(mode='automatic')
[drive_hardware-6] [INFO] [1740517045.989187984] [drone_home1.drive_hardware]: Drive mode now: automatic
[controller-2] [INFO] [1740517108.866439098] [drone_home1.controller]: Service request to change coordinate custom_messages.srv.SetCoordinate_Request(new_coordinate=sensor_msgs.msg.NavSatFix(header=std_msgs.msg.Header(stamp=builtin_interfaces.msg.Time(sec=0, nanosec=0), frame_id=''), status=sensor_msgs.msg.NavSatStatus(status=0, service=0), latitude=29.632671, longitude=-82.36249, altitude=0.0, position_covariance=array([0., 0., 0., 0., 0., 0., 0., 0., 0.]), position_covariance_type=0))
[controller-2] [INFO] [1740517108.868059380] [drone_home1.controller]: Waypoints now: [(29.632671, -82.36249)]
[drive_hardware-6] [INFO] [1740517108.982994749] [drone_home1.drive_hardware]: Service request to change drive mode custom_messages.srv.SetMode_Request(mode='automatic')
[drive_hardware-6] [INFO] [1740517108.984526548] [drone_home1.drive_hardware]: Drive mode now: automatic
[controller-2] [INFO] [1740517144.852606658] [drone_home1.controller]: Service request to change coordinate custom_messages.srv.SetCoordinate_Request(new_coordinate=sensor_msgs.msg.NavSatFix(header=std_msgs.msg.Header(stamp=builtin_interfaces.msg.Time(sec=0, nanosec=0), frame_id=''), status=sensor_msgs.msg.NavSatStatus(status=0, service=0), latitude=29.632671, longitude=-82.36249, altitude=0.0, position_covariance=array([0., 0., 0., 0., 0., 0., 0., 0., 0.]), position_covariance_type=0))
[controller-2] [INFO] [1740517144.854279646] [drone_home1.controller]: Waypoints now: [(29.632671, -82.36249)]
[drive_hardware-6] [INFO] [1740517144.971489144] [drone_home1.drive_hardware]: Service request to change drive mode custom_messages.srv.SetMode_Request(mode='automatic')
[drive_hardware-6] [INFO] [1740517144.973117010] [drone_home1.drive_hardware]: Drive mode now: automatic
