[INFO] [launch]: All log files can be found below /home/pi/.ros/log/2024-11-27-12-47-48-347394-drone-home-49587
[INFO] [launch]: Default logging verbosity is set to INFO
[WARNING] [imu_publisher-2]: there are now at least 2 nodes with the name /drone_home1/sim created within this launch context
[WARNING] [drive_hardware-3]: there are now at least 3 nodes with the name /drone_home1/sim created within this launch context
[WARNING] [static_transform_publisher-5]: there are now at least 2 nodes with the name /drone_home1/static_transform_publisher created within this launch context
[INFO] [drive_publisher-1]: process started with pid [49610]
[INFO] [imu_publisher-2]: process started with pid [49611]
[INFO] [drive_hardware-3]: process started with pid [49612]
[INFO] [static_transform_publisher-4]: process started with pid [49613]
[INFO] [static_transform_publisher-5]: process started with pid [49614]
[static_transform_publisher-4] [WARN] [1732729668.502145488] []: Old-style arguments are deprecated; see --help for new-style arguments
[static_transform_publisher-5] [WARN] [1732729668.515885290] []: Old-style arguments are deprecated; see --help for new-style arguments
[static_transform_publisher-4] [INFO] [1732729668.546659916] [drone_home1.static_transform_publisher]: Spinning until stopped - publishing transform
[static_transform_publisher-4] translation: ('0.000000', '0.000000', '0.000000')
[static_transform_publisher-4] rotation: ('0.000000', '0.000000', '0.000000', '1.000000')
[static_transform_publisher-4] from 'map' to 'imu_frame'
[static_transform_publisher-5] [INFO] [1732729668.549251533] [drone_home1.static_transform_publisher]: Spinning until stopped - publishing transform
[static_transform_publisher-5] translation: ('0.000000', '0.000000', '0.000000')
[static_transform_publisher-5] rotation: ('0.000000', '0.000000', '0.000000', '1.000000')
[static_transform_publisher-5] from 'map' to 'gps_sensor'
[drive_hardware-3] /usr/lib/python3/dist-packages/gpiozero/output_devices.py:1509: PWMSoftwareFallback: To reduce servo jitter, use the pigpio pin factory.See https://gpiozero.readthedocs.io/en/stable/api_output.html#servo for more info
[drive_hardware-3]   warnings.warn(PWMSoftwareFallback(
[imu_publisher-2] [INFO] [1732729670.773405084] [drone_home1.sim]: Calibration status: (True, 'Calibration (sys:0, gyro:0, accel:3, mag:0)')
[imu_publisher-2] [INFO] [1732729670.828405980] [drone_home1.sim]: -0.016986548172343248
[imu_publisher-2] [INFO] [1732729670.878273178] [drone_home1.sim]: -0.016986548172343248
[imu_publisher-2] [INFO] [1732729670.927728527] [drone_home1.sim]: -0.016986548172343248
[imu_publisher-2] [INFO] [1732729671.012016278] [drone_home1.sim]: -0.016986548172343248
[imu_publisher-2] [INFO] [1732729671.028544715] [drone_home1.sim]: -0.016986548172343248
[imu_publisher-2] [INFO] [1732729671.117359481] [drone_home1.sim]: -0.016986548172343248
[imu_publisher-2] [INFO] [1732729671.129136793] [drone_home1.sim]: -0.016986548172343248
[imu_publisher-2] [INFO] [1732729671.288877376] [drone_home1.sim]: -0.016986548172343248
[imu_publisher-2] [INFO] [1732729671.329276492] [drone_home1.sim]: -0.016986548172343248
[imu_publisher-2] [INFO] [1732729671.390195765] [drone_home1.sim]: -0.016986548172343248
[imu_publisher-2] [INFO] [1732729671.429719422] [drone_home1.sim]: -0.016986548172343248
[imu_publisher-2] [INFO] [1732729671.505465252] [drone_home1.sim]: -0.016986548172343248
[imu_publisher-2] [INFO] [1732729671.529741411] [drone_home1.sim]: -0.016986548172343248
[imu_publisher-2] [INFO] [1732729671.579891163] [drone_home1.sim]: -0.016986548172343248
[imu_publisher-2] [INFO] [1732729671.630030546] [drone_home1.sim]: -0.016986548172343248
[imu_publisher-2] [INFO] [1732729671.688552590] [drone_home1.sim]: -0.016986548172343248
[imu_publisher-2] [INFO] [1732729671.741346015] [drone_home1.sim]: -0.016986548172343248
[imu_publisher-2] [INFO] [1732729671.840386194] [drone_home1.sim]: -0.016986548172343248
[imu_publisher-2] [INFO] [1732729671.936474701] [drone_home1.sim]: -0.016986548172343248
[imu_publisher-2] [INFO] [1732729672.050645879] [drone_home1.sim]: -0.016986548172343248
[imu_publisher-2] [INFO] [1732729672.152127527] [drone_home1.sim]: -0.016986548172343248
[imu_publisher-2] [INFO] [1732729672.201295562] [drone_home1.sim]: -0.016986548172343248
[imu_publisher-2] [INFO] [1732729672.260369253] [drone_home1.sim]: -0.016986548172343248
[imu_publisher-2] [INFO] [1732729672.318672261] [drone_home1.sim]: -0.016986548172343248
[imu_publisher-2] [INFO] [1732729672.376404921] [drone_home1.sim]: -0.016986548172343248
[imu_publisher-2] [INFO] [1732729672.488305221] [drone_home1.sim]: -0.016986548172343248
[imu_publisher-2] [INFO] [1732729672.545094441] [drone_home1.sim]: -0.016986548172343248
[imu_publisher-2] [INFO] [1732729672.645782000] [drone_home1.sim]: -0.016986548172343248
[imu_publisher-2] [INFO] [1732729672.705355522] [drone_home1.sim]: -0.016986548172343248
[imu_publisher-2] [INFO] [1732729672.806122784] [drone_home1.sim]: -0.016986548172343248
[imu_publisher-2] [INFO] [1732729672.827713937] [drone_home1.sim]: -0.016986548172343248
[imu_publisher-2] [INFO] [1732729672.878087929] [drone_home1.sim]: -0.016986548172343248
[imu_publisher-2] [INFO] [1732729672.938121448] [drone_home1.sim]: -0.016986548172343248
[imu_publisher-2] [INFO] [1732729672.997202434] [drone_home1.sim]: -0.016986548172343248
[imu_publisher-2] [INFO] [1732729673.048198924] [drone_home1.sim]: -0.016986548172343248
[imu_publisher-2] [INFO] [1732729673.148990001] [drone_home1.sim]: -0.016986548172343248
[imu_publisher-2] [INFO] [1732729673.208531041] [drone_home1.sim]: -0.016986548172343248
[imu_publisher-2] [INFO] [1732729673.320065787] [drone_home1.sim]: -0.016986548172343248
[imu_publisher-2] [INFO] [1732729673.421127178] [drone_home1.sim]: -0.016986548172343248
[imu_publisher-2] [INFO] [1732729673.471842168] [drone_home1.sim]: -0.016986548172343248
[imu_publisher-2] [INFO] [1732729673.533646975] [drone_home1.sim]: -0.016986548172343248
[imu_publisher-2] [INFO] [1732729673.592282630] [drone_home1.sim]: -0.016986548172343248
[imu_publisher-2] [INFO] [1732729673.651089674] [drone_home1.sim]: -0.016986548172343248
[imu_publisher-2] [INFO] [1732729673.768957500] [drone_home1.sim]: -0.016986548172343248
[imu_publisher-2] [INFO] [1732729673.779322801] [drone_home1.sim]: -0.016986548172343248
[imu_publisher-2] [INFO] [1732729673.829514498] [drone_home1.sim]: -0.016986548172343248
[imu_publisher-2] [INFO] [1732729673.889099926] [drone_home1.sim]: -0.016986548172343248
[imu_publisher-2] [INFO] [1732729673.929951465] [drone_home1.sim]: -0.016986548172343248
[imu_publisher-2] [INFO] [1732729674.008394208] [drone_home1.sim]: -0.016986548172343248
[imu_publisher-2] [INFO] [1732729674.055750882] [drone_home1.sim]: -0.016986548172343248
[imu_publisher-2] [INFO] [1732729674.116113270] [drone_home1.sim]: -0.016986548172343248
[imu_publisher-2] [INFO] [1732729674.171414349] [drone_home1.sim]: -0.016986548172343248
[imu_publisher-2] [INFO] [1732729674.180851951] [drone_home1.sim]: -0.016986548172343248
[imu_publisher-2] [INFO] [1732729674.233517506] [drone_home1.sim]: -0.016986548172343248
[imu_publisher-2] [INFO] [1732729674.343318076] [drone_home1.sim]: -0.016986548172343248
[imu_publisher-2] [INFO] [1732729675.300780392] [drone_home1.sim]: -0.016986548172343248
[imu_publisher-2] [INFO] [1732729675.383535725] [drone_home1.sim]: -0.016986548172343248
[imu_publisher-2] [INFO] [1732729675.432748094] [drone_home1.sim]: -0.016986548172343248
[imu_publisher-2] [INFO] [1732729675.480392211] [drone_home1.sim]: -0.016986548172343248
[imu_publisher-2] [INFO] [1732729675.538045519] [drone_home1.sim]: -0.016986548172343248
[imu_publisher-2] [INFO] [1732729675.598371777] [drone_home1.sim]: -0.016986548172343248
[imu_publisher-2] [INFO] [1732729675.692037926] [drone_home1.sim]: -0.016986548172343248
[imu_publisher-2] [INFO] [1732729675.728424062] [drone_home1.sim]: -0.016986548172343248
[imu_publisher-2] [INFO] [1732729675.778005929] [drone_home1.sim]: -0.016986548172343248
[imu_publisher-2] [INFO] [1732729675.827990812] [drone_home1.sim]: -0.016986548172343248
[imu_publisher-2] [INFO] [1732729675.877890103] [drone_home1.sim]: -0.016986548172343248
[imu_publisher-2] [INFO] [1732729675.927827264] [drone_home1.sim]: -0.016986548172343248
[imu_publisher-2] [INFO] [1732729675.978117683] [drone_home1.sim]: -0.016986548172343248
[imu_publisher-2] [INFO] [1732729676.039295696] [drone_home1.sim]: -0.016986548172343248
[imu_publisher-2] [INFO] [1732729676.138863501] [drone_home1.sim]: -0.016986548172343248
[imu_publisher-2] [INFO] [1732729676.178081901] [drone_home1.sim]: -0.016986548172343248
[imu_publisher-2] [INFO] [1732729676.228233098] [drone_home1.sim]: -0.016986548172343248
[imu_publisher-2] [INFO] [1732729676.277903909] [drone_home1.sim]: -0.016986548172343248
[imu_publisher-2] [INFO] [1732729676.328162327] [drone_home1.sim]: -0.016986548172343248
[imu_publisher-2] [INFO] [1732729676.378239247] [drone_home1.sim]: -0.016986548172343248
[imu_publisher-2] [INFO] [1732729676.427615059] [drone_home1.sim]: -0.016986548172343248
[imu_publisher-2] [INFO] [1732729676.477833756] [drone_home1.sim]: -0.016986548172343248
[imu_publisher-2] [INFO] [1732729676.528100305] [drone_home1.sim]: -0.016986548172343248
[imu_publisher-2] [INFO] [1732729676.578161873] [drone_home1.sim]: -0.016986548172343248
[imu_publisher-2] [INFO] [1732729676.628362792] [drone_home1.sim]: -0.016986548172343248
[imu_publisher-2] [INFO] [1732729676.680200666] [drone_home1.sim]: -0.016986548172343248
[imu_publisher-2] [INFO] [1732729676.728318151] [drone_home1.sim]: -0.016986548172343248
[imu_publisher-2] [INFO] [1732729676.787669859] [drone_home1.sim]: -0.016986548172343248
[imu_publisher-2] [INFO] [1732729676.837437447] [drone_home1.sim]: -0.016986548172343248
[imu_publisher-2] [INFO] [1732729676.886803259] [drone_home1.sim]: -0.016986548172343248
[imu_publisher-2] [INFO] [1732729676.928021241] [drone_home1.sim]: -0.016986548172343248
[imu_publisher-2] [INFO] [1732729676.978034457] [drone_home1.sim]: -0.016986548172343248
[imu_publisher-2] [INFO] [1732729677.028035488] [drone_home1.sim]: -0.016986548172343248
[imu_publisher-2] [INFO] [1732729677.078268870] [drone_home1.sim]: -0.016986548172343248
[imu_publisher-2] [INFO] [1732729677.128610030] [drone_home1.sim]: -0.016986548172343248
[imu_publisher-2] [INFO] [1732729677.178517265] [drone_home1.sim]: -0.016986548172343248
[imu_publisher-2] [INFO] [1732729677.228711333] [drone_home1.sim]: -0.016986548172343248
[imu_publisher-2] [INFO] [1732729677.288169188] [drone_home1.sim]: -0.016986548172343248
[imu_publisher-2] [INFO] [1732729677.343435693] [drone_home1.sim]: -0.016986548172343248
[imu_publisher-2] [INFO] [1732729677.395116901] [drone_home1.sim]: -0.016986548172343248
[imu_publisher-2] [INFO] [1732729677.450324444] [drone_home1.sim]: -0.016986548172343248
[imu_publisher-2] [INFO] [1732729677.507004794] [drone_home1.sim]: -0.016986548172343248
[imu_publisher-2] [INFO] [1732729677.529556535] [drone_home1.sim]: -0.016986548172343248
[imu_publisher-2] [INFO] [1732729677.579948527] [drone_home1.sim]: -0.016986548172343248
[imu_publisher-2] [INFO] [1732729677.635768418] [drone_home1.sim]: -0.016986548172343248
[imu_publisher-2] [INFO] [1732729677.680105570] [drone_home1.sim]: -0.016986548172343248
[imu_publisher-2] [INFO] [1732729677.729598900] [drone_home1.sim]: -0.016986548172343248
[imu_publisher-2] [INFO] [1732729677.779678635] [drone_home1.sim]: -0.016986548172343248
[imu_publisher-2] [INFO] [1732729677.829569167] [drone_home1.sim]: -0.016986548172343248
[imu_publisher-2] [INFO] [1732729677.879649883] [drone_home1.sim]: -0.016986548172343248
[imu_publisher-2] [INFO] [1732729677.929511822] [drone_home1.sim]: -0.016986548172343248
[imu_publisher-2] [INFO] [1732729677.991664405] [drone_home1.sim]: -0.016986548172343248
[imu_publisher-2] [INFO] [1732729678.047503296] [drone_home1.sim]: -0.016986548172343248
[imu_publisher-2] [INFO] [1732729678.079722230] [drone_home1.sim]: -0.016986548172343248
[imu_publisher-2] [INFO] [1732729678.129690947] [drone_home1.sim]: -0.016986548172343248
[imu_publisher-2] [INFO] [1732729678.179787126] [drone_home1.sim]: -0.016986548172343248
[imu_publisher-2] [INFO] [1732729678.229370011] [drone_home1.sim]: -0.016986548172343248
[imu_publisher-2] [INFO] [1732729678.310786887] [drone_home1.sim]: -0.016986548172343248
[imu_publisher-2] [INFO] [1732729678.328595614] [drone_home1.sim]: -0.016986548172343248
[imu_publisher-2] [INFO] [1732729678.378417332] [drone_home1.sim]: -0.016986548172343248
[imu_publisher-2] [INFO] [1732729678.428532937] [drone_home1.sim]: -0.016986548172343248
[imu_publisher-2] [INFO] [1732729678.477790860] [drone_home1.sim]: -0.016986548172343248
[imu_publisher-2] [INFO] [1732729678.539151576] [drone_home1.sim]: -0.016986548172343248
[imu_publisher-2] [INFO] [1732729678.578026533] [drone_home1.sim]: -0.016986548172343248
[imu_publisher-2] [INFO] [1732729678.627924694] [drone_home1.sim]: -0.016986548172343248
[imu_publisher-2] [INFO] [1732729678.678249206] [drone_home1.sim]: -0.016986548172343248
[imu_publisher-2] [INFO] [1732729678.727843794] [drone_home1.sim]: -0.016986548172343248
[imu_publisher-2] [INFO] [1732729678.778041843] [drone_home1.sim]: -0.016986548172343248
[imu_publisher-2] [INFO] [1732729678.828113041] [drone_home1.sim]: -0.016986548172343248
[imu_publisher-2] [INFO] [1732729678.878196238] [drone_home1.sim]: -0.016986548172343248
[imu_publisher-2] [INFO] [1732729678.928005993] [drone_home1.sim]: -0.016986548172343248
[imu_publisher-2] [INFO] [1732729678.978081487] [drone_home1.sim]: -0.016986548172343248
[imu_publisher-2] [INFO] [1732729679.028032389] [drone_home1.sim]: -0.016986548172343248
[imu_publisher-2] [INFO] [1732729679.078042216] [drone_home1.sim]: -0.016986548172343248
[imu_publisher-2] [INFO] [1732729679.187796972] [drone_home1.sim]: -0.016986548172343248
[imu_publisher-2] [INFO] [1732729679.228682529] [drone_home1.sim]: -0.016986548172343248
[imu_publisher-2] [INFO] [1732729679.278832653] [drone_home1.sim]: -0.016986548172343248
[imu_publisher-2] [INFO] [1732729679.328841350] [drone_home1.sim]: -0.016986548172343248
[imu_publisher-2] [INFO] [1732729679.379001103] [drone_home1.sim]: -0.016986548172343248
[imu_publisher-2] [INFO] [1732729679.428806284] [drone_home1.sim]: -0.016986548172343248
[imu_publisher-2] [INFO] [1732729679.478987759] [drone_home1.sim]: -0.016986548172343248
[imu_publisher-2] [INFO] [1732729679.529151993] [drone_home1.sim]: -0.016986548172343248
[imu_publisher-2] [INFO] [1732729679.579124413] [drone_home1.sim]: -0.016986548172343248
[imu_publisher-2] [INFO] [1732729679.631240582] [drone_home1.sim]: -0.016986548172343248
[imu_publisher-2] [INFO] [1732729679.690820011] [drone_home1.sim]: -0.016986548172343248
[imu_publisher-2] [INFO] [1732729679.740888431] [drone_home1.sim]: -0.016986548172343248
[imu_publisher-2] [INFO] [1732729679.796862321] [drone_home1.sim]: -0.016986548172343248
[imu_publisher-2] [INFO] [1732729679.849082860] [drone_home1.sim]: -0.016986548172343248
[imu_publisher-2] [INFO] [1732729679.895381521] [drone_home1.sim]: -0.016986548172343248
[imu_publisher-2] [INFO] [1732729679.953337217] [drone_home1.sim]: -0.016986548172343248
[imu_publisher-2] [INFO] [1732729680.013427550] [drone_home1.sim]: -0.016986548172343248
[imu_publisher-2] [INFO] [1732729680.062924602] [drone_home1.sim]: -0.016986548172343248
[imu_publisher-2] [INFO] [1732729680.120859002] [drone_home1.sim]: -0.016986548172343248
[imu_publisher-2] [INFO] [1732729680.172599988] [drone_home1.sim]: -0.016986548172343248
[imu_publisher-2] [INFO] [1732729680.183807692] [drone_home1.sim]: -0.016986548172343248
[imu_publisher-2] [INFO] [1732729680.246126236] [drone_home1.sim]: -0.016986548172343248
[imu_publisher-2] [INFO] [1732729680.298862625] [drone_home1.sim]: -0.016986548172343248
[imu_publisher-2] [INFO] [1732729680.348550398] [drone_home1.sim]: -0.016986548172343248
[imu_publisher-2] [INFO] [1732729680.393876156] [drone_home1.sim]: -0.016986548172343248
[imu_publisher-2] [INFO] [1732729680.448730164] [drone_home1.sim]: -0.016986548172343248
[imu_publisher-2] [INFO] [1732729680.578535987] [drone_home1.sim]: -0.016986548172343248
[imu_publisher-2] [INFO] [1732729680.627960428] [drone_home1.sim]: -0.016986548172343248
[imu_publisher-2] [INFO] [1732729680.677785387] [drone_home1.sim]: -0.016986548172343248
[imu_publisher-2] [INFO] [1732729680.727778251] [drone_home1.sim]: -0.016986548172343248
[imu_publisher-2] [INFO] [1732729680.777990115] [drone_home1.sim]: -0.016986548172343248
[imu_publisher-2] [INFO] [1732729680.827826277] [drone_home1.sim]: -0.016986548172343248
[imu_publisher-2] [INFO] [1732729680.878048918] [drone_home1.sim]: -0.016986548172343248
[imu_publisher-2] [INFO] [1732729680.928037672] [drone_home1.sim]: -0.016986548172343248
[imu_publisher-2] [INFO] [1732729680.977900333] [drone_home1.sim]: -0.016986548172343248
[imu_publisher-2] [INFO] [1732729681.027731569] [drone_home1.sim]: -0.016986548172343248
[imu_publisher-2] [INFO] [1732729681.077899988] [drone_home1.sim]: -0.016986548172343248
[imu_publisher-2] [INFO] [1732729681.128150056] [drone_home1.sim]: -0.016986548172343248
[imu_publisher-2] [INFO] [1732729681.178187883] [drone_home1.sim]: -0.016986548172343248
[imu_publisher-2] [INFO] [1732729681.228480339] [drone_home1.sim]: -0.016986548172343248
[imu_publisher-2] [INFO] [1732729681.278190742] [drone_home1.sim]: -0.016986548172343248
[imu_publisher-2] [INFO] [1732729681.338291446] [drone_home1.sim]: -0.016986548172343248
[imu_publisher-2] [INFO] [1732729681.432468852] [drone_home1.sim]: -0.016986548172343248
[imu_publisher-2] [INFO] [1732729681.478511940] [drone_home1.sim]: -0.016986548172343248
[imu_publisher-2] [INFO] [1732729681.529245394] [drone_home1.sim]: -0.016986548172343248
[imu_publisher-2] [INFO] [1732729681.579364184] [drone_home1.sim]: -0.016986548172343248
[imu_publisher-2] [INFO] [1732729681.629888657] [drone_home1.sim]: -0.016986548172343248
[imu_publisher-2] [INFO] [1732729681.679820985] [drone_home1.sim]: -0.016986548172343248
[imu_publisher-2] [INFO] [1732729681.729796053] [drone_home1.sim]: -0.016986548172343248
[imu_publisher-2] [INFO] [1732729681.779567900] [drone_home1.sim]: -0.016986548172343248
[imu_publisher-2] [INFO] [1732729681.830323669] [drone_home1.sim]: -0.016986548172343248
[imu_publisher-2] [INFO] [1732729681.880214904] [drone_home1.sim]: -0.016986548172343248
[imu_publisher-2] [INFO] [1732729681.929894993] [drone_home1.sim]: -0.016986548172343248
[imu_publisher-2] [INFO] [1732729681.979947172] [drone_home1.sim]: -0.016986548172343248
[imu_publisher-2] [INFO] [1732729682.029621761] [drone_home1.sim]: -0.016986548172343248
[imu_publisher-2] [INFO] [1732729682.080016846] [drone_home1.sim]: -0.016986548172343248
[imu_publisher-2] [INFO] [1732729682.129800767] [drone_home1.sim]: -0.016986548172343248
[imu_publisher-2] [INFO] [1732729682.212637025] [drone_home1.sim]: -0.016986548172343248
[imu_publisher-2] [INFO] [1732729682.272969691] [drone_home1.sim]: -0.016986548172343248
[imu_publisher-2] [INFO] [1732729682.279921120] [drone_home1.sim]: -0.016986548172343248
[imu_publisher-2] [INFO] [1732729682.329443357] [drone_home1.sim]: -0.016986548172343248
[imu_publisher-2] [INFO] [1732729682.380876437] [drone_home1.sim]: -0.016986548172343248
[imu_publisher-2] [INFO] [1732729682.428720775] [drone_home1.sim]: -0.016986548172343248
[imu_publisher-2] [INFO] [1732729682.478573622] [drone_home1.sim]: -0.016986548172343248
[imu_publisher-2] [INFO] [1732729682.528584116] [drone_home1.sim]: -0.016986548172343248
[imu_publisher-2] [INFO] [1732729682.578114150] [drone_home1.sim]: -0.016986548172343248
[imu_publisher-2] [INFO] [1732729682.627770016] [drone_home1.sim]: -0.016986548172343248
[imu_publisher-2] [INFO] [1732729682.714654051] [drone_home1.sim]: -0.016986548172343248
[imu_publisher-2] [INFO] [1732729682.727504858] [drone_home1.sim]: -0.016986548172343248
[imu_publisher-2] [INFO] [1732729682.781837090] [drone_home1.sim]: -0.016986548172343248
[imu_publisher-2] [INFO] [1732729682.844954409] [drone_home1.sim]: -0.016986548172343248
[imu_publisher-2] [INFO] [1732729682.878357115] [drone_home1.sim]: -0.016986548172343248
[imu_publisher-2] [INFO] [1732729682.928082666] [drone_home1.sim]: -0.016986548172343248
[imu_publisher-2] [INFO] [1732729682.977713866] [drone_home1.sim]: -0.016986548172343248
[imu_publisher-2] [INFO] [1732729683.027995470] [drone_home1.sim]: -0.016986548172343248
[imu_publisher-2] [INFO] [1732729683.121980525] [drone_home1.sim]: -0.016986548172343248
[imu_publisher-2] [INFO] [1732729683.128001254] [drone_home1.sim]: -0.016986548172343248
[imu_publisher-2] [INFO] [1732729683.178264155] [drone_home1.sim]: -0.016986548172343248
[imu_publisher-2] [INFO] [1732729683.228072650] [drone_home1.sim]: -0.016986548172343248
[imu_publisher-2] [INFO] [1732729683.286320363] [drone_home1.sim]: -0.016986548172343248
[imu_publisher-2] [INFO] [1732729683.340374819] [drone_home1.sim]: -0.016986548172343248
[imu_publisher-2] [INFO] [1732729683.391824528] [drone_home1.sim]: -0.016986548172343248
[imu_publisher-2] [INFO] [1732729683.428954771] [drone_home1.sim]: -0.016986548172343248
[imu_publisher-2] [INFO] [1732729683.478951821] [drone_home1.sim]: -0.016986548172343248
[imu_publisher-2] [INFO] [1732729683.528226282] [drone_home1.sim]: -0.016986548172343248
[imu_publisher-2] [INFO] [1732729683.579136716] [drone_home1.sim]: -0.016986548172343248
[imu_publisher-2] [INFO] [1732729683.629044063] [drone_home1.sim]: -0.016986548172343248
[imu_publisher-2] [INFO] [1732729683.679488611] [drone_home1.sim]: -0.016986548172343248
[imu_publisher-2] [INFO] [1732729683.729490975] [drone_home1.sim]: -0.016986548172343248
[imu_publisher-2] [INFO] [1732729683.783826448] [drone_home1.sim]: -0.016986548172343248
[imu_publisher-2] [INFO] [1732729683.842900639] [drone_home1.sim]: -0.016986548172343248
[imu_publisher-2] [INFO] [1732729683.880061807] [drone_home1.sim]: -0.016986548172343248
[imu_publisher-2] [INFO] [1732729683.929690470] [drone_home1.sim]: -0.016986548172343248
[imu_publisher-2] [INFO] [1732729683.979786631] [drone_home1.sim]: -0.016986548172343248
[imu_publisher-2] [INFO] [1732729684.064762156] [drone_home1.sim]: -0.016986548172343248
[imu_publisher-2] [INFO] [1732729684.121465340] [drone_home1.sim]: -0.016986548172343248
[imu_publisher-2] [INFO] [1732729684.129294968] [drone_home1.sim]: -0.016986548172343248
[imu_publisher-2] [INFO] [1732729684.179716571] [drone_home1.sim]: -0.016986548172343248
[imu_publisher-2] [INFO] [1732729684.245979485] [drone_home1.sim]: -0.016986548172343248
[imu_publisher-2] [INFO] [1732729684.905693623] [drone_home1.sim]: -0.016986548172343248
[imu_publisher-2] [INFO] [1732729684.928155475] [drone_home1.sim]: -0.016986548172343248
[imu_publisher-2] [INFO] [1732729685.687635158] [drone_home1.sim]: -0.016986548172343248
[imu_publisher-2] [INFO] [1732729686.081978567] [drone_home1.sim]: -0.016986548172343248
[imu_publisher-2] [INFO] [1732729686.375067993] [drone_home1.sim]: -0.016986548172343248
[imu_publisher-2] [INFO] [1732729686.728382974] [drone_home1.sim]: -0.016986548172343248
[imu_publisher-2] [INFO] [1732729686.778185932] [drone_home1.sim]: -0.016986548172343248
[imu_publisher-2] [INFO] [1732729686.827920947] [drone_home1.sim]: -0.016986548172343248
[imu_publisher-2] [INFO] [1732729686.878154384] [drone_home1.sim]: -0.016986548172343248
[imu_publisher-2] [INFO] [1732729686.928174601] [drone_home1.sim]: -0.016986548172343248
[imu_publisher-2] [INFO] [1732729686.978051392] [drone_home1.sim]: -0.016986548172343248
[imu_publisher-2] [INFO] [1732729687.049855834] [drone_home1.sim]: -0.016986548172343248
[imu_publisher-2] [INFO] [1732729687.082559469] [drone_home1.sim]: -0.016986548172343248
[imu_publisher-2] [INFO] [1732729687.128043338] [drone_home1.sim]: -0.016986548172343248
[imu_publisher-2] [INFO] [1732729687.185612925] [drone_home1.sim]: -0.016986548172343248
[imu_publisher-2] [INFO] [1732729687.228327751] [drone_home1.sim]: -0.016986548172343248
[imu_publisher-2] [INFO] [1732729687.278604763] [drone_home1.sim]: -0.016986548172343248
[imu_publisher-2] [INFO] [1732729687.328456128] [drone_home1.sim]: -0.016986548172343248
[imu_publisher-2] [INFO] [1732729687.398570820] [drone_home1.sim]: -0.016986548172343248
[imu_publisher-2] [INFO] [1732729687.428666097] [drone_home1.sim]: -0.016986548172343248
[imu_publisher-2] [INFO] [1732729687.478987405] [drone_home1.sim]: -0.016986548172343248
[imu_publisher-2] [INFO] [1732729687.529032232] [drone_home1.sim]: -0.016986548172343248
[imu_publisher-2] [INFO] [1732729687.579246355] [drone_home1.sim]: -0.016986548172343248
[imu_publisher-2] [INFO] [1732729687.629325294] [drone_home1.sim]: -0.016986548172343248
[imu_publisher-2] [INFO] [1732729687.679479250] [drone_home1.sim]: -0.016986548172343248
[imu_publisher-2] [INFO] [1732729687.729786002] [drone_home1.sim]: -0.016986548172343248
[imu_publisher-2] [INFO] [1732729687.779932329] [drone_home1.sim]: -0.016986548172343248
[imu_publisher-2] [INFO] [1732729687.829936564] [drone_home1.sim]: -0.016986548172343248
[imu_publisher-2] [INFO] [1732729687.880098465] [drone_home1.sim]: -0.016986548172343248
[imu_publisher-2] [INFO] [1732729687.929598758] [drone_home1.sim]: -0.016986548172343248
[imu_publisher-2] [INFO] [1732729687.979746104] [drone_home1.sim]: -0.016986548172343248
[imu_publisher-2] [INFO] [1732729688.029936597] [drone_home1.sim]: -0.016986548172343248
[imu_publisher-2] [INFO] [1732729688.081260400] [drone_home1.sim]: -0.016986548172343248
[imu_publisher-2] [INFO] [1732729688.129765476] [drone_home1.sim]: -0.016986548172343248
[imu_publisher-2] [INFO] [1732729688.179851766] [drone_home1.sim]: -0.016986548172343248
[imu_publisher-2] [INFO] [1732729688.229681576] [drone_home1.sim]: -0.016986548172343248
[imu_publisher-2] [INFO] [1732729688.919369585] [drone_home1.sim]: -0.016986548172343248
[imu_publisher-2] [INFO] [1732729689.619634153] [drone_home1.sim]: -0.016986548172343248
[imu_publisher-2] [INFO] [1732729690.345638594] [drone_home1.sim]: -0.016986548172343248
[imu_publisher-2] [INFO] [1732729690.392754677] [drone_home1.sim]: -0.016986548172343248
[imu_publisher-2] [INFO] [1732729690.429185960] [drone_home1.sim]: -0.016986548172343248
[imu_publisher-2] [INFO] [1732729690.514493114] [drone_home1.sim]: -0.016986548172343248
[imu_publisher-2] [INFO] [1732729690.566399932] [drone_home1.sim]: -0.016986548172343248
[imu_publisher-2] [INFO] [1732729690.621958085] [drone_home1.sim]: -0.016986548172343248
[imu_publisher-2] [INFO] [1732729690.674061346] [drone_home1.sim]: -0.016986548172343248
[imu_publisher-2] [INFO] [1732729690.723549214] [drone_home1.sim]: -0.016986548172343248
[imu_publisher-2] [INFO] [1732729690.782045055] [drone_home1.sim]: -0.016986548172343248
[imu_publisher-2] [INFO] [1732729690.835778142] [drone_home1.sim]: -0.016986548172343248
[imu_publisher-2] [INFO] [1732729690.884980289] [drone_home1.sim]: -0.016986548172343248
[imu_publisher-2] [INFO] [1732729690.946532485] [drone_home1.sim]: -0.016986548172343248
[imu_publisher-2] [INFO] [1732729690.996750331] [drone_home1.sim]: -0.016986548172343248
[imu_publisher-2] [INFO] [1732729691.047122768] [drone_home1.sim]: -0.016986548172343248
[imu_publisher-2] [INFO] [1732729691.101607240] [drone_home1.sim]: -0.016986548172343248
[imu_publisher-2] [INFO] [1732729691.165274741] [drone_home1.sim]: -0.016986548172343248
[imu_publisher-2] [INFO] [1732729691.215208643] [drone_home1.sim]: -0.016986548172343248
[imu_publisher-2] [INFO] [1732729691.258392634] [drone_home1.sim]: -0.016986548172343248
[imu_publisher-2] [INFO] [1732729691.316855494] [drone_home1.sim]: -0.016986548172343248
[imu_publisher-2] [INFO] [1732729691.327737607] [drone_home1.sim]: -0.016986548172343248
[imu_publisher-2] [INFO] [1732729691.432602405] [drone_home1.sim]: -0.016986548172343248
[imu_publisher-2] [INFO] [1732729691.487129359] [drone_home1.sim]: -0.016986548172343248
[imu_publisher-2] [INFO] [1732729691.536473764] [drone_home1.sim]: -0.016986548172343248
[imu_publisher-2] [INFO] [1732729691.578723704] [drone_home1.sim]: -0.016986548172343248
[imu_publisher-2] [INFO] [1732729691.638085411] [drone_home1.sim]: -0.016986548172343248
[imu_publisher-2] [INFO] [1732729691.679128968] [drone_home1.sim]: -0.016986548172343248
[imu_publisher-2] [INFO] [1732729691.729074945] [drone_home1.sim]: -0.016986548172343248
[imu_publisher-2] [INFO] [1732729691.779240049] [drone_home1.sim]: -0.016986548172343248
[imu_publisher-2] [INFO] [1732729691.829597394] [drone_home1.sim]: -0.016986548172343248
[imu_publisher-2] [INFO] [1732729691.879816332] [drone_home1.sim]: -0.016986548172343248
[imu_publisher-2] [INFO] [1732729691.929657771] [drone_home1.sim]: -0.016986548172343248
[imu_publisher-2] [INFO] [1732729691.979528322] [drone_home1.sim]: -0.016986548172343248
[imu_publisher-2] [INFO] [1732729692.032630505] [drone_home1.sim]: -0.016986548172343248
[imu_publisher-2] [INFO] [1732729692.091042569] [drone_home1.sim]: -0.016986548172343248
[imu_publisher-2] [INFO] [1732729692.144778211] [drone_home1.sim]: -0.016986548172343248
[imu_publisher-2] [INFO] [1732729692.191066020] [drone_home1.sim]: -0.016986548172343248
[imu_publisher-2] [INFO] [1732729692.245187828] [drone_home1.sim]: -0.016986548172343248
[imu_publisher-2] [INFO] [1732729692.385014102] [drone_home1.sim]: -0.016986548172343248
[imu_publisher-2] [INFO] [1732729692.433428400] [drone_home1.sim]: -0.016986548172343248
[imu_publisher-2] [INFO] [1732729692.479724431] [drone_home1.sim]: -0.016986548172343248
[imu_publisher-2] [INFO] [1732729692.529574186] [drone_home1.sim]: -0.016986548172343248
[imu_publisher-2] [INFO] [1732729692.579237571] [drone_home1.sim]: -0.016986548172343248
[imu_publisher-2] [INFO] [1732729692.655176937] [drone_home1.sim]: -0.016986548172343248
[imu_publisher-2] [INFO] [1732729692.678583248] [drone_home1.sim]: -0.016986548172343248
[imu_publisher-2] [INFO] [1732729692.727820913] [drone_home1.sim]: -0.016986548172343248
[imu_publisher-2] [INFO] [1732729692.777865592] [drone_home1.sim]: -0.016986548172343248
[imu_publisher-2] [INFO] [1732729692.827710402] [drone_home1.sim]: -0.016986548172343248
[imu_publisher-2] [INFO] [1732729692.877824915] [drone_home1.sim]: -0.016986548172343248
[imu_publisher-2] [INFO] [1732729692.928072426] [drone_home1.sim]: -0.016986548172343248
[imu_publisher-2] [INFO] [1732729692.977357443] [drone_home1.sim]: -0.016986548172343248
[imu_publisher-2] [INFO] [1732729693.027817361] [drone_home1.sim]: -0.016986548172343248
[imu_publisher-2] [INFO] [1732729693.077786929] [drone_home1.sim]: -0.016986548172343248
[imu_publisher-2] [INFO] [1732729693.146167555] [drone_home1.sim]: -0.016986548172343248
[imu_publisher-2] [INFO] [1732729693.208889895] [drone_home1.sim]: -0.016986548172343248
[imu_publisher-2] [INFO] [1732729693.227648358] [drone_home1.sim]: -0.016986548172343248
[imu_publisher-2] [INFO] [1732729693.277829425] [drone_home1.sim]: -0.016986548172343248
[imu_publisher-2] [INFO] [1732729693.327994178] [drone_home1.sim]: -0.016986548172343248
[imu_publisher-2] [INFO] [1732729693.394305814] [drone_home1.sim]: -0.016986548172343248
[imu_publisher-2] [INFO] [1732729693.446531039] [drone_home1.sim]: -0.016986548172343248
[imu_publisher-2] [INFO] [1732729693.500324070] [drone_home1.sim]: -0.016986548172343248
[imu_publisher-2] [INFO] [1732729693.561110270] [drone_home1.sim]: -0.016986548172343248
[imu_publisher-2] [INFO] [1732729693.578317482] [drone_home1.sim]: -0.016986548172343248
[imu_publisher-2] [INFO] [1732729693.628759048] [drone_home1.sim]: -0.016986548172343248
[imu_publisher-2] [INFO] [1732729693.678730154] [drone_home1.sim]: -0.016986548172343248
[imu_publisher-2] [INFO] [1732729693.729115609] [drone_home1.sim]: -0.016986548172343248
[imu_publisher-2] [INFO] [1732729693.788199596] [drone_home1.sim]: -0.016986548172343248
[imu_publisher-2] [INFO] [1732729693.880999861] [drone_home1.sim]: -0.016986548172343248
[imu_publisher-2] [INFO] [1732729693.929702658] [drone_home1.sim]: -0.016986548172343248
[imu_publisher-2] [INFO] [1732729693.979723949] [drone_home1.sim]: -0.016986548172343248
[imu_publisher-2] [INFO] [1732729694.029676462] [drone_home1.sim]: -0.016986548172343248
[imu_publisher-2] [INFO] [1732729694.081022024] [drone_home1.sim]: -0.016986548172343248
[imu_publisher-2] [INFO] [1732729694.129746543] [drone_home1.sim]: -0.016986548172343248
[imu_publisher-2] [INFO] [1732729694.179694593] [drone_home1.sim]: -0.016986548172343248
[imu_publisher-2] [INFO] [1732729694.229775180] [drone_home1.sim]: -0.016986548172343248
[imu_publisher-2] [INFO] [1732729694.279677286] [drone_home1.sim]: -0.016986548172343248
[imu_publisher-2] [INFO] [1732729694.329901075] [drone_home1.sim]: -0.016986548172343248
[imu_publisher-2] [INFO] [1732729694.379940273] [drone_home1.sim]: -0.016986548172343248
[imu_publisher-2] [INFO] [1732729694.429841120] [drone_home1.sim]: -0.016986548172343248
[imu_publisher-2] [INFO] [1732729694.479786337] [drone_home1.sim]: -0.016986548172343248
[imu_publisher-2] [INFO] [1732729694.529704517] [drone_home1.sim]: -0.016986548172343248
[imu_publisher-2] [INFO] [1732729694.579208810] [drone_home1.sim]: -0.016986548172343248
[imu_publisher-2] [INFO] [1732729694.629343508] [drone_home1.sim]: -0.016986548172343248
[imu_publisher-2] [INFO] [1732729694.678794431] [drone_home1.sim]: -0.016986548172343248
[imu_publisher-2] [INFO] [1732729694.741210364] [drone_home1.sim]: -0.016986548172343248
[imu_publisher-2] [INFO] [1732729694.778437625] [drone_home1.sim]: -0.016986548172343248
[imu_publisher-2] [INFO] [1732729694.839057919] [drone_home1.sim]: -0.016986548172343248
