[INFO] [launch]: All log files can be found below /home/pi/.ros/log/2024-11-27-13-48-36-633081-drone-home-79152
[INFO] [launch]: Default logging verbosity is set to INFO
[WARNING] [imu_publisher-2]: there are now at least 2 nodes with the name /drone_home1/sim created within this launch context
[WARNING] [drive_hardware-3]: there are now at least 3 nodes with the name /drone_home1/sim created within this launch context
[WARNING] [visualization-4]: there are now at least 4 nodes with the name /drone_home1/sim created within this launch context
[WARNING] [static_transform_publisher-6]: there are now at least 2 nodes with the name /drone_home1/static_transform_publisher created within this launch context
[INFO] [drive_publisher-1]: process started with pid [79171]
[INFO] [imu_publisher-2]: process started with pid [79172]
[INFO] [drive_hardware-3]: process started with pid [79173]
[INFO] [visualization-4]: process started with pid [79174]
[INFO] [static_transform_publisher-5]: process started with pid [79175]
[INFO] [static_transform_publisher-6]: process started with pid [79176]
[static_transform_publisher-5] [WARN] [1732733316.833335016] []: Old-style arguments are deprecated; see --help for new-style arguments
[static_transform_publisher-6] [WARN] [1732733316.849870470] []: Old-style arguments are deprecated; see --help for new-style arguments
[static_transform_publisher-5] [INFO] [1732733316.879489841] [drone_home1.static_transform_publisher]: Spinning until stopped - publishing transform
[static_transform_publisher-5] translation: ('0.000000', '0.000000', '0.000000')
[static_transform_publisher-5] rotation: ('0.000000', '0.000000', '0.000000', '1.000000')
[static_transform_publisher-5] from 'map' to 'imu_frame'
[static_transform_publisher-6] [INFO] [1732733316.892302611] [drone_home1.static_transform_publisher]: Spinning until stopped - publishing transform
[static_transform_publisher-6] translation: ('0.000000', '0.000000', '0.000000')
[static_transform_publisher-6] rotation: ('0.000000', '0.000000', '0.000000', '1.000000')
[static_transform_publisher-6] from 'map' to 'gps_sensor'
[drive_hardware-3] /usr/lib/python3/dist-packages/gpiozero/output_devices.py:1509: PWMSoftwareFallback: To reduce servo jitter, use the pigpio pin factory.See https://gpiozero.readthedocs.io/en/stable/api_output.html#servo for more info
[drive_hardware-3]   warnings.warn(PWMSoftwareFallback(
[imu_publisher-2] [INFO] [1732733319.266476258] [drone_home1.sim]: Calibration status: (True, 'Calibration (sys:0, gyro:0, accel:3, mag:0)')
