[INFO] [launch]: All log files can be found below /home/pi/.ros/log/2024-11-26-09-11-16-937672-drone-home-4398
[INFO] [launch]: Default logging verbosity is set to INFO
[WARNING] [imu_publisher-2]: there are now at least 2 nodes with the name /drone_home1/sim created within this launch context
[WARNING] [joy_node-3]: there are now at least 3 nodes with the name /drone_home1/sim created within this launch context
[WARNING] [drive_hardware-4]: there are now at least 4 nodes with the name /drone_home1/sim created within this launch context
[WARNING] [controller-5]: there are now at least 5 nodes with the name /drone_home1/sim created within this launch context
[WARNING] [static_transform_publisher-7]: there are now at least 2 nodes with the name /drone_home1/static_transform_publisher created within this launch context
[INFO] [drive_publisher-1]: process started with pid [4403]
[INFO] [imu_publisher-2]: process started with pid [4404]
[INFO] [joy_node-3]: process started with pid [4405]
[INFO] [drive_hardware-4]: process started with pid [4406]
[INFO] [controller-5]: process started with pid [4407]
[INFO] [static_transform_publisher-6]: process started with pid [4408]
[INFO] [static_transform_publisher-7]: process started with pid [4409]
[static_transform_publisher-6] [WARN] [1732630277.131989550] []: Old-style arguments are deprecated; see --help for new-style arguments
[static_transform_publisher-6] [37;1m2024-11-26 09:11:17.135 [31;1m[[37;1mXMLPARSER[31;1m Error] [37mInvalid element found into 'locatorType'. Name: UDPv4[34;1m -> Function [36mgetXMLLocatorList[m
[static_transform_publisher-7] [WARN] [1732630277.137442105] []: Old-style arguments are deprecated; see --help for new-style arguments
[static_transform_publisher-7] [37;1m2024-11-26 09:11:17.138 [31;1m[[37;1mXMLPARSER[31;1m Error] [37mInvalid element found into 'locatorType'. Name: UDPv4[34;1m -> Function [36mgetXMLLocatorList[m
[static_transform_publisher-6] [37;1m2024-11-26 09:11:17.135 [31;1m[[37;1mXMLPARSER[31;1m Error] [37mError parsing participant profile[34;1m -> Function [36mparseXMLParticipantProf[m
[static_transform_publisher-6] [37;1m2024-11-26 09:11:17.137 [31;1m[[37;1mXMLPARSER[31;1m Error] [37mError parsing profile's tag participant[34;1m -> Function [36mparseProfiles[m
[static_transform_publisher-6] [37;1m2024-11-26 09:11:17.137 [31;1m[[37;1mXMLPARSER[31;1m Error] [37mError parsing '/home/pi/dds_config.xml'[34;1m -> Function [36mloadXMLFile[m
[static_transform_publisher-7] [37;1m2024-11-26 09:11:17.140 [31;1m[[37;1mXMLPARSER[31;1m Error] [37mError parsing participant profile[34;1m -> Function [36mparseXMLParticipantProf[m
[static_transform_publisher-7] [37;1m2024-11-26 09:11:17.141 [31;1m[[37;1mXMLPARSER[31;1m Error] [37mError parsing profile's tag participant[34;1m -> Function [36mparseProfiles[m
[static_transform_publisher-7] [37;1m2024-11-26 09:11:17.141 [31;1m[[37;1mXMLPARSER[31;1m Error] [37mError parsing '/home/pi/dds_config.xml'[34;1m -> Function [36mloadXMLFile[m
[static_transform_publisher-7] [INFO] [1732630277.245649053] [drone_home1.static_transform_publisher]: Spinning until stopped - publishing transform
[static_transform_publisher-7] translation: ('0.000000', '0.000000', '0.000000')
[static_transform_publisher-7] rotation: ('0.000000', '0.000000', '0.000000', '1.000000')
[static_transform_publisher-7] from 'map' to 'gps_sensor'
[static_transform_publisher-6] [INFO] [1732630277.249671873] [drone_home1.static_transform_publisher]: Spinning until stopped - publishing transform
[static_transform_publisher-6] translation: ('0.000000', '0.000000', '0.000000')
[static_transform_publisher-6] rotation: ('0.000000', '0.000000', '0.000000', '1.000000')
[static_transform_publisher-6] from 'map' to 'imu_frame'
[drive_hardware-4] /usr/lib/python3/dist-packages/gpiozero/output_devices.py:1509: PWMSoftwareFallback: To reduce servo jitter, use the pigpio pin factory.See https://gpiozero.readthedocs.io/en/stable/api_output.html#servo for more info
[drive_hardware-4]   warnings.warn(PWMSoftwareFallback(
[controller-5] [INFO] [1732630278.358308297] [drone_home1.sim]: Controller running
