[INFO] [launch]: All log files can be found below /home/admin/.ros/log/2025-01-31-20-30-50-383470-drone-home-5514
[INFO] [launch]: Default logging verbosity is set to INFO
[WARNING] [gps_publisher-2]: there are now at least 2 nodes with the name /drone_home1/sim created within this launch context
[WARNING] [imu_publisher-3]: there are now at least 3 nodes with the name /drone_home1/sim created within this launch context
[WARNING] [drive_publisher-4]: there are now at least 4 nodes with the name /drone_home1/sim created within this launch context
[WARNING] [drive_hardware-5]: there are now at least 5 nodes with the name /drone_home1/sim created within this launch context
[WARNING] [visualization-6]: there are now at least 6 nodes with the name /drone_home1/sim created within this launch context
[WARNING] [static_transform_publisher-8]: there are now at least 2 nodes with the name /drone_home1/static_transform_publisher created within this launch context
[INFO] [controller-1]: process started with pid [5516]
[INFO] [gps_publisher-2]: process started with pid [5518]
[INFO] [imu_publisher-3]: process started with pid [5520]
[INFO] [drive_publisher-4]: process started with pid [5522]
[INFO] [drive_hardware-5]: process started with pid [5524]
[INFO] [visualization-6]: process started with pid [5526]
[INFO] [static_transform_publisher-7]: process started with pid [5528]
[INFO] [static_transform_publisher-8]: process started with pid [5530]
[static_transform_publisher-7] [WARN] [1738373450.861019722] []: Old-style arguments are deprecated; see --help for new-style arguments
[static_transform_publisher-8] [WARN] [1738373450.870142482] []: Old-style arguments are deprecated; see --help for new-style arguments
[static_transform_publisher-7] [INFO] [1738373450.940576123] [drone_home1.static_transform_publisher]: Spinning until stopped - publishing transform
[static_transform_publisher-7] translation: ('0.000000', '0.000000', '0.000000')
[static_transform_publisher-7] rotation: ('0.000000', '0.000000', '0.000000', '1.000000')
[static_transform_publisher-7] from 'map' to 'imu_frame'
[static_transform_publisher-8] [INFO] [1738373450.940575739] [drone_home1.static_transform_publisher]: Spinning until stopped - publishing transform
[static_transform_publisher-8] translation: ('0.000000', '0.000000', '0.000000')
[static_transform_publisher-8] rotation: ('0.000000', '0.000000', '0.000000', '1.000000')
[static_transform_publisher-8] from 'map' to 'gps_sensor'
[controller-1] [INFO] [1738373451.734147048] [drone_home1.sim]: Controller running
[visualization-6] [INFO] [1738373452.240662744] [drone_home1.sim]: Heading 0.0
[visualization-6] [INFO] [1738373452.676688379] [drone_home1.sim]: Heading 0.0
[imu_publisher-3] [INFO] [1738373453.080012747] [drone_home1.sim]: Calibration status: (True, 'Calibration (sys:0, gyro:0, accel:3, mag:0)')
[visualization-6] [INFO] [1738373453.176811378] [drone_home1.sim]: Heading -0.07884008180729032
[controller-1] [INFO] [1738373453.198428078] [drone_home1.sim]: Current Yaw: -0.07884008180729032, target = 0.0
[controller-1] [INFO] [1738373453.200399112] [drone_home1.sim]: Going to 1: 177318.15 meters
[controller-1] [INFO] [1738373453.298292897] [drone_home1.sim]: Current Yaw: -0.07884008180729032, target = -110.27227717691191
[controller-1] [INFO] [1738373453.299987022] [drone_home1.sim]: Going to 1: 177318.15 meters
[controller-1] [INFO] [1738373453.398281434] [drone_home1.sim]: Current Yaw: -0.07846618639297281, target = -110.27227717691191
[controller-1] [INFO] [1738373453.399977799] [drone_home1.sim]: Going to 1: 177318.15 meters
[controller-1] [INFO] [1738373453.498284403] [drone_home1.sim]: Current Yaw: -0.07846618639297281, target = -110.27227717691191
[controller-1] [INFO] [1738373453.499979809] [drone_home1.sim]: Going to 1: 177318.15 meters
[controller-1] [INFO] [1738373453.598254859] [drone_home1.sim]: Current Yaw: -0.07846618639297281, target = -110.27227717691191
[controller-1] [INFO] [1738373453.599910647] [drone_home1.sim]: Going to 1: 177318.15 meters
[visualization-6] [INFO] [1738373453.676663146] [drone_home1.sim]: Heading -0.07846618639297281
[controller-1] [INFO] [1738373453.698455085] [drone_home1.sim]: Current Yaw: -0.07846618639297281, target = -110.27227717691191
[controller-1] [INFO] [1738373453.700166204] [drone_home1.sim]: Going to 1: 177318.15 meters
[controller-1] [INFO] [1738373453.798377283] [drone_home1.sim]: Current Yaw: -0.07846618639297281, target = -110.27227717691191
[controller-1] [INFO] [1738373453.800040527] [drone_home1.sim]: Going to 1: 177318.15 meters
[controller-1] [INFO] [1738373453.898437087] [drone_home1.sim]: Current Yaw: -0.07846618639297281, target = -110.27227717691191
[controller-1] [INFO] [1738373453.900365431] [drone_home1.sim]: Going to 1: 177318.15 meters
[controller-1] [INFO] [1738373453.998318163] [drone_home1.sim]: Current Yaw: -0.07846618639297281, target = -110.27227717691191
[controller-1] [INFO] [1738373454.000004160] [drone_home1.sim]: Going to 1: 177318.15 meters
[controller-1] [INFO] [1738373454.098643490] [drone_home1.sim]: Current Yaw: -0.07846618639297281, target = -110.27227717691191
[controller-1] [INFO] [1738373454.100402450] [drone_home1.sim]: Going to 1: 177318.15 meters
[visualization-6] [INFO] [1738373454.176884646] [drone_home1.sim]: Heading -0.07846618639297281
[controller-1] [INFO] [1738373454.198393879] [drone_home1.sim]: Current Yaw: -0.07846618639297281, target = -110.27227717691191
[controller-1] [INFO] [1738373454.200153735] [drone_home1.sim]: Going to 1: 177318.15 meters
[controller-1] [INFO] [1738373454.298330740] [drone_home1.sim]: Current Yaw: -0.07846618639297281, target = -110.27227717691191
[controller-1] [INFO] [1738373454.299996415] [drone_home1.sim]: Going to 1: 177318.15 meters
[controller-1] [INFO] [1738373454.399291839] [drone_home1.sim]: Current Yaw: -0.07846618639297281, target = -110.27227717691191
[controller-1] [INFO] [1738373454.401029806] [drone_home1.sim]: Going to 1: 177318.15 meters
[controller-1] [INFO] [1738373454.498418327] [drone_home1.sim]: Current Yaw: -0.07846618639297281, target = -110.27227717691191
[controller-1] [INFO] [1738373454.500152198] [drone_home1.sim]: Going to 1: 177318.15 meters
[controller-1] [INFO] [1738373454.598437112] [drone_home1.sim]: Current Yaw: -0.07846618639297281, target = -110.27227717691191
[controller-1] [INFO] [1738373454.600139653] [drone_home1.sim]: Going to 1: 177318.15 meters
[visualization-6] [INFO] [1738373454.676693244] [drone_home1.sim]: Heading -0.07846618639297281
[controller-1] [INFO] [1738373454.698357812] [drone_home1.sim]: Current Yaw: -0.07846618639297281, target = -110.27227717691191
[controller-1] [INFO] [1738373454.700314317] [drone_home1.sim]: Going to 1: 177318.15 meters
[controller-1] [INFO] [1738373454.798294161] [drone_home1.sim]: Current Yaw: -0.07846618639297281, target = -110.27227717691191
[controller-1] [INFO] [1738373454.799973085] [drone_home1.sim]: Going to 1: 177318.15 meters
[controller-1] [INFO] [1738373454.898279824] [drone_home1.sim]: Current Yaw: -0.07846618639297281, target = -110.27227717691191
[controller-1] [INFO] [1738373454.899929947] [drone_home1.sim]: Going to 1: 177318.15 meters
[controller-1] [INFO] [1738373454.998354291] [drone_home1.sim]: Current Yaw: -0.07846618639297281, target = -110.27227717691191
[controller-1] [INFO] [1738373455.000056449] [drone_home1.sim]: Going to 1: 177318.15 meters
[controller-1] [INFO] [1738373455.098303672] [drone_home1.sim]: Current Yaw: -0.07846618639297281, target = -110.27227717691191
[controller-1] [INFO] [1738373455.100014982] [drone_home1.sim]: Going to 1: 177318.15 meters
[visualization-6] [INFO] [1738373455.176837205] [drone_home1.sim]: Heading -0.07846618639297281
[controller-1] [INFO] [1738373455.198361154] [drone_home1.sim]: Current Yaw: -0.07846618639297281, target = -110.27227717691191
[controller-1] [INFO] [1738373455.200095696] [drone_home1.sim]: Going to 1: 177318.15 meters
[controller-1] [INFO] [1738373455.298204609] [drone_home1.sim]: Current Yaw: -0.07846618639297281, target = -110.27227717691191
[controller-1] [INFO] [1738373455.299977489] [drone_home1.sim]: Going to 1: 177318.15 meters
[controller-1] [INFO] [1738373455.398198855] [drone_home1.sim]: Current Yaw: -0.07846618639297281, target = -110.27227717691191
[controller-1] [INFO] [1738373455.399837777] [drone_home1.sim]: Going to 1: 177318.15 meters
[controller-1] [INFO] [1738373455.498166476] [drone_home1.sim]: Current Yaw: -0.07846618639297281, target = -110.27227717691191
[controller-1] [INFO] [1738373455.499794326] [drone_home1.sim]: Going to 1: 177318.15 meters
[controller-1] [INFO] [1738373455.598208245] [drone_home1.sim]: Current Yaw: -0.07846618639297281, target = -110.27227717691191
[controller-1] [INFO] [1738373455.599844127] [drone_home1.sim]: Going to 1: 177318.15 meters
[visualization-6] [INFO] [1738373455.676716752] [drone_home1.sim]: Heading -0.07846618639297281
[controller-1] [INFO] [1738373455.698190970] [drone_home1.sim]: Current Yaw: -0.07846618639297281, target = -110.27227717691191
[controller-1] [INFO] [1738373455.699821732] [drone_home1.sim]: Going to 1: 177318.15 meters
[controller-1] [INFO] [1738373455.798242275] [drone_home1.sim]: Current Yaw: -0.07846618639297281, target = -110.27227717691191
[controller-1] [INFO] [1738373455.799865389] [drone_home1.sim]: Going to 1: 177318.15 meters
[controller-1] [INFO] [1738373455.898180391] [drone_home1.sim]: Current Yaw: -0.07846618639297281, target = -110.27227717691191
[controller-1] [INFO] [1738373455.899787920] [drone_home1.sim]: Going to 1: 177318.15 meters
[controller-1] [INFO] [1738373455.998174989] [drone_home1.sim]: Current Yaw: -0.07846618639297281, target = -110.27227717691191
[controller-1] [INFO] [1738373455.999853817] [drone_home1.sim]: Going to 1: 177318.15 meters
[controller-1] [INFO] [1738373456.098230238] [drone_home1.sim]: Current Yaw: -0.07846618639297281, target = -110.27227717691191
[controller-1] [INFO] [1738373456.099889032] [drone_home1.sim]: Going to 1: 177318.15 meters
[visualization-6] [INFO] [1738373456.176732389] [drone_home1.sim]: Heading -0.07846618639297281
[controller-1] [INFO] [1738373456.198212043] [drone_home1.sim]: Current Yaw: -0.07846618639297281, target = -110.27227717691191
[controller-1] [INFO] [1738373456.199870229] [drone_home1.sim]: Going to 1: 177318.15 meters
[controller-1] [INFO] [1738373456.298197687] [drone_home1.sim]: Current Yaw: -0.07846618639297281, target = -110.27227717691191
[controller-1] [INFO] [1738373456.299860930] [drone_home1.sim]: Going to 1: 177318.15 meters
[controller-1] [INFO] [1738373456.398188260] [drone_home1.sim]: Current Yaw: -0.07846618639297281, target = -110.27227717691191
[controller-1] [INFO] [1738373456.399836462] [drone_home1.sim]: Going to 1: 177318.13 meters
[controller-1] [INFO] [1738373456.498172145] [drone_home1.sim]: Current Yaw: -0.07846618639297281, target = -110.27222123417273
[controller-1] [INFO] [1738373456.499806138] [drone_home1.sim]: Going to 1: 177318.13 meters
[controller-1] [INFO] [1738373456.598182783] [drone_home1.sim]: Current Yaw: -0.07846618639297281, target = -110.27222123417273
[controller-1] [INFO] [1738373456.599821737] [drone_home1.sim]: Going to 1: 177318.13 meters
[visualization-6] [INFO] [1738373456.676709223] [drone_home1.sim]: Heading -0.07846618639297281
[controller-1] [INFO] [1738373456.698158059] [drone_home1.sim]: Current Yaw: -0.07846618639297281, target = -110.27222123417273
[controller-1] [INFO] [1738373456.699795797] [drone_home1.sim]: Going to 1: 177318.13 meters
[controller-1] [INFO] [1738373456.798208283] [drone_home1.sim]: Current Yaw: -0.07846618639297281, target = -110.27222123417273
[controller-1] [INFO] [1738373456.799857349] [drone_home1.sim]: Going to 1: 177318.13 meters
[controller-1] [INFO] [1738373456.898174247] [drone_home1.sim]: Current Yaw: -0.07846618639297281, target = -110.27222123417273
[controller-1] [INFO] [1738373456.899776399] [drone_home1.sim]: Going to 1: 177318.13 meters
[controller-1] [INFO] [1738373456.998282521] [drone_home1.sim]: Current Yaw: -0.07846618639297281, target = -110.27222123417273
[controller-1] [INFO] [1738373456.999914082] [drone_home1.sim]: Going to 1: 177318.13 meters
[controller-1] [INFO] [1738373457.098171946] [drone_home1.sim]: Current Yaw: -0.07846618639297281, target = -110.27222123417273
[controller-1] [INFO] [1738373457.099827284] [drone_home1.sim]: Going to 1: 177318.13 meters
[visualization-6] [INFO] [1738373457.176825220] [drone_home1.sim]: Heading -0.07846618639297281
[controller-1] [INFO] [1738373457.198242625] [drone_home1.sim]: Current Yaw: -0.07846618639297281, target = -110.27222123417273
[controller-1] [INFO] [1738373457.199912076] [drone_home1.sim]: Going to 1: 177317.91 meters
[controller-1] [INFO] [1738373457.298386076] [drone_home1.sim]: Current Yaw: -0.07846618639297281, target = -110.2722210176449
[controller-1] [INFO] [1738373457.300101545] [drone_home1.sim]: Going to 1: 177317.91 meters
[controller-1] [INFO] [1738373457.398642012] [drone_home1.sim]: Current Yaw: -0.07846618639297281, target = -110.2722210176449
[controller-1] [INFO] [1738373457.400540145] [drone_home1.sim]: Going to 1: 177317.87 meters
[controller-1] [INFO] [1738373457.498375301] [drone_home1.sim]: Current Yaw: -0.07846618639297281, target = -110.27210913217256
[controller-1] [INFO] [1738373457.500043727] [drone_home1.sim]: Going to 1: 177317.87 meters
[controller-1] [INFO] [1738373457.598451581] [drone_home1.sim]: Current Yaw: -0.07846618639297281, target = -110.27210913217256
[controller-1] [INFO] [1738373457.600102983] [drone_home1.sim]: Going to 1: 177317.87 meters
[visualization-6] [INFO] [1738373457.676681444] [drone_home1.sim]: Heading -0.07846618639297281
[controller-1] [INFO] [1738373457.698352717] [drone_home1.sim]: Current Yaw: -0.07846618639297281, target = -110.27210913217256
[controller-1] [INFO] [1738373457.700050041] [drone_home1.sim]: Going to 1: 177317.87 meters
[controller-1] [INFO] [1738373457.798428549] [drone_home1.sim]: Current Yaw: -0.07846618639297281, target = -110.27210913217256
[controller-1] [INFO] [1738373457.800124849] [drone_home1.sim]: Going to 1: 177317.87 meters
[controller-1] [INFO] [1738373457.898335765] [drone_home1.sim]: Current Yaw: -0.07846618639297281, target = -110.27210913217256
[controller-1] [INFO] [1738373457.899995359] [drone_home1.sim]: Going to 1: 177317.87 meters
[controller-1] [INFO] [1738373457.997573384] [drone_home1.sim]: Current Yaw: -0.07846618639297281, target = -110.27210913217256
[controller-1] [INFO] [1738373457.999338551] [drone_home1.sim]: Going to 1: 177317.87 meters
[controller-1] [INFO] [1738373458.098334662] [drone_home1.sim]: Current Yaw: -0.07846618639297281, target = -110.27210913217256
[controller-1] [INFO] [1738373458.100024433] [drone_home1.sim]: Going to 1: 177317.87 meters
[visualization-6] [INFO] [1738373458.176682240] [drone_home1.sim]: Heading -0.07846618639297281
[controller-1] [INFO] [1738373458.197866125] [drone_home1.sim]: Current Yaw: -0.07846618639297281, target = -110.27210913217256
[controller-1] [INFO] [1738373458.199371632] [drone_home1.sim]: Going to 1: 177317.87 meters
[controller-1] [INFO] [1738373458.298439107] [drone_home1.sim]: Current Yaw: -0.07846618639297281, target = -110.27210913217256
[controller-1] [INFO] [1738373458.300102957] [drone_home1.sim]: Going to 1: 177317.87 meters
[controller-1] [INFO] [1738373458.398349499] [drone_home1.sim]: Current Yaw: -0.07846618639297281, target = -110.27210913217256
[controller-1] [INFO] [1738373458.399499566] [drone_home1.sim]: Going to 1: 177317.87 meters
[controller-1] [INFO] [1738373458.498270323] [drone_home1.sim]: Current Yaw: -0.07846618639297281, target = -110.27210913217256
[controller-1] [INFO] [1738373458.499943709] [drone_home1.sim]: Going to 1: 177317.87 meters
[controller-1] [INFO] [1738373458.598274351] [drone_home1.sim]: Current Yaw: -0.07846618639297281, target = -110.27210913217256
[controller-1] [INFO] [1738373458.599983259] [drone_home1.sim]: Going to 1: 177317.87 meters
[visualization-6] [INFO] [1738373458.676673739] [drone_home1.sim]: Heading -0.07846618639297281
[controller-1] [INFO] [1738373458.698307884] [drone_home1.sim]: Current Yaw: -0.07846618639297281, target = -110.27210913217256
[controller-1] [INFO] [1738373458.699970774] [drone_home1.sim]: Going to 1: 177317.87 meters
[controller-1] [INFO] [1738373458.798368043] [drone_home1.sim]: Current Yaw: -0.07846618639297281, target = -110.27210913217256
[controller-1] [INFO] [1738373458.800015540] [drone_home1.sim]: Going to 1: 177317.83 meters
[controller-1] [INFO] [1738373458.898379079] [drone_home1.sim]: Current Yaw: -0.07846618639297281, target = -110.27199724669691
[controller-1] [INFO] [1738373458.900043089] [drone_home1.sim]: Going to 1: 177317.83 meters
[controller-1] [INFO] [1738373458.998275390] [drone_home1.sim]: Current Yaw: -0.07846618639297281, target = -110.27199724669691
[controller-1] [INFO] [1738373458.999985514] [drone_home1.sim]: Going to 1: 177317.83 meters
[controller-1] [INFO] [1738373459.098364551] [drone_home1.sim]: Current Yaw: -0.07846618639297281, target = -110.27199724669691
[controller-1] [INFO] [1738373459.100051281] [drone_home1.sim]: Going to 1: 177317.83 meters
[visualization-6] [INFO] [1738373459.176691116] [drone_home1.sim]: Heading -0.07846618639297281
[controller-1] [INFO] [1738373459.198355817] [drone_home1.sim]: Current Yaw: -0.07846618639297281, target = -110.27199724669691
[controller-1] [INFO] [1738373459.200005650] [drone_home1.sim]: Going to 1: 177317.83 meters
[controller-1] [INFO] [1738373459.298463090] [drone_home1.sim]: Current Yaw: -0.07846618639297281, target = -110.27199724669691
[controller-1] [INFO] [1738373459.300140732] [drone_home1.sim]: Going to 1: 177317.83 meters
[controller-1] [INFO] [1738373459.398325583] [drone_home1.sim]: Current Yaw: -0.07846618639297281, target = -110.27199724669691
[controller-1] [INFO] [1738373459.399984312] [drone_home1.sim]: Going to 1: 177317.83 meters
[controller-1] [INFO] [1738373459.498348595] [drone_home1.sim]: Current Yaw: -0.07846618639297281, target = -110.27199724669691
[controller-1] [INFO] [1738373459.500015165] [drone_home1.sim]: Going to 1: 177317.83 meters
[controller-1] [INFO] [1738373459.598372088] [drone_home1.sim]: Current Yaw: -0.07846618639297281, target = -110.27199724669691
[controller-1] [INFO] [1738373459.600167111] [drone_home1.sim]: Going to 1: 177317.83 meters
[visualization-6] [INFO] [1738373459.676702493] [drone_home1.sim]: Heading -0.07846618639297281
[controller-1] [INFO] [1738373459.698378011] [drone_home1.sim]: Current Yaw: -0.07846618639297281, target = -110.27199724669691
[controller-1] [INFO] [1738373459.700112680] [drone_home1.sim]: Going to 1: 177317.83 meters
[controller-1] [INFO] [1738373459.798351421] [drone_home1.sim]: Current Yaw: -0.07846618639297281, target = -110.27199724669691
[controller-1] [INFO] [1738373459.799987046] [drone_home1.sim]: Going to 1: 177317.83 meters
[controller-1] [INFO] [1738373459.898340736] [drone_home1.sim]: Current Yaw: -0.07846618639297281, target = -110.27199724669691
[controller-1] [INFO] [1738373459.900028203] [drone_home1.sim]: Going to 1: 177317.83 meters
[controller-1] [INFO] [1738373459.998300706] [drone_home1.sim]: Current Yaw: -0.07846618639297281, target = -110.27199724669691
[controller-1] [INFO] [1738373459.999936394] [drone_home1.sim]: Going to 1: 177317.83 meters
[controller-1] [INFO] [1738373460.098421299] [drone_home1.sim]: Current Yaw: -0.07846618639297281, target = -110.27199724669691
[controller-1] [INFO] [1738373460.100102173] [drone_home1.sim]: Going to 1: 177317.83 meters
[visualization-6] [INFO] [1738373460.176720324] [drone_home1.sim]: Heading -0.07846618639297281
[controller-1] [INFO] [1738373460.198325114] [drone_home1.sim]: Current Yaw: -0.07846618639297281, target = -110.27199724669691
[controller-1] [INFO] [1738373460.200025413] [drone_home1.sim]: Going to 1: 177318.05 meters
[controller-1] [INFO] [1738373460.298396232] [drone_home1.sim]: Current Yaw: -0.07846618639297281, target = -110.2719974632108
[controller-1] [INFO] [1738373460.300144213] [drone_home1.sim]: Going to 1: 177318.05 meters
[controller-1] [INFO] [1738373460.398373650] [drone_home1.sim]: Current Yaw: -0.07846618639297281, target = -110.2719974632108
[controller-1] [INFO] [1738373460.400090973] [drone_home1.sim]: Going to 1: 177318.09 meters
[controller-1] [INFO] [1738373460.498390430] [drone_home1.sim]: Current Yaw: -0.07846618639297281, target = -110.27210934869338
[controller-1] [INFO] [1738373460.500064551] [drone_home1.sim]: Going to 1: 177318.09 meters
[controller-1] [INFO] [1738373460.598345543] [drone_home1.sim]: Current Yaw: -0.07846618639297281, target = -110.27210934869338
[controller-1] [INFO] [1738373460.600009776] [drone_home1.sim]: Going to 1: 177318.09 meters
[visualization-6] [INFO] [1738373460.676698651] [drone_home1.sim]: Heading -0.07846618639297281
[controller-1] [INFO] [1738373460.698342610] [drone_home1.sim]: Current Yaw: -0.07846618639297281, target = -110.27210934869338
[controller-1] [INFO] [1738373460.700290631] [drone_home1.sim]: Going to 1: 177318.09 meters
[controller-1] [INFO] [1738373460.798246649] [drone_home1.sim]: Current Yaw: -0.07846618639297281, target = -110.27210934869338
[controller-1] [INFO] [1738373460.799920802] [drone_home1.sim]: Going to 1: 177318.09 meters
[controller-1] [INFO] [1738373460.898223779] [drone_home1.sim]: Current Yaw: -0.07846618639297281, target = -110.27210934869338
[controller-1] [INFO] [1738373460.899850250] [drone_home1.sim]: Going to 1: 177318.09 meters
[controller-1] [INFO] [1738373460.998270512] [drone_home1.sim]: Current Yaw: -0.07846618639297281, target = -110.27210934869338
[controller-1] [INFO] [1738373460.999915672] [drone_home1.sim]: Going to 1: 177318.13 meters
[controller-1] [INFO] [1738373461.098228226] [drone_home1.sim]: Current Yaw: -0.07846618639297281, target = -110.27222123417273
[controller-1] [INFO] [1738373461.099856361] [drone_home1.sim]: Going to 1: 177318.13 meters
[visualization-6] [INFO] [1738373461.176698280] [drone_home1.sim]: Heading -0.07846618639297281
[controller-1] [INFO] [1738373461.198226901] [drone_home1.sim]: Current Yaw: -0.07846618639297281, target = -110.27222123417273
[controller-1] [INFO] [1738373461.200134984] [drone_home1.sim]: Going to 1: 177318.35 meters
[controller-1] [INFO] [1738373461.298307467] [drone_home1.sim]: Current Yaw: -0.07846618639297281, target = -110.27222145077495
[controller-1] [INFO] [1738373461.300442248] [drone_home1.sim]: Going to 1: 177318.35 meters
[controller-1] [INFO] [1738373461.398243163] [drone_home1.sim]: Current Yaw: -0.07846618639297281, target = -110.27222145077495
[controller-1] [INFO] [1738373461.400192112] [drone_home1.sim]: Going to 1: 177318.35 meters
[controller-1] [INFO] [1738373461.498240462] [drone_home1.sim]: Current Yaw: -0.07846618639297281, target = -110.27222145077495
[controller-1] [INFO] [1738373461.500098175] [drone_home1.sim]: Going to 1: 177318.35 meters
[controller-1] [INFO] [1738373461.598200127] [drone_home1.sim]: Current Yaw: -0.07846618639297281, target = -110.27222145077495
[controller-1] [INFO] [1738373461.599828230] [drone_home1.sim]: Going to 1: 177318.37 meters
[visualization-6] [INFO] [1738373461.676699366] [drone_home1.sim]: Heading -0.07846618639297281
[controller-1] [INFO] [1738373461.698217715] [drone_home1.sim]: Current Yaw: -0.07846618639297281, target = -110.27227739351771
[controller-1] [INFO] [1738373461.700014625] [drone_home1.sim]: Going to 1: 177318.37 meters
[controller-1] [INFO] [1738373461.798243911] [drone_home1.sim]: Current Yaw: -0.07846618639297281, target = -110.27227739351771
[controller-1] [INFO] [1738373461.799896079] [drone_home1.sim]: Going to 1: 177318.37 meters
[controller-1] [INFO] [1738373461.898210424] [drone_home1.sim]: Current Yaw: -0.07846618639297281, target = -110.27227739351771
[controller-1] [INFO] [1738373461.899856640] [drone_home1.sim]: Going to 1: 177318.37 meters
[controller-1] [INFO] [1738373461.998276142] [drone_home1.sim]: Current Yaw: -0.07846618639297281, target = -110.27227739351771
[controller-1] [INFO] [1738373461.999940727] [drone_home1.sim]: Going to 1: 177318.37 meters
[controller-1] [INFO] [1738373462.098272266] [drone_home1.sim]: Current Yaw: -0.07846618639297281, target = -110.27227739351771
[controller-1] [INFO] [1738373462.099965875] [drone_home1.sim]: Going to 1: 177318.37 meters
[visualization-6] [INFO] [1738373462.176666809] [drone_home1.sim]: Heading -0.07846618639297281
[controller-1] [INFO] [1738373462.198224835] [drone_home1.sim]: Current Yaw: -0.07846618639297281, target = -110.27227739351771
[controller-1] [INFO] [1738373462.199892203] [drone_home1.sim]: Going to 1: 177318.37 meters
[controller-1] [INFO] [1738373462.298310305] [drone_home1.sim]: Current Yaw: -0.07846618639297281, target = -110.27227739351771
[controller-1] [INFO] [1738373462.299974506] [drone_home1.sim]: Going to 1: 177318.37 meters
[controller-1] [INFO] [1738373462.398250010] [drone_home1.sim]: Current Yaw: -0.07846618639297281, target = -110.27227739351771
[controller-1] [INFO] [1738373462.399937443] [drone_home1.sim]: Going to 1: 177318.37 meters
[controller-1] [INFO] [1738373462.498253077] [drone_home1.sim]: Current Yaw: -0.07846618639297281, target = -110.27227739351771
[controller-1] [INFO] [1738373462.499950143] [drone_home1.sim]: Going to 1: 177318.37 meters
[controller-1] [INFO] [1738373462.598207342] [drone_home1.sim]: Current Yaw: -0.07846618639297281, target = -110.27227739351771
[controller-1] [INFO] [1738373462.599861174] [drone_home1.sim]: Going to 1: 177318.51 meters
[visualization-6] [INFO] [1738373462.676765509] [drone_home1.sim]: Heading -0.07846618639297281
[controller-1] [INFO] [1738373462.698246987] [drone_home1.sim]: Current Yaw: -0.07846618639297281, target = -110.27238938733342
[controller-1] [INFO] [1738373462.699900914] [drone_home1.sim]: Going to 1: 177318.51 meters
[controller-1] [INFO] [1738373462.798224005] [drone_home1.sim]: Current Yaw: -0.07846618639297281, target = -110.27238938733342
[controller-1] [INFO] [1738373462.800097846] [drone_home1.sim]: Going to 1: 177318.51 meters
[controller-1] [INFO] [1738373462.898251297] [drone_home1.sim]: Current Yaw: -0.07846618639297281, target = -110.27238938733342
[controller-1] [INFO] [1738373462.899900936] [drone_home1.sim]: Going to 1: 177318.51 meters
[controller-1] [INFO] [1738373462.998258652] [drone_home1.sim]: Current Yaw: -0.07846618639297281, target = -110.27238938733342
[controller-1] [INFO] [1738373462.999934661] [drone_home1.sim]: Going to 1: 177320.03 meters
[controller-1] [INFO] [1738373463.098277633] [drone_home1.sim]: Current Yaw: -0.07846618639297281, target = -110.27362121220719
[controller-1] [INFO] [1738373463.100302136] [drone_home1.sim]: Going to 1: 177320.03 meters
[visualization-6] [INFO] [1738373463.176698911] [drone_home1.sim]: Heading -0.07846618639297281
[controller-1] [INFO] [1738373463.198246563] [drone_home1.sim]: Current Yaw: -0.07846618639297281, target = -110.27362121220719
[controller-1] [INFO] [1738373463.200097427] [drone_home1.sim]: Going to 1: 177320.03 meters
[controller-1] [INFO] [1738373463.298298504] [drone_home1.sim]: Current Yaw: -0.07846618639297281, target = -110.27362121220719
[controller-1] [INFO] [1738373463.300027379] [drone_home1.sim]: Going to 1: 177320.03 meters
[controller-1] [INFO] [1738373463.397428486] [drone_home1.sim]: Current Yaw: -0.07846618639297281, target = -110.27362121220719
[controller-1] [INFO] [1738373463.398244425] [drone_home1.sim]: Going to 1: 177320.05 meters
[controller-1] [INFO] [1738373463.498289038] [drone_home1.sim]: Current Yaw: -0.07846618639297281, target = -110.27367715494802
[controller-1] [INFO] [1738373463.499944406] [drone_home1.sim]: Going to 1: 177320.05 meters
[controller-1] [INFO] [1738373463.598226991] [drone_home1.sim]: Current Yaw: -0.07846618639297281, target = -110.27367715494802
[controller-1] [INFO] [1738373463.599854485] [drone_home1.sim]: Going to 1: 177320.05 meters
[visualization-6] [INFO] [1738373463.676781811] [drone_home1.sim]: Heading -0.07846618639297281
[controller-1] [INFO] [1738373463.698271572] [drone_home1.sim]: Current Yaw: -0.07846618639297281, target = -110.27367715494802
[controller-1] [INFO] [1738373463.699926204] [drone_home1.sim]: Going to 1: 177320.05 meters
[controller-1] [INFO] [1738373463.798222549] [drone_home1.sim]: Current Yaw: -0.07846618639297281, target = -110.27367715494802
[controller-1] [INFO] [1738373463.799894302] [drone_home1.sim]: Going to 1: 177320.31 meters
[controller-1] [INFO] [1738373463.898248506] [drone_home1.sim]: Current Yaw: -0.07846618639297281, target = -110.27378925761121
[controller-1] [INFO] [1738373463.899895809] [drone_home1.sim]: Going to 1: 177320.31 meters
[controller-1] [INFO] [1738373463.998300191] [drone_home1.sim]: Current Yaw: -0.07846618639297281, target = -110.27378925761121
[controller-1] [INFO] [1738373463.999966663] [drone_home1.sim]: Going to 1: 177320.31 meters
[controller-1] [INFO] [1738373464.098271082] [drone_home1.sim]: Current Yaw: -0.07846618639297281, target = -110.27378925761121
[controller-1] [INFO] [1738373464.099911473] [drone_home1.sim]: Going to 1: 177320.31 meters
[visualization-6] [INFO] [1738373464.176687446] [drone_home1.sim]: Heading -0.07846618639297281
[controller-1] [INFO] [1738373464.198252085] [drone_home1.sim]: Current Yaw: -0.07846618639297281, target = -110.27378925761121
[controller-1] [INFO] [1738373464.199914877] [drone_home1.sim]: Going to 1: 177320.31 meters
[controller-1] [INFO] [1738373464.298237856] [drone_home1.sim]: Current Yaw: -0.07846618639297281, target = -110.27378925761121
[controller-1] [INFO] [1738373464.299910120] [drone_home1.sim]: Going to 1: 177320.31 meters
[controller-1] [INFO] [1738373464.398396467] [drone_home1.sim]: Current Yaw: -0.07846618639297281, target = -110.27378925761121
[controller-1] [INFO] [1738373464.400077019] [drone_home1.sim]: Going to 1: 177320.31 meters
[controller-1] [INFO] [1738373464.498362557] [drone_home1.sim]: Current Yaw: -0.07846618639297281, target = -110.27378925761121
[controller-1] [INFO] [1738373464.500050726] [drone_home1.sim]: Going to 1: 177320.31 meters
[controller-1] [INFO] [1738373464.598267077] [drone_home1.sim]: Current Yaw: -0.07846618639297281, target = -110.27378925761121
[controller-1] [INFO] [1738373464.599986927] [drone_home1.sim]: Going to 1: 177320.34 meters
[visualization-6] [INFO] [1738373464.676693361] [drone_home1.sim]: Heading -0.07846618639297281
[controller-1] [INFO] [1738373464.698289169] [drone_home1.sim]: Current Yaw: -0.07846618639297281, target = -110.27390114309506
[controller-1] [INFO] [1738373464.700045533] [drone_home1.sim]: Going to 1: 177320.34 meters
[controller-1] [INFO] [1738373464.798259708] [drone_home1.sim]: Current Yaw: -0.07846618639297281, target = -110.27390114309506
[controller-1] [INFO] [1738373464.799978182] [drone_home1.sim]: Going to 1: 177320.34 meters
[controller-1] [INFO] [1738373464.898345515] [drone_home1.sim]: Current Yaw: -0.07846618639297281, target = -110.27390114309506
[controller-1] [INFO] [1738373464.900083254] [drone_home1.sim]: Going to 1: 177320.34 meters
[controller-1] [INFO] [1738373464.998297141] [drone_home1.sim]: Current Yaw: -0.07846618639297281, target = -110.27390114309506
[controller-1] [INFO] [1738373464.999951964] [drone_home1.sim]: Going to 1: 177320.36 meters
[controller-1] [INFO] [1738373465.098376589] [drone_home1.sim]: Current Yaw: -0.07846618639297281, target = -110.27395708583535
[controller-1] [INFO] [1738373465.100077430] [drone_home1.sim]: Going to 1: 177320.36 meters
[visualization-6] [INFO] [1738373465.176722596] [drone_home1.sim]: Heading -0.07846618639297281
[controller-1] [INFO] [1738373465.198308223] [drone_home1.sim]: Current Yaw: -0.07846618639297281, target = -110.27395708583535
[controller-1] [INFO] [1738373465.199953573] [drone_home1.sim]: Going to 1: 177320.36 meters
[controller-1] [INFO] [1738373465.298379606] [drone_home1.sim]: Current Yaw: -0.07846618639297281, target = -110.27395708583535
[controller-1] [INFO] [1738373465.300056670] [drone_home1.sim]: Going to 1: 177320.36 meters
[controller-1] [INFO] [1738373465.398365802] [drone_home1.sim]: Current Yaw: -0.07846618639297281, target = -110.27395708583535
[controller-1] [INFO] [1738373465.400071571] [drone_home1.sim]: Going to 1: 177320.40 meters
[controller-1] [INFO] [1738373465.498367198] [drone_home1.sim]: Current Yaw: -0.07846618639297281, target = -110.2740689713136
[controller-1] [INFO] [1738373465.500035206] [drone_home1.sim]: Going to 1: 177320.40 meters
[controller-1] [INFO] [1738373465.598288431] [drone_home1.sim]: Current Yaw: -0.07846618639297281, target = -110.2740689713136
[controller-1] [INFO] [1738373465.599934102] [drone_home1.sim]: Going to 1: 177320.62 meters
[visualization-6] [INFO] [1738373465.676766571] [drone_home1.sim]: Heading -0.07846618639297281
[controller-1] [INFO] [1738373465.698327557] [drone_home1.sim]: Current Yaw: -0.07846618639297281, target = -110.2740691885893
[controller-1] [INFO] [1738373465.699992716] [drone_home1.sim]: Going to 1: 177320.62 meters
[controller-1] [INFO] [1738373465.798629414] [drone_home1.sim]: Current Yaw: -0.07846618639297281, target = -110.2740691885893
[controller-1] [INFO] [1738373465.800344208] [drone_home1.sim]: Going to 1: 177320.62 meters
[controller-1] [INFO] [1738373465.898316493] [drone_home1.sim]: Current Yaw: -0.07846618639297281, target = -110.2740691885893
[controller-1] [INFO] [1738373465.900031671] [drone_home1.sim]: Going to 1: 177320.62 meters
