[INFO] [launch]: All log files can be found below /home/admin/.ros/log/2025-01-31-20-32-36-973340-drone-home-5676
[INFO] [launch]: Default logging verbosity is set to INFO
[WARNING] [pwm_publisher-2]: there are now at least 2 nodes with the name /drone_home1/sim created within this launch context
[WARNING] [gps_publisher-3]: there are now at least 3 nodes with the name /drone_home1/sim created within this launch context
[WARNING] [imu_publisher-4]: there are now at least 4 nodes with the name /drone_home1/sim created within this launch context
[WARNING] [drive_publisher-5]: there are now at least 5 nodes with the name /drone_home1/sim created within this launch context
[WARNING] [drive_hardware-6]: there are now at least 6 nodes with the name /drone_home1/sim created within this launch context
[WARNING] [visualization-7]: there are now at least 7 nodes with the name /drone_home1/sim created within this launch context
[WARNING] [static_transform_publisher-9]: there are now at least 2 nodes with the name /drone_home1/static_transform_publisher created within this launch context
[INFO] [controller-1]: process started with pid [5712]
[INFO] [pwm_publisher-2]: process started with pid [5714]
[INFO] [gps_publisher-3]: process started with pid [5716]
[INFO] [imu_publisher-4]: process started with pid [5718]
[INFO] [drive_publisher-5]: process started with pid [5720]
[INFO] [drive_hardware-6]: process started with pid [5722]
[INFO] [visualization-7]: process started with pid [5724]
[INFO] [static_transform_publisher-8]: process started with pid [5726]
[INFO] [static_transform_publisher-9]: process started with pid [5728]
[static_transform_publisher-8] [WARN] [1738373557.468821118] []: Old-style arguments are deprecated; see --help for new-style arguments
[static_transform_publisher-9] [WARN] [1738373557.488155794] []: Old-style arguments are deprecated; see --help for new-style arguments
[static_transform_publisher-8] [INFO] [1738373557.529508899] [drone_home1.static_transform_publisher]: Spinning until stopped - publishing transform
[static_transform_publisher-8] translation: ('0.000000', '0.000000', '0.000000')
[static_transform_publisher-8] rotation: ('0.000000', '0.000000', '0.000000', '1.000000')
[static_transform_publisher-8] from 'map' to 'imu_frame'
[static_transform_publisher-9] [INFO] [1738373557.547147560] [drone_home1.static_transform_publisher]: Spinning until stopped - publishing transform
[static_transform_publisher-9] translation: ('0.000000', '0.000000', '0.000000')
[static_transform_publisher-9] rotation: ('0.000000', '0.000000', '0.000000', '1.000000')
[static_transform_publisher-9] from 'map' to 'gps_sensor'
[controller-1] [INFO] [1738373558.467709756] [drone_home1.sim]: Controller running
[visualization-7] [INFO] [1738373558.905562230] [drone_home1.sim]: Heading 0.0
[visualization-7] [INFO] [1738373559.343132066] [drone_home1.sim]: Heading 0.0
[imu_publisher-4] [INFO] [1738373559.759379230] [drone_home1.sim]: Calibration status: (True, 'Calibration (sys:0, gyro:0, accel:3, mag:0)')
[controller-1] [INFO] [1738373559.832028860] [drone_home1.sim]: Current Yaw: -0.07699094657840497, target = 0.0
[controller-1] [INFO] [1738373559.833762475] [drone_home1.sim]: Going to 1: 177327.30 meters
[visualization-7] [INFO] [1738373559.843030728] [drone_home1.sim]: Heading -0.07699094657840497
[controller-1] [INFO] [1738373559.931987555] [drone_home1.sim]: Current Yaw: -0.07699094657840497, target = -110.28677046439084
[controller-1] [INFO] [1738373559.933759187] [drone_home1.sim]: Going to 1: 177327.30 meters
[controller-1] [INFO] [1738373560.031942086] [drone_home1.sim]: Current Yaw: -0.07699094657840497, target = -110.28677046439084
[controller-1] [INFO] [1738373560.033687894] [drone_home1.sim]: Going to 1: 177327.30 meters
[controller-1] [INFO] [1738373560.131838080] [drone_home1.sim]: Current Yaw: -0.07699094657840497, target = -110.28677046439084
[controller-1] [INFO] [1738373560.133547151] [drone_home1.sim]: Going to 1: 177327.30 meters
[controller-1] [INFO] [1738373560.231782876] [drone_home1.sim]: Current Yaw: -0.07699094657840497, target = -110.28677046439084
[controller-1] [INFO] [1738373560.233456649] [drone_home1.sim]: Going to 1: 177327.30 meters
[controller-1] [INFO] [1738373560.331804281] [drone_home1.sim]: Current Yaw: -0.07699094657840497, target = -110.28677046439084
[controller-1] [INFO] [1738373560.333511368] [drone_home1.sim]: Going to 1: 177327.30 meters
[visualization-7] [INFO] [1738373560.343058027] [drone_home1.sim]: Heading -0.07699094657840497
[controller-1] [INFO] [1738373560.431902777] [drone_home1.sim]: Current Yaw: -0.07699094657840497, target = -110.28677046439084
[controller-1] [INFO] [1738373560.433608583] [drone_home1.sim]: Going to 1: 177327.19 meters
[controller-1] [INFO] [1738373560.531983032] [drone_home1.sim]: Current Yaw: -0.07699094657840497, target = -110.28677035495717
[controller-1] [INFO] [1738373560.533922381] [drone_home1.sim]: Going to 1: 177327.19 meters
[controller-1] [INFO] [1738373560.631873970] [drone_home1.sim]: Current Yaw: -0.07699094657840497, target = -110.28677035495717
[controller-1] [INFO] [1738373560.633597089] [drone_home1.sim]: Going to 1: 177327.19 meters
[controller-1] [INFO] [1738373560.731820334] [drone_home1.sim]: Current Yaw: -0.07699094657840497, target = -110.28677035495717
[controller-1] [INFO] [1738373560.733513756] [drone_home1.sim]: Going to 1: 177327.19 meters
[controller-1] [INFO] [1738373560.831816427] [drone_home1.sim]: Current Yaw: -0.07699094657840497, target = -110.28677035495717
[controller-1] [INFO] [1738373560.833519993] [drone_home1.sim]: Going to 1: 177327.19 meters
[visualization-7] [INFO] [1738373560.842923896] [drone_home1.sim]: Heading -0.07699094657840497
[controller-1] [INFO] [1738373560.931845896] [drone_home1.sim]: Current Yaw: -0.07699094657840497, target = -110.28677035495717
[controller-1] [INFO] [1738373560.933558167] [drone_home1.sim]: Going to 1: 177327.19 meters
[controller-1] [INFO] [1738373561.031899524] [drone_home1.sim]: Current Yaw: -0.07699094657840497, target = -110.28677035495717
[controller-1] [INFO] [1738373561.033645107] [drone_home1.sim]: Going to 1: 177327.19 meters
[controller-1] [INFO] [1738373561.132024889] [drone_home1.sim]: Current Yaw: -0.07699094657840497, target = -110.28677035495717
[controller-1] [INFO] [1738373561.133924812] [drone_home1.sim]: Going to 1: 177327.19 meters
[visualization-7] [INFO] [1738373561.343007462] [drone_home1.sim]: Heading -0.07699094657840497
[controller-1] [INFO] [1738373561.410053116] [drone_home1.sim]: Current Yaw: -0.07699094657840497, target = -110.28677035495717
[controller-1] [INFO] [1738373561.411780299] [drone_home1.sim]: Going to 1: 177327.19 meters
[controller-1] [INFO] [1738373561.431802473] [drone_home1.sim]: Current Yaw: -0.07699094657840497, target = -110.28677035495717
[controller-1] [INFO] [1738373561.433519767] [drone_home1.sim]: Going to 1: 177327.21 meters
[controller-1] [INFO] [1738373561.531948927] [drone_home1.sim]: Current Yaw: -0.07699094657840497, target = -110.28682629755004
[controller-1] [INFO] [1738373561.533659757] [drone_home1.sim]: Going to 1: 177327.21 meters
[controller-1] [INFO] [1738373561.631331264] [drone_home1.sim]: Current Yaw: -0.07699094657840497, target = -110.28682629755004
[controller-1] [INFO] [1738373561.633053839] [drone_home1.sim]: Going to 1: 177327.21 meters
[controller-1] [INFO] [1738373561.731770270] [drone_home1.sim]: Current Yaw: -0.07699094657840497, target = -110.28682629755004
[controller-1] [INFO] [1738373561.732734360] [drone_home1.sim]: Going to 1: 177327.21 meters
[controller-1] [INFO] [1738373561.831265762] [drone_home1.sim]: Current Yaw: -0.07699094657840497, target = -110.28682629755004
[controller-1] [INFO] [1738373561.832436738] [drone_home1.sim]: Going to 1: 177327.21 meters
[visualization-7] [INFO] [1738373561.843072450] [drone_home1.sim]: Heading -0.07699094657840497
[controller-1] [INFO] [1738373561.931018094] [drone_home1.sim]: Current Yaw: -0.07699094657840497, target = -110.28682629755004
[controller-1] [INFO] [1738373561.931885317] [drone_home1.sim]: Going to 1: 177327.21 meters
[controller-1] [INFO] [1738373562.030956539] [drone_home1.sim]: Current Yaw: -0.07699094657840497, target = -110.28682629755004
[controller-1] [INFO] [1738373562.031879732] [drone_home1.sim]: Going to 1: 177327.21 meters
[controller-1] [INFO] [1738373562.131578931] [drone_home1.sim]: Current Yaw: -0.07699094657840497, target = -110.28682629755004
[controller-1] [INFO] [1738373562.132843861] [drone_home1.sim]: Going to 1: 177327.21 meters
[controller-1] [INFO] [1738373562.231397461] [drone_home1.sim]: Current Yaw: -0.07699094657840497, target = -110.28682629755004
[controller-1] [INFO] [1738373562.232483730] [drone_home1.sim]: Going to 1: 177327.21 meters
[controller-1] [INFO] [1738373562.332095951] [drone_home1.sim]: Current Yaw: -0.07699094657840497, target = -110.28682629755004
[controller-1] [INFO] [1738373562.333871455] [drone_home1.sim]: Going to 1: 177327.21 meters
[visualization-7] [INFO] [1738373562.343049302] [drone_home1.sim]: Heading -0.07699094657840497
[controller-1] [INFO] [1738373562.431938898] [drone_home1.sim]: Current Yaw: -0.07699094657840497, target = -110.28682629755004
[controller-1] [INFO] [1738373562.433666496] [drone_home1.sim]: Going to 1: 177327.21 meters
[controller-1] [INFO] [1738373562.532027035] [drone_home1.sim]: Current Yaw: -0.07699094657840497, target = -110.28682629755004
[controller-1] [INFO] [1738373562.533707240] [drone_home1.sim]: Going to 1: 177327.21 meters
[controller-1] [INFO] [1738373562.632090980] [drone_home1.sim]: Current Yaw: -0.07699094657840497, target = -110.28682629755004
[controller-1] [INFO] [1738373562.633873748] [drone_home1.sim]: Going to 1: 177327.25 meters
[controller-1] [INFO] [1738373562.732051754] [drone_home1.sim]: Current Yaw: -0.07699094657840497, target = -110.28693818273342
[controller-1] [INFO] [1738373562.733766136] [drone_home1.sim]: Going to 1: 177327.25 meters
[controller-1] [INFO] [1738373562.831965839] [drone_home1.sim]: Current Yaw: -0.07699094657840497, target = -110.28693818273342
[controller-1] [INFO] [1738373562.833624923] [drone_home1.sim]: Going to 1: 177327.25 meters
[visualization-7] [INFO] [1738373562.843026905] [drone_home1.sim]: Heading -0.07699094657840497
[controller-1] [INFO] [1738373562.931973622] [drone_home1.sim]: Current Yaw: -0.07699094657840497, target = -110.28693818273342
[controller-1] [INFO] [1738373562.934038989] [drone_home1.sim]: Going to 1: 177327.25 meters
[controller-1] [INFO] [1738373563.031901432] [drone_home1.sim]: Current Yaw: -0.07699094657840497, target = -110.28693818273342
[controller-1] [INFO] [1738373563.033819051] [drone_home1.sim]: Going to 1: 177327.25 meters
[controller-1] [INFO] [1738373563.132083257] [drone_home1.sim]: Current Yaw: -0.07699094657840497, target = -110.28693818273342
[controller-1] [INFO] [1738373563.133850664] [drone_home1.sim]: Going to 1: 177327.25 meters
[controller-1] [INFO] [1738373563.231847663] [drone_home1.sim]: Current Yaw: -0.07699094657840497, target = -110.28693818273342
[controller-1] [INFO] [1738373563.233556157] [drone_home1.sim]: Going to 1: 177327.03 meters
[controller-1] [INFO] [1738373563.331780841] [drone_home1.sim]: Current Yaw: -0.07699094657840497, target = -110.28693796391157
[controller-1] [INFO] [1738373563.333457942] [drone_home1.sim]: Going to 1: 177327.03 meters
[visualization-7] [INFO] [1738373563.343010423] [drone_home1.sim]: Heading -0.07699094657840497
[controller-1] [INFO] [1738373563.431868648] [drone_home1.sim]: Current Yaw: -0.07699094657840497, target = -110.28693796391157
[controller-1] [INFO] [1738373563.433563605] [drone_home1.sim]: Going to 1: 177327.07 meters
[controller-1] [INFO] [1738373563.531853699] [drone_home1.sim]: Current Yaw: -0.07699094657840497, target = -110.28704984908472
[controller-1] [INFO] [1738373563.533498352] [drone_home1.sim]: Going to 1: 177327.07 meters
[controller-1] [INFO] [1738373563.631854176] [drone_home1.sim]: Current Yaw: -0.07699094657840497, target = -110.28704984908472
[controller-1] [INFO] [1738373563.633525453] [drone_home1.sim]: Going to 1: 177327.07 meters
[controller-1] [INFO] [1738373563.731876509] [drone_home1.sim]: Current Yaw: -0.07699094657840497, target = -110.28704984908472
[controller-1] [INFO] [1738373563.733576810] [drone_home1.sim]: Going to 1: 177327.07 meters
[controller-1] [INFO] [1738373563.831846200] [drone_home1.sim]: Current Yaw: -0.07699094657840497, target = -110.28704984908472
[controller-1] [INFO] [1738373563.833542886] [drone_home1.sim]: Going to 1: 177327.07 meters
[visualization-7] [INFO] [1738373563.843084934] [drone_home1.sim]: Heading -0.07699094657840497
[controller-1] [INFO] [1738373563.931859221] [drone_home1.sim]: Current Yaw: -0.07699094657840497, target = -110.28704984908472
[controller-1] [INFO] [1738373563.933522753] [drone_home1.sim]: Going to 1: 177327.07 meters
[controller-1] [INFO] [1738373564.031845389] [drone_home1.sim]: Current Yaw: -0.07699094657840497, target = -110.28704984908472
[controller-1] [INFO] [1738373564.033524154] [drone_home1.sim]: Going to 1: 177327.07 meters
[controller-1] [INFO] [1738373564.131846271] [drone_home1.sim]: Current Yaw: -0.07699094657840497, target = -110.28704984908472
[controller-1] [INFO] [1738373564.133519595] [drone_home1.sim]: Going to 1: 177327.07 meters
[controller-1] [INFO] [1738373564.231854064] [drone_home1.sim]: Current Yaw: -0.07699094657840497, target = -110.28704984908472
[controller-1] [INFO] [1738373564.233547454] [drone_home1.sim]: Going to 1: 177327.07 meters
[controller-1] [INFO] [1738373564.331857346] [drone_home1.sim]: Current Yaw: -0.07699094657840497, target = -110.28704984908472
[controller-1] [INFO] [1738373564.333534319] [drone_home1.sim]: Going to 1: 177327.07 meters
[visualization-7] [INFO] [1738373564.343003404] [drone_home1.sim]: Heading -0.07699094657840497
[controller-1] [INFO] [1738373564.431873108] [drone_home1.sim]: Current Yaw: -0.07699094657840497, target = -110.28704984908472
[controller-1] [INFO] [1738373564.433545185] [drone_home1.sim]: Going to 1: 177327.07 meters
[controller-1] [INFO] [1738373564.531894534] [drone_home1.sim]: Current Yaw: -0.07699094657840497, target = -110.28704984908472
[controller-1] [INFO] [1738373564.533585747] [drone_home1.sim]: Going to 1: 177327.07 meters
[controller-1] [INFO] [1738373564.631874647] [drone_home1.sim]: Current Yaw: -0.07699094657840497, target = -110.28704984908472
[controller-1] [INFO] [1738373564.633623430] [drone_home1.sim]: Going to 1: 177327.09 meters
[controller-1] [INFO] [1738373564.731904841] [drone_home1.sim]: Current Yaw: -0.07699094657840497, target = -110.28710579167085
[controller-1] [INFO] [1738373564.733586966] [drone_home1.sim]: Going to 1: 177327.09 meters
[controller-1] [INFO] [1738373564.831869914] [drone_home1.sim]: Current Yaw: -0.07699094657840497, target = -110.28710579167085
[controller-1] [INFO] [1738373564.833569063] [drone_home1.sim]: Going to 1: 177327.09 meters
[visualization-7] [INFO] [1738373564.843104678] [drone_home1.sim]: Heading -0.07699094657840497
[controller-1] [INFO] [1738373564.931884331] [drone_home1.sim]: Current Yaw: -0.07699094657840497, target = -110.28710579167085
[controller-1] [INFO] [1738373564.933627770] [drone_home1.sim]: Going to 1: 177327.09 meters
[controller-1] [INFO] [1738373565.031887258] [drone_home1.sim]: Current Yaw: -0.07699094657840497, target = -110.28710579167085
[controller-1] [INFO] [1738373565.033596167] [drone_home1.sim]: Going to 1: 177327.09 meters
[controller-1] [INFO] [1738373565.131845376] [drone_home1.sim]: Current Yaw: -0.07699094657840497, target = -110.28710579167085
[controller-1] [INFO] [1738373565.133527308] [drone_home1.sim]: Going to 1: 177327.09 meters
[controller-1] [INFO] [1738373565.231842854] [drone_home1.sim]: Current Yaw: -0.07699094657840497, target = -110.28710579167085
[controller-1] [INFO] [1738373565.233514931] [drone_home1.sim]: Going to 1: 177327.09 meters
[controller-1] [INFO] [1738373565.331852045] [drone_home1.sim]: Current Yaw: -0.07699094657840497, target = -110.28710579167085
[controller-1] [INFO] [1738373565.333587900] [drone_home1.sim]: Going to 1: 177327.09 meters
[visualization-7] [INFO] [1738373565.343067288] [drone_home1.sim]: Heading -0.07699094657840497
[controller-1] [INFO] [1738373565.431897621] [drone_home1.sim]: Current Yaw: -0.07699094657840497, target = -110.28710579167085
[controller-1] [INFO] [1738373565.433861578] [drone_home1.sim]: Going to 1: 177327.09 meters
[controller-1] [INFO] [1738373565.531837051] [drone_home1.sim]: Current Yaw: -0.07699094657840497, target = -110.28710579167085
[controller-1] [INFO] [1738373565.533533896] [drone_home1.sim]: Going to 1: 177327.09 meters
[controller-1] [INFO] [1738373565.631835745] [drone_home1.sim]: Current Yaw: -0.07699094657840497, target = -110.28710579167085
[controller-1] [INFO] [1738373565.633533038] [drone_home1.sim]: Going to 1: 177327.09 meters
[controller-1] [INFO] [1738373565.731899722] [drone_home1.sim]: Current Yaw: -0.07699094657840497, target = -110.28710579167085
[controller-1] [INFO] [1738373565.733622424] [drone_home1.sim]: Going to 1: 177327.09 meters
[controller-1] [INFO] [1738373565.831874224] [drone_home1.sim]: Current Yaw: -0.07699094657840497, target = -110.28710579167085
[controller-1] [INFO] [1738373565.833555581] [drone_home1.sim]: Going to 1: 177327.07 meters
[visualization-7] [INFO] [1738373565.843085338] [drone_home1.sim]: Heading -0.07699094657840497
[controller-1] [INFO] [1738373565.931831062] [drone_home1.sim]: Current Yaw: -0.07699094657840497, target = -110.28704984908472
[controller-1] [INFO] [1738373565.933519203] [drone_home1.sim]: Going to 1: 177327.07 meters
[controller-1] [INFO] [1738373566.031808217] [drone_home1.sim]: Current Yaw: -0.07699094657840497, target = -110.28704984908472
[controller-1] [INFO] [1738373566.033472517] [drone_home1.sim]: Going to 1: 177326.85 meters
[controller-1] [INFO] [1738373566.131787412] [drone_home1.sim]: Current Yaw: -0.07699094657840497, target = -110.28704963033046
[controller-1] [INFO] [1738373566.133448096] [drone_home1.sim]: Going to 1: 177326.85 meters
[controller-1] [INFO] [1738373566.231010492] [drone_home1.sim]: Current Yaw: -0.07699094657840497, target = -110.28704963033046
[controller-1] [INFO] [1738373566.231862290] [drone_home1.sim]: Going to 1: 177326.85 meters
[controller-1] [INFO] [1738373566.331856271] [drone_home1.sim]: Current Yaw: -0.07699094657840497, target = -110.28704963033046
[controller-1] [INFO] [1738373566.333651966] [drone_home1.sim]: Going to 1: 177326.85 meters
[visualization-7] [INFO] [1738373566.342993814] [drone_home1.sim]: Heading -0.07699094657840497
[controller-1] [INFO] [1738373566.430929618] [drone_home1.sim]: Current Yaw: -0.07699094657840497, target = -110.28704963033046
[controller-1] [INFO] [1738373566.431830698] [drone_home1.sim]: Going to 1: 177326.85 meters
[controller-1] [INFO] [1738373566.531842567] [drone_home1.sim]: Current Yaw: -0.07699094657840497, target = -110.28704963033046
[controller-1] [INFO] [1738373566.533482322] [drone_home1.sim]: Going to 1: 177326.85 meters
[controller-1] [INFO] [1738373566.632164875] [drone_home1.sim]: Current Yaw: -0.07699094657840497, target = -110.28704963033046
[controller-1] [INFO] [1738373566.633874649] [drone_home1.sim]: Going to 1: 177326.71 meters
[controller-1] [INFO] [1738373566.732322508] [drone_home1.sim]: Current Yaw: -0.07699094657840497, target = -110.28693763581853
[controller-1] [INFO] [1738373566.734190973] [drone_home1.sim]: Going to 1: 177326.71 meters
[controller-1] [INFO] [1738373566.831068583] [drone_home1.sim]: Current Yaw: -0.07699094657840497, target = -110.28693763581853
[controller-1] [INFO] [1738373566.831966015] [drone_home1.sim]: Going to 1: 177326.71 meters
[visualization-7] [INFO] [1738373566.842246319] [drone_home1.sim]: Heading -0.07699094657840497
[controller-1] [INFO] [1738373566.932116063] [drone_home1.sim]: Current Yaw: -0.07699094657840497, target = -110.28693763581853
[controller-1] [INFO] [1738373566.934075571] [drone_home1.sim]: Going to 1: 177326.71 meters
[controller-1] [INFO] [1738373567.031235105] [drone_home1.sim]: Current Yaw: -0.07699094657840497, target = -110.28693763581853
[controller-1] [INFO] [1738373567.032163225] [drone_home1.sim]: Going to 1: 177326.71 meters
[controller-1] [INFO] [1738373567.132983680] [drone_home1.sim]: Current Yaw: -0.07699094657840497, target = -110.28693763581853
[controller-1] [INFO] [1738373567.134849458] [drone_home1.sim]: Going to 1: 177326.71 meters
[controller-1] [INFO] [1738373567.232095323] [drone_home1.sim]: Current Yaw: -0.07699094657840497, target = -110.28693763581853
[controller-1] [INFO] [1738373567.233915595] [drone_home1.sim]: Going to 1: 177326.71 meters
[controller-1] [INFO] [1738373567.332000266] [drone_home1.sim]: Current Yaw: -0.07699094657840497, target = -110.28693763581853
[controller-1] [INFO] [1738373567.333853339] [drone_home1.sim]: Going to 1: 177326.71 meters
[visualization-7] [INFO] [1738373567.343064622] [drone_home1.sim]: Heading -0.07699094657840497
[controller-1] [INFO] [1738373567.432219137] [drone_home1.sim]: Current Yaw: -0.07699094657840497, target = -110.28693763581853
[controller-1] [INFO] [1738373567.433996752] [drone_home1.sim]: Going to 1: 177326.71 meters
[controller-1] [INFO] [1738373567.531974573] [drone_home1.sim]: Current Yaw: -0.07699094657840497, target = -110.28693763581853
[controller-1] [INFO] [1738373567.533679578] [drone_home1.sim]: Going to 1: 177326.71 meters
[controller-1] [INFO] [1738373567.631954590] [drone_home1.sim]: Current Yaw: -0.07699094657840497, target = -110.28693763581853
[controller-1] [INFO] [1738373567.633710284] [drone_home1.sim]: Going to 1: 177326.45 meters
[controller-1] [INFO] [1738373567.732022673] [drone_home1.sim]: Current Yaw: -0.07699094657840497, target = -110.28682553202407
[controller-1] [INFO] [1738373567.733735711] [drone_home1.sim]: Going to 1: 177326.45 meters
[controller-1] [INFO] [1738373567.832027043] [drone_home1.sim]: Current Yaw: -0.07699094657840497, target = -110.28682553202407
[controller-1] [INFO] [1738373567.833723120] [drone_home1.sim]: Going to 1: 177326.45 meters
[visualization-7] [INFO] [1738373567.843077767] [drone_home1.sim]: Heading -0.07699094657840497
[controller-1] [INFO] [1738373567.931921938] [drone_home1.sim]: Current Yaw: -0.07699094657840497, target = -110.28682553202407
[controller-1] [INFO] [1738373567.933625887] [drone_home1.sim]: Going to 1: 177326.45 meters
[controller-1] [INFO] [1738373568.031925729] [drone_home1.sim]: Current Yaw: -0.07699094657840497, target = -110.28682553202407
[controller-1] [INFO] [1738373568.033655662] [drone_home1.sim]: Going to 1: 177326.43 meters
[controller-1] [INFO] [1738373568.131924488] [drone_home1.sim]: Current Yaw: -0.07699094657840497, target = -110.2867695894434
[controller-1] [INFO] [1738373568.133609620] [drone_home1.sim]: Going to 1: 177326.43 meters
[controller-1] [INFO] [1738373568.231990513] [drone_home1.sim]: Current Yaw: -0.07699094657840497, target = -110.2867695894434
[controller-1] [INFO] [1738373568.233756480] [drone_home1.sim]: Going to 1: 177326.43 meters
[controller-1] [INFO] [1738373568.331971192] [drone_home1.sim]: Current Yaw: -0.07699094657840497, target = -110.2867695894434
[controller-1] [INFO] [1738373568.333622659] [drone_home1.sim]: Going to 1: 177326.43 meters
[visualization-7] [INFO] [1738373568.343041179] [drone_home1.sim]: Heading -0.07699094657840497
[controller-1] [INFO] [1738373568.431981055] [drone_home1.sim]: Current Yaw: -0.07699094657840497, target = -110.2867695894434
[controller-1] [INFO] [1738373568.433770831] [drone_home1.sim]: Going to 1: 177326.39 meters
[controller-1] [INFO] [1738373568.531927237] [drone_home1.sim]: Current Yaw: -0.07699094657840497, target = -110.28665770427878
[controller-1] [INFO] [1738373568.533602673] [drone_home1.sim]: Going to 1: 177326.39 meters
[controller-1] [INFO] [1738373568.631905292] [drone_home1.sim]: Current Yaw: -0.07699094657840497, target = -110.28665770427878
[controller-1] [INFO] [1738373568.633617049] [drone_home1.sim]: Going to 1: 177326.39 meters
[controller-1] [INFO] [1738373568.731910580] [drone_home1.sim]: Current Yaw: -0.07699094657840497, target = -110.28665770427878
[controller-1] [INFO] [1738373568.733573823] [drone_home1.sim]: Going to 1: 177326.39 meters
[controller-1] [INFO] [1738373568.831960860] [drone_home1.sim]: Current Yaw: -0.07699094657840497, target = -110.28665770427878
[controller-1] [INFO] [1738373568.833662665] [drone_home1.sim]: Going to 1: 177326.17 meters
[visualization-7] [INFO] [1738373568.843064640] [drone_home1.sim]: Heading -0.07699094657840497
[controller-1] [INFO] [1738373568.931896770] [drone_home1.sim]: Current Yaw: -0.07699094657840497, target = -110.28665748573523
[controller-1] [INFO] [1738373568.933584462] [drone_home1.sim]: Going to 1: 177326.17 meters
[controller-1] [INFO] [1738373569.031969384] [drone_home1.sim]: Current Yaw: -0.07699094657840497, target = -110.28665748573523
[controller-1] [INFO] [1738373569.033688245] [drone_home1.sim]: Going to 1: 177326.17 meters
[controller-1] [INFO] [1738373569.131877538] [drone_home1.sim]: Current Yaw: -0.07699094657840497, target = -110.28665748573523
[controller-1] [INFO] [1738373569.133548846] [drone_home1.sim]: Going to 1: 177326.17 meters
[controller-1] [INFO] [1738373569.231979714] [drone_home1.sim]: Current Yaw: -0.07699094657840497, target = -110.28665748573523
[controller-1] [INFO] [1738373569.233689583] [drone_home1.sim]: Going to 1: 177326.17 meters
[controller-1] [INFO] [1738373569.331921181] [drone_home1.sim]: Current Yaw: -0.07699094657840497, target = -110.28665748573523
[controller-1] [INFO] [1738373569.333595465] [drone_home1.sim]: Going to 1: 177326.17 meters
[visualization-7] [INFO] [1738373569.343046593] [drone_home1.sim]: Heading -0.07699094657840497
[controller-1] [INFO] [1738373569.431974108] [drone_home1.sim]: Current Yaw: -0.07699094657840497, target = -110.28665748573523
[controller-1] [INFO] [1738373569.433678120] [drone_home1.sim]: Going to 1: 177326.17 meters
[controller-1] [INFO] [1738373569.532051963] [drone_home1.sim]: Current Yaw: -0.07699094657840497, target = -110.28665748573523
[controller-1] [INFO] [1738373569.533743335] [drone_home1.sim]: Going to 1: 177326.17 meters
[controller-1] [INFO] [1738373569.631956309] [drone_home1.sim]: Current Yaw: -0.07699094657840497, target = -110.28665748573523
[controller-1] [INFO] [1738373569.633643617] [drone_home1.sim]: Going to 1: 177326.17 meters
[controller-1] [INFO] [1738373569.731925233] [drone_home1.sim]: Current Yaw: -0.07699094657840497, target = -110.28665748573523
[controller-1] [INFO] [1738373569.733624510] [drone_home1.sim]: Going to 1: 177324.24 meters
[controller-1] [INFO] [1738373569.831908590] [drone_home1.sim]: Current Yaw: -0.07699094657840497, target = -110.28609631451472
[controller-1] [INFO] [1738373569.833645467] [drone_home1.sim]: Going to 1: 177324.24 meters
[visualization-7] [INFO] [1738373569.843122772] [drone_home1.sim]: Heading -0.07699094657840497
[controller-1] [INFO] [1738373569.931909547] [drone_home1.sim]: Current Yaw: -0.07699094657840497, target = -110.28609631451472
[controller-1] [INFO] [1738373569.933635416] [drone_home1.sim]: Going to 1: 177324.24 meters
[controller-1] [INFO] [1738373570.031939206] [drone_home1.sim]: Current Yaw: -0.07699094657840497, target = -110.28609631451472
[controller-1] [INFO] [1738373570.033674931] [drone_home1.sim]: Going to 1: 177324.02 meters
[controller-1] [INFO] [1738373570.131832725] [drone_home1.sim]: Current Yaw: -0.07699094657840497, target = -110.28609609667686
[controller-1] [INFO] [1738373570.133493729] [drone_home1.sim]: Going to 1: 177324.02 meters
[controller-1] [INFO] [1738373570.231884682] [drone_home1.sim]: Current Yaw: -0.07699094657840497, target = -110.28609609667686
[controller-1] [INFO] [1738373570.233591830] [drone_home1.sim]: Going to 1: 177324.02 meters
[controller-1] [INFO] [1738373570.331827867] [drone_home1.sim]: Current Yaw: -0.07699094657840497, target = -110.28609609667686
[controller-1] [INFO] [1738373570.333492614] [drone_home1.sim]: Going to 1: 177324.02 meters
[visualization-7] [INFO] [1738373570.343000958] [drone_home1.sim]: Heading -0.07699094657840497
[controller-1] [INFO] [1738373570.431912240] [drone_home1.sim]: Current Yaw: -0.07699094657840497, target = -110.28609609667686
[controller-1] [INFO] [1738373570.433559099] [drone_home1.sim]: Going to 1: 177324.02 meters
[controller-1] [INFO] [1738373570.531913794] [drone_home1.sim]: Current Yaw: -0.07699094657840497, target = -110.28609609667686
[controller-1] [INFO] [1738373570.533623087] [drone_home1.sim]: Going to 1: 177324.02 meters
[controller-1] [INFO] [1738373570.631915829] [drone_home1.sim]: Current Yaw: -0.07699094657840497, target = -110.28609609667686
[controller-1] [INFO] [1738373570.633623010] [drone_home1.sim]: Going to 1: 177323.80 meters
[controller-1] [INFO] [1738373570.731868487] [drone_home1.sim]: Current Yaw: -0.07699094657840497, target = -110.28609587891349
[controller-1] [INFO] [1738373570.733591124] [drone_home1.sim]: Going to 1: 177323.80 meters
[controller-1] [INFO] [1738373570.832041694] [drone_home1.sim]: Current Yaw: -0.07699094657840497, target = -110.28609587891349
[controller-1] [INFO] [1738373570.833756235] [drone_home1.sim]: Going to 1: 177323.80 meters
[visualization-7] [INFO] [1738373570.843111775] [drone_home1.sim]: Heading -0.07699094657840497
[controller-1] [INFO] [1738373570.931859756] [drone_home1.sim]: Current Yaw: -0.07699094657840497, target = -110.28609587891349
[controller-1] [INFO] [1738373570.933522327] [drone_home1.sim]: Going to 1: 177323.80 meters
[controller-1] [INFO] [1738373571.031903357] [drone_home1.sim]: Current Yaw: -0.07699094657840497, target = -110.28609587891349
[controller-1] [INFO] [1738373571.033594761] [drone_home1.sim]: Going to 1: 177323.80 meters
[controller-1] [INFO] [1738373571.131877540] [drone_home1.sim]: Current Yaw: -0.07699094657840497, target = -110.28609587891349
[controller-1] [INFO] [1738373571.133524111] [drone_home1.sim]: Going to 1: 177323.80 meters
[controller-1] [INFO] [1738373571.231919502] [drone_home1.sim]: Current Yaw: -0.07699094657840497, target = -110.28609587891349
[controller-1] [INFO] [1738373571.233561017] [drone_home1.sim]: Going to 1: 177323.69 meters
[controller-1] [INFO] [1738373571.331885206] [drone_home1.sim]: Current Yaw: -0.07699094657840497, target = -110.28609577005979
[controller-1] [INFO] [1738373571.333562913] [drone_home1.sim]: Going to 1: 177323.69 meters
[visualization-7] [INFO] [1738373571.343039512] [drone_home1.sim]: Heading -0.07699094657840497
[controller-1] [INFO] [1738373571.432133509] [drone_home1.sim]: Current Yaw: -0.07699094657840497, target = -110.28609577005979
[controller-1] [INFO] [1738373571.434032598] [drone_home1.sim]: Going to 1: 177323.69 meters
[controller-1] [INFO] [1738373571.531781636] [drone_home1.sim]: Current Yaw: -0.07699094657840497, target = -110.28609577005979
[controller-1] [INFO] [1738373571.533465232] [drone_home1.sim]: Going to 1: 177323.69 meters
[controller-1] [INFO] [1738373571.631848366] [drone_home1.sim]: Current Yaw: -0.07699094657840497, target = -110.28609577005979
[controller-1] [INFO] [1738373571.633563483] [drone_home1.sim]: Going to 1: 177323.69 meters
[controller-1] [INFO] [1738373571.731794517] [drone_home1.sim]: Current Yaw: -0.07699094657840497, target = -110.28609577005979
[controller-1] [INFO] [1738373571.733554243] [drone_home1.sim]: Going to 1: 177323.69 meters
[controller-1] [INFO] [1738373571.831774237] [drone_home1.sim]: Current Yaw: -0.07699094657840497, target = -110.28609577005979
[controller-1] [INFO] [1738373571.833439273] [drone_home1.sim]: Going to 1: 177323.73 meters
[visualization-7] [INFO] [1738373571.843109476] [drone_home1.sim]: Heading -0.07699094657840497
[controller-1] [INFO] [1738373571.931874089] [drone_home1.sim]: Current Yaw: -0.07699094657840497, target = -110.28620765516045
[controller-1] [INFO] [1738373571.933582549] [drone_home1.sim]: Going to 1: 177323.73 meters
[controller-1] [INFO] [1738373572.031964368] [drone_home1.sim]: Current Yaw: -0.07699094657840497, target = -110.28620765516045
[controller-1] [INFO] [1738373572.033686301] [drone_home1.sim]: Going to 1: 177323.73 meters
[controller-1] [INFO] [1738373572.131979279] [drone_home1.sim]: Current Yaw: -0.07699094657840497, target = -110.28620765516045
[controller-1] [INFO] [1738373572.133853856] [drone_home1.sim]: Going to 1: 177323.73 meters
[controller-1] [INFO] [1738373572.231862475] [drone_home1.sim]: Current Yaw: -0.07699094657840497, target = -110.28620765516045
[controller-1] [INFO] [1738373572.233572823] [drone_home1.sim]: Going to 1: 177323.51 meters
[controller-1] [INFO] [1738373572.331761510] [drone_home1.sim]: Current Yaw: -0.07699094657840497, target = -110.2862074375019
[controller-1] [INFO] [1738373572.333419153] [drone_home1.sim]: Going to 1: 177323.51 meters
[visualization-7] [INFO] [1738373572.343068139] [drone_home1.sim]: Heading -0.07699094657840497
[controller-1] [INFO] [1738373572.431817510] [drone_home1.sim]: Current Yaw: -0.07699094657840497, target = -110.2862074375019
[controller-1] [INFO] [1738373572.433487890] [drone_home1.sim]: Going to 1: 177323.51 meters
[controller-1] [INFO] [1738373572.531787428] [drone_home1.sim]: Current Yaw: -0.07699094657840497, target = -110.2862074375019
[controller-1] [INFO] [1738373572.533488528] [drone_home1.sim]: Going to 1: 177323.51 meters
[controller-1] [INFO] [1738373572.631804099] [drone_home1.sim]: Current Yaw: -0.07699094657840497, target = -110.2862074375019
[controller-1] [INFO] [1738373572.633520527] [drone_home1.sim]: Going to 1: 177323.51 meters
[controller-1] [INFO] [1738373572.731869763] [drone_home1.sim]: Current Yaw: -0.07699094657840497, target = -110.2862074375019
[controller-1] [INFO] [1738373572.733607312] [drone_home1.sim]: Going to 1: 177323.51 meters
[controller-1] [INFO] [1738373572.832053318] [drone_home1.sim]: Current Yaw: -0.07699094657840497, target = -110.2862074375019
[controller-1] [INFO] [1738373572.833784819] [drone_home1.sim]: Going to 1: 177323.51 meters
[visualization-7] [INFO] [1738373572.843058755] [drone_home1.sim]: Heading -0.07699094657840497
[controller-1] [INFO] [1738373572.931888128] [drone_home1.sim]: Current Yaw: -0.07699094657840497, target = -110.2862074375019
[controller-1] [INFO] [1738373572.933556267] [drone_home1.sim]: Going to 1: 177323.51 meters
[controller-1] [INFO] [1738373573.031918236] [drone_home1.sim]: Current Yaw: -0.07699094657840497, target = -110.2862074375019
[controller-1] [INFO] [1738373573.033632361] [drone_home1.sim]: Going to 1: 177323.26 meters
[controller-1] [INFO] [1738373573.131906768] [drone_home1.sim]: Current Yaw: -0.07699094657840497, target = -110.28609533483127
[controller-1] [INFO] [1738373573.133578588] [drone_home1.sim]: Going to 1: 177323.26 meters
[controller-1] [INFO] [1738373573.231996999] [drone_home1.sim]: Current Yaw: -0.07699094657840497, target = -110.28609533483127
[controller-1] [INFO] [1738373573.233696563] [drone_home1.sim]: Going to 1: 177323.26 meters
[controller-1] [INFO] [1738373573.331891673] [drone_home1.sim]: Current Yaw: -0.07699094657840497, target = -110.28609533483127
[controller-1] [INFO] [1738373573.333570756] [drone_home1.sim]: Going to 1: 177323.26 meters
[visualization-7] [INFO] [1738373573.343051609] [drone_home1.sim]: Heading -0.07699094657840497
[controller-1] [INFO] [1738373573.431920334] [drone_home1.sim]: Current Yaw: -0.07699094657840497, target = -110.28609533483127
[controller-1] [INFO] [1738373573.433932866] [drone_home1.sim]: Going to 1: 177323.26 meters
[controller-1] [INFO] [1738373573.531885026] [drone_home1.sim]: Current Yaw: -0.07699094657840497, target = -110.28609533483127
[controller-1] [INFO] [1738373573.533559469] [drone_home1.sim]: Going to 1: 177323.26 meters
[controller-1] [INFO] [1738373573.631940183] [drone_home1.sim]: Current Yaw: -0.07699094657840497, target = -110.28609533483127
[controller-1] [INFO] [1738373573.633658468] [drone_home1.sim]: Going to 1: 177323.26 meters
[controller-1] [INFO] [1738373573.731921259] [drone_home1.sim]: Current Yaw: -0.07699094657840497, target = -110.28609533483127
[controller-1] [INFO] [1738373573.733595158] [drone_home1.sim]: Going to 1: 177323.26 meters
[controller-1] [INFO] [1738373573.831918944] [drone_home1.sim]: Current Yaw: -0.07699094657840497, target = -110.28609533483127
[controller-1] [INFO] [1738373573.833602763] [drone_home1.sim]: Going to 1: 177323.15 meters
[visualization-7] [INFO] [1738373573.843066687] [drone_home1.sim]: Heading -0.07699094657840497
[controller-1] [INFO] [1738373573.932040279] [drone_home1.sim]: Current Yaw: -0.07699094657840497, target = -110.2860952260707
[controller-1] [INFO] [1738373573.934043243] [drone_home1.sim]: Going to 1: 177323.15 meters
[controller-1] [INFO] [1738373574.030995438] [drone_home1.sim]: Current Yaw: -0.07699094657840497, target = -110.2860952260707
[controller-1] [INFO] [1738373574.032653368] [drone_home1.sim]: Going to 1: 177323.15 meters
[controller-1] [INFO] [1738373574.131874063] [drone_home1.sim]: Current Yaw: -0.07699094657840497, target = -110.2860952260707
[controller-1] [INFO] [1738373574.133590491] [drone_home1.sim]: Going to 1: 177323.15 meters
[controller-1] [INFO] [1738373574.231104901] [drone_home1.sim]: Current Yaw: -0.07699094657840497, target = -110.2860952260707
[controller-1] [INFO] [1738373574.231955995] [drone_home1.sim]: Going to 1: 177323.15 meters
[controller-1] [INFO] [1738373574.331822146] [drone_home1.sim]: Current Yaw: -0.07699094657840497, target = -110.2860952260707
[controller-1] [INFO] [1738373574.333497613] [drone_home1.sim]: Going to 1: 177323.15 meters
[visualization-7] [INFO] [1738373574.343142661] [drone_home1.sim]: Heading -0.07699094657840497
[controller-1] [INFO] [1738373574.431881006] [drone_home1.sim]: Current Yaw: -0.07699094657840497, target = -110.2860952260707
[controller-1] [INFO] [1738373574.432915017] [drone_home1.sim]: Going to 1: 177323.11 meters
