[INFO] [launch]: All log files can be found below /home/admin/.ros/log/2025-01-22-16-12-52-813403-drone-home-13944
[INFO] [launch]: Default logging verbosity is set to INFO
[WARNING] [imu_publisher-2]: there are now at least 2 nodes with the name /drone_home1/sim created within this launch context
[WARNING] [drive_publisher-3]: there are now at least 3 nodes with the name /drone_home1/sim created within this launch context
[WARNING] [drive_hardware-4]: there are now at least 4 nodes with the name /drone_home1/sim created within this launch context
[WARNING] [visualization-5]: there are now at least 5 nodes with the name /drone_home1/sim created within this launch context
[WARNING] [static_transform_publisher-7]: there are now at least 2 nodes with the name /drone_home1/static_transform_publisher created within this launch context
[INFO] [controller-1]: process started with pid [13946]
[INFO] [imu_publisher-2]: process started with pid [13948]
[INFO] [drive_publisher-3]: process started with pid [13950]
[INFO] [drive_hardware-4]: process started with pid [13952]
[INFO] [visualization-5]: process started with pid [13954]
[INFO] [static_transform_publisher-6]: process started with pid [13956]
[INFO] [static_transform_publisher-7]: process started with pid [13958]
[static_transform_publisher-7] [WARN] [1737580373.215458677] []: Old-style arguments are deprecated; see --help for new-style arguments
[static_transform_publisher-6] [WARN] [1737580373.223540551] []: Old-style arguments are deprecated; see --help for new-style arguments
[static_transform_publisher-6] [INFO] [1737580373.278377795] [drone_home1.static_transform_publisher]: Spinning until stopped - publishing transform
[static_transform_publisher-6] translation: ('0.000000', '0.000000', '0.000000')
[static_transform_publisher-6] rotation: ('0.000000', '0.000000', '0.000000', '1.000000')
[static_transform_publisher-6] from 'map' to 'imu_frame'
[static_transform_publisher-7] [INFO] [1737580373.288126299] [drone_home1.static_transform_publisher]: Spinning until stopped - publishing transform
[static_transform_publisher-7] translation: ('0.000000', '0.000000', '0.000000')
[static_transform_publisher-7] rotation: ('0.000000', '0.000000', '0.000000', '1.000000')
[static_transform_publisher-7] from 'map' to 'gps_sensor'
[imu_publisher-2] Traceback (most recent call last):
[imu_publisher-2]   File "/workspaces/isaac_ros-dev/drone-home/ros2_ws/install/drone_home/lib/drone_home/imu_publisher", line 33, in <module>
[imu_publisher-2]     sys.exit(load_entry_point('drone-home==0.0.0', 'console_scripts', 'imu_publisher')())
[imu_publisher-2]   File "/workspaces/isaac_ros-dev/drone-home/ros2_ws/install/drone_home/lib/drone_home/imu_publisher", line 25, in importlib_load_entry_point
[imu_publisher-2]     return next(matches).load()
[imu_publisher-2]   File "/usr/lib/python3.10/importlib/metadata/__init__.py", line 171, in load
[imu_publisher-2]     module = import_module(match.group('module'))
[imu_publisher-2]   File "/usr/lib/python3.10/importlib/__init__.py", line 126, in import_module
[imu_publisher-2]     return _bootstrap._gcd_import(name[level:], package, level)
[imu_publisher-2]   File "<frozen importlib._bootstrap>", line 1050, in _gcd_import
[imu_publisher-2]   File "<frozen importlib._bootstrap>", line 1027, in _find_and_load
[imu_publisher-2]   File "<frozen importlib._bootstrap>", line 1006, in _find_and_load_unlocked
[imu_publisher-2]   File "<frozen importlib._bootstrap>", line 688, in _load_unlocked
[imu_publisher-2]   File "<frozen importlib._bootstrap_external>", line 883, in exec_module
[imu_publisher-2]   File "<frozen importlib._bootstrap>", line 241, in _call_with_frames_removed
[imu_publisher-2]   File "/workspaces/isaac_ros-dev/drone-home/ros2_ws/install/drone_home/lib/python3.10/site-packages/drone_home/gps_imu_publisher.py", line 4, in <module>
[imu_publisher-2]     import adafruit_bno055
[imu_publisher-2]   File "/usr/local/lib/python3.10/dist-packages/adafruit_bno055.py", line 36, in <module>
[imu_publisher-2]     from adafruit_register.i2c_struct import Struct, UnaryStruct
[imu_publisher-2]   File "/usr/local/lib/python3.10/dist-packages/adafruit_register/i2c_struct.py", line 22, in <module>
[imu_publisher-2]     from circuitpython_typing.device_drivers import I2CDeviceDriver
[imu_publisher-2]   File "/usr/local/lib/python3.10/dist-packages/circuitpython_typing/device_drivers.py", line 13, in <module>
[imu_publisher-2]     from adafruit_bus_device.spi_device import SPIDevice
[imu_publisher-2]   File "/usr/local/lib/python3.10/dist-packages/adafruit_bus_device/spi_device.py", line 20, in <module>
[imu_publisher-2]     from digitalio import DigitalInOut
[imu_publisher-2]   File "/usr/local/lib/python3.10/dist-packages/digitalio.py", line 53, in <module>
[imu_publisher-2]     from adafruit_blinka.microcontroller.tegra.t234.pin import Pin
[imu_publisher-2]   File "/usr/local/lib/python3.10/dist-packages/adafruit_blinka/microcontroller/tegra/t234/pin.py", line 8, in <module>
[imu_publisher-2]     from Jetson import GPIO
[imu_publisher-2]   File "/usr/local/lib/python3.10/dist-packages/Jetson.GPIO-2.1.6-py3.10.egg/Jetson/GPIO/__init__.py", line 1, in <module>
[imu_publisher-2]   File "/usr/local/lib/python3.10/dist-packages/Jetson.GPIO-2.1.6-py3.10.egg/Jetson/GPIO/gpio.py", line 33, in <module>
[imu_publisher-2] RuntimeError: The current user does not have permissions set to access the library functionalites. Please configure permissions or use the root user to run this. It is also possible that /dev/gpiochip0 does not exist. Please check if that file is present.
[drive_hardware-4] Traceback (most recent call last):
[drive_hardware-4]   File "/workspaces/isaac_ros-dev/drone-home/ros2_ws/install/drone_home/lib/drone_home/drive_hardware", line 33, in <module>
[drive_hardware-4]     sys.exit(load_entry_point('drone-home==0.0.0', 'console_scripts', 'drive_hardware')())
[drive_hardware-4]   File "/workspaces/isaac_ros-dev/drone-home/ros2_ws/install/drone_home/lib/drone_home/drive_hardware", line 25, in importlib_load_entry_point
[drive_hardware-4]     return next(matches).load()
[drive_hardware-4]   File "/usr/lib/python3.10/importlib/metadata/__init__.py", line 171, in load
[drive_hardware-4]     module = import_module(match.group('module'))
[drive_hardware-4]   File "/usr/lib/python3.10/importlib/__init__.py", line 126, in import_module
[drive_hardware-4]     return _bootstrap._gcd_import(name[level:], package, level)
[drive_hardware-4]   File "<frozen importlib._bootstrap>", line 1050, in _gcd_import
[drive_hardware-4]   File "<frozen importlib._bootstrap>", line 1027, in _find_and_load
[drive_hardware-4]   File "<frozen importlib._bootstrap>", line 1006, in _find_and_load_unlocked
[drive_hardware-4]   File "<frozen importlib._bootstrap>", line 688, in _load_unlocked
[drive_hardware-4]   File "<frozen importlib._bootstrap_external>", line 883, in exec_module
[drive_hardware-4]   File "<frozen importlib._bootstrap>", line 241, in _call_with_frames_removed
[drive_hardware-4]   File "/workspaces/isaac_ros-dev/drone-home/ros2_ws/install/drone_home/lib/python3.10/site-packages/drone_home/ackermann_drive.py", line 6, in <module>
[drive_hardware-4]     from .servo import ServoController
[drive_hardware-4]   File "/workspaces/isaac_ros-dev/drone-home/ros2_ws/install/drone_home/lib/python3.10/site-packages/drone_home/servo.py", line 1, in <module>
[drive_hardware-4]     from gpiozero import AngularServo
[drive_hardware-4] ModuleNotFoundError: No module named 'gpiozero'
[ERROR] [imu_publisher-2]: process has died [pid 13948, exit code 1, cmd '/workspaces/isaac_ros-dev/drone-home/ros2_ws/install/drone_home/lib/drone_home/imu_publisher --ros-args -r __node:=sim -r __ns:=/drone_home1'].
[ERROR] [drive_hardware-4]: process has died [pid 13952, exit code 1, cmd '/workspaces/isaac_ros-dev/drone-home/ros2_ws/install/drone_home/lib/drone_home/drive_hardware --ros-args -r __node:=sim -r __ns:=/drone_home1'].
[controller-1] [INFO] [1737580373.994387828] [drone_home1.sim]: Controller running
[visualization-5] [INFO] [1737580374.477470057] [drone_home1.sim]: Heading 0.0
[visualization-5] [INFO] [1737580374.942154407] [drone_home1.sim]: Heading 0.0
[visualization-5] [INFO] [1737580375.442362902] [drone_home1.sim]: Heading 0.0
[visualization-5] [INFO] [1737580375.942863275] [drone_home1.sim]: Heading 0.0
[visualization-5] [INFO] [1737580376.443120859] [drone_home1.sim]: Heading 0.0
[visualization-5] [INFO] [1737580376.943018946] [drone_home1.sim]: Heading 0.0
[visualization-5] [INFO] [1737580377.443059212] [drone_home1.sim]: Heading 0.0
[visualization-5] [INFO] [1737580377.943024181] [drone_home1.sim]: Heading 0.0
[visualization-5] [INFO] [1737580378.443083999] [drone_home1.sim]: Heading 0.0
[visualization-5] [INFO] [1737580378.943024806] [drone_home1.sim]: Heading 0.0
[visualization-5] [INFO] [1737580379.443151697] [drone_home1.sim]: Heading 0.0
[visualization-5] [INFO] [1737580379.943031895] [drone_home1.sim]: Heading 0.0
[visualization-5] [INFO] [1737580380.443075008] [drone_home1.sim]: Heading 0.0
[visualization-5] [INFO] [1737580380.943282476] [drone_home1.sim]: Heading 0.0
[visualization-5] [INFO] [1737580381.443085455] [drone_home1.sim]: Heading 0.0
[visualization-5] [INFO] [1737580381.943071734] [drone_home1.sim]: Heading 0.0
[visualization-5] [INFO] [1737580382.442975099] [drone_home1.sim]: Heading 0.0
[visualization-5] [INFO] [1737580382.943122117] [drone_home1.sim]: Heading 0.0
[visualization-5] [INFO] [1737580383.443144172] [drone_home1.sim]: Heading 0.0
[visualization-5] [INFO] [1737580383.943640158] [drone_home1.sim]: Heading 0.0
[visualization-5] [INFO] [1737580384.443146265] [drone_home1.sim]: Heading 0.0
[visualization-5] [INFO] [1737580384.943359268] [drone_home1.sim]: Heading 0.0
[visualization-5] [INFO] [1737580385.443067395] [drone_home1.sim]: Heading 0.0
[visualization-5] [INFO] [1737580385.943026951] [drone_home1.sim]: Heading 0.0
[visualization-5] [INFO] [1737580386.442999052] [drone_home1.sim]: Heading 0.0
[visualization-5] [INFO] [1737580386.943270743] [drone_home1.sim]: Heading 0.0
[visualization-5] [INFO] [1737580387.443047063] [drone_home1.sim]: Heading 0.0
[visualization-5] [INFO] [1737580387.943049660] [drone_home1.sim]: Heading 0.0
[visualization-5] [INFO] [1737580388.443012927] [drone_home1.sim]: Heading 0.0
[visualization-5] [INFO] [1737580388.943214216] [drone_home1.sim]: Heading 0.0
[visualization-5] [INFO] [1737580389.443323886] [drone_home1.sim]: Heading 0.0
[visualization-5] [INFO] [1737580389.943172942] [drone_home1.sim]: Heading 0.0
[visualization-5] [INFO] [1737580390.443111120] [drone_home1.sim]: Heading 0.0
[visualization-5] [INFO] [1737580390.943032498] [drone_home1.sim]: Heading 0.0
[visualization-5] [INFO] [1737580391.443039541] [drone_home1.sim]: Heading 0.0
[visualization-5] [INFO] [1737580391.943034424] [drone_home1.sim]: Heading 0.0
[visualization-5] [INFO] [1737580392.443026906] [drone_home1.sim]: Heading 0.0
[visualization-5] [INFO] [1737580392.943175552] [drone_home1.sim]: Heading 0.0
[visualization-5] [INFO] [1737580393.443247235] [drone_home1.sim]: Heading 0.0
[visualization-5] [INFO] [1737580393.942935071] [drone_home1.sim]: Heading 0.0
[visualization-5] [INFO] [1737580394.443074403] [drone_home1.sim]: Heading 0.0
[visualization-5] [INFO] [1737580394.942948098] [drone_home1.sim]: Heading 0.0
[visualization-5] [INFO] [1737580395.443117895] [drone_home1.sim]: Heading 0.0
[visualization-5] [INFO] [1737580395.943033286] [drone_home1.sim]: Heading 0.0
[visualization-5] [INFO] [1737580396.443010854] [drone_home1.sim]: Heading 0.0
[visualization-5] [INFO] [1737580396.943014791] [drone_home1.sim]: Heading 0.0
[visualization-5] [INFO] [1737580397.443060840] [drone_home1.sim]: Heading 0.0
[visualization-5] [INFO] [1737580397.943165195] [drone_home1.sim]: Heading 0.0
[visualization-5] [INFO] [1737580398.443241260] [drone_home1.sim]: Heading 0.0
[visualization-5] [INFO] [1737580398.943008519] [drone_home1.sim]: Heading 0.0
[visualization-5] [INFO] [1737580399.443355374] [drone_home1.sim]: Heading 0.0
[visualization-5] [INFO] [1737580399.943035302] [drone_home1.sim]: Heading 0.0
[visualization-5] [INFO] [1737580400.443139143] [drone_home1.sim]: Heading 0.0
[visualization-5] [INFO] [1737580400.942998083] [drone_home1.sim]: Heading 0.0
[visualization-5] [INFO] [1737580401.443025954] [drone_home1.sim]: Heading 0.0
[visualization-5] [INFO] [1737580401.943154820] [drone_home1.sim]: Heading 0.0
[visualization-5] [INFO] [1737580402.443207555] [drone_home1.sim]: Heading 0.0
[visualization-5] [INFO] [1737580402.943221537] [drone_home1.sim]: Heading 0.0
[visualization-5] [INFO] [1737580403.443183390] [drone_home1.sim]: Heading 0.0
[visualization-5] [INFO] [1737580403.943048761] [drone_home1.sim]: Heading 0.0
