[INFO] [launch]: All log files can be found below /root/.ros/log/2025-03-04-12-59-22-455043-drone-home-276
[INFO] [launch]: Default logging verbosity is set to INFO
[INFO] [cv_controller-1]: process started with pid [278]
[INFO] [controller-2]: process started with pid [280]
[INFO] [pwm_publisher-3]: process started with pid [282]
[INFO] [gps_publisher-4]: process started with pid [284]
[INFO] [imu_publisher-5]: process started with pid [286]
[INFO] [drive_hardware-6]: process started with pid [288]
[cv_controller-1] [INFO] [1741111163.415688621] [drone_home1.sim]: CV Controller running
[controller-2] [INFO] [1741111163.722938229] [drone_home1.controller]: Controller running
[imu_publisher-5] [INFO] [1741111165.062102712] [drone_home1.imu_publisher]: Calibration status: (True, 'Calibration (sys:0, gyro:0, accel:3, mag:0)')
[controller-2] [INFO] [1741111168.584328761] [drone_home1.controller]: Service request to change coordinate custom_messages.srv.SetCoordinate_Request(new_coordinate=sensor_msgs.msg.NavSatFix(header=std_msgs.msg.Header(stamp=builtin_interfaces.msg.Time(sec=0, nanosec=0), frame_id=''), status=sensor_msgs.msg.NavSatStatus(status=0, service=0), latitude=29.632671, longitude=-82.36249, altitude=0.0, position_covariance=array([0., 0., 0., 0., 0., 0., 0., 0., 0.]), position_covariance_type=0))
[controller-2] [INFO] [1741111168.585196872] [drone_home1.controller]: Waypoints now: [(29.632671, -82.36249)]
[drive_hardware-6] [INFO] [1741111168.730684527] [drone_home1.drive_hardware]: Service request to change drive mode custom_messages.srv.SetMode_Request(mode='automatic')
[drive_hardware-6] [INFO] [1741111168.731863504] [drone_home1.drive_hardware]: Drive mode now: automatic
[drive_hardware-6] [INFO] [1741111309.051835206] [drone_home1.drive_hardware]: Service request to change drive mode custom_messages.srv.SetMode_Request(mode='automatic')
[drive_hardware-6] [INFO] [1741111309.054233332] [drone_home1.drive_hardware]: Drive mode now: automatic
[drive_hardware-6] [INFO] [1741111313.616883844] [drone_home1.drive_hardware]: Service request to change drive mode custom_messages.srv.SetMode_Request(mode='automatic')
[drive_hardware-6] [INFO] [1741111313.617856067] [drone_home1.drive_hardware]: Drive mode now: automatic
[drive_hardware-6] [INFO] [1741111314.684773204] [drone_home1.drive_hardware]: Service request to change drive mode custom_messages.srv.SetMode_Request(mode='manual')
[drive_hardware-6] [INFO] [1741111314.686508363] [drone_home1.drive_hardware]: Drive mode now: manual
[drive_hardware-6] [INFO] [1741111315.294711279] [drone_home1.drive_hardware]: Service request to change drive mode custom_messages.srv.SetMode_Request(mode='automatic')
[drive_hardware-6] [INFO] [1741111315.296695790] [drone_home1.drive_hardware]: Drive mode now: automatic
[drive_hardware-6] [INFO] [1741111318.948453723] [drone_home1.drive_hardware]: Service request to change drive mode custom_messages.srv.SetMode_Request(mode='automatic')
[drive_hardware-6] [INFO] [1741111318.950031117] [drone_home1.drive_hardware]: Drive mode now: automatic
[drive_hardware-6] [INFO] [1741111319.870090514] [drone_home1.drive_hardware]: Service request to change drive mode custom_messages.srv.SetMode_Request(mode='manual')
[drive_hardware-6] [INFO] [1741111319.872066448] [drone_home1.drive_hardware]: Drive mode now: manual
[drive_hardware-6] [INFO] [1741111322.692984385] [drone_home1.drive_hardware]: Service request to change drive mode custom_messages.srv.SetMode_Request(mode='automatic')
[drive_hardware-6] [INFO] [1741111322.694574259] [drone_home1.drive_hardware]: Drive mode now: automatic
[drive_hardware-6] [INFO] [1741111328.650461260] [drone_home1.drive_hardware]: Service request to change drive mode custom_messages.srv.SetMode_Request(mode='automatic')
[drive_hardware-6] [INFO] [1741111328.651750835] [drone_home1.drive_hardware]: Drive mode now: automatic
[drive_hardware-6] [INFO] [1741111329.516213507] [drone_home1.drive_hardware]: Service request to change drive mode custom_messages.srv.SetMode_Request(mode='manual')
[drive_hardware-6] [INFO] [1741111329.517534827] [drone_home1.drive_hardware]: Drive mode now: manual
[drive_hardware-6] [INFO] [1741111330.320665779] [drone_home1.drive_hardware]: Service request to change drive mode custom_messages.srv.SetMode_Request(mode='automatic')
[drive_hardware-6] [INFO] [1741111330.322085982] [drone_home1.drive_hardware]: Drive mode now: automatic
[drive_hardware-6] [INFO] [1741111349.175318548] [drone_home1.drive_hardware]: Service request to change drive mode custom_messages.srv.SetMode_Request(mode='automatic')
[drive_hardware-6] [INFO] [1741111349.177175816] [drone_home1.drive_hardware]: Drive mode now: automatic
[drive_hardware-6] [INFO] [1741111353.178333174] [drone_home1.drive_hardware]: Service request to change drive mode custom_messages.srv.SetMode_Request(mode='automatic')
[drive_hardware-6] [INFO] [1741111353.179363026] [drone_home1.drive_hardware]: Drive mode now: automatic
[drive_hardware-6] [INFO] [1741111353.991992454] [drone_home1.drive_hardware]: Service request to change drive mode custom_messages.srv.SetMode_Request(mode='manual')
[drive_hardware-6] [INFO] [1741111353.993408205] [drone_home1.drive_hardware]: Drive mode now: manual
[drive_hardware-6] [INFO] [1741111373.268020986] [drone_home1.drive_hardware]: Service request to change drive mode custom_messages.srv.SetMode_Request(mode='automatic')
[drive_hardware-6] [INFO] [1741111373.271731546] [drone_home1.drive_hardware]: Drive mode now: automatic
[drive_hardware-6] [INFO] [1741111374.235923020] [drone_home1.drive_hardware]: Service request to change drive mode custom_messages.srv.SetMode_Request(mode='manual')
[drive_hardware-6] [INFO] [1741111374.236995944] [drone_home1.drive_hardware]: Drive mode now: manual
[drive_hardware-6] [INFO] [1741111393.744603249] [drone_home1.drive_hardware]: Service request to change drive mode custom_messages.srv.SetMode_Request(mode='automatic')
[drive_hardware-6] [INFO] [1741111393.745704908] [drone_home1.drive_hardware]: Drive mode now: automatic
[drive_hardware-6] [INFO] [1741111397.586600883] [drone_home1.drive_hardware]: Service request to change drive mode custom_messages.srv.SetMode_Request(mode='manual')
[drive_hardware-6] [INFO] [1741111397.588300955] [drone_home1.drive_hardware]: Drive mode now: manual
[drive_hardware-6] [INFO] [1741111398.312676253] [drone_home1.drive_hardware]: Service request to change drive mode custom_messages.srv.SetMode_Request(mode='automatic')
[drive_hardware-6] [INFO] [1741111398.314287587] [drone_home1.drive_hardware]: Drive mode now: automatic
[drive_hardware-6] [INFO] [1741111440.383090173] [drone_home1.drive_hardware]: Service request to change drive mode custom_messages.srv.SetMode_Request(mode='automatic')
[drive_hardware-6] [INFO] [1741111440.384162579] [drone_home1.drive_hardware]: Drive mode now: automatic
[drive_hardware-6] [INFO] [1741111440.765101741] [drone_home1.drive_hardware]: Service request to change drive mode custom_messages.srv.SetMode_Request(mode='manual')
[drive_hardware-6] [INFO] [1741111440.766203651] [drone_home1.drive_hardware]: Drive mode now: manual
[drive_hardware-6] [INFO] [1741111441.076968416] [drone_home1.drive_hardware]: Service request to change drive mode custom_messages.srv.SetMode_Request(mode='automatic')
[drive_hardware-6] [INFO] [1741111441.078453759] [drone_home1.drive_hardware]: Drive mode now: automatic
[drive_hardware-6] [INFO] [1741111444.466453511] [drone_home1.drive_hardware]: Service request to change drive mode custom_messages.srv.SetMode_Request(mode='automatic')
[drive_hardware-6] [INFO] [1741111444.470687708] [drone_home1.drive_hardware]: Drive mode now: automatic
[drive_hardware-6] [INFO] [1741111478.372108852] [drone_home1.drive_hardware]: Service request to change drive mode custom_messages.srv.SetMode_Request(mode='automatic')
[drive_hardware-6] [INFO] [1741111478.373563086] [drone_home1.drive_hardware]: Drive mode now: automatic
[drive_hardware-6] [INFO] [1741111484.837981501] [drone_home1.drive_hardware]: Service request to change drive mode custom_messages.srv.SetMode_Request(mode='automatic')
[drive_hardware-6] [INFO] [1741111484.839563449] [drone_home1.drive_hardware]: Drive mode now: automatic
[drive_hardware-6] [INFO] [1741111873.778321720] [drone_home1.drive_hardware]: Service request to change drive mode custom_messages.srv.SetMode_Request(mode='automatic')
[drive_hardware-6] [INFO] [1741111873.780167970] [drone_home1.drive_hardware]: Drive mode now: automatic
[drive_hardware-6] [INFO] [1741111875.048726260] [drone_home1.drive_hardware]: Service request to change drive mode custom_messages.srv.SetMode_Request(mode='manual')
[drive_hardware-6] [INFO] [1741111875.051086043] [drone_home1.drive_hardware]: Drive mode now: manual
[drive_hardware-6] [INFO] [1741111876.898994335] [drone_home1.drive_hardware]: Service request to change drive mode custom_messages.srv.SetMode_Request(mode='automatic')
[drive_hardware-6] [INFO] [1741111876.900608795] [drone_home1.drive_hardware]: Drive mode now: automatic
[controller-2] [INFO] [1741111929.181147372] [drone_home1.controller]: Service request to change coordinate custom_messages.srv.SetCoordinate_Request(new_coordinate=sensor_msgs.msg.NavSatFix(header=std_msgs.msg.Header(stamp=builtin_interfaces.msg.Time(sec=0, nanosec=0), frame_id=''), status=sensor_msgs.msg.NavSatStatus(status=0, service=0), latitude=29.632671, longitude=-82.36249, altitude=0.0, position_covariance=array([0., 0., 0., 0., 0., 0., 0., 0., 0.]), position_covariance_type=0))
[controller-2] [INFO] [1741111929.182955243] [drone_home1.controller]: Waypoints now: [(29.632671, -82.36249)]
[drive_hardware-6] [INFO] [1741111929.291563402] [drone_home1.drive_hardware]: Service request to change drive mode custom_messages.srv.SetMode_Request(mode='automatic')
[drive_hardware-6] [INFO] [1741111929.293406443] [drone_home1.drive_hardware]: Drive mode now: automatic
[drive_hardware-6] [INFO] [1741111933.980218468] [drone_home1.drive_hardware]: Service request to change drive mode custom_messages.srv.SetMode_Request(mode='manual')
[drive_hardware-6] [INFO] [1741111933.982094822] [drone_home1.drive_hardware]: Drive mode now: manual
[drive_hardware-6] [INFO] [1741111938.296699891] [drone_home1.drive_hardware]: Service request to change drive mode custom_messages.srv.SetMode_Request(mode='manual')
[drive_hardware-6] [INFO] [1741111938.298289766] [drone_home1.drive_hardware]: Drive mode now: manual
[drive_hardware-6] [INFO] [1741111942.416136994] [drone_home1.drive_hardware]: Service request to change drive mode custom_messages.srv.SetMode_Request(mode='automatic')
[drive_hardware-6] [INFO] [1741111942.417502345] [drone_home1.drive_hardware]: Drive mode now: automatic
[drive_hardware-6] [INFO] [1741111943.522704696] [drone_home1.drive_hardware]: Service request to change drive mode custom_messages.srv.SetMode_Request(mode='manual')
[drive_hardware-6] [INFO] [1741111943.523764174] [drone_home1.drive_hardware]: Drive mode now: manual
[drive_hardware-6] [INFO] [1741111945.703464825] [drone_home1.drive_hardware]: Service request to change drive mode custom_messages.srv.SetMode_Request(mode='automatic')
[drive_hardware-6] [INFO] [1741111945.704890370] [drone_home1.drive_hardware]: Drive mode now: automatic
[drive_hardware-6] [INFO] [1741111947.437533488] [drone_home1.drive_hardware]: Service request to change drive mode custom_messages.srv.SetMode_Request(mode='manual')
[drive_hardware-6] [INFO] [1741111947.438654730] [drone_home1.drive_hardware]: Drive mode now: manual
[drive_hardware-6] [INFO] [1741111953.221842571] [drone_home1.drive_hardware]: Service request to change drive mode custom_messages.srv.SetMode_Request(mode='automatic')
[drive_hardware-6] [INFO] [1741111953.223432156] [drone_home1.drive_hardware]: Drive mode now: automatic
[drive_hardware-6] [INFO] [1741111955.530650470] [drone_home1.drive_hardware]: Service request to change drive mode custom_messages.srv.SetMode_Request(mode='manual')
[drive_hardware-6] [INFO] [1741111955.531762814] [drone_home1.drive_hardware]: Drive mode now: manual
