[INFO] [launch]: All log files can be found below /home/pi/.ros/log/2024-11-27-12-46-51-382181-drone-home-48447
[INFO] [launch]: Default logging verbosity is set to INFO
[WARNING] [imu_publisher-2]: there are now at least 2 nodes with the name /drone_home1/sim created within this launch context
[WARNING] [drive_hardware-3]: there are now at least 3 nodes with the name /drone_home1/sim created within this launch context
[WARNING] [static_transform_publisher-5]: there are now at least 2 nodes with the name /drone_home1/static_transform_publisher created within this launch context
[INFO] [drive_publisher-1]: process started with pid [48463]
[INFO] [imu_publisher-2]: process started with pid [48465]
[INFO] [drive_hardware-3]: process started with pid [48466]
[INFO] [static_transform_publisher-4]: process started with pid [48468]
[INFO] [static_transform_publisher-5]: process started with pid [48469]
[static_transform_publisher-4] [WARN] [1732729611.551542658] []: Old-style arguments are deprecated; see --help for new-style arguments
[static_transform_publisher-5] [WARN] [1732729611.554226404] []: Old-style arguments are deprecated; see --help for new-style arguments
[static_transform_publisher-4] [INFO] [1732729611.572033853] [drone_home1.static_transform_publisher]: Spinning until stopped - publishing transform
[static_transform_publisher-4] translation: ('0.000000', '0.000000', '0.000000')
[static_transform_publisher-4] rotation: ('0.000000', '0.000000', '0.000000', '1.000000')
[static_transform_publisher-4] from 'map' to 'imu_frame'
[static_transform_publisher-5] [INFO] [1732729611.589094639] [drone_home1.static_transform_publisher]: Spinning until stopped - publishing transform
[static_transform_publisher-5] translation: ('0.000000', '0.000000', '0.000000')
[static_transform_publisher-5] rotation: ('0.000000', '0.000000', '0.000000', '1.000000')
[static_transform_publisher-5] from 'map' to 'gps_sensor'
[drive_hardware-3] /usr/lib/python3/dist-packages/gpiozero/output_devices.py:1509: PWMSoftwareFallback: To reduce servo jitter, use the pigpio pin factory.See https://gpiozero.readthedocs.io/en/stable/api_output.html#servo for more info
[drive_hardware-3]   warnings.warn(PWMSoftwareFallback(
[imu_publisher-2] [INFO] [1732729613.798861738] [drone_home1.sim]: Calibration status: (True, 'Calibration (sys:0, gyro:0, accel:3, mag:0)')
[imu_publisher-2] [INFO] [1732729613.853993373] [drone_home1.sim]: -0.0367532250777355
[imu_publisher-2] [INFO] [1732729613.904129458] [drone_home1.sim]: -0.03668331444797995
[imu_publisher-2] [INFO] [1732729613.953382178] [drone_home1.sim]: -0.03643173394058881
[imu_publisher-2] [INFO] [1732729614.144921472] [drone_home1.sim]: -0.03657069652035328
[imu_publisher-2] [INFO] [1732729614.351701210] [drone_home1.sim]: -0.0367247401966512
[imu_publisher-2] [INFO] [1732729614.357994808] [drone_home1.sim]: -0.03654349749336614
[imu_publisher-2] [INFO] [1732729614.404963261] [drone_home1.sim]: -0.03593114885251514
[imu_publisher-2] [INFO] [1732729614.463376510] [drone_home1.sim]: -0.03604291523865516
[imu_publisher-2] [INFO] [1732729614.505147766] [drone_home1.sim]: -0.03604291523865516
[imu_publisher-2] [INFO] [1732729614.555196797] [drone_home1.sim]: -0.03604291523865516
[imu_publisher-2] [INFO] [1732729614.631067940] [drone_home1.sim]: -0.03625006262620272
[imu_publisher-2] [INFO] [1732729614.670032155] [drone_home1.sim]: -0.03625006262620272
[imu_publisher-2] [INFO] [1732729614.732882419] [drone_home1.sim]: -0.03625006262620272
[imu_publisher-2] [INFO] [1732729614.772056262] [drone_home1.sim]: -0.03625006262620272
[imu_publisher-2] [INFO] [1732729614.807388532] [drone_home1.sim]: -0.03625006262620272
[imu_publisher-2] [INFO] [1732729614.865494004] [drone_home1.sim]: -0.03625006262620272
[imu_publisher-2] [INFO] [1732729614.908681328] [drone_home1.sim]: -0.03638816796222876
[imu_publisher-2] [INFO] [1732729614.955763836] [drone_home1.sim]: -0.037300810745391294
[imu_publisher-2] [INFO] [1732729615.005312665] [drone_home1.sim]: -0.03657069652035328
[imu_publisher-2] [INFO] [1732729615.054772365] [drone_home1.sim]: -0.0367532250777355
[imu_publisher-2] [INFO] [1732729615.104856951] [drone_home1.sim]: -0.0367532250777355
[imu_publisher-2] [INFO] [1732729615.154689686] [drone_home1.sim]: -0.03668331444797995
[imu_publisher-2] [INFO] [1732729615.204684013] [drone_home1.sim]: -0.03668331444797995
[imu_publisher-2] [INFO] [1732729615.254013603] [drone_home1.sim]: -0.036403686257572954
[imu_publisher-2] [INFO] [1732729615.303429600] [drone_home1.sim]: -0.03598428661065413
[imu_publisher-2] [INFO] [1732729615.353459982] [drone_home1.sim]: -0.03584449799769689
[imu_publisher-2] [INFO] [1732729615.413217409] [drone_home1.sim]: -0.03584449799769689
[imu_publisher-2] [INFO] [1732729615.453518580] [drone_home1.sim]: -0.07784743505256497
[imu_publisher-2] [INFO] [1732729615.503328223] [drone_home1.sim]: -0.20403335675887072
[imu_publisher-2] [INFO] [1732729615.553466012] [drone_home1.sim]: -0.39329822454351304
[imu_publisher-2] [INFO] [1732729615.603522339] [drone_home1.sim]: -0.6036919076672074
[imu_publisher-2] [INFO] [1732729615.653352778] [drone_home1.sim]: -0.8560180735260478
[imu_publisher-2] [INFO] [1732729615.703340327] [drone_home1.sim]: -1.1568189674409162
[imu_publisher-2] [INFO] [1732729615.753429191] [drone_home1.sim]: -1.4370790072693203
[imu_publisher-2] [INFO] [1732729615.810939314] [drone_home1.sim]: -1.7311924213162422
[imu_publisher-2] [INFO] [1732729615.854210304] [drone_home1.sim]: -2.0183902168095185
[imu_publisher-2] [INFO] [1732729615.903644912] [drone_home1.sim]: -2.3688223548698484
[imu_publisher-2] [INFO] [1732729615.953506110] [drone_home1.sim]: -2.747413061814141
[imu_publisher-2] [INFO] [1732729616.003827620] [drone_home1.sim]: -3.104782486403081
[imu_publisher-2] [INFO] [1732729616.073488221] [drone_home1.sim]: -3.5804703563754785
[imu_publisher-2] [INFO] [1732729616.113495356] [drone_home1.sim]: -3.9293239646567515
[imu_publisher-2] [INFO] [1732729616.153727547] [drone_home1.sim]: -4.286623807990626
[imu_publisher-2] [INFO] [1732729616.207845094] [drone_home1.sim]: -4.798600736403203
[imu_publisher-2] [INFO] [1732729616.253614368] [drone_home1.sim]: -5.065540752578275
[imu_publisher-2] [INFO] [1732729616.303509510] [drone_home1.sim]: -5.324726555473059
[imu_publisher-2] [INFO] [1732729616.353415690] [drone_home1.sim]: -5.458397972822297
[imu_publisher-2] [INFO] [1732729616.404970990] [drone_home1.sim]: -5.458916093955545
[imu_publisher-2] [INFO] [1732729616.455230853] [drone_home1.sim]: -5.45750592070605
[imu_publisher-2] [INFO] [1732729616.504813979] [drone_home1.sim]: -5.450558194522495
[imu_publisher-2] [INFO] [1732729616.554994268] [drone_home1.sim]: -5.457610806659242
[imu_publisher-2] [INFO] [1732729616.605305389] [drone_home1.sim]: -5.449963398122668
[imu_publisher-2] [INFO] [1732729616.655195273] [drone_home1.sim]: -5.449963398122668
[imu_publisher-2] [INFO] [1732729616.705410284] [drone_home1.sim]: -5.449678485456854
[imu_publisher-2] [INFO] [1732729616.755267760] [drone_home1.sim]: -5.449234913654266
[imu_publisher-2] [INFO] [1732729616.805259087] [drone_home1.sim]: -5.44978127717125
[imu_publisher-2] [INFO] [1732729616.871629574] [drone_home1.sim]: -5.449031972387384
[imu_publisher-2] [INFO] [1732729616.918462638] [drone_home1.sim]: -5.448930625418175
[imu_publisher-2] [INFO] [1732729616.955210531] [drone_home1.sim]: -5.448930625418175
[imu_publisher-2] [INFO] [1732729617.005338154] [drone_home1.sim]: -5.4485175540784185
[imu_publisher-2] [INFO] [1732729617.055039519] [drone_home1.sim]: -5.448238170249907
[imu_publisher-2] [INFO] [1732729617.104773662] [drone_home1.sim]: -5.448058608228145
[imu_publisher-2] [INFO] [1732729617.154559935] [drone_home1.sim]: -5.447601450647756
[imu_publisher-2] [INFO] [1732729617.204339652] [drone_home1.sim]: -5.447601450647756
[imu_publisher-2] [INFO] [1732729617.259597101] [drone_home1.sim]: -5.44714608129102
[imu_publisher-2] [INFO] [1732729617.308880895] [drone_home1.sim]: -5.446774276579769
[imu_publisher-2] [INFO] [1732729617.390070420] [drone_home1.sim]: -5.445213350330245
[imu_publisher-2] [INFO] [1732729617.403160429] [drone_home1.sim]: -5.4445059814244035
[imu_publisher-2] [INFO] [1732729617.453317551] [drone_home1.sim]: -5.44493166415761
[imu_publisher-2] [INFO] [1732729617.510174252] [drone_home1.sim]: -5.44493166415761
[imu_publisher-2] [INFO] [1732729617.565133055] [drone_home1.sim]: -5.458978588332393
[imu_publisher-2] [INFO] [1732729617.609093560] [drone_home1.sim]: -5.501215433639608
[imu_publisher-2] [INFO] [1732729617.653450878] [drone_home1.sim]: -5.599157631148932
[imu_publisher-2] [INFO] [1732729617.703352872] [drone_home1.sim]: -5.80204132708989
[imu_publisher-2] [INFO] [1732729617.753466698] [drone_home1.sim]: -6.102033833544971
[imu_publisher-2] [INFO] [1732729617.803347544] [drone_home1.sim]: -6.507682764900588
[imu_publisher-2] [INFO] [1732729617.853112076] [drone_home1.sim]: -6.970828875118351
[imu_publisher-2] [INFO] [1732729617.903362624] [drone_home1.sim]: -7.469634164014717
[imu_publisher-2] [INFO] [1732729617.953791468] [drone_home1.sim]: -7.940008688182119
[imu_publisher-2] [INFO] [1732729618.003590240] [drone_home1.sim]: -8.35500185206526
[imu_publisher-2] [INFO] [1732729618.053552179] [drone_home1.sim]: -8.747308683262649
[imu_publisher-2] [INFO] [1732729618.103539543] [drone_home1.sim]: -9.04930828574205
[imu_publisher-2] [INFO] [1732729618.425141676] [drone_home1.sim]: -11.305657814654626
[imu_publisher-2] [INFO] [1732729618.477356640] [drone_home1.sim]: -11.67080455406861
[imu_publisher-2] [INFO] [1732729618.570258755] [drone_home1.sim]: -12.199883099327625
[imu_publisher-2] [INFO] [1732729618.603684998] [drone_home1.sim]: -12.298679842514815
[imu_publisher-2] [INFO] [1732729618.655252632] [drone_home1.sim]: -12.312967032606428
[imu_publisher-2] [INFO] [1732729618.765296440] [drone_home1.sim]: -12.313461397763245
[imu_publisher-2] [INFO] [1732729618.846306355] [drone_home1.sim]: -12.306208270359994
[imu_publisher-2] [INFO] [1732729618.917323485] [drone_home1.sim]: -12.306391000521854
[imu_publisher-2] [INFO] [1732729618.988443245] [drone_home1.sim]: -12.256619707856945
[imu_publisher-2] [INFO] [1732729619.046484680] [drone_home1.sim]: -12.244176205669946
[imu_publisher-2] [INFO] [1732729619.128325128] [drone_home1.sim]: -12.243500109339395
[imu_publisher-2] [INFO] [1732729619.153455911] [drone_home1.sim]: -12.242561570169247
[imu_publisher-2] [INFO] [1732729619.203282369] [drone_home1.sim]: -12.2425158407675
[imu_publisher-2] [INFO] [1732729619.253499380] [drone_home1.sim]: -12.242469456607413
[imu_publisher-2] [INFO] [1732729619.304222574] [drone_home1.sim]: -12.242337062527392
[imu_publisher-2] [INFO] [1732729619.368750459] [drone_home1.sim]: -12.241408409449475
[imu_publisher-2] [INFO] [1732729619.403637805] [drone_home1.sim]: -12.240794407110108
[imu_publisher-2] [INFO] [1732729619.453348745] [drone_home1.sim]: -12.240794407110108
[imu_publisher-2] [INFO] [1732729619.503434682] [drone_home1.sim]: -12.240617720837587
[imu_publisher-2] [INFO] [1732729619.553181807] [drone_home1.sim]: -12.240008634868735
[imu_publisher-2] [INFO] [1732729619.603361540] [drone_home1.sim]: -12.239705621630684
[imu_publisher-2] [INFO] [1732729619.658256880] [drone_home1.sim]: -12.239530190393317
[imu_publisher-2] [INFO] [1732729619.703633341] [drone_home1.sim]: -12.239228615365144
[imu_publisher-2] [INFO] [1732729619.753385262] [drone_home1.sim]: -12.238928060101362
[imu_publisher-2] [INFO] [1732729619.803577996] [drone_home1.sim]: -12.238628524575626
[imu_publisher-2] [INFO] [1732729619.853282750] [drone_home1.sim]: -12.238454348337218
[imu_publisher-2] [INFO] [1732729619.954768971] [drone_home1.sim]: -12.237859173192483
[imu_publisher-2] [INFO] [1732729620.003753118] [drone_home1.sim]: -12.237685833524194
[imu_publisher-2] [INFO] [1732729620.053728779] [drone_home1.sim]: -12.237685833524194
[imu_publisher-2] [INFO] [1732729620.144054647] [drone_home1.sim]: -12.237685833524194
[imu_publisher-2] [INFO] [1732729620.583865974] [drone_home1.sim]: -12.237685833524194
[imu_publisher-2] [INFO] [1732729620.635561015] [drone_home1.sim]: -12.237685833524194
[imu_publisher-2] [INFO] [1732729620.655299214] [drone_home1.sim]: -12.237685833524194
[imu_publisher-2] [INFO] [1732729620.710131147] [drone_home1.sim]: -12.237685833524194
[imu_publisher-2] [INFO] [1732729620.774604773] [drone_home1.sim]: -12.237685833524194
[imu_publisher-2] [INFO] [1732729620.805185011] [drone_home1.sim]: -12.237685833524194
[imu_publisher-2] [INFO] [1732729620.855206078] [drone_home1.sim]: -12.237685833524194
[imu_publisher-2] [INFO] [1732729620.905130980] [drone_home1.sim]: -12.237685833524194
[imu_publisher-2] [INFO] [1732729620.954996956] [drone_home1.sim]: -12.237685833524194
[imu_publisher-2] [INFO] [1732729621.004999579] [drone_home1.sim]: -12.237685833524194
[imu_publisher-2] [INFO] [1732729621.058194816] [drone_home1.sim]: -12.237685833524194
[imu_publisher-2] [INFO] [1732729621.117804596] [drone_home1.sim]: -12.237685833524194
[imu_publisher-2] [INFO] [1732729621.172340882] [drone_home1.sim]: -12.237685833524194
[imu_publisher-2] [INFO] [1732729621.229698617] [drone_home1.sim]: -12.237685833524194
[imu_publisher-2] [INFO] [1732729621.287222981] [drone_home1.sim]: -12.237685833524194
[imu_publisher-2] [INFO] [1732729621.304549655] [drone_home1.sim]: -12.237685833524194
[imu_publisher-2] [INFO] [1732729621.360309842] [drone_home1.sim]: -12.237685833524194
[imu_publisher-2] [INFO] [1732729621.404674086] [drone_home1.sim]: -12.237685833524194
[imu_publisher-2] [INFO] [1732729621.454026880] [drone_home1.sim]: -12.237685833524194
[imu_publisher-2] [INFO] [1732729621.503345062] [drone_home1.sim]: -12.237685833524194
[imu_publisher-2] [INFO] [1732729621.553505999] [drone_home1.sim]: -12.237685833524194
[imu_publisher-2] [INFO] [1732729621.603666085] [drone_home1.sim]: -12.237685833524194
[imu_publisher-2] [INFO] [1732729621.653582060] [drone_home1.sim]: -12.237685833524194
[imu_publisher-2] [INFO] [1732729621.732608911] [drone_home1.sim]: -12.237685833524194
[imu_publisher-2] [INFO] [1732729621.781099930] [drone_home1.sim]: -12.237685833524194
[imu_publisher-2] [INFO] [1732729621.830775111] [drone_home1.sim]: -12.237685833524194
[imu_publisher-2] [INFO] [1732729621.891010425] [drone_home1.sim]: -12.237685833524194
[imu_publisher-2] [INFO] [1732729621.948738602] [drone_home1.sim]: -12.237685833524194
[imu_publisher-2] [INFO] [1732729622.002687521] [drone_home1.sim]: -12.237685833524194
[imu_publisher-2] [INFO] [1732729622.061407990] [drone_home1.sim]: -12.237685833524194
[imu_publisher-2] [INFO] [1732729622.113569270] [drone_home1.sim]: -12.237685833524194
[imu_publisher-2] [INFO] [1732729622.160670111] [drone_home1.sim]: -12.237685833524194
[imu_publisher-2] [INFO] [1732729622.205384705] [drone_home1.sim]: -12.237685833524194
[imu_publisher-2] [INFO] [1732729622.302602447] [drone_home1.sim]: -12.237685833524194
[imu_publisher-2] [INFO] [1732729622.313321301] [drone_home1.sim]: -12.237685833524194
[imu_publisher-2] [INFO] [1732729622.373982946] [drone_home1.sim]: -12.237685833524194
[imu_publisher-2] [INFO] [1732729622.434300482] [drone_home1.sim]: -12.237685833524194
[imu_publisher-2] [INFO] [1732729622.492881174] [drone_home1.sim]: -12.237685833524194
[imu_publisher-2] [INFO] [1732729622.536167219] [drone_home1.sim]: -12.237685833524194
[imu_publisher-2] [INFO] [1732729622.585177162] [drone_home1.sim]: -12.237685833524194
[imu_publisher-2] [INFO] [1732729622.645335643] [drone_home1.sim]: -12.237685833524194
[imu_publisher-2] [INFO] [1732729622.706450952] [drone_home1.sim]: -12.237685833524194
[imu_publisher-2] [INFO] [1732729622.756084855] [drone_home1.sim]: -12.237685833524194
[imu_publisher-2] [INFO] [1732729622.859323975] [drone_home1.sim]: -12.237685833524194
[imu_publisher-2] [INFO] [1732729622.906832073] [drone_home1.sim]: -12.237685833524194
[imu_publisher-2] [INFO] [1732729622.957901136] [drone_home1.sim]: -12.237685833524194
[imu_publisher-2] [INFO] [1732729623.017706489] [drone_home1.sim]: -12.237685833524194
[imu_publisher-2] [INFO] [1732729623.074279839] [drone_home1.sim]: -12.237685833524194
[imu_publisher-2] [INFO] [1732729623.122650396] [drone_home1.sim]: -12.237685833524194
[imu_publisher-2] [INFO] [1732729623.183364559] [drone_home1.sim]: -12.237685833524194
[imu_publisher-2] [INFO] [1732729623.229184111] [drone_home1.sim]: -12.237685833524194
[imu_publisher-2] [INFO] [1732729623.278465941] [drone_home1.sim]: -12.237685833524194
[imu_publisher-2] [INFO] [1732729623.339231734] [drone_home1.sim]: -12.237685833524194
[imu_publisher-2] [INFO] [1732729623.399869008] [drone_home1.sim]: -12.237685833524194
[imu_publisher-2] [INFO] [1732729623.448907340] [drone_home1.sim]: -12.237685833524194
[imu_publisher-2] [INFO] [1732729623.507931938] [drone_home1.sim]: -12.237685833524194
[imu_publisher-2] [INFO] [1732729623.553206584] [drone_home1.sim]: -12.237685833524194
[imu_publisher-2] [INFO] [1732729623.603509780] [drone_home1.sim]: -12.237685833524194
[imu_publisher-2] [INFO] [1732729623.653435071] [drone_home1.sim]: -12.237685833524194
[imu_publisher-2] [INFO] [1732729623.800850657] [drone_home1.sim]: -12.237685833524194
[imu_publisher-2] [INFO] [1732729623.858390651] [drone_home1.sim]: -12.237685833524194
[imu_publisher-2] [INFO] [1732729623.903531595] [drone_home1.sim]: -12.237685833524194
[imu_publisher-2] [INFO] [1732729623.953498385] [drone_home1.sim]: -12.237685833524194
[imu_publisher-2] [INFO] [1732729624.003903432] [drone_home1.sim]: -12.237685833524194
[imu_publisher-2] [INFO] [1732729624.053554502] [drone_home1.sim]: -12.237685833524194
[imu_publisher-2] [INFO] [1732729624.103570829] [drone_home1.sim]: -12.237685833524194
[imu_publisher-2] [INFO] [1732729624.153717489] [drone_home1.sim]: -12.237685833524194
[imu_publisher-2] [INFO] [1732729624.219463330] [drone_home1.sim]: -12.237685833524194
[imu_publisher-2] [INFO] [1732729624.254159159] [drone_home1.sim]: -12.237685833524194
[imu_publisher-2] [INFO] [1732729624.304174690] [drone_home1.sim]: -12.237685833524194
[imu_publisher-2] [INFO] [1732729624.354253017] [drone_home1.sim]: -12.237685833524194
[imu_publisher-2] [INFO] [1732729624.404387436] [drone_home1.sim]: -12.237685833524194
[imu_publisher-2] [INFO] [1732729624.454648224] [drone_home1.sim]: -12.237685833524194
[imu_publisher-2] [INFO] [1732729624.507119410] [drone_home1.sim]: -12.237685833524194
[imu_publisher-2] [INFO] [1732729624.571889238] [drone_home1.sim]: -12.237685833524194
[imu_publisher-2] [INFO] [1732729624.623399391] [drone_home1.sim]: -12.237685833524194
[imu_publisher-2] [INFO] [1732729624.675669114] [drone_home1.sim]: -12.237685833524194
[imu_publisher-2] [INFO] [1732729624.728898851] [drone_home1.sim]: -12.237685833524194
[imu_publisher-2] [INFO] [1732729624.787532321] [drone_home1.sim]: -12.237685833524194
[imu_publisher-2] [INFO] [1732729624.847514599] [drone_home1.sim]: -12.237685833524194
[imu_publisher-2] [INFO] [1732729624.900125691] [drone_home1.sim]: -12.237685833524194
[imu_publisher-2] [INFO] [1732729624.958062034] [drone_home1.sim]: -12.237685833524194
[imu_publisher-2] [INFO] [1732729625.012822338] [drone_home1.sim]: -12.237685833524194
[imu_publisher-2] [INFO] [1732729625.060244011] [drone_home1.sim]: -12.237685833524194
[imu_publisher-2] [INFO] [1732729625.121160395] [drone_home1.sim]: -12.237685833524194
[imu_publisher-2] [INFO] [1732729625.182196983] [drone_home1.sim]: -12.237685833524194
[imu_publisher-2] [INFO] [1732729625.239428422] [drone_home1.sim]: -12.237685833524194
[imu_publisher-2] [INFO] [1732729625.289587323] [drone_home1.sim]: -12.237685833524194
[imu_publisher-2] [INFO] [1732729625.345182270] [drone_home1.sim]: -12.237685833524194
[imu_publisher-2] [INFO] [1732729625.398941671] [drone_home1.sim]: -12.237685833524194
[imu_publisher-2] [INFO] [1732729625.457563604] [drone_home1.sim]: -12.237685833524194
[imu_publisher-2] [INFO] [1732729625.520183721] [drone_home1.sim]: -12.237685833524194
[imu_publisher-2] [INFO] [1732729625.571506189] [drone_home1.sim]: -12.237685833524194
[imu_publisher-2] [INFO] [1732729625.630574990] [drone_home1.sim]: -12.237685833524194
[imu_publisher-2] [INFO] [1732729625.685358720] [drone_home1.sim]: -12.237685833524194
[imu_publisher-2] [INFO] [1732729625.703199446] [drone_home1.sim]: -12.237685833524194
[imu_publisher-2] [INFO] [1732729625.757875380] [drone_home1.sim]: -12.237685833524194
[imu_publisher-2] [INFO] [1732729625.804462576] [drone_home1.sim]: -12.237685833524194
[imu_publisher-2] [INFO] [1732729625.859784414] [drone_home1.sim]: -12.237685833524194
[imu_publisher-2] [INFO] [1732729625.903492198] [drone_home1.sim]: -12.237685833524194
[imu_publisher-2] [INFO] [1732729626.131653923] [drone_home1.sim]: -12.237685833524194
[imu_publisher-2] [INFO] [1732729626.476274221] [drone_home1.sim]: -12.237685833524194
[imu_publisher-2] [INFO] [1732729626.544633698] [drone_home1.sim]: -12.237685833524194
[imu_publisher-2] [INFO] [1732729626.606966223] [drone_home1.sim]: -12.237685833524194
[imu_publisher-2] [INFO] [1732729626.655181893] [drone_home1.sim]: -12.237685833524194
[imu_publisher-2] [INFO] [1732729626.705287849] [drone_home1.sim]: -12.237685833524194
[imu_publisher-2] [INFO] [1732729626.755187343] [drone_home1.sim]: -12.237685833524194
[imu_publisher-2] [INFO] [1732729626.806023962] [drone_home1.sim]: -12.237685833524194
[imu_publisher-2] [INFO] [1732729626.903753776] [drone_home1.sim]: -12.237685833524194
[imu_publisher-2] [INFO] [1732729626.908385383] [drone_home1.sim]: -12.237685833524194
[imu_publisher-2] [INFO] [1732729626.960352460] [drone_home1.sim]: -12.237685833524194
[imu_publisher-2] [INFO] [1732729627.005323404] [drone_home1.sim]: -12.237685833524194
[imu_publisher-2] [INFO] [1732729627.054951659] [drone_home1.sim]: -12.237685833524194
[imu_publisher-2] [INFO] [1732729627.105374484] [drone_home1.sim]: -12.237685833524194
[imu_publisher-2] [INFO] [1732729627.196078240] [drone_home1.sim]: -12.237685833524194
[imu_publisher-2] [INFO] [1732729627.204707605] [drone_home1.sim]: -12.237685833524194
[imu_publisher-2] [INFO] [1732729627.255116615] [drone_home1.sim]: -12.237685833524194
[imu_publisher-2] [INFO] [1732729627.304934961] [drone_home1.sim]: -12.237685833524194
[imu_publisher-2] [INFO] [1732729627.365260071] [drone_home1.sim]: -12.237685833524194
[imu_publisher-2] [INFO] [1732729627.426176270] [drone_home1.sim]: -12.237685833524194
[imu_publisher-2] [INFO] [1732729627.454439297] [drone_home1.sim]: -12.237685833524194
[imu_publisher-2] [INFO] [1732729627.504272829] [drone_home1.sim]: -12.237685833524194
[imu_publisher-2] [INFO] [1732729627.553918639] [drone_home1.sim]: -12.237685833524194
[imu_publisher-2] [INFO] [1732729627.660670242] [drone_home1.sim]: -12.237685833524194
[imu_publisher-2] [INFO] [1732729627.703534697] [drone_home1.sim]: -12.237685833524194
[imu_publisher-2] [INFO] [1732729627.753400858] [drone_home1.sim]: -12.237685833524194
[imu_publisher-2] [INFO] [1732729628.495585452] [drone_home1.sim]: -12.237685833524194
[imu_publisher-2] [INFO] [1732729628.504455797] [drone_home1.sim]: -12.237685833524194
[imu_publisher-2] [INFO] [1732729628.562335289] [drone_home1.sim]: -12.237685833524194
[imu_publisher-2] [INFO] [1732729628.625112534] [drone_home1.sim]: -12.237685833524194
[imu_publisher-2] [INFO] [1732729628.681313220] [drone_home1.sim]: -12.237685833524194
[imu_publisher-2] [INFO] [1732729628.755454205] [drone_home1.sim]: -12.237685833524194
[imu_publisher-2] [INFO] [1732729628.821255232] [drone_home1.sim]: -12.237685833524194
[imu_publisher-2] [INFO] [1732729628.868513258] [drone_home1.sim]: -12.237685833524194
[imu_publisher-2] [INFO] [1732729628.928894145] [drone_home1.sim]: -12.237685833524194
[imu_publisher-2] [INFO] [1732729628.954142798] [drone_home1.sim]: -12.237685833524194
[imu_publisher-2] [INFO] [1732729629.006725483] [drone_home1.sim]: -12.237685833524194
[imu_publisher-2] [INFO] [1732729629.084119471] [drone_home1.sim]: -12.237685833524194
[imu_publisher-2] [INFO] [1732729629.147934452] [drone_home1.sim]: -12.237685833524194
[imu_publisher-2] [INFO] [1732729629.200557674] [drone_home1.sim]: -12.237685833524194
[imu_publisher-2] [INFO] [1732729629.256297695] [drone_home1.sim]: -12.237685833524194
[imu_publisher-2] [INFO] [1732729629.414129804] [drone_home1.sim]: -12.237685833524194
[imu_publisher-2] [INFO] [1732729629.453976774] [drone_home1.sim]: -12.237685833524194
[imu_publisher-2] [INFO] [1732729629.503514011] [drone_home1.sim]: -12.237685833524194
[imu_publisher-2] [INFO] [1732729629.553257636] [drone_home1.sim]: -12.237685833524194
[imu_publisher-2] [INFO] [1732729629.603557665] [drone_home1.sim]: -12.237685833524194
[imu_publisher-2] [INFO] [1732729629.653521159] [drone_home1.sim]: -12.237685833524194
[imu_publisher-2] [INFO] [1732729629.703559523] [drone_home1.sim]: -12.237685833524194
[imu_publisher-2] [INFO] [1732729629.766978728] [drone_home1.sim]: -12.237685833524194
[imu_publisher-2] [INFO] [1732729629.817573775] [drone_home1.sim]: -12.237685833524194
[imu_publisher-2] [INFO] [1732729629.878135420] [drone_home1.sim]: -12.237685833524194
[imu_publisher-2] [INFO] [1732729629.903397092] [drone_home1.sim]: -12.237685833524194
[imu_publisher-2] [INFO] [1732729629.953442419] [drone_home1.sim]: -12.237685833524194
[imu_publisher-2] [INFO] [1732729630.017633694] [drone_home1.sim]: -12.237685833524194
[imu_publisher-2] [INFO] [1732729630.053030223] [drone_home1.sim]: -12.237685833524194
[imu_publisher-2] [INFO] [1732729630.103714825] [drone_home1.sim]: -12.237685833524194
[imu_publisher-2] [INFO] [1732729630.158327944] [drone_home1.sim]: -12.237685833524194
[imu_publisher-2] [INFO] [1732729630.237377072] [drone_home1.sim]: -12.237685833524194
[imu_publisher-2] [INFO] [1732729630.253630084] [drone_home1.sim]: -12.237685833524194
[imu_publisher-2] [INFO] [1732729630.304138520] [drone_home1.sim]: -12.237685833524194
[imu_publisher-2] [INFO] [1732729630.355119213] [drone_home1.sim]: -12.237685833524194
[imu_publisher-2] [INFO] [1732729630.404489043] [drone_home1.sim]: -12.237685833524194
[imu_publisher-2] [INFO] [1732729630.485418199] [drone_home1.sim]: -12.237685833524194
[imu_publisher-2] [INFO] [1732729630.504312161] [drone_home1.sim]: -12.237685833524194
[imu_publisher-2] [INFO] [1732729630.554972874] [drone_home1.sim]: -12.237685833524194
[imu_publisher-2] [INFO] [1732729630.604968609] [drone_home1.sim]: -12.237685833524194
[imu_publisher-2] [INFO] [1732729630.655119731] [drone_home1.sim]: -12.237685833524194
[imu_publisher-2] [INFO] [1732729630.705196873] [drone_home1.sim]: -12.237685833524194
[imu_publisher-2] [INFO] [1732729630.755287607] [drone_home1.sim]: -12.237685833524194
[imu_publisher-2] [INFO] [1732729630.805611025] [drone_home1.sim]: -12.237685833524194
[imu_publisher-2] [INFO] [1732729630.855272262] [drone_home1.sim]: -12.237685833524194
[imu_publisher-2] [INFO] [1732729630.956929130] [drone_home1.sim]: -12.237685833524194
[imu_publisher-2] [INFO] [1732729631.005402372] [drone_home1.sim]: -12.237685833524194
[imu_publisher-2] [INFO] [1732729631.055135182] [drone_home1.sim]: -12.237685833524194
[imu_publisher-2] [INFO] [1732729631.105158398] [drone_home1.sim]: -12.237685833524194
[imu_publisher-2] [INFO] [1732729631.155125244] [drone_home1.sim]: -12.237685833524194
[imu_publisher-2] [INFO] [1732729631.205351329] [drone_home1.sim]: -12.237685833524194
[imu_publisher-2] [INFO] [1732729631.255297416] [drone_home1.sim]: -12.237685833524194
[imu_publisher-2] [INFO] [1732729631.346445318] [drone_home1.sim]: -12.237685833524194
[imu_publisher-2] [INFO] [1732729631.354610314] [drone_home1.sim]: -12.237685833524194
[imu_publisher-2] [INFO] [1732729631.586101208] [drone_home1.sim]: -12.237685833524194
[imu_publisher-2] [INFO] [1732729631.860059504] [drone_home1.sim]: -12.237685833524194
[imu_publisher-2] [INFO] [1732729631.903543937] [drone_home1.sim]: -12.237685833524194
[imu_publisher-2] [INFO] [1732729632.130090133] [drone_home1.sim]: -12.237685833524194
[imu_publisher-2] [INFO] [1732729632.153351815] [drone_home1.sim]: -12.237685833524194
[imu_publisher-2] [INFO] [1732729632.204048583] [drone_home1.sim]: -12.237685833524194
[imu_publisher-2] [INFO] [1732729632.263052403] [drone_home1.sim]: -12.237685833524194
[imu_publisher-2] [INFO] [1732729632.325206207] [drone_home1.sim]: -12.237685833524194
[imu_publisher-2] [INFO] [1732729632.353937213] [drone_home1.sim]: -12.237685833524194
[imu_publisher-2] [INFO] [1732729632.452639744] [drone_home1.sim]: -12.237685833524194
[imu_publisher-2] [INFO] [1732729632.464819554] [drone_home1.sim]: -12.237685833524194
[imu_publisher-2] [INFO] [1732729632.593458160] [drone_home1.sim]: -12.237685833524194
[imu_publisher-2] [INFO] [1732729632.604414421] [drone_home1.sim]: -12.237685833524194
[imu_publisher-2] [INFO] [1732729632.655705575] [drone_home1.sim]: -12.237685833524194
[imu_publisher-2] [INFO] [1732729632.705065387] [drone_home1.sim]: -12.237685833524194
[imu_publisher-2] [INFO] [1732729632.755095862] [drone_home1.sim]: -12.237685833524194
[imu_publisher-2] [INFO] [1732729632.816021431] [drone_home1.sim]: -12.237685833524194
[imu_publisher-2] [INFO] [1732729632.870111794] [drone_home1.sim]: -12.237685833524194
[imu_publisher-2] [INFO] [1732729632.982084297] [drone_home1.sim]: -12.237685833524194
[imu_publisher-2] [INFO] [1732729633.005173053] [drone_home1.sim]: -12.237685833524194
[imu_publisher-2] [INFO] [1732729633.059199082] [drone_home1.sim]: -12.237685833524194
[imu_publisher-2] [INFO] [1732729633.115693878] [drone_home1.sim]: -12.237685833524194
[imu_publisher-2] [INFO] [1732729633.177958052] [drone_home1.sim]: -12.237685833524194
[imu_publisher-2] [INFO] [1732729633.205095140] [drone_home1.sim]: -12.237685833524194
[imu_publisher-2] [INFO] [1732729633.257116420] [drone_home1.sim]: -12.237685833524194
[imu_publisher-2] [INFO] [1732729633.309931993] [drone_home1.sim]: -12.237685833524194
[imu_publisher-2] [INFO] [1732729633.380727550] [drone_home1.sim]: -12.237685833524194
[imu_publisher-2] [INFO] [1732729633.405008986] [drone_home1.sim]: -12.237685833524194
[imu_publisher-2] [INFO] [1732729633.499598797] [drone_home1.sim]: -12.237685833524194
[imu_publisher-2] [INFO] [1732729633.572350438] [drone_home1.sim]: -12.237685833524194
[imu_publisher-2] [INFO] [1732729633.604332706] [drone_home1.sim]: -12.237685833524194
[imu_publisher-2] [INFO] [1732729633.653490796] [drone_home1.sim]: -12.237685833524194
[imu_publisher-2] [INFO] [1732729633.703463772] [drone_home1.sim]: -12.237685833524194
[imu_publisher-2] [INFO] [1732729633.753558043] [drone_home1.sim]: -12.237685833524194
[imu_publisher-2] [INFO] [1732729633.803524907] [drone_home1.sim]: -12.237685833524194
[imu_publisher-2] [INFO] [1732729633.853392735] [drone_home1.sim]: -12.237685833524194
[imu_publisher-2] [INFO] [1732729633.903210378] [drone_home1.sim]: -12.237685833524194
[imu_publisher-2] [INFO] [1732729633.966623491] [drone_home1.sim]: -12.237685833524194
[imu_publisher-2] [INFO] [1732729634.072594190] [drone_home1.sim]: -12.237685833524194
[imu_publisher-2] [INFO] [1732729634.103484722] [drone_home1.sim]: -12.237685833524194
[imu_publisher-2] [INFO] [1732729634.153641716] [drone_home1.sim]: -12.237685833524194
[imu_publisher-2] [INFO] [1732729634.203581228] [drone_home1.sim]: -12.237685833524194
[imu_publisher-2] [INFO] [1732729634.271702577] [drone_home1.sim]: -12.237685833524194
[imu_publisher-2] [INFO] [1732729634.303993492] [drone_home1.sim]: -12.237685833524194
[imu_publisher-2] [INFO] [1732729634.358294501] [drone_home1.sim]: -12.237685833524194
[imu_publisher-2] [INFO] [1732729634.413330081] [drone_home1.sim]: -12.237685833524194
[imu_publisher-2] [INFO] [1732729634.524378885] [drone_home1.sim]: -12.237685833524194
[imu_publisher-2] [INFO] [1732729634.554449570] [drone_home1.sim]: -12.237685833524194
[imu_publisher-2] [INFO] [1732729634.604541841] [drone_home1.sim]: -12.237685833524194
[imu_publisher-2] [INFO] [1732729634.659216738] [drone_home1.sim]: -12.237685833524194
[imu_publisher-2] [INFO] [1732729634.723720493] [drone_home1.sim]: -12.237685833524194
[imu_publisher-2] [INFO] [1732729634.754779933] [drone_home1.sim]: -12.237685833524194
[imu_publisher-2] [INFO] [1732729634.805201498] [drone_home1.sim]: -12.237685833524194
[imu_publisher-2] [INFO] [1732729634.868600389] [drone_home1.sim]: -12.237685833524194
[imu_publisher-2] [INFO] [1732729634.944061905] [drone_home1.sim]: -12.237685833524194
[imu_publisher-2] [INFO] [1732729635.088504415] [drone_home1.sim]: -12.237685833524194
[imu_publisher-2] [INFO] [1732729635.147919195] [drone_home1.sim]: -12.237685833524194
[imu_publisher-2] [INFO] [1732729635.167088545] [drone_home1.sim]: -12.237685833524194
[imu_publisher-2] [INFO] [1732729635.228149281] [drone_home1.sim]: -12.237685833524194
[imu_publisher-2] [INFO] [1732729635.255171888] [drone_home1.sim]: -12.237685833524194
[imu_publisher-2] [INFO] [1732729635.305171882] [drone_home1.sim]: -12.237685833524194
[imu_publisher-2] [INFO] [1732729635.360303295] [drone_home1.sim]: -12.237685833524194
[imu_publisher-2] [INFO] [1732729635.405410424] [drone_home1.sim]: -12.237685833524194
[imu_publisher-2] [INFO] [1732729635.455089882] [drone_home1.sim]: -12.237685833524194
[imu_publisher-2] [INFO] [1732729635.504659082] [drone_home1.sim]: -12.237685833524194
[imu_publisher-2] [INFO] [1732729635.554247189] [drone_home1.sim]: -12.237685833524194
[imu_publisher-2] [INFO] [1732729635.625440189] [drone_home1.sim]: -12.237685833524194
[imu_publisher-2] [INFO] [1732729635.653935123] [drone_home1.sim]: -12.237685833524194
[imu_publisher-2] [INFO] [1732729635.732560883] [drone_home1.sim]: -12.237685833524194
[imu_publisher-2] [INFO] [1732729635.753358225] [drone_home1.sim]: -12.237685833524194
[imu_publisher-2] [INFO] [1732729635.803323941] [drone_home1.sim]: -12.237685833524194
[imu_publisher-2] [INFO] [1732729635.853573063] [drone_home1.sim]: -12.237685833524194
[imu_publisher-2] [INFO] [1732729635.903479798] [drone_home1.sim]: -12.237685833524194
[imu_publisher-2] [INFO] [1732729635.953298182] [drone_home1.sim]: -12.237685833524194
[imu_publisher-2] [INFO] [1732729636.006968250] [drone_home1.sim]: -12.237685833524194
[imu_publisher-2] [INFO] [1732729636.117811814] [drone_home1.sim]: -12.237685833524194
[imu_publisher-2] [INFO] [1732729636.153482675] [drone_home1.sim]: -12.237685833524194
[imu_publisher-2] [INFO] [1732729636.203447984] [drone_home1.sim]: -12.237685833524194
[imu_publisher-2] [INFO] [1732729636.253427367] [drone_home1.sim]: -12.237685833524194
[imu_publisher-2] [INFO] [1732729636.320715312] [drone_home1.sim]: -12.237685833524194
[imu_publisher-2] [INFO] [1732729636.353520798] [drone_home1.sim]: -12.237685833524194
[imu_publisher-2] [INFO] [1732729636.404142826] [drone_home1.sim]: -12.237685833524194
[imu_publisher-2] [INFO] [1732729636.453919599] [drone_home1.sim]: -12.237685833524194
[imu_publisher-2] [INFO] [1732729636.503870464] [drone_home1.sim]: -12.237685833524194
[imu_publisher-2] [INFO] [1732729636.577403526] [drone_home1.sim]: -12.237685833524194
[imu_publisher-2] [INFO] [1732729636.604562429] [drone_home1.sim]: -12.237685833524194
[imu_publisher-2] [INFO] [1732729636.654485035] [drone_home1.sim]: -12.237685833524194
[imu_publisher-2] [INFO] [1732729636.704748250] [drone_home1.sim]: -12.237685833524194
[imu_publisher-2] [INFO] [1732729636.754990465] [drone_home1.sim]: -12.237685833524194
[imu_publisher-2] [INFO] [1732729636.805378679] [drone_home1.sim]: -12.237685833524194
[imu_publisher-2] [INFO] [1732729636.855396858] [drone_home1.sim]: -12.237685833524194
[imu_publisher-2] [INFO] [1732729636.905691221] [drone_home1.sim]: -12.237685833524194
[imu_publisher-2] [INFO] [1732729636.955477049] [drone_home1.sim]: -12.237685833524194
[imu_publisher-2] [INFO] [1732729637.063661533] [drone_home1.sim]: -12.237685833524194
[imu_publisher-2] [INFO] [1732729637.354697004] [drone_home1.sim]: -12.237685833524194
[imu_publisher-2] [INFO] [1732729637.495232699] [drone_home1.sim]: -12.237685833524194
[imu_publisher-2] [INFO] [1732729637.505067354] [drone_home1.sim]: -12.237685833524194
[imu_publisher-2] [INFO] [1732729637.555016756] [drone_home1.sim]: -12.237685833524194
[imu_publisher-2] [INFO] [1732729637.604715807] [drone_home1.sim]: -12.237685833524194
[imu_publisher-2] [INFO] [1732729637.654324506] [drone_home1.sim]: -12.237685833524194
[imu_publisher-2] [INFO] [1732729637.703991002] [drone_home1.sim]: -12.237685833524194
[imu_publisher-2] [INFO] [1732729637.753638145] [drone_home1.sim]: -12.237685833524194
[imu_publisher-2] [INFO] [1732729637.803485622] [drone_home1.sim]: -12.237685833524194
[imu_publisher-2] [INFO] [1732729637.853338449] [drone_home1.sim]: -12.237685833524194
[imu_publisher-2] [INFO] [1732729637.903272796] [drone_home1.sim]: -12.237685833524194
[imu_publisher-2] [INFO] [1732729637.953708380] [drone_home1.sim]: -12.237685833524194
[imu_publisher-2] [INFO] [1732729638.018769133] [drone_home1.sim]: -12.237685833524194
[imu_publisher-2] [INFO] [1732729638.097442059] [drone_home1.sim]: -12.237685833524194
[imu_publisher-2] [INFO] [1732729638.164599931] [drone_home1.sim]: -12.237685833524194
[imu_publisher-2] [INFO] [1732729638.224737672] [drone_home1.sim]: -12.237685833524194
[imu_publisher-2] [INFO] [1732729638.273297524] [drone_home1.sim]: -12.237685833524194
[imu_publisher-2] [INFO] [1732729638.332724787] [drone_home1.sim]: -12.237685833524194
[imu_publisher-2] [INFO] [1732729638.405714000] [drone_home1.sim]: -12.237685833524194
[imu_publisher-2] [INFO] [1732729638.454146761] [drone_home1.sim]: -12.237685833524194
[imu_publisher-2] [INFO] [1732729638.504094366] [drone_home1.sim]: -12.237685833524194
[imu_publisher-2] [INFO] [1732729638.554190749] [drone_home1.sim]: -12.237685833524194
[imu_publisher-2] [INFO] [1732729638.604701611] [drone_home1.sim]: -12.237685833524194
[imu_publisher-2] [INFO] [1732729638.709677629] [drone_home1.sim]: -12.237685833524194
[imu_publisher-2] [INFO] [1732729638.755240997] [drone_home1.sim]: -12.237685833524194
[imu_publisher-2] [INFO] [1732729638.804986918] [drone_home1.sim]: -12.237685833524194
[imu_publisher-2] [INFO] [1732729638.855119967] [drone_home1.sim]: -12.237685833524194
[imu_publisher-2] [INFO] [1732729638.906504824] [drone_home1.sim]: -12.237685833524194
[imu_publisher-2] [INFO] [1732729638.969825475] [drone_home1.sim]: -12.237685833524194
[imu_publisher-2] [INFO] [1732729639.004822265] [drone_home1.sim]: -12.237685833524194
[imu_publisher-2] [INFO] [1732729639.054441909] [drone_home1.sim]: -12.237685833524194
[imu_publisher-2] [INFO] [1732729639.127216587] [drone_home1.sim]: -12.237685833524194
[imu_publisher-2] [INFO] [1732729639.153456087] [drone_home1.sim]: -12.237685833524194
[imu_publisher-2] [INFO] [1732729639.203451247] [drone_home1.sim]: -12.237685833524194
[imu_publisher-2] [INFO] [1732729639.253372501] [drone_home1.sim]: -12.237685833524194
[imu_publisher-2] [INFO] [1732729639.316110173] [drone_home1.sim]: -12.237685833524194
[imu_publisher-2] [INFO] [1732729639.372255858] [drone_home1.sim]: -12.237685833524194
[imu_publisher-2] [INFO] [1732729639.438869826] [drone_home1.sim]: -12.237685833524194
[imu_publisher-2] [INFO] [1732729639.453038293] [drone_home1.sim]: -12.237685833524194
[imu_publisher-2] [INFO] [1732729639.514853673] [drone_home1.sim]: -12.237685833524194
[imu_publisher-2] [INFO] [1732729639.587640721] [drone_home1.sim]: -12.237685833524194
[imu_publisher-2] [INFO] [1732729639.649865173] [drone_home1.sim]: -12.237685833524194
[imu_publisher-2] [INFO] [1732729639.700440738] [drone_home1.sim]: -12.237685833524194
[imu_publisher-2] [INFO] [1732729639.760087333] [drone_home1.sim]: -12.237685833524194
[imu_publisher-2] [INFO] [1732729639.803517489] [drone_home1.sim]: -12.237685833524194
[imu_publisher-2] [INFO] [1732729639.853539631] [drone_home1.sim]: -12.237685833524194
[imu_publisher-2] [INFO] [1732729639.913276910] [drone_home1.sim]: -12.237685833524194
[imu_publisher-2] [INFO] [1732729639.978952252] [drone_home1.sim]: -12.237685833524194
[imu_publisher-2] [INFO] [1732729640.026526369] [drone_home1.sim]: -12.237685833524194
[imu_publisher-2] [INFO] [1732729640.083903438] [drone_home1.sim]: -12.237685833524194
[imu_publisher-2] [INFO] [1732729640.103242491] [drone_home1.sim]: -12.237685833524194
[imu_publisher-2] [INFO] [1732729640.153593464] [drone_home1.sim]: -12.237685833524194
[imu_publisher-2] [INFO] [1732729640.222221829] [drone_home1.sim]: -12.237685833524194
[imu_publisher-2] [INFO] [1732729640.252972511] [drone_home1.sim]: -12.237685833524194
[imu_publisher-2] [INFO] [1732729640.303304207] [drone_home1.sim]: -12.237685833524194
[imu_publisher-2] [INFO] [1732729640.353594347] [drone_home1.sim]: -12.237685833524194
[imu_publisher-2] [INFO] [1732729640.403692100] [drone_home1.sim]: -12.237685833524194
[imu_publisher-2] [INFO] [1732729640.481740363] [drone_home1.sim]: -12.237685833524194
[imu_publisher-2] [INFO] [1732729640.550733041] [drone_home1.sim]: -12.237685833524194
[imu_publisher-2] [INFO] [1732729640.695602067] [drone_home1.sim]: -12.237685833524194
[imu_publisher-2] [INFO] [1732729640.756282656] [drone_home1.sim]: -12.237685833524194
[imu_publisher-2] [INFO] [1732729640.804795417] [drone_home1.sim]: -12.237685833524194
[imu_publisher-2] [INFO] [1732729640.854564745] [drone_home1.sim]: -12.237685833524194
[imu_publisher-2] [INFO] [1732729640.905156236] [drone_home1.sim]: -12.237685833524194
[imu_publisher-2] [INFO] [1732729640.955173433] [drone_home1.sim]: -12.237685833524194
[imu_publisher-2] [INFO] [1732729641.005519333] [drone_home1.sim]: -12.237685833524194
[imu_publisher-2] [INFO] [1732729641.055251958] [drone_home1.sim]: -12.237685833524194
[imu_publisher-2] [INFO] [1732729641.105382359] [drone_home1.sim]: -12.237685833524194
[imu_publisher-2] [INFO] [1732729641.162439077] [drone_home1.sim]: -12.237685833524194
[imu_publisher-2] [INFO] [1732729641.216256256] [drone_home1.sim]: -12.237685833524194
[imu_publisher-2] [INFO] [1732729641.275271927] [drone_home1.sim]: -12.237685833524194
[imu_publisher-2] [INFO] [1732729641.304962688] [drone_home1.sim]: -12.237685833524194
[imu_publisher-2] [INFO] [1732729641.355201348] [drone_home1.sim]: -12.237685833524194
[imu_publisher-2] [INFO] [1732729641.420379952] [drone_home1.sim]: -12.237685833524194
[imu_publisher-2] [INFO] [1732729641.455171632] [drone_home1.sim]: -12.237685833524194
[imu_publisher-2] [INFO] [1732729641.504982053] [drone_home1.sim]: -12.237685833524194
[imu_publisher-2] [INFO] [1732729641.555003195] [drone_home1.sim]: -12.237685833524194
[imu_publisher-2] [INFO] [1732729641.605049077] [drone_home1.sim]: -12.237685833524194
[imu_publisher-2] [INFO] [1732729641.657087746] [drone_home1.sim]: -12.237685833524194
[imu_publisher-2] [INFO] [1732729641.801801143] [drone_home1.sim]: -12.237685833524194
[imu_publisher-2] [INFO] [1732729641.852688244] [drone_home1.sim]: -12.237685833524194
[imu_publisher-2] [INFO] [1732729641.859737820] [drone_home1.sim]: -12.237685833524194
[imu_publisher-2] [INFO] [1732729641.930667526] [drone_home1.sim]: -12.237685833524194
[imu_publisher-2] [INFO] [1732729641.953304766] [drone_home1.sim]: -12.237685833524194
[imu_publisher-2] [INFO] [1732729642.019340829] [drone_home1.sim]: -12.237685833524194
[imu_publisher-2] [INFO] [1732729642.080764063] [drone_home1.sim]: -12.237685833524194
[imu_publisher-2] [INFO] [1732729642.144412730] [drone_home1.sim]: -12.237685833524194
[imu_publisher-2] [INFO] [1732729642.162985805] [drone_home1.sim]: -12.237685833524194
[imu_publisher-2] [INFO] [1732729642.222643325] [drone_home1.sim]: -12.237685833524194
[imu_publisher-2] [INFO] [1732729642.293155496] [drone_home1.sim]: -12.237685833524194
[imu_publisher-2] [INFO] [1732729642.349411329] [drone_home1.sim]: -12.237685833524194
[imu_publisher-2] [INFO] [1732729642.461329221] [drone_home1.sim]: -12.237685833524194
[imu_publisher-2] [INFO] [1732729642.504303157] [drone_home1.sim]: -12.237685833524194
[imu_publisher-2] [INFO] [1732729643.038102522] [drone_home1.sim]: -12.237685833524194
[imu_publisher-2] [INFO] [1732729643.093535952] [drone_home1.sim]: -12.237685833524194
[imu_publisher-2] [INFO] [1732729643.223661755] [drone_home1.sim]: -12.237685833524194
[imu_publisher-2] [INFO] [1732729643.255318672] [drone_home1.sim]: -12.237685833524194
[imu_publisher-2] [INFO] [1732729643.305396518] [drone_home1.sim]: -12.237685833524194
[imu_publisher-2] [INFO] [1732729643.358330868] [drone_home1.sim]: -12.237685833524194
[imu_publisher-2] [INFO] [1732729643.422596699] [drone_home1.sim]: -12.237685833524194
[imu_publisher-2] [INFO] [1732729643.455352722] [drone_home1.sim]: -12.237685833524194
[imu_publisher-2] [INFO] [1732729643.505261328] [drone_home1.sim]: -12.237685833524194
[imu_publisher-2] [INFO] [1732729643.555492006] [drone_home1.sim]: -12.237685833524194
[imu_publisher-2] [INFO] [1732729643.623176264] [drone_home1.sim]: -12.237685833524194
[imu_publisher-2] [INFO] [1732729643.683388541] [drone_home1.sim]: -12.237685833524194
[imu_publisher-2] [INFO] [1732729643.742144955] [drone_home1.sim]: -12.237685833524194
[imu_publisher-2] [INFO] [1732729643.758625151] [drone_home1.sim]: -12.237685833524194
[imu_publisher-2] [INFO] [1732729643.818839298] [drone_home1.sim]: -12.237685833524194
[imu_publisher-2] [INFO] [1732729643.890267853] [drone_home1.sim]: -12.237685833524194
[imu_publisher-2] [INFO] [1732729643.952933785] [drone_home1.sim]: -12.237685833524194
[imu_publisher-2] [INFO] [1732729643.959841695] [drone_home1.sim]: -12.237685833524194
[imu_publisher-2] [INFO] [1732729644.012125196] [drone_home1.sim]: -12.237685833524194
[imu_publisher-2] [INFO] [1732729644.079260865] [drone_home1.sim]: -12.237685833524194
[imu_publisher-2] [INFO] [1732729644.103312320] [drone_home1.sim]: -12.237685833524194
[imu_publisher-2] [INFO] [1732729644.153257685] [drone_home1.sim]: -12.237685833524194
[imu_publisher-2] [INFO] [1732729644.220046429] [drone_home1.sim]: -12.237685833524194
[imu_publisher-2] [INFO] [1732729644.276084468] [drone_home1.sim]: -12.237685833524194
[imu_publisher-2] [INFO] [1732729644.303506129] [drone_home1.sim]: -12.237685833524194
[imu_publisher-2] [INFO] [1732729644.353326272] [drone_home1.sim]: -12.237685833524194
[imu_publisher-2] [INFO] [1732729644.405213497] [drone_home1.sim]: -12.237685833524194
[imu_publisher-2] [INFO] [1732729644.476822569] [drone_home1.sim]: -12.237685833524194
[imu_publisher-2] [INFO] [1732729644.532808163] [drone_home1.sim]: -12.237685833524194
[imu_publisher-2] [INFO] [1732729644.643485025] [drone_home1.sim]: -12.237685833524194
[imu_publisher-2] [INFO] [1732729644.653587104] [drone_home1.sim]: -12.237685833524194
[imu_publisher-2] [INFO] [1732729644.714815839] [drone_home1.sim]: -12.237685833524194
[imu_publisher-2] [INFO] [1732729644.774736210] [drone_home1.sim]: -12.237685833524194
[imu_publisher-2] [INFO] [1732729644.846371486] [drone_home1.sim]: -12.237685833524194
[imu_publisher-2] [INFO] [1732729644.903197317] [drone_home1.sim]: -12.237685833524194
[imu_publisher-2] [INFO] [1732729645.014400342] [drone_home1.sim]: -12.237685833524194
[imu_publisher-2] [INFO] [1732729645.055412269] [drone_home1.sim]: -12.237685833524194
[imu_publisher-2] [INFO] [1732729645.105367671] [drone_home1.sim]: -12.237685833524194
[imu_publisher-2] [INFO] [1732729645.154967908] [drone_home1.sim]: -12.237685833524194
[imu_publisher-2] [INFO] [1732729645.213088102] [drone_home1.sim]: -12.237685833524194
[imu_publisher-2] [INFO] [1732729645.255265894] [drone_home1.sim]: -12.237685833524194
[imu_publisher-2] [INFO] [1732729645.305263870] [drone_home1.sim]: -12.237685833524194
[imu_publisher-2] [INFO] [1732729645.355064402] [drone_home1.sim]: -12.237685833524194
[imu_publisher-2] [INFO] [1732729645.425333370] [drone_home1.sim]: -12.237685833524194
[imu_publisher-2] [INFO] [1732729645.528425398] [drone_home1.sim]: -12.237685833524194
[imu_publisher-2] [INFO] [1732729645.555094655] [drone_home1.sim]: -12.237685833524194
[imu_publisher-2] [INFO] [1732729645.605277037] [drone_home1.sim]: -12.237685833524194
[imu_publisher-2] [INFO] [1732729645.669643497] [drone_home1.sim]: -12.237685833524194
[imu_publisher-2] [INFO] [1732729645.830906683] [drone_home1.sim]: -12.237685833524194
[imu_publisher-2] [INFO] [1732729645.854178494] [drone_home1.sim]: -12.237685833524194
[imu_publisher-2] [INFO] [1732729646.536008573] [drone_home1.sim]: -12.237685833524194
[imu_publisher-2] [INFO] [1732729646.553636634] [drone_home1.sim]: -12.237685833524194
[imu_publisher-2] [INFO] [1732729646.655685408] [drone_home1.sim]: -12.237685833524194
[imu_publisher-2] [INFO] [1732729646.754180330] [drone_home1.sim]: -12.237685833524194
[imu_publisher-2] [INFO] [1732729646.804586729] [drone_home1.sim]: -12.237685833524194
[imu_publisher-2] [INFO] [1732729646.854700389] [drone_home1.sim]: -12.237685833524194
[imu_publisher-2] [INFO] [1732729646.905792007] [drone_home1.sim]: -12.237685833524194
[imu_publisher-2] [INFO] [1732729646.954863506] [drone_home1.sim]: -12.237685833524194
[imu_publisher-2] [INFO] [1732729647.005330905] [drone_home1.sim]: -12.237685833524194
[imu_publisher-2] [INFO] [1732729647.054985382] [drone_home1.sim]: -12.237685833524194
[imu_publisher-2] [INFO] [1732729647.105348986] [drone_home1.sim]: -12.237685833524194
[imu_publisher-2] [INFO] [1732729647.213043528] [drone_home1.sim]: -12.237685833524194
[imu_publisher-2] [INFO] [1732729647.320128611] [drone_home1.sim]: -12.237685833524194
[imu_publisher-2] [INFO] [1732729647.355944860] [drone_home1.sim]: -12.237685833524194
[imu_publisher-2] [INFO] [1732729647.405292209] [drone_home1.sim]: -12.237685833524194
[imu_publisher-2] [INFO] [1732729647.455115315] [drone_home1.sim]: -12.237685833524194
[imu_publisher-2] [INFO] [1732729647.548010986] [drone_home1.sim]: -12.237685833524194
[imu_publisher-2] [INFO] [1732729647.604089284] [drone_home1.sim]: -12.237685833524194
[imu_publisher-2] [INFO] [1732729647.706845425] [drone_home1.sim]: -12.237685833524194
[imu_publisher-2] [INFO] [1732729647.755079909] [drone_home1.sim]: -12.237685833524194
[imu_publisher-2] [INFO] [1732729647.805042384] [drone_home1.sim]: -12.237685833524194
[imu_publisher-2] [INFO] [1732729647.879148611] [drone_home1.sim]: -12.237685833524194
[imu_publisher-2] [INFO] [1732729647.930367729] [drone_home1.sim]: -12.237685833524194
[imu_publisher-2] [INFO] [1732729647.986426600] [drone_home1.sim]: -12.237685833524194
[imu_publisher-2] [INFO] [1732729648.040613166] [drone_home1.sim]: -12.237685833524194
[imu_publisher-2] [INFO] [1732729648.053496455] [drone_home1.sim]: -12.237685833524194
[imu_publisher-2] [INFO] [1732729648.161451200] [drone_home1.sim]: -12.237685833524194
[imu_publisher-2] [INFO] [1732729648.218213401] [drone_home1.sim]: -12.237685833524194
[imu_publisher-2] [INFO] [1732729648.266227034] [drone_home1.sim]: -12.237685833524194
[imu_publisher-2] [INFO] [1732729648.321192782] [drone_home1.sim]: -12.237685833524194
[imu_publisher-2] [INFO] [1732729648.381359448] [drone_home1.sim]: -12.237685833524194
[imu_publisher-2] [INFO] [1732729648.403221599] [drone_home1.sim]: -12.237685833524194
[imu_publisher-2] [INFO] [1732729648.453582017] [drone_home1.sim]: -12.237685833524194
[imu_publisher-2] [INFO] [1732729648.503418290] [drone_home1.sim]: -12.237685833524194
[imu_publisher-2] [INFO] [1732729648.564691154] [drone_home1.sim]: -12.237685833524194
[imu_publisher-2] [INFO] [1732729648.612374493] [drone_home1.sim]: -12.237685833524194
[imu_publisher-2] [INFO] [1732729648.710240880] [drone_home1.sim]: -12.237685833524194
[imu_publisher-2] [INFO] [1732729648.764057707] [drone_home1.sim]: -12.237685833524194
[imu_publisher-2] [INFO] [1732729648.872102785] [drone_home1.sim]: -12.237685833524194
[imu_publisher-2] [INFO] [1732729648.927698992] [drone_home1.sim]: -12.237685833524194
[imu_publisher-2] [INFO] [1732729649.023938980] [drone_home1.sim]: -12.237685833524194
[imu_publisher-2] [INFO] [1732729649.075781243] [drone_home1.sim]: -12.237685833524194
[imu_publisher-2] [INFO] [1732729649.171058403] [drone_home1.sim]: -12.237685833524194
[imu_publisher-2] [INFO] [1732729649.204918828] [drone_home1.sim]: -12.237685833524194
[imu_publisher-2] [INFO] [1732729649.297493427] [drone_home1.sim]: -12.237685833524194
[imu_publisher-2] [INFO] [1732729649.452532514] [drone_home1.sim]: -12.237685833524194
[imu_publisher-2] [INFO] [1732729649.500036705] [drone_home1.sim]: -12.237685833524194
[imu_publisher-2] [INFO] [1732729649.600618524] [drone_home1.sim]: -12.237685833524194
[imu_publisher-2] [INFO] [1732729649.612020578] [drone_home1.sim]: -12.237685833524194
[imu_publisher-2] [INFO] [1732729649.670054885] [drone_home1.sim]: -12.237685833524194
[imu_publisher-2] [INFO] [1732729649.728124802] [drone_home1.sim]: -12.237685833524194
[imu_publisher-2] [INFO] [1732729649.787218232] [drone_home1.sim]: -12.237685833524194
[imu_publisher-2] [INFO] [1732729649.831295200] [drone_home1.sim]: -12.237685833524194
[imu_publisher-2] [INFO] [1732729649.928407295] [drone_home1.sim]: -12.237685833524194
[imu_publisher-2] [INFO] [1732729649.986906562] [drone_home1.sim]: -12.237685833524194
[imu_publisher-2] [INFO] [1732729650.093763072] [drone_home1.sim]: -12.237685833524194
[imu_publisher-2] [INFO] [1732729650.198468110] [drone_home1.sim]: -12.237685833524194
[imu_publisher-2] [INFO] [1732729650.203353846] [drone_home1.sim]: -12.237685833524194
[imu_publisher-2] [INFO] [1732729650.256009382] [drone_home1.sim]: -12.237685833524194
[imu_publisher-2] [INFO] [1732729650.353311402] [drone_home1.sim]: -12.237685833524194
[imu_publisher-2] [INFO] [1732729650.412566184] [drone_home1.sim]: -12.237685833524194
[imu_publisher-2] [INFO] [1732729650.521185592] [drone_home1.sim]: -12.237685833524194
[imu_publisher-2] [INFO] [1732729650.573575371] [drone_home1.sim]: -12.237685833524194
[imu_publisher-2] [INFO] [1732729650.624374842] [drone_home1.sim]: -12.237685833524194
[imu_publisher-2] [INFO] [1732729650.679076683] [drone_home1.sim]: -12.237685833524194
[imu_publisher-2] [INFO] [1732729650.726051229] [drone_home1.sim]: -12.237685833524194
[imu_publisher-2] [INFO] [1732729650.785898823] [drone_home1.sim]: -12.237685833524194
[imu_publisher-2] [INFO] [1732729650.893984808] [drone_home1.sim]: -12.237685833524194
[imu_publisher-2] [INFO] [1732729650.904367479] [drone_home1.sim]: -12.237685833524194
[imu_publisher-2] [INFO] [1732729650.954475324] [drone_home1.sim]: -12.237685833524194
[imu_publisher-2] [INFO] [1732729651.008750557] [drone_home1.sim]: -12.237685833524194
[imu_publisher-2] [INFO] [1732729651.054754441] [drone_home1.sim]: -12.237685833524194
[imu_publisher-2] [INFO] [1732729651.133668236] [drone_home1.sim]: -12.237685833524194
[imu_publisher-2] [INFO] [1732729651.186714827] [drone_home1.sim]: -12.237685833524194
[imu_publisher-2] [INFO] [1732729651.230874775] [drone_home1.sim]: -12.237685833524194
[imu_publisher-2] [INFO] [1732729651.285304710] [drone_home1.sim]: -12.237685833524194
[imu_publisher-2] [INFO] [1732729651.409331339] [drone_home1.sim]: -12.237685833524194
[imu_publisher-2] [INFO] [1732729651.464236161] [drone_home1.sim]: -12.237685833524194
[imu_publisher-2] [INFO] [1732729651.505406347] [drone_home1.sim]: -12.237685833524194
[imu_publisher-2] [INFO] [1732729651.584552252] [drone_home1.sim]: -12.237685833524194
[imu_publisher-2] [INFO] [1732729651.688400573] [drone_home1.sim]: -12.237685833524194
[imu_publisher-2] [INFO] [1732729651.741197794] [drone_home1.sim]: -12.237685833524194
[imu_publisher-2] [INFO] [1732729651.788305340] [drone_home1.sim]: -12.237685833524194
[imu_publisher-2] [INFO] [1732729651.880987253] [drone_home1.sim]: -12.237685833524194
[imu_publisher-2] [INFO] [1732729651.938534117] [drone_home1.sim]: -12.237685833524194
[imu_publisher-2] [INFO] [1732729652.044963221] [drone_home1.sim]: -12.237685833524194
[imu_publisher-2] [INFO] [1732729652.100318041] [drone_home1.sim]: -12.237685833524194
[imu_publisher-2] [INFO] [1732729652.199039276] [drone_home1.sim]: -12.237685833524194
[imu_publisher-2] [INFO] [1732729652.250732058] [drone_home1.sim]: -12.237685833524194
[imu_publisher-2] [INFO] [1732729652.343469582] [drone_home1.sim]: -12.237685833524194
[imu_publisher-2] [INFO] [1732729652.359218356] [drone_home1.sim]: -12.237685833524194
[imu_publisher-2] [INFO] [1732729652.464526966] [drone_home1.sim]: -12.237685833524194
[imu_publisher-2] [INFO] [1732729652.503588681] [drone_home1.sim]: -12.237685833524194
[imu_publisher-2] [INFO] [1732729652.562480779] [drone_home1.sim]: -12.237685833524194
[imu_publisher-2] [INFO] [1732729652.622055448] [drone_home1.sim]: -12.237685833524194
[imu_publisher-2] [INFO] [1732729652.666581376] [drone_home1.sim]: -12.237685833524194
[imu_publisher-2] [INFO] [1732729652.768025394] [drone_home1.sim]: -12.237685833524194
[imu_publisher-2] [INFO] [1732729652.803988847] [drone_home1.sim]: -12.237685833524194
[imu_publisher-2] [INFO] [1732729652.853982026] [drone_home1.sim]: -12.237685833524194
[imu_publisher-2] [INFO] [1732729652.904250926] [drone_home1.sim]: -12.237685833524194
[imu_publisher-2] [INFO] [1732729652.956375780] [drone_home1.sim]: -12.237685833524194
[imu_publisher-2] [INFO] [1732729653.004200525] [drone_home1.sim]: -12.237685833524194
[imu_publisher-2] [INFO] [1732729653.114893831] [drone_home1.sim]: -12.237685833524194
[imu_publisher-2] [INFO] [1732729653.154702431] [drone_home1.sim]: -12.237685833524194
[imu_publisher-2] [INFO] [1732729653.235809123] [drone_home1.sim]: -12.237685833524194
[imu_publisher-2] [INFO] [1732729653.508499222] [drone_home1.sim]: -12.237685833524194
[imu_publisher-2] [INFO] [1732729654.018049542] [drone_home1.sim]: -12.237685833524194
[imu_publisher-2] [INFO] [1732729654.076170922] [drone_home1.sim]: -12.237685833524194
[imu_publisher-2] [INFO] [1732729654.103993451] [drone_home1.sim]: -12.237685833524194
[imu_publisher-2] [INFO] [1732729654.153490188] [drone_home1.sim]: -12.237685833524194
[imu_publisher-2] [INFO] [1732729654.253455232] [drone_home1.sim]: -12.237685833524194
[imu_publisher-2] [INFO] [1732729654.310754042] [drone_home1.sim]: -12.237685833524194
[imu_publisher-2] [INFO] [1732729654.408621429] [drone_home1.sim]: -12.237685833524194
[imu_publisher-2] [INFO] [1732729654.465356001] [drone_home1.sim]: -12.237685833524194
[imu_publisher-2] [INFO] [1732729654.566682483] [drone_home1.sim]: -12.237685833524194
[imu_publisher-2] [INFO] [1732729654.603407061] [drone_home1.sim]: -12.237685833524194
[imu_publisher-2] [INFO] [1732729654.653905016] [drone_home1.sim]: -12.237685833524194
[imu_publisher-2] [INFO] [1732729654.703679066] [drone_home1.sim]: -12.237685833524194
[imu_publisher-2] [INFO] [1732729654.753805504] [drone_home1.sim]: -12.237685833524194
[imu_publisher-2] [INFO] [1732729654.804031312] [drone_home1.sim]: -12.237685833524194
[imu_publisher-2] [INFO] [1732729654.854081584] [drone_home1.sim]: -12.237685833524194
[imu_publisher-2] [INFO] [1732729654.910026826] [drone_home1.sim]: -12.237685833524194
[imu_publisher-2] [INFO] [1732729654.954389218] [drone_home1.sim]: -12.237685833524194
[imu_publisher-2] [INFO] [1732729655.034072825] [drone_home1.sim]: -12.237685833524194
[imu_publisher-2] [INFO] [1732729655.129783927] [drone_home1.sim]: -12.237685833524194
[imu_publisher-2] [INFO] [1732729655.154807767] [drone_home1.sim]: -12.237685833524194
[imu_publisher-2] [INFO] [1732729655.204935371] [drone_home1.sim]: -12.237685833524194
[imu_publisher-2] [INFO] [1732729655.285986156] [drone_home1.sim]: -12.237685833524194
[imu_publisher-2] [INFO] [1732729655.304964859] [drone_home1.sim]: -12.237685833524194
[imu_publisher-2] [INFO] [1732729655.406966393] [drone_home1.sim]: -12.237685833524194
[imu_publisher-2] [INFO] [1732729655.516773814] [drone_home1.sim]: -12.237685833524194
[imu_publisher-2] [INFO] [1732729655.569417888] [drone_home1.sim]: -12.237685833524194
[imu_publisher-2] [INFO] [1732729655.616786654] [drone_home1.sim]: -12.237685833524194
[imu_publisher-2] [INFO] [1732729655.709037032] [drone_home1.sim]: -12.237685833524194
[imu_publisher-2] [INFO] [1732729655.768143796] [drone_home1.sim]: -12.237685833524194
[imu_publisher-2] [INFO] [1732729655.877240684] [drone_home1.sim]: -12.237685833524194
[imu_publisher-2] [INFO] [1732729655.932679651] [drone_home1.sim]: -12.237685833524194
[imu_publisher-2] [INFO] [1732729656.031405534] [drone_home1.sim]: -12.237685833524194
[imu_publisher-2] [INFO] [1732729656.085243306] [drone_home1.sim]: -12.237685833524194
[imu_publisher-2] [INFO] [1732729656.181214295] [drone_home1.sim]: -12.237685833524194
[imu_publisher-2] [INFO] [1732729656.203265668] [drone_home1.sim]: -12.237685833524194
[imu_publisher-2] [INFO] [1732729656.300400800] [drone_home1.sim]: -12.237685833524194
[imu_publisher-2] [INFO] [1732729656.395803959] [drone_home1.sim]: -12.237685833524194
[imu_publisher-2] [INFO] [1732729656.403012757] [drone_home1.sim]: -12.237685833524194
[imu_publisher-2] [INFO] [1732729656.453395953] [drone_home1.sim]: -12.237685833524194
[imu_publisher-2] [INFO] [1732729656.513532952] [drone_home1.sim]: -12.237685833524194
[imu_publisher-2] [INFO] [1732729656.553458459] [drone_home1.sim]: -12.237685833524194
[imu_publisher-2] [INFO] [1732729656.630553467] [drone_home1.sim]: -12.237685833524194
[imu_publisher-2] [INFO] [1732729656.679856909] [drone_home1.sim]: -12.237685833524194
[imu_publisher-2] [INFO] [1732729656.738374398] [drone_home1.sim]: -12.237685833524194
[imu_publisher-2] [INFO] [1732729656.786187255] [drone_home1.sim]: -12.237685833524194
[imu_publisher-2] [INFO] [1732729656.846518217] [drone_home1.sim]: -12.237685833524194
[imu_publisher-2] [INFO] [1732729656.954014316] [drone_home1.sim]: -12.237685833524194
[imu_publisher-2] [INFO] [1732729656.960674135] [drone_home1.sim]: -12.237685833524194
[imu_publisher-2] [INFO] [1732729657.044192945] [drone_home1.sim]: -12.237685833524194
[imu_publisher-2] [INFO] [1732729657.760413060] [drone_home1.sim]: -12.237685833524194
[imu_publisher-2] [INFO] [1732729657.805233080] [drone_home1.sim]: -12.237685833524194
[imu_publisher-2] [INFO] [1732729657.921273952] [drone_home1.sim]: -12.237685833524194
[imu_publisher-2] [INFO] [1732729657.955009971] [drone_home1.sim]: -12.237685833524194
[imu_publisher-2] [INFO] [1732729658.025015014] [drone_home1.sim]: -12.237685833524194
[imu_publisher-2] [INFO] [1732729658.053893409] [drone_home1.sim]: -12.237685833524194
[imu_publisher-2] [INFO] [1732729658.151118114] [drone_home1.sim]: -12.237685833524194
[imu_publisher-2] [INFO] [1732729658.157700119] [drone_home1.sim]: -12.237685833524194
[imu_publisher-2] [INFO] [1732729658.208516720] [drone_home1.sim]: -12.237685833524194
[imu_publisher-2] [INFO] [1732729658.262063456] [drone_home1.sim]: -12.237685833524194
[imu_publisher-2] [INFO] [1732729658.321606051] [drone_home1.sim]: -12.237685833524194
[imu_publisher-2] [INFO] [1732729658.432111302] [drone_home1.sim]: -12.237685833524194
[imu_publisher-2] [INFO] [1732729658.534482112] [drone_home1.sim]: -12.237685833524194
[imu_publisher-2] [INFO] [1732729658.583339964] [drone_home1.sim]: -12.237685833524194
[imu_publisher-2] [INFO] [1732729658.644392459] [drone_home1.sim]: -12.237685833524194
[imu_publisher-2] [INFO] [1732729658.702331488] [drone_home1.sim]: -12.237685833524194
[imu_publisher-2] [INFO] [1732729658.761491270] [drone_home1.sim]: -12.237685833524194
[imu_publisher-2] [INFO] [1732729658.825707953] [drone_home1.sim]: -12.237685833524194
[imu_publisher-2] [INFO] [1732729658.883859000] [drone_home1.sim]: -12.237685833524194
[imu_publisher-2] [INFO] [1732729658.903814012] [drone_home1.sim]: -12.237685833524194
[imu_publisher-2] [INFO] [1732729658.954144079] [drone_home1.sim]: -12.237685833524194
[imu_publisher-2] [INFO] [1732729659.004400720] [drone_home1.sim]: -12.237685833524194
[imu_publisher-2] [INFO] [1732729659.054705879] [drone_home1.sim]: -12.237685833524194
[imu_publisher-2] [INFO] [1732729659.129634472] [drone_home1.sim]: -12.237685833524194
[imu_publisher-2] [INFO] [1732729659.154937533] [drone_home1.sim]: -12.237685833524194
[imu_publisher-2] [INFO] [1732729659.204891509] [drone_home1.sim]: -12.237685833524194
[imu_publisher-2] [INFO] [1732729659.254653708] [drone_home1.sim]: -12.237685833524194
[imu_publisher-2] [INFO] [1732729659.304835404] [drone_home1.sim]: -12.237685833524194
[imu_publisher-2] [INFO] [1732729659.363343375] [drone_home1.sim]: -12.237685833524194
[imu_publisher-2] [INFO] [1732729659.425966751] [drone_home1.sim]: -12.237685833524194
[imu_publisher-2] [INFO] [1732729659.475823413] [drone_home1.sim]: -12.237685833524194
[imu_publisher-2] [INFO] [1732729659.535574248] [drone_home1.sim]: -12.237685833524194
[imu_publisher-2] [INFO] [1732729659.588494079] [drone_home1.sim]: -12.237685833524194
[imu_publisher-2] [INFO] [1732729659.603375543] [drone_home1.sim]: -12.237685833524194
[imu_publisher-2] [INFO] [1732729659.758202353] [drone_home1.sim]: -12.237685833524194
[imu_publisher-2] [INFO] [1732729659.803616574] [drone_home1.sim]: -12.237685833524194
[imu_publisher-2] [INFO] [1732729659.854158954] [drone_home1.sim]: -12.237685833524194
[imu_publisher-2] [INFO] [1732729659.903451378] [drone_home1.sim]: -12.237685833524194
[imu_publisher-2] [INFO] [1732729659.985709509] [drone_home1.sim]: -12.237685833524194
[imu_publisher-2] [INFO] [1732729660.004137529] [drone_home1.sim]: -12.237685833524194
[imu_publisher-2] [INFO] [1732729660.112959918] [drone_home1.sim]: -12.237685833524194
[imu_publisher-2] [INFO] [1732729660.153682477] [drone_home1.sim]: -12.237685833524194
[imu_publisher-2] [INFO] [1732729660.217506884] [drone_home1.sim]: -12.237685833524194
[imu_publisher-2] [INFO] [1732729660.253444410] [drone_home1.sim]: -12.237685833524194
[imu_publisher-2] [INFO] [1732729660.303466627] [drone_home1.sim]: -12.237685833524194
[imu_publisher-2] [INFO] [1732729660.376608951] [drone_home1.sim]: -12.237685833524194
[imu_publisher-2] [INFO] [1732729660.403417837] [drone_home1.sim]: -12.237685833524194
[imu_publisher-2] [INFO] [1732729660.455665505] [drone_home1.sim]: -12.237685833524194
[imu_publisher-2] [INFO] [1732729660.510605364] [drone_home1.sim]: -12.237685833524194
[imu_publisher-2] [INFO] [1732729660.569899016] [drone_home1.sim]: -12.237685833524194
[imu_publisher-2] [INFO] [1732729660.631268787] [drone_home1.sim]: -12.237685833524194
[imu_publisher-2] [INFO] [1732729660.684588247] [drone_home1.sim]: -12.237685833524194
[imu_publisher-2] [INFO] [1732729660.741376263] [drone_home1.sim]: -12.237685833524194
[imu_publisher-2] [INFO] [1732729660.852352808] [drone_home1.sim]: -12.237685833524194
[imu_publisher-2] [INFO] [1732729660.961892786] [drone_home1.sim]: -12.237685833524194
[imu_publisher-2] [INFO] [1732729661.015016432] [drone_home1.sim]: -12.237685833524194
[imu_publisher-2] [INFO] [1732729661.071583097] [drone_home1.sim]: -12.237685833524194
[imu_publisher-2] [INFO] [1732729661.125895755] [drone_home1.sim]: -12.237685833524194
[imu_publisher-2] [INFO] [1732729661.246081662] [drone_home1.sim]: -12.237685833524194
[imu_publisher-2] [INFO] [1732729661.255174951] [drone_home1.sim]: -12.237685833524194
[imu_publisher-2] [INFO] [1732729661.305715201] [drone_home1.sim]: -12.237685833524194
[imu_publisher-2] [INFO] [1732729661.365931608] [drone_home1.sim]: -12.237685833524194
[imu_publisher-2] [INFO] [1732729661.405322155] [drone_home1.sim]: -12.237685833524194
[imu_publisher-2] [INFO] [1732729661.455197446] [drone_home1.sim]: -12.237685833524194
[imu_publisher-2] [INFO] [1732729661.545189983] [drone_home1.sim]: -12.237685833524194
[imu_publisher-2] [INFO] [1732729661.620068669] [drone_home1.sim]: -12.237685833524194
[imu_publisher-2] [INFO] [1732729661.698277728] [drone_home1.sim]: -12.237685833524194
[imu_publisher-2] [INFO] [1732729661.778995256] [drone_home1.sim]: -12.237685833524194
[imu_publisher-2] [INFO] [1732729661.920109393] [drone_home1.sim]: -12.237685833524194
[imu_publisher-2] [INFO] [1732729661.955032610] [drone_home1.sim]: -12.237685833524194
[imu_publisher-2] [INFO] [1732729662.026404480] [drone_home1.sim]: -12.237685833524194
[imu_publisher-2] [INFO] [1732729662.079728624] [drone_home1.sim]: -12.237685833524194
[imu_publisher-2] [INFO] [1732729662.140086216] [drone_home1.sim]: -12.237685833524194
[imu_publisher-2] [INFO] [1732729662.192474402] [drone_home1.sim]: -12.237685833524194
[imu_publisher-2] [INFO] [1732729662.252382254] [drone_home1.sim]: -12.237685833524194
[imu_publisher-2] [INFO] [1732729662.319514127] [drone_home1.sim]: -12.237685833524194
[imu_publisher-2] [INFO] [1732729662.353577681] [drone_home1.sim]: -12.237685833524194
[imu_publisher-2] [INFO] [1732729662.431337223] [drone_home1.sim]: -12.237685833524194
[imu_publisher-2] [INFO] [1732729662.544544461] [drone_home1.sim]: -12.237685833524194
[imu_publisher-2] [INFO] [1732729662.681851932] [drone_home1.sim]: -12.237685833524194
[imu_publisher-2] [INFO] [1732729662.703583733] [drone_home1.sim]: -12.237685833524194
[imu_publisher-2] [INFO] [1732729662.753717745] [drone_home1.sim]: -12.237685833524194
[imu_publisher-2] [INFO] [1732729662.806154041] [drone_home1.sim]: -12.237685833524194
[imu_publisher-2] [INFO] [1732729662.914306323] [drone_home1.sim]: -12.237685833524194
[imu_publisher-2] [INFO] [1732729662.954196811] [drone_home1.sim]: -12.237685833524194
[imu_publisher-2] [INFO] [1732729663.004504415] [drone_home1.sim]: -12.237685833524194
[imu_publisher-2] [INFO] [1732729663.082741029] [drone_home1.sim]: -12.237685833524194
[imu_publisher-2] [INFO] [1732729663.104704384] [drone_home1.sim]: -12.237685833524194
[imu_publisher-2] [INFO] [1732729663.205482183] [drone_home1.sim]: -12.237685833524194
[imu_publisher-2] [INFO] [1732729663.306480815] [drone_home1.sim]: -12.237685833524194
[imu_publisher-2] [INFO] [1732729663.356489142] [drone_home1.sim]: -12.237685833524194
[imu_publisher-2] [INFO] [1732729663.417081232] [drone_home1.sim]: -12.237685833524194
[imu_publisher-2] [INFO] [1732729663.472244423] [drone_home1.sim]: -12.237685833524194
[imu_publisher-2] [INFO] [1732729663.505428518] [drone_home1.sim]: -12.237685833524194
[imu_publisher-2] [INFO] [1732729663.597168270] [drone_home1.sim]: -12.237685833524194
