[INFO] [launch]: All log files can be found below /root/.ros/log/2025-02-11-11-51-58-974912-drone-home-2628
[INFO] [launch]: Default logging verbosity is set to INFO
[WARNING] [pwm_publisher-2]: there are now at least 2 nodes with the name /drone_home1/sim created within this launch context
[WARNING] [gps_publisher-3]: there are now at least 3 nodes with the name /drone_home1/sim created within this launch context
[WARNING] [imu_publisher-4]: there are now at least 4 nodes with the name /drone_home1/sim created within this launch context
[WARNING] [drive_hardware-5]: there are now at least 5 nodes with the name /drone_home1/sim created within this launch context
[INFO] [cv_controller-1]: process started with pid [2630]
[INFO] [pwm_publisher-2]: process started with pid [2632]
[INFO] [gps_publisher-3]: process started with pid [2634]
[INFO] [imu_publisher-4]: process started with pid [2636]
[INFO] [drive_hardware-5]: process started with pid [2638]
[cv_controller-1] [INFO] [1739292720.152838726] [drone_home1.sim]: CV Controller running
[imu_publisher-4] [INFO] [1739292721.654363344] [drone_home1.sim]: Calibration status: (False, 'Calibration (sys:0, gyro:0, accel:3, mag:0)')
[imu_publisher-4] [INFO] [1739292722.158044319] [drone_home1.sim]: Calibration status: (False, 'Calibration (sys:0, gyro:3, accel:3, mag:0)')
[imu_publisher-4] [INFO] [1739292722.660717842] [drone_home1.sim]: Calibration status: (False, 'Calibration (sys:0, gyro:3, accel:3, mag:0)')
[imu_publisher-4] [INFO] [1739292723.163145919] [drone_home1.sim]: Calibration status: (False, 'Calibration (sys:0, gyro:3, accel:3, mag:0)')
[imu_publisher-4] [INFO] [1739292723.666056661] [drone_home1.sim]: Calibration status: (False, 'Calibration (sys:0, gyro:3, accel:3, mag:0)')
[imu_publisher-4] [INFO] [1739292724.169075661] [drone_home1.sim]: Calibration status: (False, 'Calibration (sys:0, gyro:3, accel:3, mag:0)')
[imu_publisher-4] [INFO] [1739292724.672018241] [drone_home1.sim]: Calibration status: (False, 'Calibration (sys:0, gyro:3, accel:3, mag:0)')
[imu_publisher-4] [INFO] [1739292725.174693294] [drone_home1.sim]: Calibration status: (False, 'Calibration (sys:0, gyro:3, accel:3, mag:0)')
[imu_publisher-4] [INFO] [1739292725.677498876] [drone_home1.sim]: Calibration status: (False, 'Calibration (sys:0, gyro:3, accel:3, mag:0)')
[imu_publisher-4] [INFO] [1739292726.180345290] [drone_home1.sim]: Calibration status: (False, 'Calibration (sys:0, gyro:3, accel:3, mag:0)')
[imu_publisher-4] [INFO] [1739292726.682986001] [drone_home1.sim]: Calibration status: (False, 'Calibration (sys:0, gyro:3, accel:3, mag:0)')
[imu_publisher-4] [INFO] [1739292727.185763226] [drone_home1.sim]: Calibration status: (False, 'Calibration (sys:0, gyro:3, accel:3, mag:0)')
[imu_publisher-4] [INFO] [1739292727.688494304] [drone_home1.sim]: Calibration status: (False, 'Calibration (sys:0, gyro:3, accel:3, mag:0)')
[imu_publisher-4] [INFO] [1739292728.191327656] [drone_home1.sim]: Calibration status: (False, 'Calibration (sys:0, gyro:3, accel:3, mag:0)')
[imu_publisher-4] [INFO] [1739292728.694136109] [drone_home1.sim]: Calibration status: (False, 'Calibration (sys:0, gyro:3, accel:3, mag:0)')
[imu_publisher-4] [INFO] [1739292729.196767885] [drone_home1.sim]: Calibration status: (False, 'Calibration (sys:0, gyro:3, accel:3, mag:0)')
[imu_publisher-4] [INFO] [1739292729.699281672] [drone_home1.sim]: Calibration status: (False, 'Calibration (sys:0, gyro:3, accel:3, mag:0)')
[imu_publisher-4] [INFO] [1739292730.202205324] [drone_home1.sim]: Calibration status: (False, 'Calibration (sys:0, gyro:3, accel:3, mag:0)')
[imu_publisher-4] [INFO] [1739292730.704880520] [drone_home1.sim]: Calibration status: (False, 'Calibration (sys:0, gyro:3, accel:3, mag:0)')
[imu_publisher-4] [INFO] [1739292731.207681094] [drone_home1.sim]: Calibration status: (False, 'Calibration (sys:0, gyro:3, accel:3, mag:0)')
[imu_publisher-4] [INFO] [1739292731.710671719] [drone_home1.sim]: Calibration status: (False, 'Calibration (sys:3, gyro:3, accel:3, mag:0)')
[imu_publisher-4] [INFO] [1739292732.213271165] [drone_home1.sim]: Calibration status: (False, 'Calibration (sys:0, gyro:3, accel:3, mag:0)')
[imu_publisher-4] [INFO] [1739292732.715940723] [drone_home1.sim]: Calibration status: (False, 'Calibration (sys:0, gyro:3, accel:3, mag:0)')
[imu_publisher-4] [INFO] [1739292733.218757036] [drone_home1.sim]: Calibration status: (False, 'Calibration (sys:0, gyro:3, accel:3, mag:0)')
[imu_publisher-4] [INFO] [1739292733.721514817] [drone_home1.sim]: Calibration status: (False, 'Calibration (sys:0, gyro:3, accel:3, mag:0)')
[imu_publisher-4] [INFO] [1739292734.224308950] [drone_home1.sim]: Calibration status: (False, 'Calibration (sys:0, gyro:3, accel:3, mag:0)')
[imu_publisher-4] [INFO] [1739292734.727205580] [drone_home1.sim]: Calibration status: (False, 'Calibration (sys:0, gyro:3, accel:3, mag:0)')
[imu_publisher-4] [INFO] [1739292735.230139138] [drone_home1.sim]: Calibration status: (False, 'Calibration (sys:0, gyro:3, accel:3, mag:0)')
[imu_publisher-4] [INFO] [1739292735.732723373] [drone_home1.sim]: Calibration status: (False, 'Calibration (sys:0, gyro:3, accel:3, mag:0)')
[imu_publisher-4] [INFO] [1739292736.235340920] [drone_home1.sim]: Calibration status: (False, 'Calibration (sys:0, gyro:3, accel:3, mag:0)')
[imu_publisher-4] [INFO] [1739292736.738062212] [drone_home1.sim]: Calibration status: (False, 'Calibration (sys:0, gyro:3, accel:3, mag:0)')
[imu_publisher-4] [INFO] [1739292737.240753518] [drone_home1.sim]: Calibration status: (False, 'Calibration (sys:0, gyro:3, accel:3, mag:0)')
[imu_publisher-4] [INFO] [1739292737.743443894] [drone_home1.sim]: Calibration status: (False, 'Calibration (sys:0, gyro:3, accel:3, mag:0)')
[imu_publisher-4] [INFO] [1739292738.246138045] [drone_home1.sim]: Calibration status: (False, 'Calibration (sys:0, gyro:3, accel:3, mag:0)')
[imu_publisher-4] [INFO] [1739292738.748850563] [drone_home1.sim]: Calibration status: (False, 'Calibration (sys:0, gyro:3, accel:3, mag:0)')
[imu_publisher-4] [INFO] [1739292739.251425444] [drone_home1.sim]: Calibration status: (False, 'Calibration (sys:0, gyro:3, accel:3, mag:0)')
[imu_publisher-4] [INFO] [1739292739.754074789] [drone_home1.sim]: Calibration status: (False, 'Calibration (sys:0, gyro:3, accel:3, mag:0)')
[imu_publisher-4] [INFO] [1739292740.256747398] [drone_home1.sim]: Calibration status: (False, 'Calibration (sys:0, gyro:3, accel:3, mag:0)')
[imu_publisher-4] [INFO] [1739292740.759496743] [drone_home1.sim]: Calibration status: (False, 'Calibration (sys:0, gyro:3, accel:3, mag:0)')
[imu_publisher-4] [INFO] [1739292741.262117796] [drone_home1.sim]: Calibration status: (False, 'Calibration (sys:0, gyro:3, accel:3, mag:0)')
[imu_publisher-4] [INFO] [1739292741.765106568] [drone_home1.sim]: Calibration status: (False, 'Calibration (sys:0, gyro:3, accel:3, mag:0)')
[imu_publisher-4] [INFO] [1739292742.267692032] [drone_home1.sim]: Calibration status: (False, 'Calibration (sys:0, gyro:3, accel:3, mag:0)')
[imu_publisher-4] [INFO] [1739292742.770405627] [drone_home1.sim]: Calibration status: (False, 'Calibration (sys:0, gyro:3, accel:3, mag:0)')
[imu_publisher-4] [INFO] [1739292743.273162261] [drone_home1.sim]: Calibration status: (False, 'Calibration (sys:0, gyro:3, accel:3, mag:0)')
[imu_publisher-4] [INFO] [1739292743.775819051] [drone_home1.sim]: Calibration status: (False, 'Calibration (sys:0, gyro:3, accel:3, mag:0)')
[imu_publisher-4] [INFO] [1739292744.278498368] [drone_home1.sim]: Calibration status: (False, 'Calibration (sys:0, gyro:3, accel:3, mag:0)')
[imu_publisher-4] [INFO] [1739292744.781465339] [drone_home1.sim]: Calibration status: (False, 'Calibration (sys:0, gyro:3, accel:3, mag:0)')
[imu_publisher-4] [INFO] [1739292745.284260049] [drone_home1.sim]: Calibration status: (False, 'Calibration (sys:0, gyro:3, accel:3, mag:0)')
[imu_publisher-4] [INFO] [1739292745.786626330] [drone_home1.sim]: Calibration status: (False, 'Calibration (sys:0, gyro:3, accel:3, mag:0)')
[imu_publisher-4] [INFO] [1739292746.289376235] [drone_home1.sim]: Calibration status: (False, 'Calibration (sys:0, gyro:3, accel:3, mag:0)')
[imu_publisher-4] [INFO] [1739292746.792024761] [drone_home1.sim]: Calibration status: (False, 'Calibration (sys:0, gyro:3, accel:3, mag:0)')
[imu_publisher-4] [INFO] [1739292747.294742695] [drone_home1.sim]: Calibration status: (False, 'Calibration (sys:0, gyro:3, accel:3, mag:0)')
[imu_publisher-4] [INFO] [1739292747.797375825] [drone_home1.sim]: Calibration status: (False, 'Calibration (sys:0, gyro:3, accel:3, mag:0)')
[imu_publisher-4] [INFO] [1739292748.300024634] [drone_home1.sim]: Calibration status: (False, 'Calibration (sys:0, gyro:3, accel:3, mag:0)')
[imu_publisher-4] [INFO] [1739292748.802671490] [drone_home1.sim]: Calibration status: (False, 'Calibration (sys:0, gyro:3, accel:3, mag:0)')
[imu_publisher-4] [INFO] [1739292749.305505805] [drone_home1.sim]: Calibration status: (False, 'Calibration (sys:0, gyro:3, accel:3, mag:0)')
[imu_publisher-4] [INFO] [1739292749.808169330] [drone_home1.sim]: Calibration status: (False, 'Calibration (sys:0, gyro:3, accel:3, mag:0)')
[imu_publisher-4] [INFO] [1739292750.311269665] [drone_home1.sim]: Calibration status: (False, 'Calibration (sys:0, gyro:3, accel:3, mag:0)')
[imu_publisher-4] [INFO] [1739292750.813770527] [drone_home1.sim]: Calibration status: (False, 'Calibration (sys:0, gyro:3, accel:3, mag:0)')
[imu_publisher-4] [INFO] [1739292751.316509346] [drone_home1.sim]: Calibration status: (False, 'Calibration (sys:0, gyro:3, accel:3, mag:0)')
[imu_publisher-4] [INFO] [1739292751.819323206] [drone_home1.sim]: Calibration status: (False, 'Calibration (sys:0, gyro:3, accel:3, mag:0)')
[imu_publisher-4] [INFO] [1739292752.322054214] [drone_home1.sim]: Calibration status: (False, 'Calibration (sys:0, gyro:3, accel:3, mag:0)')
[imu_publisher-4] [INFO] [1739292752.824788452] [drone_home1.sim]: Calibration status: (False, 'Calibration (sys:0, gyro:3, accel:3, mag:0)')
[imu_publisher-4] [INFO] [1739292753.327591075] [drone_home1.sim]: Calibration status: (False, 'Calibration (sys:0, gyro:3, accel:3, mag:0)')
[imu_publisher-4] [INFO] [1739292753.830232637] [drone_home1.sim]: Calibration status: (False, 'Calibration (sys:0, gyro:3, accel:3, mag:0)')
[imu_publisher-4] [INFO] [1739292754.333553765] [drone_home1.sim]: Calibration status: (False, 'Calibration (sys:0, gyro:3, accel:3, mag:0)')
[imu_publisher-4] [INFO] [1739292754.836055801] [drone_home1.sim]: Calibration status: (False, 'Calibration (sys:0, gyro:3, accel:3, mag:0)')
[imu_publisher-4] [INFO] [1739292755.338805361] [drone_home1.sim]: Calibration status: (False, 'Calibration (sys:0, gyro:3, accel:3, mag:0)')
[imu_publisher-4] [INFO] [1739292755.841265633] [drone_home1.sim]: Calibration status: (False, 'Calibration (sys:0, gyro:3, accel:3, mag:0)')
[imu_publisher-4] [INFO] [1739292756.343617004] [drone_home1.sim]: Calibration status: (False, 'Calibration (sys:0, gyro:3, accel:3, mag:1)')
[imu_publisher-4] [INFO] [1739292756.846250685] [drone_home1.sim]: Calibration status: (False, 'Calibration (sys:0, gyro:3, accel:3, mag:1)')
[imu_publisher-4] [INFO] [1739292757.348735305] [drone_home1.sim]: Calibration status: (False, 'Calibration (sys:0, gyro:3, accel:3, mag:1)')
[imu_publisher-4] [INFO] [1739292757.851223892] [drone_home1.sim]: Calibration status: (False, 'Calibration (sys:0, gyro:3, accel:3, mag:1)')
[imu_publisher-4] [INFO] [1739292758.353932515] [drone_home1.sim]: Calibration status: (False, 'Calibration (sys:0, gyro:3, accel:3, mag:1)')
[imu_publisher-4] [INFO] [1739292758.856666801] [drone_home1.sim]: Calibration status: (False, 'Calibration (sys:0, gyro:3, accel:3, mag:1)')
[imu_publisher-4] [INFO] [1739292759.359425790] [drone_home1.sim]: Calibration status: (False, 'Calibration (sys:0, gyro:3, accel:3, mag:1)')
[imu_publisher-4] [INFO] [1739292759.862868794] [drone_home1.sim]: Calibration status: (False, 'Calibration (sys:0, gyro:3, accel:3, mag:1)')
[imu_publisher-4] [INFO] [1739292760.365831337] [drone_home1.sim]: Calibration status: (False, 'Calibration (sys:0, gyro:3, accel:3, mag:1)')
[imu_publisher-4] [INFO] [1739292760.868234890] [drone_home1.sim]: Calibration status: (False, 'Calibration (sys:0, gyro:3, accel:3, mag:1)')
[imu_publisher-4] [INFO] [1739292761.370578535] [drone_home1.sim]: Calibration status: (False, 'Calibration (sys:0, gyro:3, accel:3, mag:1)')
[imu_publisher-4] [INFO] [1739292761.872864514] [drone_home1.sim]: Calibration status: (False, 'Calibration (sys:0, gyro:3, accel:3, mag:1)')
[imu_publisher-4] [INFO] [1739292762.375438082] [drone_home1.sim]: Calibration status: (False, 'Calibration (sys:0, gyro:3, accel:3, mag:1)')
[imu_publisher-4] [INFO] [1739292762.878296776] [drone_home1.sim]: Calibration status: (False, 'Calibration (sys:0, gyro:3, accel:3, mag:1)')
[imu_publisher-4] [INFO] [1739292763.380752387] [drone_home1.sim]: Calibration status: (False, 'Calibration (sys:0, gyro:3, accel:3, mag:1)')
[imu_publisher-4] [INFO] [1739292763.883251582] [drone_home1.sim]: Calibration status: (False, 'Calibration (sys:0, gyro:3, accel:3, mag:1)')
[imu_publisher-4] [INFO] [1739292764.386084318] [drone_home1.sim]: Calibration status: (False, 'Calibration (sys:0, gyro:3, accel:3, mag:1)')
[imu_publisher-4] [INFO] [1739292764.888720890] [drone_home1.sim]: Calibration status: (False, 'Calibration (sys:0, gyro:3, accel:3, mag:1)')
[imu_publisher-4] [INFO] [1739292765.391452405] [drone_home1.sim]: Calibration status: (False, 'Calibration (sys:0, gyro:3, accel:3, mag:1)')
[imu_publisher-4] [INFO] [1739292765.894175120] [drone_home1.sim]: Calibration status: (False, 'Calibration (sys:0, gyro:3, accel:3, mag:1)')
[imu_publisher-4] [INFO] [1739292766.396907721] [drone_home1.sim]: Calibration status: (False, 'Calibration (sys:0, gyro:3, accel:3, mag:1)')
[imu_publisher-4] [INFO] [1739292766.899545983] [drone_home1.sim]: Calibration status: (False, 'Calibration (sys:0, gyro:3, accel:3, mag:1)')
[imu_publisher-4] [INFO] [1739292767.402840131] [drone_home1.sim]: Calibration status: (False, 'Calibration (sys:0, gyro:3, accel:3, mag:1)')
[imu_publisher-4] [INFO] [1739292767.905842527] [drone_home1.sim]: Calibration status: (False, 'Calibration (sys:0, gyro:3, accel:3, mag:1)')
[imu_publisher-4] [INFO] [1739292768.408212745] [drone_home1.sim]: Calibration status: (False, 'Calibration (sys:0, gyro:3, accel:3, mag:2)')
[imu_publisher-4] [INFO] [1739292768.910763000] [drone_home1.sim]: Calibration status: (False, 'Calibration (sys:2, gyro:3, accel:3, mag:2)')
[imu_publisher-4] [INFO] [1739292769.413793807] [drone_home1.sim]: Calibration status: (False, 'Calibration (sys:3, gyro:3, accel:3, mag:2)')
[imu_publisher-4] [INFO] [1739292769.916146422] [drone_home1.sim]: Calibration status: (False, 'Calibration (sys:2, gyro:3, accel:3, mag:2)')
[imu_publisher-4] [INFO] [1739292770.418446330] [drone_home1.sim]: Calibration status: (False, 'Calibration (sys:3, gyro:3, accel:3, mag:2)')
[imu_publisher-4] [INFO] [1739292770.920980483] [drone_home1.sim]: Calibration status: (False, 'Calibration (sys:3, gyro:3, accel:3, mag:2)')
[imu_publisher-4] [INFO] [1739292771.423538762] [drone_home1.sim]: Calibration status: (False, 'Calibration (sys:3, gyro:3, accel:3, mag:2)')
[imu_publisher-4] [INFO] [1739292771.926500922] [drone_home1.sim]: Calibration status: (False, 'Calibration (sys:2, gyro:3, accel:3, mag:2)')
[imu_publisher-4] [INFO] [1739292772.428886266] [drone_home1.sim]: Calibration status: (False, 'Calibration (sys:3, gyro:3, accel:3, mag:2)')
[imu_publisher-4] [INFO] [1739292772.931789030] [drone_home1.sim]: Calibration status: (False, 'Calibration (sys:3, gyro:3, accel:3, mag:2)')
[imu_publisher-4] [INFO] [1739292773.434989047] [drone_home1.sim]: Calibration status: (False, 'Calibration (sys:3, gyro:3, accel:3, mag:2)')
[imu_publisher-4] [INFO] [1739292773.937358932] [drone_home1.sim]: Calibration status: (False, 'Calibration (sys:3, gyro:3, accel:3, mag:2)')
[imu_publisher-4] [INFO] [1739292774.439805488] [drone_home1.sim]: Calibration status: (False, 'Calibration (sys:3, gyro:3, accel:3, mag:2)')
[imu_publisher-4] [INFO] [1739292774.942163274] [drone_home1.sim]: Calibration status: (False, 'Calibration (sys:2, gyro:3, accel:3, mag:2)')
[imu_publisher-4] [INFO] [1739292775.444810024] [drone_home1.sim]: Calibration status: (False, 'Calibration (sys:3, gyro:3, accel:3, mag:2)')
[imu_publisher-4] [INFO] [1739292775.947423525] [drone_home1.sim]: Calibration status: (False, 'Calibration (sys:3, gyro:3, accel:3, mag:2)')
[imu_publisher-4] [INFO] [1739292776.450856724] [drone_home1.sim]: Calibration status: (False, 'Calibration (sys:3, gyro:3, accel:3, mag:2)')
[imu_publisher-4] [INFO] [1739292776.953256489] [drone_home1.sim]: Calibration status: (False, 'Calibration (sys:3, gyro:3, accel:3, mag:2)')
[imu_publisher-4] [INFO] [1739292777.455507608] [drone_home1.sim]: Calibration status: (False, 'Calibration (sys:3, gyro:3, accel:1, mag:2)')
[imu_publisher-4] [INFO] [1739292777.958082063] [drone_home1.sim]: Calibration status: (False, 'Calibration (sys:3, gyro:3, accel:1, mag:2)')
[imu_publisher-4] [INFO] [1739292778.460569794] [drone_home1.sim]: Calibration status: (False, 'Calibration (sys:3, gyro:3, accel:1, mag:2)')
[imu_publisher-4] [INFO] [1739292778.963213848] [drone_home1.sim]: Calibration status: (False, 'Calibration (sys:3, gyro:3, accel:1, mag:2)')
[imu_publisher-4] [INFO] [1739292779.465910284] [drone_home1.sim]: Calibration status: (False, 'Calibration (sys:3, gyro:3, accel:1, mag:2)')
[imu_publisher-4] [INFO] [1739292779.968704707] [drone_home1.sim]: Calibration status: (False, 'Calibration (sys:3, gyro:3, accel:1, mag:2)')
[imu_publisher-4] [INFO] [1739292780.471209905] [drone_home1.sim]: Calibration status: (False, 'Calibration (sys:3, gyro:3, accel:1, mag:2)')
[imu_publisher-4] [INFO] [1739292780.973833217] [drone_home1.sim]: Calibration status: (False, 'Calibration (sys:3, gyro:3, accel:1, mag:2)')
[imu_publisher-4] [INFO] [1739292781.476520720] [drone_home1.sim]: Calibration status: (False, 'Calibration (sys:3, gyro:3, accel:1, mag:2)')
[imu_publisher-4] [INFO] [1739292781.979065916] [drone_home1.sim]: Calibration status: (False, 'Calibration (sys:3, gyro:3, accel:1, mag:2)')
[imu_publisher-4] [INFO] [1739292782.482633373] [drone_home1.sim]: Calibration status: (False, 'Calibration (sys:3, gyro:3, accel:1, mag:2)')
[imu_publisher-4] [INFO] [1739292782.985216359] [drone_home1.sim]: Calibration status: (False, 'Calibration (sys:3, gyro:3, accel:1, mag:2)')
[imu_publisher-4] [INFO] [1739292783.487594826] [drone_home1.sim]: Calibration status: (False, 'Calibration (sys:3, gyro:3, accel:1, mag:2)')
[imu_publisher-4] [INFO] [1739292783.989968588] [drone_home1.sim]: Calibration status: (False, 'Calibration (sys:3, gyro:3, accel:1, mag:2)')
[imu_publisher-4] [INFO] [1739292784.492399149] [drone_home1.sim]: Calibration status: (False, 'Calibration (sys:3, gyro:3, accel:1, mag:2)')
[imu_publisher-4] [INFO] [1739292784.995006962] [drone_home1.sim]: Calibration status: (False, 'Calibration (sys:2, gyro:3, accel:1, mag:2)')
[imu_publisher-4] [INFO] [1739292785.497709175] [drone_home1.sim]: Calibration status: (False, 'Calibration (sys:3, gyro:3, accel:1, mag:2)')
[imu_publisher-4] [INFO] [1739292786.000151286] [drone_home1.sim]: Calibration status: (False, 'Calibration (sys:3, gyro:3, accel:1, mag:2)')
[imu_publisher-4] [INFO] [1739292786.503538217] [drone_home1.sim]: Calibration status: (False, 'Calibration (sys:3, gyro:3, accel:1, mag:2)')
[imu_publisher-4] [INFO] [1739292787.005883682] [drone_home1.sim]: Calibration status: (False, 'Calibration (sys:3, gyro:3, accel:1, mag:2)')
[imu_publisher-4] [INFO] [1739292787.508386013] [drone_home1.sim]: Calibration status: (False, 'Calibration (sys:2, gyro:3, accel:1, mag:2)')
[imu_publisher-4] [INFO] [1739292788.011069724] [drone_home1.sim]: Calibration status: (False, 'Calibration (sys:2, gyro:3, accel:1, mag:2)')
[imu_publisher-4] [INFO] [1739292788.514358984] [drone_home1.sim]: Calibration status: (False, 'Calibration (sys:2, gyro:3, accel:1, mag:2)')
[imu_publisher-4] [INFO] [1739292789.016769150] [drone_home1.sim]: Calibration status: (False, 'Calibration (sys:3, gyro:3, accel:1, mag:2)')
[imu_publisher-4] [INFO] [1739292789.519063950] [drone_home1.sim]: Calibration status: (False, 'Calibration (sys:3, gyro:3, accel:1, mag:2)')
[imu_publisher-4] [INFO] [1739292790.021826346] [drone_home1.sim]: Calibration status: (False, 'Calibration (sys:3, gyro:3, accel:1, mag:2)')
[imu_publisher-4] [INFO] [1739292790.524467072] [drone_home1.sim]: Calibration status: (False, 'Calibration (sys:3, gyro:3, accel:1, mag:2)')
[imu_publisher-4] [INFO] [1739292791.026951027] [drone_home1.sim]: Calibration status: (False, 'Calibration (sys:3, gyro:3, accel:1, mag:2)')
[imu_publisher-4] [INFO] [1739292791.529624776] [drone_home1.sim]: Calibration status: (False, 'Calibration (sys:3, gyro:3, accel:1, mag:2)')
[imu_publisher-4] [INFO] [1739292792.032282236] [drone_home1.sim]: Calibration status: (False, 'Calibration (sys:3, gyro:3, accel:1, mag:2)')
[imu_publisher-4] [INFO] [1739292792.534938605] [drone_home1.sim]: Calibration status: (False, 'Calibration (sys:3, gyro:3, accel:1, mag:2)')
[imu_publisher-4] [INFO] [1739292793.037636064] [drone_home1.sim]: Calibration status: (False, 'Calibration (sys:3, gyro:3, accel:1, mag:2)')
[imu_publisher-4] [INFO] [1739292793.540265230] [drone_home1.sim]: Calibration status: (False, 'Calibration (sys:3, gyro:3, accel:1, mag:2)')
[imu_publisher-4] [INFO] [1739292794.042959422] [drone_home1.sim]: Calibration status: (False, 'Calibration (sys:3, gyro:3, accel:1, mag:2)')
[imu_publisher-4] [INFO] [1739292794.545707212] [drone_home1.sim]: Calibration status: (False, 'Calibration (sys:3, gyro:3, accel:1, mag:2)')
[imu_publisher-4] [INFO] [1739292795.048482843] [drone_home1.sim]: Calibration status: (False, 'Calibration (sys:3, gyro:3, accel:1, mag:2)')
[imu_publisher-4] [INFO] [1739292795.550970081] [drone_home1.sim]: Calibration status: (False, 'Calibration (sys:3, gyro:3, accel:1, mag:2)')
[imu_publisher-4] [INFO] [1739292796.054796039] [drone_home1.sim]: Calibration status: (False, 'Calibration (sys:3, gyro:3, accel:1, mag:2)')
[imu_publisher-4] [INFO] [1739292796.557151815] [drone_home1.sim]: Calibration status: (False, 'Calibration (sys:3, gyro:3, accel:1, mag:2)')
[imu_publisher-4] [INFO] [1739292797.059627178] [drone_home1.sim]: Calibration status: (False, 'Calibration (sys:3, gyro:3, accel:1, mag:2)')
[imu_publisher-4] [INFO] [1739292797.562665080] [drone_home1.sim]: Calibration status: (False, 'Calibration (sys:3, gyro:3, accel:1, mag:2)')
[imu_publisher-4] [INFO] [1739292798.065023349] [drone_home1.sim]: Calibration status: (False, 'Calibration (sys:3, gyro:3, accel:1, mag:2)')
[imu_publisher-4] [INFO] [1739292798.567330575] [drone_home1.sim]: Calibration status: (False, 'Calibration (sys:3, gyro:3, accel:1, mag:2)')
[imu_publisher-4] [INFO] [1739292799.070586783] [drone_home1.sim]: Calibration status: (False, 'Calibration (sys:3, gyro:3, accel:1, mag:2)')
[imu_publisher-4] [INFO] [1739292799.572914679] [drone_home1.sim]: Calibration status: (False, 'Calibration (sys:3, gyro:3, accel:1, mag:2)')
[imu_publisher-4] [INFO] [1739292800.075332336] [drone_home1.sim]: Calibration status: (False, 'Calibration (sys:3, gyro:3, accel:1, mag:2)')
[imu_publisher-4] [INFO] [1739292800.577947565] [drone_home1.sim]: Calibration status: (False, 'Calibration (sys:3, gyro:3, accel:1, mag:2)')
[imu_publisher-4] [INFO] [1739292801.080496231] [drone_home1.sim]: Calibration status: (False, 'Calibration (sys:3, gyro:3, accel:1, mag:2)')
[imu_publisher-4] [INFO] [1739292801.583050495] [drone_home1.sim]: Calibration status: (False, 'Calibration (sys:3, gyro:3, accel:1, mag:2)')
[imu_publisher-4] [INFO] [1739292802.085766778] [drone_home1.sim]: Calibration status: (False, 'Calibration (sys:3, gyro:3, accel:1, mag:2)')
[imu_publisher-4] [INFO] [1739292802.588404434] [drone_home1.sim]: Calibration status: (False, 'Calibration (sys:3, gyro:3, accel:1, mag:2)')
[imu_publisher-4] [INFO] [1739292803.091076010] [drone_home1.sim]: Calibration status: (False, 'Calibration (sys:3, gyro:3, accel:1, mag:2)')
[imu_publisher-4] [INFO] [1739292803.593823650] [drone_home1.sim]: Calibration status: (False, 'Calibration (sys:3, gyro:3, accel:1, mag:2)')
[imu_publisher-4] [INFO] [1739292804.096516120] [drone_home1.sim]: Calibration status: (False, 'Calibration (sys:3, gyro:3, accel:1, mag:2)')
[imu_publisher-4] [INFO] [1739292804.599316910] [drone_home1.sim]: Calibration status: (False, 'Calibration (sys:3, gyro:3, accel:1, mag:2)')
[imu_publisher-4] [INFO] [1739292805.102797844] [drone_home1.sim]: Calibration status: (False, 'Calibration (sys:3, gyro:3, accel:1, mag:2)')
[imu_publisher-4] [INFO] [1739292805.605229663] [drone_home1.sim]: Calibration status: (False, 'Calibration (sys:3, gyro:3, accel:1, mag:2)')
[imu_publisher-4] [INFO] [1739292806.107610217] [drone_home1.sim]: Calibration status: (False, 'Calibration (sys:2, gyro:3, accel:1, mag:2)')
[imu_publisher-4] [INFO] [1739292806.610054034] [drone_home1.sim]: Calibration status: (False, 'Calibration (sys:2, gyro:3, accel:1, mag:2)')
[imu_publisher-4] [INFO] [1739292807.113368111] [drone_home1.sim]: Calibration status: (False, 'Calibration (sys:3, gyro:3, accel:1, mag:2)')
[imu_publisher-4] [INFO] [1739292807.616387587] [drone_home1.sim]: Calibration status: (False, 'Calibration (sys:3, gyro:3, accel:1, mag:2)')
[imu_publisher-4] [INFO] [1739292808.118600547] [drone_home1.sim]: Calibration status: (False, 'Calibration (sys:3, gyro:3, accel:1, mag:2)')
[imu_publisher-4] [INFO] [1739292808.620912484] [drone_home1.sim]: Calibration status: (False, 'Calibration (sys:3, gyro:3, accel:1, mag:3)')
[imu_publisher-4] [INFO] [1739292809.123276069] [drone_home1.sim]: Calibration status: (False, 'Calibration (sys:2, gyro:3, accel:1, mag:3)')
[imu_publisher-4] [INFO] [1739292809.625917803] [drone_home1.sim]: Calibration status: (False, 'Calibration (sys:2, gyro:3, accel:1, mag:3)')
[imu_publisher-4] [INFO] [1739292810.128550641] [drone_home1.sim]: Calibration status: (False, 'Calibration (sys:3, gyro:3, accel:0, mag:3)')
[imu_publisher-4] [INFO] [1739292810.631213653] [drone_home1.sim]: Calibration status: (False, 'Calibration (sys:2, gyro:3, accel:0, mag:3)')
[imu_publisher-4] [INFO] [1739292811.133951642] [drone_home1.sim]: Calibration status: (False, 'Calibration (sys:2, gyro:3, accel:0, mag:3)')
[imu_publisher-4] [INFO] [1739292811.636657149] [drone_home1.sim]: Calibration status: (False, 'Calibration (sys:2, gyro:3, accel:0, mag:3)')
[imu_publisher-4] [INFO] [1739292812.139284253] [drone_home1.sim]: Calibration status: (False, 'Calibration (sys:3, gyro:3, accel:0, mag:3)')
[imu_publisher-4] [INFO] [1739292812.642058207] [drone_home1.sim]: Calibration status: (False, 'Calibration (sys:3, gyro:3, accel:0, mag:3)')
[imu_publisher-4] [INFO] [1739292813.144701757] [drone_home1.sim]: Calibration status: (False, 'Calibration (sys:3, gyro:3, accel:0, mag:3)')
[imu_publisher-4] [INFO] [1739292813.647298040] [drone_home1.sim]: Calibration status: (False, 'Calibration (sys:3, gyro:3, accel:0, mag:3)')
[imu_publisher-4] [INFO] [1739292814.150119608] [drone_home1.sim]: Calibration status: (False, 'Calibration (sys:3, gyro:3, accel:0, mag:3)')
[imu_publisher-4] [INFO] [1739292814.653476994] [drone_home1.sim]: Calibration status: (False, 'Calibration (sys:3, gyro:3, accel:0, mag:3)')
[imu_publisher-4] [INFO] [1739292815.155875989] [drone_home1.sim]: Calibration status: (False, 'Calibration (sys:3, gyro:3, accel:0, mag:3)')
[imu_publisher-4] [INFO] [1739292815.658283847] [drone_home1.sim]: Calibration status: (False, 'Calibration (sys:3, gyro:3, accel:0, mag:3)')
[imu_publisher-4] [INFO] [1739292816.160799899] [drone_home1.sim]: Calibration status: (False, 'Calibration (sys:3, gyro:3, accel:0, mag:3)')
[imu_publisher-4] [INFO] [1739292816.663505905] [drone_home1.sim]: Calibration status: (False, 'Calibration (sys:3, gyro:3, accel:0, mag:3)')
[imu_publisher-4] [INFO] [1739292817.166617808] [drone_home1.sim]: Calibration status: (False, 'Calibration (sys:3, gyro:3, accel:0, mag:3)')
[imu_publisher-4] [INFO] [1739292817.669142848] [drone_home1.sim]: Calibration status: (False, 'Calibration (sys:3, gyro:3, accel:0, mag:3)')
[imu_publisher-4] [INFO] [1739292818.171476298] [drone_home1.sim]: Calibration status: (False, 'Calibration (sys:3, gyro:3, accel:0, mag:3)')
[imu_publisher-4] [INFO] [1739292818.674247421] [drone_home1.sim]: Calibration status: (False, 'Calibration (sys:3, gyro:3, accel:0, mag:3)')
[imu_publisher-4] [INFO] [1739292819.176793801] [drone_home1.sim]: Calibration status: (False, 'Calibration (sys:3, gyro:3, accel:0, mag:3)')
[imu_publisher-4] [INFO] [1739292819.679988484] [drone_home1.sim]: Calibration status: (False, 'Calibration (sys:3, gyro:3, accel:0, mag:3)')
[imu_publisher-4] [INFO] [1739292820.182949464] [drone_home1.sim]: Calibration status: (False, 'Calibration (sys:3, gyro:3, accel:0, mag:3)')
[imu_publisher-4] [INFO] [1739292820.685955532] [drone_home1.sim]: Calibration status: (False, 'Calibration (sys:3, gyro:3, accel:0, mag:3)')
[imu_publisher-4] [INFO] [1739292821.188959038] [drone_home1.sim]: Calibration status: (False, 'Calibration (sys:3, gyro:3, accel:0, mag:3)')
[imu_publisher-4] [INFO] [1739292821.692134452] [drone_home1.sim]: Calibration status: (False, 'Calibration (sys:3, gyro:3, accel:0, mag:3)')
[imu_publisher-4] [INFO] [1739292822.195204773] [drone_home1.sim]: Calibration status: (False, 'Calibration (sys:3, gyro:3, accel:0, mag:3)')
[imu_publisher-4] [INFO] [1739292822.698331159] [drone_home1.sim]: Calibration status: (False, 'Calibration (sys:2, gyro:3, accel:0, mag:3)')
[imu_publisher-4] [INFO] [1739292823.201287172] [drone_home1.sim]: Calibration status: (False, 'Calibration (sys:2, gyro:3, accel:0, mag:3)')
[imu_publisher-4] [INFO] [1739292823.704364658] [drone_home1.sim]: Calibration status: (False, 'Calibration (sys:2, gyro:3, accel:0, mag:3)')
[imu_publisher-4] [INFO] [1739292824.207361693] [drone_home1.sim]: Calibration status: (False, 'Calibration (sys:3, gyro:3, accel:0, mag:3)')
[imu_publisher-4] [INFO] [1739292824.710359910] [drone_home1.sim]: Calibration status: (False, 'Calibration (sys:3, gyro:3, accel:0, mag:3)')
[imu_publisher-4] [INFO] [1739292825.213440977] [drone_home1.sim]: Calibration status: (False, 'Calibration (sys:3, gyro:3, accel:0, mag:3)')
[imu_publisher-4] [INFO] [1739292825.717085800] [drone_home1.sim]: Calibration status: (False, 'Calibration (sys:3, gyro:3, accel:0, mag:3)')
[imu_publisher-4] [INFO] [1739292826.220621595] [drone_home1.sim]: Calibration status: (False, 'Calibration (sys:3, gyro:3, accel:0, mag:3)')
[imu_publisher-4] [INFO] [1739292826.724233134] [drone_home1.sim]: Calibration status: (False, 'Calibration (sys:3, gyro:3, accel:0, mag:3)')
[imu_publisher-4] [INFO] [1739292827.227812864] [drone_home1.sim]: Calibration status: (False, 'Calibration (sys:3, gyro:3, accel:0, mag:3)')
[imu_publisher-4] [INFO] [1739292827.731431633] [drone_home1.sim]: Calibration status: (False, 'Calibration (sys:3, gyro:3, accel:0, mag:3)')
[imu_publisher-4] [INFO] [1739292828.235008160] [drone_home1.sim]: Calibration status: (False, 'Calibration (sys:3, gyro:3, accel:0, mag:3)')
[imu_publisher-4] [INFO] [1739292828.738273287] [drone_home1.sim]: Calibration status: (False, 'Calibration (sys:3, gyro:3, accel:0, mag:3)')
[imu_publisher-4] [INFO] [1739292829.241256677] [drone_home1.sim]: Calibration status: (False, 'Calibration (sys:3, gyro:3, accel:0, mag:3)')
[imu_publisher-4] [INFO] [1739292829.745057494] [drone_home1.sim]: Calibration status: (False, 'Calibration (sys:3, gyro:3, accel:0, mag:3)')
[imu_publisher-4] [INFO] [1739292830.248011985] [drone_home1.sim]: Calibration status: (False, 'Calibration (sys:3, gyro:3, accel:0, mag:3)')
[imu_publisher-4] [INFO] [1739292830.750966316] [drone_home1.sim]: Calibration status: (False, 'Calibration (sys:3, gyro:3, accel:0, mag:3)')
[imu_publisher-4] [INFO] [1739292831.254044647] [drone_home1.sim]: Calibration status: (False, 'Calibration (sys:3, gyro:3, accel:0, mag:3)')
[imu_publisher-4] [INFO] [1739292831.757094914] [drone_home1.sim]: Calibration status: (False, 'Calibration (sys:3, gyro:3, accel:0, mag:3)')
[imu_publisher-4] [INFO] [1739292832.260175323] [drone_home1.sim]: Calibration status: (False, 'Calibration (sys:2, gyro:3, accel:0, mag:3)')
[imu_publisher-4] [INFO] [1739292832.763161585] [drone_home1.sim]: Calibration status: (False, 'Calibration (sys:2, gyro:3, accel:0, mag:3)')
[imu_publisher-4] [INFO] [1739292833.266196103] [drone_home1.sim]: Calibration status: (False, 'Calibration (sys:3, gyro:3, accel:0, mag:3)')
[imu_publisher-4] [INFO] [1739292833.769238268] [drone_home1.sim]: Calibration status: (False, 'Calibration (sys:3, gyro:3, accel:1, mag:3)')
[imu_publisher-4] [INFO] [1739292834.272244463] [drone_home1.sim]: Calibration status: (False, 'Calibration (sys:3, gyro:3, accel:1, mag:3)')
[imu_publisher-4] Traceback (most recent call last):
[imu_publisher-4]   File "/workspaces/drone_home-dev/drone-home/ros2_ws/install/drone_home/lib/drone_home/imu_publisher", line 33, in <module>
[imu_publisher-4]     sys.exit(load_entry_point('drone-home==0.0.0', 'console_scripts', 'imu_publisher')())
[imu_publisher-4]   File "/workspaces/drone_home-dev/drone-home/ros2_ws/install/drone_home/lib/python3.10/site-packages/drone_home/imu_publisher.py", line 91, in main
[imu_publisher-4]     imu_publisher = IMUPublisher()
[imu_publisher-4]   File "/workspaces/drone_home-dev/drone-home/ros2_ws/install/drone_home/lib/python3.10/site-packages/drone_home/imu_publisher.py", line 62, in __init__
[imu_publisher-4]     cal = self.imu_sensor.calibrateCheck()
[imu_publisher-4]   File "/workspaces/drone_home-dev/drone-home/ros2_ws/install/drone_home/lib/python3.10/site-packages/drone_home/imu_publisher.py", line 38, in calibrateCheck
[imu_publisher-4]     cal = self.sensor.calibration_status
[imu_publisher-4]   File "/usr/local/lib/python3.10/dist-packages/adafruit_bno055.py", line 369, in calibration_status
[imu_publisher-4]     calibration_data = self._read_register(_CALIBRATION_REGISTER)
[imu_publisher-4]   File "/usr/local/lib/python3.10/dist-packages/adafruit_bno055.py", line 828, in _read_register
[imu_publisher-4]     i2c.write_then_readinto(self.buffer, self.buffer, out_end=1, in_start=1)
[imu_publisher-4]   File "/usr/local/lib/python3.10/dist-packages/adafruit_bus_device/i2c_device.py", line 140, in write_then_readinto
[imu_publisher-4]     self.i2c.writeto_then_readfrom(
[imu_publisher-4]   File "/usr/local/lib/python3.10/dist-packages/busio.py", line 232, in writeto_then_readfrom
[imu_publisher-4]     return self._i2c.writeto_then_readfrom(
[imu_publisher-4]   File "/usr/local/lib/python3.10/dist-packages/adafruit_blinka/microcontroller/generic_linux/i2c.py", line 98, in writeto_then_readfrom
[imu_publisher-4]     readin = self._i2c_bus.read_i2c_block_data(
[imu_publisher-4]   File "/usr/local/lib/python3.10/dist-packages/Adafruit_PureIO/smbus.py", line 264, in read_i2c_block_data
[imu_publisher-4]     ioctl(self._device.fileno(), I2C_RDWR, request)
[imu_publisher-4] OSError: [Errno 121] Remote I/O error
[ERROR] [imu_publisher-4]: process has died [pid 2636, exit code 1, cmd '/workspaces/drone_home-dev/drone-home/ros2_ws/install/drone_home/lib/drone_home/imu_publisher --ros-args -r __node:=sim -r __ns:=/drone_home1'].
