[2.503s] Invoking command in '/workspaces/isaac_ros-dev/Docker/git/jetson-gpio': PYTHONPATH=/workspaces/isaac_ros-dev/build/Jetson.GPIO/prefix_override:/usr/lib/python3/dist-packages/colcon_core/task/python/colcon_distutils_commands:/workspaces/isaac_ros-dev/install/Jetson.GPIO/lib/python3.10/site-packages:${PYTHONPATH} /usr/bin/python3 -W ignore:setup.py install is deprecated setup.py egg_info --egg-base ../../../build/Jetson.GPIO build --build-base /workspaces/isaac_ros-dev/build/Jetson.GPIO/build install --record /workspaces/isaac_ros-dev/build/Jetson.GPIO/install.log --single-version-externally-managed
[3.445s] running egg_info
[3.447s] creating ../../../build/Jetson.GPIO/Jetson.GPIO.egg-info
[3.489s] writing ../../../build/Jetson.GPIO/Jetson.GPIO.egg-info/PKG-INFO
[3.490s] writing dependency_links to ../../../build/Jetson.GPIO/Jetson.GPIO.egg-info/dependency_links.txt
[3.490s] writing top-level names to ../../../build/Jetson.GPIO/Jetson.GPIO.egg-info/top_level.txt
[3.491s] writing manifest file '../../../build/Jetson.GPIO/Jetson.GPIO.egg-info/SOURCES.txt'
[3.695s] reading manifest template 'MANIFEST.in'
[3.696s] warning: no files found matching 'LICENCE.txt'
[3.696s] adding license file 'LICENSE.txt'
[3.698s] writing manifest file '../../../build/Jetson.GPIO/Jetson.GPIO.egg-info/SOURCES.txt'
[3.698s] running build
[3.698s] running build_py
[3.698s] creating /workspaces/isaac_ros-dev/build/Jetson.GPIO/build
[3.699s] creating /workspaces/isaac_ros-dev/build/Jetson.GPIO/build/lib
[3.699s] creating /workspaces/isaac_ros-dev/build/Jetson.GPIO/build/lib/Jetson
[3.699s] copying lib/python/Jetson/__init__.py -> /workspaces/isaac_ros-dev/build/Jetson.GPIO/build/lib/Jetson
[3.700s] creating /workspaces/isaac_ros-dev/build/Jetson.GPIO/build/lib/Jetson/GPIO
[3.700s] copying lib/python/Jetson/GPIO/gpio.py -> /workspaces/isaac_ros-dev/build/Jetson.GPIO/build/lib/Jetson/GPIO
[3.701s] copying lib/python/Jetson/GPIO/__init__.py -> /workspaces/isaac_ros-dev/build/Jetson.GPIO/build/lib/Jetson/GPIO
[3.701s] copying lib/python/Jetson/GPIO/gpio_pin_data.py -> /workspaces/isaac_ros-dev/build/Jetson.GPIO/build/lib/Jetson/GPIO
[3.702s] copying lib/python/Jetson/GPIO/gpio_cdev.py -> /workspaces/isaac_ros-dev/build/Jetson.GPIO/build/lib/Jetson/GPIO
[3.702s] copying lib/python/Jetson/GPIO/gpio_event.py -> /workspaces/isaac_ros-dev/build/Jetson.GPIO/build/lib/Jetson/GPIO
[3.703s] creating /workspaces/isaac_ros-dev/build/Jetson.GPIO/build/lib/RPi
[3.704s] copying lib/python/RPi/__init__.py -> /workspaces/isaac_ros-dev/build/Jetson.GPIO/build/lib/RPi
[3.704s] creating /workspaces/isaac_ros-dev/build/Jetson.GPIO/build/lib/RPi/GPIO
[3.704s] copying lib/python/RPi/GPIO/__init__.py -> /workspaces/isaac_ros-dev/build/Jetson.GPIO/build/lib/RPi/GPIO
[3.705s] copying lib/python/Jetson/GPIO/99-gpio.rules -> /workspaces/isaac_ros-dev/build/Jetson.GPIO/build/lib/Jetson/GPIO
[3.706s] running install
[3.718s] running install_lib
[3.761s] creating /workspaces/isaac_ros-dev/install/Jetson.GPIO/lib/python3.10/site-packages/RPi
[3.761s] copying /workspaces/isaac_ros-dev/build/Jetson.GPIO/build/lib/RPi/__init__.py -> /workspaces/isaac_ros-dev/install/Jetson.GPIO/lib/python3.10/site-packages/RPi
[3.761s] creating /workspaces/isaac_ros-dev/install/Jetson.GPIO/lib/python3.10/site-packages/RPi/GPIO
[3.761s] copying /workspaces/isaac_ros-dev/build/Jetson.GPIO/build/lib/RPi/GPIO/__init__.py -> /workspaces/isaac_ros-dev/install/Jetson.GPIO/lib/python3.10/site-packages/RPi/GPIO
[3.761s] creating /workspaces/isaac_ros-dev/install/Jetson.GPIO/lib/python3.10/site-packages/Jetson
[3.761s] copying /workspaces/isaac_ros-dev/build/Jetson.GPIO/build/lib/Jetson/__init__.py -> /workspaces/isaac_ros-dev/install/Jetson.GPIO/lib/python3.10/site-packages/Jetson
[3.762s] creating /workspaces/isaac_ros-dev/install/Jetson.GPIO/lib/python3.10/site-packages/Jetson/GPIO
[3.762s] copying /workspaces/isaac_ros-dev/build/Jetson.GPIO/build/lib/Jetson/GPIO/gpio.py -> /workspaces/isaac_ros-dev/install/Jetson.GPIO/lib/python3.10/site-packages/Jetson/GPIO
[3.762s] copying /workspaces/isaac_ros-dev/build/Jetson.GPIO/build/lib/Jetson/GPIO/__init__.py -> /workspaces/isaac_ros-dev/install/Jetson.GPIO/lib/python3.10/site-packages/Jetson/GPIO
[3.763s] copying /workspaces/isaac_ros-dev/build/Jetson.GPIO/build/lib/Jetson/GPIO/99-gpio.rules -> /workspaces/isaac_ros-dev/install/Jetson.GPIO/lib/python3.10/site-packages/Jetson/GPIO
[3.763s] copying /workspaces/isaac_ros-dev/build/Jetson.GPIO/build/lib/Jetson/GPIO/gpio_pin_data.py -> /workspaces/isaac_ros-dev/install/Jetson.GPIO/lib/python3.10/site-packages/Jetson/GPIO
[3.763s] copying /workspaces/isaac_ros-dev/build/Jetson.GPIO/build/lib/Jetson/GPIO/gpio_cdev.py -> /workspaces/isaac_ros-dev/install/Jetson.GPIO/lib/python3.10/site-packages/Jetson/GPIO
[3.763s] copying /workspaces/isaac_ros-dev/build/Jetson.GPIO/build/lib/Jetson/GPIO/gpio_event.py -> /workspaces/isaac_ros-dev/install/Jetson.GPIO/lib/python3.10/site-packages/Jetson/GPIO
[3.765s] byte-compiling /workspaces/isaac_ros-dev/install/Jetson.GPIO/lib/python3.10/site-packages/RPi/__init__.py to __init__.cpython-310.pyc
[3.766s] byte-compiling /workspaces/isaac_ros-dev/install/Jetson.GPIO/lib/python3.10/site-packages/RPi/GPIO/__init__.py to __init__.cpython-310.pyc
[3.766s] byte-compiling /workspaces/isaac_ros-dev/install/Jetson.GPIO/lib/python3.10/site-packages/Jetson/__init__.py to __init__.cpython-310.pyc
[3.766s] byte-compiling /workspaces/isaac_ros-dev/install/Jetson.GPIO/lib/python3.10/site-packages/Jetson/GPIO/gpio.py to gpio.cpython-310.pyc
[3.772s] byte-compiling /workspaces/isaac_ros-dev/install/Jetson.GPIO/lib/python3.10/site-packages/Jetson/GPIO/__init__.py to __init__.cpython-310.pyc
[3.773s] byte-compiling /workspaces/isaac_ros-dev/install/Jetson.GPIO/lib/python3.10/site-packages/Jetson/GPIO/gpio_pin_data.py to gpio_pin_data.cpython-310.pyc
[3.781s] byte-compiling /workspaces/isaac_ros-dev/install/Jetson.GPIO/lib/python3.10/site-packages/Jetson/GPIO/gpio_cdev.py to gpio_cdev.cpython-310.pyc
[3.783s] byte-compiling /workspaces/isaac_ros-dev/install/Jetson.GPIO/lib/python3.10/site-packages/Jetson/GPIO/gpio_event.py to gpio_event.cpython-310.pyc
[3.786s] running install_egg_info
[3.828s] Copying ../../../build/Jetson.GPIO/Jetson.GPIO.egg-info to /workspaces/isaac_ros-dev/install/Jetson.GPIO/lib/python3.10/site-packages/Jetson.GPIO-2.1.6-py3.10.egg-info
[3.829s] running install_scripts
[3.983s] writing list of installed files to '/workspaces/isaac_ros-dev/build/Jetson.GPIO/install.log'
[4.108s] Invoked command in '/workspaces/isaac_ros-dev/Docker/git/jetson-gpio' returned '0': PYTHONPATH=/workspaces/isaac_ros-dev/build/Jetson.GPIO/prefix_override:/usr/lib/python3/dist-packages/colcon_core/task/python/colcon_distutils_commands:/workspaces/isaac_ros-dev/install/Jetson.GPIO/lib/python3.10/site-packages:${PYTHONPATH} /usr/bin/python3 -W ignore:setup.py install is deprecated setup.py egg_info --egg-base ../../../build/Jetson.GPIO build --build-base /workspaces/isaac_ros-dev/build/Jetson.GPIO/build install --record /workspaces/isaac_ros-dev/build/Jetson.GPIO/install.log --single-version-externally-managed
