[0.000000] (-) TimerEvent: {}
[0.000296] (drone_home) JobQueued: {'identifier': 'drone_home', 'dependencies': OrderedDict()}
[0.000360] (drone_home) JobStarted: {'identifier': 'drone_home'}
[0.086720] (-) TimerEvent: {}
[0.187283] (-) TimerEvent: {}
[0.287838] (-) TimerEvent: {}
[0.388416] (-) TimerEvent: {}
[0.488981] (-) TimerEvent: {}
[0.589587] (-) TimerEvent: {}
[0.690167] (-) TimerEvent: {}
[0.790655] (-) TimerEvent: {}
[0.891214] (-) TimerEvent: {}
[0.991773] (-) TimerEvent: {}
[1.092343] (-) TimerEvent: {}
[1.192907] (-) TimerEvent: {}
[1.293469] (-) TimerEvent: {}
[1.394050] (-) TimerEvent: {}
[1.494694] (-) TimerEvent: {}
[1.595238] (-) TimerEvent: {}
[1.695794] (-) TimerEvent: {}
[1.796355] (-) TimerEvent: {}
[1.897004] (-) TimerEvent: {}
[1.939759] (drone_home) Command: {'cmd': ['/usr/bin/python3', '-W', 'ignore:setup.py install is deprecated', 'setup.py', 'egg_info', '--egg-base', '../../build/drone_home', 'build', '--build-base', '/workspaces/isaac_ros-dev/drone-home/ros2_ws/build/drone_home/build', 'install', '--record', '/workspaces/isaac_ros-dev/drone-home/ros2_ws/build/drone_home/install.log', '--single-version-externally-managed', 'install_data'], 'cwd': '/workspaces/isaac_ros-dev/drone-home/ros2_ws/src/drone_home', 'env': {'SUDO_GID': '1000', 'MAIL': '/var/mail/root', 'USER': 'root', 'HOSTNAME': 'drone-home', 'HOME': '/root', 'SUDO_UID': '1000', 'LOGNAME': 'root', 'TERM': 'xterm', 'PATH': '/usr/local/sbin:/usr/local/bin:/usr/sbin:/usr/bin:/sbin:/bin:/snap/bin', 'LANG': 'en_US.UTF-8', 'SUDO_COMMAND': '/usr/bin/colcon build', 'SHELL': '/bin/bash', 'SUDO_USER': 'admin', 'LC_ALL': 'en_US.UTF-8', 'PWD': '/workspaces/isaac_ros-dev/drone-home/ros2_ws/build/drone_home', 'COLCON': '1', 'PYTHONPATH': '/workspaces/isaac_ros-dev/drone-home/ros2_ws/build/drone_home/prefix_override:/usr/lib/python3/dist-packages/colcon_core/task/python/colcon_distutils_commands:/workspaces/isaac_ros-dev/drone-home/ros2_ws/install/drone_home/lib/python3.10/site-packages:'}, 'shell': False}
[1.998513] (-) TimerEvent: {}
[2.102498] (-) TimerEvent: {}
[2.203049] (-) TimerEvent: {}
[2.306486] (-) TimerEvent: {}
[2.410490] (-) TimerEvent: {}
[2.511045] (-) TimerEvent: {}
[2.611651] (-) TimerEvent: {}
[2.640941] (drone_home) StdoutLine: {'line': b'running egg_info\n'}
[2.666967] (drone_home) StdoutLine: {'line': b'writing ../../build/drone_home/drone_home.egg-info/PKG-INFO\n'}
[2.667559] (drone_home) StdoutLine: {'line': b'writing dependency_links to ../../build/drone_home/drone_home.egg-info/dependency_links.txt\n'}
[2.668143] (drone_home) StdoutLine: {'line': b'writing entry points to ../../build/drone_home/drone_home.egg-info/entry_points.txt\n'}
[2.668509] (drone_home) StdoutLine: {'line': b'writing requirements to ../../build/drone_home/drone_home.egg-info/requires.txt\n'}
[2.668780] (drone_home) StdoutLine: {'line': b'writing top-level names to ../../build/drone_home/drone_home.egg-info/top_level.txt\n'}
[2.711764] (-) TimerEvent: {}
[2.812341] (-) TimerEvent: {}
[2.913627] (-) TimerEvent: {}
[3.018538] (-) TimerEvent: {}
[3.119677] (-) TimerEvent: {}
[3.226521] (-) TimerEvent: {}
[3.330501] (-) TimerEvent: {}
[3.434516] (-) TimerEvent: {}
[3.538514] (-) TimerEvent: {}
[3.642528] (-) TimerEvent: {}
[3.746525] (-) TimerEvent: {}
[3.812924] (drone_home) StdoutLine: {'line': b"writing manifest file '../../build/drone_home/drone_home.egg-info/SOURCES.txt'\n"}
[3.815058] (drone_home) StdoutLine: {'line': b'running build\n'}
[3.815340] (drone_home) StdoutLine: {'line': b'running build_py\n'}
[3.815481] (drone_home) StdoutLine: {'line': b'running install\n'}
[3.824071] (drone_home) StdoutLine: {'line': b'running install_lib\n'}
[3.846616] (-) TimerEvent: {}
[3.851948] (drone_home) StdoutLine: {'line': b'running install_data\n'}
[3.852325] (drone_home) StdoutLine: {'line': b'running install_egg_info\n'}
[3.877690] (drone_home) StdoutLine: {'line': b"removing '/workspaces/isaac_ros-dev/drone-home/ros2_ws/install/drone_home/lib/python3.10/site-packages/drone_home-0.0.0-py3.10.egg-info' (and everything under it)\n"}
[3.878462] (drone_home) StdoutLine: {'line': b'Copying ../../build/drone_home/drone_home.egg-info to /workspaces/isaac_ros-dev/drone-home/ros2_ws/install/drone_home/lib/python3.10/site-packages/drone_home-0.0.0-py3.10.egg-info\n'}
[3.880307] (drone_home) StdoutLine: {'line': b'running install_scripts\n'}
[3.946760] (-) TimerEvent: {}
[3.984649] (drone_home) StdoutLine: {'line': b'Installing controller script to /workspaces/isaac_ros-dev/drone-home/ros2_ws/install/drone_home/lib/drone_home\n'}
[3.985388] (drone_home) StdoutLine: {'line': b'Installing drive_hardware script to /workspaces/isaac_ros-dev/drone-home/ros2_ws/install/drone_home/lib/drone_home\n'}
[3.985726] (drone_home) StdoutLine: {'line': b'Installing drive_publisher script to /workspaces/isaac_ros-dev/drone-home/ros2_ws/install/drone_home/lib/drone_home\n'}
[3.986033] (drone_home) StdoutLine: {'line': b'Installing imu_publisher script to /workspaces/isaac_ros-dev/drone-home/ros2_ws/install/drone_home/lib/drone_home\n'}
[3.986324] (drone_home) StdoutLine: {'line': b'Installing visualization script to /workspaces/isaac_ros-dev/drone-home/ros2_ws/install/drone_home/lib/drone_home\n'}
[3.990524] (drone_home) StdoutLine: {'line': b"writing list of installed files to '/workspaces/isaac_ros-dev/drone-home/ros2_ws/build/drone_home/install.log'\n"}
[4.046953] (-) TimerEvent: {}
[4.101464] (drone_home) CommandEnded: {'returncode': 0}
[4.119546] (drone_home) JobEnded: {'identifier': 'drone_home', 'rc': 0}
[4.120677] (-) EventReactorShutdown: {}
