running egg_info
writing ../../build/drone_home/drone_home.egg-info/PKG-INFO
writing dependency_links to ../../build/drone_home/drone_home.egg-info/dependency_links.txt
writing entry points to ../../build/drone_home/drone_home.egg-info/entry_points.txt
writing requirements to ../../build/drone_home/drone_home.egg-info/requires.txt
writing top-level names to ../../build/drone_home/drone_home.egg-info/top_level.txt
reading manifest file '../../build/drone_home/drone_home.egg-info/SOURCES.txt'
writing manifest file '../../build/drone_home/drone_home.egg-info/SOURCES.txt'
running build
running build_py
running install
running install_lib
creating /media/jet/writable/home/pi/drone-home/ros2_ws/install/drone_home/lib/python3.10/site-packages/drone_home
copying /media/jet/writable/home/pi/drone-home/ros2_ws/build/drone_home/build/lib/drone_home/__init__.py -> /media/jet/writable/home/pi/drone-home/ros2_ws/install/drone_home/lib/python3.10/site-packages/drone_home
copying /media/jet/writable/home/pi/drone-home/ros2_ws/build/drone_home/build/lib/drone_home/gps_imu_publisher.py -> /media/jet/writable/home/pi/drone-home/ros2_ws/install/drone_home/lib/python3.10/site-packages/drone_home
copying /media/jet/writable/home/pi/drone-home/ros2_ws/build/drone_home/build/lib/drone_home/servo.py -> /media/jet/writable/home/pi/drone-home/ros2_ws/install/drone_home/lib/python3.10/site-packages/drone_home
copying /media/jet/writable/home/pi/drone-home/ros2_ws/build/drone_home/build/lib/drone_home/controller.py -> /media/jet/writable/home/pi/drone-home/ros2_ws/install/drone_home/lib/python3.10/site-packages/drone_home
copying /media/jet/writable/home/pi/drone-home/ros2_ws/build/drone_home/build/lib/drone_home/joy_to_ackermann.py -> /media/jet/writable/home/pi/drone-home/ros2_ws/install/drone_home/lib/python3.10/site-packages/drone_home
copying /media/jet/writable/home/pi/drone-home/ros2_ws/build/drone_home/build/lib/drone_home/markers.py -> /media/jet/writable/home/pi/drone-home/ros2_ws/install/drone_home/lib/python3.10/site-packages/drone_home
copying /media/jet/writable/home/pi/drone-home/ros2_ws/build/drone_home/build/lib/drone_home/ackermann_drive.py -> /media/jet/writable/home/pi/drone-home/ros2_ws/install/drone_home/lib/python3.10/site-packages/drone_home
copying /media/jet/writable/home/pi/drone-home/ros2_ws/build/drone_home/build/lib/drone_home/geo_tools.py -> /media/jet/writable/home/pi/drone-home/ros2_ws/install/drone_home/lib/python3.10/site-packages/drone_home
copying /media/jet/writable/home/pi/drone-home/ros2_ws/build/drone_home/build/lib/drone_home/motor.py -> /media/jet/writable/home/pi/drone-home/ros2_ws/install/drone_home/lib/python3.10/site-packages/drone_home
copying /media/jet/writable/home/pi/drone-home/ros2_ws/build/drone_home/build/lib/drone_home/imu_publisher.py -> /media/jet/writable/home/pi/drone-home/ros2_ws/install/drone_home/lib/python3.10/site-packages/drone_home
byte-compiling /media/jet/writable/home/pi/drone-home/ros2_ws/install/drone_home/lib/python3.10/site-packages/drone_home/__init__.py to __init__.cpython-310.pyc
byte-compiling /media/jet/writable/home/pi/drone-home/ros2_ws/install/drone_home/lib/python3.10/site-packages/drone_home/gps_imu_publisher.py to gps_imu_publisher.cpython-310.pyc
byte-compiling /media/jet/writable/home/pi/drone-home/ros2_ws/install/drone_home/lib/python3.10/site-packages/drone_home/servo.py to servo.cpython-310.pyc
byte-compiling /media/jet/writable/home/pi/drone-home/ros2_ws/install/drone_home/lib/python3.10/site-packages/drone_home/controller.py to controller.cpython-310.pyc
byte-compiling /media/jet/writable/home/pi/drone-home/ros2_ws/install/drone_home/lib/python3.10/site-packages/drone_home/joy_to_ackermann.py to joy_to_ackermann.cpython-310.pyc
byte-compiling /media/jet/writable/home/pi/drone-home/ros2_ws/install/drone_home/lib/python3.10/site-packages/drone_home/markers.py to markers.cpython-310.pyc
byte-compiling /media/jet/writable/home/pi/drone-home/ros2_ws/install/drone_home/lib/python3.10/site-packages/drone_home/ackermann_drive.py to ackermann_drive.cpython-310.pyc
byte-compiling /media/jet/writable/home/pi/drone-home/ros2_ws/install/drone_home/lib/python3.10/site-packages/drone_home/geo_tools.py to geo_tools.cpython-310.pyc
byte-compiling /media/jet/writable/home/pi/drone-home/ros2_ws/install/drone_home/lib/python3.10/site-packages/drone_home/motor.py to motor.cpython-310.pyc
byte-compiling /media/jet/writable/home/pi/drone-home/ros2_ws/install/drone_home/lib/python3.10/site-packages/drone_home/imu_publisher.py to imu_publisher.cpython-310.pyc
running install_data
running install_egg_info
Copying ../../build/drone_home/drone_home.egg-info to /media/jet/writable/home/pi/drone-home/ros2_ws/install/drone_home/lib/python3.10/site-packages/drone_home-0.0.0-py3.10.egg-info
running install_scripts
Installing controller script to /media/jet/writable/home/pi/drone-home/ros2_ws/install/drone_home/lib/drone_home
Installing drive_hardware script to /media/jet/writable/home/pi/drone-home/ros2_ws/install/drone_home/lib/drone_home
Installing drive_publisher script to /media/jet/writable/home/pi/drone-home/ros2_ws/install/drone_home/lib/drone_home
Installing imu_publisher script to /media/jet/writable/home/pi/drone-home/ros2_ws/install/drone_home/lib/drone_home
Installing visualization script to /media/jet/writable/home/pi/drone-home/ros2_ws/install/drone_home/lib/drone_home
writing list of installed files to '/media/jet/writable/home/pi/drone-home/ros2_ws/build/drone_home/install.log'
