[1.155s] Invoking command in '/media/jet/writable/home/pi/drone-home/ros2_ws/src/drone_home': PYTHONPATH=/media/jet/writable/home/pi/drone-home/ros2_ws/build/drone_home/prefix_override:/usr/lib/python3/dist-packages/colcon_core/task/python/colcon_distutils_commands:/media/jet/writable/home/pi/drone-home/ros2_ws/install/drone_home/lib/python3.10/site-packages:${PYTHONPATH} /usr/bin/python3 -W ignore:setup.py install is deprecated -W ignore:easy_install command is deprecated setup.py egg_info --egg-base ../../build/drone_home build --build-base /media/jet/writable/home/pi/drone-home/ros2_ws/build/drone_home/build install --record /media/jet/writable/home/pi/drone-home/ros2_ws/build/drone_home/install.log --single-version-externally-managed install_data
[1.673s] running egg_info
[1.674s] writing ../../build/drone_home/drone_home.egg-info/PKG-INFO
[1.677s] writing dependency_links to ../../build/drone_home/drone_home.egg-info/dependency_links.txt
[1.677s] writing entry points to ../../build/drone_home/drone_home.egg-info/entry_points.txt
[1.678s] writing requirements to ../../build/drone_home/drone_home.egg-info/requires.txt
[1.678s] writing top-level names to ../../build/drone_home/drone_home.egg-info/top_level.txt
[1.682s] reading manifest file '../../build/drone_home/drone_home.egg-info/SOURCES.txt'
[1.690s] writing manifest file '../../build/drone_home/drone_home.egg-info/SOURCES.txt'
[1.690s] running build
[1.690s] running build_py
[1.696s] running install
[1.697s] running install_lib
[1.698s] creating /media/jet/writable/home/pi/drone-home/ros2_ws/install/drone_home/lib/python3.10/site-packages/drone_home
[1.698s] copying /media/jet/writable/home/pi/drone-home/ros2_ws/build/drone_home/build/lib/drone_home/__init__.py -> /media/jet/writable/home/pi/drone-home/ros2_ws/install/drone_home/lib/python3.10/site-packages/drone_home
[1.699s] copying /media/jet/writable/home/pi/drone-home/ros2_ws/build/drone_home/build/lib/drone_home/gps_imu_publisher.py -> /media/jet/writable/home/pi/drone-home/ros2_ws/install/drone_home/lib/python3.10/site-packages/drone_home
[1.699s] copying /media/jet/writable/home/pi/drone-home/ros2_ws/build/drone_home/build/lib/drone_home/servo.py -> /media/jet/writable/home/pi/drone-home/ros2_ws/install/drone_home/lib/python3.10/site-packages/drone_home
[1.700s] copying /media/jet/writable/home/pi/drone-home/ros2_ws/build/drone_home/build/lib/drone_home/controller.py -> /media/jet/writable/home/pi/drone-home/ros2_ws/install/drone_home/lib/python3.10/site-packages/drone_home
[1.701s] copying /media/jet/writable/home/pi/drone-home/ros2_ws/build/drone_home/build/lib/drone_home/joy_to_ackermann.py -> /media/jet/writable/home/pi/drone-home/ros2_ws/install/drone_home/lib/python3.10/site-packages/drone_home
[1.701s] copying /media/jet/writable/home/pi/drone-home/ros2_ws/build/drone_home/build/lib/drone_home/markers.py -> /media/jet/writable/home/pi/drone-home/ros2_ws/install/drone_home/lib/python3.10/site-packages/drone_home
[1.702s] copying /media/jet/writable/home/pi/drone-home/ros2_ws/build/drone_home/build/lib/drone_home/ackermann_drive.py -> /media/jet/writable/home/pi/drone-home/ros2_ws/install/drone_home/lib/python3.10/site-packages/drone_home
[1.704s] copying /media/jet/writable/home/pi/drone-home/ros2_ws/build/drone_home/build/lib/drone_home/geo_tools.py -> /media/jet/writable/home/pi/drone-home/ros2_ws/install/drone_home/lib/python3.10/site-packages/drone_home
[1.705s] copying /media/jet/writable/home/pi/drone-home/ros2_ws/build/drone_home/build/lib/drone_home/motor.py -> /media/jet/writable/home/pi/drone-home/ros2_ws/install/drone_home/lib/python3.10/site-packages/drone_home
[1.705s] copying /media/jet/writable/home/pi/drone-home/ros2_ws/build/drone_home/build/lib/drone_home/imu_publisher.py -> /media/jet/writable/home/pi/drone-home/ros2_ws/install/drone_home/lib/python3.10/site-packages/drone_home
[1.707s] byte-compiling /media/jet/writable/home/pi/drone-home/ros2_ws/install/drone_home/lib/python3.10/site-packages/drone_home/__init__.py to __init__.cpython-310.pyc
[1.707s] byte-compiling /media/jet/writable/home/pi/drone-home/ros2_ws/install/drone_home/lib/python3.10/site-packages/drone_home/gps_imu_publisher.py to gps_imu_publisher.cpython-310.pyc
[1.710s] byte-compiling /media/jet/writable/home/pi/drone-home/ros2_ws/install/drone_home/lib/python3.10/site-packages/drone_home/servo.py to servo.cpython-310.pyc
[1.711s] byte-compiling /media/jet/writable/home/pi/drone-home/ros2_ws/install/drone_home/lib/python3.10/site-packages/drone_home/controller.py to controller.cpython-310.pyc
[1.713s] byte-compiling /media/jet/writable/home/pi/drone-home/ros2_ws/install/drone_home/lib/python3.10/site-packages/drone_home/joy_to_ackermann.py to joy_to_ackermann.cpython-310.pyc
[1.714s] byte-compiling /media/jet/writable/home/pi/drone-home/ros2_ws/install/drone_home/lib/python3.10/site-packages/drone_home/markers.py to markers.cpython-310.pyc
[1.715s] byte-compiling /media/jet/writable/home/pi/drone-home/ros2_ws/install/drone_home/lib/python3.10/site-packages/drone_home/ackermann_drive.py to ackermann_drive.cpython-310.pyc
[1.716s] byte-compiling /media/jet/writable/home/pi/drone-home/ros2_ws/install/drone_home/lib/python3.10/site-packages/drone_home/geo_tools.py to geo_tools.cpython-310.pyc
[1.717s] byte-compiling /media/jet/writable/home/pi/drone-home/ros2_ws/install/drone_home/lib/python3.10/site-packages/drone_home/motor.py to motor.cpython-310.pyc
[1.718s] byte-compiling /media/jet/writable/home/pi/drone-home/ros2_ws/install/drone_home/lib/python3.10/site-packages/drone_home/imu_publisher.py to imu_publisher.cpython-310.pyc
[1.720s] running install_data
[1.721s] running install_egg_info
[1.724s] Copying ../../build/drone_home/drone_home.egg-info to /media/jet/writable/home/pi/drone-home/ros2_ws/install/drone_home/lib/python3.10/site-packages/drone_home-0.0.0-py3.10.egg-info
[1.727s] running install_scripts
[1.764s] Installing controller script to /media/jet/writable/home/pi/drone-home/ros2_ws/install/drone_home/lib/drone_home
[1.765s] Installing drive_hardware script to /media/jet/writable/home/pi/drone-home/ros2_ws/install/drone_home/lib/drone_home
[1.765s] Installing drive_publisher script to /media/jet/writable/home/pi/drone-home/ros2_ws/install/drone_home/lib/drone_home
[1.765s] Installing imu_publisher script to /media/jet/writable/home/pi/drone-home/ros2_ws/install/drone_home/lib/drone_home
[1.766s] Installing visualization script to /media/jet/writable/home/pi/drone-home/ros2_ws/install/drone_home/lib/drone_home
[1.766s] writing list of installed files to '/media/jet/writable/home/pi/drone-home/ros2_ws/build/drone_home/install.log'
[1.830s] Invoked command in '/media/jet/writable/home/pi/drone-home/ros2_ws/src/drone_home' returned '0': PYTHONPATH=/media/jet/writable/home/pi/drone-home/ros2_ws/build/drone_home/prefix_override:/usr/lib/python3/dist-packages/colcon_core/task/python/colcon_distutils_commands:/media/jet/writable/home/pi/drone-home/ros2_ws/install/drone_home/lib/python3.10/site-packages:${PYTHONPATH} /usr/bin/python3 -W ignore:setup.py install is deprecated -W ignore:easy_install command is deprecated setup.py egg_info --egg-base ../../build/drone_home build --build-base /media/jet/writable/home/pi/drone-home/ros2_ws/build/drone_home/build install --record /media/jet/writable/home/pi/drone-home/ros2_ws/build/drone_home/install.log --single-version-externally-managed install_data
