[2.539s] DEBUG:colcon:Command line arguments: ['/usr/bin/colcon', 'build']
[2.539s] DEBUG:colcon:Parsed command line arguments: Namespace(log_base=None, log_level=None, verb_name='build', build_base='build', install_base='install', merge_install=False, symlink_install=False, test_result_base=None, continue_on_error=False, executor='parallel', parallel_workers=4, event_handlers=None, ignore_user_meta=False, metas=['./colcon.meta'], base_paths=['.'], packages_ignore=None, packages_ignore_regex=None, paths=None, packages_up_to=None, packages_up_to_regex=None, packages_above=None, packages_above_and_dependencies=None, packages_above_depth=None, packages_select_by_dep=None, packages_skip_by_dep=None, packages_skip_up_to=None, packages_select_build_failed=False, packages_skip_build_finished=False, packages_select_test_failures=False, packages_skip_test_passed=False, packages_select=None, packages_skip=None, packages_select_regex=None, packages_skip_regex=None, packages_start=None, packages_end=None, allow_overriding=[], cmake_args=None, cmake_target=None, cmake_target_skip_unavailable=False, cmake_clean_cache=False, cmake_clean_first=False, cmake_force_configure=False, ament_cmake_args=None, catkin_cmake_args=None, catkin_skip_building_tests=False, mixin_files=None, mixin=None, verb_parser=<colcon_mixin.mixin.mixin_argument.MixinArgumentDecorator object at 0xffff95a8f140>, verb_extension=<colcon_core.verb.build.BuildVerb object at 0xffff95a8ee70>, main=<bound method BuildVerb.main of <colcon_core.verb.build.BuildVerb object at 0xffff95a8ee70>>, mixin_verb=('build',))
[2.869s] Level 1:colcon.colcon_core.package_discovery:discover_packages(colcon_meta) check parameters
[2.869s] Level 1:colcon.colcon_core.package_discovery:discover_packages(recursive) check parameters
[2.869s] Level 1:colcon.colcon_core.package_discovery:discover_packages(ignore) check parameters
[2.869s] Level 1:colcon.colcon_core.package_discovery:discover_packages(path) check parameters
[2.869s] Level 1:colcon.colcon_core.package_discovery:discover_packages(colcon_meta) discover
[2.870s] Level 1:colcon.colcon_core.package_discovery:discover_packages(recursive) discover
[2.870s] INFO:colcon.colcon_core.package_discovery:Crawling recursively for packages in '/home/pi/drone-home/ros2_ws'
[2.870s] Level 1:colcon.colcon_core.package_identification:_identify(.) by extensions ['ignore', 'ignore_ament_install']
[2.870s] Level 1:colcon.colcon_core.package_identification:_identify(.) by extension 'ignore'
[2.873s] Level 1:colcon.colcon_core.package_identification:_identify(.) by extension 'ignore_ament_install'
[2.874s] Level 1:colcon.colcon_core.package_identification:_identify(.) by extensions ['colcon_pkg']
[2.874s] Level 1:colcon.colcon_core.package_identification:_identify(.) by extension 'colcon_pkg'
[2.874s] Level 1:colcon.colcon_core.package_identification:_identify(.) by extensions ['colcon_meta']
[2.874s] Level 1:colcon.colcon_core.package_identification:_identify(.) by extension 'colcon_meta'
[2.875s] Level 1:colcon.colcon_core.package_identification:_identify(.) by extensions ['ros']
[2.875s] Level 1:colcon.colcon_core.package_identification:_identify(.) by extension 'ros'
[2.945s] Level 1:colcon.colcon_core.package_identification:_identify(.) by extensions ['cmake', 'python']
[2.945s] Level 1:colcon.colcon_core.package_identification:_identify(.) by extension 'cmake'
[2.945s] Level 1:colcon.colcon_core.package_identification:_identify(.) by extension 'python'
[2.946s] Level 1:colcon.colcon_core.package_identification:_identify(.) by extensions ['python_setup_py']
[2.946s] Level 1:colcon.colcon_core.package_identification:_identify(.) by extension 'python_setup_py'
[2.946s] Level 1:colcon.colcon_core.package_identification:_identify(build) by extensions ['ignore', 'ignore_ament_install']
[2.946s] Level 1:colcon.colcon_core.package_identification:_identify(build) by extension 'ignore'
[2.946s] Level 1:colcon.colcon_core.package_identification:_identify(build) ignored
[2.946s] Level 1:colcon.colcon_core.package_identification:_identify(install) by extensions ['ignore', 'ignore_ament_install']
[2.947s] Level 1:colcon.colcon_core.package_identification:_identify(install) by extension 'ignore'
[2.947s] Level 1:colcon.colcon_core.package_identification:_identify(install) ignored
[2.947s] Level 1:colcon.colcon_core.package_identification:_identify(launch) by extensions ['ignore', 'ignore_ament_install']
[2.947s] Level 1:colcon.colcon_core.package_identification:_identify(launch) by extension 'ignore'
[2.947s] Level 1:colcon.colcon_core.package_identification:_identify(launch) by extension 'ignore_ament_install'
[2.947s] Level 1:colcon.colcon_core.package_identification:_identify(launch) by extensions ['colcon_pkg']
[2.947s] Level 1:colcon.colcon_core.package_identification:_identify(launch) by extension 'colcon_pkg'
[2.947s] Level 1:colcon.colcon_core.package_identification:_identify(launch) by extensions ['colcon_meta']
[2.948s] Level 1:colcon.colcon_core.package_identification:_identify(launch) by extension 'colcon_meta'
[2.948s] Level 1:colcon.colcon_core.package_identification:_identify(launch) by extensions ['ros']
[2.948s] Level 1:colcon.colcon_core.package_identification:_identify(launch) by extension 'ros'
[2.948s] Level 1:colcon.colcon_core.package_identification:_identify(launch) by extensions ['cmake', 'python']
[2.948s] Level 1:colcon.colcon_core.package_identification:_identify(launch) by extension 'cmake'
[2.948s] Level 1:colcon.colcon_core.package_identification:_identify(launch) by extension 'python'
[2.948s] Level 1:colcon.colcon_core.package_identification:_identify(launch) by extensions ['python_setup_py']
[2.948s] Level 1:colcon.colcon_core.package_identification:_identify(launch) by extension 'python_setup_py'
[2.948s] Level 1:colcon.colcon_core.package_identification:_identify(launch/__pycache__) by extensions ['ignore', 'ignore_ament_install']
[2.948s] Level 1:colcon.colcon_core.package_identification:_identify(launch/__pycache__) by extension 'ignore'
[2.948s] Level 1:colcon.colcon_core.package_identification:_identify(launch/__pycache__) by extension 'ignore_ament_install'
[2.948s] Level 1:colcon.colcon_core.package_identification:_identify(launch/__pycache__) by extensions ['colcon_pkg']
[2.949s] Level 1:colcon.colcon_core.package_identification:_identify(launch/__pycache__) by extension 'colcon_pkg'
[2.949s] Level 1:colcon.colcon_core.package_identification:_identify(launch/__pycache__) by extensions ['colcon_meta']
[2.949s] Level 1:colcon.colcon_core.package_identification:_identify(launch/__pycache__) by extension 'colcon_meta'
[2.949s] Level 1:colcon.colcon_core.package_identification:_identify(launch/__pycache__) by extensions ['ros']
[2.949s] Level 1:colcon.colcon_core.package_identification:_identify(launch/__pycache__) by extension 'ros'
[2.949s] Level 1:colcon.colcon_core.package_identification:_identify(launch/__pycache__) by extensions ['cmake', 'python']
[2.949s] Level 1:colcon.colcon_core.package_identification:_identify(launch/__pycache__) by extension 'cmake'
[2.949s] Level 1:colcon.colcon_core.package_identification:_identify(launch/__pycache__) by extension 'python'
[2.949s] Level 1:colcon.colcon_core.package_identification:_identify(launch/__pycache__) by extensions ['python_setup_py']
[2.949s] Level 1:colcon.colcon_core.package_identification:_identify(launch/__pycache__) by extension 'python_setup_py'
[2.950s] Level 1:colcon.colcon_core.package_identification:_identify(log) by extensions ['ignore', 'ignore_ament_install']
[2.950s] Level 1:colcon.colcon_core.package_identification:_identify(log) by extension 'ignore'
[2.950s] Level 1:colcon.colcon_core.package_identification:_identify(log) ignored
[2.951s] Level 1:colcon.colcon_core.package_identification:_identify(logs) by extensions ['ignore', 'ignore_ament_install']
[2.951s] Level 1:colcon.colcon_core.package_identification:_identify(logs) by extension 'ignore'
[2.951s] Level 1:colcon.colcon_core.package_identification:_identify(logs) by extension 'ignore_ament_install'
[2.951s] Level 1:colcon.colcon_core.package_identification:_identify(logs) by extensions ['colcon_pkg']
[2.951s] Level 1:colcon.colcon_core.package_identification:_identify(logs) by extension 'colcon_pkg'
[2.951s] Level 1:colcon.colcon_core.package_identification:_identify(logs) by extensions ['colcon_meta']
[2.951s] Level 1:colcon.colcon_core.package_identification:_identify(logs) by extension 'colcon_meta'
[2.951s] Level 1:colcon.colcon_core.package_identification:_identify(logs) by extensions ['ros']
[2.951s] Level 1:colcon.colcon_core.package_identification:_identify(logs) by extension 'ros'
[2.951s] Level 1:colcon.colcon_core.package_identification:_identify(logs) by extensions ['cmake', 'python']
[2.952s] Level 1:colcon.colcon_core.package_identification:_identify(logs) by extension 'cmake'
[2.952s] Level 1:colcon.colcon_core.package_identification:_identify(logs) by extension 'python'
[2.952s] Level 1:colcon.colcon_core.package_identification:_identify(logs) by extensions ['python_setup_py']
[2.952s] Level 1:colcon.colcon_core.package_identification:_identify(logs) by extension 'python_setup_py'
[2.952s] Level 1:colcon.colcon_core.package_identification:_identify(src) by extensions ['ignore', 'ignore_ament_install']
[2.952s] Level 1:colcon.colcon_core.package_identification:_identify(src) by extension 'ignore'
[2.952s] Level 1:colcon.colcon_core.package_identification:_identify(src) by extension 'ignore_ament_install'
[2.952s] Level 1:colcon.colcon_core.package_identification:_identify(src) by extensions ['colcon_pkg']
[2.952s] Level 1:colcon.colcon_core.package_identification:_identify(src) by extension 'colcon_pkg'
[2.952s] Level 1:colcon.colcon_core.package_identification:_identify(src) by extensions ['colcon_meta']
[2.953s] Level 1:colcon.colcon_core.package_identification:_identify(src) by extension 'colcon_meta'
[2.953s] Level 1:colcon.colcon_core.package_identification:_identify(src) by extensions ['ros']
[2.953s] Level 1:colcon.colcon_core.package_identification:_identify(src) by extension 'ros'
[2.953s] Level 1:colcon.colcon_core.package_identification:_identify(src) by extensions ['cmake', 'python']
[2.953s] Level 1:colcon.colcon_core.package_identification:_identify(src) by extension 'cmake'
[2.953s] Level 1:colcon.colcon_core.package_identification:_identify(src) by extension 'python'
[2.953s] Level 1:colcon.colcon_core.package_identification:_identify(src) by extensions ['python_setup_py']
[2.953s] Level 1:colcon.colcon_core.package_identification:_identify(src) by extension 'python_setup_py'
[2.953s] Level 1:colcon.colcon_core.package_identification:_identify(src/drone_home) by extensions ['ignore', 'ignore_ament_install']
[2.953s] Level 1:colcon.colcon_core.package_identification:_identify(src/drone_home) by extension 'ignore'
[2.953s] Level 1:colcon.colcon_core.package_identification:_identify(src/drone_home) by extension 'ignore_ament_install'
[2.954s] Level 1:colcon.colcon_core.package_identification:_identify(src/drone_home) by extensions ['colcon_pkg']
[2.954s] Level 1:colcon.colcon_core.package_identification:_identify(src/drone_home) by extension 'colcon_pkg'
[2.954s] Level 1:colcon.colcon_core.package_identification:_identify(src/drone_home) by extensions ['colcon_meta']
[2.954s] Level 1:colcon.colcon_core.package_identification:_identify(src/drone_home) by extension 'colcon_meta'
[2.954s] Level 1:colcon.colcon_core.package_identification:_identify(src/drone_home) by extensions ['ros']
[2.954s] Level 1:colcon.colcon_core.package_identification:_identify(src/drone_home) by extension 'ros'
[2.962s] DEBUG:colcon.colcon_core.package_identification:Package 'src/drone_home' with type 'ros.ament_python' and name 'drone_home'
[2.962s] Level 1:colcon.colcon_core.package_discovery:discover_packages(recursive) using defaults
[2.962s] Level 1:colcon.colcon_core.package_discovery:discover_packages(ignore) discover
[2.962s] Level 1:colcon.colcon_core.package_discovery:discover_packages(ignore) using defaults
[2.962s] Level 1:colcon.colcon_core.package_discovery:discover_packages(path) discover
[2.962s] Level 1:colcon.colcon_core.package_discovery:discover_packages(path) using defaults
[3.018s] Level 1:colcon.colcon_core.package_discovery:discover_packages(prefix_path) check parameters
[3.018s] Level 1:colcon.colcon_core.package_discovery:discover_packages(prefix_path) discover
[3.027s] DEBUG:colcon.colcon_installed_package_information.package_discovery:Found 1 installed packages in /home/pi/drone-home/ros2_ws/install
[3.029s] DEBUG:colcon.colcon_installed_package_information.package_discovery:Found 291 installed packages in /opt/ros/jazzy
[3.032s] Level 1:colcon.colcon_core.package_discovery:discover_packages(prefix_path) using defaults
[3.123s] Level 5:colcon.colcon_core.verb:set package 'drone_home' build argument 'cmake_args' from command line to 'None'
[3.123s] Level 5:colcon.colcon_core.verb:set package 'drone_home' build argument 'cmake_target' from command line to 'None'
[3.123s] Level 5:colcon.colcon_core.verb:set package 'drone_home' build argument 'cmake_target_skip_unavailable' from command line to 'False'
[3.123s] Level 5:colcon.colcon_core.verb:set package 'drone_home' build argument 'cmake_clean_cache' from command line to 'False'
[3.123s] Level 5:colcon.colcon_core.verb:set package 'drone_home' build argument 'cmake_clean_first' from command line to 'False'
[3.123s] Level 5:colcon.colcon_core.verb:set package 'drone_home' build argument 'cmake_force_configure' from command line to 'False'
[3.123s] Level 5:colcon.colcon_core.verb:set package 'drone_home' build argument 'ament_cmake_args' from command line to 'None'
[3.123s] Level 5:colcon.colcon_core.verb:set package 'drone_home' build argument 'catkin_cmake_args' from command line to 'None'
[3.124s] Level 5:colcon.colcon_core.verb:set package 'drone_home' build argument 'catkin_skip_building_tests' from command line to 'False'
[3.124s] DEBUG:colcon.colcon_core.verb:Building package 'drone_home' with the following arguments: {'ament_cmake_args': None, 'build_base': '/home/pi/drone-home/ros2_ws/build/drone_home', 'catkin_cmake_args': None, 'catkin_skip_building_tests': False, 'cmake_args': None, 'cmake_clean_cache': False, 'cmake_clean_first': False, 'cmake_force_configure': False, 'cmake_target': None, 'cmake_target_skip_unavailable': False, 'install_base': '/home/pi/drone-home/ros2_ws/install/drone_home', 'merge_install': False, 'path': '/home/pi/drone-home/ros2_ws/src/drone_home', 'symlink_install': False, 'test_result_base': None}
[3.124s] INFO:colcon.colcon_core.executor:Executing jobs using 'parallel' executor
[3.126s] DEBUG:colcon.colcon_parallel_executor.executor.parallel:run_until_complete
[3.127s] INFO:colcon.colcon_ros.task.ament_python.build:Building ROS package in '/home/pi/drone-home/ros2_ws/src/drone_home' with build type 'ament_python'
[3.127s] Level 1:colcon.colcon_core.shell:create_environment_hook('drone_home', 'ament_prefix_path')
[3.142s] INFO:colcon.colcon_core.plugin_system:Skipping extension 'colcon_core.shell.bat': Not used on non-Windows systems
[3.142s] INFO:colcon.colcon_core.shell:Creating environment hook '/home/pi/drone-home/ros2_ws/install/drone_home/share/drone_home/hook/ament_prefix_path.ps1'
[3.145s] INFO:colcon.colcon_core.shell:Creating environment descriptor '/home/pi/drone-home/ros2_ws/install/drone_home/share/drone_home/hook/ament_prefix_path.dsv'
[3.153s] INFO:colcon.colcon_core.shell:Creating environment hook '/home/pi/drone-home/ros2_ws/install/drone_home/share/drone_home/hook/ament_prefix_path.sh'
[3.160s] INFO:colcon.colcon_core.shell:Skip shell extension 'powershell' for command environment: Not usable outside of PowerShell
[3.160s] DEBUG:colcon.colcon_core.shell:Skip shell extension 'dsv' for command environment
[3.980s] INFO:colcon.colcon_core.task.python.build:Building Python package in '/home/pi/drone-home/ros2_ws/src/drone_home'
[3.981s] INFO:colcon.colcon_core.shell:Skip shell extension 'powershell' for command environment: Not usable outside of PowerShell
[3.981s] DEBUG:colcon.colcon_core.shell:Skip shell extension 'dsv' for command environment
[17.788s] DEBUG:colcon.colcon_core.event_handler.log_command:Invoking command in '/home/pi/drone-home/ros2_ws/src/drone_home': DEBUGINFOD_URLS=https://debuginfod.ubuntu.com PYTHONPATH=/home/pi/drone-home/ros2_ws/build/drone_home/prefix_override:/usr/lib/python3/dist-packages/colcon_core/task/python/colcon_distutils_commands:/home/pi/drone-home/ros2_ws/install/drone_home/lib/python3.12/site-packages:${PYTHONPATH} /usr/bin/python3 -W ignore:setup.py install is deprecated setup.py egg_info --egg-base ../../build/drone_home build --build-base /home/pi/drone-home/ros2_ws/build/drone_home/build install --record /home/pi/drone-home/ros2_ws/build/drone_home/install.log --single-version-externally-managed install_data
[18.925s] DEBUG:colcon.colcon_core.event_handler.log_command:Invoked command in '/home/pi/drone-home/ros2_ws/src/drone_home' returned '0': DEBUGINFOD_URLS=https://debuginfod.ubuntu.com PYTHONPATH=/home/pi/drone-home/ros2_ws/build/drone_home/prefix_override:/usr/lib/python3/dist-packages/colcon_core/task/python/colcon_distutils_commands:/home/pi/drone-home/ros2_ws/install/drone_home/lib/python3.12/site-packages:${PYTHONPATH} /usr/bin/python3 -W ignore:setup.py install is deprecated setup.py egg_info --egg-base ../../build/drone_home build --build-base /home/pi/drone-home/ros2_ws/build/drone_home/build install --record /home/pi/drone-home/ros2_ws/build/drone_home/install.log --single-version-externally-managed install_data
[19.361s] Level 1:colcon.colcon_core.environment:checking '/home/pi/drone-home/ros2_ws/install/drone_home' for CMake module files
[19.362s] Level 1:colcon.colcon_core.environment:checking '/home/pi/drone-home/ros2_ws/install/drone_home' for CMake config files
[19.363s] Level 1:colcon.colcon_core.environment:checking '/home/pi/drone-home/ros2_ws/install/drone_home/lib'
[19.363s] Level 1:colcon.colcon_core.environment:checking '/home/pi/drone-home/ros2_ws/install/drone_home/bin'
[19.363s] Level 1:colcon.colcon_core.environment:checking '/home/pi/drone-home/ros2_ws/install/drone_home/lib/pkgconfig/drone_home.pc'
[19.364s] Level 1:colcon.colcon_core.environment:checking '/home/pi/drone-home/ros2_ws/install/drone_home/lib/python3.12/site-packages'
[19.364s] Level 1:colcon.colcon_core.shell:create_environment_hook('drone_home', 'pythonpath')
[19.365s] INFO:colcon.colcon_core.shell:Creating environment hook '/home/pi/drone-home/ros2_ws/install/drone_home/share/drone_home/hook/pythonpath.ps1'
[19.365s] INFO:colcon.colcon_core.shell:Creating environment descriptor '/home/pi/drone-home/ros2_ws/install/drone_home/share/drone_home/hook/pythonpath.dsv'
[19.391s] INFO:colcon.colcon_core.shell:Creating environment hook '/home/pi/drone-home/ros2_ws/install/drone_home/share/drone_home/hook/pythonpath.sh'
[19.395s] Level 1:colcon.colcon_core.environment:checking '/home/pi/drone-home/ros2_ws/install/drone_home/bin'
[19.395s] Level 1:colcon.colcon_core.environment:create_environment_scripts_only(drone_home)
[19.396s] INFO:colcon.colcon_core.shell:Creating package script '/home/pi/drone-home/ros2_ws/install/drone_home/share/drone_home/package.ps1'
[19.399s] INFO:colcon.colcon_core.shell:Creating package descriptor '/home/pi/drone-home/ros2_ws/install/drone_home/share/drone_home/package.dsv'
[19.474s] INFO:colcon.colcon_core.shell:Creating package script '/home/pi/drone-home/ros2_ws/install/drone_home/share/drone_home/package.sh'
[19.481s] INFO:colcon.colcon_core.shell:Creating package script '/home/pi/drone-home/ros2_ws/install/drone_home/share/drone_home/package.bash'
[19.488s] INFO:colcon.colcon_core.shell:Creating package script '/home/pi/drone-home/ros2_ws/install/drone_home/share/drone_home/package.zsh'
[19.492s] Level 1:colcon.colcon_core.environment:create_file_with_runtime_dependencies(/home/pi/drone-home/ros2_ws/install/drone_home/share/colcon-core/packages/drone_home)
[19.492s] DEBUG:colcon.colcon_parallel_executor.executor.parallel:closing loop
[19.493s] DEBUG:colcon.colcon_parallel_executor.executor.parallel:loop closed
[19.493s] DEBUG:colcon.colcon_parallel_executor.executor.parallel:run_until_complete finished with '0'
[19.493s] DEBUG:colcon.colcon_core.event_reactor:joining thread
[19.513s] INFO:colcon.colcon_core.plugin_system:Skipping extension 'colcon_notification.desktop_notification.terminal_notifier': Not used on non-Darwin systems
[19.514s] INFO:colcon.colcon_core.plugin_system:Skipping extension 'colcon_notification.desktop_notification.win32': Not used on non-Windows systems
[19.514s] INFO:colcon.colcon_notification.desktop_notification:Sending desktop notification using 'notify2'
[19.560s] DEBUG:colcon.colcon_core.event_reactor:joined thread
[19.560s] INFO:colcon.colcon_core.shell:Creating prefix script '/home/pi/drone-home/ros2_ws/install/local_setup.ps1'
[19.563s] INFO:colcon.colcon_core.shell:Creating prefix util module '/home/pi/drone-home/ros2_ws/install/_local_setup_util_ps1.py'
[19.636s] INFO:colcon.colcon_core.shell:Creating prefix chain script '/home/pi/drone-home/ros2_ws/install/setup.ps1'
[19.639s] INFO:colcon.colcon_core.shell:Creating prefix script '/home/pi/drone-home/ros2_ws/install/local_setup.sh'
[19.646s] INFO:colcon.colcon_core.shell:Creating prefix util module '/home/pi/drone-home/ros2_ws/install/_local_setup_util_sh.py'
[19.648s] INFO:colcon.colcon_core.shell:Creating prefix chain script '/home/pi/drone-home/ros2_ws/install/setup.sh'
[19.653s] INFO:colcon.colcon_core.shell:Creating prefix script '/home/pi/drone-home/ros2_ws/install/local_setup.bash'
[19.658s] INFO:colcon.colcon_core.shell:Creating prefix chain script '/home/pi/drone-home/ros2_ws/install/setup.bash'
[19.662s] INFO:colcon.colcon_core.shell:Creating prefix script '/home/pi/drone-home/ros2_ws/install/local_setup.zsh'
[19.666s] INFO:colcon.colcon_core.shell:Creating prefix chain script '/home/pi/drone-home/ros2_ws/install/setup.zsh'
