[0.311s] DEBUG:colcon:Command line arguments: ['/usr/bin/colcon', 'build']
[0.312s] DEBUG:colcon:Parsed command line arguments: Namespace(log_base=None, log_level=None, verb_name='build', build_base='build', install_base='install', merge_install=False, symlink_install=False, test_result_base=None, continue_on_error=False, executor='parallel', parallel_workers=4, event_handlers=None, ignore_user_meta=False, metas=['./colcon.meta'], base_paths=['.'], packages_ignore=None, packages_ignore_regex=None, paths=None, packages_up_to=None, packages_up_to_regex=None, packages_above=None, packages_above_and_dependencies=None, packages_above_depth=None, packages_select_by_dep=None, packages_skip_by_dep=None, packages_skip_up_to=None, packages_select_build_failed=False, packages_skip_build_finished=False, packages_select_test_failures=False, packages_skip_test_passed=False, packages_select=None, packages_skip=None, packages_select_regex=None, packages_skip_regex=None, packages_start=None, packages_end=None, allow_overriding=[], cmake_args=None, cmake_target=None, cmake_target_skip_unavailable=False, cmake_clean_cache=False, cmake_clean_first=False, cmake_force_configure=False, ament_cmake_args=None, catkin_cmake_args=None, catkin_skip_building_tests=False, mixin_files=None, mixin=None, verb_parser=<colcon_mixin.mixin.mixin_argument.MixinArgumentDecorator object at 0xffff868fad80>, verb_extension=<colcon_core.verb.build.BuildVerb object at 0xffff868fab40>, main=<bound method BuildVerb.main of <colcon_core.verb.build.BuildVerb object at 0xffff868fab40>>, mixin_verb=('build',))
[0.474s] Level 1:colcon.colcon_core.package_discovery:discover_packages(colcon_meta) check parameters
[0.474s] Level 1:colcon.colcon_core.package_discovery:discover_packages(recursive) check parameters
[0.474s] Level 1:colcon.colcon_core.package_discovery:discover_packages(ignore) check parameters
[0.474s] Level 1:colcon.colcon_core.package_discovery:discover_packages(path) check parameters
[0.474s] Level 1:colcon.colcon_core.package_discovery:discover_packages(colcon_meta) discover
[0.475s] Level 1:colcon.colcon_core.package_discovery:discover_packages(recursive) discover
[0.475s] INFO:colcon.colcon_core.package_discovery:Crawling recursively for packages in '/home/pi/drone-home/ros2_ws'
[0.475s] Level 1:colcon.colcon_core.package_identification:_identify(.) by extensions ['ignore', 'ignore_ament_install']
[0.475s] Level 1:colcon.colcon_core.package_identification:_identify(.) by extension 'ignore'
[0.475s] Level 1:colcon.colcon_core.package_identification:_identify(.) by extension 'ignore_ament_install'
[0.475s] Level 1:colcon.colcon_core.package_identification:_identify(.) by extensions ['colcon_pkg']
[0.475s] Level 1:colcon.colcon_core.package_identification:_identify(.) by extension 'colcon_pkg'
[0.475s] Level 1:colcon.colcon_core.package_identification:_identify(.) by extensions ['colcon_meta']
[0.475s] Level 1:colcon.colcon_core.package_identification:_identify(.) by extension 'colcon_meta'
[0.476s] Level 1:colcon.colcon_core.package_identification:_identify(.) by extensions ['ros']
[0.476s] Level 1:colcon.colcon_core.package_identification:_identify(.) by extension 'ros'
[0.550s] Level 1:colcon.colcon_core.package_identification:_identify(.) by extensions ['cmake', 'python']
[0.550s] Level 1:colcon.colcon_core.package_identification:_identify(.) by extension 'cmake'
[0.550s] Level 1:colcon.colcon_core.package_identification:_identify(.) by extension 'python'
[0.550s] Level 1:colcon.colcon_core.package_identification:_identify(.) by extensions ['python_setup_py']
[0.550s] Level 1:colcon.colcon_core.package_identification:_identify(.) by extension 'python_setup_py'
[0.551s] Level 1:colcon.colcon_core.package_identification:_identify(build) by extensions ['ignore', 'ignore_ament_install']
[0.551s] Level 1:colcon.colcon_core.package_identification:_identify(build) by extension 'ignore'
[0.551s] Level 1:colcon.colcon_core.package_identification:_identify(build) ignored
[0.551s] Level 1:colcon.colcon_core.package_identification:_identify(install) by extensions ['ignore', 'ignore_ament_install']
[0.551s] Level 1:colcon.colcon_core.package_identification:_identify(install) by extension 'ignore'
[0.551s] Level 1:colcon.colcon_core.package_identification:_identify(install) ignored
[0.551s] Level 1:colcon.colcon_core.package_identification:_identify(launch) by extensions ['ignore', 'ignore_ament_install']
[0.552s] Level 1:colcon.colcon_core.package_identification:_identify(launch) by extension 'ignore'
[0.552s] Level 1:colcon.colcon_core.package_identification:_identify(launch) by extension 'ignore_ament_install'
[0.552s] Level 1:colcon.colcon_core.package_identification:_identify(launch) by extensions ['colcon_pkg']
[0.552s] Level 1:colcon.colcon_core.package_identification:_identify(launch) by extension 'colcon_pkg'
[0.552s] Level 1:colcon.colcon_core.package_identification:_identify(launch) by extensions ['colcon_meta']
[0.552s] Level 1:colcon.colcon_core.package_identification:_identify(launch) by extension 'colcon_meta'
[0.552s] Level 1:colcon.colcon_core.package_identification:_identify(launch) by extensions ['ros']
[0.552s] Level 1:colcon.colcon_core.package_identification:_identify(launch) by extension 'ros'
[0.552s] Level 1:colcon.colcon_core.package_identification:_identify(launch) by extensions ['cmake', 'python']
[0.552s] Level 1:colcon.colcon_core.package_identification:_identify(launch) by extension 'cmake'
[0.552s] Level 1:colcon.colcon_core.package_identification:_identify(launch) by extension 'python'
[0.553s] Level 1:colcon.colcon_core.package_identification:_identify(launch) by extensions ['python_setup_py']
[0.553s] Level 1:colcon.colcon_core.package_identification:_identify(launch) by extension 'python_setup_py'
[0.553s] Level 1:colcon.colcon_core.package_identification:_identify(launch/__pycache__) by extensions ['ignore', 'ignore_ament_install']
[0.553s] Level 1:colcon.colcon_core.package_identification:_identify(launch/__pycache__) by extension 'ignore'
[0.553s] Level 1:colcon.colcon_core.package_identification:_identify(launch/__pycache__) by extension 'ignore_ament_install'
[0.553s] Level 1:colcon.colcon_core.package_identification:_identify(launch/__pycache__) by extensions ['colcon_pkg']
[0.553s] Level 1:colcon.colcon_core.package_identification:_identify(launch/__pycache__) by extension 'colcon_pkg'
[0.553s] Level 1:colcon.colcon_core.package_identification:_identify(launch/__pycache__) by extensions ['colcon_meta']
[0.553s] Level 1:colcon.colcon_core.package_identification:_identify(launch/__pycache__) by extension 'colcon_meta'
[0.553s] Level 1:colcon.colcon_core.package_identification:_identify(launch/__pycache__) by extensions ['ros']
[0.553s] Level 1:colcon.colcon_core.package_identification:_identify(launch/__pycache__) by extension 'ros'
[0.554s] Level 1:colcon.colcon_core.package_identification:_identify(launch/__pycache__) by extensions ['cmake', 'python']
[0.554s] Level 1:colcon.colcon_core.package_identification:_identify(launch/__pycache__) by extension 'cmake'
[0.554s] Level 1:colcon.colcon_core.package_identification:_identify(launch/__pycache__) by extension 'python'
[0.554s] Level 1:colcon.colcon_core.package_identification:_identify(launch/__pycache__) by extensions ['python_setup_py']
[0.554s] Level 1:colcon.colcon_core.package_identification:_identify(launch/__pycache__) by extension 'python_setup_py'
[0.554s] Level 1:colcon.colcon_core.package_identification:_identify(log) by extensions ['ignore', 'ignore_ament_install']
[0.554s] Level 1:colcon.colcon_core.package_identification:_identify(log) by extension 'ignore'
[0.555s] Level 1:colcon.colcon_core.package_identification:_identify(log) ignored
[0.555s] Level 1:colcon.colcon_core.package_identification:_identify(src) by extensions ['ignore', 'ignore_ament_install']
[0.555s] Level 1:colcon.colcon_core.package_identification:_identify(src) by extension 'ignore'
[0.555s] Level 1:colcon.colcon_core.package_identification:_identify(src) by extension 'ignore_ament_install'
[0.555s] Level 1:colcon.colcon_core.package_identification:_identify(src) by extensions ['colcon_pkg']
[0.555s] Level 1:colcon.colcon_core.package_identification:_identify(src) by extension 'colcon_pkg'
[0.555s] Level 1:colcon.colcon_core.package_identification:_identify(src) by extensions ['colcon_meta']
[0.555s] Level 1:colcon.colcon_core.package_identification:_identify(src) by extension 'colcon_meta'
[0.555s] Level 1:colcon.colcon_core.package_identification:_identify(src) by extensions ['ros']
[0.555s] Level 1:colcon.colcon_core.package_identification:_identify(src) by extension 'ros'
[0.555s] Level 1:colcon.colcon_core.package_identification:_identify(src) by extensions ['cmake', 'python']
[0.555s] Level 1:colcon.colcon_core.package_identification:_identify(src) by extension 'cmake'
[0.555s] Level 1:colcon.colcon_core.package_identification:_identify(src) by extension 'python'
[0.555s] Level 1:colcon.colcon_core.package_identification:_identify(src) by extensions ['python_setup_py']
[0.555s] Level 1:colcon.colcon_core.package_identification:_identify(src) by extension 'python_setup_py'
[0.556s] Level 1:colcon.colcon_core.package_identification:_identify(src/drone_home) by extensions ['ignore', 'ignore_ament_install']
[0.556s] Level 1:colcon.colcon_core.package_identification:_identify(src/drone_home) by extension 'ignore'
[0.556s] Level 1:colcon.colcon_core.package_identification:_identify(src/drone_home) by extension 'ignore_ament_install'
[0.556s] Level 1:colcon.colcon_core.package_identification:_identify(src/drone_home) by extensions ['colcon_pkg']
[0.556s] Level 1:colcon.colcon_core.package_identification:_identify(src/drone_home) by extension 'colcon_pkg'
[0.556s] Level 1:colcon.colcon_core.package_identification:_identify(src/drone_home) by extensions ['colcon_meta']
[0.556s] Level 1:colcon.colcon_core.package_identification:_identify(src/drone_home) by extension 'colcon_meta'
[0.556s] Level 1:colcon.colcon_core.package_identification:_identify(src/drone_home) by extensions ['ros']
[0.556s] Level 1:colcon.colcon_core.package_identification:_identify(src/drone_home) by extension 'ros'
[0.566s] DEBUG:colcon.colcon_core.package_identification:Package 'src/drone_home' with type 'ros.ament_python' and name 'drone_home'
[0.566s] Level 1:colcon.colcon_core.package_discovery:discover_packages(recursive) using defaults
[0.567s] Level 1:colcon.colcon_core.package_discovery:discover_packages(ignore) discover
[0.567s] Level 1:colcon.colcon_core.package_discovery:discover_packages(ignore) using defaults
[0.567s] Level 1:colcon.colcon_core.package_discovery:discover_packages(path) discover
[0.567s] Level 1:colcon.colcon_core.package_discovery:discover_packages(path) using defaults
[0.618s] Level 1:colcon.colcon_core.package_discovery:discover_packages(prefix_path) check parameters
[0.618s] Level 1:colcon.colcon_core.package_discovery:discover_packages(prefix_path) discover
[0.625s] DEBUG:colcon.colcon_installed_package_information.package_discovery:Found 1 installed packages in /home/pi/drone-home/ros2_ws/install
[0.629s] DEBUG:colcon.colcon_installed_package_information.package_discovery:Found 290 installed packages in /opt/ros/jazzy
[0.636s] Level 1:colcon.colcon_core.package_discovery:discover_packages(prefix_path) using defaults
[0.717s] Level 5:colcon.colcon_core.verb:set package 'drone_home' build argument 'cmake_args' from command line to 'None'
[0.717s] Level 5:colcon.colcon_core.verb:set package 'drone_home' build argument 'cmake_target' from command line to 'None'
[0.717s] Level 5:colcon.colcon_core.verb:set package 'drone_home' build argument 'cmake_target_skip_unavailable' from command line to 'False'
[0.718s] Level 5:colcon.colcon_core.verb:set package 'drone_home' build argument 'cmake_clean_cache' from command line to 'False'
[0.718s] Level 5:colcon.colcon_core.verb:set package 'drone_home' build argument 'cmake_clean_first' from command line to 'False'
[0.718s] Level 5:colcon.colcon_core.verb:set package 'drone_home' build argument 'cmake_force_configure' from command line to 'False'
[0.718s] Level 5:colcon.colcon_core.verb:set package 'drone_home' build argument 'ament_cmake_args' from command line to 'None'
[0.718s] Level 5:colcon.colcon_core.verb:set package 'drone_home' build argument 'catkin_cmake_args' from command line to 'None'
[0.718s] Level 5:colcon.colcon_core.verb:set package 'drone_home' build argument 'catkin_skip_building_tests' from command line to 'False'
[0.718s] DEBUG:colcon.colcon_core.verb:Building package 'drone_home' with the following arguments: {'ament_cmake_args': None, 'build_base': '/home/pi/drone-home/ros2_ws/build/drone_home', 'catkin_cmake_args': None, 'catkin_skip_building_tests': False, 'cmake_args': None, 'cmake_clean_cache': False, 'cmake_clean_first': False, 'cmake_force_configure': False, 'cmake_target': None, 'cmake_target_skip_unavailable': False, 'install_base': '/home/pi/drone-home/ros2_ws/install/drone_home', 'merge_install': False, 'path': '/home/pi/drone-home/ros2_ws/src/drone_home', 'symlink_install': False, 'test_result_base': None}
[0.718s] INFO:colcon.colcon_core.executor:Executing jobs using 'parallel' executor
[0.721s] DEBUG:colcon.colcon_parallel_executor.executor.parallel:run_until_complete
[0.722s] INFO:colcon.colcon_ros.task.ament_python.build:Building ROS package in '/home/pi/drone-home/ros2_ws/src/drone_home' with build type 'ament_python'
[0.722s] Level 1:colcon.colcon_core.shell:create_environment_hook('drone_home', 'ament_prefix_path')
[0.733s] INFO:colcon.colcon_core.plugin_system:Skipping extension 'colcon_core.shell.bat': Not used on non-Windows systems
[0.733s] INFO:colcon.colcon_core.shell:Creating environment hook '/home/pi/drone-home/ros2_ws/install/drone_home/share/drone_home/hook/ament_prefix_path.ps1'
[0.735s] INFO:colcon.colcon_core.shell:Creating environment descriptor '/home/pi/drone-home/ros2_ws/install/drone_home/share/drone_home/hook/ament_prefix_path.dsv'
[0.738s] INFO:colcon.colcon_core.shell:Creating environment hook '/home/pi/drone-home/ros2_ws/install/drone_home/share/drone_home/hook/ament_prefix_path.sh'
[0.813s] INFO:colcon.colcon_core.shell:Skip shell extension 'powershell' for command environment: Not usable outside of PowerShell
[0.813s] DEBUG:colcon.colcon_core.shell:Skip shell extension 'dsv' for command environment
[1.412s] INFO:colcon.colcon_core.task.python.build:Building Python package in '/home/pi/drone-home/ros2_ws/src/drone_home'
[1.412s] INFO:colcon.colcon_core.shell:Skip shell extension 'powershell' for command environment: Not usable outside of PowerShell
[1.413s] DEBUG:colcon.colcon_core.shell:Skip shell extension 'dsv' for command environment
[3.234s] DEBUG:colcon.colcon_core.event_handler.log_command:Invoking command in '/home/pi/drone-home/ros2_ws/src/drone_home': DEBUGINFOD_URLS=https://debuginfod.ubuntu.com PYTHONPATH=/home/pi/drone-home/ros2_ws/build/drone_home/prefix_override:/usr/lib/python3/dist-packages/colcon_core/task/python/colcon_distutils_commands:/home/pi/drone-home/ros2_ws/install/drone_home/lib/python3.12/site-packages:${PYTHONPATH} /usr/bin/python3 -W ignore:setup.py install is deprecated setup.py egg_info --egg-base ../../build/drone_home build --build-base /home/pi/drone-home/ros2_ws/build/drone_home/build install --record /home/pi/drone-home/ros2_ws/build/drone_home/install.log --single-version-externally-managed install_data
[4.624s] DEBUG:colcon.colcon_core.event_handler.log_command:Invoked command in '/home/pi/drone-home/ros2_ws/src/drone_home' returned '0': DEBUGINFOD_URLS=https://debuginfod.ubuntu.com PYTHONPATH=/home/pi/drone-home/ros2_ws/build/drone_home/prefix_override:/usr/lib/python3/dist-packages/colcon_core/task/python/colcon_distutils_commands:/home/pi/drone-home/ros2_ws/install/drone_home/lib/python3.12/site-packages:${PYTHONPATH} /usr/bin/python3 -W ignore:setup.py install is deprecated setup.py egg_info --egg-base ../../build/drone_home build --build-base /home/pi/drone-home/ros2_ws/build/drone_home/build install --record /home/pi/drone-home/ros2_ws/build/drone_home/install.log --single-version-externally-managed install_data
[4.635s] Level 1:colcon.colcon_core.environment:checking '/home/pi/drone-home/ros2_ws/install/drone_home' for CMake module files
[4.636s] Level 1:colcon.colcon_core.environment:checking '/home/pi/drone-home/ros2_ws/install/drone_home' for CMake config files
[4.637s] Level 1:colcon.colcon_core.environment:checking '/home/pi/drone-home/ros2_ws/install/drone_home/lib'
[4.638s] Level 1:colcon.colcon_core.environment:checking '/home/pi/drone-home/ros2_ws/install/drone_home/bin'
[4.638s] Level 1:colcon.colcon_core.environment:checking '/home/pi/drone-home/ros2_ws/install/drone_home/lib/pkgconfig/drone_home.pc'
[4.638s] Level 1:colcon.colcon_core.environment:checking '/home/pi/drone-home/ros2_ws/install/drone_home/lib/python3.12/site-packages'
[4.639s] Level 1:colcon.colcon_core.shell:create_environment_hook('drone_home', 'pythonpath')
[4.639s] INFO:colcon.colcon_core.shell:Creating environment hook '/home/pi/drone-home/ros2_ws/install/drone_home/share/drone_home/hook/pythonpath.ps1'
[4.640s] INFO:colcon.colcon_core.shell:Creating environment descriptor '/home/pi/drone-home/ros2_ws/install/drone_home/share/drone_home/hook/pythonpath.dsv'
[4.644s] INFO:colcon.colcon_core.shell:Creating environment hook '/home/pi/drone-home/ros2_ws/install/drone_home/share/drone_home/hook/pythonpath.sh'
[4.646s] Level 1:colcon.colcon_core.environment:checking '/home/pi/drone-home/ros2_ws/install/drone_home/bin'
[4.647s] Level 1:colcon.colcon_core.environment:create_environment_scripts_only(drone_home)
[4.647s] INFO:colcon.colcon_core.shell:Creating package script '/home/pi/drone-home/ros2_ws/install/drone_home/share/drone_home/package.ps1'
[4.652s] INFO:colcon.colcon_core.shell:Creating package descriptor '/home/pi/drone-home/ros2_ws/install/drone_home/share/drone_home/package.dsv'
[4.655s] INFO:colcon.colcon_core.shell:Creating package script '/home/pi/drone-home/ros2_ws/install/drone_home/share/drone_home/package.sh'
[4.661s] INFO:colcon.colcon_core.shell:Creating package script '/home/pi/drone-home/ros2_ws/install/drone_home/share/drone_home/package.bash'
[4.666s] INFO:colcon.colcon_core.shell:Creating package script '/home/pi/drone-home/ros2_ws/install/drone_home/share/drone_home/package.zsh'
[4.735s] Level 1:colcon.colcon_core.environment:create_file_with_runtime_dependencies(/home/pi/drone-home/ros2_ws/install/drone_home/share/colcon-core/packages/drone_home)
[4.736s] DEBUG:colcon.colcon_parallel_executor.executor.parallel:closing loop
[4.737s] DEBUG:colcon.colcon_parallel_executor.executor.parallel:loop closed
[4.737s] DEBUG:colcon.colcon_parallel_executor.executor.parallel:run_until_complete finished with '0'
[4.737s] DEBUG:colcon.colcon_core.event_reactor:joining thread
[4.754s] INFO:colcon.colcon_core.plugin_system:Skipping extension 'colcon_notification.desktop_notification.terminal_notifier': Not used on non-Darwin systems
[4.754s] INFO:colcon.colcon_core.plugin_system:Skipping extension 'colcon_notification.desktop_notification.win32': Not used on non-Windows systems
[4.754s] INFO:colcon.colcon_notification.desktop_notification:Sending desktop notification using 'notify2'
[4.781s] DEBUG:colcon.colcon_core.event_reactor:joined thread
[4.781s] INFO:colcon.colcon_core.shell:Creating prefix script '/home/pi/drone-home/ros2_ws/install/local_setup.ps1'
[4.783s] INFO:colcon.colcon_core.shell:Creating prefix util module '/home/pi/drone-home/ros2_ws/install/_local_setup_util_ps1.py'
[4.792s] INFO:colcon.colcon_core.shell:Creating prefix chain script '/home/pi/drone-home/ros2_ws/install/setup.ps1'
[4.795s] INFO:colcon.colcon_core.shell:Creating prefix script '/home/pi/drone-home/ros2_ws/install/local_setup.sh'
[4.801s] INFO:colcon.colcon_core.shell:Creating prefix util module '/home/pi/drone-home/ros2_ws/install/_local_setup_util_sh.py'
[4.803s] INFO:colcon.colcon_core.shell:Creating prefix chain script '/home/pi/drone-home/ros2_ws/install/setup.sh'
[4.808s] INFO:colcon.colcon_core.shell:Creating prefix script '/home/pi/drone-home/ros2_ws/install/local_setup.bash'
[4.811s] INFO:colcon.colcon_core.shell:Creating prefix chain script '/home/pi/drone-home/ros2_ws/install/setup.bash'
[4.882s] INFO:colcon.colcon_core.shell:Creating prefix script '/home/pi/drone-home/ros2_ws/install/local_setup.zsh'
[4.887s] INFO:colcon.colcon_core.shell:Creating prefix chain script '/home/pi/drone-home/ros2_ws/install/setup.zsh'
