[1.393s] Invoking command in '/home/pi/drone-home/ros2_ws/src/drone_home': DEBUGINFOD_URLS=https://debuginfod.ubuntu.com PYTHONPATH=/home/pi/drone-home/ros2_ws/build/drone_home/prefix_override:/usr/lib/python3/dist-packages/colcon_core/task/python/colcon_distutils_commands:/home/pi/drone-home/ros2_ws/install/drone_home/lib/python3.12/site-packages:${PYTHONPATH} /usr/bin/python3 -W ignore:setup.py install is deprecated setup.py egg_info --egg-base ../../build/drone_home build --build-base /home/pi/drone-home/ros2_ws/build/drone_home/build install --record /home/pi/drone-home/ros2_ws/build/drone_home/install.log --single-version-externally-managed install_data
[1.782s] running egg_info
[1.809s] writing ../../build/drone_home/drone_home.egg-info/PKG-INFO
[1.810s] writing dependency_links to ../../build/drone_home/drone_home.egg-info/dependency_links.txt
[1.812s] writing entry points to ../../build/drone_home/drone_home.egg-info/entry_points.txt
[1.881s] writing requirements to ../../build/drone_home/drone_home.egg-info/requires.txt
[1.882s] writing top-level names to ../../build/drone_home/drone_home.egg-info/top_level.txt
[1.946s] reading manifest file '../../build/drone_home/drone_home.egg-info/SOURCES.txt'
[1.947s] writing manifest file '../../build/drone_home/drone_home.egg-info/SOURCES.txt'
[1.948s] running build
[1.948s] running build_py
[1.948s] copying drone_home/geo_tools.py -> /home/pi/drone-home/ros2_ws/build/drone_home/build/lib/drone_home
[1.949s] running install
[1.959s] running install_lib
[1.986s] copying /home/pi/drone-home/ros2_ws/build/drone_home/build/lib/drone_home/geo_tools.py -> /home/pi/drone-home/ros2_ws/install/drone_home/lib/python3.12/site-packages/drone_home
[1.987s] byte-compiling /home/pi/drone-home/ros2_ws/install/drone_home/lib/python3.12/site-packages/drone_home/geo_tools.py to geo_tools.cpython-312.pyc
[1.988s] running install_data
[1.988s] running install_egg_info
[2.019s] removing '/home/pi/drone-home/ros2_ws/install/drone_home/lib/python3.12/site-packages/drone_home-0.0.0-py3.12.egg-info' (and everything under it)
[2.019s] Copying ../../build/drone_home/drone_home.egg-info to /home/pi/drone-home/ros2_ws/install/drone_home/lib/python3.12/site-packages/drone_home-0.0.0-py3.12.egg-info
[2.020s] running install_scripts
[2.212s] Installing controller script to /home/pi/drone-home/ros2_ws/install/drone_home/lib/drone_home
[2.213s] Installing drive_hardware script to /home/pi/drone-home/ros2_ws/install/drone_home/lib/drone_home
[2.216s] Installing drive_publisher script to /home/pi/drone-home/ros2_ws/install/drone_home/lib/drone_home
[2.218s] Installing imu_publisher script to /home/pi/drone-home/ros2_ws/install/drone_home/lib/drone_home
[2.222s] writing list of installed files to '/home/pi/drone-home/ros2_ws/build/drone_home/install.log'
[2.379s] Invoked command in '/home/pi/drone-home/ros2_ws/src/drone_home' returned '0': DEBUGINFOD_URLS=https://debuginfod.ubuntu.com PYTHONPATH=/home/pi/drone-home/ros2_ws/build/drone_home/prefix_override:/usr/lib/python3/dist-packages/colcon_core/task/python/colcon_distutils_commands:/home/pi/drone-home/ros2_ws/install/drone_home/lib/python3.12/site-packages:${PYTHONPATH} /usr/bin/python3 -W ignore:setup.py install is deprecated setup.py egg_info --egg-base ../../build/drone_home build --build-base /home/pi/drone-home/ros2_ws/build/drone_home/build install --record /home/pi/drone-home/ros2_ws/build/drone_home/install.log --single-version-externally-managed install_data
