running egg_info
creating ../../../../build/drone_home/drone_home.egg-info
writing ../../../../build/drone_home/drone_home.egg-info/PKG-INFO
writing dependency_links to ../../../../build/drone_home/drone_home.egg-info/dependency_links.txt
writing entry points to ../../../../build/drone_home/drone_home.egg-info/entry_points.txt
writing requirements to ../../../../build/drone_home/drone_home.egg-info/requires.txt
writing top-level names to ../../../../build/drone_home/drone_home.egg-info/top_level.txt
writing manifest file '../../../../build/drone_home/drone_home.egg-info/SOURCES.txt'
reading manifest file '../../../../build/drone_home/drone_home.egg-info/SOURCES.txt'
writing manifest file '../../../../build/drone_home/drone_home.egg-info/SOURCES.txt'
running build
running build_py
creating /workspaces/isaac_ros-dev/build/drone_home/build
creating /workspaces/isaac_ros-dev/build/drone_home/build/lib
creating /workspaces/isaac_ros-dev/build/drone_home/build/lib/drone_home
copying drone_home/__init__.py -> /workspaces/isaac_ros-dev/build/drone_home/build/lib/drone_home
copying drone_home/gps_publisher.py -> /workspaces/isaac_ros-dev/build/drone_home/build/lib/drone_home
copying drone_home/servo.py -> /workspaces/isaac_ros-dev/build/drone_home/build/lib/drone_home
copying drone_home/imu_publisher.py -> /workspaces/isaac_ros-dev/build/drone_home/build/lib/drone_home
copying drone_home/motor.py -> /workspaces/isaac_ros-dev/build/drone_home/build/lib/drone_home
copying drone_home/servo_jetson.py -> /workspaces/isaac_ros-dev/build/drone_home/build/lib/drone_home
copying drone_home/pwm_publisher.py -> /workspaces/isaac_ros-dev/build/drone_home/build/lib/drone_home
copying drone_home/ackermann_drive.py -> /workspaces/isaac_ros-dev/build/drone_home/build/lib/drone_home
copying drone_home/geo_tools.py -> /workspaces/isaac_ros-dev/build/drone_home/build/lib/drone_home
copying drone_home/controller.py -> /workspaces/isaac_ros-dev/build/drone_home/build/lib/drone_home
copying drone_home/markers.py -> /workspaces/isaac_ros-dev/build/drone_home/build/lib/drone_home
copying drone_home/joy_to_ackermann.py -> /workspaces/isaac_ros-dev/build/drone_home/build/lib/drone_home
running install
running install_lib
creating /workspaces/isaac_ros-dev/install/drone_home/lib/python3.10/site-packages/drone_home
copying /workspaces/isaac_ros-dev/build/drone_home/build/lib/drone_home/__init__.py -> /workspaces/isaac_ros-dev/install/drone_home/lib/python3.10/site-packages/drone_home
copying /workspaces/isaac_ros-dev/build/drone_home/build/lib/drone_home/gps_publisher.py -> /workspaces/isaac_ros-dev/install/drone_home/lib/python3.10/site-packages/drone_home
copying /workspaces/isaac_ros-dev/build/drone_home/build/lib/drone_home/servo.py -> /workspaces/isaac_ros-dev/install/drone_home/lib/python3.10/site-packages/drone_home
copying /workspaces/isaac_ros-dev/build/drone_home/build/lib/drone_home/imu_publisher.py -> /workspaces/isaac_ros-dev/install/drone_home/lib/python3.10/site-packages/drone_home
copying /workspaces/isaac_ros-dev/build/drone_home/build/lib/drone_home/motor.py -> /workspaces/isaac_ros-dev/install/drone_home/lib/python3.10/site-packages/drone_home
copying /workspaces/isaac_ros-dev/build/drone_home/build/lib/drone_home/servo_jetson.py -> /workspaces/isaac_ros-dev/install/drone_home/lib/python3.10/site-packages/drone_home
copying /workspaces/isaac_ros-dev/build/drone_home/build/lib/drone_home/pwm_publisher.py -> /workspaces/isaac_ros-dev/install/drone_home/lib/python3.10/site-packages/drone_home
copying /workspaces/isaac_ros-dev/build/drone_home/build/lib/drone_home/ackermann_drive.py -> /workspaces/isaac_ros-dev/install/drone_home/lib/python3.10/site-packages/drone_home
copying /workspaces/isaac_ros-dev/build/drone_home/build/lib/drone_home/geo_tools.py -> /workspaces/isaac_ros-dev/install/drone_home/lib/python3.10/site-packages/drone_home
copying /workspaces/isaac_ros-dev/build/drone_home/build/lib/drone_home/controller.py -> /workspaces/isaac_ros-dev/install/drone_home/lib/python3.10/site-packages/drone_home
copying /workspaces/isaac_ros-dev/build/drone_home/build/lib/drone_home/markers.py -> /workspaces/isaac_ros-dev/install/drone_home/lib/python3.10/site-packages/drone_home
copying /workspaces/isaac_ros-dev/build/drone_home/build/lib/drone_home/joy_to_ackermann.py -> /workspaces/isaac_ros-dev/install/drone_home/lib/python3.10/site-packages/drone_home
byte-compiling /workspaces/isaac_ros-dev/install/drone_home/lib/python3.10/site-packages/drone_home/__init__.py to __init__.cpython-310.pyc
byte-compiling /workspaces/isaac_ros-dev/install/drone_home/lib/python3.10/site-packages/drone_home/gps_publisher.py to gps_publisher.cpython-310.pyc
byte-compiling /workspaces/isaac_ros-dev/install/drone_home/lib/python3.10/site-packages/drone_home/servo.py to servo.cpython-310.pyc
byte-compiling /workspaces/isaac_ros-dev/install/drone_home/lib/python3.10/site-packages/drone_home/imu_publisher.py to imu_publisher.cpython-310.pyc
byte-compiling /workspaces/isaac_ros-dev/install/drone_home/lib/python3.10/site-packages/drone_home/motor.py to motor.cpython-310.pyc
byte-compiling /workspaces/isaac_ros-dev/install/drone_home/lib/python3.10/site-packages/drone_home/servo_jetson.py to servo_jetson.cpython-310.pyc
byte-compiling /workspaces/isaac_ros-dev/install/drone_home/lib/python3.10/site-packages/drone_home/pwm_publisher.py to pwm_publisher.cpython-310.pyc
byte-compiling /workspaces/isaac_ros-dev/install/drone_home/lib/python3.10/site-packages/drone_home/ackermann_drive.py to ackermann_drive.cpython-310.pyc
byte-compiling /workspaces/isaac_ros-dev/install/drone_home/lib/python3.10/site-packages/drone_home/geo_tools.py to geo_tools.cpython-310.pyc
byte-compiling /workspaces/isaac_ros-dev/install/drone_home/lib/python3.10/site-packages/drone_home/controller.py to controller.cpython-310.pyc
byte-compiling /workspaces/isaac_ros-dev/install/drone_home/lib/python3.10/site-packages/drone_home/markers.py to markers.cpython-310.pyc
byte-compiling /workspaces/isaac_ros-dev/install/drone_home/lib/python3.10/site-packages/drone_home/joy_to_ackermann.py to joy_to_ackermann.cpython-310.pyc
running install_data
creating /workspaces/isaac_ros-dev/install/drone_home/share/ament_index
creating /workspaces/isaac_ros-dev/install/drone_home/share/ament_index/resource_index
creating /workspaces/isaac_ros-dev/install/drone_home/share/ament_index/resource_index/packages
copying resource/drone_home -> /workspaces/isaac_ros-dev/install/drone_home/share/ament_index/resource_index/packages
copying package.xml -> /workspaces/isaac_ros-dev/install/drone_home/share/drone_home
running install_egg_info
Copying ../../../../build/drone_home/drone_home.egg-info to /workspaces/isaac_ros-dev/install/drone_home/lib/python3.10/site-packages/drone_home-0.0.0-py3.10.egg-info
running install_scripts
Installing controller script to /workspaces/isaac_ros-dev/install/drone_home/lib/drone_home
Installing drive_hardware script to /workspaces/isaac_ros-dev/install/drone_home/lib/drone_home
Installing drive_publisher script to /workspaces/isaac_ros-dev/install/drone_home/lib/drone_home
Installing gps_publisher script to /workspaces/isaac_ros-dev/install/drone_home/lib/drone_home
Installing imu_publisher script to /workspaces/isaac_ros-dev/install/drone_home/lib/drone_home
Installing pwm_publisher script to /workspaces/isaac_ros-dev/install/drone_home/lib/drone_home
Installing visualization script to /workspaces/isaac_ros-dev/install/drone_home/lib/drone_home
writing list of installed files to '/workspaces/isaac_ros-dev/build/drone_home/install.log'
