[3.523s] Invoking command in '/workspaces/isaac_ros-dev/drone-home/ros2_ws/src/drone_home': PYTHONPATH=/workspaces/isaac_ros-dev/build/drone_home/prefix_override:/usr/lib/python3/dist-packages/colcon_core/task/python/colcon_distutils_commands:/workspaces/isaac_ros-dev/install/drone_home/lib/python3.10/site-packages:${PYTHONPATH} /usr/bin/python3 -W ignore:setup.py install is deprecated setup.py egg_info --egg-base ../../../../build/drone_home build --build-base /workspaces/isaac_ros-dev/build/drone_home/build install --record /workspaces/isaac_ros-dev/build/drone_home/install.log --single-version-externally-managed install_data
[4.505s] running egg_info
[4.506s] creating ../../../../build/drone_home/drone_home.egg-info
[4.546s] writing ../../../../build/drone_home/drone_home.egg-info/PKG-INFO
[4.546s] writing dependency_links to ../../../../build/drone_home/drone_home.egg-info/dependency_links.txt
[4.546s] writing entry points to ../../../../build/drone_home/drone_home.egg-info/entry_points.txt
[4.547s] writing requirements to ../../../../build/drone_home/drone_home.egg-info/requires.txt
[4.547s] writing top-level names to ../../../../build/drone_home/drone_home.egg-info/top_level.txt
[4.547s] writing manifest file '../../../../build/drone_home/drone_home.egg-info/SOURCES.txt'
[4.713s] ERROR setuptools_scm._file_finders.git listing git files failed - pretending there aren't any
[4.953s] reading manifest file '../../../../build/drone_home/drone_home.egg-info/SOURCES.txt'
[4.955s] writing manifest file '../../../../build/drone_home/drone_home.egg-info/SOURCES.txt'
[4.955s] running build
[4.955s] running build_py
[4.956s] creating /workspaces/isaac_ros-dev/build/drone_home/build
[4.956s] creating /workspaces/isaac_ros-dev/build/drone_home/build/lib
[4.956s] creating /workspaces/isaac_ros-dev/build/drone_home/build/lib/drone_home
[4.956s] copying drone_home/__init__.py -> /workspaces/isaac_ros-dev/build/drone_home/build/lib/drone_home
[4.957s] copying drone_home/gps_publisher.py -> /workspaces/isaac_ros-dev/build/drone_home/build/lib/drone_home
[4.957s] copying drone_home/servo.py -> /workspaces/isaac_ros-dev/build/drone_home/build/lib/drone_home
[4.957s] copying drone_home/imu_publisher.py -> /workspaces/isaac_ros-dev/build/drone_home/build/lib/drone_home
[4.958s] copying drone_home/motor.py -> /workspaces/isaac_ros-dev/build/drone_home/build/lib/drone_home
[4.958s] copying drone_home/servo_jetson.py -> /workspaces/isaac_ros-dev/build/drone_home/build/lib/drone_home
[4.959s] copying drone_home/pwm_publisher.py -> /workspaces/isaac_ros-dev/build/drone_home/build/lib/drone_home
[4.959s] copying drone_home/ackermann_drive.py -> /workspaces/isaac_ros-dev/build/drone_home/build/lib/drone_home
[4.960s] copying drone_home/geo_tools.py -> /workspaces/isaac_ros-dev/build/drone_home/build/lib/drone_home
[4.960s] copying drone_home/controller.py -> /workspaces/isaac_ros-dev/build/drone_home/build/lib/drone_home
[4.961s] copying drone_home/markers.py -> /workspaces/isaac_ros-dev/build/drone_home/build/lib/drone_home
[4.961s] copying drone_home/joy_to_ackermann.py -> /workspaces/isaac_ros-dev/build/drone_home/build/lib/drone_home
[4.962s] running install
[4.972s] running install_lib
[5.022s] creating /workspaces/isaac_ros-dev/install/drone_home/lib/python3.10/site-packages/drone_home
[5.023s] copying /workspaces/isaac_ros-dev/build/drone_home/build/lib/drone_home/__init__.py -> /workspaces/isaac_ros-dev/install/drone_home/lib/python3.10/site-packages/drone_home
[5.023s] copying /workspaces/isaac_ros-dev/build/drone_home/build/lib/drone_home/gps_publisher.py -> /workspaces/isaac_ros-dev/install/drone_home/lib/python3.10/site-packages/drone_home
[5.023s] copying /workspaces/isaac_ros-dev/build/drone_home/build/lib/drone_home/servo.py -> /workspaces/isaac_ros-dev/install/drone_home/lib/python3.10/site-packages/drone_home
[5.024s] copying /workspaces/isaac_ros-dev/build/drone_home/build/lib/drone_home/imu_publisher.py -> /workspaces/isaac_ros-dev/install/drone_home/lib/python3.10/site-packages/drone_home
[5.024s] copying /workspaces/isaac_ros-dev/build/drone_home/build/lib/drone_home/motor.py -> /workspaces/isaac_ros-dev/install/drone_home/lib/python3.10/site-packages/drone_home
[5.024s] copying /workspaces/isaac_ros-dev/build/drone_home/build/lib/drone_home/servo_jetson.py -> /workspaces/isaac_ros-dev/install/drone_home/lib/python3.10/site-packages/drone_home
[5.025s] copying /workspaces/isaac_ros-dev/build/drone_home/build/lib/drone_home/pwm_publisher.py -> /workspaces/isaac_ros-dev/install/drone_home/lib/python3.10/site-packages/drone_home
[5.025s] copying /workspaces/isaac_ros-dev/build/drone_home/build/lib/drone_home/ackermann_drive.py -> /workspaces/isaac_ros-dev/install/drone_home/lib/python3.10/site-packages/drone_home
[5.025s] copying /workspaces/isaac_ros-dev/build/drone_home/build/lib/drone_home/geo_tools.py -> /workspaces/isaac_ros-dev/install/drone_home/lib/python3.10/site-packages/drone_home
[5.026s] copying /workspaces/isaac_ros-dev/build/drone_home/build/lib/drone_home/controller.py -> /workspaces/isaac_ros-dev/install/drone_home/lib/python3.10/site-packages/drone_home
[5.026s] copying /workspaces/isaac_ros-dev/build/drone_home/build/lib/drone_home/markers.py -> /workspaces/isaac_ros-dev/install/drone_home/lib/python3.10/site-packages/drone_home
[5.026s] copying /workspaces/isaac_ros-dev/build/drone_home/build/lib/drone_home/joy_to_ackermann.py -> /workspaces/isaac_ros-dev/install/drone_home/lib/python3.10/site-packages/drone_home
[5.027s] byte-compiling /workspaces/isaac_ros-dev/install/drone_home/lib/python3.10/site-packages/drone_home/__init__.py to __init__.cpython-310.pyc
[5.028s] byte-compiling /workspaces/isaac_ros-dev/install/drone_home/lib/python3.10/site-packages/drone_home/gps_publisher.py to gps_publisher.cpython-310.pyc
[5.030s] byte-compiling /workspaces/isaac_ros-dev/install/drone_home/lib/python3.10/site-packages/drone_home/servo.py to servo.cpython-310.pyc
[5.031s] byte-compiling /workspaces/isaac_ros-dev/install/drone_home/lib/python3.10/site-packages/drone_home/imu_publisher.py to imu_publisher.cpython-310.pyc
[5.033s] byte-compiling /workspaces/isaac_ros-dev/install/drone_home/lib/python3.10/site-packages/drone_home/motor.py to motor.cpython-310.pyc
[5.034s] byte-compiling /workspaces/isaac_ros-dev/install/drone_home/lib/python3.10/site-packages/drone_home/servo_jetson.py to servo_jetson.cpython-310.pyc
[5.036s] byte-compiling /workspaces/isaac_ros-dev/install/drone_home/lib/python3.10/site-packages/drone_home/pwm_publisher.py to pwm_publisher.cpython-310.pyc
[5.037s] byte-compiling /workspaces/isaac_ros-dev/install/drone_home/lib/python3.10/site-packages/drone_home/ackermann_drive.py to ackermann_drive.cpython-310.pyc
[5.038s] byte-compiling /workspaces/isaac_ros-dev/install/drone_home/lib/python3.10/site-packages/drone_home/geo_tools.py to geo_tools.cpython-310.pyc
[5.040s] byte-compiling /workspaces/isaac_ros-dev/install/drone_home/lib/python3.10/site-packages/drone_home/controller.py to controller.cpython-310.pyc
[5.042s] byte-compiling /workspaces/isaac_ros-dev/install/drone_home/lib/python3.10/site-packages/drone_home/markers.py to markers.cpython-310.pyc
[5.043s] byte-compiling /workspaces/isaac_ros-dev/install/drone_home/lib/python3.10/site-packages/drone_home/joy_to_ackermann.py to joy_to_ackermann.cpython-310.pyc
[5.044s] running install_data
[5.045s] creating /workspaces/isaac_ros-dev/install/drone_home/share/ament_index
[5.045s] creating /workspaces/isaac_ros-dev/install/drone_home/share/ament_index/resource_index
[5.045s] creating /workspaces/isaac_ros-dev/install/drone_home/share/ament_index/resource_index/packages
[5.045s] copying resource/drone_home -> /workspaces/isaac_ros-dev/install/drone_home/share/ament_index/resource_index/packages
[5.046s] copying package.xml -> /workspaces/isaac_ros-dev/install/drone_home/share/drone_home
[5.046s] running install_egg_info
[5.090s] Copying ../../../../build/drone_home/drone_home.egg-info to /workspaces/isaac_ros-dev/install/drone_home/lib/python3.10/site-packages/drone_home-0.0.0-py3.10.egg-info
[5.092s] running install_scripts
[5.248s] Installing controller script to /workspaces/isaac_ros-dev/install/drone_home/lib/drone_home
[5.249s] Installing drive_hardware script to /workspaces/isaac_ros-dev/install/drone_home/lib/drone_home
[5.249s] Installing drive_publisher script to /workspaces/isaac_ros-dev/install/drone_home/lib/drone_home
[5.249s] Installing gps_publisher script to /workspaces/isaac_ros-dev/install/drone_home/lib/drone_home
[5.249s] Installing imu_publisher script to /workspaces/isaac_ros-dev/install/drone_home/lib/drone_home
[5.250s] Installing pwm_publisher script to /workspaces/isaac_ros-dev/install/drone_home/lib/drone_home
[5.250s] Installing visualization script to /workspaces/isaac_ros-dev/install/drone_home/lib/drone_home
[5.251s] writing list of installed files to '/workspaces/isaac_ros-dev/build/drone_home/install.log'
[5.368s] Invoked command in '/workspaces/isaac_ros-dev/drone-home/ros2_ws/src/drone_home' returned '0': PYTHONPATH=/workspaces/isaac_ros-dev/build/drone_home/prefix_override:/usr/lib/python3/dist-packages/colcon_core/task/python/colcon_distutils_commands:/workspaces/isaac_ros-dev/install/drone_home/lib/python3.10/site-packages:${PYTHONPATH} /usr/bin/python3 -W ignore:setup.py install is deprecated setup.py egg_info --egg-base ../../../../build/drone_home build --build-base /workspaces/isaac_ros-dev/build/drone_home/build install --record /workspaces/isaac_ros-dev/build/drone_home/install.log --single-version-externally-managed install_data
