[1.195s] Invoking command in '/home/pi/drone-home/ros2_ws/src/drone_home': DEBUGINFOD_URLS=https://debuginfod.ubuntu.com PYTHONPATH=/home/pi/drone-home/ros2_ws/build/drone_home/prefix_override:/usr/lib/python3/dist-packages/colcon_core/task/python/colcon_distutils_commands:/home/pi/drone-home/ros2_ws/install/drone_home/lib/python3.12/site-packages:${PYTHONPATH} /usr/bin/python3 -W ignore:setup.py install is deprecated setup.py egg_info --egg-base ../../build/drone_home build --build-base /home/pi/drone-home/ros2_ws/build/drone_home/build install --record /home/pi/drone-home/ros2_ws/build/drone_home/install.log --single-version-externally-managed install_data
[1.560s] running egg_info
[1.586s] writing ../../build/drone_home/drone_home.egg-info/PKG-INFO
[1.586s] writing dependency_links to ../../build/drone_home/drone_home.egg-info/dependency_links.txt
[1.586s] writing entry points to ../../build/drone_home/drone_home.egg-info/entry_points.txt
[1.586s] writing requirements to ../../build/drone_home/drone_home.egg-info/requires.txt
[1.587s] writing top-level names to ../../build/drone_home/drone_home.egg-info/top_level.txt
[1.639s] reading manifest file '../../build/drone_home/drone_home.egg-info/SOURCES.txt'
[1.640s] writing manifest file '../../build/drone_home/drone_home.egg-info/SOURCES.txt'
[1.641s] running build
[1.641s] running build_py
[1.641s] running install
[1.651s] running install_lib
[1.677s] running install_data
[1.677s] running install_egg_info
[1.705s] removing '/home/pi/drone-home/ros2_ws/install/drone_home/lib/python3.12/site-packages/drone_home-0.0.0-py3.12.egg-info' (and everything under it)
[1.705s] Copying ../../build/drone_home/drone_home.egg-info to /home/pi/drone-home/ros2_ws/install/drone_home/lib/python3.12/site-packages/drone_home-0.0.0-py3.12.egg-info
[1.707s] running install_scripts
[1.888s] Installing imu_publisher script to /home/pi/drone-home/ros2_ws/install/drone_home/lib/drone_home
[1.888s] writing list of installed files to '/home/pi/drone-home/ros2_ws/build/drone_home/install.log'
[1.968s] Invoked command in '/home/pi/drone-home/ros2_ws/src/drone_home' returned '0': DEBUGINFOD_URLS=https://debuginfod.ubuntu.com PYTHONPATH=/home/pi/drone-home/ros2_ws/build/drone_home/prefix_override:/usr/lib/python3/dist-packages/colcon_core/task/python/colcon_distutils_commands:/home/pi/drone-home/ros2_ws/install/drone_home/lib/python3.12/site-packages:${PYTHONPATH} /usr/bin/python3 -W ignore:setup.py install is deprecated setup.py egg_info --egg-base ../../build/drone_home build --build-base /home/pi/drone-home/ros2_ws/build/drone_home/build install --record /home/pi/drone-home/ros2_ws/build/drone_home/install.log --single-version-externally-managed install_data
