[0.052s] Invoking command in '/workspaces/drone_home-dev/drone-home/ros2_ws/build/custom_messages': CMAKE_PREFIX_PATH=${CMAKE_PREFIX_PATH}:/workspaces/drone_home-dev/drone-home/ros2_ws/install/drone_home:/opt/ros/humble /usr/local/bin/cmake --build /workspaces/drone_home-dev/drone-home/ros2_ws/build/custom_messages -- -j6 -l6
[0.259s] [  6%] Built target custom_messages__cpp
[0.261s] [ 12%] Built target custom_messages__rosidl_generator_c
[0.269s] [ 12%] Built target ament_cmake_python_copy_custom_messages
[0.297s] [ 22%] Built target custom_messages__rosidl_typesupport_introspection_c
[0.304s] [ 41%] Built target custom_messages__rosidl_typesupport_fastrtps_c
[0.307s] [ 41%] Built target custom_messages__rosidl_typesupport_introspection_cpp
[0.312s] [ 54%] Built target custom_messages__rosidl_typesupport_cpp
[0.314s] [ 61%] Built target custom_messages__rosidl_typesupport_c
[0.316s] [ 70%] Built target custom_messages__rosidl_typesupport_fastrtps_cpp
[0.334s] [ 70%] Built target custom_messages
[0.358s] [ 74%] Built target custom_messages__py
[0.382s] [ 80%] Built target custom_messages__rosidl_generator_py
[0.411s] [ 93%] Built target custom_messages__rosidl_typesupport_fastrtps_c__pyext
[0.413s] [ 93%] Built target custom_messages__rosidl_typesupport_introspection_c__pyext
[0.418s] [100%] Built target custom_messages__rosidl_typesupport_c__pyext
[0.879s] running egg_info
[0.918s] writing custom_messages.egg-info/PKG-INFO
[0.919s] writing dependency_links to custom_messages.egg-info/dependency_links.txt
[0.919s] writing top-level names to custom_messages.egg-info/top_level.txt
[1.033s] reading manifest file 'custom_messages.egg-info/SOURCES.txt'
[1.035s] writing manifest file 'custom_messages.egg-info/SOURCES.txt'
[1.106s] [100%] Built target ament_cmake_python_build_custom_messages_egg
[1.119s] Invoked command in '/workspaces/drone_home-dev/drone-home/ros2_ws/build/custom_messages' returned '0': CMAKE_PREFIX_PATH=${CMAKE_PREFIX_PATH}:/workspaces/drone_home-dev/drone-home/ros2_ws/install/drone_home:/opt/ros/humble /usr/local/bin/cmake --build /workspaces/drone_home-dev/drone-home/ros2_ws/build/custom_messages -- -j6 -l6
[1.277s] Invoking command in '/workspaces/drone_home-dev/drone-home/ros2_ws/build/custom_messages': CMAKE_PREFIX_PATH=${CMAKE_PREFIX_PATH}:/workspaces/drone_home-dev/drone-home/ros2_ws/install/drone_home:/opt/ros/humble /usr/local/bin/cmake --install /workspaces/drone_home-dev/drone-home/ros2_ws/build/custom_messages
[1.432s] -- Install configuration: ""
[1.432s] -- Up-to-date: /workspaces/drone_home-dev/drone-home/ros2_ws/install/custom_messages/share/ament_index/resource_index/rosidl_interfaces/custom_messages
[1.432s] -- Up-to-date: /workspaces/drone_home-dev/drone-home/ros2_ws/install/custom_messages/include/custom_messages/custom_messages
[1.434s] -- Up-to-date: /workspaces/drone_home-dev/drone-home/ros2_ws/install/custom_messages/include/custom_messages/custom_messages/msg
[1.434s] -- Up-to-date: /workspaces/drone_home-dev/drone-home/ros2_ws/install/custom_messages/include/custom_messages/custom_messages/msg/cv.h
[1.435s] -- Up-to-date: /workspaces/drone_home-dev/drone-home/ros2_ws/install/custom_messages/include/custom_messages/custom_messages/msg/detail
[1.435s] -- Up-to-date: /workspaces/drone_home-dev/drone-home/ros2_ws/install/custom_messages/include/custom_messages/custom_messages/msg/detail/cv__type_support.h
[1.435s] -- Up-to-date: /workspaces/drone_home-dev/drone-home/ros2_ws/install/custom_messages/include/custom_messages/custom_messages/msg/detail/cv__struct.h
[1.435s] -- Up-to-date: /workspaces/drone_home-dev/drone-home/ros2_ws/install/custom_messages/include/custom_messages/custom_messages/msg/detail/cv__functions.c
[1.435s] -- Up-to-date: /workspaces/drone_home-dev/drone-home/ros2_ws/install/custom_messages/include/custom_messages/custom_messages/msg/detail/cv__functions.h
[1.435s] -- Up-to-date: /workspaces/drone_home-dev/drone-home/ros2_ws/install/custom_messages/include/custom_messages/custom_messages/msg/rosidl_generator_c__visibility_control.h
[1.435s] -- Up-to-date: /workspaces/drone_home-dev/drone-home/ros2_ws/install/custom_messages/share/custom_messages/environment/library_path.sh
[1.435s] -- Up-to-date: /workspaces/drone_home-dev/drone-home/ros2_ws/install/custom_messages/share/custom_messages/environment/library_path.dsv
[1.436s] -- Up-to-date: /workspaces/drone_home-dev/drone-home/ros2_ws/install/custom_messages/lib/libcustom_messages__rosidl_generator_c.so
[1.436s] -- Up-to-date: /workspaces/drone_home-dev/drone-home/ros2_ws/install/custom_messages/include/custom_messages/custom_messages
[1.436s] -- Up-to-date: /workspaces/drone_home-dev/drone-home/ros2_ws/install/custom_messages/include/custom_messages/custom_messages/msg
[1.436s] -- Up-to-date: /workspaces/drone_home-dev/drone-home/ros2_ws/install/custom_messages/include/custom_messages/custom_messages/msg/detail
[1.436s] -- Up-to-date: /workspaces/drone_home-dev/drone-home/ros2_ws/install/custom_messages/include/custom_messages/custom_messages/msg/detail/cv__rosidl_typesupport_fastrtps_c.h
[1.436s] -- Up-to-date: /workspaces/drone_home-dev/drone-home/ros2_ws/install/custom_messages/include/custom_messages/custom_messages/msg/rosidl_typesupport_fastrtps_c__visibility_control.h
[1.437s] -- Up-to-date: /workspaces/drone_home-dev/drone-home/ros2_ws/install/custom_messages/lib/libcustom_messages__rosidl_typesupport_fastrtps_c.so
[1.437s] -- Up-to-date: /workspaces/drone_home-dev/drone-home/ros2_ws/install/custom_messages/include/custom_messages/custom_messages
[1.437s] -- Up-to-date: /workspaces/drone_home-dev/drone-home/ros2_ws/install/custom_messages/include/custom_messages/custom_messages/msg
[1.437s] -- Up-to-date: /workspaces/drone_home-dev/drone-home/ros2_ws/install/custom_messages/include/custom_messages/custom_messages/msg/detail
[1.437s] -- Up-to-date: /workspaces/drone_home-dev/drone-home/ros2_ws/install/custom_messages/include/custom_messages/custom_messages/msg/detail/cv__rosidl_typesupport_introspection_c.h
[1.437s] -- Up-to-date: /workspaces/drone_home-dev/drone-home/ros2_ws/install/custom_messages/include/custom_messages/custom_messages/msg/detail/cv__type_support.c
[1.437s] -- Up-to-date: /workspaces/drone_home-dev/drone-home/ros2_ws/install/custom_messages/include/custom_messages/custom_messages/msg/rosidl_typesupport_introspection_c__visibility_control.h
[1.438s] -- Up-to-date: /workspaces/drone_home-dev/drone-home/ros2_ws/install/custom_messages/lib/libcustom_messages__rosidl_typesupport_introspection_c.so
[1.438s] -- Up-to-date: /workspaces/drone_home-dev/drone-home/ros2_ws/install/custom_messages/lib/libcustom_messages__rosidl_typesupport_c.so
[1.438s] -- Up-to-date: /workspaces/drone_home-dev/drone-home/ros2_ws/install/custom_messages/include/custom_messages/custom_messages
[1.438s] -- Up-to-date: /workspaces/drone_home-dev/drone-home/ros2_ws/install/custom_messages/include/custom_messages/custom_messages/msg
[1.438s] -- Up-to-date: /workspaces/drone_home-dev/drone-home/ros2_ws/install/custom_messages/include/custom_messages/custom_messages/msg/detail
[1.438s] -- Up-to-date: /workspaces/drone_home-dev/drone-home/ros2_ws/install/custom_messages/include/custom_messages/custom_messages/msg/detail/cv__traits.hpp
[1.438s] -- Up-to-date: /workspaces/drone_home-dev/drone-home/ros2_ws/install/custom_messages/include/custom_messages/custom_messages/msg/detail/cv__struct.hpp
[1.439s] -- Up-to-date: /workspaces/drone_home-dev/drone-home/ros2_ws/install/custom_messages/include/custom_messages/custom_messages/msg/detail/cv__builder.hpp
[1.439s] -- Up-to-date: /workspaces/drone_home-dev/drone-home/ros2_ws/install/custom_messages/include/custom_messages/custom_messages/msg/detail/cv__type_support.hpp
[1.439s] -- Up-to-date: /workspaces/drone_home-dev/drone-home/ros2_ws/install/custom_messages/include/custom_messages/custom_messages/msg/cv.hpp
[1.439s] -- Up-to-date: /workspaces/drone_home-dev/drone-home/ros2_ws/install/custom_messages/include/custom_messages/custom_messages/msg/rosidl_generator_cpp__visibility_control.hpp
[1.439s] -- Up-to-date: /workspaces/drone_home-dev/drone-home/ros2_ws/install/custom_messages/include/custom_messages/custom_messages
[1.439s] -- Up-to-date: /workspaces/drone_home-dev/drone-home/ros2_ws/install/custom_messages/include/custom_messages/custom_messages/msg
[1.440s] -- Up-to-date: /workspaces/drone_home-dev/drone-home/ros2_ws/install/custom_messages/include/custom_messages/custom_messages/msg/detail
[1.440s] -- Up-to-date: /workspaces/drone_home-dev/drone-home/ros2_ws/install/custom_messages/include/custom_messages/custom_messages/msg/detail/dds_fastrtps
[1.440s] -- Up-to-date: /workspaces/drone_home-dev/drone-home/ros2_ws/install/custom_messages/include/custom_messages/custom_messages/msg/detail/cv__rosidl_typesupport_fastrtps_cpp.hpp
[1.440s] -- Up-to-date: /workspaces/drone_home-dev/drone-home/ros2_ws/install/custom_messages/include/custom_messages/custom_messages/msg/rosidl_typesupport_fastrtps_cpp__visibility_control.h
[1.440s] -- Up-to-date: /workspaces/drone_home-dev/drone-home/ros2_ws/install/custom_messages/lib/libcustom_messages__rosidl_typesupport_fastrtps_cpp.so
[1.440s] -- Up-to-date: /workspaces/drone_home-dev/drone-home/ros2_ws/install/custom_messages/include/custom_messages/custom_messages
[1.440s] -- Up-to-date: /workspaces/drone_home-dev/drone-home/ros2_ws/install/custom_messages/include/custom_messages/custom_messages/msg
[1.440s] -- Up-to-date: /workspaces/drone_home-dev/drone-home/ros2_ws/install/custom_messages/include/custom_messages/custom_messages/msg/detail
[1.440s] -- Up-to-date: /workspaces/drone_home-dev/drone-home/ros2_ws/install/custom_messages/include/custom_messages/custom_messages/msg/detail/cv__type_support.cpp
[1.441s] -- Up-to-date: /workspaces/drone_home-dev/drone-home/ros2_ws/install/custom_messages/include/custom_messages/custom_messages/msg/detail/cv__rosidl_typesupport_introspection_cpp.hpp
[1.441s] -- Up-to-date: /workspaces/drone_home-dev/drone-home/ros2_ws/install/custom_messages/lib/libcustom_messages__rosidl_typesupport_introspection_cpp.so
[1.441s] -- Up-to-date: /workspaces/drone_home-dev/drone-home/ros2_ws/install/custom_messages/lib/libcustom_messages__rosidl_typesupport_cpp.so
[1.441s] -- Up-to-date: /workspaces/drone_home-dev/drone-home/ros2_ws/install/custom_messages/share/custom_messages/environment/pythonpath.sh
[1.441s] -- Up-to-date: /workspaces/drone_home-dev/drone-home/ros2_ws/install/custom_messages/share/custom_messages/environment/pythonpath.dsv
[1.441s] -- Up-to-date: /workspaces/drone_home-dev/drone-home/ros2_ws/install/custom_messages/local/lib/python3.10/dist-packages/custom_messages-0.0.0-py3.10.egg-info
[1.441s] -- Installing: /workspaces/drone_home-dev/drone-home/ros2_ws/install/custom_messages/local/lib/python3.10/dist-packages/custom_messages-0.0.0-py3.10.egg-info/top_level.txt
[1.441s] -- Installing: /workspaces/drone_home-dev/drone-home/ros2_ws/install/custom_messages/local/lib/python3.10/dist-packages/custom_messages-0.0.0-py3.10.egg-info/SOURCES.txt
[1.441s] -- Installing: /workspaces/drone_home-dev/drone-home/ros2_ws/install/custom_messages/local/lib/python3.10/dist-packages/custom_messages-0.0.0-py3.10.egg-info/PKG-INFO
[1.442s] -- Installing: /workspaces/drone_home-dev/drone-home/ros2_ws/install/custom_messages/local/lib/python3.10/dist-packages/custom_messages-0.0.0-py3.10.egg-info/dependency_links.txt
[1.442s] -- Up-to-date: /workspaces/drone_home-dev/drone-home/ros2_ws/install/custom_messages/local/lib/python3.10/dist-packages/custom_messages
[1.442s] -- Up-to-date: /workspaces/drone_home-dev/drone-home/ros2_ws/install/custom_messages/local/lib/python3.10/dist-packages/custom_messages/_custom_messages_s.ep.rosidl_typesupport_c.c
[1.442s] -- Up-to-date: /workspaces/drone_home-dev/drone-home/ros2_ws/install/custom_messages/local/lib/python3.10/dist-packages/custom_messages/__init__.py
[1.442s] -- Up-to-date: /workspaces/drone_home-dev/drone-home/ros2_ws/install/custom_messages/local/lib/python3.10/dist-packages/custom_messages/_custom_messages_s.ep.rosidl_typesupport_introspection_c.c
[1.442s] -- Up-to-date: /workspaces/drone_home-dev/drone-home/ros2_ws/install/custom_messages/local/lib/python3.10/dist-packages/custom_messages/_custom_messages_s.ep.rosidl_typesupport_fastrtps_c.c
[1.442s] -- Up-to-date: /workspaces/drone_home-dev/drone-home/ros2_ws/install/custom_messages/local/lib/python3.10/dist-packages/custom_messages/libcustom_messages__rosidl_generator_py.so
[1.442s] -- Up-to-date: /workspaces/drone_home-dev/drone-home/ros2_ws/install/custom_messages/local/lib/python3.10/dist-packages/custom_messages/custom_messages_s__rosidl_typesupport_fastrtps_c.cpython-310-aarch64-linux-gnu.so
[1.442s] -- Up-to-date: /workspaces/drone_home-dev/drone-home/ros2_ws/install/custom_messages/local/lib/python3.10/dist-packages/custom_messages/msg
[1.443s] -- Up-to-date: /workspaces/drone_home-dev/drone-home/ros2_ws/install/custom_messages/local/lib/python3.10/dist-packages/custom_messages/msg/__init__.py
[1.443s] -- Up-to-date: /workspaces/drone_home-dev/drone-home/ros2_ws/install/custom_messages/local/lib/python3.10/dist-packages/custom_messages/msg/_cv_s.c
[1.443s] -- Up-to-date: /workspaces/drone_home-dev/drone-home/ros2_ws/install/custom_messages/local/lib/python3.10/dist-packages/custom_messages/msg/_cv.py
[1.443s] -- Up-to-date: /workspaces/drone_home-dev/drone-home/ros2_ws/install/custom_messages/local/lib/python3.10/dist-packages/custom_messages/custom_messages_s__rosidl_typesupport_c.cpython-310-aarch64-linux-gnu.so
[1.443s] -- Up-to-date: /workspaces/drone_home-dev/drone-home/ros2_ws/install/custom_messages/local/lib/python3.10/dist-packages/custom_messages/custom_messages_s__rosidl_typesupport_introspection_c.cpython-310-aarch64-linux-gnu.so
[1.508s] Listing '/workspaces/drone_home-dev/drone-home/ros2_ws/install/custom_messages/local/lib/python3.10/dist-packages/custom_messages'...
[1.508s] Listing '/workspaces/drone_home-dev/drone-home/ros2_ws/install/custom_messages/local/lib/python3.10/dist-packages/custom_messages/msg'...
[1.520s] -- Up-to-date: /workspaces/drone_home-dev/drone-home/ros2_ws/install/custom_messages/local/lib/python3.10/dist-packages/custom_messages/custom_messages_s__rosidl_typesupport_fastrtps_c.cpython-310-aarch64-linux-gnu.so
[1.520s] -- Up-to-date: /workspaces/drone_home-dev/drone-home/ros2_ws/install/custom_messages/local/lib/python3.10/dist-packages/custom_messages/custom_messages_s__rosidl_typesupport_introspection_c.cpython-310-aarch64-linux-gnu.so
[1.520s] -- Up-to-date: /workspaces/drone_home-dev/drone-home/ros2_ws/install/custom_messages/local/lib/python3.10/dist-packages/custom_messages/custom_messages_s__rosidl_typesupport_c.cpython-310-aarch64-linux-gnu.so
[1.521s] -- Up-to-date: /workspaces/drone_home-dev/drone-home/ros2_ws/install/custom_messages/lib/libcustom_messages__rosidl_generator_py.so
[1.521s] -- Up-to-date: /workspaces/drone_home-dev/drone-home/ros2_ws/install/custom_messages/share/custom_messages/msg/CV.idl
[1.524s] -- Up-to-date: /workspaces/drone_home-dev/drone-home/ros2_ws/install/custom_messages/share/custom_messages/msg/CV.msg
[1.524s] -- Up-to-date: /workspaces/drone_home-dev/drone-home/ros2_ws/install/custom_messages/share/ament_index/resource_index/package_run_dependencies/custom_messages
[1.525s] -- Up-to-date: /workspaces/drone_home-dev/drone-home/ros2_ws/install/custom_messages/share/ament_index/resource_index/parent_prefix_path/custom_messages
[1.525s] -- Up-to-date: /workspaces/drone_home-dev/drone-home/ros2_ws/install/custom_messages/share/custom_messages/environment/ament_prefix_path.sh
[1.525s] -- Up-to-date: /workspaces/drone_home-dev/drone-home/ros2_ws/install/custom_messages/share/custom_messages/environment/ament_prefix_path.dsv
[1.525s] -- Up-to-date: /workspaces/drone_home-dev/drone-home/ros2_ws/install/custom_messages/share/custom_messages/environment/path.sh
[1.525s] -- Up-to-date: /workspaces/drone_home-dev/drone-home/ros2_ws/install/custom_messages/share/custom_messages/environment/path.dsv
[1.526s] -- Up-to-date: /workspaces/drone_home-dev/drone-home/ros2_ws/install/custom_messages/share/custom_messages/local_setup.bash
[1.526s] -- Up-to-date: /workspaces/drone_home-dev/drone-home/ros2_ws/install/custom_messages/share/custom_messages/local_setup.sh
[1.526s] -- Up-to-date: /workspaces/drone_home-dev/drone-home/ros2_ws/install/custom_messages/share/custom_messages/local_setup.zsh
[1.526s] -- Up-to-date: /workspaces/drone_home-dev/drone-home/ros2_ws/install/custom_messages/share/custom_messages/local_setup.dsv
[1.526s] -- Installing: /workspaces/drone_home-dev/drone-home/ros2_ws/install/custom_messages/share/custom_messages/package.dsv
[1.526s] -- Up-to-date: /workspaces/drone_home-dev/drone-home/ros2_ws/install/custom_messages/share/ament_index/resource_index/packages/custom_messages
[1.527s] -- Up-to-date: /workspaces/drone_home-dev/drone-home/ros2_ws/install/custom_messages/share/custom_messages/cmake/export_custom_messages__rosidl_generator_cExport.cmake
[1.527s] -- Up-to-date: /workspaces/drone_home-dev/drone-home/ros2_ws/install/custom_messages/share/custom_messages/cmake/export_custom_messages__rosidl_generator_cExport-noconfig.cmake
[1.527s] -- Up-to-date: /workspaces/drone_home-dev/drone-home/ros2_ws/install/custom_messages/share/custom_messages/cmake/export_custom_messages__rosidl_typesupport_fastrtps_cExport.cmake
[1.527s] -- Up-to-date: /workspaces/drone_home-dev/drone-home/ros2_ws/install/custom_messages/share/custom_messages/cmake/export_custom_messages__rosidl_typesupport_fastrtps_cExport-noconfig.cmake
[1.527s] -- Up-to-date: /workspaces/drone_home-dev/drone-home/ros2_ws/install/custom_messages/share/custom_messages/cmake/custom_messages__rosidl_typesupport_introspection_cExport.cmake
[1.528s] -- Up-to-date: /workspaces/drone_home-dev/drone-home/ros2_ws/install/custom_messages/share/custom_messages/cmake/custom_messages__rosidl_typesupport_introspection_cExport-noconfig.cmake
[1.528s] -- Up-to-date: /workspaces/drone_home-dev/drone-home/ros2_ws/install/custom_messages/share/custom_messages/cmake/custom_messages__rosidl_typesupport_cExport.cmake
[1.528s] -- Up-to-date: /workspaces/drone_home-dev/drone-home/ros2_ws/install/custom_messages/share/custom_messages/cmake/custom_messages__rosidl_typesupport_cExport-noconfig.cmake
[1.528s] -- Up-to-date: /workspaces/drone_home-dev/drone-home/ros2_ws/install/custom_messages/share/custom_messages/cmake/export_custom_messages__rosidl_generator_cppExport.cmake
[1.528s] -- Up-to-date: /workspaces/drone_home-dev/drone-home/ros2_ws/install/custom_messages/share/custom_messages/cmake/export_custom_messages__rosidl_typesupport_fastrtps_cppExport.cmake
[1.528s] -- Up-to-date: /workspaces/drone_home-dev/drone-home/ros2_ws/install/custom_messages/share/custom_messages/cmake/export_custom_messages__rosidl_typesupport_fastrtps_cppExport-noconfig.cmake
[1.528s] -- Up-to-date: /workspaces/drone_home-dev/drone-home/ros2_ws/install/custom_messages/share/custom_messages/cmake/custom_messages__rosidl_typesupport_introspection_cppExport.cmake
[1.529s] -- Up-to-date: /workspaces/drone_home-dev/drone-home/ros2_ws/install/custom_messages/share/custom_messages/cmake/custom_messages__rosidl_typesupport_introspection_cppExport-noconfig.cmake
[1.529s] -- Up-to-date: /workspaces/drone_home-dev/drone-home/ros2_ws/install/custom_messages/share/custom_messages/cmake/custom_messages__rosidl_typesupport_cppExport.cmake
[1.529s] -- Up-to-date: /workspaces/drone_home-dev/drone-home/ros2_ws/install/custom_messages/share/custom_messages/cmake/custom_messages__rosidl_typesupport_cppExport-noconfig.cmake
[1.529s] -- Up-to-date: /workspaces/drone_home-dev/drone-home/ros2_ws/install/custom_messages/share/custom_messages/cmake/export_custom_messages__rosidl_generator_pyExport.cmake
[1.529s] -- Up-to-date: /workspaces/drone_home-dev/drone-home/ros2_ws/install/custom_messages/share/custom_messages/cmake/export_custom_messages__rosidl_generator_pyExport-noconfig.cmake
[1.529s] -- Up-to-date: /workspaces/drone_home-dev/drone-home/ros2_ws/install/custom_messages/share/custom_messages/cmake/rosidl_cmake-extras.cmake
[1.529s] -- Up-to-date: /workspaces/drone_home-dev/drone-home/ros2_ws/install/custom_messages/share/custom_messages/cmake/ament_cmake_export_include_directories-extras.cmake
[1.529s] -- Up-to-date: /workspaces/drone_home-dev/drone-home/ros2_ws/install/custom_messages/share/custom_messages/cmake/ament_cmake_export_libraries-extras.cmake
[1.530s] -- Up-to-date: /workspaces/drone_home-dev/drone-home/ros2_ws/install/custom_messages/share/custom_messages/cmake/ament_cmake_export_targets-extras.cmake
[1.530s] -- Up-to-date: /workspaces/drone_home-dev/drone-home/ros2_ws/install/custom_messages/share/custom_messages/cmake/rosidl_cmake_export_typesupport_targets-extras.cmake
[1.530s] -- Up-to-date: /workspaces/drone_home-dev/drone-home/ros2_ws/install/custom_messages/share/custom_messages/cmake/ament_cmake_export_dependencies-extras.cmake
[1.530s] -- Up-to-date: /workspaces/drone_home-dev/drone-home/ros2_ws/install/custom_messages/share/custom_messages/cmake/rosidl_cmake_export_typesupport_libraries-extras.cmake
[1.530s] -- Up-to-date: /workspaces/drone_home-dev/drone-home/ros2_ws/install/custom_messages/share/custom_messages/cmake/custom_messagesConfig.cmake
[1.530s] -- Up-to-date: /workspaces/drone_home-dev/drone-home/ros2_ws/install/custom_messages/share/custom_messages/cmake/custom_messagesConfig-version.cmake
[1.530s] -- Up-to-date: /workspaces/drone_home-dev/drone-home/ros2_ws/install/custom_messages/share/custom_messages/package.xml
[1.534s] Invoked command in '/workspaces/drone_home-dev/drone-home/ros2_ws/build/custom_messages' returned '0': CMAKE_PREFIX_PATH=${CMAKE_PREFIX_PATH}:/workspaces/drone_home-dev/drone-home/ros2_ws/install/drone_home:/opt/ros/humble /usr/local/bin/cmake --install /workspaces/drone_home-dev/drone-home/ros2_ws/build/custom_messages
