running egg_info
creating ../../build/drone_home/drone_home.egg-info
writing ../../build/drone_home/drone_home.egg-info/PKG-INFO
writing dependency_links to ../../build/drone_home/drone_home.egg-info/dependency_links.txt
writing entry points to ../../build/drone_home/drone_home.egg-info/entry_points.txt
writing requirements to ../../build/drone_home/drone_home.egg-info/requires.txt
writing top-level names to ../../build/drone_home/drone_home.egg-info/top_level.txt
writing manifest file '../../build/drone_home/drone_home.egg-info/SOURCES.txt'
reading manifest file '../../build/drone_home/drone_home.egg-info/SOURCES.txt'
writing manifest file '../../build/drone_home/drone_home.egg-info/SOURCES.txt'
running build
running build_py
creating /home/pi/ros2_ws/build/drone_home/build
creating /home/pi/ros2_ws/build/drone_home/build/lib
creating /home/pi/ros2_ws/build/drone_home/build/lib/drone_home
copying drone_home/__init__.py -> /home/pi/ros2_ws/build/drone_home/build/lib/drone_home
copying drone_home/imu_publisher.py -> /home/pi/ros2_ws/build/drone_home/build/lib/drone_home
running install
running install_lib
creating /home/pi/ros2_ws/install/drone_home/lib/python3.12/site-packages/drone_home
copying /home/pi/ros2_ws/build/drone_home/build/lib/drone_home/__init__.py -> /home/pi/ros2_ws/install/drone_home/lib/python3.12/site-packages/drone_home
copying /home/pi/ros2_ws/build/drone_home/build/lib/drone_home/imu_publisher.py -> /home/pi/ros2_ws/install/drone_home/lib/python3.12/site-packages/drone_home
byte-compiling /home/pi/ros2_ws/install/drone_home/lib/python3.12/site-packages/drone_home/__init__.py to __init__.cpython-312.pyc
byte-compiling /home/pi/ros2_ws/install/drone_home/lib/python3.12/site-packages/drone_home/imu_publisher.py to imu_publisher.cpython-312.pyc
running install_data
creating /home/pi/ros2_ws/install/drone_home/share/ament_index
creating /home/pi/ros2_ws/install/drone_home/share/ament_index/resource_index
creating /home/pi/ros2_ws/install/drone_home/share/ament_index/resource_index/packages
copying resource/drone_home -> /home/pi/ros2_ws/install/drone_home/share/ament_index/resource_index/packages
copying package.xml -> /home/pi/ros2_ws/install/drone_home/share/drone_home
running install_egg_info
Copying ../../build/drone_home/drone_home.egg-info to /home/pi/ros2_ws/install/drone_home/lib/python3.12/site-packages/drone_home-0.0.0-py3.12.egg-info
running install_scripts
Installing imu_publisher script to /home/pi/ros2_ws/install/drone_home/lib/drone_home
writing list of installed files to '/home/pi/ros2_ws/build/drone_home/install.log'
