/workspaces/isaac_ros-dev/install/Jetson.GPIO/lib/python3.10/site-packages/Jetson/__init__.py
/workspaces/isaac_ros-dev/install/Jetson.GPIO/lib/python3.10/site-packages/Jetson/GPIO/gpio.py
/workspaces/isaac_ros-dev/install/Jetson.GPIO/lib/python3.10/site-packages/Jetson/GPIO/__init__.py
/workspaces/isaac_ros-dev/install/Jetson.GPIO/lib/python3.10/site-packages/Jetson/GPIO/gpio_pin_data.py
/workspaces/isaac_ros-dev/install/Jetson.GPIO/lib/python3.10/site-packages/Jetson/GPIO/gpio_cdev.py
/workspaces/isaac_ros-dev/install/Jetson.GPIO/lib/python3.10/site-packages/Jetson/GPIO/gpio_event.py
/workspaces/isaac_ros-dev/install/Jetson.GPIO/lib/python3.10/site-packages/RPi/__init__.py
/workspaces/isaac_ros-dev/install/Jetson.GPIO/lib/python3.10/site-packages/RPi/GPIO/__init__.py
/workspaces/isaac_ros-dev/install/Jetson.GPIO/lib/python3.10/site-packages/Jetson/GPIO/99-gpio.rules
/workspaces/isaac_ros-dev/install/Jetson.GPIO/lib/python3.10/site-packages/Jetson/__pycache__/__init__.cpython-310.pyc
/workspaces/isaac_ros-dev/install/Jetson.GPIO/lib/python3.10/site-packages/Jetson/GPIO/__pycache__/gpio.cpython-310.pyc
/workspaces/isaac_ros-dev/install/Jetson.GPIO/lib/python3.10/site-packages/Jetson/GPIO/__pycache__/__init__.cpython-310.pyc
/workspaces/isaac_ros-dev/install/Jetson.GPIO/lib/python3.10/site-packages/Jetson/GPIO/__pycache__/gpio_pin_data.cpython-310.pyc
/workspaces/isaac_ros-dev/install/Jetson.GPIO/lib/python3.10/site-packages/Jetson/GPIO/__pycache__/gpio_cdev.cpython-310.pyc
/workspaces/isaac_ros-dev/install/Jetson.GPIO/lib/python3.10/site-packages/Jetson/GPIO/__pycache__/gpio_event.cpython-310.pyc
/workspaces/isaac_ros-dev/install/Jetson.GPIO/lib/python3.10/site-packages/RPi/__pycache__/__init__.cpython-310.pyc
/workspaces/isaac_ros-dev/install/Jetson.GPIO/lib/python3.10/site-packages/RPi/GPIO/__pycache__/__init__.cpython-310.pyc
/workspaces/isaac_ros-dev/install/Jetson.GPIO/lib/python3.10/site-packages/Jetson.GPIO-2.1.6-py3.10.egg-info/top_level.txt
/workspaces/isaac_ros-dev/install/Jetson.GPIO/lib/python3.10/site-packages/Jetson.GPIO-2.1.6-py3.10.egg-info/SOURCES.txt
/workspaces/isaac_ros-dev/install/Jetson.GPIO/lib/python3.10/site-packages/Jetson.GPIO-2.1.6-py3.10.egg-info/PKG-INFO
/workspaces/isaac_ros-dev/install/Jetson.GPIO/lib/python3.10/site-packages/Jetson.GPIO-2.1.6-py3.10.egg-info/dependency_links.txt
