[0.000000] (-) TimerEvent: {}
[0.000547] (drone_home) JobQueued: {'identifier': 'drone_home', 'dependencies': OrderedDict()}
[0.001015] (drone_home) JobStarted: {'identifier': 'drone_home'}
[0.099576] (-) TimerEvent: {}
[0.200142] (-) TimerEvent: {}
[0.300720] (-) TimerEvent: {}
[0.401288] (-) TimerEvent: {}
[0.501862] (-) TimerEvent: {}
[0.602442] (-) TimerEvent: {}
[0.703084] (-) TimerEvent: {}
[0.803656] (-) TimerEvent: {}
[0.904212] (-) TimerEvent: {}
[1.004755] (-) TimerEvent: {}
[1.105313] (-) TimerEvent: {}
[1.205871] (-) TimerEvent: {}
[1.306421] (-) TimerEvent: {}
[1.407034] (-) TimerEvent: {}
[1.507635] (-) TimerEvent: {}
[1.608174] (-) TimerEvent: {}
[1.708726] (-) TimerEvent: {}
[1.809299] (-) TimerEvent: {}
[1.909973] (-) TimerEvent: {}
[1.917688] (drone_home) Command: {'cmd': ['/usr/bin/python3', '-W', 'ignore:setup.py install is deprecated', 'setup.py', 'egg_info', '--egg-base', '../../build/drone_home', 'build', '--build-base', '/workspaces/isaac_ros-dev/drone-home/ros2_ws/build/drone_home/build', 'install', '--record', '/workspaces/isaac_ros-dev/drone-home/ros2_ws/build/drone_home/install.log', '--single-version-externally-managed', 'install_data'], 'cwd': '/workspaces/isaac_ros-dev/drone-home/ros2_ws/src/drone_home', 'env': {'SUDO_GID': '1000', 'MAIL': '/var/mail/root', 'USER': 'root', 'HOSTNAME': 'drone-home', 'HOME': '/root', 'SUDO_UID': '1000', 'LOGNAME': 'root', 'TERM': 'xterm', 'PATH': '/usr/local/sbin:/usr/local/bin:/usr/sbin:/usr/bin:/sbin:/bin:/snap/bin', 'LANG': 'en_US.UTF-8', 'SUDO_COMMAND': '/usr/bin/colcon build', 'SHELL': '/bin/bash', 'SUDO_USER': 'admin', 'LC_ALL': 'en_US.UTF-8', 'PWD': '/workspaces/isaac_ros-dev/drone-home/ros2_ws/build/drone_home', 'COLCON': '1', 'PYTHONPATH': '/workspaces/isaac_ros-dev/drone-home/ros2_ws/build/drone_home/prefix_override:/usr/lib/python3/dist-packages/colcon_core/task/python/colcon_distutils_commands:/workspaces/isaac_ros-dev/drone-home/ros2_ws/install/drone_home/lib/python3.10/site-packages:'}, 'shell': False}
[2.010116] (-) TimerEvent: {}
[2.110696] (-) TimerEvent: {}
[2.211292] (-) TimerEvent: {}
[2.311836] (-) TimerEvent: {}
[2.412387] (-) TimerEvent: {}
[2.512961] (-) TimerEvent: {}
[2.592555] (drone_home) StdoutLine: {'line': b'running egg_info\n'}
[2.613059] (-) TimerEvent: {}
[2.618429] (drone_home) StdoutLine: {'line': b'writing ../../build/drone_home/drone_home.egg-info/PKG-INFO\n'}
[2.619034] (drone_home) StdoutLine: {'line': b'writing dependency_links to ../../build/drone_home/drone_home.egg-info/dependency_links.txt\n'}
[2.619544] (drone_home) StdoutLine: {'line': b'writing entry points to ../../build/drone_home/drone_home.egg-info/entry_points.txt\n'}
[2.619910] (drone_home) StdoutLine: {'line': b'writing requirements to ../../build/drone_home/drone_home.egg-info/requires.txt\n'}
[2.620198] (drone_home) StdoutLine: {'line': b'writing top-level names to ../../build/drone_home/drone_home.egg-info/top_level.txt\n'}
[2.713176] (-) TimerEvent: {}
[2.813738] (-) TimerEvent: {}
[2.914495] (-) TimerEvent: {}
[3.015307] (-) TimerEvent: {}
[3.116051] (-) TimerEvent: {}
[3.216689] (-) TimerEvent: {}
[3.316556] (drone_home) StdoutLine: {'line': b"writing manifest file '../../build/drone_home/drone_home.egg-info/SOURCES.txt'\n"}
[3.317227] (-) TimerEvent: {}
[3.317554] (drone_home) StdoutLine: {'line': b'running build\n'}
[3.317828] (drone_home) StdoutLine: {'line': b'running build_py\n'}
[3.319275] (drone_home) StdoutLine: {'line': b'running install\n'}
[3.332576] (drone_home) StdoutLine: {'line': b'running install_lib\n'}
[3.364441] (drone_home) StdoutLine: {'line': b'running install_data\n'}
[3.364820] (drone_home) StdoutLine: {'line': b'running install_egg_info\n'}
[3.389864] (drone_home) StdoutLine: {'line': b"removing '/workspaces/isaac_ros-dev/drone-home/ros2_ws/install/drone_home/lib/python3.10/site-packages/drone_home-0.0.0-py3.10.egg-info' (and everything under it)\n"}
[3.390589] (drone_home) StdoutLine: {'line': b'Copying ../../build/drone_home/drone_home.egg-info to /workspaces/isaac_ros-dev/drone-home/ros2_ws/install/drone_home/lib/python3.10/site-packages/drone_home-0.0.0-py3.10.egg-info\n'}
[3.392333] (drone_home) StdoutLine: {'line': b'running install_scripts\n'}
[3.417334] (-) TimerEvent: {}
[3.495807] (drone_home) StdoutLine: {'line': b'Installing controller script to /workspaces/isaac_ros-dev/drone-home/ros2_ws/install/drone_home/lib/drone_home\n'}
[3.496336] (drone_home) StdoutLine: {'line': b'Installing drive_hardware script to /workspaces/isaac_ros-dev/drone-home/ros2_ws/install/drone_home/lib/drone_home\n'}
[3.496648] (drone_home) StdoutLine: {'line': b'Installing drive_publisher script to /workspaces/isaac_ros-dev/drone-home/ros2_ws/install/drone_home/lib/drone_home\n'}
[3.496891] (drone_home) StdoutLine: {'line': b'Installing imu_publisher script to /workspaces/isaac_ros-dev/drone-home/ros2_ws/install/drone_home/lib/drone_home\n'}
[3.497090] (drone_home) StdoutLine: {'line': b'Installing visualization script to /workspaces/isaac_ros-dev/drone-home/ros2_ws/install/drone_home/lib/drone_home\n'}
[3.497859] (drone_home) StdoutLine: {'line': b"writing list of installed files to '/workspaces/isaac_ros-dev/drone-home/ros2_ws/build/drone_home/install.log'\n"}
[3.517473] (-) TimerEvent: {}
[3.609982] (drone_home) CommandEnded: {'returncode': 0}
[3.617635] (-) TimerEvent: {}
[3.648648] (drone_home) JobEnded: {'identifier': 'drone_home', 'rc': 0}
[3.650870] (-) EventReactorShutdown: {}
